kernel_name = _Z7contribiPfPiS_ 
kernel_launch_uid = 1 

Kernel Average Power Data:
kernel_avg_power = 94.1706
gpu_avg_IBP, = 0.104947
gpu_avg_ICP, = 0
gpu_avg_DCP, = 2.46672
gpu_avg_TCP, = 0
gpu_avg_CCP, = 0
gpu_avg_SHRDP, = 0
gpu_avg_RFP, = 4.74307
gpu_avg_INTP, = 1.6477
gpu_avg_FPUP, = 0.237664
gpu_avg_DPUP, = 0
gpu_avg_INT_MUL24P, = 0
gpu_avg_INT_MUL32P, = 1.84114
gpu_avg_INT_MULP, = 0
gpu_avg_INT_DIVP, = 0
gpu_avg_FP_MULP, = 0
gpu_avg_FP_DIVP, = 0.920426
gpu_avg_FP_SQRTP, = 0
gpu_avg_FP_LGP, = 0
gpu_avg_FP_SINP, = 0
gpu_avg_FP_EXP, = 0
gpu_avg_DP_MULP, = 0
gpu_avg_DP_DIVP, = 0
gpu_avg_TENSORP, = 0
gpu_avg_TEXP, = 0
gpu_avg_SCHEDP, = 0.296172
gpu_avg_L2CP, = 0.460536
gpu_avg_MCP, = 1.63651
gpu_avg_NOCP, = 1.53581
gpu_avg_DRAMP, = 12.1721
gpu_avg_PIPEP, = 0.267515
gpu_avg_IDLE_COREP, = 1.4371
gpu_avg_CONSTP = 32.3252
gpu_avg_STATICP = 32.078
gpu_avg_TOT_INST, = 13079.2
gpu_avg_FP_INT, = 12534.3
gpu_avg_IC_H, = 0
gpu_avg_IC_M, = 0
gpu_avg_DC_RH, = 0
gpu_avg_DC_RM, = 4358.77
gpu_avg_DC_WH, = 0
gpu_avg_DC_WM, = 2178.48
gpu_avg_TC_H, = 0
gpu_avg_TC_M, = 0
gpu_avg_CC_H, = 0
gpu_avg_CC_M, = 0
gpu_avg_SHRD_ACC, = 0
gpu_avg_REG_RD, = 383615
gpu_avg_REG_WR, = 383027
gpu_avg_NON_REG_OPs, = 174395
gpu_avg_INT_ACC, = 2.6135e+06
gpu_avg_FPU_ACC, = 9235.02
gpu_avg_DPU_ACC, = 0
gpu_avg_INT_MUL24_ACC, = 0
gpu_avg_INT_MUL32_ACC, = 34876.7
gpu_avg_INT_MUL_ACC, = 0
gpu_avg_INT_DIV_ACC, = 0
gpu_avg_FP_MUL_ACC, = 0
gpu_avg_FP_DIV_ACC, = 17435.6
gpu_avg_FP_SQRT_ACC, = 0
gpu_avg_FP_LG_ACC, = 0
gpu_avg_FP_SIN_ACC, = 0
gpu_avg_FP_EXP_ACC, = 0
gpu_avg_DP_MUL_ACC, = 0
gpu_avg_DP_DIV_ACC, = 0
gpu_avg_TENSOR_ACC, = 0
gpu_avg_TEX_ACC, = 0
gpu_avg_MEM_RD, = 3806.65
gpu_avg_MEM_WR, = 1112.52
gpu_avg_MEM_PRE, = 79.5806
gpu_avg_L2_RH, = 552.129
gpu_avg_L2_RM, = 3806.65
gpu_avg_L2_WH, = 0
gpu_avg_L2_WM, = 2171.94
gpu_avg_NOC_A, = 13067.5
gpu_avg_PIPE_A, = 0.0522242
gpu_avg_IDLE_CORE_N, = 5.08184
gpu_avg_constant_power = 0
gpu_avg_threads_per_warp = 26.8341
gpu_tot_TOT_INST, = 405454
gpu_tot_FP_INT, = 388563
gpu_tot_IC_H, = 0
gpu_tot_IC_M, = 0
gpu_tot_DC_RH, = 0
gpu_tot_DC_RM, = 135122
gpu_tot_DC_WH, = 0
gpu_tot_DC_WM, = 67533
gpu_tot_TC_H, = 0
gpu_tot_TC_M, = 0
gpu_tot_CC_H, = 0
gpu_tot_CC_M, = 0
gpu_tot_SHRD_ACC, = 0
gpu_tot_REG_RD, = 1.18921e+07
gpu_tot_REG_WR, = 1.18738e+07
gpu_tot_NON_REG_OPs, = 5.40624e+06
gpu_tot_INT_ACC, = 8.10186e+07
gpu_tot_FPU_ACC, = 286286
gpu_tot_DPU_ACC, = 0
gpu_tot_INT_MUL24_ACC, = 0
gpu_tot_INT_MUL32_ACC, = 1.08118e+06
gpu_tot_INT_MUL_ACC, = 0
gpu_tot_INT_DIV_ACC, = 0
gpu_tot_FP_MUL_ACC, = 0
gpu_tot_FP_DIV_ACC, = 540505
gpu_tot_FP_SQRT_ACC, = 0
gpu_tot_FP_LG_ACC, = 0
gpu_tot_FP_SIN_ACC, = 0
gpu_tot_FP_EXP_ACC, = 0
gpu_tot_DP_MUL_ACC, = 0
gpu_tot_DP_DIV_ACC, = 0
gpu_tot_TENSOR_ACC, = 0
gpu_tot_TEX_ACC, = 0
gpu_tot_MEM_RD, = 118006
gpu_tot_MEM_WR, = 34488
gpu_tot_MEM_PRE, = 2467
gpu_tot_L2_RH, = 17116
gpu_tot_L2_RM, = 118006
gpu_tot_L2_WH, = 0
gpu_tot_L2_WM, = 67330
gpu_tot_NOC_A, = 405094
gpu_tot_PIPE_A, = 1.61895
gpu_tot_IDLE_CORE_N, = 157.537
gpu_tot_constant_power = 0

Kernel Maximum Power Data:
kernel_max_power = 108.698
gpu_max_IBP, = 0.13315
gpu_max_ICP, = 0
gpu_max_DCP, = 3.37174
gpu_max_TCP, = 0
gpu_max_CCP, = 0
gpu_max_SHRDP, = 0
gpu_max_RFP, = 6.10806
gpu_max_INTP, = 2.13594
gpu_max_FPUP, = 0.353319
gpu_max_DPUP, = 0
gpu_max_INT_MUL24P, = 0
gpu_max_INT_MUL32P, = 2.42073
gpu_max_INT_MULP, = 0
gpu_max_INT_DIVP, = 0
gpu_max_FP_MULP, = 0
gpu_max_FP_DIVP, = 1.18587
gpu_max_FP_SQRTP, = 0
gpu_max_FP_LGP, = 0
gpu_max_FP_SINP, = 0
gpu_max_FP_EXP, = 0
gpu_max_DP_MULP, = 0
gpu_max_DP_DIVP, = 0
gpu_max_TENSORP, = 0
gpu_max_TEXP, = 0
gpu_max_SCHEDP, = 0.373077
gpu_max_L2CP, = 0.422874
gpu_max_MCP, = 1.92943
gpu_max_NOCP, = 2.01925
gpu_max_DRAMP, = 16.9564
gpu_max_PIPEP, = 0.34299
gpu_max_IDLE_COREP, = 0
gpu_max_CONSTP = 32.3252
gpu_max_STATICP = 38.6201
gpu_max_TOT_INST, = 16594
gpu_max_FP_INT, = 15789
gpu_max_IC_H, = 0
gpu_max_IC_M, = 0
gpu_max_DC_RH, = 0
gpu_max_DC_RM, = 6496
gpu_max_DC_WH, = 0
gpu_max_DC_WM, = 2420
gpu_max_TC_H, = 0
gpu_max_TC_M, = 0
gpu_max_CC_H, = 0
gpu_max_CC_M, = 0
gpu_max_SHRD_ACC, = 0
gpu_max_REG_RD, = 506304
gpu_max_REG_WR, = 512288
gpu_max_NON_REG_OPs, = 217248
gpu_max_INT_ACC, = 3.38794e+06
gpu_max_FPU_ACC, = 13729.1
gpu_max_DPU_ACC, = 0
gpu_max_INT_MUL24_ACC, = 0
gpu_max_INT_MUL32_ACC, = 45856
gpu_max_INT_MUL_ACC, = 0
gpu_max_INT_DIV_ACC, = 0
gpu_max_FP_MUL_ACC, = 0
gpu_max_FP_DIV_ACC, = 22464
gpu_max_FP_SQRT_ACC, = 0
gpu_max_FP_LG_ACC, = 0
gpu_max_FP_SIN_ACC, = 0
gpu_max_FP_EXP_ACC, = 0
gpu_max_DP_MUL_ACC, = 0
gpu_max_DP_DIV_ACC, = 0
gpu_max_TENSOR_ACC, = 0
gpu_max_TEX_ACC, = 0
gpu_max_MEM_RD, = 6052
gpu_max_MEM_WR, = 192
gpu_max_MEM_PRE, = 137
gpu_max_L2_RH, = 0
gpu_max_L2_RM, = 6848
gpu_max_L2_WH, = 0
gpu_max_L2_WM, = 2147
gpu_max_NOC_A, = 17181
gpu_max_PIPE_A, = 0.0669583
gpu_max_IDLE_CORE_N, = 0
gpu_max_constant_power = 0

Kernel Minimum Power Data:
kernel_min_power = 41.3592
gpu_min_IBP, = 0
gpu_min_ICP, = 0
gpu_min_DCP, = 0
gpu_min_TCP, = 0
gpu_min_CCP, = 0
gpu_min_SHRDP, = 0
gpu_min_RFP, = 0
gpu_min_INTP, = 0
gpu_min_FPUP, = 0
gpu_min_DPUP, = 0
gpu_min_INT_MUL24P, = 0
gpu_min_INT_MUL32P, = 0
gpu_min_INT_MULP, = 0
gpu_min_INT_DIVP, = 0
gpu_min_FP_MULP, = 0
gpu_min_FP_DIVP, = 0
gpu_min_FP_SQRTP, = 0
gpu_min_FP_LGP, = 0
gpu_min_FP_SINP, = 0
gpu_min_FP_EXP, = 0
gpu_min_DP_MULP, = 0
gpu_min_DP_DIVP, = 0
gpu_min_TENSORP, = 0
gpu_min_TEXP, = 0
gpu_min_SCHEDP, = 0
gpu_min_L2CP, = 0
gpu_min_MCP, = 0.55022
gpu_min_NOCP, = 0
gpu_min_DRAMP, = 0
gpu_min_PIPEP, = 0
gpu_min_IDLE_COREP, = 8.48375
gpu_min_CONSTP = 32.3252
gpu_min_STATICP = 0
gpu_min_TOT_INST, = 0
gpu_min_FP_INT, = 0
gpu_min_IC_H, = 0
gpu_min_IC_M, = 0
gpu_min_DC_RH, = 0
gpu_min_DC_RM, = 0
gpu_min_DC_WH, = 0
gpu_min_DC_WM, = 0
gpu_min_TC_H, = 0
gpu_min_TC_M, = 0
gpu_min_CC_H, = 0
gpu_min_CC_M, = 0
gpu_min_SHRD_ACC, = 0
gpu_min_REG_RD, = 0
gpu_min_REG_WR, = 0
gpu_min_NON_REG_OPs, = 0
gpu_min_INT_ACC, = 0
gpu_min_FPU_ACC, = 0
gpu_min_DPU_ACC, = 0
gpu_min_INT_MUL24_ACC, = 0
gpu_min_INT_MUL32_ACC, = 0
gpu_min_INT_MUL_ACC, = 0
gpu_min_INT_DIV_ACC, = 0
gpu_min_FP_MUL_ACC, = 0
gpu_min_FP_DIV_ACC, = 0
gpu_min_FP_SQRT_ACC, = 0
gpu_min_FP_LG_ACC, = 0
gpu_min_FP_SIN_ACC, = 0
gpu_min_FP_EXP_ACC, = 0
gpu_min_DP_MUL_ACC, = 0
gpu_min_DP_DIV_ACC, = 0
gpu_min_TENSOR_ACC, = 0
gpu_min_TEX_ACC, = 0
gpu_min_MEM_RD, = 0
gpu_min_MEM_WR, = 0
gpu_min_MEM_PRE, = 0
gpu_min_L2_RH, = 0
gpu_min_L2_RM, = 0
gpu_min_L2_WH, = 0
gpu_min_L2_WM, = 0
gpu_min_NOC_A, = 0
gpu_min_PIPE_A, = 0
gpu_min_IDLE_CORE_N, = 30
gpu_min_constant_power = 0

Accumulative Power Statistics Over Previous Kernels:
gpu_tot_avg_power = 94.1706
gpu_tot_max_power = 108.698
gpu_tot_min_power = 41.3592


