kernel_name = _Z14dynproc_kerneliPiS_S_iiii 
kernel_launch_uid = 1 

Kernel Average Power Data:
kernel_avg_power = 108.806
gpu_avg_IBP, = 0.3753
gpu_avg_ICP, = 0
gpu_avg_DCP, = 2.04747
gpu_avg_TCP, = 0
gpu_avg_CCP, = 0
gpu_avg_SHRDP, = 1.14064
gpu_avg_RFP, = 15.7378
gpu_avg_INTP, = 7.90319
gpu_avg_FPUP, = 0
gpu_avg_DPUP, = 0
gpu_avg_INT_MUL24P, = 0
gpu_avg_INT_MUL32P, = 2.17855
gpu_avg_INT_MULP, = 0
gpu_avg_INT_DIVP, = 0
gpu_avg_FP_MULP, = 0
gpu_avg_FP_DIVP, = 0
gpu_avg_FP_SQRTP, = 0
gpu_avg_FP_LGP, = 0
gpu_avg_FP_SINP, = 0
gpu_avg_FP_EXP, = 0
gpu_avg_DP_MULP, = 0
gpu_avg_DP_DIVP, = 0
gpu_avg_TENSORP, = 0
gpu_avg_TEXP, = 0
gpu_avg_SCHEDP, = 1.10518
gpu_avg_L2CP, = 0.148294
gpu_avg_MCP, = 1.16796
gpu_avg_NOCP, = 1.09193
gpu_avg_DRAMP, = 9.68116
gpu_avg_PIPEP, = 0.960373
gpu_avg_IDLE_COREP, = 0.088658
gpu_avg_CONSTP = 32.3252
gpu_avg_STATICP = 32.8542
gpu_avg_TOT_INST, = 46772.4
gpu_avg_FP_INT, = 46772.4
gpu_avg_IC_H, = 0
gpu_avg_IC_M, = 0
gpu_avg_DC_RH, = 1163.87
gpu_avg_DC_RM, = 3406.77
gpu_avg_DC_WH, = 17.1693
gpu_avg_DC_WM, = 68.0586
gpu_avg_TC_H, = 0
gpu_avg_TC_M, = 0
gpu_avg_CC_H, = 0
gpu_avg_CC_M, = 0
gpu_avg_SHRD_ACC, = 7420.92
gpu_avg_REG_RD, = 1.68303e+06
gpu_avg_REG_WR, = 1.23226e+06
gpu_avg_NON_REG_OPs, = 481765
gpu_avg_INT_ACC, = 1.25357e+07
gpu_avg_FPU_ACC, = 0
gpu_avg_DPU_ACC, = 0
gpu_avg_INT_MUL24_ACC, = 0
gpu_avg_INT_MUL32_ACC, = 41268.4
gpu_avg_INT_MUL_ACC, = 0
gpu_avg_INT_DIV_ACC, = 0
gpu_avg_FP_MUL_ACC, = 0
gpu_avg_FP_DIV_ACC, = 0
gpu_avg_FP_SQRT_ACC, = 0
gpu_avg_FP_LG_ACC, = 0
gpu_avg_FP_SIN_ACC, = 0
gpu_avg_FP_EXP_ACC, = 0
gpu_avg_DP_MUL_ACC, = 0
gpu_avg_DP_DIV_ACC, = 0
gpu_avg_TENSOR_ACC, = 0
gpu_avg_TEX_ACC, = 0
gpu_avg_MEM_RD, = 3401.61
gpu_avg_MEM_WR, = 63.9404
gpu_avg_MEM_PRE, = 556.058
gpu_avg_L2_RH, = 1158.58
gpu_avg_L2_RM, = 3401.61
gpu_avg_L2_WH, = 18.7497
gpu_avg_L2_WM, = 66.4782
gpu_avg_NOC_A, = 9290.82
gpu_avg_PIPE_A, = 0.187484
gpu_avg_IDLE_CORE_N, = 0.31351
gpu_avg_constant_power = 0
gpu_avg_threads_per_warp = 30.8322
gpu_tot_TOT_INST, = 4.39193e+07
gpu_tot_FP_INT, = 4.39193e+07
gpu_tot_IC_H, = 0
gpu_tot_IC_M, = 0
gpu_tot_DC_RH, = 1.09287e+06
gpu_tot_DC_RM, = 3.19896e+06
gpu_tot_DC_WH, = 16122
gpu_tot_DC_WM, = 63907
gpu_tot_TC_H, = 0
gpu_tot_TC_M, = 0
gpu_tot_CC_H, = 0
gpu_tot_CC_M, = 0
gpu_tot_SHRD_ACC, = 6.96824e+06
gpu_tot_REG_RD, = 1.58036e+09
gpu_tot_REG_WR, = 1.15709e+09
gpu_tot_NON_REG_OPs, = 4.52377e+08
gpu_tot_INT_ACC, = 1.1771e+10
gpu_tot_FPU_ACC, = 0
gpu_tot_DPU_ACC, = 0
gpu_tot_INT_MUL24_ACC, = 0
gpu_tot_INT_MUL32_ACC, = 3.8751e+07
gpu_tot_INT_MUL_ACC, = 0
gpu_tot_INT_DIV_ACC, = 0
gpu_tot_FP_MUL_ACC, = 0
gpu_tot_FP_DIV_ACC, = 0
gpu_tot_FP_SQRT_ACC, = 0
gpu_tot_FP_LG_ACC, = 0
gpu_tot_FP_SIN_ACC, = 0
gpu_tot_FP_EXP_ACC, = 0
gpu_tot_DP_MUL_ACC, = 0
gpu_tot_DP_DIV_ACC, = 0
gpu_tot_TENSOR_ACC, = 0
gpu_tot_TEX_ACC, = 0
gpu_tot_MEM_RD, = 3.19411e+06
gpu_tot_MEM_WR, = 60040
gpu_tot_MEM_PRE, = 522138
gpu_tot_L2_RH, = 1.0879e+06
gpu_tot_L2_RM, = 3.19411e+06
gpu_tot_L2_WH, = 17606
gpu_tot_L2_WM, = 62423
gpu_tot_NOC_A, = 8.72408e+06
gpu_tot_PIPE_A, = 176.047
gpu_tot_IDLE_CORE_N, = 294.386
gpu_tot_constant_power = 0

Kernel Maximum Power Data:
kernel_max_power = 120.774
gpu_max_IBP, = 0.444937
gpu_max_ICP, = 0
gpu_max_DCP, = 2.50648
gpu_max_TCP, = 0
gpu_max_CCP, = 0
gpu_max_SHRDP, = 0.453893
gpu_max_RFP, = 21.9715
gpu_max_INTP, = 12.2772
gpu_max_FPUP, = 0
gpu_max_DPUP, = 0
gpu_max_INT_MUL24P, = 0
gpu_max_INT_MUL32P, = 4.37808
gpu_max_INT_MULP, = 0
gpu_max_INT_DIVP, = 0
gpu_max_FP_MULP, = 0
gpu_max_FP_DIVP, = 0
gpu_max_FP_SQRTP, = 0
gpu_max_FP_LGP, = 0
gpu_max_FP_SINP, = 0
gpu_max_FP_EXP, = 0
gpu_max_DP_MULP, = 0
gpu_max_DP_DIVP, = 0
gpu_max_TENSORP, = 0
gpu_max_TEXP, = 0
gpu_max_SCHEDP, = 1.31025
gpu_max_L2CP, = 0.503558
gpu_max_MCP, = 1.25201
gpu_max_NOCP, = 1.38483
gpu_max_DRAMP, = 7.3431
gpu_max_PIPEP, = 1.15929
gpu_max_IDLE_COREP, = 0
gpu_max_CONSTP = 32.3252
gpu_max_STATICP = 33.4636
gpu_max_TOT_INST, = 55451
gpu_max_FP_INT, = 55451
gpu_max_IC_H, = 0
gpu_max_IC_M, = 0
gpu_max_DC_RH, = 1146
gpu_max_DC_RM, = 4134
gpu_max_DC_WH, = 145
gpu_max_DC_WM, = 575
gpu_max_TC_H, = 0
gpu_max_TC_M, = 0
gpu_max_CC_H, = 0
gpu_max_CC_M, = 0
gpu_max_SHRD_ACC, = 2953
gpu_max_REG_RD, = 2.08182e+06
gpu_max_REG_WR, = 1.60928e+06
gpu_max_NON_REG_OPs, = 765792
gpu_max_INT_ACC, = 1.94736e+07
gpu_max_FPU_ACC, = 0
gpu_max_DPU_ACC, = 0
gpu_max_INT_MUL24_ACC, = 0
gpu_max_INT_MUL32_ACC, = 82934
gpu_max_INT_MUL_ACC, = 0
gpu_max_INT_DIV_ACC, = 0
gpu_max_FP_MUL_ACC, = 0
gpu_max_FP_DIV_ACC, = 0
gpu_max_FP_SQRT_ACC, = 0
gpu_max_FP_LG_ACC, = 0
gpu_max_FP_SIN_ACC, = 0
gpu_max_FP_EXP_ACC, = 0
gpu_max_DP_MUL_ACC, = 0
gpu_max_DP_DIV_ACC, = 0
gpu_max_TENSOR_ACC, = 0
gpu_max_TEX_ACC, = 0
gpu_max_MEM_RD, = 2652
gpu_max_MEM_WR, = 0
gpu_max_MEM_PRE, = 150
gpu_max_L2_RH, = 1768
gpu_max_L2_RM, = 2889
gpu_max_L2_WH, = 329
gpu_max_L2_WM, = 1120
gpu_max_NOC_A, = 11783
gpu_max_PIPE_A, = 0.226316
gpu_max_IDLE_CORE_N, = 0
gpu_max_constant_power = 0

Kernel Minimum Power Data:
kernel_min_power = 41.3592
gpu_min_IBP, = 0
gpu_min_ICP, = 0
gpu_min_DCP, = 0
gpu_min_TCP, = 0
gpu_min_CCP, = 0
gpu_min_SHRDP, = 0
gpu_min_RFP, = 0
gpu_min_INTP, = 0
gpu_min_FPUP, = 0
gpu_min_DPUP, = 0
gpu_min_INT_MUL24P, = 0
gpu_min_INT_MUL32P, = 0
gpu_min_INT_MULP, = 0
gpu_min_INT_DIVP, = 0
gpu_min_FP_MULP, = 0
gpu_min_FP_DIVP, = 0
gpu_min_FP_SQRTP, = 0
gpu_min_FP_LGP, = 0
gpu_min_FP_SINP, = 0
gpu_min_FP_EXP, = 0
gpu_min_DP_MULP, = 0
gpu_min_DP_DIVP, = 0
gpu_min_TENSORP, = 0
gpu_min_TEXP, = 0
gpu_min_SCHEDP, = 0
gpu_min_L2CP, = 0
gpu_min_MCP, = 0.55022
gpu_min_NOCP, = 0
gpu_min_DRAMP, = 0
gpu_min_PIPEP, = 0
gpu_min_IDLE_COREP, = 8.48375
gpu_min_CONSTP = 32.3252
gpu_min_STATICP = 0
gpu_min_TOT_INST, = 0
gpu_min_FP_INT, = 0
gpu_min_IC_H, = 0
gpu_min_IC_M, = 0
gpu_min_DC_RH, = 0
gpu_min_DC_RM, = 0
gpu_min_DC_WH, = 0
gpu_min_DC_WM, = 0
gpu_min_TC_H, = 0
gpu_min_TC_M, = 0
gpu_min_CC_H, = 0
gpu_min_CC_M, = 0
gpu_min_SHRD_ACC, = 0
gpu_min_REG_RD, = 0
gpu_min_REG_WR, = 0
gpu_min_NON_REG_OPs, = 0
gpu_min_INT_ACC, = 0
gpu_min_FPU_ACC, = 0
gpu_min_DPU_ACC, = 0
gpu_min_INT_MUL24_ACC, = 0
gpu_min_INT_MUL32_ACC, = 0
gpu_min_INT_MUL_ACC, = 0
gpu_min_INT_DIV_ACC, = 0
gpu_min_FP_MUL_ACC, = 0
gpu_min_FP_DIV_ACC, = 0
gpu_min_FP_SQRT_ACC, = 0
gpu_min_FP_LG_ACC, = 0
gpu_min_FP_SIN_ACC, = 0
gpu_min_FP_EXP_ACC, = 0
gpu_min_DP_MUL_ACC, = 0
gpu_min_DP_DIV_ACC, = 0
gpu_min_TENSOR_ACC, = 0
gpu_min_TEX_ACC, = 0
gpu_min_MEM_RD, = 0
gpu_min_MEM_WR, = 0
gpu_min_MEM_PRE, = 0
gpu_min_L2_RH, = 0
gpu_min_L2_RM, = 0
gpu_min_L2_WH, = 0
gpu_min_L2_WM, = 0
gpu_min_NOC_A, = 0
gpu_min_PIPE_A, = 0
gpu_min_IDLE_CORE_N, = 30
gpu_min_constant_power = 0

Accumulative Power Statistics Over Previous Kernels:
gpu_tot_avg_power = 108.806
gpu_tot_max_power = 120.774
gpu_tot_min_power = 41.3592


kernel_name = _Z14dynproc_kerneliPiS_S_iiii 
kernel_launch_uid = 2 

Kernel Average Power Data:
kernel_avg_power = 108.629
gpu_avg_IBP, = 0.374108
gpu_avg_ICP, = 0
gpu_avg_DCP, = 2.02719
gpu_avg_TCP, = 0
gpu_avg_CCP, = 0
gpu_avg_SHRDP, = 1.13701
gpu_avg_RFP, = 15.6828
gpu_avg_INTP, = 7.87807
gpu_avg_FPUP, = 0
gpu_avg_DPUP, = 0
gpu_avg_INT_MUL24P, = 0
gpu_avg_INT_MUL32P, = 2.17167
gpu_avg_INT_MULP, = 0
gpu_avg_INT_DIVP, = 0
gpu_avg_FP_MULP, = 0
gpu_avg_FP_DIVP, = 0
gpu_avg_FP_SQRTP, = 0
gpu_avg_FP_LGP, = 0
gpu_avg_FP_SINP, = 0
gpu_avg_FP_EXP, = 0
gpu_avg_DP_MULP, = 0
gpu_avg_DP_DIVP, = 0
gpu_avg_TENSORP, = 0
gpu_avg_TEXP, = 0
gpu_avg_SCHEDP, = 1.10167
gpu_avg_L2CP, = 0.145604
gpu_avg_MCP, = 1.16241
gpu_avg_NOCP, = 1.07918
gpu_avg_DRAMP, = 9.62183
gpu_avg_PIPEP, = 0.957325
gpu_avg_IDLE_COREP, = 0.0788634
gpu_avg_CONSTP = 32.3252
gpu_avg_STATICP = 32.8858
gpu_avg_TOT_INST, = 46623.9
gpu_avg_FP_INT, = 46623.9
gpu_avg_IC_H, = 0
gpu_avg_IC_M, = 0
gpu_avg_DC_RH, = 1153.53
gpu_avg_DC_RM, = 3370.55
gpu_avg_DC_WH, = 17.1433
gpu_avg_DC_WM, = 67.9459
gpu_avg_TC_H, = 0
gpu_avg_TC_M, = 0
gpu_avg_CC_H, = 0
gpu_avg_CC_M, = 0
gpu_avg_SHRD_ACC, = 7397.33
gpu_avg_REG_RD, = 1.67768e+06
gpu_avg_REG_WR, = 1.22662e+06
gpu_avg_NON_REG_OPs, = 480235
gpu_avg_INT_ACC, = 1.24959e+07
gpu_avg_FPU_ACC, = 0
gpu_avg_DPU_ACC, = 0
gpu_avg_INT_MUL24_ACC, = 0
gpu_avg_INT_MUL32_ACC, = 41137.9
gpu_avg_INT_MUL_ACC, = 0
gpu_avg_INT_DIV_ACC, = 0
gpu_avg_FP_MUL_ACC, = 0
gpu_avg_FP_DIV_ACC, = 0
gpu_avg_FP_SQRT_ACC, = 0
gpu_avg_FP_LG_ACC, = 0
gpu_avg_FP_SIN_ACC, = 0
gpu_avg_FP_EXP_ACC, = 0
gpu_avg_DP_MUL_ACC, = 0
gpu_avg_DP_DIV_ACC, = 0
gpu_avg_TENSOR_ACC, = 0
gpu_avg_TEX_ACC, = 0
gpu_avg_MEM_RD, = 3373.95
gpu_avg_MEM_WR, = 65.1168
gpu_avg_MEM_PRE, = 588.566
gpu_avg_L2_RH, = 1132.12
gpu_avg_L2_RM, = 3373.94
gpu_avg_L2_WH, = 18.7144
gpu_avg_L2_WM, = 66.3482
gpu_avg_NOC_A, = 9182.31
gpu_avg_PIPE_A, = 0.186889
gpu_avg_IDLE_CORE_N, = 0.278875
gpu_avg_constant_power = 0
gpu_avg_threads_per_warp = 30.8621
gpu_tot_TOT_INST, = 4.39197e+07
gpu_tot_FP_INT, = 4.39197e+07
gpu_tot_IC_H, = 0
gpu_tot_IC_M, = 0
gpu_tot_DC_RH, = 1.08662e+06
gpu_tot_DC_RM, = 3.17506e+06
gpu_tot_DC_WH, = 16149
gpu_tot_DC_WM, = 64005
gpu_tot_TC_H, = 0
gpu_tot_TC_M, = 0
gpu_tot_CC_H, = 0
gpu_tot_CC_M, = 0
gpu_tot_SHRD_ACC, = 6.96829e+06
gpu_tot_REG_RD, = 1.58038e+09
gpu_tot_REG_WR, = 1.15548e+09
gpu_tot_NON_REG_OPs, = 4.52381e+08
gpu_tot_INT_ACC, = 1.17711e+10
gpu_tot_FPU_ACC, = 0
gpu_tot_DPU_ACC, = 0
gpu_tot_INT_MUL24_ACC, = 0
gpu_tot_INT_MUL32_ACC, = 3.87519e+07
gpu_tot_INT_MUL_ACC, = 0
gpu_tot_INT_DIV_ACC, = 0
gpu_tot_FP_MUL_ACC, = 0
gpu_tot_FP_DIV_ACC, = 0
gpu_tot_FP_SQRT_ACC, = 0
gpu_tot_FP_LG_ACC, = 0
gpu_tot_FP_SIN_ACC, = 0
gpu_tot_FP_EXP_ACC, = 0
gpu_tot_DP_MUL_ACC, = 0
gpu_tot_DP_DIV_ACC, = 0
gpu_tot_TENSOR_ACC, = 0
gpu_tot_TEX_ACC, = 0
gpu_tot_MEM_RD, = 3.17826e+06
gpu_tot_MEM_WR, = 61340
gpu_tot_MEM_PRE, = 554429
gpu_tot_L2_RH, = 1.06646e+06
gpu_tot_L2_RM, = 3.17825e+06
gpu_tot_L2_WH, = 17629
gpu_tot_L2_WM, = 62500
gpu_tot_NOC_A, = 8.64974e+06
gpu_tot_PIPE_A, = 176.049
gpu_tot_IDLE_CORE_N, = 262.7
gpu_tot_constant_power = 0

Kernel Maximum Power Data:
kernel_max_power = 118.088
gpu_max_IBP, = 0.435525
gpu_max_ICP, = 0
gpu_max_DCP, = 2.28544
gpu_max_TCP, = 0
gpu_max_CCP, = 0
gpu_max_SHRDP, = 0.648178
gpu_max_RFP, = 20.6878
gpu_max_INTP, = 11.2883
gpu_max_FPUP, = 0
gpu_max_DPUP, = 0
gpu_max_INT_MUL24P, = 0
gpu_max_INT_MUL32P, = 3.97392
gpu_max_INT_MULP, = 0
gpu_max_INT_DIVP, = 0
gpu_max_FP_MULP, = 0
gpu_max_FP_DIVP, = 0
gpu_max_FP_SQRTP, = 0
gpu_max_FP_LGP, = 0
gpu_max_FP_SINP, = 0
gpu_max_FP_EXP, = 0
gpu_max_DP_MULP, = 0
gpu_max_DP_DIVP, = 0
gpu_max_TENSORP, = 0
gpu_max_TEXP, = 0
gpu_max_SCHEDP, = 1.28253
gpu_max_L2CP, = 0.402363
gpu_max_MCP, = 1.24174
gpu_max_NOCP, = 1.27401
gpu_max_DRAMP, = 7.64903
gpu_max_PIPEP, = 1.13078
gpu_max_IDLE_COREP, = 0
gpu_max_CONSTP = 32.3252
gpu_max_STATICP = 33.4636
gpu_max_TOT_INST, = 54278
gpu_max_FP_INT, = 54278
gpu_max_IC_H, = 0
gpu_max_IC_M, = 0
gpu_max_DC_RH, = 987
gpu_max_DC_RM, = 3608
gpu_max_DC_WH, = 199
gpu_max_DC_WM, = 781
gpu_max_TC_H, = 0
gpu_max_TC_M, = 0
gpu_max_CC_H, = 0
gpu_max_CC_M, = 0
gpu_max_SHRD_ACC, = 4217
gpu_max_REG_RD, = 2.00957e+06
gpu_max_REG_WR, = 1.52608e+06
gpu_max_NON_REG_OPs, = 705984
gpu_max_INT_ACC, = 1.7905e+07
gpu_max_FPU_ACC, = 0
gpu_max_DPU_ACC, = 0
gpu_max_INT_MUL24_ACC, = 0
gpu_max_INT_MUL32_ACC, = 75278
gpu_max_INT_MUL_ACC, = 0
gpu_max_INT_DIV_ACC, = 0
gpu_max_FP_MUL_ACC, = 0
gpu_max_FP_DIV_ACC, = 0
gpu_max_FP_SQRT_ACC, = 0
gpu_max_FP_LG_ACC, = 0
gpu_max_FP_SIN_ACC, = 0
gpu_max_FP_EXP_ACC, = 0
gpu_max_DP_MUL_ACC, = 0
gpu_max_DP_DIV_ACC, = 0
gpu_max_TENSOR_ACC, = 0
gpu_max_TEX_ACC, = 0
gpu_max_MEM_RD, = 2767
gpu_max_MEM_WR, = 0
gpu_max_MEM_PRE, = 129
gpu_max_L2_RH, = 1401
gpu_max_L2_RM, = 2956
gpu_max_L2_WH, = 257
gpu_max_L2_WM, = 891
gpu_max_NOC_A, = 10840
gpu_max_PIPE_A, = 0.22075
gpu_max_IDLE_CORE_N, = 0
gpu_max_constant_power = 0

Kernel Minimum Power Data:
kernel_min_power = 41.3592
gpu_min_IBP, = 0
gpu_min_ICP, = 0
gpu_min_DCP, = 0
gpu_min_TCP, = 0
gpu_min_CCP, = 0
gpu_min_SHRDP, = 0
gpu_min_RFP, = 0
gpu_min_INTP, = 0
gpu_min_FPUP, = 0
gpu_min_DPUP, = 0
gpu_min_INT_MUL24P, = 0
gpu_min_INT_MUL32P, = 0
gpu_min_INT_MULP, = 0
gpu_min_INT_DIVP, = 0
gpu_min_FP_MULP, = 0
gpu_min_FP_DIVP, = 0
gpu_min_FP_SQRTP, = 0
gpu_min_FP_LGP, = 0
gpu_min_FP_SINP, = 0
gpu_min_FP_EXP, = 0
gpu_min_DP_MULP, = 0
gpu_min_DP_DIVP, = 0
gpu_min_TENSORP, = 0
gpu_min_TEXP, = 0
gpu_min_SCHEDP, = 0
gpu_min_L2CP, = 0
gpu_min_MCP, = 0.55022
gpu_min_NOCP, = 0
gpu_min_DRAMP, = 0
gpu_min_PIPEP, = 0
gpu_min_IDLE_COREP, = 8.48375
gpu_min_CONSTP = 32.3252
gpu_min_STATICP = 0
gpu_min_TOT_INST, = 0
gpu_min_FP_INT, = 0
gpu_min_IC_H, = 0
gpu_min_IC_M, = 0
gpu_min_DC_RH, = 0
gpu_min_DC_RM, = 0
gpu_min_DC_WH, = 0
gpu_min_DC_WM, = 0
gpu_min_TC_H, = 0
gpu_min_TC_M, = 0
gpu_min_CC_H, = 0
gpu_min_CC_M, = 0
gpu_min_SHRD_ACC, = 0
gpu_min_REG_RD, = 0
gpu_min_REG_WR, = 0
gpu_min_NON_REG_OPs, = 0
gpu_min_INT_ACC, = 0
gpu_min_FPU_ACC, = 0
gpu_min_DPU_ACC, = 0
gpu_min_INT_MUL24_ACC, = 0
gpu_min_INT_MUL32_ACC, = 0
gpu_min_INT_MUL_ACC, = 0
gpu_min_INT_DIV_ACC, = 0
gpu_min_FP_MUL_ACC, = 0
gpu_min_FP_DIV_ACC, = 0
gpu_min_FP_SQRT_ACC, = 0
gpu_min_FP_LG_ACC, = 0
gpu_min_FP_SIN_ACC, = 0
gpu_min_FP_EXP_ACC, = 0
gpu_min_DP_MUL_ACC, = 0
gpu_min_DP_DIV_ACC, = 0
gpu_min_TENSOR_ACC, = 0
gpu_min_TEX_ACC, = 0
gpu_min_MEM_RD, = 0
gpu_min_MEM_WR, = 0
gpu_min_MEM_PRE, = 0
gpu_min_L2_RH, = 0
gpu_min_L2_RM, = 0
gpu_min_L2_WH, = 0
gpu_min_L2_WM, = 0
gpu_min_NOC_A, = 0
gpu_min_PIPE_A, = 0
gpu_min_IDLE_CORE_N, = 30
gpu_min_constant_power = 0

Accumulative Power Statistics Over Previous Kernels:
gpu_tot_avg_power = 108.717
gpu_tot_max_power = 120.774
gpu_tot_min_power = 41.3592


kernel_name = _Z14dynproc_kerneliPiS_S_iiii 
kernel_launch_uid = 3 

Kernel Average Power Data:
kernel_avg_power = 108.578
gpu_avg_IBP, = 0.373314
gpu_avg_ICP, = 0
gpu_avg_DCP, = 2.03605
gpu_avg_TCP, = 0
gpu_avg_CCP, = 0
gpu_avg_SHRDP, = 1.1346
gpu_avg_RFP, = 15.6546
gpu_avg_INTP, = 7.86136
gpu_avg_FPUP, = 0
gpu_avg_DPUP, = 0
gpu_avg_INT_MUL24P, = 0
gpu_avg_INT_MUL32P, = 2.16704
gpu_avg_INT_MULP, = 0
gpu_avg_INT_DIVP, = 0
gpu_avg_FP_MULP, = 0
gpu_avg_FP_DIVP, = 0
gpu_avg_FP_SQRTP, = 0
gpu_avg_FP_LGP, = 0
gpu_avg_FP_SINP, = 0
gpu_avg_FP_EXP, = 0
gpu_avg_DP_MULP, = 0
gpu_avg_DP_DIVP, = 0
gpu_avg_TENSORP, = 0
gpu_avg_TEXP, = 0
gpu_avg_SCHEDP, = 1.09934
gpu_avg_L2CP, = 0.147507
gpu_avg_MCP, = 1.1648
gpu_avg_NOCP, = 1.08607
gpu_avg_DRAMP, = 9.65481
gpu_avg_PIPEP, = 0.955293
gpu_avg_IDLE_COREP, = 0.0914864
gpu_avg_CONSTP = 32.3252
gpu_avg_STATICP = 32.8262
gpu_avg_TOT_INST, = 46524.9
gpu_avg_FP_INT, = 46524.9
gpu_avg_IC_H, = 0
gpu_avg_IC_M, = 0
gpu_avg_DC_RH, = 1158.16
gpu_avg_DC_RM, = 3386.39
gpu_avg_DC_WH, = 17.1049
gpu_avg_DC_WM, = 67.804
gpu_avg_TC_H, = 0
gpu_avg_TC_M, = 0
gpu_avg_CC_H, = 0
gpu_avg_CC_M, = 0
gpu_avg_SHRD_ACC, = 7381.64
gpu_avg_REG_RD, = 1.67412e+06
gpu_avg_REG_WR, = 1.22578e+06
gpu_avg_NON_REG_OPs, = 479216
gpu_avg_INT_ACC, = 1.24693e+07
gpu_avg_FPU_ACC, = 0
gpu_avg_DPU_ACC, = 0
gpu_avg_INT_MUL24_ACC, = 0
gpu_avg_INT_MUL32_ACC, = 41050.4
gpu_avg_INT_MUL_ACC, = 0
gpu_avg_INT_DIV_ACC, = 0
gpu_avg_FP_MUL_ACC, = 0
gpu_avg_FP_DIV_ACC, = 0
gpu_avg_FP_SQRT_ACC, = 0
gpu_avg_FP_LG_ACC, = 0
gpu_avg_FP_SIN_ACC, = 0
gpu_avg_FP_EXP_ACC, = 0
gpu_avg_DP_MUL_ACC, = 0
gpu_avg_DP_DIV_ACC, = 0
gpu_avg_TENSOR_ACC, = 0
gpu_avg_TEX_ACC, = 0
gpu_avg_MEM_RD, = 3383.51
gpu_avg_MEM_WR, = 66.5805
gpu_avg_MEM_PRE, = 598.479
gpu_avg_L2_RH, = 1152.06
gpu_avg_L2_RM, = 3383.51
gpu_avg_L2_WH, = 18.6875
gpu_avg_L2_WM, = 66.2479
gpu_avg_NOC_A, = 9240.97
gpu_avg_PIPE_A, = 0.186492
gpu_avg_IDLE_CORE_N, = 0.323512
gpu_avg_constant_power = 0
gpu_avg_threads_per_warp = 30.8623
gpu_tot_TOT_INST, = 4.39195e+07
gpu_tot_FP_INT, = 4.39195e+07
gpu_tot_IC_H, = 0
gpu_tot_IC_M, = 0
gpu_tot_DC_RH, = 1.0933e+06
gpu_tot_DC_RM, = 3.19676e+06
gpu_tot_DC_WH, = 16147
gpu_tot_DC_WM, = 64007
gpu_tot_TC_H, = 0
gpu_tot_TC_M, = 0
gpu_tot_CC_H, = 0
gpu_tot_CC_M, = 0
gpu_tot_SHRD_ACC, = 6.96827e+06
gpu_tot_REG_RD, = 1.58037e+09
gpu_tot_REG_WR, = 1.15714e+09
gpu_tot_NON_REG_OPs, = 4.5238e+08
gpu_tot_INT_ACC, = 1.17711e+10
gpu_tot_FPU_ACC, = 0
gpu_tot_DPU_ACC, = 0
gpu_tot_INT_MUL24_ACC, = 0
gpu_tot_INT_MUL32_ACC, = 3.87515e+07
gpu_tot_INT_MUL_ACC, = 0
gpu_tot_INT_DIV_ACC, = 0
gpu_tot_FP_MUL_ACC, = 0
gpu_tot_FP_DIV_ACC, = 0
gpu_tot_FP_SQRT_ACC, = 0
gpu_tot_FP_LG_ACC, = 0
gpu_tot_FP_SIN_ACC, = 0
gpu_tot_FP_EXP_ACC, = 0
gpu_tot_DP_MUL_ACC, = 0
gpu_tot_DP_DIV_ACC, = 0
gpu_tot_TENSOR_ACC, = 0
gpu_tot_TEX_ACC, = 0
gpu_tot_MEM_RD, = 3.19404e+06
gpu_tot_MEM_WR, = 62852
gpu_tot_MEM_PRE, = 564964
gpu_tot_L2_RH, = 1.08755e+06
gpu_tot_L2_RM, = 3.19404e+06
gpu_tot_L2_WH, = 17641
gpu_tot_L2_WM, = 62538
gpu_tot_NOC_A, = 8.72348e+06
gpu_tot_PIPE_A, = 176.048
gpu_tot_IDLE_CORE_N, = 305.395
gpu_tot_constant_power = 0

Kernel Maximum Power Data:
kernel_max_power = 120.949
gpu_max_IBP, = 0.451316
gpu_max_ICP, = 0
gpu_max_DCP, = 2.26542
gpu_max_TCP, = 0
gpu_max_CCP, = 0
gpu_max_SHRDP, = 0.526135
gpu_max_RFP, = 22.1311
gpu_max_INTP, = 12.4116
gpu_max_FPUP, = 0
gpu_max_DPUP, = 0
gpu_max_INT_MUL24P, = 0
gpu_max_INT_MUL32P, = 4.25202
gpu_max_INT_MULP, = 0
gpu_max_INT_DIVP, = 0
gpu_max_FP_MULP, = 0
gpu_max_FP_DIVP, = 0
gpu_max_FP_SQRTP, = 0
gpu_max_FP_LGP, = 0
gpu_max_FP_SINP, = 0
gpu_max_FP_EXP, = 0
gpu_max_DP_MULP, = 0
gpu_max_DP_DIVP, = 0
gpu_max_TENSORP, = 0
gpu_max_TEXP, = 0
gpu_max_SCHEDP, = 1.32903
gpu_max_L2CP, = 0.425837
gpu_max_MCP, = 1.2156
gpu_max_NOCP, = 1.28129
gpu_max_DRAMP, = 7.69438
gpu_max_PIPEP, = 1.17637
gpu_max_IDLE_COREP, = 0
gpu_max_CONSTP = 32.3252
gpu_max_STATICP = 33.4636
gpu_max_TOT_INST, = 56246
gpu_max_FP_INT, = 56246
gpu_max_IC_H, = 0
gpu_max_IC_M, = 0
gpu_max_DC_RH, = 1032
gpu_max_DC_RM, = 3756
gpu_max_DC_WH, = 129
gpu_max_DC_WM, = 506
gpu_max_TC_H, = 0
gpu_max_TC_M, = 0
gpu_max_CC_H, = 0
gpu_max_CC_M, = 0
gpu_max_SHRD_ACC, = 3423
gpu_max_REG_RD, = 2.1248e+06
gpu_max_REG_WR, = 1.63293e+06
gpu_max_NON_REG_OPs, = 761568
gpu_max_INT_ACC, = 1.96867e+07
gpu_max_FPU_ACC, = 0
gpu_max_DPU_ACC, = 0
gpu_max_INT_MUL24_ACC, = 0
gpu_max_INT_MUL32_ACC, = 80546
gpu_max_INT_MUL_ACC, = 0
gpu_max_INT_DIV_ACC, = 0
gpu_max_FP_MUL_ACC, = 0
gpu_max_FP_DIV_ACC, = 0
gpu_max_FP_SQRT_ACC, = 0
gpu_max_FP_LG_ACC, = 0
gpu_max_FP_SIN_ACC, = 0
gpu_max_FP_EXP_ACC, = 0
gpu_max_DP_MUL_ACC, = 0
gpu_max_DP_DIV_ACC, = 0
gpu_max_TENSOR_ACC, = 0
gpu_max_TEX_ACC, = 0
gpu_max_MEM_RD, = 2714
gpu_max_MEM_WR, = 108
gpu_max_MEM_PRE, = 187
gpu_max_L2_RH, = 1624
gpu_max_L2_RM, = 2831
gpu_max_L2_WH, = 265
gpu_max_L2_WM, = 893
gpu_max_NOC_A, = 10902
gpu_max_PIPE_A, = 0.22965
gpu_max_IDLE_CORE_N, = 0
gpu_max_constant_power = 0

Kernel Minimum Power Data:
kernel_min_power = 41.3592
gpu_min_IBP, = 0
gpu_min_ICP, = 0
gpu_min_DCP, = 0
gpu_min_TCP, = 0
gpu_min_CCP, = 0
gpu_min_SHRDP, = 0
gpu_min_RFP, = 0
gpu_min_INTP, = 0
gpu_min_FPUP, = 0
gpu_min_DPUP, = 0
gpu_min_INT_MUL24P, = 0
gpu_min_INT_MUL32P, = 0
gpu_min_INT_MULP, = 0
gpu_min_INT_DIVP, = 0
gpu_min_FP_MULP, = 0
gpu_min_FP_DIVP, = 0
gpu_min_FP_SQRTP, = 0
gpu_min_FP_LGP, = 0
gpu_min_FP_SINP, = 0
gpu_min_FP_EXP, = 0
gpu_min_DP_MULP, = 0
gpu_min_DP_DIVP, = 0
gpu_min_TENSORP, = 0
gpu_min_TEXP, = 0
gpu_min_SCHEDP, = 0
gpu_min_L2CP, = 0
gpu_min_MCP, = 0.55022
gpu_min_NOCP, = 0
gpu_min_DRAMP, = 0
gpu_min_PIPEP, = 0
gpu_min_IDLE_COREP, = 8.48375
gpu_min_CONSTP = 32.3252
gpu_min_STATICP = 0
gpu_min_TOT_INST, = 0
gpu_min_FP_INT, = 0
gpu_min_IC_H, = 0
gpu_min_IC_M, = 0
gpu_min_DC_RH, = 0
gpu_min_DC_RM, = 0
gpu_min_DC_WH, = 0
gpu_min_DC_WM, = 0
gpu_min_TC_H, = 0
gpu_min_TC_M, = 0
gpu_min_CC_H, = 0
gpu_min_CC_M, = 0
gpu_min_SHRD_ACC, = 0
gpu_min_REG_RD, = 0
gpu_min_REG_WR, = 0
gpu_min_NON_REG_OPs, = 0
gpu_min_INT_ACC, = 0
gpu_min_FPU_ACC, = 0
gpu_min_DPU_ACC, = 0
gpu_min_INT_MUL24_ACC, = 0
gpu_min_INT_MUL32_ACC, = 0
gpu_min_INT_MUL_ACC, = 0
gpu_min_INT_DIV_ACC, = 0
gpu_min_FP_MUL_ACC, = 0
gpu_min_FP_DIV_ACC, = 0
gpu_min_FP_SQRT_ACC, = 0
gpu_min_FP_LG_ACC, = 0
gpu_min_FP_SIN_ACC, = 0
gpu_min_FP_EXP_ACC, = 0
gpu_min_DP_MUL_ACC, = 0
gpu_min_DP_DIV_ACC, = 0
gpu_min_TENSOR_ACC, = 0
gpu_min_TEX_ACC, = 0
gpu_min_MEM_RD, = 0
gpu_min_MEM_WR, = 0
gpu_min_MEM_PRE, = 0
gpu_min_L2_RH, = 0
gpu_min_L2_RM, = 0
gpu_min_L2_WH, = 0
gpu_min_L2_WM, = 0
gpu_min_NOC_A, = 0
gpu_min_PIPE_A, = 0
gpu_min_IDLE_CORE_N, = 30
gpu_min_constant_power = 0

Accumulative Power Statistics Over Previous Kernels:
gpu_tot_avg_power = 108.671
gpu_tot_max_power = 120.949
gpu_tot_min_power = 41.3592


kernel_name = _Z14dynproc_kerneliPiS_S_iiii 
kernel_launch_uid = 4 

Kernel Average Power Data:
kernel_avg_power = 108.448
gpu_avg_IBP, = 0.372526
gpu_avg_ICP, = 0
gpu_avg_DCP, = 2.0328
gpu_avg_TCP, = 0
gpu_avg_CCP, = 0
gpu_avg_SHRDP, = 1.13221
gpu_avg_RFP, = 15.6219
gpu_avg_INTP, = 7.84475
gpu_avg_FPUP, = 0
gpu_avg_DPUP, = 0
gpu_avg_INT_MUL24P, = 0
gpu_avg_INT_MUL32P, = 2.16247
gpu_avg_INT_MULP, = 0
gpu_avg_INT_DIVP, = 0
gpu_avg_FP_MULP, = 0
gpu_avg_FP_DIVP, = 0
gpu_avg_FP_SQRTP, = 0
gpu_avg_FP_LGP, = 0
gpu_avg_FP_SINP, = 0
gpu_avg_FP_EXP, = 0
gpu_avg_DP_MULP, = 0
gpu_avg_DP_DIVP, = 0
gpu_avg_TENSORP, = 0
gpu_avg_TEXP, = 0
gpu_avg_SCHEDP, = 1.09701
gpu_avg_L2CP, = 0.14879
gpu_avg_MCP, = 1.16477
gpu_avg_NOCP, = 1.08784
gpu_avg_DRAMP, = 9.62643
gpu_avg_PIPEP, = 0.953275
gpu_avg_IDLE_COREP, = 0.100164
gpu_avg_CONSTP = 32.3252
gpu_avg_STATICP = 32.7779
gpu_avg_TOT_INST, = 46426.7
gpu_avg_FP_INT, = 46426.7
gpu_avg_IC_H, = 0
gpu_avg_IC_M, = 0
gpu_avg_DC_RH, = 1138.44
gpu_avg_DC_RM, = 3409.98
gpu_avg_DC_WH, = 17.0349
gpu_avg_DC_WM, = 67.6945
gpu_avg_TC_H, = 0
gpu_avg_TC_M, = 0
gpu_avg_CC_H, = 0
gpu_avg_CC_M, = 0
gpu_avg_SHRD_ACC, = 7366.05
gpu_avg_REG_RD, = 1.67059e+06
gpu_avg_REG_WR, = 1.22332e+06
gpu_avg_NON_REG_OPs, = 478204
gpu_avg_INT_ACC, = 1.2443e+07
gpu_avg_FPU_ACC, = 0
gpu_avg_DPU_ACC, = 0
gpu_avg_INT_MUL24_ACC, = 0
gpu_avg_INT_MUL32_ACC, = 40963.8
gpu_avg_INT_MUL_ACC, = 0
gpu_avg_INT_DIV_ACC, = 0
gpu_avg_FP_MUL_ACC, = 0
gpu_avg_FP_DIV_ACC, = 0
gpu_avg_FP_SQRT_ACC, = 0
gpu_avg_FP_LG_ACC, = 0
gpu_avg_FP_SIN_ACC, = 0
gpu_avg_FP_EXP_ACC, = 0
gpu_avg_DP_MUL_ACC, = 0
gpu_avg_DP_DIV_ACC, = 0
gpu_avg_TENSOR_ACC, = 0
gpu_avg_TEX_ACC, = 0
gpu_avg_MEM_RD, = 3376.56
gpu_avg_MEM_WR, = 66.74
gpu_avg_MEM_PRE, = 577.45
gpu_avg_L2_RH, = 1166.72
gpu_avg_L2_RM, = 3376.56
gpu_avg_L2_WH, = 18.6353
gpu_avg_L2_WM, = 66.0677
gpu_avg_NOC_A, = 9256
gpu_avg_PIPE_A, = 0.186098
gpu_avg_IDLE_CORE_N, = 0.354197
gpu_avg_constant_power = 0
gpu_avg_threads_per_warp = 30.8617
gpu_tot_TOT_INST, = 4.39196e+07
gpu_tot_FP_INT, = 4.39196e+07
gpu_tot_IC_H, = 0
gpu_tot_IC_M, = 0
gpu_tot_DC_RH, = 1.07697e+06
gpu_tot_DC_RM, = 3.22584e+06
gpu_tot_DC_WH, = 16115
gpu_tot_DC_WM, = 64039
gpu_tot_TC_H, = 0
gpu_tot_TC_M, = 0
gpu_tot_CC_H, = 0
gpu_tot_CC_M, = 0
gpu_tot_SHRD_ACC, = 6.96828e+06
gpu_tot_REG_RD, = 1.58037e+09
gpu_tot_REG_WR, = 1.15726e+09
gpu_tot_NON_REG_OPs, = 4.52381e+08
gpu_tot_INT_ACC, = 1.17711e+10
gpu_tot_FPU_ACC, = 0
gpu_tot_DPU_ACC, = 0
gpu_tot_INT_MUL24_ACC, = 0
gpu_tot_INT_MUL32_ACC, = 3.87517e+07
gpu_tot_INT_MUL_ACC, = 0
gpu_tot_INT_DIV_ACC, = 0
gpu_tot_FP_MUL_ACC, = 0
gpu_tot_FP_DIV_ACC, = 0
gpu_tot_FP_SQRT_ACC, = 0
gpu_tot_FP_LG_ACC, = 0
gpu_tot_FP_SIN_ACC, = 0
gpu_tot_FP_EXP_ACC, = 0
gpu_tot_DP_MUL_ACC, = 0
gpu_tot_DP_DIV_ACC, = 0
gpu_tot_TENSOR_ACC, = 0
gpu_tot_TEX_ACC, = 0
gpu_tot_MEM_RD, = 3.19423e+06
gpu_tot_MEM_WR, = 63136
gpu_tot_MEM_PRE, = 546268
gpu_tot_L2_RH, = 1.10372e+06
gpu_tot_L2_RM, = 3.19423e+06
gpu_tot_L2_WH, = 17629
gpu_tot_L2_WM, = 62500
gpu_tot_NOC_A, = 8.75618e+06
gpu_tot_PIPE_A, = 176.049
gpu_tot_IDLE_CORE_N, = 335.07
gpu_tot_constant_power = 0

Kernel Maximum Power Data:
kernel_max_power = 120.117
gpu_max_IBP, = 0.449743
gpu_max_ICP, = 0
gpu_max_DCP, = 2.40976
gpu_max_TCP, = 0
gpu_max_CCP, = 0
gpu_max_SHRDP, = 0.863059
gpu_max_RFP, = 21.4548
gpu_max_INTP, = 12.0768
gpu_max_FPUP, = 0
gpu_max_DPUP, = 0
gpu_max_INT_MUL24P, = 0
gpu_max_INT_MUL32P, = 3.71557
gpu_max_INT_MULP, = 0
gpu_max_INT_DIVP, = 0
gpu_max_FP_MULP, = 0
gpu_max_FP_DIVP, = 0
gpu_max_FP_SQRTP, = 0
gpu_max_FP_LGP, = 0
gpu_max_FP_SINP, = 0
gpu_max_FP_EXP, = 0
gpu_max_DP_MULP, = 0
gpu_max_DP_DIVP, = 0
gpu_max_TENSORP, = 0
gpu_max_TEXP, = 0
gpu_max_SCHEDP, = 1.3244
gpu_max_L2CP, = 0.304983
gpu_max_MCP, = 1.2145
gpu_max_NOCP, = 1.28552
gpu_max_DRAMP, = 8.04865
gpu_max_PIPEP, = 1.18059
gpu_max_IDLE_COREP, = 0
gpu_max_CONSTP = 32.3252
gpu_max_STATICP = 33.4636
gpu_max_TOT_INST, = 56050
gpu_max_FP_INT, = 56050
gpu_max_IC_H, = 0
gpu_max_IC_M, = 0
gpu_max_DC_RH, = 1171
gpu_max_DC_RM, = 4211
gpu_max_DC_WH, = 50
gpu_max_DC_WM, = 202
gpu_max_TC_H, = 0
gpu_max_TC_M, = 0
gpu_max_CC_H, = 0
gpu_max_CC_M, = 0
gpu_max_SHRD_ACC, = 5615
gpu_max_REG_RD, = 2.21808e+06
gpu_max_REG_WR, = 1.66867e+06
gpu_max_NON_REG_OPs, = 678848
gpu_max_INT_ACC, = 1.91557e+07
gpu_max_FPU_ACC, = 0
gpu_max_DPU_ACC, = 0
gpu_max_INT_MUL24_ACC, = 0
gpu_max_INT_MUL32_ACC, = 70384
gpu_max_INT_MUL_ACC, = 0
gpu_max_INT_DIV_ACC, = 0
gpu_max_FP_MUL_ACC, = 0
gpu_max_FP_DIV_ACC, = 0
gpu_max_FP_SQRT_ACC, = 0
gpu_max_FP_LG_ACC, = 0
gpu_max_FP_SIN_ACC, = 0
gpu_max_FP_EXP_ACC, = 0
gpu_max_DP_MUL_ACC, = 0
gpu_max_DP_DIV_ACC, = 0
gpu_max_TENSOR_ACC, = 0
gpu_max_TEX_ACC, = 0
gpu_max_MEM_RD, = 2894
gpu_max_MEM_WR, = 8
gpu_max_MEM_PRE, = 215
gpu_max_L2_RH, = 2032
gpu_max_L2_RM, = 3162
gpu_max_L2_WH, = 100
gpu_max_L2_WM, = 327
gpu_max_NOC_A, = 10938
gpu_max_PIPE_A, = 0.230475
gpu_max_IDLE_CORE_N, = 0
gpu_max_constant_power = 0

Kernel Minimum Power Data:
kernel_min_power = 41.3592
gpu_min_IBP, = 0
gpu_min_ICP, = 0
gpu_min_DCP, = 0
gpu_min_TCP, = 0
gpu_min_CCP, = 0
gpu_min_SHRDP, = 0
gpu_min_RFP, = 0
gpu_min_INTP, = 0
gpu_min_FPUP, = 0
gpu_min_DPUP, = 0
gpu_min_INT_MUL24P, = 0
gpu_min_INT_MUL32P, = 0
gpu_min_INT_MULP, = 0
gpu_min_INT_DIVP, = 0
gpu_min_FP_MULP, = 0
gpu_min_FP_DIVP, = 0
gpu_min_FP_SQRTP, = 0
gpu_min_FP_LGP, = 0
gpu_min_FP_SINP, = 0
gpu_min_FP_EXP, = 0
gpu_min_DP_MULP, = 0
gpu_min_DP_DIVP, = 0
gpu_min_TENSORP, = 0
gpu_min_TEXP, = 0
gpu_min_SCHEDP, = 0
gpu_min_L2CP, = 0
gpu_min_MCP, = 0.55022
gpu_min_NOCP, = 0
gpu_min_DRAMP, = 0
gpu_min_PIPEP, = 0
gpu_min_IDLE_COREP, = 8.48375
gpu_min_CONSTP = 32.3252
gpu_min_STATICP = 0
gpu_min_TOT_INST, = 0
gpu_min_FP_INT, = 0
gpu_min_IC_H, = 0
gpu_min_IC_M, = 0
gpu_min_DC_RH, = 0
gpu_min_DC_RM, = 0
gpu_min_DC_WH, = 0
gpu_min_DC_WM, = 0
gpu_min_TC_H, = 0
gpu_min_TC_M, = 0
gpu_min_CC_H, = 0
gpu_min_CC_M, = 0
gpu_min_SHRD_ACC, = 0
gpu_min_REG_RD, = 0
gpu_min_REG_WR, = 0
gpu_min_NON_REG_OPs, = 0
gpu_min_INT_ACC, = 0
gpu_min_FPU_ACC, = 0
gpu_min_DPU_ACC, = 0
gpu_min_INT_MUL24_ACC, = 0
gpu_min_INT_MUL32_ACC, = 0
gpu_min_INT_MUL_ACC, = 0
gpu_min_INT_DIV_ACC, = 0
gpu_min_FP_MUL_ACC, = 0
gpu_min_FP_DIV_ACC, = 0
gpu_min_FP_SQRT_ACC, = 0
gpu_min_FP_LG_ACC, = 0
gpu_min_FP_SIN_ACC, = 0
gpu_min_FP_EXP_ACC, = 0
gpu_min_DP_MUL_ACC, = 0
gpu_min_DP_DIV_ACC, = 0
gpu_min_TENSOR_ACC, = 0
gpu_min_TEX_ACC, = 0
gpu_min_MEM_RD, = 0
gpu_min_MEM_WR, = 0
gpu_min_MEM_PRE, = 0
gpu_min_L2_RH, = 0
gpu_min_L2_RM, = 0
gpu_min_L2_WH, = 0
gpu_min_L2_WM, = 0
gpu_min_NOC_A, = 0
gpu_min_PIPE_A, = 0
gpu_min_IDLE_CORE_N, = 30
gpu_min_constant_power = 0

Accumulative Power Statistics Over Previous Kernels:
gpu_tot_avg_power = 108.615
gpu_tot_max_power = 120.949
gpu_tot_min_power = 41.3592


kernel_name = _Z14dynproc_kerneliPiS_S_iiii 
kernel_launch_uid = 5 

Kernel Average Power Data:
kernel_avg_power = 108.699
gpu_avg_IBP, = 0.374106
gpu_avg_ICP, = 0
gpu_avg_DCP, = 2.04266
gpu_avg_TCP, = 0
gpu_avg_CCP, = 0
gpu_avg_SHRDP, = 1.13701
gpu_avg_RFP, = 15.6875
gpu_avg_INTP, = 7.87804
gpu_avg_FPUP, = 0
gpu_avg_DPUP, = 0
gpu_avg_INT_MUL24P, = 0
gpu_avg_INT_MUL32P, = 2.17163
gpu_avg_INT_MULP, = 0
gpu_avg_INT_DIVP, = 0
gpu_avg_FP_MULP, = 0
gpu_avg_FP_DIVP, = 0
gpu_avg_FP_SQRTP, = 0
gpu_avg_FP_LGP, = 0
gpu_avg_FP_SINP, = 0
gpu_avg_FP_EXP, = 0
gpu_avg_DP_MULP, = 0
gpu_avg_DP_DIVP, = 0
gpu_avg_TENSORP, = 0
gpu_avg_TEXP, = 0
gpu_avg_SCHEDP, = 1.10167
gpu_avg_L2CP, = 0.148512
gpu_avg_MCP, = 1.1669
gpu_avg_NOCP, = 1.09009
gpu_avg_DRAMP, = 9.66282
gpu_avg_PIPEP, = 0.957319
gpu_avg_IDLE_COREP, = 0.0824269
gpu_avg_CONSTP = 32.3252
gpu_avg_STATICP = 32.8728
gpu_avg_TOT_INST, = 46623.6
gpu_avg_FP_INT, = 46623.6
gpu_avg_IC_H, = 0
gpu_avg_IC_M, = 0
gpu_avg_DC_RH, = 1153.3
gpu_avg_DC_RM, = 3411.45
gpu_avg_DC_WH, = 17.1093
gpu_avg_DC_WM, = 67.9225
gpu_avg_TC_H, = 0
gpu_avg_TC_M, = 0
gpu_avg_CC_H, = 0
gpu_avg_CC_M, = 0
gpu_avg_SHRD_ACC, = 7397.3
gpu_avg_REG_RD, = 1.67767e+06
gpu_avg_REG_WR, = 1.22828e+06
gpu_avg_NON_REG_OPs, = 480232
gpu_avg_INT_ACC, = 1.24958e+07
gpu_avg_FPU_ACC, = 0
gpu_avg_DPU_ACC, = 0
gpu_avg_INT_MUL24_ACC, = 0
gpu_avg_INT_MUL32_ACC, = 41137.1
gpu_avg_INT_MUL_ACC, = 0
gpu_avg_INT_DIV_ACC, = 0
gpu_avg_FP_MUL_ACC, = 0
gpu_avg_FP_DIV_ACC, = 0
gpu_avg_FP_SQRT_ACC, = 0
gpu_avg_FP_LG_ACC, = 0
gpu_avg_FP_SIN_ACC, = 0
gpu_avg_FP_EXP_ACC, = 0
gpu_avg_DP_MUL_ACC, = 0
gpu_avg_DP_DIV_ACC, = 0
gpu_avg_TENSOR_ACC, = 0
gpu_avg_TEX_ACC, = 0
gpu_avg_MEM_RD, = 3390.5
gpu_avg_MEM_WR, = 65.5881
gpu_avg_MEM_PRE, = 577.268
gpu_avg_L2_RH, = 1162.03
gpu_avg_L2_RM, = 3390.5
gpu_avg_L2_WH, = 18.7123
gpu_avg_L2_WM, = 66.3461
gpu_avg_NOC_A, = 9275.14
gpu_avg_PIPE_A, = 0.186888
gpu_avg_IDLE_CORE_N, = 0.291476
gpu_avg_constant_power = 0
gpu_avg_threads_per_warp = 30.832
gpu_tot_TOT_INST, = 4.39195e+07
gpu_tot_FP_INT, = 4.39195e+07
gpu_tot_IC_H, = 0
gpu_tot_IC_M, = 0
gpu_tot_DC_RH, = 1.08641e+06
gpu_tot_DC_RM, = 3.21358e+06
gpu_tot_DC_WH, = 16117
gpu_tot_DC_WM, = 63983
gpu_tot_TC_H, = 0
gpu_tot_TC_M, = 0
gpu_tot_CC_H, = 0
gpu_tot_CC_M, = 0
gpu_tot_SHRD_ACC, = 6.96826e+06
gpu_tot_REG_RD, = 1.58037e+09
gpu_tot_REG_WR, = 1.15704e+09
gpu_tot_NON_REG_OPs, = 4.52378e+08
gpu_tot_INT_ACC, = 1.1771e+10
gpu_tot_FPU_ACC, = 0
gpu_tot_DPU_ACC, = 0
gpu_tot_INT_MUL24_ACC, = 0
gpu_tot_INT_MUL32_ACC, = 3.87512e+07
gpu_tot_INT_MUL_ACC, = 0
gpu_tot_INT_DIV_ACC, = 0
gpu_tot_FP_MUL_ACC, = 0
gpu_tot_FP_DIV_ACC, = 0
gpu_tot_FP_SQRT_ACC, = 0
gpu_tot_FP_LG_ACC, = 0
gpu_tot_FP_SIN_ACC, = 0
gpu_tot_FP_EXP_ACC, = 0
gpu_tot_DP_MUL_ACC, = 0
gpu_tot_DP_DIV_ACC, = 0
gpu_tot_TENSOR_ACC, = 0
gpu_tot_TEX_ACC, = 0
gpu_tot_MEM_RD, = 3.19385e+06
gpu_tot_MEM_WR, = 61784
gpu_tot_MEM_PRE, = 543786
gpu_tot_L2_RH, = 1.09463e+06
gpu_tot_L2_RM, = 3.19385e+06
gpu_tot_L2_WH, = 17627
gpu_tot_L2_WM, = 62498
gpu_tot_NOC_A, = 8.73718e+06
gpu_tot_PIPE_A, = 176.048
gpu_tot_IDLE_CORE_N, = 274.57
gpu_tot_constant_power = 0

Kernel Maximum Power Data:
kernel_max_power = 121.027
gpu_max_IBP, = 0.452519
gpu_max_ICP, = 0
gpu_max_DCP, = 2.3739
gpu_max_TCP, = 0
gpu_max_CCP, = 0
gpu_max_SHRDP, = 0.542582
gpu_max_RFP, = 22.055
gpu_max_INTP, = 12.3191
gpu_max_FPUP, = 0
gpu_max_DPUP, = 0
gpu_max_INT_MUL24P, = 0
gpu_max_INT_MUL32P, = 4.35554
gpu_max_INT_MULP, = 0
gpu_max_INT_DIVP, = 0
gpu_max_FP_MULP, = 0
gpu_max_FP_DIVP, = 0
gpu_max_FP_SQRTP, = 0
gpu_max_FP_LGP, = 0
gpu_max_FP_SINP, = 0
gpu_max_FP_EXP, = 0
gpu_max_DP_MULP, = 0
gpu_max_DP_DIVP, = 0
gpu_max_TENSORP, = 0
gpu_max_TEXP, = 0
gpu_max_SCHEDP, = 1.33258
gpu_max_L2CP, = 0.412302
gpu_max_MCP, = 1.25008
gpu_max_NOCP, = 1.29011
gpu_max_DRAMP, = 7.67529
gpu_max_PIPEP, = 1.17916
gpu_max_IDLE_COREP, = 0
gpu_max_CONSTP = 32.3252
gpu_max_STATICP = 33.4636
gpu_max_TOT_INST, = 56396
gpu_max_FP_INT, = 56396
gpu_max_IC_H, = 0
gpu_max_IC_M, = 0
gpu_max_DC_RH, = 1119
gpu_max_DC_RM, = 3786
gpu_max_DC_WH, = 155
gpu_max_DC_WM, = 620
gpu_max_TC_H, = 0
gpu_max_TC_M, = 0
gpu_max_CC_H, = 0
gpu_max_CC_M, = 0
gpu_max_SHRD_ACC, = 3530
gpu_max_REG_RD, = 2.12218e+06
gpu_max_REG_WR, = 1.62611e+06
gpu_max_NON_REG_OPs, = 758016
gpu_max_INT_ACC, = 1.954e+07
gpu_max_FPU_ACC, = 0
gpu_max_DPU_ACC, = 0
gpu_max_INT_MUL24_ACC, = 0
gpu_max_INT_MUL32_ACC, = 82507
gpu_max_INT_MUL_ACC, = 0
gpu_max_INT_DIV_ACC, = 0
gpu_max_FP_MUL_ACC, = 0
gpu_max_FP_DIV_ACC, = 0
gpu_max_FP_SQRT_ACC, = 0
gpu_max_FP_LG_ACC, = 0
gpu_max_FP_SIN_ACC, = 0
gpu_max_FP_EXP_ACC, = 0
gpu_max_DP_MUL_ACC, = 0
gpu_max_DP_DIV_ACC, = 0
gpu_max_TENSOR_ACC, = 0
gpu_max_TEX_ACC, = 0
gpu_max_MEM_RD, = 2658
gpu_max_MEM_WR, = 228
gpu_max_MEM_PRE, = 81
gpu_max_L2_RH, = 1539
gpu_max_L2_RM, = 2831
gpu_max_L2_WH, = 261
gpu_max_L2_WM, = 870
gpu_max_NOC_A, = 10977
gpu_max_PIPE_A, = 0.230196
gpu_max_IDLE_CORE_N, = 0
gpu_max_constant_power = 0

Kernel Minimum Power Data:
kernel_min_power = 41.3592
gpu_min_IBP, = 0
gpu_min_ICP, = 0
gpu_min_DCP, = 0
gpu_min_TCP, = 0
gpu_min_CCP, = 0
gpu_min_SHRDP, = 0
gpu_min_RFP, = 0
gpu_min_INTP, = 0
gpu_min_FPUP, = 0
gpu_min_DPUP, = 0
gpu_min_INT_MUL24P, = 0
gpu_min_INT_MUL32P, = 0
gpu_min_INT_MULP, = 0
gpu_min_INT_DIVP, = 0
gpu_min_FP_MULP, = 0
gpu_min_FP_DIVP, = 0
gpu_min_FP_SQRTP, = 0
gpu_min_FP_LGP, = 0
gpu_min_FP_SINP, = 0
gpu_min_FP_EXP, = 0
gpu_min_DP_MULP, = 0
gpu_min_DP_DIVP, = 0
gpu_min_TENSORP, = 0
gpu_min_TEXP, = 0
gpu_min_SCHEDP, = 0
gpu_min_L2CP, = 0
gpu_min_MCP, = 0.55022
gpu_min_NOCP, = 0
gpu_min_DRAMP, = 0
gpu_min_PIPEP, = 0
gpu_min_IDLE_COREP, = 8.48375
gpu_min_CONSTP = 32.3252
gpu_min_STATICP = 0
gpu_min_TOT_INST, = 0
gpu_min_FP_INT, = 0
gpu_min_IC_H, = 0
gpu_min_IC_M, = 0
gpu_min_DC_RH, = 0
gpu_min_DC_RM, = 0
gpu_min_DC_WH, = 0
gpu_min_DC_WM, = 0
gpu_min_TC_H, = 0
gpu_min_TC_M, = 0
gpu_min_CC_H, = 0
gpu_min_CC_M, = 0
gpu_min_SHRD_ACC, = 0
gpu_min_REG_RD, = 0
gpu_min_REG_WR, = 0
gpu_min_NON_REG_OPs, = 0
gpu_min_INT_ACC, = 0
gpu_min_FPU_ACC, = 0
gpu_min_DPU_ACC, = 0
gpu_min_INT_MUL24_ACC, = 0
gpu_min_INT_MUL32_ACC, = 0
gpu_min_INT_MUL_ACC, = 0
gpu_min_INT_DIV_ACC, = 0
gpu_min_FP_MUL_ACC, = 0
gpu_min_FP_DIV_ACC, = 0
gpu_min_FP_SQRT_ACC, = 0
gpu_min_FP_LG_ACC, = 0
gpu_min_FP_SIN_ACC, = 0
gpu_min_FP_EXP_ACC, = 0
gpu_min_DP_MUL_ACC, = 0
gpu_min_DP_DIV_ACC, = 0
gpu_min_TENSOR_ACC, = 0
gpu_min_TEX_ACC, = 0
gpu_min_MEM_RD, = 0
gpu_min_MEM_WR, = 0
gpu_min_MEM_PRE, = 0
gpu_min_L2_RH, = 0
gpu_min_L2_RM, = 0
gpu_min_L2_WH, = 0
gpu_min_L2_WM, = 0
gpu_min_NOC_A, = 0
gpu_min_PIPE_A, = 0
gpu_min_IDLE_CORE_N, = 30
gpu_min_constant_power = 0

Accumulative Power Statistics Over Previous Kernels:
gpu_tot_avg_power = 108.632
gpu_tot_max_power = 121.027
gpu_tot_min_power = 41.3592


kernel_name = _Z14dynproc_kerneliPiS_S_iiii 
kernel_launch_uid = 6 

Kernel Average Power Data:
kernel_avg_power = 108.73
gpu_avg_IBP, = 0.374108
gpu_avg_ICP, = 0
gpu_avg_DCP, = 2.04303
gpu_avg_TCP, = 0
gpu_avg_CCP, = 0
gpu_avg_SHRDP, = 1.13701
gpu_avg_RFP, = 15.6877
gpu_avg_INTP, = 7.87806
gpu_avg_FPUP, = 0
gpu_avg_DPUP, = 0
gpu_avg_INT_MUL24P, = 0
gpu_avg_INT_MUL32P, = 2.17167
gpu_avg_INT_MULP, = 0
gpu_avg_INT_DIVP, = 0
gpu_avg_FP_MULP, = 0
gpu_avg_FP_DIVP, = 0
gpu_avg_FP_SQRTP, = 0
gpu_avg_FP_LGP, = 0
gpu_avg_FP_SINP, = 0
gpu_avg_FP_EXP, = 0
gpu_avg_DP_MULP, = 0
gpu_avg_DP_DIVP, = 0
gpu_avg_TENSORP, = 0
gpu_avg_TEXP, = 0
gpu_avg_SCHEDP, = 1.10167
gpu_avg_L2CP, = 0.148991
gpu_avg_MCP, = 1.16745
gpu_avg_NOCP, = 1.09129
gpu_avg_DRAMP, = 9.6689
gpu_avg_PIPEP, = 0.957324
gpu_avg_IDLE_COREP, = 0.0744511
gpu_avg_CONSTP = 32.3252
gpu_avg_STATICP = 32.9029
gpu_avg_TOT_INST, = 46623.8
gpu_avg_FP_INT, = 46623.8
gpu_avg_IC_H, = 0
gpu_avg_IC_M, = 0
gpu_avg_DC_RH, = 1148.21
gpu_avg_DC_RM, = 3420.63
gpu_avg_DC_WH, = 17.1231
gpu_avg_DC_WM, = 67.9883
gpu_avg_TC_H, = 0
gpu_avg_TC_M, = 0
gpu_avg_CC_H, = 0
gpu_avg_CC_M, = 0
gpu_avg_SHRD_ACC, = 7397.33
gpu_avg_REG_RD, = 1.67768e+06
gpu_avg_REG_WR, = 1.22832e+06
gpu_avg_NON_REG_OPs, = 480235
gpu_avg_INT_ACC, = 1.24958e+07
gpu_avg_FPU_ACC, = 0
gpu_avg_DPU_ACC, = 0
gpu_avg_INT_MUL24_ACC, = 0
gpu_avg_INT_MUL32_ACC, = 41137.9
gpu_avg_INT_MUL_ACC, = 0
gpu_avg_INT_DIV_ACC, = 0
gpu_avg_FP_MUL_ACC, = 0
gpu_avg_FP_DIV_ACC, = 0
gpu_avg_FP_SQRT_ACC, = 0
gpu_avg_FP_LG_ACC, = 0
gpu_avg_FP_SIN_ACC, = 0
gpu_avg_FP_EXP_ACC, = 0
gpu_avg_DP_MUL_ACC, = 0
gpu_avg_DP_DIV_ACC, = 0
gpu_avg_TENSOR_ACC, = 0
gpu_avg_TEX_ACC, = 0
gpu_avg_MEM_RD, = 3390.39
gpu_avg_MEM_WR, = 67.6306
gpu_avg_MEM_PRE, = 584.462
gpu_avg_L2_RH, = 1167.23
gpu_avg_L2_RM, = 3390.39
gpu_avg_L2_WH, = 18.7028
gpu_avg_L2_WM, = 66.311
gpu_avg_NOC_A, = 9285.36
gpu_avg_PIPE_A, = 0.186889
gpu_avg_IDLE_CORE_N, = 0.263272
gpu_avg_constant_power = 0
gpu_avg_threads_per_warp = 30.8613
gpu_tot_TOT_INST, = 4.39196e+07
gpu_tot_FP_INT, = 4.39196e+07
gpu_tot_IC_H, = 0
gpu_tot_IC_M, = 0
gpu_tot_DC_RH, = 1.08161e+06
gpu_tot_DC_RM, = 3.22224e+06
gpu_tot_DC_WH, = 16130
gpu_tot_DC_WM, = 64045
gpu_tot_TC_H, = 0
gpu_tot_TC_M, = 0
gpu_tot_CC_H, = 0
gpu_tot_CC_M, = 0
gpu_tot_SHRD_ACC, = 6.96828e+06
gpu_tot_REG_RD, = 1.58037e+09
gpu_tot_REG_WR, = 1.15707e+09
gpu_tot_NON_REG_OPs, = 4.52381e+08
gpu_tot_INT_ACC, = 1.17711e+10
gpu_tot_FPU_ACC, = 0
gpu_tot_DPU_ACC, = 0
gpu_tot_INT_MUL24_ACC, = 0
gpu_tot_INT_MUL32_ACC, = 3.87519e+07
gpu_tot_INT_MUL_ACC, = 0
gpu_tot_INT_DIV_ACC, = 0
gpu_tot_FP_MUL_ACC, = 0
gpu_tot_FP_DIV_ACC, = 0
gpu_tot_FP_SQRT_ACC, = 0
gpu_tot_FP_LG_ACC, = 0
gpu_tot_FP_SIN_ACC, = 0
gpu_tot_FP_EXP_ACC, = 0
gpu_tot_DP_MUL_ACC, = 0
gpu_tot_DP_DIV_ACC, = 0
gpu_tot_TENSOR_ACC, = 0
gpu_tot_TEX_ACC, = 0
gpu_tot_MEM_RD, = 3.19375e+06
gpu_tot_MEM_WR, = 63708
gpu_tot_MEM_PRE, = 550563
gpu_tot_L2_RH, = 1.09953e+06
gpu_tot_L2_RM, = 3.19375e+06
gpu_tot_L2_WH, = 17618
gpu_tot_L2_WM, = 62465
gpu_tot_NOC_A, = 8.74681e+06
gpu_tot_PIPE_A, = 176.049
gpu_tot_IDLE_CORE_N, = 248.002
gpu_tot_constant_power = 0

Kernel Maximum Power Data:
kernel_max_power = 119.572
gpu_max_IBP, = 0.449839
gpu_max_ICP, = 0
gpu_max_DCP, = 2.46049
gpu_max_TCP, = 0
gpu_max_CCP, = 0
gpu_max_SHRDP, = 0.972497
gpu_max_RFP, = 20.9997
gpu_max_INTP, = 11.5867
gpu_max_FPUP, = 0
gpu_max_DPUP, = 0
gpu_max_INT_MUL24P, = 0
gpu_max_INT_MUL32P, = 3.60318
gpu_max_INT_MULP, = 0
gpu_max_INT_DIVP, = 0
gpu_max_FP_MULP, = 0
gpu_max_FP_DIVP, = 0
gpu_max_FP_SQRTP, = 0
gpu_max_FP_LGP, = 0
gpu_max_FP_SINP, = 0
gpu_max_FP_EXP, = 0
gpu_max_DP_MULP, = 0
gpu_max_DP_DIVP, = 0
gpu_max_TENSORP, = 0
gpu_max_TEXP, = 0
gpu_max_SCHEDP, = 1.32469
gpu_max_L2CP, = 0.278829
gpu_max_MCP, = 1.2277
gpu_max_NOCP, = 1.28529
gpu_max_DRAMP, = 8.42185
gpu_max_PIPEP, = 1.17291
gpu_max_IDLE_COREP, = 0
gpu_max_CONSTP = 32.3252
gpu_max_STATICP = 33.4636
gpu_max_TOT_INST, = 56062
gpu_max_FP_INT, = 56062
gpu_max_IC_H, = 0
gpu_max_IC_M, = 0
gpu_max_DC_RH, = 1226
gpu_max_DC_RM, = 4335
gpu_max_DC_WH, = 31
gpu_max_DC_WM, = 121
gpu_max_TC_H, = 0
gpu_max_TC_M, = 0
gpu_max_CC_H, = 0
gpu_max_CC_M, = 0
gpu_max_SHRD_ACC, = 6327
gpu_max_REG_RD, = 2.18602e+06
gpu_max_REG_WR, = 1.63149e+06
gpu_max_NON_REG_OPs, = 660992
gpu_max_INT_ACC, = 1.83783e+07
gpu_max_FPU_ACC, = 0
gpu_max_DPU_ACC, = 0
gpu_max_INT_MUL24_ACC, = 0
gpu_max_INT_MUL32_ACC, = 68255
gpu_max_INT_MUL_ACC, = 0
gpu_max_INT_DIV_ACC, = 0
gpu_max_FP_MUL_ACC, = 0
gpu_max_FP_DIV_ACC, = 0
gpu_max_FP_SQRT_ACC, = 0
gpu_max_FP_LG_ACC, = 0
gpu_max_FP_SIN_ACC, = 0
gpu_max_FP_EXP_ACC, = 0
gpu_max_DP_MUL_ACC, = 0
gpu_max_DP_DIV_ACC, = 0
gpu_max_TENSOR_ACC, = 0
gpu_max_TEX_ACC, = 0
gpu_max_MEM_RD, = 2999
gpu_max_MEM_WR, = 72
gpu_max_MEM_PRE, = 188
gpu_max_L2_RH, = 1933
gpu_max_L2_RM, = 3201
gpu_max_L2_WH, = 82
gpu_max_L2_WM, = 268
gpu_max_NOC_A, = 10936
gpu_max_PIPE_A, = 0.228975
gpu_max_IDLE_CORE_N, = 0
gpu_max_constant_power = 0

Kernel Minimum Power Data:
kernel_min_power = 41.3592
gpu_min_IBP, = 0
gpu_min_ICP, = 0
gpu_min_DCP, = 0
gpu_min_TCP, = 0
gpu_min_CCP, = 0
gpu_min_SHRDP, = 0
gpu_min_RFP, = 0
gpu_min_INTP, = 0
gpu_min_FPUP, = 0
gpu_min_DPUP, = 0
gpu_min_INT_MUL24P, = 0
gpu_min_INT_MUL32P, = 0
gpu_min_INT_MULP, = 0
gpu_min_INT_DIVP, = 0
gpu_min_FP_MULP, = 0
gpu_min_FP_DIVP, = 0
gpu_min_FP_SQRTP, = 0
gpu_min_FP_LGP, = 0
gpu_min_FP_SINP, = 0
gpu_min_FP_EXP, = 0
gpu_min_DP_MULP, = 0
gpu_min_DP_DIVP, = 0
gpu_min_TENSORP, = 0
gpu_min_TEXP, = 0
gpu_min_SCHEDP, = 0
gpu_min_L2CP, = 0
gpu_min_MCP, = 0.55022
gpu_min_NOCP, = 0
gpu_min_DRAMP, = 0
gpu_min_PIPEP, = 0
gpu_min_IDLE_COREP, = 8.48375
gpu_min_CONSTP = 32.3252
gpu_min_STATICP = 0
gpu_min_TOT_INST, = 0
gpu_min_FP_INT, = 0
gpu_min_IC_H, = 0
gpu_min_IC_M, = 0
gpu_min_DC_RH, = 0
gpu_min_DC_RM, = 0
gpu_min_DC_WH, = 0
gpu_min_DC_WM, = 0
gpu_min_TC_H, = 0
gpu_min_TC_M, = 0
gpu_min_CC_H, = 0
gpu_min_CC_M, = 0
gpu_min_SHRD_ACC, = 0
gpu_min_REG_RD, = 0
gpu_min_REG_WR, = 0
gpu_min_NON_REG_OPs, = 0
gpu_min_INT_ACC, = 0
gpu_min_FPU_ACC, = 0
gpu_min_DPU_ACC, = 0
gpu_min_INT_MUL24_ACC, = 0
gpu_min_INT_MUL32_ACC, = 0
gpu_min_INT_MUL_ACC, = 0
gpu_min_INT_DIV_ACC, = 0
gpu_min_FP_MUL_ACC, = 0
gpu_min_FP_DIV_ACC, = 0
gpu_min_FP_SQRT_ACC, = 0
gpu_min_FP_LG_ACC, = 0
gpu_min_FP_SIN_ACC, = 0
gpu_min_FP_EXP_ACC, = 0
gpu_min_DP_MUL_ACC, = 0
gpu_min_DP_DIV_ACC, = 0
gpu_min_TENSOR_ACC, = 0
gpu_min_TEX_ACC, = 0
gpu_min_MEM_RD, = 0
gpu_min_MEM_WR, = 0
gpu_min_MEM_PRE, = 0
gpu_min_L2_RH, = 0
gpu_min_L2_RM, = 0
gpu_min_L2_WH, = 0
gpu_min_L2_WM, = 0
gpu_min_NOC_A, = 0
gpu_min_PIPE_A, = 0
gpu_min_IDLE_CORE_N, = 30
gpu_min_constant_power = 0

Accumulative Power Statistics Over Previous Kernels:
gpu_tot_avg_power = 108.648
gpu_tot_max_power = 121.027
gpu_tot_min_power = 41.3592


kernel_name = _Z14dynproc_kerneliPiS_S_iiii 
kernel_launch_uid = 7 

Kernel Average Power Data:
kernel_avg_power = 108.62
gpu_avg_IBP, = 0.373314
gpu_avg_ICP, = 0
gpu_avg_DCP, = 2.03804
gpu_avg_TCP, = 0
gpu_avg_CCP, = 0
gpu_avg_SHRDP, = 1.1346
gpu_avg_RFP, = 15.6542
gpu_avg_INTP, = 7.86136
gpu_avg_FPUP, = 0
gpu_avg_DPUP, = 0
gpu_avg_INT_MUL24P, = 0
gpu_avg_INT_MUL32P, = 2.16703
gpu_avg_INT_MULP, = 0
gpu_avg_INT_DIVP, = 0
gpu_avg_FP_MULP, = 0
gpu_avg_FP_DIVP, = 0
gpu_avg_FP_SQRTP, = 0
gpu_avg_FP_LGP, = 0
gpu_avg_FP_SINP, = 0
gpu_avg_FP_EXP, = 0
gpu_avg_DP_MULP, = 0
gpu_avg_DP_DIVP, = 0
gpu_avg_TENSORP, = 0
gpu_avg_TEXP, = 0
gpu_avg_SCHEDP, = 1.09933
gpu_avg_L2CP, = 0.147757
gpu_avg_MCP, = 1.16521
gpu_avg_NOCP, = 1.0867
gpu_avg_DRAMP, = 9.65331
gpu_avg_PIPEP, = 0.955292
gpu_avg_IDLE_COREP, = 0.0780903
gpu_avg_CONSTP = 32.3252
gpu_avg_STATICP = 32.881
gpu_avg_TOT_INST, = 46524.9
gpu_avg_FP_INT, = 46524.9
gpu_avg_IC_H, = 0
gpu_avg_IC_M, = 0
gpu_avg_DC_RH, = 1155.49
gpu_avg_DC_RM, = 3395.93
gpu_avg_DC_WH, = 17.071
gpu_avg_DC_WM, = 67.7934
gpu_avg_TC_H, = 0
gpu_avg_TC_M, = 0
gpu_avg_CC_H, = 0
gpu_avg_CC_M, = 0
gpu_avg_SHRD_ACC, = 7381.64
gpu_avg_REG_RD, = 1.67412e+06
gpu_avg_REG_WR, = 1.22565e+06
gpu_avg_NON_REG_OPs, = 479216
gpu_avg_INT_ACC, = 1.24693e+07
gpu_avg_FPU_ACC, = 0
gpu_avg_DPU_ACC, = 0
gpu_avg_INT_MUL24_ACC, = 0
gpu_avg_INT_MUL32_ACC, = 41050.2
gpu_avg_INT_MUL_ACC, = 0
gpu_avg_INT_DIV_ACC, = 0
gpu_avg_FP_MUL_ACC, = 0
gpu_avg_FP_DIV_ACC, = 0
gpu_avg_FP_SQRT_ACC, = 0
gpu_avg_FP_LG_ACC, = 0
gpu_avg_FP_SIN_ACC, = 0
gpu_avg_FP_EXP_ACC, = 0
gpu_avg_DP_MUL_ACC, = 0
gpu_avg_DP_DIV_ACC, = 0
gpu_avg_TENSOR_ACC, = 0
gpu_avg_TEX_ACC, = 0
gpu_avg_MEM_RD, = 3383.52
gpu_avg_MEM_WR, = 64.6441
gpu_avg_MEM_PRE, = 601.609
gpu_avg_L2_RH, = 1154.72
gpu_avg_L2_RM, = 3383.52
gpu_avg_L2_WH, = 18.6875
gpu_avg_L2_WM, = 66.2479
gpu_avg_NOC_A, = 9246.3
gpu_avg_PIPE_A, = 0.186492
gpu_avg_IDLE_CORE_N, = 0.276141
gpu_avg_constant_power = 0
gpu_avg_threads_per_warp = 30.832
gpu_tot_TOT_INST, = 4.39195e+07
gpu_tot_FP_INT, = 4.39195e+07
gpu_tot_IC_H, = 0
gpu_tot_IC_M, = 0
gpu_tot_DC_RH, = 1.09079e+06
gpu_tot_DC_RM, = 3.20576e+06
gpu_tot_DC_WH, = 16115
gpu_tot_DC_WM, = 63997
gpu_tot_TC_H, = 0
gpu_tot_TC_M, = 0
gpu_tot_CC_H, = 0
gpu_tot_CC_M, = 0
gpu_tot_SHRD_ACC, = 6.96826e+06
gpu_tot_REG_RD, = 1.58037e+09
gpu_tot_REG_WR, = 1.15701e+09
gpu_tot_NON_REG_OPs, = 4.5238e+08
gpu_tot_INT_ACC, = 1.17711e+10
gpu_tot_FPU_ACC, = 0
gpu_tot_DPU_ACC, = 0
gpu_tot_INT_MUL24_ACC, = 0
gpu_tot_INT_MUL32_ACC, = 3.87514e+07
gpu_tot_INT_MUL_ACC, = 0
gpu_tot_INT_DIV_ACC, = 0
gpu_tot_FP_MUL_ACC, = 0
gpu_tot_FP_DIV_ACC, = 0
gpu_tot_FP_SQRT_ACC, = 0
gpu_tot_FP_LG_ACC, = 0
gpu_tot_FP_SIN_ACC, = 0
gpu_tot_FP_EXP_ACC, = 0
gpu_tot_DP_MUL_ACC, = 0
gpu_tot_DP_DIV_ACC, = 0
gpu_tot_TENSOR_ACC, = 0
gpu_tot_TEX_ACC, = 0
gpu_tot_MEM_RD, = 3.19405e+06
gpu_tot_MEM_WR, = 61024
gpu_tot_MEM_PRE, = 567919
gpu_tot_L2_RH, = 1.09006e+06
gpu_tot_L2_RM, = 3.19405e+06
gpu_tot_L2_WH, = 17641
gpu_tot_L2_WM, = 62538
gpu_tot_NOC_A, = 8.72851e+06
gpu_tot_PIPE_A, = 176.048
gpu_tot_IDLE_CORE_N, = 260.677
gpu_tot_constant_power = 0

Kernel Maximum Power Data:
kernel_max_power = 119.341
gpu_max_IBP, = 0.4435
gpu_max_ICP, = 0
gpu_max_DCP, = 2.03331
gpu_max_TCP, = 0
gpu_max_CCP, = 0
gpu_max_SHRDP, = 0.63542
gpu_max_RFP, = 21.3273
gpu_max_INTP, = 12.0253
gpu_max_FPUP, = 0
gpu_max_DPUP, = 0
gpu_max_INT_MUL24P, = 0
gpu_max_INT_MUL32P, = 3.9205
gpu_max_INT_MULP, = 0
gpu_max_INT_DIVP, = 0
gpu_max_FP_MULP, = 0
gpu_max_FP_DIVP, = 0
gpu_max_FP_SQRTP, = 0
gpu_max_FP_LGP, = 0
gpu_max_FP_SINP, = 0
gpu_max_FP_EXP, = 0
gpu_max_DP_MULP, = 0
gpu_max_DP_DIVP, = 0
gpu_max_TENSORP, = 0
gpu_max_TEXP, = 0
gpu_max_SCHEDP, = 1.30602
gpu_max_L2CP, = 0.35668
gpu_max_MCP, = 1.16784
gpu_max_NOCP, = 1.19796
gpu_max_DRAMP, = 7.98247
gpu_max_PIPEP, = 1.15613
gpu_max_IDLE_COREP, = 0
gpu_max_CONSTP = 32.3252
gpu_max_STATICP = 33.4636
gpu_max_TOT_INST, = 55272
gpu_max_FP_INT, = 55272
gpu_max_IC_H, = 0
gpu_max_IC_M, = 0
gpu_max_DC_RH, = 950
gpu_max_DC_RM, = 3347
gpu_max_DC_WH, = 110
gpu_max_DC_WM, = 440
gpu_max_TC_H, = 0
gpu_max_TC_M, = 0
gpu_max_CC_H, = 0
gpu_max_CC_M, = 0
gpu_max_SHRD_ACC, = 4134
gpu_max_REG_RD, = 2.1137e+06
gpu_max_REG_WR, = 1.60966e+06
gpu_max_NON_REG_OPs, = 709024
gpu_max_INT_ACC, = 1.9074e+07
gpu_max_FPU_ACC, = 0
gpu_max_DPU_ACC, = 0
gpu_max_INT_MUL24_ACC, = 0
gpu_max_INT_MUL32_ACC, = 74266
gpu_max_INT_MUL_ACC, = 0
gpu_max_INT_DIV_ACC, = 0
gpu_max_FP_MUL_ACC, = 0
gpu_max_FP_DIV_ACC, = 0
gpu_max_FP_SQRT_ACC, = 0
gpu_max_FP_LG_ACC, = 0
gpu_max_FP_SIN_ACC, = 0
gpu_max_FP_EXP_ACC, = 0
gpu_max_DP_MUL_ACC, = 0
gpu_max_DP_DIV_ACC, = 0
gpu_max_TENSOR_ACC, = 0
gpu_max_TEX_ACC, = 0
gpu_max_MEM_RD, = 2856
gpu_max_MEM_WR, = 16
gpu_max_MEM_PRE, = 272
gpu_max_L2_RH, = 1653
gpu_max_L2_RM, = 2923
gpu_max_L2_WH, = 195
gpu_max_L2_WM, = 630
gpu_max_NOC_A, = 10193
gpu_max_PIPE_A, = 0.2257
gpu_max_IDLE_CORE_N, = 0
gpu_max_constant_power = 0

Kernel Minimum Power Data:
kernel_min_power = 41.3592
gpu_min_IBP, = 0
gpu_min_ICP, = 0
gpu_min_DCP, = 0
gpu_min_TCP, = 0
gpu_min_CCP, = 0
gpu_min_SHRDP, = 0
gpu_min_RFP, = 0
gpu_min_INTP, = 0
gpu_min_FPUP, = 0
gpu_min_DPUP, = 0
gpu_min_INT_MUL24P, = 0
gpu_min_INT_MUL32P, = 0
gpu_min_INT_MULP, = 0
gpu_min_INT_DIVP, = 0
gpu_min_FP_MULP, = 0
gpu_min_FP_DIVP, = 0
gpu_min_FP_SQRTP, = 0
gpu_min_FP_LGP, = 0
gpu_min_FP_SINP, = 0
gpu_min_FP_EXP, = 0
gpu_min_DP_MULP, = 0
gpu_min_DP_DIVP, = 0
gpu_min_TENSORP, = 0
gpu_min_TEXP, = 0
gpu_min_SCHEDP, = 0
gpu_min_L2CP, = 0
gpu_min_MCP, = 0.55022
gpu_min_NOCP, = 0
gpu_min_DRAMP, = 0
gpu_min_PIPEP, = 0
gpu_min_IDLE_COREP, = 8.48375
gpu_min_CONSTP = 32.3252
gpu_min_STATICP = 0
gpu_min_TOT_INST, = 0
gpu_min_FP_INT, = 0
gpu_min_IC_H, = 0
gpu_min_IC_M, = 0
gpu_min_DC_RH, = 0
gpu_min_DC_RM, = 0
gpu_min_DC_WH, = 0
gpu_min_DC_WM, = 0
gpu_min_TC_H, = 0
gpu_min_TC_M, = 0
gpu_min_CC_H, = 0
gpu_min_CC_M, = 0
gpu_min_SHRD_ACC, = 0
gpu_min_REG_RD, = 0
gpu_min_REG_WR, = 0
gpu_min_NON_REG_OPs, = 0
gpu_min_INT_ACC, = 0
gpu_min_FPU_ACC, = 0
gpu_min_DPU_ACC, = 0
gpu_min_INT_MUL24_ACC, = 0
gpu_min_INT_MUL32_ACC, = 0
gpu_min_INT_MUL_ACC, = 0
gpu_min_INT_DIV_ACC, = 0
gpu_min_FP_MUL_ACC, = 0
gpu_min_FP_DIV_ACC, = 0
gpu_min_FP_SQRT_ACC, = 0
gpu_min_FP_LG_ACC, = 0
gpu_min_FP_SIN_ACC, = 0
gpu_min_FP_EXP_ACC, = 0
gpu_min_DP_MUL_ACC, = 0
gpu_min_DP_DIV_ACC, = 0
gpu_min_TENSOR_ACC, = 0
gpu_min_TEX_ACC, = 0
gpu_min_MEM_RD, = 0
gpu_min_MEM_WR, = 0
gpu_min_MEM_PRE, = 0
gpu_min_L2_RH, = 0
gpu_min_L2_RM, = 0
gpu_min_L2_WH, = 0
gpu_min_L2_WM, = 0
gpu_min_NOC_A, = 0
gpu_min_PIPE_A, = 0
gpu_min_IDLE_CORE_N, = 30
gpu_min_constant_power = 0

Accumulative Power Statistics Over Previous Kernels:
gpu_tot_avg_power = 108.644
gpu_tot_max_power = 121.027
gpu_tot_min_power = 41.3592


kernel_name = _Z14dynproc_kerneliPiS_S_iiii 
kernel_launch_uid = 8 

Kernel Average Power Data:
kernel_avg_power = 108.591
gpu_avg_IBP, = 0.372916
gpu_avg_ICP, = 0
gpu_avg_DCP, = 2.03447
gpu_avg_TCP, = 0
gpu_avg_CCP, = 0
gpu_avg_SHRDP, = 1.13339
gpu_avg_RFP, = 15.6381
gpu_avg_INTP, = 7.85299
gpu_avg_FPUP, = 0
gpu_avg_DPUP, = 0
gpu_avg_INT_MUL24P, = 0
gpu_avg_INT_MUL32P, = 2.16472
gpu_avg_INT_MULP, = 0
gpu_avg_INT_DIVP, = 0
gpu_avg_FP_MULP, = 0
gpu_avg_FP_DIVP, = 0
gpu_avg_FP_SQRTP, = 0
gpu_avg_FP_LGP, = 0
gpu_avg_FP_SINP, = 0
gpu_avg_FP_EXP, = 0
gpu_avg_DP_MULP, = 0
gpu_avg_DP_DIVP, = 0
gpu_avg_TENSORP, = 0
gpu_avg_TEXP, = 0
gpu_avg_SCHEDP, = 1.09816
gpu_avg_L2CP, = 0.148021
gpu_avg_MCP, = 1.16477
gpu_avg_NOCP, = 1.0867
gpu_avg_DRAMP, = 9.64166
gpu_avg_PIPEP, = 0.954273
gpu_avg_IDLE_COREP, = 0.0690867
gpu_avg_CONSTP = 32.3252
gpu_avg_STATICP = 32.9062
gpu_avg_TOT_INST, = 46475.3
gpu_avg_FP_INT, = 46475.3
gpu_avg_IC_H, = 0
gpu_avg_IC_M, = 0
gpu_avg_DC_RH, = 1149.26
gpu_avg_DC_RM, = 3396.83
gpu_avg_DC_WH, = 17.0455
gpu_avg_DC_WM, = 67.6677
gpu_avg_TC_H, = 0
gpu_avg_TC_M, = 0
gpu_avg_CC_H, = 0
gpu_avg_CC_M, = 0
gpu_avg_SHRD_ACC, = 7373.79
gpu_avg_REG_RD, = 1.67234e+06
gpu_avg_REG_WR, = 1.22452e+06
gpu_avg_NON_REG_OPs, = 478704
gpu_avg_INT_ACC, = 1.24561e+07
gpu_avg_FPU_ACC, = 0
gpu_avg_DPU_ACC, = 0
gpu_avg_INT_MUL24_ACC, = 0
gpu_avg_INT_MUL32_ACC, = 41006.3
gpu_avg_INT_MUL_ACC, = 0
gpu_avg_INT_DIV_ACC, = 0
gpu_avg_FP_MUL_ACC, = 0
gpu_avg_FP_DIV_ACC, = 0
gpu_avg_FP_SQRT_ACC, = 0
gpu_avg_FP_LG_ACC, = 0
gpu_avg_FP_SIN_ACC, = 0
gpu_avg_FP_EXP_ACC, = 0
gpu_avg_DP_MUL_ACC, = 0
gpu_avg_DP_DIV_ACC, = 0
gpu_avg_TENSOR_ACC, = 0
gpu_avg_TEX_ACC, = 0
gpu_avg_MEM_RD, = 3380.19
gpu_avg_MEM_WR, = 67.0011
gpu_avg_MEM_PRE, = 588.179
gpu_avg_L2_RH, = 1158.21
gpu_avg_L2_RM, = 3380.23
gpu_avg_L2_WH, = 18.6434
gpu_avg_L2_WM, = 66.0963
gpu_avg_NOC_A, = 9246.31
gpu_avg_PIPE_A, = 0.186293
gpu_avg_IDLE_CORE_N, = 0.244303
gpu_avg_constant_power = 0
gpu_avg_threads_per_warp = 30.8594
gpu_tot_TOT_INST, = 4.39191e+07
gpu_tot_FP_INT, = 4.39191e+07
gpu_tot_IC_H, = 0
gpu_tot_IC_M, = 0
gpu_tot_DC_RH, = 1.08605e+06
gpu_tot_DC_RM, = 3.21e+06
gpu_tot_DC_WH, = 16108
gpu_tot_DC_WM, = 63946
gpu_tot_TC_H, = 0
gpu_tot_TC_M, = 0
gpu_tot_CC_H, = 0
gpu_tot_CC_M, = 0
gpu_tot_SHRD_ACC, = 6.96823e+06
gpu_tot_REG_RD, = 1.58036e+09
gpu_tot_REG_WR, = 1.15717e+09
gpu_tot_NON_REG_OPs, = 4.52376e+08
gpu_tot_INT_ACC, = 1.1771e+10
gpu_tot_FPU_ACC, = 0
gpu_tot_DPU_ACC, = 0
gpu_tot_INT_MUL24_ACC, = 0
gpu_tot_INT_MUL32_ACC, = 3.8751e+07
gpu_tot_INT_MUL_ACC, = 0
gpu_tot_INT_DIV_ACC, = 0
gpu_tot_FP_MUL_ACC, = 0
gpu_tot_FP_DIV_ACC, = 0
gpu_tot_FP_SQRT_ACC, = 0
gpu_tot_FP_LG_ACC, = 0
gpu_tot_FP_SIN_ACC, = 0
gpu_tot_FP_EXP_ACC, = 0
gpu_tot_DP_MUL_ACC, = 0
gpu_tot_DP_DIV_ACC, = 0
gpu_tot_TENSOR_ACC, = 0
gpu_tot_TEX_ACC, = 0
gpu_tot_MEM_RD, = 3.19428e+06
gpu_tot_MEM_WR, = 63316
gpu_tot_MEM_PRE, = 555829
gpu_tot_L2_RH, = 1.09451e+06
gpu_tot_L2_RM, = 3.19432e+06
gpu_tot_L2_WH, = 17618
gpu_tot_L2_WM, = 62461
gpu_tot_NOC_A, = 8.73776e+06
gpu_tot_PIPE_A, = 176.047
gpu_tot_IDLE_CORE_N, = 230.866
gpu_tot_constant_power = 0

Kernel Maximum Power Data:
kernel_max_power = 119.44
gpu_max_IBP, = 0.452247
gpu_max_ICP, = 0
gpu_max_DCP, = 2.46053
gpu_max_TCP, = 0
gpu_max_CCP, = 0
gpu_max_SHRDP, = 0.99002
gpu_max_RFP, = 20.9087
gpu_max_INTP, = 11.3454
gpu_max_FPUP, = 0
gpu_max_DPUP, = 0
gpu_max_INT_MUL24P, = 0
gpu_max_INT_MUL32P, = 3.67676
gpu_max_INT_MULP, = 0
gpu_max_INT_DIVP, = 0
gpu_max_FP_MULP, = 0
gpu_max_FP_DIVP, = 0
gpu_max_FP_SQRTP, = 0
gpu_max_FP_LGP, = 0
gpu_max_FP_SINP, = 0
gpu_max_FP_EXP, = 0
gpu_max_DP_MULP, = 0
gpu_max_DP_DIVP, = 0
gpu_max_TENSORP, = 0
gpu_max_TEXP, = 0
gpu_max_SCHEDP, = 1.33177
gpu_max_L2CP, = 0.301073
gpu_max_MCP, = 1.22868
gpu_max_NOCP, = 1.30515
gpu_max_DRAMP, = 8.47463
gpu_max_PIPEP, = 1.17585
gpu_max_IDLE_COREP, = 0
gpu_max_CONSTP = 32.3252
gpu_max_STATICP = 33.4636
gpu_max_TOT_INST, = 56362
gpu_max_FP_INT, = 56362
gpu_max_IC_H, = 0
gpu_max_IC_M, = 0
gpu_max_DC_RH, = 1251
gpu_max_DC_RM, = 4230
gpu_max_DC_WH, = 47
gpu_max_DC_WM, = 186
gpu_max_TC_H, = 0
gpu_max_TC_M, = 0
gpu_max_CC_H, = 0
gpu_max_CC_M, = 0
gpu_max_SHRD_ACC, = 6441
gpu_max_REG_RD, = 2.15395e+06
gpu_max_REG_WR, = 1.60998e+06
gpu_max_NON_REG_OPs, = 667104
gpu_max_INT_ACC, = 1.79955e+07
gpu_max_FPU_ACC, = 0
gpu_max_DPU_ACC, = 0
gpu_max_INT_MUL24_ACC, = 0
gpu_max_INT_MUL32_ACC, = 69649
gpu_max_INT_MUL_ACC, = 0
gpu_max_INT_DIV_ACC, = 0
gpu_max_FP_MUL_ACC, = 0
gpu_max_FP_DIV_ACC, = 0
gpu_max_FP_SQRT_ACC, = 0
gpu_max_FP_LG_ACC, = 0
gpu_max_FP_SIN_ACC, = 0
gpu_max_FP_EXP_ACC, = 0
gpu_max_DP_MUL_ACC, = 0
gpu_max_DP_DIV_ACC, = 0
gpu_max_TENSOR_ACC, = 0
gpu_max_TEX_ACC, = 0
gpu_max_MEM_RD, = 3038
gpu_max_MEM_WR, = 0
gpu_max_MEM_PRE, = 310
gpu_max_L2_RH, = 1898
gpu_max_L2_RM, = 3056
gpu_max_L2_WH, = 107
gpu_max_L2_WM, = 365
gpu_max_NOC_A, = 11105
gpu_max_PIPE_A, = 0.22955
gpu_max_IDLE_CORE_N, = 0
gpu_max_constant_power = 0

Kernel Minimum Power Data:
kernel_min_power = 41.3592
gpu_min_IBP, = 0
gpu_min_ICP, = 0
gpu_min_DCP, = 0
gpu_min_TCP, = 0
gpu_min_CCP, = 0
gpu_min_SHRDP, = 0
gpu_min_RFP, = 0
gpu_min_INTP, = 0
gpu_min_FPUP, = 0
gpu_min_DPUP, = 0
gpu_min_INT_MUL24P, = 0
gpu_min_INT_MUL32P, = 0
gpu_min_INT_MULP, = 0
gpu_min_INT_DIVP, = 0
gpu_min_FP_MULP, = 0
gpu_min_FP_DIVP, = 0
gpu_min_FP_SQRTP, = 0
gpu_min_FP_LGP, = 0
gpu_min_FP_SINP, = 0
gpu_min_FP_EXP, = 0
gpu_min_DP_MULP, = 0
gpu_min_DP_DIVP, = 0
gpu_min_TENSORP, = 0
gpu_min_TEXP, = 0
gpu_min_SCHEDP, = 0
gpu_min_L2CP, = 0
gpu_min_MCP, = 0.55022
gpu_min_NOCP, = 0
gpu_min_DRAMP, = 0
gpu_min_PIPEP, = 0
gpu_min_IDLE_COREP, = 8.48375
gpu_min_CONSTP = 32.3252
gpu_min_STATICP = 0
gpu_min_TOT_INST, = 0
gpu_min_FP_INT, = 0
gpu_min_IC_H, = 0
gpu_min_IC_M, = 0
gpu_min_DC_RH, = 0
gpu_min_DC_RM, = 0
gpu_min_DC_WH, = 0
gpu_min_DC_WM, = 0
gpu_min_TC_H, = 0
gpu_min_TC_M, = 0
gpu_min_CC_H, = 0
gpu_min_CC_M, = 0
gpu_min_SHRD_ACC, = 0
gpu_min_REG_RD, = 0
gpu_min_REG_WR, = 0
gpu_min_NON_REG_OPs, = 0
gpu_min_INT_ACC, = 0
gpu_min_FPU_ACC, = 0
gpu_min_DPU_ACC, = 0
gpu_min_INT_MUL24_ACC, = 0
gpu_min_INT_MUL32_ACC, = 0
gpu_min_INT_MUL_ACC, = 0
gpu_min_INT_DIV_ACC, = 0
gpu_min_FP_MUL_ACC, = 0
gpu_min_FP_DIV_ACC, = 0
gpu_min_FP_SQRT_ACC, = 0
gpu_min_FP_LG_ACC, = 0
gpu_min_FP_SIN_ACC, = 0
gpu_min_FP_EXP_ACC, = 0
gpu_min_DP_MUL_ACC, = 0
gpu_min_DP_DIV_ACC, = 0
gpu_min_TENSOR_ACC, = 0
gpu_min_TEX_ACC, = 0
gpu_min_MEM_RD, = 0
gpu_min_MEM_WR, = 0
gpu_min_MEM_PRE, = 0
gpu_min_L2_RH, = 0
gpu_min_L2_RM, = 0
gpu_min_L2_WH, = 0
gpu_min_L2_WM, = 0
gpu_min_NOC_A, = 0
gpu_min_PIPE_A, = 0
gpu_min_IDLE_CORE_N, = 30
gpu_min_constant_power = 0

Accumulative Power Statistics Over Previous Kernels:
gpu_tot_avg_power = 108.637
gpu_tot_max_power = 121.027
gpu_tot_min_power = 41.3592


kernel_name = _Z14dynproc_kerneliPiS_S_iiii 
kernel_launch_uid = 9 

Kernel Average Power Data:
kernel_avg_power = 108.628
gpu_avg_IBP, = 0.37411
gpu_avg_ICP, = 0
gpu_avg_DCP, = 2.04026
gpu_avg_TCP, = 0
gpu_avg_CCP, = 0
gpu_avg_SHRDP, = 1.13702
gpu_avg_RFP, = 15.688
gpu_avg_INTP, = 7.87811
gpu_avg_FPUP, = 0
gpu_avg_DPUP, = 0
gpu_avg_INT_MUL24P, = 0
gpu_avg_INT_MUL32P, = 2.17169
gpu_avg_INT_MULP, = 0
gpu_avg_INT_DIVP, = 0
gpu_avg_FP_MULP, = 0
gpu_avg_FP_DIVP, = 0
gpu_avg_FP_SQRTP, = 0
gpu_avg_FP_LGP, = 0
gpu_avg_FP_SINP, = 0
gpu_avg_FP_EXP, = 0
gpu_avg_DP_MULP, = 0
gpu_avg_DP_DIVP, = 0
gpu_avg_TENSORP, = 0
gpu_avg_TEXP, = 0
gpu_avg_SCHEDP, = 1.10168
gpu_avg_L2CP, = 0.147683
gpu_avg_MCP, = 1.16591
gpu_avg_NOCP, = 1.08812
gpu_avg_DRAMP, = 9.66141
gpu_avg_PIPEP, = 0.957331
gpu_avg_IDLE_COREP, = 0.10484
gpu_avg_CONSTP = 32.3252
gpu_avg_STATICP = 32.7862
gpu_avg_TOT_INST, = 46624.2
gpu_avg_FP_INT, = 46624.2
gpu_avg_IC_H, = 0
gpu_avg_IC_M, = 0
gpu_avg_DC_RH, = 1161.8
gpu_avg_DC_RM, = 3391.33
gpu_avg_DC_WH, = 17.1433
gpu_avg_DC_WM, = 67.9989
gpu_avg_TC_H, = 0
gpu_avg_TC_M, = 0
gpu_avg_CC_H, = 0
gpu_avg_CC_M, = 0
gpu_avg_SHRD_ACC, = 7397.37
gpu_avg_REG_RD, = 1.67769e+06
gpu_avg_REG_WR, = 1.22839e+06
gpu_avg_NON_REG_OPs, = 480238
gpu_avg_INT_ACC, = 1.24959e+07
gpu_avg_FPU_ACC, = 0
gpu_avg_DPU_ACC, = 0
gpu_avg_INT_MUL24_ACC, = 0
gpu_avg_INT_MUL32_ACC, = 41138.3
gpu_avg_INT_MUL_ACC, = 0
gpu_avg_INT_DIV_ACC, = 0
gpu_avg_FP_MUL_ACC, = 0
gpu_avg_FP_DIV_ACC, = 0
gpu_avg_FP_SQRT_ACC, = 0
gpu_avg_FP_LG_ACC, = 0
gpu_avg_FP_SIN_ACC, = 0
gpu_avg_FP_EXP_ACC, = 0
gpu_avg_DP_MUL_ACC, = 0
gpu_avg_DP_DIV_ACC, = 0
gpu_avg_TENSOR_ACC, = 0
gpu_avg_TEX_ACC, = 0
gpu_avg_MEM_RD, = 3391.13
gpu_avg_MEM_WR, = 65.138
gpu_avg_MEM_PRE, = 571.863
gpu_avg_L2_RH, = 1152.96
gpu_avg_L2_RM, = 3391.09
gpu_avg_L2_WH, = 18.7325
gpu_avg_L2_WM, = 66.4098
gpu_avg_NOC_A, = 9258.41
gpu_avg_PIPE_A, = 0.18689
gpu_avg_IDLE_CORE_N, = 0.370732
gpu_avg_constant_power = 0
gpu_avg_threads_per_warp = 30.8623
gpu_tot_TOT_INST, = 4.392e+07
gpu_tot_FP_INT, = 4.392e+07
gpu_tot_IC_H, = 0
gpu_tot_IC_M, = 0
gpu_tot_DC_RH, = 1.09441e+06
gpu_tot_DC_RM, = 3.19463e+06
gpu_tot_DC_WH, = 16149
gpu_tot_DC_WM, = 64055
gpu_tot_TC_H, = 0
gpu_tot_TC_M, = 0
gpu_tot_CC_H, = 0
gpu_tot_CC_M, = 0
gpu_tot_SHRD_ACC, = 6.96832e+06
gpu_tot_REG_RD, = 1.58038e+09
gpu_tot_REG_WR, = 1.15715e+09
gpu_tot_NON_REG_OPs, = 4.52385e+08
gpu_tot_INT_ACC, = 1.17712e+10
gpu_tot_FPU_ACC, = 0
gpu_tot_DPU_ACC, = 0
gpu_tot_INT_MUL24_ACC, = 0
gpu_tot_INT_MUL32_ACC, = 3.87523e+07
gpu_tot_INT_MUL_ACC, = 0
gpu_tot_INT_DIV_ACC, = 0
gpu_tot_FP_MUL_ACC, = 0
gpu_tot_FP_DIV_ACC, = 0
gpu_tot_FP_SQRT_ACC, = 0
gpu_tot_FP_LG_ACC, = 0
gpu_tot_FP_SIN_ACC, = 0
gpu_tot_FP_EXP_ACC, = 0
gpu_tot_DP_MUL_ACC, = 0
gpu_tot_DP_DIV_ACC, = 0
gpu_tot_TENSOR_ACC, = 0
gpu_tot_TEX_ACC, = 0
gpu_tot_MEM_RD, = 3.19444e+06
gpu_tot_MEM_WR, = 61360
gpu_tot_MEM_PRE, = 538695
gpu_tot_L2_RH, = 1.08609e+06
gpu_tot_L2_RM, = 3.19441e+06
gpu_tot_L2_WH, = 17646
gpu_tot_L2_WM, = 62558
gpu_tot_NOC_A, = 8.72143e+06
gpu_tot_PIPE_A, = 176.05
gpu_tot_IDLE_CORE_N, = 349.23
gpu_tot_constant_power = 0

Kernel Maximum Power Data:
kernel_max_power = 121.169
gpu_max_IBP, = 0.457799
gpu_max_ICP, = 0
gpu_max_DCP, = 2.36135
gpu_max_TCP, = 0
gpu_max_CCP, = 0
gpu_max_SHRDP, = 0.818791
gpu_max_RFP, = 21.8993
gpu_max_INTP, = 12.4142
gpu_max_FPUP, = 0
gpu_max_DPUP, = 0
gpu_max_INT_MUL24P, = 0
gpu_max_INT_MUL32P, = 3.91669
gpu_max_INT_MULP, = 0
gpu_max_INT_DIVP, = 0
gpu_max_FP_MULP, = 0
gpu_max_FP_DIVP, = 0
gpu_max_FP_SQRTP, = 0
gpu_max_FP_LGP, = 0
gpu_max_FP_SINP, = 0
gpu_max_FP_EXP, = 0
gpu_max_DP_MULP, = 0
gpu_max_DP_DIVP, = 0
gpu_max_TENSORP, = 0
gpu_max_TEXP, = 0
gpu_max_SCHEDP, = 1.34813
gpu_max_L2CP, = 0.287452
gpu_max_MCP, = 1.2108
gpu_max_NOCP, = 1.25156
gpu_max_DRAMP, = 8.21653
gpu_max_PIPEP, = 1.19743
gpu_max_IDLE_COREP, = 0
gpu_max_CONSTP = 32.3252
gpu_max_STATICP = 33.4636
gpu_max_TOT_INST, = 57054
gpu_max_FP_INT, = 57054
gpu_max_IC_H, = 0
gpu_max_IC_M, = 0
gpu_max_DC_RH, = 1157
gpu_max_DC_RM, = 4105
gpu_max_DC_WH, = 50
gpu_max_DC_WM, = 204
gpu_max_TC_H, = 0
gpu_max_TC_M, = 0
gpu_max_CC_H, = 0
gpu_max_CC_M, = 0
gpu_max_SHRD_ACC, = 5327
gpu_max_REG_RD, = 2.25805e+06
gpu_max_REG_WR, = 1.69446e+06
gpu_max_NON_REG_OPs, = 696384
gpu_max_INT_ACC, = 1.96908e+07
gpu_max_FPU_ACC, = 0
gpu_max_DPU_ACC, = 0
gpu_max_INT_MUL24_ACC, = 0
gpu_max_INT_MUL32_ACC, = 74194
gpu_max_INT_MUL_ACC, = 0
gpu_max_INT_DIV_ACC, = 0
gpu_max_FP_MUL_ACC, = 0
gpu_max_FP_DIV_ACC, = 0
gpu_max_FP_SQRT_ACC, = 0
gpu_max_FP_LG_ACC, = 0
gpu_max_FP_SIN_ACC, = 0
gpu_max_FP_EXP_ACC, = 0
gpu_max_DP_MUL_ACC, = 0
gpu_max_DP_DIV_ACC, = 0
gpu_max_TENSOR_ACC, = 0
gpu_max_TEX_ACC, = 0
gpu_max_MEM_RD, = 2980
gpu_max_MEM_WR, = 0
gpu_max_MEM_PRE, = 92
gpu_max_L2_RH, = 1912
gpu_max_L2_RM, = 3046
gpu_max_L2_WH, = 96
gpu_max_L2_WM, = 304
gpu_max_NOC_A, = 10649
gpu_max_PIPE_A, = 0.233762
gpu_max_IDLE_CORE_N, = 0
gpu_max_constant_power = 0

Kernel Minimum Power Data:
kernel_min_power = 41.3592
gpu_min_IBP, = 0
gpu_min_ICP, = 0
gpu_min_DCP, = 0
gpu_min_TCP, = 0
gpu_min_CCP, = 0
gpu_min_SHRDP, = 0
gpu_min_RFP, = 0
gpu_min_INTP, = 0
gpu_min_FPUP, = 0
gpu_min_DPUP, = 0
gpu_min_INT_MUL24P, = 0
gpu_min_INT_MUL32P, = 0
gpu_min_INT_MULP, = 0
gpu_min_INT_DIVP, = 0
gpu_min_FP_MULP, = 0
gpu_min_FP_DIVP, = 0
gpu_min_FP_SQRTP, = 0
gpu_min_FP_LGP, = 0
gpu_min_FP_SINP, = 0
gpu_min_FP_EXP, = 0
gpu_min_DP_MULP, = 0
gpu_min_DP_DIVP, = 0
gpu_min_TENSORP, = 0
gpu_min_TEXP, = 0
gpu_min_SCHEDP, = 0
gpu_min_L2CP, = 0
gpu_min_MCP, = 0.55022
gpu_min_NOCP, = 0
gpu_min_DRAMP, = 0
gpu_min_PIPEP, = 0
gpu_min_IDLE_COREP, = 8.48375
gpu_min_CONSTP = 32.3252
gpu_min_STATICP = 0
gpu_min_TOT_INST, = 0
gpu_min_FP_INT, = 0
gpu_min_IC_H, = 0
gpu_min_IC_M, = 0
gpu_min_DC_RH, = 0
gpu_min_DC_RM, = 0
gpu_min_DC_WH, = 0
gpu_min_DC_WM, = 0
gpu_min_TC_H, = 0
gpu_min_TC_M, = 0
gpu_min_CC_H, = 0
gpu_min_CC_M, = 0
gpu_min_SHRD_ACC, = 0
gpu_min_REG_RD, = 0
gpu_min_REG_WR, = 0
gpu_min_NON_REG_OPs, = 0
gpu_min_INT_ACC, = 0
gpu_min_FPU_ACC, = 0
gpu_min_DPU_ACC, = 0
gpu_min_INT_MUL24_ACC, = 0
gpu_min_INT_MUL32_ACC, = 0
gpu_min_INT_MUL_ACC, = 0
gpu_min_INT_DIV_ACC, = 0
gpu_min_FP_MUL_ACC, = 0
gpu_min_FP_DIV_ACC, = 0
gpu_min_FP_SQRT_ACC, = 0
gpu_min_FP_LG_ACC, = 0
gpu_min_FP_SIN_ACC, = 0
gpu_min_FP_EXP_ACC, = 0
gpu_min_DP_MUL_ACC, = 0
gpu_min_DP_DIV_ACC, = 0
gpu_min_TENSOR_ACC, = 0
gpu_min_TEX_ACC, = 0
gpu_min_MEM_RD, = 0
gpu_min_MEM_WR, = 0
gpu_min_MEM_PRE, = 0
gpu_min_L2_RH, = 0
gpu_min_L2_RM, = 0
gpu_min_L2_WH, = 0
gpu_min_L2_WM, = 0
gpu_min_NOC_A, = 0
gpu_min_PIPE_A, = 0
gpu_min_IDLE_CORE_N, = 30
gpu_min_constant_power = 0

Accumulative Power Statistics Over Previous Kernels:
gpu_tot_avg_power = 108.636
gpu_tot_max_power = 121.169
gpu_tot_min_power = 41.3592


kernel_name = _Z14dynproc_kerneliPiS_S_iiii 
kernel_launch_uid = 10 

Kernel Average Power Data:
kernel_avg_power = 108.475
gpu_avg_IBP, = 0.374315
gpu_avg_ICP, = 0
gpu_avg_DCP, = 1.96636
gpu_avg_TCP, = 0
gpu_avg_CCP, = 0
gpu_avg_SHRDP, = 1.12915
gpu_avg_RFP, = 15.6444
gpu_avg_INTP, = 7.88848
gpu_avg_FPUP, = 0
gpu_avg_DPUP, = 0
gpu_avg_INT_MUL24P, = 0
gpu_avg_INT_MUL32P, = 2.16113
gpu_avg_INT_MULP, = 0
gpu_avg_INT_DIVP, = 0
gpu_avg_FP_MULP, = 0
gpu_avg_FP_DIVP, = 0
gpu_avg_FP_SQRTP, = 0
gpu_avg_FP_LGP, = 0
gpu_avg_FP_SINP, = 0
gpu_avg_FP_EXP, = 0
gpu_avg_DP_MULP, = 0
gpu_avg_DP_DIVP, = 0
gpu_avg_TENSORP, = 0
gpu_avg_TEXP, = 0
gpu_avg_SCHEDP, = 1.10228
gpu_avg_L2CP, = 0.1443
gpu_avg_MCP, = 1.16788
gpu_avg_NOCP, = 1.083
gpu_avg_DRAMP, = 9.694
gpu_avg_PIPEP, = 0.970553
gpu_avg_IDLE_COREP, = 0.131835
gpu_avg_CONSTP = 32.3252
gpu_avg_STATICP = 32.6923
gpu_avg_TOT_INST, = 46649.6
gpu_avg_FP_INT, = 46649.6
gpu_avg_IC_H, = 0
gpu_avg_IC_M, = 0
gpu_avg_DC_RH, = 881.403
gpu_avg_DC_RM, = 3650.08
gpu_avg_DC_WH, = 13.0912
gpu_avg_DC_WM, = 71.0684
gpu_avg_TC_H, = 0
gpu_avg_TC_M, = 0
gpu_avg_CC_H, = 0
gpu_avg_CC_M, = 0
gpu_avg_SHRD_ACC, = 7346.14
gpu_avg_REG_RD, = 1.67572e+06
gpu_avg_REG_WR, = 1.21837e+06
gpu_avg_NON_REG_OPs, = 479664
gpu_avg_INT_ACC, = 1.25124e+07
gpu_avg_FPU_ACC, = 0
gpu_avg_DPU_ACC, = 0
gpu_avg_INT_MUL24_ACC, = 0
gpu_avg_INT_MUL32_ACC, = 40938.3
gpu_avg_INT_MUL_ACC, = 0
gpu_avg_INT_DIV_ACC, = 0
gpu_avg_FP_MUL_ACC, = 0
gpu_avg_FP_DIV_ACC, = 0
gpu_avg_FP_SQRT_ACC, = 0
gpu_avg_FP_LG_ACC, = 0
gpu_avg_FP_SIN_ACC, = 0
gpu_avg_FP_EXP_ACC, = 0
gpu_avg_DP_MUL_ACC, = 0
gpu_avg_DP_DIV_ACC, = 0
gpu_avg_TENSOR_ACC, = 0
gpu_avg_TEX_ACC, = 0
gpu_avg_MEM_RD, = 3400.07
gpu_avg_MEM_WR, = 68.2378
gpu_avg_MEM_PRE, = 579.236
gpu_avg_L2_RH, = 1123.15
gpu_avg_L2_RM, = 3400.09
gpu_avg_L2_WH, = 16.2953
gpu_avg_L2_WM, = 67.8643
gpu_avg_NOC_A, = 9214.77
gpu_avg_PIPE_A, = 0.189471
gpu_avg_IDLE_CORE_N, = 0.466191
gpu_avg_constant_power = 0
gpu_avg_threads_per_warp = 30.8434
gpu_tot_TOT_INST, = 4.29643e+07
gpu_tot_FP_INT, = 4.29643e+07
gpu_tot_IC_H, = 0
gpu_tot_IC_M, = 0
gpu_tot_DC_RH, = 811772
gpu_tot_DC_RM, = 3.36172e+06
gpu_tot_DC_WH, = 12057
gpu_tot_DC_WM, = 65454
gpu_tot_TC_H, = 0
gpu_tot_TC_M, = 0
gpu_tot_CC_H, = 0
gpu_tot_CC_M, = 0
gpu_tot_SHRD_ACC, = 6.7658e+06
gpu_tot_REG_RD, = 1.54334e+09
gpu_tot_REG_WR, = 1.12211e+09
gpu_tot_NON_REG_OPs, = 4.4177e+08
gpu_tot_INT_ACC, = 1.15239e+10
gpu_tot_FPU_ACC, = 0
gpu_tot_DPU_ACC, = 0
gpu_tot_INT_MUL24_ACC, = 0
gpu_tot_INT_MUL32_ACC, = 3.77042e+07
gpu_tot_INT_MUL_ACC, = 0
gpu_tot_INT_DIV_ACC, = 0
gpu_tot_FP_MUL_ACC, = 0
gpu_tot_FP_DIV_ACC, = 0
gpu_tot_FP_SQRT_ACC, = 0
gpu_tot_FP_LG_ACC, = 0
gpu_tot_FP_SIN_ACC, = 0
gpu_tot_FP_EXP_ACC, = 0
gpu_tot_DP_MUL_ACC, = 0
gpu_tot_DP_DIV_ACC, = 0
gpu_tot_TENSOR_ACC, = 0
gpu_tot_TEX_ACC, = 0
gpu_tot_MEM_RD, = 3.13146e+06
gpu_tot_MEM_WR, = 62847
gpu_tot_MEM_PRE, = 533476
gpu_tot_L2_RH, = 1.03442e+06
gpu_tot_L2_RM, = 3.13148e+06
gpu_tot_L2_WH, = 15008
gpu_tot_L2_WM, = 62503
gpu_tot_NOC_A, = 8.4868e+06
gpu_tot_PIPE_A, = 174.503
gpu_tot_IDLE_CORE_N, = 429.362
gpu_tot_constant_power = 0

Kernel Maximum Power Data:
kernel_max_power = 120.25
gpu_max_IBP, = 0.448283
gpu_max_ICP, = 0
gpu_max_DCP, = 2.2064
gpu_max_TCP, = 0
gpu_max_CCP, = 0
gpu_max_SHRDP, = 0.782056
gpu_max_RFP, = 21.3753
gpu_max_INTP, = 12.0996
gpu_max_FPUP, = 0
gpu_max_DPUP, = 0
gpu_max_INT_MUL24P, = 0
gpu_max_INT_MUL32P, = 3.70817
gpu_max_INT_MULP, = 0
gpu_max_INT_DIVP, = 0
gpu_max_FP_MULP, = 0
gpu_max_FP_DIVP, = 0
gpu_max_FP_SQRTP, = 0
gpu_max_FP_LGP, = 0
gpu_max_FP_SINP, = 0
gpu_max_FP_EXP, = 0
gpu_max_DP_MULP, = 0
gpu_max_DP_DIVP, = 0
gpu_max_TENSORP, = 0
gpu_max_TEXP, = 0
gpu_max_SCHEDP, = 1.3201
gpu_max_L2CP, = 0.318478
gpu_max_MCP, = 1.22379
gpu_max_NOCP, = 1.24686
gpu_max_DRAMP, = 8.5626
gpu_max_PIPEP, = 1.16986
gpu_max_IDLE_COREP, = 0
gpu_max_CONSTP = 32.3252
gpu_max_STATICP = 33.4636
gpu_max_TOT_INST, = 55868
gpu_max_FP_INT, = 55868
gpu_max_IC_H, = 0
gpu_max_IC_M, = 0
gpu_max_DC_RH, = 842
gpu_max_DC_RM, = 4102
gpu_max_DC_WH, = 59
gpu_max_DC_WM, = 315
gpu_max_TC_H, = 0
gpu_max_TC_M, = 0
gpu_max_CC_H, = 0
gpu_max_CC_M, = 0
gpu_max_SHRD_ACC, = 5088
gpu_max_REG_RD, = 2.1903e+06
gpu_max_REG_WR, = 1.64042e+06
gpu_max_NON_REG_OPs, = 686208
gpu_max_INT_ACC, = 1.91918e+07
gpu_max_FPU_ACC, = 0
gpu_max_DPU_ACC, = 0
gpu_max_INT_MUL24_ACC, = 0
gpu_max_INT_MUL32_ACC, = 70244
gpu_max_INT_MUL_ACC, = 0
gpu_max_INT_DIV_ACC, = 0
gpu_max_FP_MUL_ACC, = 0
gpu_max_FP_DIV_ACC, = 0
gpu_max_FP_SQRT_ACC, = 0
gpu_max_FP_LG_ACC, = 0
gpu_max_FP_SIN_ACC, = 0
gpu_max_FP_EXP_ACC, = 0
gpu_max_DP_MUL_ACC, = 0
gpu_max_DP_DIV_ACC, = 0
gpu_max_TENSOR_ACC, = 0
gpu_max_TEX_ACC, = 0
gpu_max_MEM_RD, = 2969
gpu_max_MEM_WR, = 206
gpu_max_MEM_PRE, = 230
gpu_max_L2_RH, = 1741
gpu_max_L2_RM, = 3020
gpu_max_L2_WH, = 139
gpu_max_L2_WM, = 481
gpu_max_NOC_A, = 10609
gpu_max_PIPE_A, = 0.228379
gpu_max_IDLE_CORE_N, = 0
gpu_max_constant_power = 0

Kernel Minimum Power Data:
kernel_min_power = 41.3592
gpu_min_IBP, = 0
gpu_min_ICP, = 0
gpu_min_DCP, = 0
gpu_min_TCP, = 0
gpu_min_CCP, = 0
gpu_min_SHRDP, = 0
gpu_min_RFP, = 0
gpu_min_INTP, = 0
gpu_min_FPUP, = 0
gpu_min_DPUP, = 0
gpu_min_INT_MUL24P, = 0
gpu_min_INT_MUL32P, = 0
gpu_min_INT_MULP, = 0
gpu_min_INT_DIVP, = 0
gpu_min_FP_MULP, = 0
gpu_min_FP_DIVP, = 0
gpu_min_FP_SQRTP, = 0
gpu_min_FP_LGP, = 0
gpu_min_FP_SINP, = 0
gpu_min_FP_EXP, = 0
gpu_min_DP_MULP, = 0
gpu_min_DP_DIVP, = 0
gpu_min_TENSORP, = 0
gpu_min_TEXP, = 0
gpu_min_SCHEDP, = 0
gpu_min_L2CP, = 0
gpu_min_MCP, = 0.55022
gpu_min_NOCP, = 0
gpu_min_DRAMP, = 0
gpu_min_PIPEP, = 0
gpu_min_IDLE_COREP, = 8.48375
gpu_min_CONSTP = 32.3252
gpu_min_STATICP = 0
gpu_min_TOT_INST, = 0
gpu_min_FP_INT, = 0
gpu_min_IC_H, = 0
gpu_min_IC_M, = 0
gpu_min_DC_RH, = 0
gpu_min_DC_RM, = 0
gpu_min_DC_WH, = 0
gpu_min_DC_WM, = 0
gpu_min_TC_H, = 0
gpu_min_TC_M, = 0
gpu_min_CC_H, = 0
gpu_min_CC_M, = 0
gpu_min_SHRD_ACC, = 0
gpu_min_REG_RD, = 0
gpu_min_REG_WR, = 0
gpu_min_NON_REG_OPs, = 0
gpu_min_INT_ACC, = 0
gpu_min_FPU_ACC, = 0
gpu_min_DPU_ACC, = 0
gpu_min_INT_MUL24_ACC, = 0
gpu_min_INT_MUL32_ACC, = 0
gpu_min_INT_MUL_ACC, = 0
gpu_min_INT_DIV_ACC, = 0
gpu_min_FP_MUL_ACC, = 0
gpu_min_FP_DIV_ACC, = 0
gpu_min_FP_SQRT_ACC, = 0
gpu_min_FP_LG_ACC, = 0
gpu_min_FP_SIN_ACC, = 0
gpu_min_FP_EXP_ACC, = 0
gpu_min_DP_MUL_ACC, = 0
gpu_min_DP_DIV_ACC, = 0
gpu_min_TENSOR_ACC, = 0
gpu_min_TEX_ACC, = 0
gpu_min_MEM_RD, = 0
gpu_min_MEM_WR, = 0
gpu_min_MEM_PRE, = 0
gpu_min_L2_RH, = 0
gpu_min_L2_RM, = 0
gpu_min_L2_WH, = 0
gpu_min_L2_WM, = 0
gpu_min_NOC_A, = 0
gpu_min_PIPE_A, = 0
gpu_min_IDLE_CORE_N, = 30
gpu_min_constant_power = 0

Accumulative Power Statistics Over Previous Kernels:
gpu_tot_avg_power = 108.62
gpu_tot_max_power = 121.169
gpu_tot_min_power = 41.3592


