kernel_name = _Z20GPU_forward_pass_gruPfS_S_S_S_S_S_S_S_S_S_ 
kernel_launch_uid = 1 

Kernel Average Power Data:
kernel_avg_power = 59.3631
gpu_avg_IBP, = 0.000765758
gpu_avg_ICP, = 0
gpu_avg_DCP, = 0.245703
gpu_avg_TCP, = 0
gpu_avg_CCP, = 0
gpu_avg_SHRDP, = 0.00128486
gpu_avg_RFP, = 0.101423
gpu_avg_INTP, = 0.00544107
gpu_avg_FPUP, = 0.000694141
gpu_avg_DPUP, = 8.10671e-05
gpu_avg_INT_MUL24P, = 0
gpu_avg_INT_MUL32P, = 0.000320931
gpu_avg_INT_MULP, = 0
gpu_avg_INT_DIVP, = 0
gpu_avg_FP_MULP, = 0.00393617
gpu_avg_FP_DIVP, = 4.59667e-06
gpu_avg_FP_SQRTP, = 0
gpu_avg_FP_LGP, = 0
gpu_avg_FP_SINP, = 0
gpu_avg_FP_EXP, = 1.53822e-06
gpu_avg_DP_MULP, = 2.82695e-05
gpu_avg_DP_DIVP, = 0
gpu_avg_TENSORP, = 0
gpu_avg_TEXP, = 0
gpu_avg_SCHEDP, = 0.00220703
gpu_avg_L2CP, = 0.0587085
gpu_avg_MCP, = 0.601205
gpu_avg_NOCP, = 0.14602
gpu_avg_DRAMP, = 0.00564375
gpu_avg_PIPEP, = 0.00190299
gpu_avg_IDLE_COREP, = 3.56807
gpu_avg_CONSTP = 32.3252
gpu_avg_STATICP = 22.2944
gpu_avg_TOT_INST, = 95.4339
gpu_avg_FP_INT, = 93.4035
gpu_avg_IC_H, = 0
gpu_avg_IC_M, = 0
gpu_avg_DC_RH, = 15.7317
gpu_avg_DC_RM, = 616.069
gpu_avg_DC_WH, = 0.0727273
gpu_avg_DC_WM, = 1.95176
gpu_avg_TC_H, = 0
gpu_avg_TC_M, = 0
gpu_avg_CC_H, = 0
gpu_avg_CC_M, = 0
gpu_avg_SHRD_ACC, = 8.35918
gpu_avg_REG_RD, = 4174.51
gpu_avg_REG_WR, = 21587.4
gpu_avg_NON_REG_OPs, = 1822.68
gpu_avg_INT_ACC, = 8630.4
gpu_avg_FPU_ACC, = 26.9726
gpu_avg_DPU_ACC, = 3.15006
gpu_avg_INT_MUL24_ACC, = 0
gpu_avg_INT_MUL32_ACC, = 6.07941
gpu_avg_INT_MUL_ACC, = 0
gpu_avg_INT_DIV_ACC, = 0
gpu_avg_FP_MUL_ACC, = 74.563
gpu_avg_FP_DIV_ACC, = 0.0870748
gpu_avg_FP_SQRT_ACC, = 0
gpu_avg_FP_LG_ACC, = 0
gpu_avg_FP_SIN_ACC, = 0
gpu_avg_FP_EXP_ACC, = 0.0291386
gpu_avg_DP_MUL_ACC, = 0.53551
gpu_avg_DP_DIV_ACC, = 0
gpu_avg_TENSOR_ACC, = 0
gpu_avg_TEX_ACC, = 0
gpu_avg_MEM_RD, = 1.99753
gpu_avg_MEM_WR, = 0
gpu_avg_MEM_PRE, = 0.36141
gpu_avg_L2_RH, = 617.189
gpu_avg_L2_RM, = 1.99753
gpu_avg_L2_WH, = 2.02449
gpu_avg_L2_WM, = 0
gpu_avg_NOC_A, = 1242.42
gpu_avg_PIPE_A, = 0.000371501
gpu_avg_IDLE_CORE_N, = 12.6173
gpu_avg_constant_power = 0
gpu_avg_threads_per_warp = 24.0995
gpu_tot_TOT_INST, = 1.54317e+06
gpu_tot_FP_INT, = 1.51034e+06
gpu_tot_IC_H, = 0
gpu_tot_IC_M, = 0
gpu_tot_DC_RH, = 254381
gpu_tot_DC_RM, = 9.96183e+06
gpu_tot_DC_WH, = 1176
gpu_tot_DC_WM, = 31560
gpu_tot_TC_H, = 0
gpu_tot_TC_M, = 0
gpu_tot_CC_H, = 0
gpu_tot_CC_M, = 0
gpu_tot_SHRD_ACC, = 135168
gpu_tot_REG_RD, = 6.75019e+07
gpu_tot_REG_WR, = 3.49068e+08
gpu_tot_NON_REG_OPs, = 2.94728e+07
gpu_tot_INT_ACC, = 1.39554e+08
gpu_tot_FPU_ACC, = 436146
gpu_tot_DPU_ACC, = 50936.5
gpu_tot_INT_MUL24_ACC, = 0
gpu_tot_INT_MUL32_ACC, = 98304
gpu_tot_INT_MUL_ACC, = 0
gpu_tot_INT_DIV_ACC, = 0
gpu_tot_FP_MUL_ACC, = 1.20568e+06
gpu_tot_FP_DIV_ACC, = 1408
gpu_tot_FP_SQRT_ACC, = 0
gpu_tot_FP_LG_ACC, = 0
gpu_tot_FP_SIN_ACC, = 0
gpu_tot_FP_EXP_ACC, = 471.171
gpu_tot_DP_MUL_ACC, = 8659.19
gpu_tot_DP_DIV_ACC, = 0
gpu_tot_TENSOR_ACC, = 0
gpu_tot_TEX_ACC, = 0
gpu_tot_MEM_RD, = 32300
gpu_tot_MEM_WR, = 0
gpu_tot_MEM_PRE, = 5844
gpu_tot_L2_RH, = 9.97994e+06
gpu_tot_L2_RM, = 32300
gpu_tot_L2_WH, = 32736
gpu_tot_L2_WM, = 0
gpu_tot_NOC_A, = 2.009e+07
gpu_tot_PIPE_A, = 6.00717
gpu_tot_IDLE_CORE_N, = 204022
gpu_tot_constant_power = 0

Kernel Maximum Power Data:
kernel_max_power = 91.1916
gpu_max_IBP, = 0.0191612
gpu_max_ICP, = 0
gpu_max_DCP, = 6.78045
gpu_max_TCP, = 0
gpu_max_CCP, = 0
gpu_max_SHRDP, = 0.0196744
gpu_max_RFP, = 2.61418
gpu_max_INTP, = 0.16721
gpu_max_FPUP, = 0.0235546
gpu_max_DPUP, = 0.00512053
gpu_max_INT_MUL24P, = 0
gpu_max_INT_MUL32P, = 0.00506783
gpu_max_INT_MULP, = 0
gpu_max_INT_DIVP, = 0
gpu_max_FP_MULP, = 0.0852876
gpu_max_FP_DIVP, = 0
gpu_max_FP_SQRTP, = 0
gpu_max_FP_LGP, = 0
gpu_max_FP_SINP, = 0
gpu_max_FP_EXP, = 0
gpu_max_DP_MULP, = 0.00178562
gpu_max_DP_DIVP, = 0
gpu_max_TENSORP, = 0
gpu_max_TEXP, = 0
gpu_max_SCHEDP, = 0.0561424
gpu_max_L2CP, = 1.46833
gpu_max_MCP, = 1.9555
gpu_max_NOCP, = 3.98632
gpu_max_DRAMP, = 0
gpu_max_PIPEP, = 0.0456962
gpu_max_IDLE_COREP, = 0
gpu_max_CONSTP = 32.3252
gpu_max_STATICP = 41.6329
gpu_max_TOT_INST, = 2388
gpu_max_FP_INT, = 2376
gpu_max_IC_H, = 0
gpu_max_IC_M, = 0
gpu_max_DC_RH, = 311
gpu_max_DC_RM, = 17253
gpu_max_DC_WH, = 0
gpu_max_DC_WM, = 0
gpu_max_TC_H, = 0
gpu_max_TC_M, = 0
gpu_max_CC_H, = 0
gpu_max_CC_M, = 0
gpu_max_SHRD_ACC, = 128
gpu_max_REG_RD, = 103776
gpu_max_REG_WR, = 571840
gpu_max_NON_REG_OPs, = 44576
gpu_max_INT_ACC, = 265222
gpu_max_FPU_ACC, = 915.271
gpu_max_DPU_ACC, = 198.971
gpu_max_INT_MUL24_ACC, = 0
gpu_max_INT_MUL32_ACC, = 96
gpu_max_INT_MUL_ACC, = 0
gpu_max_INT_DIV_ACC, = 0
gpu_max_FP_MUL_ACC, = 1615.6
gpu_max_FP_DIV_ACC, = 0
gpu_max_FP_SQRT_ACC, = 0
gpu_max_FP_LG_ACC, = 0
gpu_max_FP_SIN_ACC, = 0
gpu_max_FP_EXP_ACC, = 0
gpu_max_DP_MUL_ACC, = 33.825
gpu_max_DP_DIV_ACC, = 0
gpu_max_TENSOR_ACC, = 0
gpu_max_TEX_ACC, = 0
gpu_max_MEM_RD, = 0
gpu_max_MEM_WR, = 0
gpu_max_MEM_PRE, = 0
gpu_max_L2_RH, = 15638
gpu_max_L2_RM, = 0
gpu_max_L2_WH, = 0
gpu_max_L2_WM, = 0
gpu_max_NOC_A, = 33918
gpu_max_PIPE_A, = 0.0089208
gpu_max_IDLE_CORE_N, = 0
gpu_max_constant_power = 0

Kernel Minimum Power Data:
kernel_min_power = 41.3592
gpu_min_IBP, = 0
gpu_min_ICP, = 0
gpu_min_DCP, = 0
gpu_min_TCP, = 0
gpu_min_CCP, = 0
gpu_min_SHRDP, = 0
gpu_min_RFP, = 0
gpu_min_INTP, = 0
gpu_min_FPUP, = 0
gpu_min_DPUP, = 0
gpu_min_INT_MUL24P, = 0
gpu_min_INT_MUL32P, = 0
gpu_min_INT_MULP, = 0
gpu_min_INT_DIVP, = 0
gpu_min_FP_MULP, = 0
gpu_min_FP_DIVP, = 0
gpu_min_FP_SQRTP, = 0
gpu_min_FP_LGP, = 0
gpu_min_FP_SINP, = 0
gpu_min_FP_EXP, = 0
gpu_min_DP_MULP, = 0
gpu_min_DP_DIVP, = 0
gpu_min_TENSORP, = 0
gpu_min_TEXP, = 0
gpu_min_SCHEDP, = 0
gpu_min_L2CP, = 0
gpu_min_MCP, = 0.55022
gpu_min_NOCP, = 0
gpu_min_DRAMP, = 0
gpu_min_PIPEP, = 0
gpu_min_IDLE_COREP, = 8.48375
gpu_min_CONSTP = 32.3252
gpu_min_STATICP = 0
gpu_min_TOT_INST, = 0
gpu_min_FP_INT, = 0
gpu_min_IC_H, = 0
gpu_min_IC_M, = 0
gpu_min_DC_RH, = 0
gpu_min_DC_RM, = 0
gpu_min_DC_WH, = 0
gpu_min_DC_WM, = 0
gpu_min_TC_H, = 0
gpu_min_TC_M, = 0
gpu_min_CC_H, = 0
gpu_min_CC_M, = 0
gpu_min_SHRD_ACC, = 0
gpu_min_REG_RD, = 0
gpu_min_REG_WR, = 0
gpu_min_NON_REG_OPs, = 0
gpu_min_INT_ACC, = 0
gpu_min_FPU_ACC, = 0
gpu_min_DPU_ACC, = 0
gpu_min_INT_MUL24_ACC, = 0
gpu_min_INT_MUL32_ACC, = 0
gpu_min_INT_MUL_ACC, = 0
gpu_min_INT_DIV_ACC, = 0
gpu_min_FP_MUL_ACC, = 0
gpu_min_FP_DIV_ACC, = 0
gpu_min_FP_SQRT_ACC, = 0
gpu_min_FP_LG_ACC, = 0
gpu_min_FP_SIN_ACC, = 0
gpu_min_FP_EXP_ACC, = 0
gpu_min_DP_MUL_ACC, = 0
gpu_min_DP_DIV_ACC, = 0
gpu_min_TENSOR_ACC, = 0
gpu_min_TEX_ACC, = 0
gpu_min_MEM_RD, = 0
gpu_min_MEM_WR, = 0
gpu_min_MEM_PRE, = 0
gpu_min_L2_RH, = 0
gpu_min_L2_RM, = 0
gpu_min_L2_WH, = 0
gpu_min_L2_WM, = 0
gpu_min_NOC_A, = 0
gpu_min_PIPE_A, = 0
gpu_min_IDLE_CORE_N, = 30
gpu_min_constant_power = 0

Accumulative Power Statistics Over Previous Kernels:
gpu_tot_avg_power = 59.3631
gpu_tot_max_power = 91.1916
gpu_tot_min_power = 41.3592


kernel_name = _Z20GPU_forward_pass_gruPfS_S_S_S_S_S_S_S_S_S_ 
kernel_launch_uid = 2 

Kernel Average Power Data:
kernel_avg_power = 59.4291
gpu_avg_IBP, = 0.000770964
gpu_avg_ICP, = 0
gpu_avg_DCP, = 0.245064
gpu_avg_TCP, = 0
gpu_avg_CCP, = 0
gpu_avg_SHRDP, = 0.00129398
gpu_avg_RFP, = 0.101554
gpu_avg_INTP, = 0.00547835
gpu_avg_FPUP, = 0.000697443
gpu_avg_DPUP, = 8.16427e-05
gpu_avg_INT_MUL24P, = 0
gpu_avg_INT_MUL32P, = 0.00032321
gpu_avg_INT_MULP, = 0
gpu_avg_INT_DIVP, = 0
gpu_avg_FP_MULP, = 0.00396398
gpu_avg_FP_DIVP, = 2.53165e-06
gpu_avg_FP_SQRTP, = 0
gpu_avg_FP_LGP, = 0
gpu_avg_FP_SINP, = 0
gpu_avg_FP_EXP, = 8.47189e-07
gpu_avg_DP_MULP, = 2.84702e-05
gpu_avg_DP_DIVP, = 0
gpu_avg_TENSORP, = 0
gpu_avg_TEXP, = 0
gpu_avg_SCHEDP, = 0.00222206
gpu_avg_L2CP, = 0.058725
gpu_avg_MCP, = 0.600932
gpu_avg_NOCP, = 0.145611
gpu_avg_DRAMP, = 0
gpu_avg_PIPEP, = 0.00191593
gpu_avg_IDLE_COREP, = 3.55115
gpu_avg_CONSTP = 32.3252
gpu_avg_STATICP = 22.384
gpu_avg_TOT_INST, = 96.0827
gpu_avg_FP_INT, = 94.0397
gpu_avg_IC_H, = 0
gpu_avg_IC_M, = 0
gpu_avg_DC_RH, = 15.7423
gpu_avg_DC_RM, = 614.337
gpu_avg_DC_WH, = 0.0439711
gpu_avg_DC_WM, = 1.99689
gpu_avg_TC_H, = 0
gpu_avg_TC_M, = 0
gpu_avg_CC_H, = 0
gpu_avg_CC_M, = 0
gpu_avg_SHRD_ACC, = 8.41854
gpu_avg_REG_RD, = 4203.24
gpu_avg_REG_WR, = 21541.6
gpu_avg_NON_REG_OPs, = 1835.22
gpu_avg_INT_ACC, = 8689.52
gpu_avg_FPU_ACC, = 27.1009
gpu_avg_DPU_ACC, = 3.17243
gpu_avg_INT_MUL24_ACC, = 0
gpu_avg_INT_MUL32_ACC, = 6.12257
gpu_avg_INT_MUL_ACC, = 0
gpu_avg_INT_DIV_ACC, = 0
gpu_avg_FP_MUL_ACC, = 75.0898
gpu_avg_FP_DIV_ACC, = 0.0479571
gpu_avg_FP_SQRT_ACC, = 0
gpu_avg_FP_LG_ACC, = 0
gpu_avg_FP_SIN_ACC, = 0
gpu_avg_FP_EXP_ACC, = 0.0160483
gpu_avg_DP_MUL_ACC, = 0.539312
gpu_avg_DP_DIV_ACC, = 0
gpu_avg_TENSOR_ACC, = 0
gpu_avg_TEX_ACC, = 0
gpu_avg_MEM_RD, = 0
gpu_avg_MEM_WR, = 0
gpu_avg_MEM_PRE, = 0
gpu_avg_L2_RH, = 617.43
gpu_avg_L2_RM, = 0
gpu_avg_L2_WH, = 2.04086
gpu_avg_L2_WM, = 0
gpu_avg_NOC_A, = 1238.94
gpu_avg_PIPE_A, = 0.000374027
gpu_avg_IDLE_CORE_N, = 12.5575
gpu_avg_constant_power = 0
gpu_avg_threads_per_warp = 24.1795
gpu_tot_TOT_INST, = 1.5427e+06
gpu_tot_FP_INT, = 1.5099e+06
gpu_tot_IC_H, = 0
gpu_tot_IC_M, = 0
gpu_tot_DC_RH, = 252759
gpu_tot_DC_RM, = 9.86379e+06
gpu_tot_DC_WH, = 706
gpu_tot_DC_WM, = 32062
gpu_tot_TC_H, = 0
gpu_tot_TC_M, = 0
gpu_tot_CC_H, = 0
gpu_tot_CC_M, = 0
gpu_tot_SHRD_ACC, = 135168
gpu_tot_REG_RD, = 6.74872e+07
gpu_tot_REG_WR, = 3.45871e+08
gpu_tot_NON_REG_OPs, = 2.94663e+07
gpu_tot_INT_ACC, = 1.39519e+08
gpu_tot_FPU_ACC, = 435131
gpu_tot_DPU_ACC, = 50936.5
gpu_tot_INT_MUL24_ACC, = 0
gpu_tot_INT_MUL32_ACC, = 98304
gpu_tot_INT_MUL_ACC, = 0
gpu_tot_INT_DIV_ACC, = 0
gpu_tot_FP_MUL_ACC, = 1.20564e+06
gpu_tot_FP_DIV_ACC, = 770
gpu_tot_FP_SQRT_ACC, = 0
gpu_tot_FP_LG_ACC, = 0
gpu_tot_FP_SIN_ACC, = 0
gpu_tot_FP_EXP_ACC, = 257.672
gpu_tot_DP_MUL_ACC, = 8659.19
gpu_tot_DP_DIV_ACC, = 0
gpu_tot_TENSOR_ACC, = 0
gpu_tot_TEX_ACC, = 0
gpu_tot_MEM_RD, = 0
gpu_tot_MEM_WR, = 0
gpu_tot_MEM_PRE, = 0
gpu_tot_L2_RH, = 9.91345e+06
gpu_tot_L2_RM, = 0
gpu_tot_L2_WH, = 32768
gpu_tot_L2_WM, = 0
gpu_tot_NOC_A, = 1.98924e+07
gpu_tot_PIPE_A, = 6.00538
gpu_tot_IDLE_CORE_N, = 201623
gpu_tot_constant_power = 0

Kernel Maximum Power Data:
kernel_max_power = 91.3651
gpu_max_IBP, = 0.0195143
gpu_max_ICP, = 0
gpu_max_DCP, = 6.7084
gpu_max_TCP, = 0
gpu_max_CCP, = 0
gpu_max_SHRDP, = 0.0485711
gpu_max_RFP, = 2.72965
gpu_max_INTP, = 0.134555
gpu_max_FPUP, = 0.0143945
gpu_max_DPUP, = 0.00320033
gpu_max_INT_MUL24P, = 0
gpu_max_INT_MUL32P, = 0.0168928
gpu_max_INT_MULP, = 0
gpu_max_INT_DIVP, = 0
gpu_max_FP_MULP, = 0.104644
gpu_max_FP_DIVP, = 0
gpu_max_FP_SQRTP, = 0
gpu_max_FP_LGP, = 0
gpu_max_FP_SINP, = 0
gpu_max_FP_EXP, = 0
gpu_max_DP_MULP, = 0.00111601
gpu_max_DP_DIVP, = 0
gpu_max_TENSORP, = 0
gpu_max_TEXP, = 0
gpu_max_SCHEDP, = 0.0565913
gpu_max_L2CP, = 1.55631
gpu_max_MCP, = 1.93951
gpu_max_NOCP, = 4.02381
gpu_max_DRAMP, = 0
gpu_max_PIPEP, = 0.0498155
gpu_max_IDLE_COREP, = 0
gpu_max_CONSTP = 32.3252
gpu_max_STATICP = 41.6329
gpu_max_TOT_INST, = 2432
gpu_max_FP_INT, = 2395
gpu_max_IC_H, = 0
gpu_max_IC_M, = 0
gpu_max_DC_RH, = 326
gpu_max_DC_RM, = 17040
gpu_max_DC_WH, = 0
gpu_max_DC_WM, = 0
gpu_max_TC_H, = 0
gpu_max_TC_M, = 0
gpu_max_CC_H, = 0
gpu_max_CC_M, = 0
gpu_max_SHRD_ACC, = 316
gpu_max_REG_RD, = 111136
gpu_max_REG_WR, = 592032
gpu_max_NON_REG_OPs, = 46944
gpu_max_INT_ACC, = 213425
gpu_max_FPU_ACC, = 559.332
gpu_max_DPU_ACC, = 124.357
gpu_max_INT_MUL24_ACC, = 0
gpu_max_INT_MUL32_ACC, = 320
gpu_max_INT_MUL_ACC, = 0
gpu_max_INT_DIV_ACC, = 0
gpu_max_FP_MUL_ACC, = 1982.27
gpu_max_FP_DIV_ACC, = 0
gpu_max_FP_SQRT_ACC, = 0
gpu_max_FP_LG_ACC, = 0
gpu_max_FP_SIN_ACC, = 0
gpu_max_FP_EXP_ACC, = 0
gpu_max_DP_MUL_ACC, = 21.1406
gpu_max_DP_DIV_ACC, = 0
gpu_max_TENSOR_ACC, = 0
gpu_max_TEX_ACC, = 0
gpu_max_MEM_RD, = 0
gpu_max_MEM_WR, = 0
gpu_max_MEM_PRE, = 0
gpu_max_L2_RH, = 16575
gpu_max_L2_RM, = 0
gpu_max_L2_WH, = 0
gpu_max_L2_WM, = 0
gpu_max_NOC_A, = 34237
gpu_max_PIPE_A, = 0.00972496
gpu_max_IDLE_CORE_N, = 0
gpu_max_constant_power = 0

Kernel Minimum Power Data:
kernel_min_power = 41.3592
gpu_min_IBP, = 0
gpu_min_ICP, = 0
gpu_min_DCP, = 0
gpu_min_TCP, = 0
gpu_min_CCP, = 0
gpu_min_SHRDP, = 0
gpu_min_RFP, = 0
gpu_min_INTP, = 0
gpu_min_FPUP, = 0
gpu_min_DPUP, = 0
gpu_min_INT_MUL24P, = 0
gpu_min_INT_MUL32P, = 0
gpu_min_INT_MULP, = 0
gpu_min_INT_DIVP, = 0
gpu_min_FP_MULP, = 0
gpu_min_FP_DIVP, = 0
gpu_min_FP_SQRTP, = 0
gpu_min_FP_LGP, = 0
gpu_min_FP_SINP, = 0
gpu_min_FP_EXP, = 0
gpu_min_DP_MULP, = 0
gpu_min_DP_DIVP, = 0
gpu_min_TENSORP, = 0
gpu_min_TEXP, = 0
gpu_min_SCHEDP, = 0
gpu_min_L2CP, = 0
gpu_min_MCP, = 0.55022
gpu_min_NOCP, = 0
gpu_min_DRAMP, = 0
gpu_min_PIPEP, = 0
gpu_min_IDLE_COREP, = 8.48375
gpu_min_CONSTP = 32.3252
gpu_min_STATICP = 0
gpu_min_TOT_INST, = 0
gpu_min_FP_INT, = 0
gpu_min_IC_H, = 0
gpu_min_IC_M, = 0
gpu_min_DC_RH, = 0
gpu_min_DC_RM, = 0
gpu_min_DC_WH, = 0
gpu_min_DC_WM, = 0
gpu_min_TC_H, = 0
gpu_min_TC_M, = 0
gpu_min_CC_H, = 0
gpu_min_CC_M, = 0
gpu_min_SHRD_ACC, = 0
gpu_min_REG_RD, = 0
gpu_min_REG_WR, = 0
gpu_min_NON_REG_OPs, = 0
gpu_min_INT_ACC, = 0
gpu_min_FPU_ACC, = 0
gpu_min_DPU_ACC, = 0
gpu_min_INT_MUL24_ACC, = 0
gpu_min_INT_MUL32_ACC, = 0
gpu_min_INT_MUL_ACC, = 0
gpu_min_INT_DIV_ACC, = 0
gpu_min_FP_MUL_ACC, = 0
gpu_min_FP_DIV_ACC, = 0
gpu_min_FP_SQRT_ACC, = 0
gpu_min_FP_LG_ACC, = 0
gpu_min_FP_SIN_ACC, = 0
gpu_min_FP_EXP_ACC, = 0
gpu_min_DP_MUL_ACC, = 0
gpu_min_DP_DIV_ACC, = 0
gpu_min_TENSOR_ACC, = 0
gpu_min_TEX_ACC, = 0
gpu_min_MEM_RD, = 0
gpu_min_MEM_WR, = 0
gpu_min_MEM_PRE, = 0
gpu_min_L2_RH, = 0
gpu_min_L2_RM, = 0
gpu_min_L2_WH, = 0
gpu_min_L2_WM, = 0
gpu_min_NOC_A, = 0
gpu_min_PIPE_A, = 0
gpu_min_IDLE_CORE_N, = 30
gpu_min_constant_power = 0

Accumulative Power Statistics Over Previous Kernels:
gpu_tot_avg_power = 59.3959
gpu_tot_max_power = 91.3651
gpu_tot_min_power = 41.3592


