kernel_name = _Z11ExecuteLSTMPdS_S_S_S_S_S_S_S_S_S_S_S_S_S_ 
kernel_launch_uid = 1 

Kernel Average Power Data:
kernel_avg_power = 67.2912
gpu_avg_IBP, = 0.0247353
gpu_avg_ICP, = 0
gpu_avg_DCP, = 2.51524
gpu_avg_TCP, = 0
gpu_avg_CCP, = 0
gpu_avg_SHRDP, = 0.0365986
gpu_avg_RFP, = 1.90695
gpu_avg_INTP, = 0.153599
gpu_avg_FPUP, = 0
gpu_avg_DPUP, = 0.108584
gpu_avg_INT_MUL24P, = 0
gpu_avg_INT_MUL32P, = 0.0172637
gpu_avg_INT_MULP, = 0
gpu_avg_INT_DIVP, = 0
gpu_avg_FP_MULP, = 0
gpu_avg_FP_DIVP, = 0
gpu_avg_FP_SQRTP, = 0
gpu_avg_FP_LGP, = 0
gpu_avg_FP_SINP, = 0
gpu_avg_FP_EXP, = 0
gpu_avg_DP_MULP, = 0.216852
gpu_avg_DP_DIVP, = 0
gpu_avg_TENSORP, = 0
gpu_avg_TEXP, = 0
gpu_avg_SCHEDP, = 0.0720617
gpu_avg_L2CP, = 0.141823
gpu_avg_MCP, = 0.772872
gpu_avg_NOCP, = 0.360668
gpu_avg_DRAMP, = 0.0733067
gpu_avg_PIPEP, = 0.0628775
gpu_avg_IDLE_COREP, = 2.15994
gpu_avg_CONSTP = 32.3252
gpu_avg_STATICP = 26.3426
gpu_avg_TOT_INST, = 3082.68
gpu_avg_FP_INT, = 3049.72
gpu_avg_IC_H, = 0
gpu_avg_IC_M, = 0
gpu_avg_DC_RH, = 5293.37
gpu_avg_DC_RM, = -1998.39
gpu_avg_DC_WH, = 0.193613
gpu_avg_DC_WM, = 0.0598802
gpu_avg_TC_H, = 0
gpu_avg_TC_M, = 0
gpu_avg_CC_H, = 0
gpu_avg_CC_M, = 0
gpu_avg_SHRD_ACC, = 238.108
gpu_avg_REG_RD, = 148451
gpu_avg_REG_WR, = 223551
gpu_avg_NON_REG_OPs, = 56329.1
gpu_avg_INT_ACC, = 243633
gpu_avg_FPU_ACC, = 0
gpu_avg_DPU_ACC, = 4219.29
gpu_avg_INT_MUL24_ACC, = 0
gpu_avg_INT_MUL32_ACC, = 327.026
gpu_avg_INT_MUL_ACC, = 0
gpu_avg_INT_DIV_ACC, = 0
gpu_avg_FP_MUL_ACC, = 0
gpu_avg_FP_DIV_ACC, = 0
gpu_avg_FP_SQRT_ACC, = 0
gpu_avg_FP_LG_ACC, = 0
gpu_avg_FP_SIN_ACC, = 0
gpu_avg_FP_EXP_ACC, = 0
gpu_avg_DP_MUL_ACC, = 4107.83
gpu_avg_DP_DIV_ACC, = 0
gpu_avg_TENSOR_ACC, = 0
gpu_avg_TEX_ACC, = 0
gpu_avg_MEM_RD, = 26.3992
gpu_avg_MEM_WR, = 0
gpu_avg_MEM_PRE, = 1.95609
gpu_avg_L2_RH, = 1507.74
gpu_avg_L2_RM, = 26.3992
gpu_avg_L2_WH, = 0.249501
gpu_avg_L2_WM, = 0.00199601
gpu_avg_NOC_A, = 3068.78
gpu_avg_PIPE_A, = 0.0122749
gpu_avg_IDLE_CORE_N, = 7.63791
gpu_avg_constant_power = 0
gpu_avg_threads_per_warp = 28.3877
gpu_tot_TOT_INST, = 1.54442e+06
gpu_tot_FP_INT, = 1.52791e+06
gpu_tot_IC_H, = 0
gpu_tot_IC_M, = 0
gpu_tot_DC_RH, = 2.65198e+06
gpu_tot_DC_RM, = -1.0012e+06
gpu_tot_DC_WH, = 97
gpu_tot_DC_WM, = 30
gpu_tot_TC_H, = 0
gpu_tot_TC_M, = 0
gpu_tot_CC_H, = 0
gpu_tot_CC_M, = 0
gpu_tot_SHRD_ACC, = 119292
gpu_tot_REG_RD, = 7.43741e+07
gpu_tot_REG_WR, = 1.11999e+08
gpu_tot_NON_REG_OPs, = 2.82209e+07
gpu_tot_INT_ACC, = 1.2206e+08
gpu_tot_FPU_ACC, = 0
gpu_tot_DPU_ACC, = 2.11386e+06
gpu_tot_INT_MUL24_ACC, = 0
gpu_tot_INT_MUL32_ACC, = 163840
gpu_tot_INT_MUL_ACC, = 0
gpu_tot_INT_DIV_ACC, = 0
gpu_tot_FP_MUL_ACC, = 0
gpu_tot_FP_DIV_ACC, = 0
gpu_tot_FP_SQRT_ACC, = 0
gpu_tot_FP_LG_ACC, = 0
gpu_tot_FP_SIN_ACC, = 0
gpu_tot_FP_EXP_ACC, = 0
gpu_tot_DP_MUL_ACC, = 2.05802e+06
gpu_tot_DP_DIV_ACC, = 0
gpu_tot_TENSOR_ACC, = 0
gpu_tot_TEX_ACC, = 0
gpu_tot_MEM_RD, = 13226
gpu_tot_MEM_WR, = 0
gpu_tot_MEM_PRE, = 980
gpu_tot_L2_RH, = 755376
gpu_tot_L2_RM, = 13226
gpu_tot_L2_WH, = 125
gpu_tot_L2_WM, = 1
gpu_tot_NOC_A, = 1.53746e+06
gpu_tot_PIPE_A, = 6.14974
gpu_tot_IDLE_CORE_N, = 3826.59
gpu_tot_constant_power = 0

Kernel Maximum Power Data:
kernel_max_power = 84.9308
gpu_max_IBP, = 0.0371188
gpu_max_ICP, = 0
gpu_max_DCP, = 6.50859
gpu_max_TCP, = 0
gpu_max_CCP, = 0
gpu_max_SHRDP, = 0.0573323
gpu_max_RFP, = 3.03655
gpu_max_INTP, = 0.0312927
gpu_max_FPUP, = 0
gpu_max_DPUP, = 0.0409642
gpu_max_INT_MUL24P, = 0
gpu_max_INT_MUL32P, = 0.0270284
gpu_max_INT_MULP, = 0
gpu_max_INT_DIVP, = 0
gpu_max_FP_MULP, = 0
gpu_max_FP_DIVP, = 0
gpu_max_FP_SQRTP, = 0
gpu_max_FP_LGP, = 0
gpu_max_FP_SINP, = 0
gpu_max_FP_EXP, = 0
gpu_max_DP_MULP, = 0.369742
gpu_max_DP_DIVP, = 0
gpu_max_TENSORP, = 0
gpu_max_TEXP, = 0
gpu_max_SCHEDP, = 0.108929
gpu_max_L2CP, = 0.985044
gpu_max_MCP, = 1.61455
gpu_max_NOCP, = 2.3119
gpu_max_DRAMP, = 0
gpu_max_PIPEP, = 0.0895569
gpu_max_IDLE_COREP, = 0
gpu_max_CONSTP = 32.3252
gpu_max_STATICP = 37.387
gpu_max_TOT_INST, = 4626
gpu_max_FP_INT, = 4610
gpu_max_IC_H, = 0
gpu_max_IC_M, = 0
gpu_max_DC_RH, = 5202
gpu_max_DC_RM, = 8608
gpu_max_DC_WH, = 1
gpu_max_DC_WM, = 0
gpu_max_TC_H, = 0
gpu_max_TC_M, = 0
gpu_max_CC_H, = 0
gpu_max_CC_M, = 0
gpu_max_SHRD_ACC, = 373
gpu_max_REG_RD, = 253952
gpu_max_REG_WR, = 421856
gpu_max_NON_REG_OPs, = 70720
gpu_max_INT_ACC, = 49635.1
gpu_max_FPU_ACC, = 0
gpu_max_DPU_ACC, = 1591.77
gpu_max_INT_MUL24_ACC, = 0
gpu_max_INT_MUL32_ACC, = 512
gpu_max_INT_MUL_ACC, = 0
gpu_max_INT_DIV_ACC, = 0
gpu_max_FP_MUL_ACC, = 0
gpu_max_FP_DIV_ACC, = 0
gpu_max_FP_SQRT_ACC, = 0
gpu_max_FP_LG_ACC, = 0
gpu_max_FP_SIN_ACC, = 0
gpu_max_FP_EXP_ACC, = 0
gpu_max_DP_MUL_ACC, = 7004.03
gpu_max_DP_DIV_ACC, = 0
gpu_max_TENSOR_ACC, = 0
gpu_max_TEX_ACC, = 0
gpu_max_MEM_RD, = 0
gpu_max_MEM_WR, = 0
gpu_max_MEM_PRE, = 0
gpu_max_L2_RH, = 10487
gpu_max_L2_RM, = 0
gpu_max_L2_WH, = 1
gpu_max_L2_WM, = 0
gpu_max_NOC_A, = 19671
gpu_max_PIPE_A, = 0.0174833
gpu_max_IDLE_CORE_N, = 0
gpu_max_constant_power = 0

Kernel Minimum Power Data:
kernel_min_power = 41.3592
gpu_min_IBP, = 0
gpu_min_ICP, = 0
gpu_min_DCP, = 0
gpu_min_TCP, = 0
gpu_min_CCP, = 0
gpu_min_SHRDP, = 0
gpu_min_RFP, = 0
gpu_min_INTP, = 0
gpu_min_FPUP, = 0
gpu_min_DPUP, = 0
gpu_min_INT_MUL24P, = 0
gpu_min_INT_MUL32P, = 0
gpu_min_INT_MULP, = 0
gpu_min_INT_DIVP, = 0
gpu_min_FP_MULP, = 0
gpu_min_FP_DIVP, = 0
gpu_min_FP_SQRTP, = 0
gpu_min_FP_LGP, = 0
gpu_min_FP_SINP, = 0
gpu_min_FP_EXP, = 0
gpu_min_DP_MULP, = 0
gpu_min_DP_DIVP, = 0
gpu_min_TENSORP, = 0
gpu_min_TEXP, = 0
gpu_min_SCHEDP, = 0
gpu_min_L2CP, = 0
gpu_min_MCP, = 0.55022
gpu_min_NOCP, = 0
gpu_min_DRAMP, = 0
gpu_min_PIPEP, = 0
gpu_min_IDLE_COREP, = 8.48375
gpu_min_CONSTP = 32.3252
gpu_min_STATICP = 0
gpu_min_TOT_INST, = 0
gpu_min_FP_INT, = 0
gpu_min_IC_H, = 0
gpu_min_IC_M, = 0
gpu_min_DC_RH, = 0
gpu_min_DC_RM, = 0
gpu_min_DC_WH, = 0
gpu_min_DC_WM, = 0
gpu_min_TC_H, = 0
gpu_min_TC_M, = 0
gpu_min_CC_H, = 0
gpu_min_CC_M, = 0
gpu_min_SHRD_ACC, = 0
gpu_min_REG_RD, = 0
gpu_min_REG_WR, = 0
gpu_min_NON_REG_OPs, = 0
gpu_min_INT_ACC, = 0
gpu_min_FPU_ACC, = 0
gpu_min_DPU_ACC, = 0
gpu_min_INT_MUL24_ACC, = 0
gpu_min_INT_MUL32_ACC, = 0
gpu_min_INT_MUL_ACC, = 0
gpu_min_INT_DIV_ACC, = 0
gpu_min_FP_MUL_ACC, = 0
gpu_min_FP_DIV_ACC, = 0
gpu_min_FP_SQRT_ACC, = 0
gpu_min_FP_LG_ACC, = 0
gpu_min_FP_SIN_ACC, = 0
gpu_min_FP_EXP_ACC, = 0
gpu_min_DP_MUL_ACC, = 0
gpu_min_DP_DIV_ACC, = 0
gpu_min_TENSOR_ACC, = 0
gpu_min_TEX_ACC, = 0
gpu_min_MEM_RD, = 0
gpu_min_MEM_WR, = 0
gpu_min_MEM_PRE, = 0
gpu_min_L2_RH, = 0
gpu_min_L2_RM, = 0
gpu_min_L2_WH, = 0
gpu_min_L2_WM, = 0
gpu_min_NOC_A, = 0
gpu_min_PIPE_A, = 0
gpu_min_IDLE_CORE_N, = 30
gpu_min_constant_power = 0

Accumulative Power Statistics Over Previous Kernels:
gpu_tot_avg_power = 67.2912
gpu_tot_max_power = 84.9308
gpu_tot_min_power = 41.3592


