kernel_name = _Z7contribiPfPiS_ 
kernel_launch_uid = 1 

Kernel Average Power Data:
kernel_avg_power = 92.3356
gpu_avg_IBP, = 0.105453
gpu_avg_ICP, = 0
gpu_avg_DCP, = 2.47128
gpu_avg_TCP, = 0
gpu_avg_CCP, = 0
gpu_avg_SHRDP, = 0
gpu_avg_RFP, = 4.76652
gpu_avg_INTP, = 1.6552
gpu_avg_FPUP, = 0.239333
gpu_avg_DPUP, = 0
gpu_avg_INT_MUL24P, = 0
gpu_avg_INT_MUL32P, = 1.85443
gpu_avg_INT_MULP, = 0
gpu_avg_INT_DIVP, = 0
gpu_avg_FP_MULP, = 0
gpu_avg_FP_DIVP, = 0.914939
gpu_avg_FP_SQRTP, = 0
gpu_avg_FP_LGP, = 0
gpu_avg_FP_SINP, = 0
gpu_avg_FP_EXP, = 0
gpu_avg_DP_MULP, = 0
gpu_avg_DP_DIVP, = 0
gpu_avg_TENSORP, = 0
gpu_avg_TEXP, = 0
gpu_avg_SCHEDP, = 0.297572
gpu_avg_L2CP, = 0.481074
gpu_avg_MCP, = 1.59536
gpu_avg_NOCP, = 1.53415
gpu_avg_DRAMP, = 11.0383
gpu_avg_PIPEP, = 0.268432
gpu_avg_IDLE_COREP, = 1.6417
gpu_avg_CONSTP = 32.3252
gpu_avg_STATICP = 31.1466
gpu_avg_TOT_INST, = 13142.2
gpu_avg_FP_INT, = 12593.5
gpu_avg_IC_H, = 0
gpu_avg_IC_M, = 0
gpu_avg_DC_RH, = 0
gpu_avg_DC_RM, = 4389.15
gpu_avg_DC_WH, = 0
gpu_avg_DC_WM, = 2159.38
gpu_avg_TC_H, = 0
gpu_avg_TC_M, = 0
gpu_avg_CC_H, = 0
gpu_avg_CC_M, = 0
gpu_avg_SHRD_ACC, = 0
gpu_avg_REG_RD, = 384703
gpu_avg_REG_WR, = 384110
gpu_avg_NON_REG_OPs, = 175643
gpu_avg_INT_ACC, = 2.6254e+06
gpu_avg_FPU_ACC, = 9299.87
gpu_avg_DPU_ACC, = 0
gpu_avg_INT_MUL24_ACC, = 0
gpu_avg_INT_MUL32_ACC, = 35128.4
gpu_avg_INT_MUL_ACC, = 0
gpu_avg_INT_DIV_ACC, = 0
gpu_avg_FP_MUL_ACC, = 0
gpu_avg_FP_DIV_ACC, = 17331.7
gpu_avg_FP_SQRT_ACC, = 0
gpu_avg_FP_LG_ACC, = 0
gpu_avg_FP_SIN_ACC, = 0
gpu_avg_FP_EXP_ACC, = 0
gpu_avg_DP_MUL_ACC, = 0
gpu_avg_DP_DIV_ACC, = 0
gpu_avg_TENSOR_ACC, = 0
gpu_avg_TEX_ACC, = 0
gpu_avg_MEM_RD, = 3520.92
gpu_avg_MEM_WR, = 883.692
gpu_avg_MEM_PRE, = 75.9615
gpu_avg_L2_RH, = 843.692
gpu_avg_L2_RM, = 3532.65
gpu_avg_L2_WH, = 0
gpu_avg_L2_WM, = 2142.85
gpu_avg_NOC_A, = 13053.5
gpu_avg_PIPE_A, = 0.0524032
gpu_avg_IDLE_CORE_N, = 5.80535
gpu_avg_constant_power = 0
gpu_avg_threads_per_warp = 25.8451
gpu_tot_TOT_INST, = 341698
gpu_tot_FP_INT, = 327432
gpu_tot_IC_H, = 0
gpu_tot_IC_M, = 0
gpu_tot_DC_RH, = 0
gpu_tot_DC_RM, = 114118
gpu_tot_DC_WH, = 0
gpu_tot_DC_WM, = 56144
gpu_tot_TC_H, = 0
gpu_tot_TC_M, = 0
gpu_tot_CC_H, = 0
gpu_tot_CC_M, = 0
gpu_tot_SHRD_ACC, = 0
gpu_tot_REG_RD, = 1.00023e+07
gpu_tot_REG_WR, = 9.98685e+06
gpu_tot_NON_REG_OPs, = 4.56672e+06
gpu_tot_INT_ACC, = 6.82604e+07
gpu_tot_FPU_ACC, = 241797
gpu_tot_DPU_ACC, = 0
gpu_tot_INT_MUL24_ACC, = 0
gpu_tot_INT_MUL32_ACC, = 913339
gpu_tot_INT_MUL_ACC, = 0
gpu_tot_INT_DIV_ACC, = 0
gpu_tot_FP_MUL_ACC, = 0
gpu_tot_FP_DIV_ACC, = 450624
gpu_tot_FP_SQRT_ACC, = 0
gpu_tot_FP_LG_ACC, = 0
gpu_tot_FP_SIN_ACC, = 0
gpu_tot_FP_EXP_ACC, = 0
gpu_tot_DP_MUL_ACC, = 0
gpu_tot_DP_DIV_ACC, = 0
gpu_tot_TENSOR_ACC, = 0
gpu_tot_TEX_ACC, = 0
gpu_tot_MEM_RD, = 91544
gpu_tot_MEM_WR, = 22976
gpu_tot_MEM_PRE, = 1975
gpu_tot_L2_RH, = 21936
gpu_tot_L2_RM, = 91849
gpu_tot_L2_WH, = 0
gpu_tot_L2_WM, = 55714
gpu_tot_NOC_A, = 339390
gpu_tot_PIPE_A, = 1.36248
gpu_tot_IDLE_CORE_N, = 150.939
gpu_tot_constant_power = 0

Kernel Maximum Power Data:
kernel_max_power = 109.442
gpu_max_IBP, = 0.143918
gpu_max_ICP, = 0
gpu_max_DCP, = 3.31264
gpu_max_TCP, = 0
gpu_max_CCP, = 0
gpu_max_SHRDP, = 0
gpu_max_RFP, = 6.48023
gpu_max_INTP, = 2.28471
gpu_max_FPUP, = 0.313625
gpu_max_DPUP, = 0
gpu_max_INT_MUL24P, = 0
gpu_max_INT_MUL32P, = 2.60318
gpu_max_INT_MULP, = 0
gpu_max_INT_DIVP, = 0
gpu_max_FP_MULP, = 0
gpu_max_FP_DIVP, = 1.23824
gpu_max_FP_SQRTP, = 0
gpu_max_FP_LGP, = 0
gpu_max_FP_SINP, = 0
gpu_max_FP_EXP, = 0
gpu_max_DP_MULP, = 0
gpu_max_DP_DIVP, = 0
gpu_max_TENSORP, = 0
gpu_max_TEXP, = 0
gpu_max_SCHEDP, = 0.40682
gpu_max_L2CP, = 0.576203
gpu_max_MCP, = 1.9778
gpu_max_NOCP, = 2.07578
gpu_max_DRAMP, = 16.7169
gpu_max_PIPEP, = 0.367151
gpu_max_IDLE_COREP, = 0
gpu_max_CONSTP = 32.3252
gpu_max_STATICP = 38.6201
gpu_max_TOT_INST, = 17936
gpu_max_FP_INT, = 17217
gpu_max_IC_H, = 0
gpu_max_IC_M, = 0
gpu_max_DC_RH, = 0
gpu_max_DC_RM, = 5802
gpu_max_DC_WH, = 0
gpu_max_DC_WM, = 2979
gpu_max_TC_H, = 0
gpu_max_TC_M, = 0
gpu_max_CC_H, = 0
gpu_max_CC_M, = 0
gpu_max_SHRD_ACC, = 0
gpu_max_REG_RD, = 528832
gpu_max_REG_WR, = 522144
gpu_max_NON_REG_OPs, = 237312
gpu_max_INT_ACC, = 3.6239e+06
gpu_max_FPU_ACC, = 12186.7
gpu_max_DPU_ACC, = 0
gpu_max_INT_MUL24_ACC, = 0
gpu_max_INT_MUL32_ACC, = 49312
gpu_max_INT_MUL_ACC, = 0
gpu_max_INT_DIV_ACC, = 0
gpu_max_FP_MUL_ACC, = 0
gpu_max_FP_DIV_ACC, = 23456
gpu_max_FP_SQRT_ACC, = 0
gpu_max_FP_LG_ACC, = 0
gpu_max_FP_SIN_ACC, = 0
gpu_max_FP_EXP_ACC, = 0
gpu_max_DP_MUL_ACC, = 0
gpu_max_DP_DIV_ACC, = 0
gpu_max_TENSOR_ACC, = 0
gpu_max_TEX_ACC, = 0
gpu_max_MEM_RD, = 5774
gpu_max_MEM_WR, = 533
gpu_max_MEM_PRE, = 146
gpu_max_L2_RH, = 0
gpu_max_L2_RM, = 5632
gpu_max_L2_WH, = 0
gpu_max_L2_WM, = 3053
gpu_max_NOC_A, = 17662
gpu_max_PIPE_A, = 0.0716751
gpu_max_IDLE_CORE_N, = 0
gpu_max_constant_power = 0

Kernel Minimum Power Data:
kernel_min_power = 41.3592
gpu_min_IBP, = 0
gpu_min_ICP, = 0
gpu_min_DCP, = 0
gpu_min_TCP, = 0
gpu_min_CCP, = 0
gpu_min_SHRDP, = 0
gpu_min_RFP, = 0
gpu_min_INTP, = 0
gpu_min_FPUP, = 0
gpu_min_DPUP, = 0
gpu_min_INT_MUL24P, = 0
gpu_min_INT_MUL32P, = 0
gpu_min_INT_MULP, = 0
gpu_min_INT_DIVP, = 0
gpu_min_FP_MULP, = 0
gpu_min_FP_DIVP, = 0
gpu_min_FP_SQRTP, = 0
gpu_min_FP_LGP, = 0
gpu_min_FP_SINP, = 0
gpu_min_FP_EXP, = 0
gpu_min_DP_MULP, = 0
gpu_min_DP_DIVP, = 0
gpu_min_TENSORP, = 0
gpu_min_TEXP, = 0
gpu_min_SCHEDP, = 0
gpu_min_L2CP, = 0
gpu_min_MCP, = 0.55022
gpu_min_NOCP, = 0
gpu_min_DRAMP, = 0
gpu_min_PIPEP, = 0
gpu_min_IDLE_COREP, = 8.48375
gpu_min_CONSTP = 32.3252
gpu_min_STATICP = 0
gpu_min_TOT_INST, = 0
gpu_min_FP_INT, = 0
gpu_min_IC_H, = 0
gpu_min_IC_M, = 0
gpu_min_DC_RH, = 0
gpu_min_DC_RM, = 0
gpu_min_DC_WH, = 0
gpu_min_DC_WM, = 0
gpu_min_TC_H, = 0
gpu_min_TC_M, = 0
gpu_min_CC_H, = 0
gpu_min_CC_M, = 0
gpu_min_SHRD_ACC, = 0
gpu_min_REG_RD, = 0
gpu_min_REG_WR, = 0
gpu_min_NON_REG_OPs, = 0
gpu_min_INT_ACC, = 0
gpu_min_FPU_ACC, = 0
gpu_min_DPU_ACC, = 0
gpu_min_INT_MUL24_ACC, = 0
gpu_min_INT_MUL32_ACC, = 0
gpu_min_INT_MUL_ACC, = 0
gpu_min_INT_DIV_ACC, = 0
gpu_min_FP_MUL_ACC, = 0
gpu_min_FP_DIV_ACC, = 0
gpu_min_FP_SQRT_ACC, = 0
gpu_min_FP_LG_ACC, = 0
gpu_min_FP_SIN_ACC, = 0
gpu_min_FP_EXP_ACC, = 0
gpu_min_DP_MUL_ACC, = 0
gpu_min_DP_DIV_ACC, = 0
gpu_min_TENSOR_ACC, = 0
gpu_min_TEX_ACC, = 0
gpu_min_MEM_RD, = 0
gpu_min_MEM_WR, = 0
gpu_min_MEM_PRE, = 0
gpu_min_L2_RH, = 0
gpu_min_L2_RM, = 0
gpu_min_L2_WH, = 0
gpu_min_L2_WM, = 0
gpu_min_NOC_A, = 0
gpu_min_PIPE_A, = 0
gpu_min_IDLE_CORE_N, = 30
gpu_min_constant_power = 0

Accumulative Power Statistics Over Previous Kernels:
gpu_tot_avg_power = 92.3356
gpu_tot_max_power = 109.442
gpu_tot_min_power = 41.3592


