kernel_name = _Z19histogram1024KernelPjPfffi 
kernel_launch_uid = 1 

Kernel Average Power Data:
kernel_avg_power = 80.623
gpu_avg_IBP, = 0.0665134
gpu_avg_ICP, = 0
gpu_avg_DCP, = 0.452662
gpu_avg_TCP, = 0
gpu_avg_CCP, = 0
gpu_avg_SHRDP, = 0.523705
gpu_avg_RFP, = 3.26132
gpu_avg_INTP, = 1.2385
gpu_avg_FPUP, = 0.129288
gpu_avg_DPUP, = 0
gpu_avg_INT_MUL24P, = 0
gpu_avg_INT_MUL32P, = 0.501234
gpu_avg_INT_MULP, = 0
gpu_avg_INT_DIVP, = 0
gpu_avg_FP_MULP, = 0.044817
gpu_avg_FP_DIVP, = 0.500653
gpu_avg_FP_SQRTP, = 0
gpu_avg_FP_LGP, = 0
gpu_avg_FP_SINP, = 0
gpu_avg_FP_EXP, = 0
gpu_avg_DP_MULP, = 0
gpu_avg_DP_DIVP, = 0
gpu_avg_TENSORP, = 0
gpu_avg_TEXP, = 0
gpu_avg_SCHEDP, = 0.188866
gpu_avg_L2CP, = 0.00735906
gpu_avg_MCP, = 0.730197
gpu_avg_NOCP, = 0.278928
gpu_avg_DRAMP, = 3.26222
gpu_avg_PIPEP, = 0.172276
gpu_avg_IDLE_COREP, = 0.0945717
gpu_avg_CONSTP = 32.3252
gpu_avg_STATICP = 36.8447
gpu_avg_TOT_INST, = 828.934
gpu_avg_FP_INT, = 799.3
gpu_avg_IC_H, = 0
gpu_avg_IC_M, = 0
gpu_avg_DC_RH, = 0
gpu_avg_DC_RM, = 118.548
gpu_avg_DC_WH, = 0
gpu_avg_DC_WM, = 0
gpu_avg_TC_H, = 0
gpu_avg_TC_M, = 0
gpu_avg_CC_H, = 0
gpu_avg_CC_M, = 0
gpu_avg_SHRD_ACC, = 340.719
gpu_avg_REG_RD, = 32211.9
gpu_avg_REG_WR, = 24056.1
gpu_avg_NON_REG_OPs, = 10993.2
gpu_avg_INT_ACC, = 196446
gpu_avg_FPU_ACC, = 502.379
gpu_avg_DPU_ACC, = 0
gpu_avg_INT_MUL24_ACC, = 0
gpu_avg_INT_MUL32_ACC, = 949.488
gpu_avg_INT_MUL_ACC, = 0
gpu_avg_INT_DIV_ACC, = 0
gpu_avg_FP_MUL_ACC, = 84.8969
gpu_avg_FP_DIV_ACC, = 948.388
gpu_avg_FP_SQRT_ACC, = 0
gpu_avg_FP_LG_ACC, = 0
gpu_avg_FP_SIN_ACC, = 0
gpu_avg_FP_EXP_ACC, = 0
gpu_avg_DP_MUL_ACC, = 0
gpu_avg_DP_DIV_ACC, = 0
gpu_avg_TENSOR_ACC, = 0
gpu_avg_TEX_ACC, = 0
gpu_avg_MEM_RD, = 118.55
gpu_avg_MEM_WR, = 0
gpu_avg_MEM_PRE, = 2.23294
gpu_avg_L2_RH, = 0.113848
gpu_avg_L2_RM, = 118.55
gpu_avg_L2_WH, = 0
gpu_avg_L2_WM, = 0
gpu_avg_NOC_A, = 237.328
gpu_avg_PIPE_A, = 0.0336317
gpu_avg_IDLE_CORE_N, = 0.334422
gpu_avg_constant_power = 0
gpu_avg_threads_per_warp = 29.3191
gpu_tot_TOT_INST, = 5.86562e+07
gpu_tot_FP_INT, = 5.65593e+07
gpu_tot_IC_H, = 0
gpu_tot_IC_M, = 0
gpu_tot_DC_RH, = 0
gpu_tot_DC_RM, = 8.38861e+06
gpu_tot_DC_WH, = 0
gpu_tot_DC_WM, = 0
gpu_tot_TC_H, = 0
gpu_tot_TC_M, = 0
gpu_tot_CC_H, = 0
gpu_tot_CC_M, = 0
gpu_tot_SHRD_ACC, = 2.41096e+07
gpu_tot_REG_RD, = 2.27934e+09
gpu_tot_REG_WR, = 1.70223e+09
gpu_tot_NON_REG_OPs, = 7.77888e+08
gpu_tot_INT_ACC, = 1.39007e+10
gpu_tot_FPU_ACC, = 3.55489e+07
gpu_tot_DPU_ACC, = 0
gpu_tot_INT_MUL24_ACC, = 0
gpu_tot_INT_MUL32_ACC, = 6.71867e+07
gpu_tot_INT_MUL_ACC, = 0
gpu_tot_INT_DIV_ACC, = 0
gpu_tot_FP_MUL_ACC, = 6.00739e+06
gpu_tot_FP_DIV_ACC, = 6.71089e+07
gpu_tot_FP_SQRT_ACC, = 0
gpu_tot_FP_LG_ACC, = 0
gpu_tot_FP_SIN_ACC, = 0
gpu_tot_FP_EXP_ACC, = 0
gpu_tot_DP_MUL_ACC, = 0
gpu_tot_DP_DIV_ACC, = 0
gpu_tot_TENSOR_ACC, = 0
gpu_tot_TEX_ACC, = 0
gpu_tot_MEM_RD, = 8.38874e+06
gpu_tot_MEM_WR, = 0
gpu_tot_MEM_PRE, = 158005
gpu_tot_L2_RH, = 8056
gpu_tot_L2_RM, = 8.38874e+06
gpu_tot_L2_WH, = 0
gpu_tot_L2_WM, = 0
gpu_tot_NOC_A, = 1.67936e+07
gpu_tot_PIPE_A, = 2379.81
gpu_tot_IDLE_CORE_N, = 23664
gpu_tot_constant_power = 0

Kernel Maximum Power Data:
kernel_max_power = 100.229
gpu_max_IBP, = 0.388681
gpu_max_ICP, = 0
gpu_max_DCP, = 0
gpu_max_TCP, = 0
gpu_max_CCP, = 0
gpu_max_SHRDP, = 0.298189
gpu_max_RFP, = 20.1782
gpu_max_INTP, = 8.0128
gpu_max_FPUP, = 0
gpu_max_DPUP, = 0
gpu_max_INT_MUL24P, = 0
gpu_max_INT_MUL32P, = 3.24341
gpu_max_INT_MULP, = 0
gpu_max_INT_DIVP, = 0
gpu_max_FP_MULP, = 0
gpu_max_FP_DIVP, = 0
gpu_max_FP_SQRTP, = 0
gpu_max_FP_LGP, = 0
gpu_max_FP_SINP, = 0
gpu_max_FP_EXP, = 0
gpu_max_DP_MULP, = 0
gpu_max_DP_DIVP, = 0
gpu_max_TENSORP, = 0
gpu_max_TEXP, = 0
gpu_max_SCHEDP, = 1.14459
gpu_max_L2CP, = 0
gpu_max_MCP, = 0.55022
gpu_max_NOCP, = 0
gpu_max_DRAMP, = 0
gpu_max_PIPEP, = 0.874229
gpu_max_IDLE_COREP, = 0.0848373
gpu_max_CONSTP = 32.3252
gpu_max_STATICP = 33.129
gpu_max_TOT_INST, = 4844
gpu_max_FP_INT, = 4844
gpu_max_IC_H, = 0
gpu_max_IC_M, = 0
gpu_max_DC_RH, = 0
gpu_max_DC_RM, = 0
gpu_max_DC_WH, = 0
gpu_max_DC_WM, = 0
gpu_max_TC_H, = 0
gpu_max_TC_M, = 0
gpu_max_CC_H, = 0
gpu_max_CC_M, = 0
gpu_max_SHRD_ACC, = 194
gpu_max_REG_RD, = 96128
gpu_max_REG_WR, = 87296
gpu_max_NON_REG_OPs, = 108032
gpu_max_INT_ACC, = 1.27096e+06
gpu_max_FPU_ACC, = 0
gpu_max_DPU_ACC, = 0
gpu_max_INT_MUL24_ACC, = 0
gpu_max_INT_MUL32_ACC, = 6144
gpu_max_INT_MUL_ACC, = 0
gpu_max_INT_DIV_ACC, = 0
gpu_max_FP_MUL_ACC, = 0
gpu_max_FP_DIV_ACC, = 0
gpu_max_FP_SQRT_ACC, = 0
gpu_max_FP_LG_ACC, = 0
gpu_max_FP_SIN_ACC, = 0
gpu_max_FP_EXP_ACC, = 0
gpu_max_DP_MUL_ACC, = 0
gpu_max_DP_DIV_ACC, = 0
gpu_max_TENSOR_ACC, = 0
gpu_max_TEX_ACC, = 0
gpu_max_MEM_RD, = 0
gpu_max_MEM_WR, = 0
gpu_max_MEM_PRE, = 0
gpu_max_L2_RH, = 0
gpu_max_L2_RM, = 0
gpu_max_L2_WH, = 0
gpu_max_L2_WM, = 0
gpu_max_NOC_A, = 0
gpu_max_PIPE_A, = 0.170667
gpu_max_IDLE_CORE_N, = 0.299999
gpu_max_constant_power = 0

Kernel Minimum Power Data:
kernel_min_power = 41.3592
gpu_min_IBP, = 0
gpu_min_ICP, = 0
gpu_min_DCP, = 0
gpu_min_TCP, = 0
gpu_min_CCP, = 0
gpu_min_SHRDP, = 0
gpu_min_RFP, = 0
gpu_min_INTP, = 0
gpu_min_FPUP, = 0
gpu_min_DPUP, = 0
gpu_min_INT_MUL24P, = 0
gpu_min_INT_MUL32P, = 0
gpu_min_INT_MULP, = 0
gpu_min_INT_DIVP, = 0
gpu_min_FP_MULP, = 0
gpu_min_FP_DIVP, = 0
gpu_min_FP_SQRTP, = 0
gpu_min_FP_LGP, = 0
gpu_min_FP_SINP, = 0
gpu_min_FP_EXP, = 0
gpu_min_DP_MULP, = 0
gpu_min_DP_DIVP, = 0
gpu_min_TENSORP, = 0
gpu_min_TEXP, = 0
gpu_min_SCHEDP, = 0
gpu_min_L2CP, = 0
gpu_min_MCP, = 0.55022
gpu_min_NOCP, = 0
gpu_min_DRAMP, = 0
gpu_min_PIPEP, = 0
gpu_min_IDLE_COREP, = 8.48375
gpu_min_CONSTP = 32.3252
gpu_min_STATICP = 0
gpu_min_TOT_INST, = 0
gpu_min_FP_INT, = 0
gpu_min_IC_H, = 0
gpu_min_IC_M, = 0
gpu_min_DC_RH, = 0
gpu_min_DC_RM, = 0
gpu_min_DC_WH, = 0
gpu_min_DC_WM, = 0
gpu_min_TC_H, = 0
gpu_min_TC_M, = 0
gpu_min_CC_H, = 0
gpu_min_CC_M, = 0
gpu_min_SHRD_ACC, = 0
gpu_min_REG_RD, = 0
gpu_min_REG_WR, = 0
gpu_min_NON_REG_OPs, = 0
gpu_min_INT_ACC, = 0
gpu_min_FPU_ACC, = 0
gpu_min_DPU_ACC, = 0
gpu_min_INT_MUL24_ACC, = 0
gpu_min_INT_MUL32_ACC, = 0
gpu_min_INT_MUL_ACC, = 0
gpu_min_INT_DIV_ACC, = 0
gpu_min_FP_MUL_ACC, = 0
gpu_min_FP_DIV_ACC, = 0
gpu_min_FP_SQRT_ACC, = 0
gpu_min_FP_LG_ACC, = 0
gpu_min_FP_SIN_ACC, = 0
gpu_min_FP_EXP_ACC, = 0
gpu_min_DP_MUL_ACC, = 0
gpu_min_DP_DIV_ACC, = 0
gpu_min_TENSOR_ACC, = 0
gpu_min_TEX_ACC, = 0
gpu_min_MEM_RD, = 0
gpu_min_MEM_WR, = 0
gpu_min_MEM_PRE, = 0
gpu_min_L2_RH, = 0
gpu_min_L2_RM, = 0
gpu_min_L2_WH, = 0
gpu_min_L2_WM, = 0
gpu_min_NOC_A, = 0
gpu_min_PIPE_A, = 0
gpu_min_IDLE_CORE_N, = 30
gpu_min_constant_power = 0

Accumulative Power Statistics Over Previous Kernels:
gpu_tot_avg_power = 80.623
gpu_tot_max_power = 100.229
gpu_tot_min_power = 41.3592


