kernel_name = _Z7contribiPfPiS_ 
kernel_launch_uid = 1 

Kernel Average Power Data:
kernel_avg_power = 105.35
gpu_avg_IBP, = 0.115626
gpu_avg_ICP, = 0
gpu_avg_DCP, = 2.71867
gpu_avg_TCP, = 0
gpu_avg_CCP, = 0
gpu_avg_SHRDP, = 0
gpu_avg_RFP, = 5.22606
gpu_avg_INTP, = 1.81549
gpu_avg_FPUP, = 0.261901
gpu_avg_DPUP, = 0
gpu_avg_INT_MUL24P, = 0
gpu_avg_INT_MUL32P, = 2.02856
gpu_avg_INT_MULP, = 0
gpu_avg_INT_DIVP, = 0
gpu_avg_FP_MULP, = 0
gpu_avg_FP_DIVP, = 1.01428
gpu_avg_FP_SQRTP, = 0
gpu_avg_FP_LGP, = 0
gpu_avg_FP_SINP, = 0
gpu_avg_FP_EXP, = 0
gpu_avg_DP_MULP, = 0
gpu_avg_DP_DIVP, = 0
gpu_avg_TENSORP, = 0
gpu_avg_TEXP, = 0
gpu_avg_SCHEDP, = 0.326309
gpu_avg_L2CP, = 0.455545
gpu_avg_MCP, = 1.88858
gpu_avg_NOCP, = 1.69358
gpu_avg_DRAMP, = 16.8212
gpu_avg_PIPEP, = 0.294747
gpu_avg_IDLE_COREP, = 0.0719837
gpu_avg_CONSTP = 32.3252
gpu_avg_STATICP = 38.2924
gpu_avg_TOT_INST, = 14410.1
gpu_avg_FP_INT, = 13809.7
gpu_avg_IC_H, = 0
gpu_avg_IC_M, = 0
gpu_avg_DC_RH, = 0
gpu_avg_DC_RM, = 4803.36
gpu_avg_DC_WH, = 0
gpu_avg_DC_WM, = 2401.64
gpu_avg_TC_H, = 0
gpu_avg_TC_M, = 0
gpu_avg_CC_H, = 0
gpu_avg_CC_M, = 0
gpu_avg_SHRD_ACC, = 0
gpu_avg_REG_RD, = 422697
gpu_avg_REG_WR, = 422091
gpu_avg_NON_REG_OPs, = 192136
gpu_avg_INT_ACC, = 2.87966e+06
gpu_avg_FPU_ACC, = 10176.8
gpu_avg_DPU_ACC, = 0
gpu_avg_INT_MUL24_ACC, = 0
gpu_avg_INT_MUL32_ACC, = 38427
gpu_avg_INT_MUL_ACC, = 0
gpu_avg_INT_DIV_ACC, = 0
gpu_avg_FP_MUL_ACC, = 0
gpu_avg_FP_DIV_ACC, = 19213.5
gpu_avg_FP_SQRT_ACC, = 0
gpu_avg_FP_LG_ACC, = 0
gpu_avg_FP_SIN_ACC, = 0
gpu_avg_FP_EXP_ACC, = 0
gpu_avg_DP_MUL_ACC, = 0
gpu_avg_DP_DIV_ACC, = 0
gpu_avg_TENSOR_ACC, = 0
gpu_avg_TEX_ACC, = 0
gpu_avg_MEM_RD, = 4803.36
gpu_avg_MEM_WR, = 2347.61
gpu_avg_MEM_PRE, = 156.188
gpu_avg_L2_RH, = 0
gpu_avg_L2_RM, = 4803.36
gpu_avg_L2_WH, = 0
gpu_avg_L2_WM, = 2401.6
gpu_avg_NOC_A, = 14410
gpu_avg_PIPE_A, = 0.0575404
gpu_avg_IDLE_CORE_N, = 0.254547
gpu_avg_constant_power = 0
gpu_avg_threads_per_warp = 31.7426
gpu_tot_TOT_INST, = 8.96311e+06
gpu_tot_FP_INT, = 8.58965e+06
gpu_tot_IC_H, = 0
gpu_tot_IC_M, = 0
gpu_tot_DC_RH, = 0
gpu_tot_DC_RM, = 2.98769e+06
gpu_tot_DC_WH, = 0
gpu_tot_DC_WM, = 1.49382e+06
gpu_tot_TC_H, = 0
gpu_tot_TC_M, = 0
gpu_tot_CC_H, = 0
gpu_tot_CC_M, = 0
gpu_tot_SHRD_ACC, = 0
gpu_tot_REG_RD, = 2.62917e+08
gpu_tot_REG_WR, = 2.62541e+08
gpu_tot_NON_REG_OPs, = 1.19508e+08
gpu_tot_INT_ACC, = 1.79115e+09
gpu_tot_FPU_ACC, = 6.32997e+06
gpu_tot_DPU_ACC, = 0
gpu_tot_INT_MUL24_ACC, = 0
gpu_tot_INT_MUL32_ACC, = 2.39016e+07
gpu_tot_INT_MUL_ACC, = 0
gpu_tot_INT_DIV_ACC, = 0
gpu_tot_FP_MUL_ACC, = 0
gpu_tot_FP_DIV_ACC, = 1.19508e+07
gpu_tot_FP_SQRT_ACC, = 0
gpu_tot_FP_LG_ACC, = 0
gpu_tot_FP_SIN_ACC, = 0
gpu_tot_FP_EXP_ACC, = 0
gpu_tot_DP_MUL_ACC, = 0
gpu_tot_DP_DIV_ACC, = 0
gpu_tot_TENSOR_ACC, = 0
gpu_tot_TEX_ACC, = 0
gpu_tot_MEM_RD, = 2.98769e+06
gpu_tot_MEM_WR, = 1.46022e+06
gpu_tot_MEM_PRE, = 97149
gpu_tot_L2_RH, = 0
gpu_tot_L2_RM, = 2.98769e+06
gpu_tot_L2_WH, = 0
gpu_tot_L2_WM, = 1.4938e+06
gpu_tot_NOC_A, = 8.96299e+06
gpu_tot_PIPE_A, = 35.7901
gpu_tot_IDLE_CORE_N, = 158.328
gpu_tot_constant_power = 0

Kernel Maximum Power Data:
kernel_max_power = 110.405
gpu_max_IBP, = 0.153306
gpu_max_ICP, = 0
gpu_max_DCP, = 3.25919
gpu_max_TCP, = 0
gpu_max_CCP, = 0
gpu_max_SHRDP, = 0
gpu_max_RFP, = 6.85074
gpu_max_INTP, = 2.46038
gpu_max_FPUP, = 0.252994
gpu_max_DPUP, = 0
gpu_max_INT_MUL24P, = 0
gpu_max_INT_MUL32P, = 2.73156
gpu_max_INT_MULP, = 0
gpu_max_INT_DIVP, = 0
gpu_max_FP_MULP, = 0
gpu_max_FP_DIVP, = 1.37507
gpu_max_FP_SQRTP, = 0
gpu_max_FP_LGP, = 0
gpu_max_FP_SINP, = 0
gpu_max_FP_EXP, = 0
gpu_max_DP_MULP, = 0
gpu_max_DP_DIVP, = 0
gpu_max_TENSORP, = 0
gpu_max_TEXP, = 0
gpu_max_SCHEDP, = 0.437797
gpu_max_L2CP, = 0.625008
gpu_max_MCP, = 2.02306
gpu_max_NOCP, = 2.05839
gpu_max_DRAMP, = 16.8437
gpu_max_PIPEP, = 0.388814
gpu_max_IDLE_COREP, = 0
gpu_max_CONSTP = 32.3252
gpu_max_STATICP = 38.6201
gpu_max_TOT_INST, = 19106
gpu_max_FP_INT, = 18528
gpu_max_IC_H, = 0
gpu_max_IC_M, = 0
gpu_max_DC_RH, = 0
gpu_max_DC_RM, = 5445
gpu_max_DC_WH, = 0
gpu_max_DC_WM, = 3204
gpu_max_TC_H, = 0
gpu_max_TC_M, = 0
gpu_max_CC_H, = 0
gpu_max_CC_M, = 0
gpu_max_SHRD_ACC, = 0
gpu_max_REG_RD, = 551776
gpu_max_REG_WR, = 530944
gpu_max_NON_REG_OPs, = 257376
gpu_max_INT_ACC, = 3.90255e+06
gpu_max_FPU_ACC, = 9830.69
gpu_max_DPU_ACC, = 0
gpu_max_INT_MUL24_ACC, = 0
gpu_max_INT_MUL32_ACC, = 51744
gpu_max_INT_MUL_ACC, = 0
gpu_max_INT_DIV_ACC, = 0
gpu_max_FP_MUL_ACC, = 0
gpu_max_FP_DIV_ACC, = 26048
gpu_max_FP_SQRT_ACC, = 0
gpu_max_FP_LG_ACC, = 0
gpu_max_FP_SIN_ACC, = 0
gpu_max_FP_EXP_ACC, = 0
gpu_max_DP_MUL_ACC, = 0
gpu_max_DP_DIV_ACC, = 0
gpu_max_TENSOR_ACC, = 0
gpu_max_TEX_ACC, = 0
gpu_max_MEM_RD, = 5431
gpu_max_MEM_WR, = 1229
gpu_max_MEM_PRE, = 164
gpu_max_L2_RH, = 0
gpu_max_L2_RM, = 5604
gpu_max_L2_WH, = 0
gpu_max_L2_WM, = 3329
gpu_max_NOC_A, = 17514
gpu_max_PIPE_A, = 0.0759042
gpu_max_IDLE_CORE_N, = 0
gpu_max_constant_power = 0

Kernel Minimum Power Data:
kernel_min_power = 41.3592
gpu_min_IBP, = 0
gpu_min_ICP, = 0
gpu_min_DCP, = 0
gpu_min_TCP, = 0
gpu_min_CCP, = 0
gpu_min_SHRDP, = 0
gpu_min_RFP, = 0
gpu_min_INTP, = 0
gpu_min_FPUP, = 0
gpu_min_DPUP, = 0
gpu_min_INT_MUL24P, = 0
gpu_min_INT_MUL32P, = 0
gpu_min_INT_MULP, = 0
gpu_min_INT_DIVP, = 0
gpu_min_FP_MULP, = 0
gpu_min_FP_DIVP, = 0
gpu_min_FP_SQRTP, = 0
gpu_min_FP_LGP, = 0
gpu_min_FP_SINP, = 0
gpu_min_FP_EXP, = 0
gpu_min_DP_MULP, = 0
gpu_min_DP_DIVP, = 0
gpu_min_TENSORP, = 0
gpu_min_TEXP, = 0
gpu_min_SCHEDP, = 0
gpu_min_L2CP, = 0
gpu_min_MCP, = 0.55022
gpu_min_NOCP, = 0
gpu_min_DRAMP, = 0
gpu_min_PIPEP, = 0
gpu_min_IDLE_COREP, = 8.48375
gpu_min_CONSTP = 32.3252
gpu_min_STATICP = 0
gpu_min_TOT_INST, = 0
gpu_min_FP_INT, = 0
gpu_min_IC_H, = 0
gpu_min_IC_M, = 0
gpu_min_DC_RH, = 0
gpu_min_DC_RM, = 0
gpu_min_DC_WH, = 0
gpu_min_DC_WM, = 0
gpu_min_TC_H, = 0
gpu_min_TC_M, = 0
gpu_min_CC_H, = 0
gpu_min_CC_M, = 0
gpu_min_SHRD_ACC, = 0
gpu_min_REG_RD, = 0
gpu_min_REG_WR, = 0
gpu_min_NON_REG_OPs, = 0
gpu_min_INT_ACC, = 0
gpu_min_FPU_ACC, = 0
gpu_min_DPU_ACC, = 0
gpu_min_INT_MUL24_ACC, = 0
gpu_min_INT_MUL32_ACC, = 0
gpu_min_INT_MUL_ACC, = 0
gpu_min_INT_DIV_ACC, = 0
gpu_min_FP_MUL_ACC, = 0
gpu_min_FP_DIV_ACC, = 0
gpu_min_FP_SQRT_ACC, = 0
gpu_min_FP_LG_ACC, = 0
gpu_min_FP_SIN_ACC, = 0
gpu_min_FP_EXP_ACC, = 0
gpu_min_DP_MUL_ACC, = 0
gpu_min_DP_DIV_ACC, = 0
gpu_min_TENSOR_ACC, = 0
gpu_min_TEX_ACC, = 0
gpu_min_MEM_RD, = 0
gpu_min_MEM_WR, = 0
gpu_min_MEM_PRE, = 0
gpu_min_L2_RH, = 0
gpu_min_L2_RM, = 0
gpu_min_L2_WH, = 0
gpu_min_L2_WM, = 0
gpu_min_NOC_A, = 0
gpu_min_PIPE_A, = 0
gpu_min_IDLE_CORE_N, = 30
gpu_min_constant_power = 0

Accumulative Power Statistics Over Previous Kernels:
gpu_tot_avg_power = 105.35
gpu_tot_max_power = 110.405
gpu_tot_min_power = 41.3592


kernel_name = _Z9pull_stepiPKmPKiPfS3_ 
kernel_launch_uid = 2 

Kernel Average Power Data:
kernel_avg_power = 106.466
gpu_avg_IBP, = 0.152306
gpu_avg_ICP, = 0
gpu_avg_DCP, = 4.24731
gpu_avg_TCP, = 0
gpu_avg_CCP, = 0
gpu_avg_SHRDP, = 0
gpu_avg_RFP, = 7.9276
gpu_avg_INTP, = 2.31145
gpu_avg_FPUP, = 0.455909
gpu_avg_DPUP, = 0
gpu_avg_INT_MUL24P, = 0
gpu_avg_INT_MUL32P, = 2.93983
gpu_avg_INT_MULP, = 0
gpu_avg_INT_DIVP, = 0
gpu_avg_FP_MULP, = 0
gpu_avg_FP_DIVP, = 0
gpu_avg_FP_SQRTP, = 0
gpu_avg_FP_LGP, = 0
gpu_avg_FP_SINP, = 0
gpu_avg_FP_EXP, = 0
gpu_avg_DP_MULP, = 0
gpu_avg_DP_DIVP, = 0
gpu_avg_TENSORP, = 0
gpu_avg_TEXP, = 0
gpu_avg_SCHEDP, = 0.425951
gpu_avg_L2CP, = 0.281905
gpu_avg_MCP, = 1.77797
gpu_avg_NOCP, = 1.63683
gpu_avg_DRAMP, = 16.9894
gpu_avg_PIPEP, = 0.373357
gpu_avg_IDLE_COREP, = 0.0362514
gpu_avg_CONSTP = 32.3252
gpu_avg_STATICP = 34.5847
gpu_avg_TOT_INST, = 18981.4
gpu_avg_FP_INT, = 18026.7
gpu_avg_IC_H, = 0
gpu_avg_IC_M, = 0
gpu_avg_DC_RH, = 4574.82
gpu_avg_DC_RM, = 2540.27
gpu_avg_DC_WH, = 0
gpu_avg_DC_WM, = 1205.71
gpu_avg_TC_H, = 0
gpu_avg_TC_M, = 0
gpu_avg_CC_H, = 0
gpu_avg_CC_M, = 0
gpu_avg_SHRD_ACC, = 0
gpu_avg_REG_RD, = 533624
gpu_avg_REG_WR, = 659103
gpu_avg_NON_REG_OPs, = 314963
gpu_avg_INT_ACC, = 3.66632e+06
gpu_avg_FPU_ACC, = 17715.5
gpu_avg_DPU_ACC, = 0
gpu_avg_INT_MUL24_ACC, = 0
gpu_avg_INT_MUL32_ACC, = 55689.3
gpu_avg_INT_MUL_ACC, = 0
gpu_avg_INT_DIV_ACC, = 0
gpu_avg_FP_MUL_ACC, = 0
gpu_avg_FP_DIV_ACC, = 0
gpu_avg_FP_SQRT_ACC, = 0
gpu_avg_FP_LG_ACC, = 0
gpu_avg_FP_SIN_ACC, = 0
gpu_avg_FP_EXP_ACC, = 0
gpu_avg_DP_MUL_ACC, = 0
gpu_avg_DP_DIV_ACC, = 0
gpu_avg_TENSOR_ACC, = 0
gpu_avg_TEX_ACC, = 0
gpu_avg_MEM_RD, = 5384.99
gpu_avg_MEM_WR, = 1215.51
gpu_avg_MEM_PRE, = 808.027
gpu_avg_L2_RH, = 372.862
gpu_avg_L2_RM, = 5384.99
gpu_avg_L2_WH, = 0
gpu_avg_L2_WM, = 1205.72
gpu_avg_NOC_A, = 13927.1
gpu_avg_PIPE_A, = 0.0728867
gpu_avg_IDLE_CORE_N, = 0.128191
gpu_avg_constant_power = 0
gpu_avg_threads_per_warp = 25.4019
gpu_tot_TOT_INST, = 2.3518e+07
gpu_tot_FP_INT, = 2.23351e+07
gpu_tot_IC_H, = 0
gpu_tot_IC_M, = 0
gpu_tot_DC_RH, = 5.6682e+06
gpu_tot_DC_RM, = 3.14739e+06
gpu_tot_DC_WH, = 0
gpu_tot_DC_WM, = 1.49387e+06
gpu_tot_TC_H, = 0
gpu_tot_TC_M, = 0
gpu_tot_CC_H, = 0
gpu_tot_CC_M, = 0
gpu_tot_SHRD_ACC, = 0
gpu_tot_REG_RD, = 6.6116e+08
gpu_tot_REG_WR, = 8.16629e+08
gpu_tot_NON_REG_OPs, = 3.90239e+08
gpu_tot_INT_ACC, = 4.54257e+09
gpu_tot_FPU_ACC, = 2.19494e+07
gpu_tot_DPU_ACC, = 0
gpu_tot_INT_MUL24_ACC, = 0
gpu_tot_INT_MUL32_ACC, = 6.8999e+07
gpu_tot_INT_MUL_ACC, = 0
gpu_tot_INT_DIV_ACC, = 0
gpu_tot_FP_MUL_ACC, = 0
gpu_tot_FP_DIV_ACC, = 0
gpu_tot_FP_SQRT_ACC, = 0
gpu_tot_FP_LG_ACC, = 0
gpu_tot_FP_SIN_ACC, = 0
gpu_tot_FP_EXP_ACC, = 0
gpu_tot_DP_MUL_ACC, = 0
gpu_tot_DP_DIV_ACC, = 0
gpu_tot_TENSOR_ACC, = 0
gpu_tot_TEX_ACC, = 0
gpu_tot_MEM_RD, = 6.672e+06
gpu_tot_MEM_WR, = 1.50602e+06
gpu_tot_MEM_PRE, = 1.00115e+06
gpu_tot_L2_RH, = 461976
gpu_tot_L2_RM, = 6.672e+06
gpu_tot_L2_WH, = 0
gpu_tot_L2_WM, = 1.49388e+06
gpu_tot_NOC_A, = 1.72557e+07
gpu_tot_PIPE_A, = 90.3066
gpu_tot_IDLE_CORE_N, = 158.829
gpu_tot_constant_power = 0

Kernel Maximum Power Data:
kernel_max_power = 115.42
gpu_max_IBP, = 0.198866
gpu_max_ICP, = 0
gpu_max_DCP, = 5.07202
gpu_max_TCP, = 0
gpu_max_CCP, = 0
gpu_max_SHRDP, = 0
gpu_max_RFP, = 10.1083
gpu_max_INTP, = 3.14353
gpu_max_FPUP, = 0.542012
gpu_max_DPUP, = 0
gpu_max_INT_MUL24P, = 0
gpu_max_INT_MUL32P, = 4.0047
gpu_max_INT_MULP, = 0
gpu_max_INT_DIVP, = 0
gpu_max_FP_MULP, = 0
gpu_max_FP_DIVP, = 0
gpu_max_FP_SQRTP, = 0
gpu_max_FP_LGP, = 0
gpu_max_FP_SINP, = 0
gpu_max_FP_EXP, = 0
gpu_max_DP_MULP, = 0
gpu_max_DP_DIVP, = 0
gpu_max_TENSORP, = 0
gpu_max_TEXP, = 0
gpu_max_SCHEDP, = 0.565535
gpu_max_L2CP, = 0.398208
gpu_max_MCP, = 1.93565
gpu_max_NOCP, = 2.00985
gpu_max_DRAMP, = 17.9441
gpu_max_PIPEP, = 0.487421
gpu_max_IDLE_COREP, = 0
gpu_max_CONSTP = 32.3252
gpu_max_STATICP = 36.6844
gpu_max_TOT_INST, = 24784
gpu_max_FP_INT, = 23934
gpu_max_IC_H, = 0
gpu_max_IC_M, = 0
gpu_max_DC_RH, = 6010
gpu_max_DC_RM, = 1965
gpu_max_DC_WH, = 0
gpu_max_DC_WM, = 1628
gpu_max_TC_H, = 0
gpu_max_TC_M, = 0
gpu_max_CC_H, = 0
gpu_max_CC_M, = 0
gpu_max_SHRD_ACC, = 0
gpu_max_REG_RD, = 665152
gpu_max_REG_WR, = 808992
gpu_max_NON_REG_OPs, = 412416
gpu_max_INT_ACC, = 4.98612e+06
gpu_max_FPU_ACC, = 21061.2
gpu_max_DPU_ACC, = 0
gpu_max_INT_MUL24_ACC, = 0
gpu_max_INT_MUL32_ACC, = 75861
gpu_max_INT_MUL_ACC, = 0
gpu_max_INT_DIV_ACC, = 0
gpu_max_FP_MUL_ACC, = 0
gpu_max_FP_DIV_ACC, = 0
gpu_max_FP_SQRT_ACC, = 0
gpu_max_FP_LG_ACC, = 0
gpu_max_FP_SIN_ACC, = 0
gpu_max_FP_EXP_ACC, = 0
gpu_max_DP_MUL_ACC, = 0
gpu_max_DP_DIV_ACC, = 0
gpu_max_TENSOR_ACC, = 0
gpu_max_TEX_ACC, = 0
gpu_max_MEM_RD, = 5861
gpu_max_MEM_WR, = 1160
gpu_max_MEM_PRE, = 221
gpu_max_L2_RH, = 347
gpu_max_L2_RM, = 6105
gpu_max_L2_WH, = 0
gpu_max_L2_WM, = 1850
gpu_max_NOC_A, = 17101
gpu_max_PIPE_A, = 0.0951542
gpu_max_IDLE_CORE_N, = 0
gpu_max_constant_power = 0

Kernel Minimum Power Data:
kernel_min_power = 41.3592
gpu_min_IBP, = 0
gpu_min_ICP, = 0
gpu_min_DCP, = 0
gpu_min_TCP, = 0
gpu_min_CCP, = 0
gpu_min_SHRDP, = 0
gpu_min_RFP, = 0
gpu_min_INTP, = 0
gpu_min_FPUP, = 0
gpu_min_DPUP, = 0
gpu_min_INT_MUL24P, = 0
gpu_min_INT_MUL32P, = 0
gpu_min_INT_MULP, = 0
gpu_min_INT_DIVP, = 0
gpu_min_FP_MULP, = 0
gpu_min_FP_DIVP, = 0
gpu_min_FP_SQRTP, = 0
gpu_min_FP_LGP, = 0
gpu_min_FP_SINP, = 0
gpu_min_FP_EXP, = 0
gpu_min_DP_MULP, = 0
gpu_min_DP_DIVP, = 0
gpu_min_TENSORP, = 0
gpu_min_TEXP, = 0
gpu_min_SCHEDP, = 0
gpu_min_L2CP, = 0
gpu_min_MCP, = 0.55022
gpu_min_NOCP, = 0
gpu_min_DRAMP, = 0
gpu_min_PIPEP, = 0
gpu_min_IDLE_COREP, = 8.48375
gpu_min_CONSTP = 32.3252
gpu_min_STATICP = 0
gpu_min_TOT_INST, = 0
gpu_min_FP_INT, = 0
gpu_min_IC_H, = 0
gpu_min_IC_M, = 0
gpu_min_DC_RH, = 0
gpu_min_DC_RM, = 0
gpu_min_DC_WH, = 0
gpu_min_DC_WM, = 0
gpu_min_TC_H, = 0
gpu_min_TC_M, = 0
gpu_min_CC_H, = 0
gpu_min_CC_M, = 0
gpu_min_SHRD_ACC, = 0
gpu_min_REG_RD, = 0
gpu_min_REG_WR, = 0
gpu_min_NON_REG_OPs, = 0
gpu_min_INT_ACC, = 0
gpu_min_FPU_ACC, = 0
gpu_min_DPU_ACC, = 0
gpu_min_INT_MUL24_ACC, = 0
gpu_min_INT_MUL32_ACC, = 0
gpu_min_INT_MUL_ACC, = 0
gpu_min_INT_DIV_ACC, = 0
gpu_min_FP_MUL_ACC, = 0
gpu_min_FP_DIV_ACC, = 0
gpu_min_FP_SQRT_ACC, = 0
gpu_min_FP_LG_ACC, = 0
gpu_min_FP_SIN_ACC, = 0
gpu_min_FP_EXP_ACC, = 0
gpu_min_DP_MUL_ACC, = 0
gpu_min_DP_DIV_ACC, = 0
gpu_min_TENSOR_ACC, = 0
gpu_min_TEX_ACC, = 0
gpu_min_MEM_RD, = 0
gpu_min_MEM_WR, = 0
gpu_min_MEM_PRE, = 0
gpu_min_L2_RH, = 0
gpu_min_L2_RM, = 0
gpu_min_L2_WH, = 0
gpu_min_L2_WM, = 0
gpu_min_NOC_A, = 0
gpu_min_PIPE_A, = 0
gpu_min_IDLE_CORE_N, = 30
gpu_min_constant_power = 0

Accumulative Power Statistics Over Previous Kernels:
gpu_tot_avg_power = 106.093
gpu_tot_max_power = 115.42
gpu_tot_min_power = 41.3592


