kernel_name = _Z15spmv_csr_scalariPKmPKiPKfS4_Pf 
kernel_launch_uid = 1 

Kernel Average Power Data:
kernel_avg_power = 46.7322
gpu_avg_IBP, = 0.00615266
gpu_avg_ICP, = 0
gpu_avg_DCP, = 0.975203
gpu_avg_TCP, = 0
gpu_avg_CCP, = 0
gpu_avg_SHRDP, = 0
gpu_avg_RFP, = 0.384595
gpu_avg_INTP, = 0.0367078
gpu_avg_FPUP, = 0
gpu_avg_DPUP, = 0
gpu_avg_INT_MUL24P, = 0
gpu_avg_INT_MUL32P, = 0.128904
gpu_avg_INT_MULP, = 0
gpu_avg_INT_DIVP, = 0
gpu_avg_FP_MULP, = 0.00708708
gpu_avg_FP_DIVP, = 0
gpu_avg_FP_SQRTP, = 0
gpu_avg_FP_LGP, = 0
gpu_avg_FP_SINP, = 0
gpu_avg_FP_EXP, = 0
gpu_avg_DP_MULP, = 0
gpu_avg_DP_DIVP, = 0
gpu_avg_TENSORP, = 0
gpu_avg_TEXP, = 0
gpu_avg_SCHEDP, = 0.0181158
gpu_avg_L2CP, = 0.0178775
gpu_avg_MCP, = 0.680045
gpu_avg_NOCP, = 0.0650593
gpu_avg_DRAMP, = 0.287347
gpu_avg_PIPEP, = 0.015822
gpu_avg_IDLE_COREP, = 6.43367
gpu_avg_CONSTP = 32.3252
gpu_avg_STATICP = 5.35037
gpu_avg_TOT_INST, = 766.786
gpu_avg_FP_INT, = 766.677
gpu_avg_IC_H, = 0
gpu_avg_IC_M, = 0
gpu_avg_DC_RH, = 1405.71
gpu_avg_DC_RM, = 273.582
gpu_avg_DC_WH, = 0.0010989
gpu_avg_DC_WM, = 0.426374
gpu_avg_TC_H, = 0
gpu_avg_TC_M, = 0
gpu_avg_CC_H, = 0
gpu_avg_CC_M, = 0
gpu_avg_SHRD_ACC, = 0
gpu_avg_REG_RD, = 33435.9
gpu_avg_REG_WR, = 22047.8
gpu_avg_NON_REG_OPs, = 15520.5
gpu_avg_INT_ACC, = 58224.3
gpu_avg_FPU_ACC, = 0
gpu_avg_DPU_ACC, = 0
gpu_avg_INT_MUL24_ACC, = 0
gpu_avg_INT_MUL32_ACC, = 2441.83
gpu_avg_INT_MUL_ACC, = 0
gpu_avg_INT_DIV_ACC, = 0
gpu_avg_FP_MUL_ACC, = 134.251
gpu_avg_FP_DIV_ACC, = 0
gpu_avg_FP_SQRT_ACC, = 0
gpu_avg_FP_LG_ACC, = 0
gpu_avg_FP_SIN_ACC, = 0
gpu_avg_FP_EXP_ACC, = 0
gpu_avg_DP_MUL_ACC, = 0
gpu_avg_DP_DIV_ACC, = 0
gpu_avg_TENSOR_ACC, = 0
gpu_avg_TEX_ACC, = 0
gpu_avg_MEM_RD, = 92.9934
gpu_avg_MEM_WR, = 0.00549451
gpu_avg_MEM_PRE, = 70.9901
gpu_avg_L2_RH, = 183.36
gpu_avg_L2_RM, = 92.9945
gpu_avg_L2_WH, = 0.0846154
gpu_avg_L2_WM, = 0.342857
gpu_avg_NOC_A, = 553.564
gpu_avg_PIPE_A, = 0.00308876
gpu_avg_IDLE_CORE_N, = 22.7506
gpu_avg_constant_power = 0
gpu_avg_threads_per_warp = 4.2747
gpu_tot_TOT_INST, = 697775
gpu_tot_FP_INT, = 697676
gpu_tot_IC_H, = 0
gpu_tot_IC_M, = 0
gpu_tot_DC_RH, = 1.2792e+06
gpu_tot_DC_RM, = 248960
gpu_tot_DC_WH, = 1
gpu_tot_DC_WM, = 388
gpu_tot_TC_H, = 0
gpu_tot_TC_M, = 0
gpu_tot_CC_H, = 0
gpu_tot_CC_M, = 0
gpu_tot_SHRD_ACC, = 0
gpu_tot_REG_RD, = 3.04267e+07
gpu_tot_REG_WR, = 2.00635e+07
gpu_tot_NON_REG_OPs, = 1.41237e+07
gpu_tot_INT_ACC, = 5.29842e+07
gpu_tot_FPU_ACC, = 0
gpu_tot_DPU_ACC, = 0
gpu_tot_INT_MUL24_ACC, = 0
gpu_tot_INT_MUL32_ACC, = 2.22206e+06
gpu_tot_INT_MUL_ACC, = 0
gpu_tot_INT_DIV_ACC, = 0
gpu_tot_FP_MUL_ACC, = 122168
gpu_tot_FP_DIV_ACC, = 0
gpu_tot_FP_SQRT_ACC, = 0
gpu_tot_FP_LG_ACC, = 0
gpu_tot_FP_SIN_ACC, = 0
gpu_tot_FP_EXP_ACC, = 0
gpu_tot_DP_MUL_ACC, = 0
gpu_tot_DP_DIV_ACC, = 0
gpu_tot_TENSOR_ACC, = 0
gpu_tot_TEX_ACC, = 0
gpu_tot_MEM_RD, = 84624
gpu_tot_MEM_WR, = 5
gpu_tot_MEM_PRE, = 64601
gpu_tot_L2_RH, = 166858
gpu_tot_L2_RM, = 84625
gpu_tot_L2_WH, = 77
gpu_tot_L2_WM, = 312
gpu_tot_NOC_A, = 503743
gpu_tot_PIPE_A, = 2.81077
gpu_tot_IDLE_CORE_N, = 20703
gpu_tot_constant_power = 0

Kernel Maximum Power Data:
kernel_max_power = 66.423
gpu_max_IBP, = 0.00873007
gpu_max_ICP, = 0
gpu_max_DCP, = 6.55909
gpu_max_TCP, = 0
gpu_max_CCP, = 0
gpu_max_SHRDP, = 0
gpu_max_RFP, = 1.03158
gpu_max_INTP, = 0.0812608
gpu_max_FPUP, = 0
gpu_max_DPUP, = 0
gpu_max_INT_MUL24P, = 0
gpu_max_INT_MUL32P, = 0.265639
gpu_max_INT_MULP, = 0
gpu_max_INT_DIVP, = 0
gpu_max_FP_MULP, = 0.0215929
gpu_max_FP_DIVP, = 0
gpu_max_FP_SQRTP, = 0
gpu_max_FP_LGP, = 0
gpu_max_FP_SINP, = 0
gpu_max_FP_EXP, = 0
gpu_max_DP_MULP, = 0
gpu_max_DP_DIVP, = 0
gpu_max_TENSORP, = 0
gpu_max_TEXP, = 0
gpu_max_SCHEDP, = 0.0257083
gpu_max_L2CP, = 0.486465
gpu_max_MCP, = 1.53796
gpu_max_NOCP, = 1.30221
gpu_max_DRAMP, = 1.21218
gpu_max_PIPEP, = 0.0225174
gpu_max_IDLE_COREP, = 4.80746
gpu_max_CONSTP = 32.3252
gpu_max_STATICP = 16.7354
gpu_max_TOT_INST, = 1088
gpu_max_FP_INT, = 1088
gpu_max_IC_H, = 0
gpu_max_IC_M, = 0
gpu_max_DC_RH, = 7198
gpu_max_DC_RM, = 5503
gpu_max_DC_WH, = 0
gpu_max_DC_WM, = 0
gpu_max_TC_H, = 0
gpu_max_TC_M, = 0
gpu_max_CC_H, = 0
gpu_max_CC_M, = 0
gpu_max_SHRD_ACC, = 0
gpu_max_REG_RD, = 48064
gpu_max_REG_WR, = 195424
gpu_max_NON_REG_OPs, = 22400
gpu_max_INT_ACC, = 128892
gpu_max_FPU_ACC, = 0
gpu_max_DPU_ACC, = 0
gpu_max_INT_MUL24_ACC, = 0
gpu_max_INT_MUL32_ACC, = 5032
gpu_max_INT_MUL_ACC, = 0
gpu_max_INT_DIV_ACC, = 0
gpu_max_FP_MUL_ACC, = 409.034
gpu_max_FP_DIV_ACC, = 0
gpu_max_FP_SQRT_ACC, = 0
gpu_max_FP_LG_ACC, = 0
gpu_max_FP_SIN_ACC, = 0
gpu_max_FP_EXP_ACC, = 0
gpu_max_DP_MUL_ACC, = 0
gpu_max_DP_DIV_ACC, = 0
gpu_max_TENSOR_ACC, = 0
gpu_max_TEX_ACC, = 0
gpu_max_MEM_RD, = 400
gpu_max_MEM_WR, = 0
gpu_max_MEM_PRE, = 253
gpu_max_L2_RH, = 5156
gpu_max_L2_RM, = 383
gpu_max_L2_WH, = 0
gpu_max_L2_WM, = 0
gpu_max_NOC_A, = 11080
gpu_max_PIPE_A, = 0.00439584
gpu_max_IDLE_CORE_N, = 17
gpu_max_constant_power = 0

Kernel Minimum Power Data:
kernel_min_power = 41.3592
gpu_min_IBP, = 0
gpu_min_ICP, = 0
gpu_min_DCP, = 0
gpu_min_TCP, = 0
gpu_min_CCP, = 0
gpu_min_SHRDP, = 0
gpu_min_RFP, = 0
gpu_min_INTP, = 0
gpu_min_FPUP, = 0
gpu_min_DPUP, = 0
gpu_min_INT_MUL24P, = 0
gpu_min_INT_MUL32P, = 0
gpu_min_INT_MULP, = 0
gpu_min_INT_DIVP, = 0
gpu_min_FP_MULP, = 0
gpu_min_FP_DIVP, = 0
gpu_min_FP_SQRTP, = 0
gpu_min_FP_LGP, = 0
gpu_min_FP_SINP, = 0
gpu_min_FP_EXP, = 0
gpu_min_DP_MULP, = 0
gpu_min_DP_DIVP, = 0
gpu_min_TENSORP, = 0
gpu_min_TEXP, = 0
gpu_min_SCHEDP, = 0
gpu_min_L2CP, = 0
gpu_min_MCP, = 0.55022
gpu_min_NOCP, = 0
gpu_min_DRAMP, = 0
gpu_min_PIPEP, = 0
gpu_min_IDLE_COREP, = 8.48375
gpu_min_CONSTP = 32.3252
gpu_min_STATICP = 0
gpu_min_TOT_INST, = 0
gpu_min_FP_INT, = 0
gpu_min_IC_H, = 0
gpu_min_IC_M, = 0
gpu_min_DC_RH, = 0
gpu_min_DC_RM, = 0
gpu_min_DC_WH, = 0
gpu_min_DC_WM, = 0
gpu_min_TC_H, = 0
gpu_min_TC_M, = 0
gpu_min_CC_H, = 0
gpu_min_CC_M, = 0
gpu_min_SHRD_ACC, = 0
gpu_min_REG_RD, = 0
gpu_min_REG_WR, = 0
gpu_min_NON_REG_OPs, = 0
gpu_min_INT_ACC, = 0
gpu_min_FPU_ACC, = 0
gpu_min_DPU_ACC, = 0
gpu_min_INT_MUL24_ACC, = 0
gpu_min_INT_MUL32_ACC, = 0
gpu_min_INT_MUL_ACC, = 0
gpu_min_INT_DIV_ACC, = 0
gpu_min_FP_MUL_ACC, = 0
gpu_min_FP_DIV_ACC, = 0
gpu_min_FP_SQRT_ACC, = 0
gpu_min_FP_LG_ACC, = 0
gpu_min_FP_SIN_ACC, = 0
gpu_min_FP_EXP_ACC, = 0
gpu_min_DP_MUL_ACC, = 0
gpu_min_DP_DIV_ACC, = 0
gpu_min_TENSOR_ACC, = 0
gpu_min_TEX_ACC, = 0
gpu_min_MEM_RD, = 0
gpu_min_MEM_WR, = 0
gpu_min_MEM_PRE, = 0
gpu_min_L2_RH, = 0
gpu_min_L2_RM, = 0
gpu_min_L2_WH, = 0
gpu_min_L2_WM, = 0
gpu_min_NOC_A, = 0
gpu_min_PIPE_A, = 0
gpu_min_IDLE_CORE_N, = 30
gpu_min_constant_power = 0

Accumulative Power Statistics Over Previous Kernels:
gpu_tot_avg_power = 46.7322
gpu_tot_max_power = 66.423
gpu_tot_min_power = 41.3592


