kernel_name = _Z11srad_cuda_1PfS_S_S_S_S_iif 
kernel_launch_uid = 1 

Kernel Average Power Data:
kernel_avg_power = 108.091
gpu_avg_IBP, = 0.296124
gpu_avg_ICP, = 0
gpu_avg_DCP, = 2.039
gpu_avg_TCP, = 0
gpu_avg_CCP, = 0
gpu_avg_SHRDP, = 0.50229
gpu_avg_RFP, = 11.277
gpu_avg_INTP, = 3.83921
gpu_avg_FPUP, = 1.19239
gpu_avg_DPUP, = 0.565328
gpu_avg_INT_MUL24P, = 0
gpu_avg_INT_MUL32P, = 1.80442
gpu_avg_INT_MULP, = 0
gpu_avg_INT_DIVP, = 0
gpu_avg_FP_MULP, = 0.213699
gpu_avg_FP_DIVP, = 1.19362
gpu_avg_FP_SQRTP, = 0
gpu_avg_FP_LGP, = 0
gpu_avg_FP_SINP, = 0
gpu_avg_FP_EXP, = 0
gpu_avg_DP_MULP, = 0.118284
gpu_avg_DP_DIVP, = 0.298406
gpu_avg_TENSORP, = 0
gpu_avg_TEXP, = 0
gpu_avg_SCHEDP, = 0.849885
gpu_avg_L2CP, = 0.703329
gpu_avg_MCP, = 1.61102
gpu_avg_NOCP, = 1.1773
gpu_avg_DRAMP, = 7.38866
gpu_avg_PIPEP, = 0.69198
gpu_avg_IDLE_COREP, = 0.0904015
gpu_avg_CONSTP = 32.3252
gpu_avg_STATICP = 39.913
gpu_avg_TOT_INST, = 36905
gpu_avg_FP_INT, = 35968
gpu_avg_IC_H, = 0
gpu_avg_IC_M, = 0
gpu_avg_DC_RH, = 654.757
gpu_avg_DC_RM, = 870.387
gpu_avg_DC_WH, = 0
gpu_avg_DC_WM, = 3532.69
gpu_avg_TC_H, = 0
gpu_avg_TC_M, = 0
gpu_avg_CC_H, = 0
gpu_avg_CC_M, = 0
gpu_avg_SHRD_ACC, = 3267.86
gpu_avg_REG_RD, = 1.14148e+06
gpu_avg_REG_WR, = 782893
gpu_avg_NON_REG_OPs, = 383762
gpu_avg_INT_ACC, = 6.0896e+06
gpu_avg_FPU_ACC, = 46333.2
gpu_avg_DPU_ACC, = 21967.2
gpu_avg_INT_MUL24_ACC, = 0
gpu_avg_INT_MUL32_ACC, = 34181.2
gpu_avg_INT_MUL_ACC, = 0
gpu_avg_INT_DIV_ACC, = 0
gpu_avg_FP_MUL_ACC, = 4048.11
gpu_avg_FP_DIV_ACC, = 22610.8
gpu_avg_FP_SQRT_ACC, = 0
gpu_avg_FP_LG_ACC, = 0
gpu_avg_FP_SIN_ACC, = 0
gpu_avg_FP_EXP_ACC, = 0
gpu_avg_DP_MUL_ACC, = 2240.65
gpu_avg_DP_DIV_ACC, = 5652.7
gpu_avg_TENSOR_ACC, = 0
gpu_avg_TEX_ACC, = 0
gpu_avg_MEM_RD, = 707.278
gpu_avg_MEM_WR, = 3421.34
gpu_avg_MEM_PRE, = 529.243
gpu_avg_L2_RH, = 768.768
gpu_avg_L2_RM, = 707.278
gpu_avg_L2_WH, = 0
gpu_avg_L2_WM, = 3532.4
gpu_avg_NOC_A, = 10017.2
gpu_avg_PIPE_A, = 0.135088
gpu_avg_IDLE_CORE_N, = 0.319675
gpu_avg_constant_power = 0
gpu_avg_threads_per_warp = 29.6829
gpu_tot_TOT_INST, = 2.73835e+07
gpu_tot_FP_INT, = 2.66882e+07
gpu_tot_IC_H, = 0
gpu_tot_IC_M, = 0
gpu_tot_DC_RH, = 485830
gpu_tot_DC_RM, = 645827
gpu_tot_DC_WH, = 0
gpu_tot_DC_WM, = 2.62125e+06
gpu_tot_TC_H, = 0
gpu_tot_TC_M, = 0
gpu_tot_CC_H, = 0
gpu_tot_CC_M, = 0
gpu_tot_SHRD_ACC, = 2.42476e+06
gpu_tot_REG_RD, = 8.46978e+08
gpu_tot_REG_WR, = 5.80906e+08
gpu_tot_NON_REG_OPs, = 2.84751e+08
gpu_tot_INT_ACC, = 4.51848e+09
gpu_tot_FPU_ACC, = 3.43792e+07
gpu_tot_DPU_ACC, = 1.62997e+07
gpu_tot_INT_MUL24_ACC, = 0
gpu_tot_INT_MUL32_ACC, = 2.53624e+07
gpu_tot_INT_MUL_ACC, = 0
gpu_tot_INT_DIV_ACC, = 0
gpu_tot_FP_MUL_ACC, = 3.00369e+06
gpu_tot_FP_DIV_ACC, = 1.67772e+07
gpu_tot_FP_SQRT_ACC, = 0
gpu_tot_FP_LG_ACC, = 0
gpu_tot_FP_SIN_ACC, = 0
gpu_tot_FP_EXP_ACC, = 0
gpu_tot_DP_MUL_ACC, = 1.66257e+06
gpu_tot_DP_DIV_ACC, = 4.1943e+06
gpu_tot_TENSOR_ACC, = 0
gpu_tot_TEX_ACC, = 0
gpu_tot_MEM_RD, = 524800
gpu_tot_MEM_WR, = 2.53863e+06
gpu_tot_MEM_PRE, = 392698
gpu_tot_L2_RH, = 570426
gpu_tot_L2_RM, = 524800
gpu_tot_L2_WH, = 0
gpu_tot_L2_WM, = 2.62104e+06
gpu_tot_NOC_A, = 7.43273e+06
gpu_tot_PIPE_A, = 100.235
gpu_tot_IDLE_CORE_N, = 237.199
gpu_tot_constant_power = 0

Kernel Maximum Power Data:
kernel_max_power = 120.32
gpu_max_IBP, = 0.277774
gpu_max_ICP, = 0
gpu_max_DCP, = 4.87366
gpu_max_TCP, = 0
gpu_max_CCP, = 0
gpu_max_SHRDP, = 0.266526
gpu_max_RFP, = 10.7185
gpu_max_INTP, = 4.59424
gpu_max_FPUP, = 0.7192
gpu_max_DPUP, = 0.344995
gpu_max_INT_MUL24P, = 0
gpu_max_INT_MUL32P, = 2.33627
gpu_max_INT_MULP, = 0
gpu_max_INT_DIVP, = 0
gpu_max_FP_MULP, = 0.0523218
gpu_max_FP_DIVP, = 0.538879
gpu_max_FP_SQRTP, = 0
gpu_max_FP_LGP, = 0
gpu_max_FP_SINP, = 0
gpu_max_FP_EXP, = 0
gpu_max_DP_MULP, = 0.0339267
gpu_max_DP_DIVP, = 0.496648
gpu_max_TENSORP, = 0
gpu_max_TEXP, = 0
gpu_max_SCHEDP, = 0.781716
gpu_max_L2CP, = 1.87485
gpu_max_MCP, = 3.30151
gpu_max_NOCP, = 2.68458
gpu_max_DRAMP, = 11.785
gpu_max_PIPEP, = 0.681711
gpu_max_IDLE_COREP, = 0
gpu_max_CONSTP = 32.3252
gpu_max_STATICP = 41.6329
gpu_max_TOT_INST, = 34618
gpu_max_FP_INT, = 33083
gpu_max_IC_H, = 0
gpu_max_IC_M, = 0
gpu_max_DC_RH, = 942
gpu_max_DC_RM, = -755
gpu_max_DC_WH, = 0
gpu_max_DC_WM, = 12431
gpu_max_TC_H, = 0
gpu_max_TC_M, = 0
gpu_max_CC_H, = 0
gpu_max_CC_M, = 0
gpu_max_SHRD_ACC, = 1734
gpu_max_REG_RD, = 1.16611e+06
gpu_max_REG_WR, = 678240
gpu_max_NON_REG_OPs, = 358368
gpu_max_INT_ACC, = 7.28719e+06
gpu_max_FPU_ACC, = 27946.3
gpu_max_DPU_ACC, = 13405.6
gpu_max_INT_MUL24_ACC, = 0
gpu_max_INT_MUL32_ACC, = 44256
gpu_max_INT_MUL_ACC, = 0
gpu_max_INT_DIV_ACC, = 0
gpu_max_FP_MUL_ACC, = 991.133
gpu_max_FP_DIV_ACC, = 10208
gpu_max_FP_SQRT_ACC, = 0
gpu_max_FP_LG_ACC, = 0
gpu_max_FP_SIN_ACC, = 0
gpu_max_FP_EXP_ACC, = 0
gpu_max_DP_MUL_ACC, = 642.674
gpu_max_DP_DIV_ACC, = 9408
gpu_max_TENSOR_ACC, = 0
gpu_max_TEX_ACC, = 0
gpu_max_MEM_RD, = 0
gpu_max_MEM_WR, = 7448
gpu_max_MEM_PRE, = 985
gpu_max_L2_RH, = 90
gpu_max_L2_RM, = 57
gpu_max_L2_WH, = 0
gpu_max_L2_WM, = 10516
gpu_max_NOC_A, = 22842
gpu_max_PIPE_A, = 0.133083
gpu_max_IDLE_CORE_N, = 0
gpu_max_constant_power = 0

Kernel Minimum Power Data:
kernel_min_power = 41.3592
gpu_min_IBP, = 0
gpu_min_ICP, = 0
gpu_min_DCP, = 0
gpu_min_TCP, = 0
gpu_min_CCP, = 0
gpu_min_SHRDP, = 0
gpu_min_RFP, = 0
gpu_min_INTP, = 0
gpu_min_FPUP, = 0
gpu_min_DPUP, = 0
gpu_min_INT_MUL24P, = 0
gpu_min_INT_MUL32P, = 0
gpu_min_INT_MULP, = 0
gpu_min_INT_DIVP, = 0
gpu_min_FP_MULP, = 0
gpu_min_FP_DIVP, = 0
gpu_min_FP_SQRTP, = 0
gpu_min_FP_LGP, = 0
gpu_min_FP_SINP, = 0
gpu_min_FP_EXP, = 0
gpu_min_DP_MULP, = 0
gpu_min_DP_DIVP, = 0
gpu_min_TENSORP, = 0
gpu_min_TEXP, = 0
gpu_min_SCHEDP, = 0
gpu_min_L2CP, = 0
gpu_min_MCP, = 0.55022
gpu_min_NOCP, = 0
gpu_min_DRAMP, = 0
gpu_min_PIPEP, = 0
gpu_min_IDLE_COREP, = 8.48375
gpu_min_CONSTP = 32.3252
gpu_min_STATICP = 0
gpu_min_TOT_INST, = 0
gpu_min_FP_INT, = 0
gpu_min_IC_H, = 0
gpu_min_IC_M, = 0
gpu_min_DC_RH, = 0
gpu_min_DC_RM, = 0
gpu_min_DC_WH, = 0
gpu_min_DC_WM, = 0
gpu_min_TC_H, = 0
gpu_min_TC_M, = 0
gpu_min_CC_H, = 0
gpu_min_CC_M, = 0
gpu_min_SHRD_ACC, = 0
gpu_min_REG_RD, = 0
gpu_min_REG_WR, = 0
gpu_min_NON_REG_OPs, = 0
gpu_min_INT_ACC, = 0
gpu_min_FPU_ACC, = 0
gpu_min_DPU_ACC, = 0
gpu_min_INT_MUL24_ACC, = 0
gpu_min_INT_MUL32_ACC, = 0
gpu_min_INT_MUL_ACC, = 0
gpu_min_INT_DIV_ACC, = 0
gpu_min_FP_MUL_ACC, = 0
gpu_min_FP_DIV_ACC, = 0
gpu_min_FP_SQRT_ACC, = 0
gpu_min_FP_LG_ACC, = 0
gpu_min_FP_SIN_ACC, = 0
gpu_min_FP_EXP_ACC, = 0
gpu_min_DP_MUL_ACC, = 0
gpu_min_DP_DIV_ACC, = 0
gpu_min_TENSOR_ACC, = 0
gpu_min_TEX_ACC, = 0
gpu_min_MEM_RD, = 0
gpu_min_MEM_WR, = 0
gpu_min_MEM_PRE, = 0
gpu_min_L2_RH, = 0
gpu_min_L2_RM, = 0
gpu_min_L2_WH, = 0
gpu_min_L2_WM, = 0
gpu_min_NOC_A, = 0
gpu_min_PIPE_A, = 0
gpu_min_IDLE_CORE_N, = 30
gpu_min_constant_power = 0

Accumulative Power Statistics Over Previous Kernels:
gpu_tot_avg_power = 108.091
gpu_tot_max_power = 120.32
gpu_tot_min_power = 41.3592


kernel_name = _Z11srad_cuda_2PfS_S_S_S_S_iiff 
kernel_launch_uid = 2 

Kernel Average Power Data:
kernel_avg_power = 110.385
gpu_avg_IBP, = 0.198317
gpu_avg_ICP, = 0
gpu_avg_DCP, = 2.36805
gpu_avg_TCP, = 0
gpu_avg_CCP, = 0
gpu_avg_SHRDP, = 0.347438
gpu_avg_RFP, = 8.99514
gpu_avg_INTP, = 3.33206
gpu_avg_FPUP, = 0.0885032
gpu_avg_DPUP, = 0.389604
gpu_avg_INT_MUL24P, = 0
gpu_avg_INT_MUL32P, = 1.72714
gpu_avg_INT_MULP, = 0
gpu_avg_INT_DIVP, = 0
gpu_avg_FP_MULP, = 0.122728
gpu_avg_FP_DIVP, = 0
gpu_avg_FP_SQRTP, = 0
gpu_avg_FP_LGP, = 0
gpu_avg_FP_SINP, = 0
gpu_avg_FP_EXP, = 0
gpu_avg_DP_MULP, = 0.0905745
gpu_avg_DP_DIVP, = 0
gpu_avg_TENSORP, = 0
gpu_avg_TEXP, = 0
gpu_avg_SCHEDP, = 0.545725
gpu_avg_L2CP, = 0.3702
gpu_avg_MCP, = 1.51213
gpu_avg_NOCP, = 1.43961
gpu_avg_DRAMP, = 15.2574
gpu_avg_PIPEP, = 0.48384
gpu_avg_IDLE_COREP, = 0.0803802
gpu_avg_CONSTP = 32.3252
gpu_avg_STATICP = 40.7107
gpu_avg_TOT_INST, = 24715.6
gpu_avg_FP_INT, = 23095.6
gpu_avg_IC_H, = 0
gpu_avg_IC_M, = 0
gpu_avg_DC_RH, = 374.828
gpu_avg_DC_RM, = 4954.31
gpu_avg_DC_WH, = 169.39
gpu_avg_DC_WM, = 642.489
gpu_avg_TC_H, = 0
gpu_avg_TC_M, = 0
gpu_avg_CC_H, = 0
gpu_avg_CC_M, = 0
gpu_avg_SHRD_ACC, = 2260.41
gpu_avg_REG_RD, = 791714
gpu_avg_REG_WR, = 670522
gpu_avg_NON_REG_OPs, = 326513
gpu_avg_INT_ACC, = 5.28517e+06
gpu_avg_FPU_ACC, = 3439.01
gpu_avg_DPU_ACC, = 15139
gpu_avg_INT_MUL24_ACC, = 0
gpu_avg_INT_MUL32_ACC, = 32717.3
gpu_avg_INT_MUL_ACC, = 0
gpu_avg_INT_DIV_ACC, = 0
gpu_avg_FP_MUL_ACC, = 2324.84
gpu_avg_FP_DIV_ACC, = 0
gpu_avg_FP_SQRT_ACC, = 0
gpu_avg_FP_LG_ACC, = 0
gpu_avg_FP_SIN_ACC, = 0
gpu_avg_FP_EXP_ACC, = 0
gpu_avg_DP_MUL_ACC, = 1715.75
gpu_avg_DP_DIV_ACC, = 0
gpu_avg_TENSOR_ACC, = 0
gpu_avg_TEX_ACC, = 0
gpu_avg_MEM_RD, = 4869.55
gpu_avg_MEM_WR, = 913.406
gpu_avg_MEM_PRE, = 1120.32
gpu_avg_L2_RH, = 443.104
gpu_avg_L2_RM, = 4869.55
gpu_avg_L2_WH, = 811.243
gpu_avg_L2_WM, = 0.617647
gpu_avg_NOC_A, = 12249.1
gpu_avg_PIPE_A, = 0.0944551
gpu_avg_IDLE_CORE_N, = 0.284238
gpu_avg_constant_power = 0
gpu_avg_threads_per_warp = 30.7267
gpu_tot_TOT_INST, = 1.59663e+07
gpu_tot_FP_INT, = 1.49198e+07
gpu_tot_IC_H, = 0
gpu_tot_IC_M, = 0
gpu_tot_DC_RH, = 242139
gpu_tot_DC_RM, = 3.20049e+06
gpu_tot_DC_WH, = 109426
gpu_tot_DC_WM, = 415048
gpu_tot_TC_H, = 0
gpu_tot_TC_M, = 0
gpu_tot_CC_H, = 0
gpu_tot_CC_M, = 0
gpu_tot_SHRD_ACC, = 1.46022e+06
gpu_tot_REG_RD, = 5.11448e+08
gpu_tot_REG_WR, = 4.33157e+08
gpu_tot_NON_REG_OPs, = 2.10928e+08
gpu_tot_INT_ACC, = 3.41422e+09
gpu_tot_FPU_ACC, = 2.2216e+06
gpu_tot_DPU_ACC, = 9.7798e+06
gpu_tot_INT_MUL24_ACC, = 0
gpu_tot_INT_MUL32_ACC, = 2.11354e+07
gpu_tot_INT_MUL_ACC, = 0
gpu_tot_INT_DIV_ACC, = 0
gpu_tot_FP_MUL_ACC, = 1.50185e+06
gpu_tot_FP_DIV_ACC, = 0
gpu_tot_FP_SQRT_ACC, = 0
gpu_tot_FP_LG_ACC, = 0
gpu_tot_FP_SIN_ACC, = 0
gpu_tot_FP_EXP_ACC, = 0
gpu_tot_DP_MUL_ACC, = 1.10838e+06
gpu_tot_DP_DIV_ACC, = 0
gpu_tot_TENSOR_ACC, = 0
gpu_tot_TEX_ACC, = 0
gpu_tot_MEM_RD, = 3.14573e+06
gpu_tot_MEM_WR, = 590060
gpu_tot_MEM_PRE, = 723727
gpu_tot_L2_RH, = 286245
gpu_tot_L2_RM, = 3.14573e+06
gpu_tot_L2_WH, = 524063
gpu_tot_L2_WM, = 399
gpu_tot_NOC_A, = 7.9129e+06
gpu_tot_PIPE_A, = 61.018
gpu_tot_IDLE_CORE_N, = 183.618
gpu_tot_constant_power = 0

Kernel Maximum Power Data:
kernel_max_power = 114.646
gpu_max_IBP, = 0.225345
gpu_max_ICP, = 0
gpu_max_DCP, = 2.9199
gpu_max_TCP, = 0
gpu_max_CCP, = 0
gpu_max_SHRDP, = 0.341842
gpu_max_RFP, = 10.417
gpu_max_INTP, = 3.97687
gpu_max_FPUP, = 0.0649932
gpu_max_DPUP, = 0.104971
gpu_max_INT_MUL24P, = 0
gpu_max_INT_MUL32P, = 2.1589
gpu_max_INT_MULP, = 0
gpu_max_INT_DIVP, = 0
gpu_max_FP_MULP, = 0.113112
gpu_max_FP_DIVP, = 0
gpu_max_FP_SQRTP, = 0
gpu_max_FP_LGP, = 0
gpu_max_FP_SINP, = 0
gpu_max_FP_EXP, = 0
gpu_max_DP_MULP, = 0.0433012
gpu_max_DP_DIVP, = 0
gpu_max_TENSORP, = 0
gpu_max_TEXP, = 0
gpu_max_SCHEDP, = 0.622552
gpu_max_L2CP, = 0.507402
gpu_max_MCP, = 1.65334
gpu_max_NOCP, = 1.71579
gpu_max_DRAMP, = 15.9995
gpu_max_PIPEP, = 0.549637
gpu_max_IDLE_COREP, = 0
gpu_max_CONSTP = 32.3252
gpu_max_STATICP = 40.9061
gpu_max_TOT_INST, = 28084
gpu_max_FP_INT, = 26347
gpu_max_IC_H, = 0
gpu_max_IC_M, = 0
gpu_max_DC_RH, = 312
gpu_max_DC_RM, = 6334
gpu_max_DC_WH, = 104
gpu_max_DC_WM, = 824
gpu_max_TC_H, = 0
gpu_max_TC_M, = 0
gpu_max_CC_H, = 0
gpu_max_CC_M, = 0
gpu_max_SHRD_ACC, = 2224
gpu_max_REG_RD, = 862848
gpu_max_REG_WR, = 744448
gpu_max_NON_REG_OPs, = 399040
gpu_max_INT_ACC, = 6.30794e+06
gpu_max_FPU_ACC, = 2525.47
gpu_max_DPU_ACC, = 4078.9
gpu_max_INT_MUL24_ACC, = 0
gpu_max_INT_MUL32_ACC, = 40896
gpu_max_INT_MUL_ACC, = 0
gpu_max_INT_DIV_ACC, = 0
gpu_max_FP_MUL_ACC, = 2142.68
gpu_max_FP_DIV_ACC, = 0
gpu_max_FP_SQRT_ACC, = 0
gpu_max_FP_LG_ACC, = 0
gpu_max_FP_SIN_ACC, = 0
gpu_max_FP_EXP_ACC, = 0
gpu_max_DP_MUL_ACC, = 820.256
gpu_max_DP_DIV_ACC, = 0
gpu_max_TENSOR_ACC, = 0
gpu_max_TEX_ACC, = 0
gpu_max_MEM_RD, = 5314
gpu_max_MEM_WR, = 604
gpu_max_MEM_PRE, = 1107
gpu_max_L2_RH, = 589
gpu_max_L2_RM, = 6252
gpu_max_L2_WH, = 1124
gpu_max_L2_WM, = 0
gpu_max_NOC_A, = 14599
gpu_max_PIPE_A, = 0.1073
gpu_max_IDLE_CORE_N, = 0
gpu_max_constant_power = 0

Kernel Minimum Power Data:
kernel_min_power = 41.3592
gpu_min_IBP, = 0
gpu_min_ICP, = 0
gpu_min_DCP, = 0
gpu_min_TCP, = 0
gpu_min_CCP, = 0
gpu_min_SHRDP, = 0
gpu_min_RFP, = 0
gpu_min_INTP, = 0
gpu_min_FPUP, = 0
gpu_min_DPUP, = 0
gpu_min_INT_MUL24P, = 0
gpu_min_INT_MUL32P, = 0
gpu_min_INT_MULP, = 0
gpu_min_INT_DIVP, = 0
gpu_min_FP_MULP, = 0
gpu_min_FP_DIVP, = 0
gpu_min_FP_SQRTP, = 0
gpu_min_FP_LGP, = 0
gpu_min_FP_SINP, = 0
gpu_min_FP_EXP, = 0
gpu_min_DP_MULP, = 0
gpu_min_DP_DIVP, = 0
gpu_min_TENSORP, = 0
gpu_min_TEXP, = 0
gpu_min_SCHEDP, = 0
gpu_min_L2CP, = 0
gpu_min_MCP, = 0.55022
gpu_min_NOCP, = 0
gpu_min_DRAMP, = 0
gpu_min_PIPEP, = 0
gpu_min_IDLE_COREP, = 8.48375
gpu_min_CONSTP = 32.3252
gpu_min_STATICP = 0
gpu_min_TOT_INST, = 0
gpu_min_FP_INT, = 0
gpu_min_IC_H, = 0
gpu_min_IC_M, = 0
gpu_min_DC_RH, = 0
gpu_min_DC_RM, = 0
gpu_min_DC_WH, = 0
gpu_min_DC_WM, = 0
gpu_min_TC_H, = 0
gpu_min_TC_M, = 0
gpu_min_CC_H, = 0
gpu_min_CC_M, = 0
gpu_min_SHRD_ACC, = 0
gpu_min_REG_RD, = 0
gpu_min_REG_WR, = 0
gpu_min_NON_REG_OPs, = 0
gpu_min_INT_ACC, = 0
gpu_min_FPU_ACC, = 0
gpu_min_DPU_ACC, = 0
gpu_min_INT_MUL24_ACC, = 0
gpu_min_INT_MUL32_ACC, = 0
gpu_min_INT_MUL_ACC, = 0
gpu_min_INT_DIV_ACC, = 0
gpu_min_FP_MUL_ACC, = 0
gpu_min_FP_DIV_ACC, = 0
gpu_min_FP_SQRT_ACC, = 0
gpu_min_FP_LG_ACC, = 0
gpu_min_FP_SIN_ACC, = 0
gpu_min_FP_EXP_ACC, = 0
gpu_min_DP_MUL_ACC, = 0
gpu_min_DP_DIV_ACC, = 0
gpu_min_TENSOR_ACC, = 0
gpu_min_TEX_ACC, = 0
gpu_min_MEM_RD, = 0
gpu_min_MEM_WR, = 0
gpu_min_MEM_PRE, = 0
gpu_min_L2_RH, = 0
gpu_min_L2_RM, = 0
gpu_min_L2_WH, = 0
gpu_min_L2_WM, = 0
gpu_min_NOC_A, = 0
gpu_min_PIPE_A, = 0
gpu_min_IDLE_CORE_N, = 30
gpu_min_constant_power = 0

Accumulative Power Statistics Over Previous Kernels:
gpu_tot_avg_power = 109.158
gpu_tot_max_power = 120.32
gpu_tot_min_power = 41.3592


kernel_name = _Z11srad_cuda_1PfS_S_S_S_S_iif 
kernel_launch_uid = 3 

Kernel Average Power Data:
kernel_avg_power = 107.911
gpu_avg_IBP, = 0.29475
gpu_avg_ICP, = 0
gpu_avg_DCP, = 2.02802
gpu_avg_TCP, = 0
gpu_avg_CCP, = 0
gpu_avg_SHRDP, = 0.500277
gpu_avg_RFP, = 11.2197
gpu_avg_INTP, = 3.82135
gpu_avg_FPUP, = 1.18599
gpu_avg_DPUP, = 0.562297
gpu_avg_INT_MUL24P, = 0
gpu_avg_INT_MUL32P, = 1.79475
gpu_avg_INT_MULP, = 0
gpu_avg_INT_DIVP, = 0
gpu_avg_FP_MULP, = 0.212553
gpu_avg_FP_DIVP, = 1.18722
gpu_avg_FP_SQRTP, = 0
gpu_avg_FP_LGP, = 0
gpu_avg_FP_SINP, = 0
gpu_avg_FP_EXP, = 0
gpu_avg_DP_MULP, = 0.11765
gpu_avg_DP_DIVP, = 0.296806
gpu_avg_TENSORP, = 0
gpu_avg_TEXP, = 0
gpu_avg_SCHEDP, = 0.845958
gpu_avg_L2CP, = 0.699834
gpu_avg_MCP, = 1.60537
gpu_avg_NOCP, = 1.17132
gpu_avg_DRAMP, = 7.34703
gpu_avg_PIPEP, = 0.688556
gpu_avg_IDLE_COREP, = 0.0839326
gpu_avg_CONSTP = 32.3252
gpu_avg_STATICP = 39.9227
gpu_avg_TOT_INST, = 36733.8
gpu_avg_FP_INT, = 35801.8
gpu_avg_IC_H, = 0
gpu_avg_IC_M, = 0
gpu_avg_DC_RH, = 650.327
gpu_avg_DC_RM, = 866.857
gpu_avg_DC_WH, = 0
gpu_avg_DC_WM, = 3513.99
gpu_avg_TC_H, = 0
gpu_avg_TC_M, = 0
gpu_avg_CC_H, = 0
gpu_avg_CC_M, = 0
gpu_avg_SHRD_ACC, = 3254.77
gpu_avg_REG_RD, = 1.13565e+06
gpu_avg_REG_WR, = 778774
gpu_avg_NON_REG_OPs, = 381846
gpu_avg_INT_ACC, = 6.06127e+06
gpu_avg_FPU_ACC, = 46084.7
gpu_avg_DPU_ACC, = 21849.4
gpu_avg_INT_MUL24_ACC, = 0
gpu_avg_INT_MUL32_ACC, = 33997.9
gpu_avg_INT_MUL_ACC, = 0
gpu_avg_INT_DIV_ACC, = 0
gpu_avg_FP_MUL_ACC, = 4026.4
gpu_avg_FP_DIV_ACC, = 22489.6
gpu_avg_FP_SQRT_ACC, = 0
gpu_avg_FP_LG_ACC, = 0
gpu_avg_FP_SIN_ACC, = 0
gpu_avg_FP_EXP_ACC, = 0
gpu_avg_DP_MUL_ACC, = 2228.64
gpu_avg_DP_DIV_ACC, = 5622.39
gpu_avg_TENSOR_ACC, = 0
gpu_avg_TEX_ACC, = 0
gpu_avg_MEM_RD, = 703.485
gpu_avg_MEM_WR, = 3402.67
gpu_avg_MEM_PRE, = 523.052
gpu_avg_L2_RH, = 765.566
gpu_avg_L2_RM, = 703.485
gpu_avg_L2_WH, = 0.301609
gpu_avg_L2_WM, = 3513.9
gpu_avg_NOC_A, = 9966.28
gpu_avg_PIPE_A, = 0.13442
gpu_avg_IDLE_CORE_N, = 0.2968
gpu_avg_constant_power = 0
gpu_avg_threads_per_warp = 29.7204
gpu_tot_TOT_INST, = 2.74034e+07
gpu_tot_FP_INT, = 2.67081e+07
gpu_tot_IC_H, = 0
gpu_tot_IC_M, = 0
gpu_tot_DC_RH, = 485144
gpu_tot_DC_RM, = 646675
gpu_tot_DC_WH, = 0
gpu_tot_DC_WM, = 2.62144e+06
gpu_tot_TC_H, = 0
gpu_tot_TC_M, = 0
gpu_tot_CC_H, = 0
gpu_tot_CC_M, = 0
gpu_tot_SHRD_ACC, = 2.42806e+06
gpu_tot_REG_RD, = 8.47194e+08
gpu_tot_REG_WR, = 5.80965e+08
gpu_tot_NON_REG_OPs, = 2.84857e+08
gpu_tot_INT_ACC, = 4.52171e+09
gpu_tot_FPU_ACC, = 3.43792e+07
gpu_tot_DPU_ACC, = 1.62997e+07
gpu_tot_INT_MUL24_ACC, = 0
gpu_tot_INT_MUL32_ACC, = 2.53624e+07
gpu_tot_INT_MUL_ACC, = 0
gpu_tot_INT_DIV_ACC, = 0
gpu_tot_FP_MUL_ACC, = 3.00369e+06
gpu_tot_FP_DIV_ACC, = 1.67772e+07
gpu_tot_FP_SQRT_ACC, = 0
gpu_tot_FP_LG_ACC, = 0
gpu_tot_FP_SIN_ACC, = 0
gpu_tot_FP_EXP_ACC, = 0
gpu_tot_DP_MUL_ACC, = 1.66257e+06
gpu_tot_DP_DIV_ACC, = 4.1943e+06
gpu_tot_TENSOR_ACC, = 0
gpu_tot_TEX_ACC, = 0
gpu_tot_MEM_RD, = 524800
gpu_tot_MEM_WR, = 2.53839e+06
gpu_tot_MEM_PRE, = 390197
gpu_tot_L2_RH, = 571112
gpu_tot_L2_RM, = 524800
gpu_tot_L2_WH, = 225
gpu_tot_L2_WM, = 2.62137e+06
gpu_tot_NOC_A, = 7.43484e+06
gpu_tot_PIPE_A, = 100.277
gpu_tot_IDLE_CORE_N, = 221.413
gpu_tot_constant_power = 0

Kernel Maximum Power Data:
kernel_max_power = 121.038
gpu_max_IBP, = 0.28477
gpu_max_ICP, = 0
gpu_max_DCP, = 4.42579
gpu_max_TCP, = 0
gpu_max_CCP, = 0
gpu_max_SHRDP, = 0.257611
gpu_max_RFP, = 11.6093
gpu_max_INTP, = 4.95033
gpu_max_FPUP, = 0.668556
gpu_max_DPUP, = 0.330914
gpu_max_INT_MUL24P, = 0
gpu_max_INT_MUL32P, = 2.90556
gpu_max_INT_MULP, = 0
gpu_max_INT_DIVP, = 0
gpu_max_FP_MULP, = 0.061395
gpu_max_FP_DIVP, = 0.589558
gpu_max_FP_SQRTP, = 0
gpu_max_FP_LGP, = 0
gpu_max_FP_SINP, = 0
gpu_max_FP_EXP, = 0
gpu_max_DP_MULP, = 0.0473189
gpu_max_DP_DIVP, = 0.429076
gpu_max_TENSORP, = 0
gpu_max_TEXP, = 0
gpu_max_SCHEDP, = 0.800714
gpu_max_L2CP, = 1.80788
gpu_max_MCP, = 3.02711
gpu_max_NOCP, = 2.48443
gpu_max_DRAMP, = 11.6944
gpu_max_PIPEP, = 0.704697
gpu_max_IDLE_COREP, = 0
gpu_max_CONSTP = 32.3252
gpu_max_STATICP = 41.6329
gpu_max_TOT_INST, = 35490
gpu_max_FP_INT, = 33887
gpu_max_IC_H, = 0
gpu_max_IC_M, = 0
gpu_max_DC_RH, = 1326
gpu_max_DC_RM, = -964
gpu_max_DC_WH, = 0
gpu_max_DC_WM, = 10786
gpu_max_TC_H, = 0
gpu_max_TC_M, = 0
gpu_max_CC_H, = 0
gpu_max_CC_M, = 0
gpu_max_SHRD_ACC, = 1676
gpu_max_REG_RD, = 1.20544e+06
gpu_max_REG_WR, = 732704
gpu_max_NON_REG_OPs, = 403360
gpu_max_INT_ACC, = 7.85201e+06
gpu_max_FPU_ACC, = 25978.4
gpu_max_DPU_ACC, = 12858.5
gpu_max_INT_MUL24_ACC, = 0
gpu_max_INT_MUL32_ACC, = 55040
gpu_max_INT_MUL_ACC, = 0
gpu_max_INT_DIV_ACC, = 0
gpu_max_FP_MUL_ACC, = 1163.01
gpu_max_FP_DIV_ACC, = 11168
gpu_max_FP_SQRT_ACC, = 0
gpu_max_FP_LG_ACC, = 0
gpu_max_FP_SIN_ACC, = 0
gpu_max_FP_EXP_ACC, = 0
gpu_max_DP_MUL_ACC, = 896.362
gpu_max_DP_DIV_ACC, = 8128
gpu_max_TENSOR_ACC, = 0
gpu_max_TEX_ACC, = 0
gpu_max_MEM_RD, = 47
gpu_max_MEM_WR, = 7319
gpu_max_MEM_PRE, = 934
gpu_max_L2_RH, = 110
gpu_max_L2_RM, = 115
gpu_max_L2_WH, = 0
gpu_max_L2_WM, = 10126
gpu_max_NOC_A, = 21139
gpu_max_PIPE_A, = 0.137571
gpu_max_IDLE_CORE_N, = 0
gpu_max_constant_power = 0

Kernel Minimum Power Data:
kernel_min_power = 41.3592
gpu_min_IBP, = 0
gpu_min_ICP, = 0
gpu_min_DCP, = 0
gpu_min_TCP, = 0
gpu_min_CCP, = 0
gpu_min_SHRDP, = 0
gpu_min_RFP, = 0
gpu_min_INTP, = 0
gpu_min_FPUP, = 0
gpu_min_DPUP, = 0
gpu_min_INT_MUL24P, = 0
gpu_min_INT_MUL32P, = 0
gpu_min_INT_MULP, = 0
gpu_min_INT_DIVP, = 0
gpu_min_FP_MULP, = 0
gpu_min_FP_DIVP, = 0
gpu_min_FP_SQRTP, = 0
gpu_min_FP_LGP, = 0
gpu_min_FP_SINP, = 0
gpu_min_FP_EXP, = 0
gpu_min_DP_MULP, = 0
gpu_min_DP_DIVP, = 0
gpu_min_TENSORP, = 0
gpu_min_TEXP, = 0
gpu_min_SCHEDP, = 0
gpu_min_L2CP, = 0
gpu_min_MCP, = 0.55022
gpu_min_NOCP, = 0
gpu_min_DRAMP, = 0
gpu_min_PIPEP, = 0
gpu_min_IDLE_COREP, = 8.48375
gpu_min_CONSTP = 32.3252
gpu_min_STATICP = 0
gpu_min_TOT_INST, = 0
gpu_min_FP_INT, = 0
gpu_min_IC_H, = 0
gpu_min_IC_M, = 0
gpu_min_DC_RH, = 0
gpu_min_DC_RM, = 0
gpu_min_DC_WH, = 0
gpu_min_DC_WM, = 0
gpu_min_TC_H, = 0
gpu_min_TC_M, = 0
gpu_min_CC_H, = 0
gpu_min_CC_M, = 0
gpu_min_SHRD_ACC, = 0
gpu_min_REG_RD, = 0
gpu_min_REG_WR, = 0
gpu_min_NON_REG_OPs, = 0
gpu_min_INT_ACC, = 0
gpu_min_FPU_ACC, = 0
gpu_min_DPU_ACC, = 0
gpu_min_INT_MUL24_ACC, = 0
gpu_min_INT_MUL32_ACC, = 0
gpu_min_INT_MUL_ACC, = 0
gpu_min_INT_DIV_ACC, = 0
gpu_min_FP_MUL_ACC, = 0
gpu_min_FP_DIV_ACC, = 0
gpu_min_FP_SQRT_ACC, = 0
gpu_min_FP_LG_ACC, = 0
gpu_min_FP_SIN_ACC, = 0
gpu_min_FP_EXP_ACC, = 0
gpu_min_DP_MUL_ACC, = 0
gpu_min_DP_DIV_ACC, = 0
gpu_min_TENSOR_ACC, = 0
gpu_min_TEX_ACC, = 0
gpu_min_MEM_RD, = 0
gpu_min_MEM_WR, = 0
gpu_min_MEM_PRE, = 0
gpu_min_L2_RH, = 0
gpu_min_L2_RM, = 0
gpu_min_L2_WH, = 0
gpu_min_L2_WM, = 0
gpu_min_NOC_A, = 0
gpu_min_PIPE_A, = 0
gpu_min_IDLE_CORE_N, = 30
gpu_min_constant_power = 0

Accumulative Power Statistics Over Previous Kernels:
gpu_tot_avg_power = 108.722
gpu_tot_max_power = 121.038
gpu_tot_min_power = 41.3592


kernel_name = _Z11srad_cuda_2PfS_S_S_S_S_iiff 
kernel_launch_uid = 4 

Kernel Average Power Data:
kernel_avg_power = 110.469
gpu_avg_IBP, = 0.198623
gpu_avg_ICP, = 0
gpu_avg_DCP, = 2.37236
gpu_avg_TCP, = 0
gpu_avg_CCP, = 0
gpu_avg_SHRDP, = 0.347972
gpu_avg_RFP, = 9.00885
gpu_avg_INTP, = 3.3372
gpu_avg_FPUP, = 0.0886377
gpu_avg_DPUP, = 0.390208
gpu_avg_INT_MUL24P, = 0
gpu_avg_INT_MUL32P, = 1.72982
gpu_avg_INT_MULP, = 0
gpu_avg_INT_DIVP, = 0
gpu_avg_FP_MULP, = 0.122918
gpu_avg_FP_DIVP, = 0
gpu_avg_FP_SQRTP, = 0
gpu_avg_FP_LGP, = 0
gpu_avg_FP_SINP, = 0
gpu_avg_FP_EXP, = 0
gpu_avg_DP_MULP, = 0.0907149
gpu_avg_DP_DIVP, = 0
gpu_avg_TENSORP, = 0
gpu_avg_TEXP, = 0
gpu_avg_SCHEDP, = 0.546567
gpu_avg_L2CP, = 0.370498
gpu_avg_MCP, = 1.51375
gpu_avg_NOCP, = 1.44126
gpu_avg_DRAMP, = 15.2835
gpu_avg_PIPEP, = 0.484584
gpu_avg_IDLE_COREP, = 0.0730102
gpu_avg_CONSTP = 32.3252
gpu_avg_STATICP = 40.7436
gpu_avg_TOT_INST, = 24753.7
gpu_avg_FP_INT, = 23131.2
gpu_avg_IC_H, = 0
gpu_avg_IC_M, = 0
gpu_avg_DC_RH, = 377.459
gpu_avg_DC_RM, = 4959.65
gpu_avg_DC_WH, = 168.4
gpu_avg_DC_WM, = 644.35
gpu_avg_TC_H, = 0
gpu_avg_TC_M, = 0
gpu_avg_CC_H, = 0
gpu_avg_CC_M, = 0
gpu_avg_SHRD_ACC, = 2263.88
gpu_avg_REG_RD, = 792931
gpu_avg_REG_WR, = 671498
gpu_avg_NON_REG_OPs, = 327019
gpu_avg_INT_ACC, = 5.29333e+06
gpu_avg_FPU_ACC, = 3444.24
gpu_avg_DPU_ACC, = 15162.5
gpu_avg_INT_MUL24_ACC, = 0
gpu_avg_INT_MUL32_ACC, = 32768
gpu_avg_INT_MUL_ACC, = 0
gpu_avg_INT_DIV_ACC, = 0
gpu_avg_FP_MUL_ACC, = 2328.44
gpu_avg_FP_DIV_ACC, = 0
gpu_avg_FP_SQRT_ACC, = 0
gpu_avg_FP_LG_ACC, = 0
gpu_avg_FP_SIN_ACC, = 0
gpu_avg_FP_EXP_ACC, = 0
gpu_avg_DP_MUL_ACC, = 1718.41
gpu_avg_DP_DIV_ACC, = 0
gpu_avg_TENSOR_ACC, = 0
gpu_avg_TEX_ACC, = 0
gpu_avg_MEM_RD, = 4877.1
gpu_avg_MEM_WR, = 915.228
gpu_avg_MEM_PRE, = 1126.15
gpu_avg_L2_RH, = 441.741
gpu_avg_L2_RM, = 4877.1
gpu_avg_L2_WH, = 812.519
gpu_avg_L2_WM, = 0.106977
gpu_avg_NOC_A, = 12263.1
gpu_avg_PIPE_A, = 0.0946004
gpu_avg_IDLE_CORE_N, = 0.258177
gpu_avg_constant_power = 0
gpu_avg_threads_per_warp = 30.6791
gpu_tot_TOT_INST, = 1.59662e+07
gpu_tot_FP_INT, = 1.49196e+07
gpu_tot_IC_H, = 0
gpu_tot_IC_M, = 0
gpu_tot_DC_RH, = 243461
gpu_tot_DC_RM, = 3.19898e+06
gpu_tot_DC_WH, = 108618
gpu_tot_DC_WM, = 415606
gpu_tot_TC_H, = 0
gpu_tot_TC_M, = 0
gpu_tot_CC_H, = 0
gpu_tot_CC_M, = 0
gpu_tot_SHRD_ACC, = 1.4602e+06
gpu_tot_REG_RD, = 5.11441e+08
gpu_tot_REG_WR, = 4.33116e+08
gpu_tot_NON_REG_OPs, = 2.10927e+08
gpu_tot_INT_ACC, = 3.4142e+09
gpu_tot_FPU_ACC, = 2.22153e+06
gpu_tot_DPU_ACC, = 9.7798e+06
gpu_tot_INT_MUL24_ACC, = 0
gpu_tot_INT_MUL32_ACC, = 2.11354e+07
gpu_tot_INT_MUL_ACC, = 0
gpu_tot_INT_DIV_ACC, = 0
gpu_tot_FP_MUL_ACC, = 1.50185e+06
gpu_tot_FP_DIV_ACC, = 0
gpu_tot_FP_SQRT_ACC, = 0
gpu_tot_FP_LG_ACC, = 0
gpu_tot_FP_SIN_ACC, = 0
gpu_tot_FP_EXP_ACC, = 0
gpu_tot_DP_MUL_ACC, = 1.10838e+06
gpu_tot_DP_DIV_ACC, = 0
gpu_tot_TENSOR_ACC, = 0
gpu_tot_TEX_ACC, = 0
gpu_tot_MEM_RD, = 3.14573e+06
gpu_tot_MEM_WR, = 590322
gpu_tot_MEM_PRE, = 726366
gpu_tot_L2_RH, = 284923
gpu_tot_L2_RM, = 3.14573e+06
gpu_tot_L2_WH, = 524075
gpu_tot_L2_WM, = 69
gpu_tot_NOC_A, = 7.90969e+06
gpu_tot_PIPE_A, = 61.0173
gpu_tot_IDLE_CORE_N, = 166.524
gpu_tot_constant_power = 0

Kernel Maximum Power Data:
kernel_max_power = 115.394
gpu_max_IBP, = 0.212081
gpu_max_ICP, = 0
gpu_max_DCP, = 2.49926
gpu_max_TCP, = 0
gpu_max_CCP, = 0
gpu_max_SHRDP, = 0.326625
gpu_max_RFP, = 10.1085
gpu_max_INTP, = 3.79383
gpu_max_FPUP, = 0.0719723
gpu_max_DPUP, = 0.282909
gpu_max_INT_MUL24P, = 0
gpu_max_INT_MUL32P, = 2.41398
gpu_max_INT_MULP, = 0
gpu_max_INT_DIVP, = 0
gpu_max_FP_MULP, = 0.140936
gpu_max_FP_DIVP, = 0
gpu_max_FP_SQRTP, = 0
gpu_max_FP_LGP, = 0
gpu_max_FP_SINP, = 0
gpu_max_FP_EXP, = 0
gpu_max_DP_MULP, = 0.0676303
gpu_max_DP_DIVP, = 0
gpu_max_TENSORP, = 0
gpu_max_TEXP, = 0
gpu_max_SCHEDP, = 0.589613
gpu_max_L2CP, = 0.471102
gpu_max_MCP, = 1.55357
gpu_max_NOCP, = 1.56301
gpu_max_DRAMP, = 16.8158
gpu_max_PIPEP, = 0.524986
gpu_max_IDLE_COREP, = 0
gpu_max_CONSTP = 32.3252
gpu_max_STATICP = 41.6329
gpu_max_TOT_INST, = 26431
gpu_max_FP_INT, = 24953
gpu_max_IC_H, = 0
gpu_max_IC_M, = 0
gpu_max_DC_RH, = 506
gpu_max_DC_RM, = 5222
gpu_max_DC_WH, = 208
gpu_max_DC_WM, = 496
gpu_max_TC_H, = 0
gpu_max_TC_M, = 0
gpu_max_CC_H, = 0
gpu_max_CC_M, = 0
gpu_max_SHRD_ACC, = 2125
gpu_max_REG_RD, = 860864
gpu_max_REG_WR, = 732544
gpu_max_NON_REG_OPs, = 378944
gpu_max_INT_ACC, = 6.01762e+06
gpu_max_FPU_ACC, = 2796.66
gpu_max_DPU_ACC, = 10993.1
gpu_max_INT_MUL24_ACC, = 0
gpu_max_INT_MUL32_ACC, = 45728
gpu_max_INT_MUL_ACC, = 0
gpu_max_INT_DIV_ACC, = 0
gpu_max_FP_MUL_ACC, = 2669.76
gpu_max_FP_DIV_ACC, = 0
gpu_max_FP_SQRT_ACC, = 0
gpu_max_FP_LG_ACC, = 0
gpu_max_FP_SIN_ACC, = 0
gpu_max_FP_EXP_ACC, = 0
gpu_max_DP_MUL_ACC, = 1281.12
gpu_max_DP_DIV_ACC, = 0
gpu_max_TENSOR_ACC, = 0
gpu_max_TEX_ACC, = 0
gpu_max_MEM_RD, = 5487
gpu_max_MEM_WR, = 807
gpu_max_MEM_PRE, = 1179
gpu_max_L2_RH, = 301
gpu_max_L2_RM, = 5521
gpu_max_L2_WH, = 1111
gpu_max_L2_WM, = 0
gpu_max_NOC_A, = 13299
gpu_max_PIPE_A, = 0.102488
gpu_max_IDLE_CORE_N, = 0
gpu_max_constant_power = 0

Kernel Minimum Power Data:
kernel_min_power = 41.3592
gpu_min_IBP, = 0
gpu_min_ICP, = 0
gpu_min_DCP, = 0
gpu_min_TCP, = 0
gpu_min_CCP, = 0
gpu_min_SHRDP, = 0
gpu_min_RFP, = 0
gpu_min_INTP, = 0
gpu_min_FPUP, = 0
gpu_min_DPUP, = 0
gpu_min_INT_MUL24P, = 0
gpu_min_INT_MUL32P, = 0
gpu_min_INT_MULP, = 0
gpu_min_INT_DIVP, = 0
gpu_min_FP_MULP, = 0
gpu_min_FP_DIVP, = 0
gpu_min_FP_SQRTP, = 0
gpu_min_FP_LGP, = 0
gpu_min_FP_SINP, = 0
gpu_min_FP_EXP, = 0
gpu_min_DP_MULP, = 0
gpu_min_DP_DIVP, = 0
gpu_min_TENSORP, = 0
gpu_min_TEXP, = 0
gpu_min_SCHEDP, = 0
gpu_min_L2CP, = 0
gpu_min_MCP, = 0.55022
gpu_min_NOCP, = 0
gpu_min_DRAMP, = 0
gpu_min_PIPEP, = 0
gpu_min_IDLE_COREP, = 8.48375
gpu_min_CONSTP = 32.3252
gpu_min_STATICP = 0
gpu_min_TOT_INST, = 0
gpu_min_FP_INT, = 0
gpu_min_IC_H, = 0
gpu_min_IC_M, = 0
gpu_min_DC_RH, = 0
gpu_min_DC_RM, = 0
gpu_min_DC_WH, = 0
gpu_min_DC_WM, = 0
gpu_min_TC_H, = 0
gpu_min_TC_M, = 0
gpu_min_CC_H, = 0
gpu_min_CC_M, = 0
gpu_min_SHRD_ACC, = 0
gpu_min_REG_RD, = 0
gpu_min_REG_WR, = 0
gpu_min_NON_REG_OPs, = 0
gpu_min_INT_ACC, = 0
gpu_min_FPU_ACC, = 0
gpu_min_DPU_ACC, = 0
gpu_min_INT_MUL24_ACC, = 0
gpu_min_INT_MUL32_ACC, = 0
gpu_min_INT_MUL_ACC, = 0
gpu_min_INT_DIV_ACC, = 0
gpu_min_FP_MUL_ACC, = 0
gpu_min_FP_DIV_ACC, = 0
gpu_min_FP_SQRT_ACC, = 0
gpu_min_FP_LG_ACC, = 0
gpu_min_FP_SIN_ACC, = 0
gpu_min_FP_EXP_ACC, = 0
gpu_min_DP_MUL_ACC, = 0
gpu_min_DP_DIV_ACC, = 0
gpu_min_TENSOR_ACC, = 0
gpu_min_TEX_ACC, = 0
gpu_min_MEM_RD, = 0
gpu_min_MEM_WR, = 0
gpu_min_MEM_PRE, = 0
gpu_min_L2_RH, = 0
gpu_min_L2_RM, = 0
gpu_min_L2_WH, = 0
gpu_min_L2_WM, = 0
gpu_min_NOC_A, = 0
gpu_min_PIPE_A, = 0
gpu_min_IDLE_CORE_N, = 30
gpu_min_constant_power = 0

Accumulative Power Statistics Over Previous Kernels:
gpu_tot_avg_power = 109.128
gpu_tot_max_power = 121.038
gpu_tot_min_power = 41.3592


