kernel_name = _Z15spmv_csr_scalariPKmPKiPKfS4_Pf 
kernel_launch_uid = 1 

Kernel Average Power Data:
kernel_avg_power = 46.7492
gpu_avg_IBP, = 0.00614603
gpu_avg_ICP, = 0
gpu_avg_DCP, = 0.987893
gpu_avg_TCP, = 0
gpu_avg_CCP, = 0
gpu_avg_SHRDP, = 0
gpu_avg_RFP, = 0.385034
gpu_avg_INTP, = 0.0366682
gpu_avg_FPUP, = 0
gpu_avg_DPUP, = 0
gpu_avg_INT_MUL24P, = 0
gpu_avg_INT_MUL32P, = 0.128765
gpu_avg_INT_MULP, = 0
gpu_avg_INT_DIVP, = 0
gpu_avg_FP_MULP, = 0.00707942
gpu_avg_FP_DIVP, = 0
gpu_avg_FP_SQRTP, = 0
gpu_avg_FP_LGP, = 0
gpu_avg_FP_SINP, = 0
gpu_avg_FP_EXP, = 0
gpu_avg_DP_MULP, = 0
gpu_avg_DP_DIVP, = 0
gpu_avg_TENSORP, = 0
gpu_avg_TEXP, = 0
gpu_avg_SCHEDP, = 0.0180962
gpu_avg_L2CP, = 0.0187148
gpu_avg_MCP, = 0.681827
gpu_avg_NOCP, = 0.0671337
gpu_avg_DRAMP, = 0.286932
gpu_avg_PIPEP, = 0.0158049
gpu_avg_IDLE_COREP, = 6.43536
gpu_avg_CONSTP = 32.3252
gpu_avg_STATICP = 5.34849
gpu_avg_TOT_INST, = 765.959
gpu_avg_FP_INT, = 765.851
gpu_avg_IC_H, = 0
gpu_avg_IC_M, = 0
gpu_avg_DC_RH, = 1420.78
gpu_avg_DC_RM, = 282.382
gpu_avg_DC_WH, = 0.00109769
gpu_avg_DC_WM, = 0.425906
gpu_avg_TC_H, = 0
gpu_avg_TC_M, = 0
gpu_avg_CC_H, = 0
gpu_avg_CC_M, = 0
gpu_avg_SHRD_ACC, = 0
gpu_avg_REG_RD, = 33399.9
gpu_avg_REG_WR, = 22316.5
gpu_avg_NON_REG_OPs, = 15503.8
gpu_avg_INT_ACC, = 58161.5
gpu_avg_FPU_ACC, = 0
gpu_avg_DPU_ACC, = 0
gpu_avg_INT_MUL24_ACC, = 0
gpu_avg_INT_MUL32_ACC, = 2439.19
gpu_avg_INT_MUL_ACC, = 0
gpu_avg_INT_DIV_ACC, = 0
gpu_avg_FP_MUL_ACC, = 134.106
gpu_avg_FP_DIV_ACC, = 0
gpu_avg_FP_SQRT_ACC, = 0
gpu_avg_FP_LG_ACC, = 0
gpu_avg_FP_SIN_ACC, = 0
gpu_avg_FP_EXP_ACC, = 0
gpu_avg_DP_MUL_ACC, = 0
gpu_avg_DP_DIV_ACC, = 0
gpu_avg_TENSOR_ACC, = 0
gpu_avg_TEX_ACC, = 0
gpu_avg_MEM_RD, = 92.8946
gpu_avg_MEM_WR, = 0.00548847
gpu_avg_MEM_PRE, = 70.674
gpu_avg_L2_RH, = 192.285
gpu_avg_L2_RM, = 92.8946
gpu_avg_L2_WH, = 0.0845225
gpu_avg_L2_WM, = 0.342481
gpu_avg_NOC_A, = 571.214
gpu_avg_PIPE_A, = 0.00308542
gpu_avg_IDLE_CORE_N, = 22.7565
gpu_avg_constant_power = 0
gpu_avg_threads_per_warp = 4.27557
gpu_tot_TOT_INST, = 697789
gpu_tot_FP_INT, = 697690
gpu_tot_IC_H, = 0
gpu_tot_IC_M, = 0
gpu_tot_DC_RH, = 1.29433e+06
gpu_tot_DC_RM, = 257250
gpu_tot_DC_WH, = 1
gpu_tot_DC_WM, = 388
gpu_tot_TC_H, = 0
gpu_tot_TC_M, = 0
gpu_tot_CC_H, = 0
gpu_tot_CC_M, = 0
gpu_tot_SHRD_ACC, = 0
gpu_tot_REG_RD, = 3.04273e+07
gpu_tot_REG_WR, = 2.03304e+07
gpu_tot_NON_REG_OPs, = 1.4124e+07
gpu_tot_INT_ACC, = 5.29851e+07
gpu_tot_FPU_ACC, = 0
gpu_tot_DPU_ACC, = 0
gpu_tot_INT_MUL24_ACC, = 0
gpu_tot_INT_MUL32_ACC, = 2.22211e+06
gpu_tot_INT_MUL_ACC, = 0
gpu_tot_INT_DIV_ACC, = 0
gpu_tot_FP_MUL_ACC, = 122170
gpu_tot_FP_DIV_ACC, = 0
gpu_tot_FP_SQRT_ACC, = 0
gpu_tot_FP_LG_ACC, = 0
gpu_tot_FP_SIN_ACC, = 0
gpu_tot_FP_EXP_ACC, = 0
gpu_tot_DP_MUL_ACC, = 0
gpu_tot_DP_DIV_ACC, = 0
gpu_tot_TENSOR_ACC, = 0
gpu_tot_TEX_ACC, = 0
gpu_tot_MEM_RD, = 84627
gpu_tot_MEM_WR, = 5
gpu_tot_MEM_PRE, = 64384
gpu_tot_L2_RH, = 175172
gpu_tot_L2_RM, = 84627
gpu_tot_L2_WH, = 77
gpu_tot_L2_WM, = 312
gpu_tot_NOC_A, = 520376
gpu_tot_PIPE_A, = 2.81082
gpu_tot_IDLE_CORE_N, = 20731.2
gpu_tot_constant_power = 0

Kernel Maximum Power Data:
kernel_max_power = 66.4642
gpu_max_IBP, = 0.00985343
gpu_max_ICP, = 0
gpu_max_DCP, = 6.32567
gpu_max_TCP, = 0
gpu_max_CCP, = 0
gpu_max_SHRDP, = 0
gpu_max_RFP, = 1.12163
gpu_max_INTP, = 0.110322
gpu_max_FPUP, = 0
gpu_max_DPUP, = 0
gpu_max_INT_MUL24P, = 0
gpu_max_INT_MUL32P, = 0.250013
gpu_max_INT_MULP, = 0
gpu_max_INT_DIVP, = 0
gpu_max_FP_MULP, = 0.0220796
gpu_max_FP_DIVP, = 0
gpu_max_FP_SQRTP, = 0
gpu_max_FP_LGP, = 0
gpu_max_FP_SINP, = 0
gpu_max_FP_EXP, = 0
gpu_max_DP_MULP, = 0
gpu_max_DP_DIVP, = 0
gpu_max_TENSORP, = 0
gpu_max_TEXP, = 0
gpu_max_SCHEDP, = 0.0290163
gpu_max_L2CP, = 0.520596
gpu_max_MCP, = 1.52401
gpu_max_NOCP, = 1.38777
gpu_max_DRAMP, = 1.27007
gpu_max_PIPEP, = 0.0251426
gpu_max_IDLE_COREP, = 4.80746
gpu_max_CONSTP = 32.3252
gpu_max_STATICP = 16.7354
gpu_max_TOT_INST, = 1228
gpu_max_FP_INT, = 1228
gpu_max_IC_H, = 0
gpu_max_IC_M, = 0
gpu_max_DC_RH, = 6609
gpu_max_DC_RM, = 5847
gpu_max_DC_WH, = 0
gpu_max_DC_WM, = 0
gpu_max_TC_H, = 0
gpu_max_TC_M, = 0
gpu_max_CC_H, = 0
gpu_max_CC_M, = 0
gpu_max_SHRD_ACC, = 0
gpu_max_REG_RD, = 51872
gpu_max_REG_WR, = 212512
gpu_max_NON_REG_OPs, = 24448
gpu_max_INT_ACC, = 174988
gpu_max_FPU_ACC, = 0
gpu_max_DPU_ACC, = 0
gpu_max_INT_MUL24_ACC, = 0
gpu_max_INT_MUL32_ACC, = 4736
gpu_max_INT_MUL_ACC, = 0
gpu_max_INT_DIV_ACC, = 0
gpu_max_FP_MUL_ACC, = 418.254
gpu_max_FP_DIV_ACC, = 0
gpu_max_FP_SQRT_ACC, = 0
gpu_max_FP_LG_ACC, = 0
gpu_max_FP_SIN_ACC, = 0
gpu_max_FP_EXP_ACC, = 0
gpu_max_DP_MUL_ACC, = 0
gpu_max_DP_DIV_ACC, = 0
gpu_max_TENSOR_ACC, = 0
gpu_max_TEX_ACC, = 0
gpu_max_MEM_RD, = 412
gpu_max_MEM_WR, = 0
gpu_max_MEM_PRE, = 308
gpu_max_L2_RH, = 5518
gpu_max_L2_RM, = 406
gpu_max_L2_WH, = 0
gpu_max_L2_WM, = 0
gpu_max_NOC_A, = 11808
gpu_max_PIPE_A, = 0.00490833
gpu_max_IDLE_CORE_N, = 17
gpu_max_constant_power = 0

Kernel Minimum Power Data:
kernel_min_power = 41.3592
gpu_min_IBP, = 0
gpu_min_ICP, = 0
gpu_min_DCP, = 0
gpu_min_TCP, = 0
gpu_min_CCP, = 0
gpu_min_SHRDP, = 0
gpu_min_RFP, = 0
gpu_min_INTP, = 0
gpu_min_FPUP, = 0
gpu_min_DPUP, = 0
gpu_min_INT_MUL24P, = 0
gpu_min_INT_MUL32P, = 0
gpu_min_INT_MULP, = 0
gpu_min_INT_DIVP, = 0
gpu_min_FP_MULP, = 0
gpu_min_FP_DIVP, = 0
gpu_min_FP_SQRTP, = 0
gpu_min_FP_LGP, = 0
gpu_min_FP_SINP, = 0
gpu_min_FP_EXP, = 0
gpu_min_DP_MULP, = 0
gpu_min_DP_DIVP, = 0
gpu_min_TENSORP, = 0
gpu_min_TEXP, = 0
gpu_min_SCHEDP, = 0
gpu_min_L2CP, = 0
gpu_min_MCP, = 0.55022
gpu_min_NOCP, = 0
gpu_min_DRAMP, = 0
gpu_min_PIPEP, = 0
gpu_min_IDLE_COREP, = 8.48375
gpu_min_CONSTP = 32.3252
gpu_min_STATICP = 0
gpu_min_TOT_INST, = 0
gpu_min_FP_INT, = 0
gpu_min_IC_H, = 0
gpu_min_IC_M, = 0
gpu_min_DC_RH, = 0
gpu_min_DC_RM, = 0
gpu_min_DC_WH, = 0
gpu_min_DC_WM, = 0
gpu_min_TC_H, = 0
gpu_min_TC_M, = 0
gpu_min_CC_H, = 0
gpu_min_CC_M, = 0
gpu_min_SHRD_ACC, = 0
gpu_min_REG_RD, = 0
gpu_min_REG_WR, = 0
gpu_min_NON_REG_OPs, = 0
gpu_min_INT_ACC, = 0
gpu_min_FPU_ACC, = 0
gpu_min_DPU_ACC, = 0
gpu_min_INT_MUL24_ACC, = 0
gpu_min_INT_MUL32_ACC, = 0
gpu_min_INT_MUL_ACC, = 0
gpu_min_INT_DIV_ACC, = 0
gpu_min_FP_MUL_ACC, = 0
gpu_min_FP_DIV_ACC, = 0
gpu_min_FP_SQRT_ACC, = 0
gpu_min_FP_LG_ACC, = 0
gpu_min_FP_SIN_ACC, = 0
gpu_min_FP_EXP_ACC, = 0
gpu_min_DP_MUL_ACC, = 0
gpu_min_DP_DIV_ACC, = 0
gpu_min_TENSOR_ACC, = 0
gpu_min_TEX_ACC, = 0
gpu_min_MEM_RD, = 0
gpu_min_MEM_WR, = 0
gpu_min_MEM_PRE, = 0
gpu_min_L2_RH, = 0
gpu_min_L2_RM, = 0
gpu_min_L2_WH, = 0
gpu_min_L2_WM, = 0
gpu_min_NOC_A, = 0
gpu_min_PIPE_A, = 0
gpu_min_IDLE_CORE_N, = 30
gpu_min_constant_power = 0

Accumulative Power Statistics Over Previous Kernels:
gpu_tot_avg_power = 46.7492
gpu_tot_max_power = 66.4642
gpu_tot_min_power = 41.3592


