kernel_name = _Z14dynproc_kerneliPiS_S_iiii 
kernel_launch_uid = 1 

Kernel Average Power Data:
kernel_avg_power = 108.806
gpu_avg_IBP, = 0.3753
gpu_avg_ICP, = 0
gpu_avg_DCP, = 2.04747
gpu_avg_TCP, = 0
gpu_avg_CCP, = 0
gpu_avg_SHRDP, = 1.14064
gpu_avg_RFP, = 15.7378
gpu_avg_INTP, = 7.90319
gpu_avg_FPUP, = 0
gpu_avg_DPUP, = 0
gpu_avg_INT_MUL24P, = 0
gpu_avg_INT_MUL32P, = 2.17855
gpu_avg_INT_MULP, = 0
gpu_avg_INT_DIVP, = 0
gpu_avg_FP_MULP, = 0
gpu_avg_FP_DIVP, = 0
gpu_avg_FP_SQRTP, = 0
gpu_avg_FP_LGP, = 0
gpu_avg_FP_SINP, = 0
gpu_avg_FP_EXP, = 0
gpu_avg_DP_MULP, = 0
gpu_avg_DP_DIVP, = 0
gpu_avg_TENSORP, = 0
gpu_avg_TEXP, = 0
gpu_avg_SCHEDP, = 1.10518
gpu_avg_L2CP, = 0.148294
gpu_avg_MCP, = 1.16796
gpu_avg_NOCP, = 1.09193
gpu_avg_DRAMP, = 9.68116
gpu_avg_PIPEP, = 0.960373
gpu_avg_IDLE_COREP, = 0.088658
gpu_avg_CONSTP = 32.3252
gpu_avg_STATICP = 32.8542
gpu_avg_TOT_INST, = 46772.4
gpu_avg_FP_INT, = 46772.4
gpu_avg_IC_H, = 0
gpu_avg_IC_M, = 0
gpu_avg_DC_RH, = 1163.87
gpu_avg_DC_RM, = 3406.77
gpu_avg_DC_WH, = 17.1693
gpu_avg_DC_WM, = 68.0586
gpu_avg_TC_H, = 0
gpu_avg_TC_M, = 0
gpu_avg_CC_H, = 0
gpu_avg_CC_M, = 0
gpu_avg_SHRD_ACC, = 7420.92
gpu_avg_REG_RD, = 1.68303e+06
gpu_avg_REG_WR, = 1.23226e+06
gpu_avg_NON_REG_OPs, = 481765
gpu_avg_INT_ACC, = 1.25357e+07
gpu_avg_FPU_ACC, = 0
gpu_avg_DPU_ACC, = 0
gpu_avg_INT_MUL24_ACC, = 0
gpu_avg_INT_MUL32_ACC, = 41268.4
gpu_avg_INT_MUL_ACC, = 0
gpu_avg_INT_DIV_ACC, = 0
gpu_avg_FP_MUL_ACC, = 0
gpu_avg_FP_DIV_ACC, = 0
gpu_avg_FP_SQRT_ACC, = 0
gpu_avg_FP_LG_ACC, = 0
gpu_avg_FP_SIN_ACC, = 0
gpu_avg_FP_EXP_ACC, = 0
gpu_avg_DP_MUL_ACC, = 0
gpu_avg_DP_DIV_ACC, = 0
gpu_avg_TENSOR_ACC, = 0
gpu_avg_TEX_ACC, = 0
gpu_avg_MEM_RD, = 3401.61
gpu_avg_MEM_WR, = 63.9404
gpu_avg_MEM_PRE, = 556.058
gpu_avg_L2_RH, = 1158.58
gpu_avg_L2_RM, = 3401.61
gpu_avg_L2_WH, = 18.7497
gpu_avg_L2_WM, = 66.4782
gpu_avg_NOC_A, = 9290.82
gpu_avg_PIPE_A, = 0.187484
gpu_avg_IDLE_CORE_N, = 0.31351
gpu_avg_constant_power = 0
gpu_avg_threads_per_warp = 30.8322
gpu_tot_TOT_INST, = 4.39193e+07
gpu_tot_FP_INT, = 4.39193e+07
gpu_tot_IC_H, = 0
gpu_tot_IC_M, = 0
gpu_tot_DC_RH, = 1.09287e+06
gpu_tot_DC_RM, = 3.19896e+06
gpu_tot_DC_WH, = 16122
gpu_tot_DC_WM, = 63907
gpu_tot_TC_H, = 0
gpu_tot_TC_M, = 0
gpu_tot_CC_H, = 0
gpu_tot_CC_M, = 0
gpu_tot_SHRD_ACC, = 6.96824e+06
gpu_tot_REG_RD, = 1.58036e+09
gpu_tot_REG_WR, = 1.15709e+09
gpu_tot_NON_REG_OPs, = 4.52377e+08
gpu_tot_INT_ACC, = 1.1771e+10
gpu_tot_FPU_ACC, = 0
gpu_tot_DPU_ACC, = 0
gpu_tot_INT_MUL24_ACC, = 0
gpu_tot_INT_MUL32_ACC, = 3.8751e+07
gpu_tot_INT_MUL_ACC, = 0
gpu_tot_INT_DIV_ACC, = 0
gpu_tot_FP_MUL_ACC, = 0
gpu_tot_FP_DIV_ACC, = 0
gpu_tot_FP_SQRT_ACC, = 0
gpu_tot_FP_LG_ACC, = 0
gpu_tot_FP_SIN_ACC, = 0
gpu_tot_FP_EXP_ACC, = 0
gpu_tot_DP_MUL_ACC, = 0
gpu_tot_DP_DIV_ACC, = 0
gpu_tot_TENSOR_ACC, = 0
gpu_tot_TEX_ACC, = 0
gpu_tot_MEM_RD, = 3.19411e+06
gpu_tot_MEM_WR, = 60040
gpu_tot_MEM_PRE, = 522138
gpu_tot_L2_RH, = 1.0879e+06
gpu_tot_L2_RM, = 3.19411e+06
gpu_tot_L2_WH, = 17606
gpu_tot_L2_WM, = 62423
gpu_tot_NOC_A, = 8.72408e+06
gpu_tot_PIPE_A, = 176.047
gpu_tot_IDLE_CORE_N, = 294.386
gpu_tot_constant_power = 0

Kernel Maximum Power Data:
kernel_max_power = 120.774
gpu_max_IBP, = 0.444937
gpu_max_ICP, = 0
gpu_max_DCP, = 2.50648
gpu_max_TCP, = 0
gpu_max_CCP, = 0
gpu_max_SHRDP, = 0.453893
gpu_max_RFP, = 21.9715
gpu_max_INTP, = 12.2772
gpu_max_FPUP, = 0
gpu_max_DPUP, = 0
gpu_max_INT_MUL24P, = 0
gpu_max_INT_MUL32P, = 4.37808
gpu_max_INT_MULP, = 0
gpu_max_INT_DIVP, = 0
gpu_max_FP_MULP, = 0
gpu_max_FP_DIVP, = 0
gpu_max_FP_SQRTP, = 0
gpu_max_FP_LGP, = 0
gpu_max_FP_SINP, = 0
gpu_max_FP_EXP, = 0
gpu_max_DP_MULP, = 0
gpu_max_DP_DIVP, = 0
gpu_max_TENSORP, = 0
gpu_max_TEXP, = 0
gpu_max_SCHEDP, = 1.31025
gpu_max_L2CP, = 0.503558
gpu_max_MCP, = 1.25201
gpu_max_NOCP, = 1.38483
gpu_max_DRAMP, = 7.3431
gpu_max_PIPEP, = 1.15929
gpu_max_IDLE_COREP, = 0
gpu_max_CONSTP = 32.3252
gpu_max_STATICP = 33.4636
gpu_max_TOT_INST, = 55451
gpu_max_FP_INT, = 55451
gpu_max_IC_H, = 0
gpu_max_IC_M, = 0
gpu_max_DC_RH, = 1146
gpu_max_DC_RM, = 4134
gpu_max_DC_WH, = 145
gpu_max_DC_WM, = 575
gpu_max_TC_H, = 0
gpu_max_TC_M, = 0
gpu_max_CC_H, = 0
gpu_max_CC_M, = 0
gpu_max_SHRD_ACC, = 2953
gpu_max_REG_RD, = 2.08182e+06
gpu_max_REG_WR, = 1.60928e+06
gpu_max_NON_REG_OPs, = 765792
gpu_max_INT_ACC, = 1.94736e+07
gpu_max_FPU_ACC, = 0
gpu_max_DPU_ACC, = 0
gpu_max_INT_MUL24_ACC, = 0
gpu_max_INT_MUL32_ACC, = 82934
gpu_max_INT_MUL_ACC, = 0
gpu_max_INT_DIV_ACC, = 0
gpu_max_FP_MUL_ACC, = 0
gpu_max_FP_DIV_ACC, = 0
gpu_max_FP_SQRT_ACC, = 0
gpu_max_FP_LG_ACC, = 0
gpu_max_FP_SIN_ACC, = 0
gpu_max_FP_EXP_ACC, = 0
gpu_max_DP_MUL_ACC, = 0
gpu_max_DP_DIV_ACC, = 0
gpu_max_TENSOR_ACC, = 0
gpu_max_TEX_ACC, = 0
gpu_max_MEM_RD, = 2652
gpu_max_MEM_WR, = 0
gpu_max_MEM_PRE, = 150
gpu_max_L2_RH, = 1768
gpu_max_L2_RM, = 2889
gpu_max_L2_WH, = 329
gpu_max_L2_WM, = 1120
gpu_max_NOC_A, = 11783
gpu_max_PIPE_A, = 0.226316
gpu_max_IDLE_CORE_N, = 0
gpu_max_constant_power = 0

Kernel Minimum Power Data:
kernel_min_power = 41.3592
gpu_min_IBP, = 0
gpu_min_ICP, = 0
gpu_min_DCP, = 0
gpu_min_TCP, = 0
gpu_min_CCP, = 0
gpu_min_SHRDP, = 0
gpu_min_RFP, = 0
gpu_min_INTP, = 0
gpu_min_FPUP, = 0
gpu_min_DPUP, = 0
gpu_min_INT_MUL24P, = 0
gpu_min_INT_MUL32P, = 0
gpu_min_INT_MULP, = 0
gpu_min_INT_DIVP, = 0
gpu_min_FP_MULP, = 0
gpu_min_FP_DIVP, = 0
gpu_min_FP_SQRTP, = 0
gpu_min_FP_LGP, = 0
gpu_min_FP_SINP, = 0
gpu_min_FP_EXP, = 0
gpu_min_DP_MULP, = 0
gpu_min_DP_DIVP, = 0
gpu_min_TENSORP, = 0
gpu_min_TEXP, = 0
gpu_min_SCHEDP, = 0
gpu_min_L2CP, = 0
gpu_min_MCP, = 0.55022
gpu_min_NOCP, = 0
gpu_min_DRAMP, = 0
gpu_min_PIPEP, = 0
gpu_min_IDLE_COREP, = 8.48375
gpu_min_CONSTP = 32.3252
gpu_min_STATICP = 0
gpu_min_TOT_INST, = 0
gpu_min_FP_INT, = 0
gpu_min_IC_H, = 0
gpu_min_IC_M, = 0
gpu_min_DC_RH, = 0
gpu_min_DC_RM, = 0
gpu_min_DC_WH, = 0
gpu_min_DC_WM, = 0
gpu_min_TC_H, = 0
gpu_min_TC_M, = 0
gpu_min_CC_H, = 0
gpu_min_CC_M, = 0
gpu_min_SHRD_ACC, = 0
gpu_min_REG_RD, = 0
gpu_min_REG_WR, = 0
gpu_min_NON_REG_OPs, = 0
gpu_min_INT_ACC, = 0
gpu_min_FPU_ACC, = 0
gpu_min_DPU_ACC, = 0
gpu_min_INT_MUL24_ACC, = 0
gpu_min_INT_MUL32_ACC, = 0
gpu_min_INT_MUL_ACC, = 0
gpu_min_INT_DIV_ACC, = 0
gpu_min_FP_MUL_ACC, = 0
gpu_min_FP_DIV_ACC, = 0
gpu_min_FP_SQRT_ACC, = 0
gpu_min_FP_LG_ACC, = 0
gpu_min_FP_SIN_ACC, = 0
gpu_min_FP_EXP_ACC, = 0
gpu_min_DP_MUL_ACC, = 0
gpu_min_DP_DIV_ACC, = 0
gpu_min_TENSOR_ACC, = 0
gpu_min_TEX_ACC, = 0
gpu_min_MEM_RD, = 0
gpu_min_MEM_WR, = 0
gpu_min_MEM_PRE, = 0
gpu_min_L2_RH, = 0
gpu_min_L2_RM, = 0
gpu_min_L2_WH, = 0
gpu_min_L2_WM, = 0
gpu_min_NOC_A, = 0
gpu_min_PIPE_A, = 0
gpu_min_IDLE_CORE_N, = 30
gpu_min_constant_power = 0

Accumulative Power Statistics Over Previous Kernels:
gpu_tot_avg_power = 108.806
gpu_tot_max_power = 120.774
gpu_tot_min_power = 41.3592


kernel_name = _Z14dynproc_kerneliPiS_S_iiii 
kernel_launch_uid = 2 

Kernel Average Power Data:
kernel_avg_power = 108.529
gpu_avg_IBP, = 0.373706
gpu_avg_ICP, = 0
gpu_avg_DCP, = 2.0086
gpu_avg_TCP, = 0
gpu_avg_CCP, = 0
gpu_avg_SHRDP, = 1.1358
gpu_avg_RFP, = 15.6627
gpu_avg_INTP, = 7.86962
gpu_avg_FPUP, = 0
gpu_avg_DPUP, = 0
gpu_avg_INT_MUL24P, = 0
gpu_avg_INT_MUL32P, = 2.1693
gpu_avg_INT_MULP, = 0
gpu_avg_INT_DIVP, = 0
gpu_avg_FP_MULP, = 0
gpu_avg_FP_DIVP, = 0
gpu_avg_FP_SQRTP, = 0
gpu_avg_FP_LGP, = 0
gpu_avg_FP_SINP, = 0
gpu_avg_FP_EXP, = 0
gpu_avg_DP_MULP, = 0
gpu_avg_DP_DIVP, = 0
gpu_avg_TENSORP, = 0
gpu_avg_TEXP, = 0
gpu_avg_SCHEDP, = 1.10049
gpu_avg_L2CP, = 0.146307
gpu_avg_MCP, = 1.15957
gpu_avg_NOCP, = 1.0768
gpu_avg_DRAMP, = 9.55732
gpu_avg_PIPEP, = 0.956296
gpu_avg_IDLE_COREP, = 0.0668465
gpu_avg_CONSTP = 32.3252
gpu_avg_STATICP = 32.92
gpu_avg_TOT_INST, = 46573.8
gpu_avg_FP_INT, = 46573.8
gpu_avg_IC_H, = 0
gpu_avg_IC_M, = 0
gpu_avg_DC_RH, = 1111.1
gpu_avg_DC_RM, = 3390.83
gpu_avg_DC_WH, = 17.0668
gpu_avg_DC_WM, = 67.7996
gpu_avg_TC_H, = 0
gpu_avg_TC_M, = 0
gpu_avg_CC_H, = 0
gpu_avg_CC_M, = 0
gpu_avg_SHRD_ACC, = 7389.41
gpu_avg_REG_RD, = 1.67588e+06
gpu_avg_REG_WR, = 1.22422e+06
gpu_avg_NON_REG_OPs, = 479719
gpu_avg_INT_ACC, = 1.24825e+07
gpu_avg_FPU_ACC, = 0
gpu_avg_DPU_ACC, = 0
gpu_avg_INT_MUL24_ACC, = 0
gpu_avg_INT_MUL32_ACC, = 41093.1
gpu_avg_INT_MUL_ACC, = 0
gpu_avg_INT_DIV_ACC, = 0
gpu_avg_FP_MUL_ACC, = 0
gpu_avg_FP_DIV_ACC, = 0
gpu_avg_FP_SQRT_ACC, = 0
gpu_avg_FP_LG_ACC, = 0
gpu_avg_FP_SIN_ACC, = 0
gpu_avg_FP_EXP_ACC, = 0
gpu_avg_DP_MUL_ACC, = 0
gpu_avg_DP_DIV_ACC, = 0
gpu_avg_TENSOR_ACC, = 0
gpu_avg_TEX_ACC, = 0
gpu_avg_MEM_RD, = 3354.59
gpu_avg_MEM_WR, = 65.1029
gpu_avg_MEM_PRE, = 563.513
gpu_avg_L2_RH, = 1141.63
gpu_avg_L2_RM, = 3354.62
gpu_avg_L2_WH, = 18.6405
gpu_avg_L2_WM, = 66.1007
gpu_avg_NOC_A, = 9162.1
gpu_avg_PIPE_A, = 0.186688
gpu_avg_IDLE_CORE_N, = 0.236381
gpu_avg_constant_power = 0
gpu_avg_threads_per_warp = 30.8625
gpu_tot_TOT_INST, = 4.39191e+07
gpu_tot_FP_INT, = 4.39191e+07
gpu_tot_IC_H, = 0
gpu_tot_IC_M, = 0
gpu_tot_DC_RH, = 1.04777e+06
gpu_tot_DC_RM, = 3.19756e+06
gpu_tot_DC_WH, = 16094
gpu_tot_DC_WM, = 63935
gpu_tot_TC_H, = 0
gpu_tot_TC_M, = 0
gpu_tot_CC_H, = 0
gpu_tot_CC_M, = 0
gpu_tot_SHRD_ACC, = 6.96822e+06
gpu_tot_REG_RD, = 1.58036e+09
gpu_tot_REG_WR, = 1.15444e+09
gpu_tot_NON_REG_OPs, = 4.52375e+08
gpu_tot_INT_ACC, = 1.1771e+10
gpu_tot_FPU_ACC, = 0
gpu_tot_DPU_ACC, = 0
gpu_tot_INT_MUL24_ACC, = 0
gpu_tot_INT_MUL32_ACC, = 3.87508e+07
gpu_tot_INT_MUL_ACC, = 0
gpu_tot_INT_DIV_ACC, = 0
gpu_tot_FP_MUL_ACC, = 0
gpu_tot_FP_DIV_ACC, = 0
gpu_tot_FP_SQRT_ACC, = 0
gpu_tot_FP_LG_ACC, = 0
gpu_tot_FP_SIN_ACC, = 0
gpu_tot_FP_EXP_ACC, = 0
gpu_tot_DP_MUL_ACC, = 0
gpu_tot_DP_DIV_ACC, = 0
gpu_tot_TENSOR_ACC, = 0
gpu_tot_TEX_ACC, = 0
gpu_tot_MEM_RD, = 3.16337e+06
gpu_tot_MEM_WR, = 61392
gpu_tot_MEM_PRE, = 531393
gpu_tot_L2_RH, = 1.07655e+06
gpu_tot_L2_RM, = 3.16341e+06
gpu_tot_L2_WH, = 17578
gpu_tot_L2_WM, = 62333
gpu_tot_NOC_A, = 8.63986e+06
gpu_tot_PIPE_A, = 176.047
gpu_tot_IDLE_CORE_N, = 222.907
gpu_tot_constant_power = 0

Kernel Maximum Power Data:
kernel_max_power = 118.63
gpu_max_IBP, = 0.439922
gpu_max_ICP, = 0
gpu_max_DCP, = 2.37104
gpu_max_TCP, = 0
gpu_max_CCP, = 0
gpu_max_SHRDP, = 0.68891
gpu_max_RFP, = 20.7937
gpu_max_INTP, = 11.2106
gpu_max_FPUP, = 0
gpu_max_DPUP, = 0
gpu_max_INT_MUL24P, = 0
gpu_max_INT_MUL32P, = 4.06598
gpu_max_INT_MULP, = 0
gpu_max_INT_DIVP, = 0
gpu_max_FP_MULP, = 0
gpu_max_FP_DIVP, = 0
gpu_max_FP_SQRTP, = 0
gpu_max_FP_LGP, = 0
gpu_max_FP_SINP, = 0
gpu_max_FP_EXP, = 0
gpu_max_DP_MULP, = 0
gpu_max_DP_DIVP, = 0
gpu_max_TENSORP, = 0
gpu_max_TEXP, = 0
gpu_max_SCHEDP, = 1.29548
gpu_max_L2CP, = 0.413242
gpu_max_MCP, = 1.26588
gpu_max_NOCP, = 1.31444
gpu_max_DRAMP, = 7.83967
gpu_max_PIPEP, = 1.14188
gpu_max_IDLE_COREP, = 0
gpu_max_CONSTP = 32.3252
gpu_max_STATICP = 33.4636
gpu_max_TOT_INST, = 54826
gpu_max_FP_INT, = 54826
gpu_max_IC_H, = 0
gpu_max_IC_M, = 0
gpu_max_DC_RH, = 1027
gpu_max_DC_RM, = 3729
gpu_max_DC_WH, = 205
gpu_max_DC_WM, = 820
gpu_max_TC_H, = 0
gpu_max_TC_M, = 0
gpu_max_CC_H, = 0
gpu_max_CC_M, = 0
gpu_max_SHRD_ACC, = 4482
gpu_max_REG_RD, = 2.01459e+06
gpu_max_REG_WR, = 1.53248e+06
gpu_max_NON_REG_OPs, = 711264
gpu_max_INT_ACC, = 1.77818e+07
gpu_max_FPU_ACC, = 0
gpu_max_DPU_ACC, = 0
gpu_max_INT_MUL24_ACC, = 0
gpu_max_INT_MUL32_ACC, = 77022
gpu_max_INT_MUL_ACC, = 0
gpu_max_INT_DIV_ACC, = 0
gpu_max_FP_MUL_ACC, = 0
gpu_max_FP_DIV_ACC, = 0
gpu_max_FP_SQRT_ACC, = 0
gpu_max_FP_LG_ACC, = 0
gpu_max_FP_SIN_ACC, = 0
gpu_max_FP_EXP_ACC, = 0
gpu_max_DP_MUL_ACC, = 0
gpu_max_DP_DIV_ACC, = 0
gpu_max_TENSOR_ACC, = 0
gpu_max_TEX_ACC, = 0
gpu_max_MEM_RD, = 2836
gpu_max_MEM_WR, = 0
gpu_max_MEM_PRE, = 132
gpu_max_L2_RH, = 1542
gpu_max_L2_RM, = 2927
gpu_max_L2_WH, = 253
gpu_max_L2_WM, = 887
gpu_max_NOC_A, = 11184
gpu_max_PIPE_A, = 0.222917
gpu_max_IDLE_CORE_N, = 0
gpu_max_constant_power = 0

Kernel Minimum Power Data:
kernel_min_power = 41.3592
gpu_min_IBP, = 0
gpu_min_ICP, = 0
gpu_min_DCP, = 0
gpu_min_TCP, = 0
gpu_min_CCP, = 0
gpu_min_SHRDP, = 0
gpu_min_RFP, = 0
gpu_min_INTP, = 0
gpu_min_FPUP, = 0
gpu_min_DPUP, = 0
gpu_min_INT_MUL24P, = 0
gpu_min_INT_MUL32P, = 0
gpu_min_INT_MULP, = 0
gpu_min_INT_DIVP, = 0
gpu_min_FP_MULP, = 0
gpu_min_FP_DIVP, = 0
gpu_min_FP_SQRTP, = 0
gpu_min_FP_LGP, = 0
gpu_min_FP_SINP, = 0
gpu_min_FP_EXP, = 0
gpu_min_DP_MULP, = 0
gpu_min_DP_DIVP, = 0
gpu_min_TENSORP, = 0
gpu_min_TEXP, = 0
gpu_min_SCHEDP, = 0
gpu_min_L2CP, = 0
gpu_min_MCP, = 0.55022
gpu_min_NOCP, = 0
gpu_min_DRAMP, = 0
gpu_min_PIPEP, = 0
gpu_min_IDLE_COREP, = 8.48375
gpu_min_CONSTP = 32.3252
gpu_min_STATICP = 0
gpu_min_TOT_INST, = 0
gpu_min_FP_INT, = 0
gpu_min_IC_H, = 0
gpu_min_IC_M, = 0
gpu_min_DC_RH, = 0
gpu_min_DC_RM, = 0
gpu_min_DC_WH, = 0
gpu_min_DC_WM, = 0
gpu_min_TC_H, = 0
gpu_min_TC_M, = 0
gpu_min_CC_H, = 0
gpu_min_CC_M, = 0
gpu_min_SHRD_ACC, = 0
gpu_min_REG_RD, = 0
gpu_min_REG_WR, = 0
gpu_min_NON_REG_OPs, = 0
gpu_min_INT_ACC, = 0
gpu_min_FPU_ACC, = 0
gpu_min_DPU_ACC, = 0
gpu_min_INT_MUL24_ACC, = 0
gpu_min_INT_MUL32_ACC, = 0
gpu_min_INT_MUL_ACC, = 0
gpu_min_INT_DIV_ACC, = 0
gpu_min_FP_MUL_ACC, = 0
gpu_min_FP_DIV_ACC, = 0
gpu_min_FP_SQRT_ACC, = 0
gpu_min_FP_LG_ACC, = 0
gpu_min_FP_SIN_ACC, = 0
gpu_min_FP_EXP_ACC, = 0
gpu_min_DP_MUL_ACC, = 0
gpu_min_DP_DIV_ACC, = 0
gpu_min_TENSOR_ACC, = 0
gpu_min_TEX_ACC, = 0
gpu_min_MEM_RD, = 0
gpu_min_MEM_WR, = 0
gpu_min_MEM_PRE, = 0
gpu_min_L2_RH, = 0
gpu_min_L2_RM, = 0
gpu_min_L2_WH, = 0
gpu_min_L2_WM, = 0
gpu_min_NOC_A, = 0
gpu_min_PIPE_A, = 0
gpu_min_IDLE_CORE_N, = 30
gpu_min_constant_power = 0

Accumulative Power Statistics Over Previous Kernels:
gpu_tot_avg_power = 108.667
gpu_tot_max_power = 120.774
gpu_tot_min_power = 41.3592


kernel_name = _Z14dynproc_kerneliPiS_S_iiii 
kernel_launch_uid = 3 

Kernel Average Power Data:
kernel_avg_power = 108.62
gpu_avg_IBP, = 0.373713
gpu_avg_ICP, = 0
gpu_avg_DCP, = 2.03903
gpu_avg_TCP, = 0
gpu_avg_CCP, = 0
gpu_avg_SHRDP, = 1.13581
gpu_avg_RFP, = 15.6711
gpu_avg_INTP, = 7.86974
gpu_avg_FPUP, = 0
gpu_avg_DPUP, = 0
gpu_avg_INT_MUL24P, = 0
gpu_avg_INT_MUL32P, = 2.16938
gpu_avg_INT_MULP, = 0
gpu_avg_INT_DIVP, = 0
gpu_avg_FP_MULP, = 0
gpu_avg_FP_DIVP, = 0
gpu_avg_FP_SQRTP, = 0
gpu_avg_FP_LGP, = 0
gpu_avg_FP_SINP, = 0
gpu_avg_FP_EXP, = 0
gpu_avg_DP_MULP, = 0
gpu_avg_DP_DIVP, = 0
gpu_avg_TENSORP, = 0
gpu_avg_TEXP, = 0
gpu_avg_SCHEDP, = 1.10051
gpu_avg_L2CP, = 0.147707
gpu_avg_MCP, = 1.16558
gpu_avg_NOCP, = 1.08719
gpu_avg_DRAMP, = 9.65023
gpu_avg_PIPEP, = 0.956314
gpu_avg_IDLE_COREP, = 0.0918914
gpu_avg_CONSTP = 32.3252
gpu_avg_STATICP = 32.8362
gpu_avg_TOT_INST, = 46574.6
gpu_avg_FP_INT, = 46574.6
gpu_avg_IC_H, = 0
gpu_avg_IC_M, = 0
gpu_avg_DC_RH, = 1159.79
gpu_avg_DC_RM, = 3391.36
gpu_avg_DC_WH, = 17.1463
gpu_avg_DC_WM, = 67.9852
gpu_avg_TC_H, = 0
gpu_avg_TC_M, = 0
gpu_avg_CC_H, = 0
gpu_avg_CC_M, = 0
gpu_avg_SHRD_ACC, = 7389.51
gpu_avg_REG_RD, = 1.67591e+06
gpu_avg_REG_WR, = 1.22702e+06
gpu_avg_NON_REG_OPs, = 479729
gpu_avg_INT_ACC, = 1.24826e+07
gpu_avg_FPU_ACC, = 0
gpu_avg_DPU_ACC, = 0
gpu_avg_INT_MUL24_ACC, = 0
gpu_avg_INT_MUL32_ACC, = 41094.7
gpu_avg_INT_MUL_ACC, = 0
gpu_avg_INT_DIV_ACC, = 0
gpu_avg_FP_MUL_ACC, = 0
gpu_avg_FP_DIV_ACC, = 0
gpu_avg_FP_SQRT_ACC, = 0
gpu_avg_FP_LG_ACC, = 0
gpu_avg_FP_SIN_ACC, = 0
gpu_avg_FP_EXP_ACC, = 0
gpu_avg_DP_MUL_ACC, = 0
gpu_avg_DP_DIV_ACC, = 0
gpu_avg_TENSOR_ACC, = 0
gpu_avg_TEX_ACC, = 0
gpu_avg_MEM_RD, = 3386.84
gpu_avg_MEM_WR, = 66.4942
gpu_avg_MEM_PRE, = 568.607
gpu_avg_L2_RH, = 1153.22
gpu_avg_L2_RM, = 3386.82
gpu_avg_L2_WH, = 18.7614
gpu_avg_L2_WM, = 66.4952
gpu_avg_NOC_A, = 9250.47
gpu_avg_PIPE_A, = 0.186691
gpu_avg_IDLE_CORE_N, = 0.324944
gpu_avg_constant_power = 0
gpu_avg_threads_per_warp = 30.8295
gpu_tot_TOT_INST, = 4.39199e+07
gpu_tot_FP_INT, = 4.39199e+07
gpu_tot_IC_H, = 0
gpu_tot_IC_M, = 0
gpu_tot_DC_RH, = 1.09368e+06
gpu_tot_DC_RM, = 3.19806e+06
gpu_tot_DC_WH, = 16169
gpu_tot_DC_WM, = 64110
gpu_tot_TC_H, = 0
gpu_tot_TC_M, = 0
gpu_tot_CC_H, = 0
gpu_tot_CC_M, = 0
gpu_tot_SHRD_ACC, = 6.96831e+06
gpu_tot_REG_RD, = 1.58038e+09
gpu_tot_REG_WR, = 1.15708e+09
gpu_tot_NON_REG_OPs, = 4.52384e+08
gpu_tot_INT_ACC, = 1.17711e+10
gpu_tot_FPU_ACC, = 0
gpu_tot_DPU_ACC, = 0
gpu_tot_INT_MUL24_ACC, = 0
gpu_tot_INT_MUL32_ACC, = 3.87523e+07
gpu_tot_INT_MUL_ACC, = 0
gpu_tot_INT_DIV_ACC, = 0
gpu_tot_FP_MUL_ACC, = 0
gpu_tot_FP_DIV_ACC, = 0
gpu_tot_FP_SQRT_ACC, = 0
gpu_tot_FP_LG_ACC, = 0
gpu_tot_FP_SIN_ACC, = 0
gpu_tot_FP_EXP_ACC, = 0
gpu_tot_DP_MUL_ACC, = 0
gpu_tot_DP_DIV_ACC, = 0
gpu_tot_TENSOR_ACC, = 0
gpu_tot_TEX_ACC, = 0
gpu_tot_MEM_RD, = 3.19379e+06
gpu_tot_MEM_WR, = 62704
gpu_tot_MEM_PRE, = 536196
gpu_tot_L2_RH, = 1.08749e+06
gpu_tot_L2_RM, = 3.19377e+06
gpu_tot_L2_WH, = 17692
gpu_tot_L2_WM, = 62705
gpu_tot_NOC_A, = 8.72319e+06
gpu_tot_PIPE_A, = 176.05
gpu_tot_IDLE_CORE_N, = 306.422
gpu_tot_constant_power = 0

Kernel Maximum Power Data:
kernel_max_power = 118.531
gpu_max_IBP, = 0.440122
gpu_max_ICP, = 0
gpu_max_DCP, = 2.46039
gpu_max_TCP, = 0
gpu_max_CCP, = 0
gpu_max_SHRDP, = 0.903483
gpu_max_RFP, = 20.4056
gpu_max_INTP, = 11.0376
gpu_max_FPUP, = 0
gpu_max_DPUP, = 0
gpu_max_INT_MUL24P, = 0
gpu_max_INT_MUL32P, = 3.63939
gpu_max_INT_MULP, = 0
gpu_max_INT_DIVP, = 0
gpu_max_FP_MULP, = 0
gpu_max_FP_DIVP, = 0
gpu_max_FP_SQRTP, = 0
gpu_max_FP_LGP, = 0
gpu_max_FP_SINP, = 0
gpu_max_FP_EXP, = 0
gpu_max_DP_MULP, = 0
gpu_max_DP_DIVP, = 0
gpu_max_TENSORP, = 0
gpu_max_TEXP, = 0
gpu_max_SCHEDP, = 1.29607
gpu_max_L2CP, = 0.311291
gpu_max_MCP, = 1.24447
gpu_max_NOCP, = 1.31491
gpu_max_DRAMP, = 8.54456
gpu_max_PIPEP, = 1.14431
gpu_max_IDLE_COREP, = 0
gpu_max_CONSTP = 32.3252
gpu_max_STATICP = 33.4636
gpu_max_TOT_INST, = 54851
gpu_max_FP_INT, = 54851
gpu_max_IC_H, = 0
gpu_max_IC_M, = 0
gpu_max_DC_RH, = 1247
gpu_max_DC_RM, = 4084
gpu_max_DC_WH, = 86
gpu_max_DC_WM, = 339
gpu_max_TC_H, = 0
gpu_max_TC_M, = 0
gpu_max_CC_H, = 0
gpu_max_CC_M, = 0
gpu_max_SHRD_ACC, = 5878
gpu_max_REG_RD, = 2.06742e+06
gpu_max_REG_WR, = 1.55738e+06
gpu_max_NON_REG_OPs, = 663008
gpu_max_INT_ACC, = 1.75073e+07
gpu_max_FPU_ACC, = 0
gpu_max_DPU_ACC, = 0
gpu_max_INT_MUL24_ACC, = 0
gpu_max_INT_MUL32_ACC, = 68941
gpu_max_INT_MUL_ACC, = 0
gpu_max_INT_DIV_ACC, = 0
gpu_max_FP_MUL_ACC, = 0
gpu_max_FP_DIV_ACC, = 0
gpu_max_FP_SQRT_ACC, = 0
gpu_max_FP_LG_ACC, = 0
gpu_max_FP_SIN_ACC, = 0
gpu_max_FP_EXP_ACC, = 0
gpu_max_DP_MUL_ACC, = 0
gpu_max_DP_DIV_ACC, = 0
gpu_max_TENSOR_ACC, = 0
gpu_max_TEX_ACC, = 0
gpu_max_MEM_RD, = 3062
gpu_max_MEM_WR, = 0
gpu_max_MEM_PRE, = 319
gpu_max_L2_RH, = 1733
gpu_max_L2_RM, = 2905
gpu_max_L2_WH, = 135
gpu_max_L2_WM, = 457
gpu_max_NOC_A, = 11188
gpu_max_PIPE_A, = 0.223392
gpu_max_IDLE_CORE_N, = 0
gpu_max_constant_power = 0

Kernel Minimum Power Data:
kernel_min_power = 41.3592
gpu_min_IBP, = 0
gpu_min_ICP, = 0
gpu_min_DCP, = 0
gpu_min_TCP, = 0
gpu_min_CCP, = 0
gpu_min_SHRDP, = 0
gpu_min_RFP, = 0
gpu_min_INTP, = 0
gpu_min_FPUP, = 0
gpu_min_DPUP, = 0
gpu_min_INT_MUL24P, = 0
gpu_min_INT_MUL32P, = 0
gpu_min_INT_MULP, = 0
gpu_min_INT_DIVP, = 0
gpu_min_FP_MULP, = 0
gpu_min_FP_DIVP, = 0
gpu_min_FP_SQRTP, = 0
gpu_min_FP_LGP, = 0
gpu_min_FP_SINP, = 0
gpu_min_FP_EXP, = 0
gpu_min_DP_MULP, = 0
gpu_min_DP_DIVP, = 0
gpu_min_TENSORP, = 0
gpu_min_TEXP, = 0
gpu_min_SCHEDP, = 0
gpu_min_L2CP, = 0
gpu_min_MCP, = 0.55022
gpu_min_NOCP, = 0
gpu_min_DRAMP, = 0
gpu_min_PIPEP, = 0
gpu_min_IDLE_COREP, = 8.48375
gpu_min_CONSTP = 32.3252
gpu_min_STATICP = 0
gpu_min_TOT_INST, = 0
gpu_min_FP_INT, = 0
gpu_min_IC_H, = 0
gpu_min_IC_M, = 0
gpu_min_DC_RH, = 0
gpu_min_DC_RM, = 0
gpu_min_DC_WH, = 0
gpu_min_DC_WM, = 0
gpu_min_TC_H, = 0
gpu_min_TC_M, = 0
gpu_min_CC_H, = 0
gpu_min_CC_M, = 0
gpu_min_SHRD_ACC, = 0
gpu_min_REG_RD, = 0
gpu_min_REG_WR, = 0
gpu_min_NON_REG_OPs, = 0
gpu_min_INT_ACC, = 0
gpu_min_FPU_ACC, = 0
gpu_min_DPU_ACC, = 0
gpu_min_INT_MUL24_ACC, = 0
gpu_min_INT_MUL32_ACC, = 0
gpu_min_INT_MUL_ACC, = 0
gpu_min_INT_DIV_ACC, = 0
gpu_min_FP_MUL_ACC, = 0
gpu_min_FP_DIV_ACC, = 0
gpu_min_FP_SQRT_ACC, = 0
gpu_min_FP_LG_ACC, = 0
gpu_min_FP_SIN_ACC, = 0
gpu_min_FP_EXP_ACC, = 0
gpu_min_DP_MUL_ACC, = 0
gpu_min_DP_DIV_ACC, = 0
gpu_min_TENSOR_ACC, = 0
gpu_min_TEX_ACC, = 0
gpu_min_MEM_RD, = 0
gpu_min_MEM_WR, = 0
gpu_min_MEM_PRE, = 0
gpu_min_L2_RH, = 0
gpu_min_L2_RM, = 0
gpu_min_L2_WH, = 0
gpu_min_L2_WM, = 0
gpu_min_NOC_A, = 0
gpu_min_PIPE_A, = 0
gpu_min_IDLE_CORE_N, = 30
gpu_min_constant_power = 0

Accumulative Power Statistics Over Previous Kernels:
gpu_tot_avg_power = 108.651
gpu_tot_max_power = 120.774
gpu_tot_min_power = 41.3592


kernel_name = _Z14dynproc_kerneliPiS_S_iiii 
kernel_launch_uid = 4 

Kernel Average Power Data:
kernel_avg_power = 108.51
gpu_avg_IBP, = 0.372521
gpu_avg_ICP, = 0
gpu_avg_DCP, = 2.03229
gpu_avg_TCP, = 0
gpu_avg_CCP, = 0
gpu_avg_SHRDP, = 1.13219
gpu_avg_RFP, = 15.6215
gpu_avg_INTP, = 7.84468
gpu_avg_FPUP, = 0
gpu_avg_DPUP, = 0
gpu_avg_INT_MUL24P, = 0
gpu_avg_INT_MUL32P, = 2.16241
gpu_avg_INT_MULP, = 0
gpu_avg_INT_DIVP, = 0
gpu_avg_FP_MULP, = 0
gpu_avg_FP_DIVP, = 0
gpu_avg_FP_SQRTP, = 0
gpu_avg_FP_LGP, = 0
gpu_avg_FP_SINP, = 0
gpu_avg_FP_EXP, = 0
gpu_avg_DP_MULP, = 0
gpu_avg_DP_DIVP, = 0
gpu_avg_TENSORP, = 0
gpu_avg_TEXP, = 0
gpu_avg_SCHEDP, = 1.097
gpu_avg_L2CP, = 0.147724
gpu_avg_MCP, = 1.16411
gpu_avg_NOCP, = 1.08546
gpu_avg_DRAMP, = 9.62904
gpu_avg_PIPEP, = 0.953262
gpu_avg_IDLE_COREP, = 0.0803376
gpu_avg_CONSTP = 32.3252
gpu_avg_STATICP = 32.8618
gpu_avg_TOT_INST, = 46426.1
gpu_avg_FP_INT, = 46426.1
gpu_avg_IC_H, = 0
gpu_avg_IC_M, = 0
gpu_avg_DC_RH, = 1148.05
gpu_avg_DC_RM, = 3393.22
gpu_avg_DC_WH, = 16.9979
gpu_avg_DC_WM, = 67.5201
gpu_avg_TC_H, = 0
gpu_avg_TC_M, = 0
gpu_avg_CC_H, = 0
gpu_avg_CC_M, = 0
gpu_avg_SHRD_ACC, = 7365.97
gpu_avg_REG_RD, = 1.67057e+06
gpu_avg_REG_WR, = 1.22322e+06
gpu_avg_NON_REG_OPs, = 478197
gpu_avg_INT_ACC, = 1.24429e+07
gpu_avg_FPU_ACC, = 0
gpu_avg_DPU_ACC, = 0
gpu_avg_INT_MUL24_ACC, = 0
gpu_avg_INT_MUL32_ACC, = 40962.6
gpu_avg_INT_MUL_ACC, = 0
gpu_avg_INT_DIV_ACC, = 0
gpu_avg_FP_MUL_ACC, = 0
gpu_avg_FP_DIV_ACC, = 0
gpu_avg_FP_SQRT_ACC, = 0
gpu_avg_FP_LG_ACC, = 0
gpu_avg_FP_SIN_ACC, = 0
gpu_avg_FP_EXP_ACC, = 0
gpu_avg_DP_MUL_ACC, = 0
gpu_avg_DP_DIV_ACC, = 0
gpu_avg_TENSOR_ACC, = 0
gpu_avg_TEX_ACC, = 0
gpu_avg_MEM_RD, = 3376.66
gpu_avg_MEM_WR, = 66.8668
gpu_avg_MEM_PRE, = 582.167
gpu_avg_L2_RH, = 1156.92
gpu_avg_L2_RM, = 3376.66
gpu_avg_L2_WH, = 18.4852
gpu_avg_L2_WM, = 65.5507
gpu_avg_NOC_A, = 9235.75
gpu_avg_PIPE_A, = 0.186096
gpu_avg_IDLE_CORE_N, = 0.284088
gpu_avg_constant_power = 0
gpu_avg_threads_per_warp = 30.8316
gpu_tot_TOT_INST, = 4.39191e+07
gpu_tot_FP_INT, = 4.39191e+07
gpu_tot_IC_H, = 0
gpu_tot_IC_M, = 0
gpu_tot_DC_RH, = 1.08605e+06
gpu_tot_DC_RM, = 3.20999e+06
gpu_tot_DC_WH, = 16080
gpu_tot_DC_WM, = 63874
gpu_tot_TC_H, = 0
gpu_tot_TC_M, = 0
gpu_tot_CC_H, = 0
gpu_tot_CC_M, = 0
gpu_tot_SHRD_ACC, = 6.96821e+06
gpu_tot_REG_RD, = 1.58036e+09
gpu_tot_REG_WR, = 1.15717e+09
gpu_tot_NON_REG_OPs, = 4.52374e+08
gpu_tot_INT_ACC, = 1.1771e+10
gpu_tot_FPU_ACC, = 0
gpu_tot_DPU_ACC, = 0
gpu_tot_INT_MUL24_ACC, = 0
gpu_tot_INT_MUL32_ACC, = 3.87506e+07
gpu_tot_INT_MUL_ACC, = 0
gpu_tot_INT_DIV_ACC, = 0
gpu_tot_FP_MUL_ACC, = 0
gpu_tot_FP_DIV_ACC, = 0
gpu_tot_FP_SQRT_ACC, = 0
gpu_tot_FP_LG_ACC, = 0
gpu_tot_FP_SIN_ACC, = 0
gpu_tot_FP_EXP_ACC, = 0
gpu_tot_DP_MUL_ACC, = 0
gpu_tot_DP_DIV_ACC, = 0
gpu_tot_TENSOR_ACC, = 0
gpu_tot_TEX_ACC, = 0
gpu_tot_MEM_RD, = 3.19432e+06
gpu_tot_MEM_WR, = 63256
gpu_tot_MEM_PRE, = 550730
gpu_tot_L2_RH, = 1.09445e+06
gpu_tot_L2_RM, = 3.19432e+06
gpu_tot_L2_WH, = 17487
gpu_tot_L2_WM, = 62011
gpu_tot_NOC_A, = 8.73702e+06
gpu_tot_PIPE_A, = 176.046
gpu_tot_IDLE_CORE_N, = 268.747
gpu_tot_constant_power = 0

Kernel Maximum Power Data:
kernel_max_power = 121.675
gpu_max_IBP, = 0.4634
gpu_max_ICP, = 0
gpu_max_DCP, = 2.36993
gpu_max_TCP, = 0
gpu_max_CCP, = 0
gpu_max_SHRDP, = 0.720266
gpu_max_RFP, = 22.3091
gpu_max_INTP, = 12.6324
gpu_max_FPUP, = 0
gpu_max_DPUP, = 0
gpu_max_INT_MUL24P, = 0
gpu_max_INT_MUL32P, = 4.11814
gpu_max_INT_MULP, = 0
gpu_max_INT_DIVP, = 0
gpu_max_FP_MULP, = 0
gpu_max_FP_DIVP, = 0
gpu_max_FP_SQRTP, = 0
gpu_max_FP_LGP, = 0
gpu_max_FP_SINP, = 0
gpu_max_FP_EXP, = 0
gpu_max_DP_MULP, = 0
gpu_max_DP_DIVP, = 0
gpu_max_TENSORP, = 0
gpu_max_TEXP, = 0
gpu_max_SCHEDP, = 1.36462
gpu_max_L2CP, = 0.322043
gpu_max_MCP, = 1.2307
gpu_max_NOCP, = 1.25779
gpu_max_DRAMP, = 7.8863
gpu_max_PIPEP, = 1.21158
gpu_max_IDLE_COREP, = 0
gpu_max_CONSTP = 32.3252
gpu_max_STATICP = 33.4636
gpu_max_TOT_INST, = 57752
gpu_max_FP_INT, = 57752
gpu_max_IC_H, = 0
gpu_max_IC_M, = 0
gpu_max_DC_RH, = 1122
gpu_max_DC_RM, = 3963
gpu_max_DC_WH, = 111
gpu_max_DC_WM, = 426
gpu_max_TC_H, = 0
gpu_max_TC_M, = 0
gpu_max_CC_H, = 0
gpu_max_CC_M, = 0
gpu_max_SHRD_ACC, = 4686
gpu_max_REG_RD, = 2.24864e+06
gpu_max_REG_WR, = 1.69482e+06
gpu_max_NON_REG_OPs, = 729568
gpu_max_INT_ACC, = 2.0037e+07
gpu_max_FPU_ACC, = 0
gpu_max_DPU_ACC, = 0
gpu_max_INT_MUL24_ACC, = 0
gpu_max_INT_MUL32_ACC, = 78010
gpu_max_INT_MUL_ACC, = 0
gpu_max_INT_DIV_ACC, = 0
gpu_max_FP_MUL_ACC, = 0
gpu_max_FP_DIV_ACC, = 0
gpu_max_FP_SQRT_ACC, = 0
gpu_max_FP_LG_ACC, = 0
gpu_max_FP_SIN_ACC, = 0
gpu_max_FP_EXP_ACC, = 0
gpu_max_DP_MUL_ACC, = 0
gpu_max_DP_DIV_ACC, = 0
gpu_max_TENSOR_ACC, = 0
gpu_max_TEX_ACC, = 0
gpu_max_MEM_RD, = 2783
gpu_max_MEM_WR, = 116
gpu_max_MEM_PRE, = 166
gpu_max_L2_RH, = 1689
gpu_max_L2_RM, = 2902
gpu_max_L2_WH, = 148
gpu_max_L2_WM, = 514
gpu_max_NOC_A, = 10702
gpu_max_PIPE_A, = 0.236525
gpu_max_IDLE_CORE_N, = 0
gpu_max_constant_power = 0

Kernel Minimum Power Data:
kernel_min_power = 41.3592
gpu_min_IBP, = 0
gpu_min_ICP, = 0
gpu_min_DCP, = 0
gpu_min_TCP, = 0
gpu_min_CCP, = 0
gpu_min_SHRDP, = 0
gpu_min_RFP, = 0
gpu_min_INTP, = 0
gpu_min_FPUP, = 0
gpu_min_DPUP, = 0
gpu_min_INT_MUL24P, = 0
gpu_min_INT_MUL32P, = 0
gpu_min_INT_MULP, = 0
gpu_min_INT_DIVP, = 0
gpu_min_FP_MULP, = 0
gpu_min_FP_DIVP, = 0
gpu_min_FP_SQRTP, = 0
gpu_min_FP_LGP, = 0
gpu_min_FP_SINP, = 0
gpu_min_FP_EXP, = 0
gpu_min_DP_MULP, = 0
gpu_min_DP_DIVP, = 0
gpu_min_TENSORP, = 0
gpu_min_TEXP, = 0
gpu_min_SCHEDP, = 0
gpu_min_L2CP, = 0
gpu_min_MCP, = 0.55022
gpu_min_NOCP, = 0
gpu_min_DRAMP, = 0
gpu_min_PIPEP, = 0
gpu_min_IDLE_COREP, = 8.48375
gpu_min_CONSTP = 32.3252
gpu_min_STATICP = 0
gpu_min_TOT_INST, = 0
gpu_min_FP_INT, = 0
gpu_min_IC_H, = 0
gpu_min_IC_M, = 0
gpu_min_DC_RH, = 0
gpu_min_DC_RM, = 0
gpu_min_DC_WH, = 0
gpu_min_DC_WM, = 0
gpu_min_TC_H, = 0
gpu_min_TC_M, = 0
gpu_min_CC_H, = 0
gpu_min_CC_M, = 0
gpu_min_SHRD_ACC, = 0
gpu_min_REG_RD, = 0
gpu_min_REG_WR, = 0
gpu_min_NON_REG_OPs, = 0
gpu_min_INT_ACC, = 0
gpu_min_FPU_ACC, = 0
gpu_min_DPU_ACC, = 0
gpu_min_INT_MUL24_ACC, = 0
gpu_min_INT_MUL32_ACC, = 0
gpu_min_INT_MUL_ACC, = 0
gpu_min_INT_DIV_ACC, = 0
gpu_min_FP_MUL_ACC, = 0
gpu_min_FP_DIV_ACC, = 0
gpu_min_FP_SQRT_ACC, = 0
gpu_min_FP_LG_ACC, = 0
gpu_min_FP_SIN_ACC, = 0
gpu_min_FP_EXP_ACC, = 0
gpu_min_DP_MUL_ACC, = 0
gpu_min_DP_DIV_ACC, = 0
gpu_min_TENSOR_ACC, = 0
gpu_min_TEX_ACC, = 0
gpu_min_MEM_RD, = 0
gpu_min_MEM_WR, = 0
gpu_min_MEM_PRE, = 0
gpu_min_L2_RH, = 0
gpu_min_L2_RM, = 0
gpu_min_L2_WH, = 0
gpu_min_L2_WM, = 0
gpu_min_NOC_A, = 0
gpu_min_PIPE_A, = 0
gpu_min_IDLE_CORE_N, = 30
gpu_min_constant_power = 0

Accumulative Power Statistics Over Previous Kernels:
gpu_tot_avg_power = 108.616
gpu_tot_max_power = 121.675
gpu_tot_min_power = 41.3592


kernel_name = _Z14dynproc_kerneliPiS_S_iiii 
kernel_launch_uid = 5 

Kernel Average Power Data:
kernel_avg_power = 108.395
gpu_avg_IBP, = 0.371354
gpu_avg_ICP, = 0
gpu_avg_DCP, = 2.02827
gpu_avg_TCP, = 0
gpu_avg_CCP, = 0
gpu_avg_SHRDP, = 1.12864
gpu_avg_RFP, = 15.5729
gpu_avg_INTP, = 7.82006
gpu_avg_FPUP, = 0
gpu_avg_DPUP, = 0
gpu_avg_INT_MUL24P, = 0
gpu_avg_INT_MUL32P, = 2.15571
gpu_avg_INT_MULP, = 0
gpu_avg_INT_DIVP, = 0
gpu_avg_FP_MULP, = 0
gpu_avg_FP_DIVP, = 0
gpu_avg_FP_SQRTP, = 0
gpu_avg_FP_LGP, = 0
gpu_avg_FP_SINP, = 0
gpu_avg_FP_EXP, = 0
gpu_avg_DP_MULP, = 0
gpu_avg_DP_DIVP, = 0
gpu_avg_TENSORP, = 0
gpu_avg_TEXP, = 0
gpu_avg_SCHEDP, = 1.09356
gpu_avg_L2CP, = 0.149795
gpu_avg_MCP, = 1.16405
gpu_avg_NOCP, = 1.08802
gpu_avg_DRAMP, = 9.59364
gpu_avg_PIPEP, = 0.950279
gpu_avg_IDLE_COREP, = 0.071063
gpu_avg_CONSTP = 32.3252
gpu_avg_STATICP = 32.882
gpu_avg_TOT_INST, = 46280.7
gpu_avg_FP_INT, = 46280.7
gpu_avg_IC_H, = 0
gpu_avg_IC_M, = 0
gpu_avg_DC_RH, = 1119.92
gpu_avg_DC_RM, = 3428.18
gpu_avg_DC_WH, = 16.9852
gpu_avg_DC_WM, = 67.6607
gpu_avg_TC_H, = 0
gpu_avg_TC_M, = 0
gpu_avg_CC_H, = 0
gpu_avg_CC_M, = 0
gpu_avg_SHRD_ACC, = 7342.86
gpu_avg_REG_RD, = 1.66533e+06
gpu_avg_REG_WR, = 1.2195e+06
gpu_avg_NON_REG_OPs, = 476701
gpu_avg_INT_ACC, = 1.24038e+07
gpu_avg_FPU_ACC, = 0
gpu_avg_DPU_ACC, = 0
gpu_avg_INT_MUL24_ACC, = 0
gpu_avg_INT_MUL32_ACC, = 40835.6
gpu_avg_INT_MUL_ACC, = 0
gpu_avg_INT_DIV_ACC, = 0
gpu_avg_FP_MUL_ACC, = 0
gpu_avg_FP_DIV_ACC, = 0
gpu_avg_FP_SQRT_ACC, = 0
gpu_avg_FP_LG_ACC, = 0
gpu_avg_FP_SIN_ACC, = 0
gpu_avg_FP_EXP_ACC, = 0
gpu_avg_DP_MUL_ACC, = 0
gpu_avg_DP_DIV_ACC, = 0
gpu_avg_TENSOR_ACC, = 0
gpu_avg_TEX_ACC, = 0
gpu_avg_MEM_RD, = 3366.75
gpu_avg_MEM_WR, = 65.1549
gpu_avg_MEM_PRE, = 569.832
gpu_avg_L2_RH, = 1177.18
gpu_avg_L2_RM, = 3366.73
gpu_avg_L2_WH, = 18.7197
gpu_avg_L2_WM, = 66.3583
gpu_avg_NOC_A, = 9257.54
gpu_avg_PIPE_A, = 0.185513
gpu_avg_IDLE_CORE_N, = 0.251291
gpu_avg_constant_power = 0
gpu_avg_threads_per_warp = 30.829
gpu_tot_TOT_INST, = 4.39203e+07
gpu_tot_FP_INT, = 4.39203e+07
gpu_tot_IC_H, = 0
gpu_tot_IC_M, = 0
gpu_tot_DC_RH, = 1.06281e+06
gpu_tot_DC_RM, = 3.25334e+06
gpu_tot_DC_WH, = 16119
gpu_tot_DC_WM, = 64210
gpu_tot_TC_H, = 0
gpu_tot_TC_M, = 0
gpu_tot_CC_H, = 0
gpu_tot_CC_M, = 0
gpu_tot_SHRD_ACC, = 6.96837e+06
gpu_tot_REG_RD, = 1.5804e+09
gpu_tot_REG_WR, = 1.1573e+09
gpu_tot_NON_REG_OPs, = 4.52389e+08
gpu_tot_INT_ACC, = 1.17712e+10
gpu_tot_FPU_ACC, = 0
gpu_tot_DPU_ACC, = 0
gpu_tot_INT_MUL24_ACC, = 0
gpu_tot_INT_MUL32_ACC, = 3.8753e+07
gpu_tot_INT_MUL_ACC, = 0
gpu_tot_INT_DIV_ACC, = 0
gpu_tot_FP_MUL_ACC, = 0
gpu_tot_FP_DIV_ACC, = 0
gpu_tot_FP_SQRT_ACC, = 0
gpu_tot_FP_LG_ACC, = 0
gpu_tot_FP_SIN_ACC, = 0
gpu_tot_FP_EXP_ACC, = 0
gpu_tot_DP_MUL_ACC, = 0
gpu_tot_DP_DIV_ACC, = 0
gpu_tot_TENSOR_ACC, = 0
gpu_tot_TEX_ACC, = 0
gpu_tot_MEM_RD, = 3.19505e+06
gpu_tot_MEM_WR, = 61832
gpu_tot_MEM_PRE, = 540771
gpu_tot_L2_RH, = 1.11715e+06
gpu_tot_L2_RM, = 3.19503e+06
gpu_tot_L2_WH, = 17765
gpu_tot_L2_WM, = 62974
gpu_tot_NOC_A, = 8.78541e+06
gpu_tot_PIPE_A, = 176.052
gpu_tot_IDLE_CORE_N, = 238.475
gpu_tot_constant_power = 0

Kernel Maximum Power Data:
kernel_max_power = 121.344
gpu_max_IBP, = 0.461426
gpu_max_ICP, = 0
gpu_max_DCP, = 2.27793
gpu_max_TCP, = 0
gpu_max_CCP, = 0
gpu_max_SHRDP, = 0.825247
gpu_max_RFP, = 22.039
gpu_max_INTP, = 12.4987
gpu_max_FPUP, = 0
gpu_max_DPUP, = 0
gpu_max_INT_MUL24P, = 0
gpu_max_INT_MUL32P, = 3.87673
gpu_max_INT_MULP, = 0
gpu_max_INT_DIVP, = 0
gpu_max_FP_MULP, = 0
gpu_max_FP_DIVP, = 0
gpu_max_FP_SQRTP, = 0
gpu_max_FP_LGP, = 0
gpu_max_FP_SINP, = 0
gpu_max_FP_EXP, = 0
gpu_max_DP_MULP, = 0
gpu_max_DP_DIVP, = 0
gpu_max_TENSORP, = 0
gpu_max_TEXP, = 0
gpu_max_SCHEDP, = 1.35881
gpu_max_L2CP, = 0.303509
gpu_max_MCP, = 1.1979
gpu_max_NOCP, = 1.24627
gpu_max_DRAMP, = 8.26033
gpu_max_PIPEP, = 1.20947
gpu_max_IDLE_COREP, = 0
gpu_max_CONSTP = 32.3252
gpu_max_STATICP = 33.4636
gpu_max_TOT_INST, = 57506
gpu_max_FP_INT, = 57506
gpu_max_IC_H, = 0
gpu_max_IC_M, = 0
gpu_max_DC_RH, = 1116
gpu_max_DC_RM, = 3937
gpu_max_DC_WH, = 55
gpu_max_DC_WM, = 220
gpu_max_TC_H, = 0
gpu_max_TC_M, = 0
gpu_max_CC_H, = 0
gpu_max_CC_M, = 0
gpu_max_SHRD_ACC, = 5369
gpu_max_REG_RD, = 2.26435e+06
gpu_max_REG_WR, = 1.70467e+06
gpu_max_NON_REG_OPs, = 703040
gpu_max_INT_ACC, = 1.98248e+07
gpu_max_FPU_ACC, = 0
gpu_max_DPU_ACC, = 0
gpu_max_INT_MUL24_ACC, = 0
gpu_max_INT_MUL32_ACC, = 73437
gpu_max_INT_MUL_ACC, = 0
gpu_max_INT_DIV_ACC, = 0
gpu_max_FP_MUL_ACC, = 0
gpu_max_FP_DIV_ACC, = 0
gpu_max_FP_SQRT_ACC, = 0
gpu_max_FP_LG_ACC, = 0
gpu_max_FP_SIN_ACC, = 0
gpu_max_FP_EXP_ACC, = 0
gpu_max_DP_MUL_ACC, = 0
gpu_max_DP_DIV_ACC, = 0
gpu_max_TENSOR_ACC, = 0
gpu_max_TEX_ACC, = 0
gpu_max_MEM_RD, = 2991
gpu_max_MEM_WR, = 0
gpu_max_MEM_PRE, = 122
gpu_max_L2_RH, = 1937
gpu_max_L2_RM, = 2992
gpu_max_L2_WH, = 111
gpu_max_L2_WM, = 352
gpu_max_NOC_A, = 10604
gpu_max_PIPE_A, = 0.236113
gpu_max_IDLE_CORE_N, = 0
gpu_max_constant_power = 0

Kernel Minimum Power Data:
kernel_min_power = 41.3592
gpu_min_IBP, = 0
gpu_min_ICP, = 0
gpu_min_DCP, = 0
gpu_min_TCP, = 0
gpu_min_CCP, = 0
gpu_min_SHRDP, = 0
gpu_min_RFP, = 0
gpu_min_INTP, = 0
gpu_min_FPUP, = 0
gpu_min_DPUP, = 0
gpu_min_INT_MUL24P, = 0
gpu_min_INT_MUL32P, = 0
gpu_min_INT_MULP, = 0
gpu_min_INT_DIVP, = 0
gpu_min_FP_MULP, = 0
gpu_min_FP_DIVP, = 0
gpu_min_FP_SQRTP, = 0
gpu_min_FP_LGP, = 0
gpu_min_FP_SINP, = 0
gpu_min_FP_EXP, = 0
gpu_min_DP_MULP, = 0
gpu_min_DP_DIVP, = 0
gpu_min_TENSORP, = 0
gpu_min_TEXP, = 0
gpu_min_SCHEDP, = 0
gpu_min_L2CP, = 0
gpu_min_MCP, = 0.55022
gpu_min_NOCP, = 0
gpu_min_DRAMP, = 0
gpu_min_PIPEP, = 0
gpu_min_IDLE_COREP, = 8.48375
gpu_min_CONSTP = 32.3252
gpu_min_STATICP = 0
gpu_min_TOT_INST, = 0
gpu_min_FP_INT, = 0
gpu_min_IC_H, = 0
gpu_min_IC_M, = 0
gpu_min_DC_RH, = 0
gpu_min_DC_RM, = 0
gpu_min_DC_WH, = 0
gpu_min_DC_WM, = 0
gpu_min_TC_H, = 0
gpu_min_TC_M, = 0
gpu_min_CC_H, = 0
gpu_min_CC_M, = 0
gpu_min_SHRD_ACC, = 0
gpu_min_REG_RD, = 0
gpu_min_REG_WR, = 0
gpu_min_NON_REG_OPs, = 0
gpu_min_INT_ACC, = 0
gpu_min_FPU_ACC, = 0
gpu_min_DPU_ACC, = 0
gpu_min_INT_MUL24_ACC, = 0
gpu_min_INT_MUL32_ACC, = 0
gpu_min_INT_MUL_ACC, = 0
gpu_min_INT_DIV_ACC, = 0
gpu_min_FP_MUL_ACC, = 0
gpu_min_FP_DIV_ACC, = 0
gpu_min_FP_SQRT_ACC, = 0
gpu_min_FP_LG_ACC, = 0
gpu_min_FP_SIN_ACC, = 0
gpu_min_FP_EXP_ACC, = 0
gpu_min_DP_MUL_ACC, = 0
gpu_min_DP_DIV_ACC, = 0
gpu_min_TENSOR_ACC, = 0
gpu_min_TEX_ACC, = 0
gpu_min_MEM_RD, = 0
gpu_min_MEM_WR, = 0
gpu_min_MEM_PRE, = 0
gpu_min_L2_RH, = 0
gpu_min_L2_RM, = 0
gpu_min_L2_WH, = 0
gpu_min_L2_WM, = 0
gpu_min_NOC_A, = 0
gpu_min_PIPE_A, = 0
gpu_min_IDLE_CORE_N, = 30
gpu_min_constant_power = 0

Accumulative Power Statistics Over Previous Kernels:
gpu_tot_avg_power = 108.571
gpu_tot_max_power = 121.675
gpu_tot_min_power = 41.3592


kernel_name = _Z14dynproc_kerneliPiS_S_iiii 
kernel_launch_uid = 6 

Kernel Average Power Data:
kernel_avg_power = 108.642
gpu_avg_IBP, = 0.374106
gpu_avg_ICP, = 0
gpu_avg_DCP, = 2.03767
gpu_avg_TCP, = 0
gpu_avg_CCP, = 0
gpu_avg_SHRDP, = 1.13701
gpu_avg_RFP, = 15.6871
gpu_avg_INTP, = 7.87803
gpu_avg_FPUP, = 0
gpu_avg_DPUP, = 0
gpu_avg_INT_MUL24P, = 0
gpu_avg_INT_MUL32P, = 2.17163
gpu_avg_INT_MULP, = 0
gpu_avg_INT_DIVP, = 0
gpu_avg_FP_MULP, = 0
gpu_avg_FP_DIVP, = 0
gpu_avg_FP_SQRTP, = 0
gpu_avg_FP_LGP, = 0
gpu_avg_FP_SINP, = 0
gpu_avg_FP_EXP, = 0
gpu_avg_DP_MULP, = 0
gpu_avg_DP_DIVP, = 0
gpu_avg_TENSORP, = 0
gpu_avg_TEXP, = 0
gpu_avg_SCHEDP, = 1.10167
gpu_avg_L2CP, = 0.14433
gpu_avg_MCP, = 1.16341
gpu_avg_NOCP, = 1.07959
gpu_avg_DRAMP, = 9.67103
gpu_avg_PIPEP, = 0.957317
gpu_avg_IDLE_COREP, = 0.0976274
gpu_avg_CONSTP = 32.3252
gpu_avg_STATICP = 32.8164
gpu_avg_TOT_INST, = 46623.6
gpu_avg_FP_INT, = 46623.6
gpu_avg_IC_H, = 0
gpu_avg_IC_M, = 0
gpu_avg_DC_RH, = 1197.99
gpu_avg_DC_RM, = 3325.97
gpu_avg_DC_WH, = 17.1741
gpu_avg_DC_WM, = 67.862
gpu_avg_TC_H, = 0
gpu_avg_TC_M, = 0
gpu_avg_CC_H, = 0
gpu_avg_CC_M, = 0
gpu_avg_SHRD_ACC, = 7397.3
gpu_avg_REG_RD, = 1.67767e+06
gpu_avg_REG_WR, = 1.22815e+06
gpu_avg_NON_REG_OPs, = 480232
gpu_avg_INT_ACC, = 1.24958e+07
gpu_avg_FPU_ACC, = 0
gpu_avg_DPU_ACC, = 0
gpu_avg_INT_MUL24_ACC, = 0
gpu_avg_INT_MUL32_ACC, = 41137.1
gpu_avg_INT_MUL_ACC, = 0
gpu_avg_INT_DIV_ACC, = 0
gpu_avg_FP_MUL_ACC, = 0
gpu_avg_FP_DIV_ACC, = 0
gpu_avg_FP_SQRT_ACC, = 0
gpu_avg_FP_LG_ACC, = 0
gpu_avg_FP_SIN_ACC, = 0
gpu_avg_FP_EXP_ACC, = 0
gpu_avg_DP_MUL_ACC, = 0
gpu_avg_DP_DIV_ACC, = 0
gpu_avg_TENSOR_ACC, = 0
gpu_avg_TEX_ACC, = 0
gpu_avg_MEM_RD, = 3390.41
gpu_avg_MEM_WR, = 67.5414
gpu_avg_MEM_PRE, = 589.308
gpu_avg_L2_RH, = 1117.43
gpu_avg_L2_RM, = 3390.41
gpu_avg_L2_WH, = 18.7208
gpu_avg_L2_WM, = 66.3641
gpu_avg_NOC_A, = 9185.81
gpu_avg_PIPE_A, = 0.186887
gpu_avg_IDLE_CORE_N, = 0.345227
gpu_avg_constant_power = 0
gpu_avg_threads_per_warp = 30.8318
gpu_tot_TOT_INST, = 4.39194e+07
gpu_tot_FP_INT, = 4.39194e+07
gpu_tot_IC_H, = 0
gpu_tot_IC_M, = 0
gpu_tot_DC_RH, = 1.1285e+06
gpu_tot_DC_RM, = 3.13306e+06
gpu_tot_DC_WH, = 16178
gpu_tot_DC_WM, = 63926
gpu_tot_TC_H, = 0
gpu_tot_TC_M, = 0
gpu_tot_CC_H, = 0
gpu_tot_CC_M, = 0
gpu_tot_SHRD_ACC, = 6.96825e+06
gpu_tot_REG_RD, = 1.58037e+09
gpu_tot_REG_WR, = 1.15692e+09
gpu_tot_NON_REG_OPs, = 4.52378e+08
gpu_tot_INT_ACC, = 1.1771e+10
gpu_tot_FPU_ACC, = 0
gpu_tot_DPU_ACC, = 0
gpu_tot_INT_MUL24_ACC, = 0
gpu_tot_INT_MUL32_ACC, = 3.87512e+07
gpu_tot_INT_MUL_ACC, = 0
gpu_tot_INT_DIV_ACC, = 0
gpu_tot_FP_MUL_ACC, = 0
gpu_tot_FP_DIV_ACC, = 0
gpu_tot_FP_SQRT_ACC, = 0
gpu_tot_FP_LG_ACC, = 0
gpu_tot_FP_SIN_ACC, = 0
gpu_tot_FP_EXP_ACC, = 0
gpu_tot_DP_MUL_ACC, = 0
gpu_tot_DP_DIV_ACC, = 0
gpu_tot_TENSOR_ACC, = 0
gpu_tot_TEX_ACC, = 0
gpu_tot_MEM_RD, = 3.19377e+06
gpu_tot_MEM_WR, = 63624
gpu_tot_MEM_PRE, = 555128
gpu_tot_L2_RH, = 1.05262e+06
gpu_tot_L2_RM, = 3.19377e+06
gpu_tot_L2_WH, = 17635
gpu_tot_L2_WM, = 62515
gpu_tot_NOC_A, = 8.65303e+06
gpu_tot_PIPE_A, = 176.048
gpu_tot_IDLE_CORE_N, = 325.204
gpu_tot_constant_power = 0

Kernel Maximum Power Data:
kernel_max_power = 118.891
gpu_max_IBP, = 0.441703
gpu_max_ICP, = 0
gpu_max_DCP, = 1.70865
gpu_max_TCP, = 0
gpu_max_CCP, = 0
gpu_max_SHRDP, = 0.733946
gpu_max_RFP, = 21.6745
gpu_max_INTP, = 13.0516
gpu_max_FPUP, = 0
gpu_max_DPUP, = 0
gpu_max_INT_MUL24P, = 0
gpu_max_INT_MUL32P, = 3.22884
gpu_max_INT_MULP, = 0
gpu_max_INT_DIVP, = 0
gpu_max_FP_MULP, = 0
gpu_max_FP_DIVP, = 0
gpu_max_FP_SQRTP, = 0
gpu_max_FP_LGP, = 0
gpu_max_FP_SINP, = 0
gpu_max_FP_EXP, = 0
gpu_max_DP_MULP, = 0
gpu_max_DP_DIVP, = 0
gpu_max_TENSORP, = 0
gpu_max_TEXP, = 0
gpu_max_SCHEDP, = 1.30073
gpu_max_L2CP, = 0.140595
gpu_max_MCP, = 1.05741
gpu_max_NOCP, = 1.02332
gpu_max_DRAMP, = 7.57155
gpu_max_PIPEP, = 1.16888
gpu_max_IDLE_COREP, = 0
gpu_max_CONSTP = 32.3252
gpu_max_STATICP = 33.4636
gpu_max_TOT_INST, = 55048
gpu_max_FP_INT, = 55048
gpu_max_IC_H, = 0
gpu_max_IC_M, = 0
gpu_max_DC_RH, = 839
gpu_max_DC_RM, = 3114
gpu_max_DC_WH, = 0
gpu_max_DC_WM, = 0
gpu_max_TC_H, = 0
gpu_max_TC_M, = 0
gpu_max_CC_H, = 0
gpu_max_CC_M, = 0
gpu_max_SHRD_ACC, = 4775
gpu_max_REG_RD, = 2.29696e+06
gpu_max_REG_WR, = 1.73187e+06
gpu_max_NON_REG_OPs, = 661248
gpu_max_INT_ACC, = 2.07019e+07
gpu_max_FPU_ACC, = 0
gpu_max_DPU_ACC, = 0
gpu_max_INT_MUL24_ACC, = 0
gpu_max_INT_MUL32_ACC, = 61164
gpu_max_INT_MUL_ACC, = 0
gpu_max_INT_DIV_ACC, = 0
gpu_max_FP_MUL_ACC, = 0
gpu_max_FP_DIV_ACC, = 0
gpu_max_FP_SQRT_ACC, = 0
gpu_max_FP_LG_ACC, = 0
gpu_max_FP_SIN_ACC, = 0
gpu_max_FP_EXP_ACC, = 0
gpu_max_DP_MUL_ACC, = 0
gpu_max_DP_DIV_ACC, = 0
gpu_max_TENSOR_ACC, = 0
gpu_max_TEX_ACC, = 0
gpu_max_MEM_RD, = 2752
gpu_max_MEM_WR, = 0
gpu_max_MEM_PRE, = 49
gpu_max_L2_RH, = 1387
gpu_max_L2_RM, = 1694
gpu_max_L2_WH, = 0
gpu_max_L2_WM, = 0
gpu_max_NOC_A, = 8707
gpu_max_PIPE_A, = 0.228188
gpu_max_IDLE_CORE_N, = 0
gpu_max_constant_power = 0

Kernel Minimum Power Data:
kernel_min_power = 41.3592
gpu_min_IBP, = 0
gpu_min_ICP, = 0
gpu_min_DCP, = 0
gpu_min_TCP, = 0
gpu_min_CCP, = 0
gpu_min_SHRDP, = 0
gpu_min_RFP, = 0
gpu_min_INTP, = 0
gpu_min_FPUP, = 0
gpu_min_DPUP, = 0
gpu_min_INT_MUL24P, = 0
gpu_min_INT_MUL32P, = 0
gpu_min_INT_MULP, = 0
gpu_min_INT_DIVP, = 0
gpu_min_FP_MULP, = 0
gpu_min_FP_DIVP, = 0
gpu_min_FP_SQRTP, = 0
gpu_min_FP_LGP, = 0
gpu_min_FP_SINP, = 0
gpu_min_FP_EXP, = 0
gpu_min_DP_MULP, = 0
gpu_min_DP_DIVP, = 0
gpu_min_TENSORP, = 0
gpu_min_TEXP, = 0
gpu_min_SCHEDP, = 0
gpu_min_L2CP, = 0
gpu_min_MCP, = 0.55022
gpu_min_NOCP, = 0
gpu_min_DRAMP, = 0
gpu_min_PIPEP, = 0
gpu_min_IDLE_COREP, = 8.48375
gpu_min_CONSTP = 32.3252
gpu_min_STATICP = 0
gpu_min_TOT_INST, = 0
gpu_min_FP_INT, = 0
gpu_min_IC_H, = 0
gpu_min_IC_M, = 0
gpu_min_DC_RH, = 0
gpu_min_DC_RM, = 0
gpu_min_DC_WH, = 0
gpu_min_DC_WM, = 0
gpu_min_TC_H, = 0
gpu_min_TC_M, = 0
gpu_min_CC_H, = 0
gpu_min_CC_M, = 0
gpu_min_SHRD_ACC, = 0
gpu_min_REG_RD, = 0
gpu_min_REG_WR, = 0
gpu_min_NON_REG_OPs, = 0
gpu_min_INT_ACC, = 0
gpu_min_FPU_ACC, = 0
gpu_min_DPU_ACC, = 0
gpu_min_INT_MUL24_ACC, = 0
gpu_min_INT_MUL32_ACC, = 0
gpu_min_INT_MUL_ACC, = 0
gpu_min_INT_DIV_ACC, = 0
gpu_min_FP_MUL_ACC, = 0
gpu_min_FP_DIV_ACC, = 0
gpu_min_FP_SQRT_ACC, = 0
gpu_min_FP_LG_ACC, = 0
gpu_min_FP_SIN_ACC, = 0
gpu_min_FP_EXP_ACC, = 0
gpu_min_DP_MUL_ACC, = 0
gpu_min_DP_DIV_ACC, = 0
gpu_min_TENSOR_ACC, = 0
gpu_min_TEX_ACC, = 0
gpu_min_MEM_RD, = 0
gpu_min_MEM_WR, = 0
gpu_min_MEM_PRE, = 0
gpu_min_L2_RH, = 0
gpu_min_L2_RM, = 0
gpu_min_L2_WH, = 0
gpu_min_L2_WM, = 0
gpu_min_NOC_A, = 0
gpu_min_PIPE_A, = 0
gpu_min_IDLE_CORE_N, = 30
gpu_min_constant_power = 0

Accumulative Power Statistics Over Previous Kernels:
gpu_tot_avg_power = 108.583
gpu_tot_max_power = 121.675
gpu_tot_min_power = 41.3592


kernel_name = _Z14dynproc_kerneliPiS_S_iiii 
kernel_launch_uid = 7 

Kernel Average Power Data:
kernel_avg_power = 108.58
gpu_avg_IBP, = 0.372912
gpu_avg_ICP, = 0
gpu_avg_DCP, = 2.03585
gpu_avg_TCP, = 0
gpu_avg_CCP, = 0
gpu_avg_SHRDP, = 1.13338
gpu_avg_RFP, = 15.6376
gpu_avg_INTP, = 7.85289
gpu_avg_FPUP, = 0
gpu_avg_DPUP, = 0
gpu_avg_INT_MUL24P, = 0
gpu_avg_INT_MUL32P, = 2.16469
gpu_avg_INT_MULP, = 0
gpu_avg_INT_DIVP, = 0
gpu_avg_FP_MULP, = 0
gpu_avg_FP_DIVP, = 0
gpu_avg_FP_SQRTP, = 0
gpu_avg_FP_LGP, = 0
gpu_avg_FP_SINP, = 0
gpu_avg_FP_EXP, = 0
gpu_avg_DP_MULP, = 0
gpu_avg_DP_DIVP, = 0
gpu_avg_TENSORP, = 0
gpu_avg_TEXP, = 0
gpu_avg_SCHEDP, = 1.09815
gpu_avg_L2CP, = 0.148304
gpu_avg_MCP, = 1.16502
gpu_avg_NOCP, = 1.0874
gpu_avg_DRAMP, = 9.63778
gpu_avg_PIPEP, = 0.954262
gpu_avg_IDLE_COREP, = 0.0750125
gpu_avg_CONSTP = 32.3252
gpu_avg_STATICP = 32.8917
gpu_avg_TOT_INST, = 46474.8
gpu_avg_FP_INT, = 46474.8
gpu_avg_IC_H, = 0
gpu_avg_IC_M, = 0
gpu_avg_DC_RH, = 1146.18
gpu_avg_DC_RM, = 3405.41
gpu_avg_DC_WH, = 17.0275
gpu_avg_DC_WM, = 67.6857
gpu_avg_TC_H, = 0
gpu_avg_TC_M, = 0
gpu_avg_CC_H, = 0
gpu_avg_CC_M, = 0
gpu_avg_SHRD_ACC, = 7373.71
gpu_avg_REG_RD, = 1.67232e+06
gpu_avg_REG_WR, = 1.22442e+06
gpu_avg_NON_REG_OPs, = 478700
gpu_avg_INT_ACC, = 1.24559e+07
gpu_avg_FPU_ACC, = 0
gpu_avg_DPU_ACC, = 0
gpu_avg_INT_MUL24_ACC, = 0
gpu_avg_INT_MUL32_ACC, = 41005.8
gpu_avg_INT_MUL_ACC, = 0
gpu_avg_INT_DIV_ACC, = 0
gpu_avg_FP_MUL_ACC, = 0
gpu_avg_FP_DIV_ACC, = 0
gpu_avg_FP_SQRT_ACC, = 0
gpu_avg_FP_LG_ACC, = 0
gpu_avg_FP_SIN_ACC, = 0
gpu_avg_FP_EXP_ACC, = 0
gpu_avg_DP_MUL_ACC, = 0
gpu_avg_DP_DIV_ACC, = 0
gpu_avg_TENSOR_ACC, = 0
gpu_avg_TEX_ACC, = 0
gpu_avg_MEM_RD, = 3380.05
gpu_avg_MEM_WR, = 64.5884
gpu_avg_MEM_PRE, = 588.565
gpu_avg_L2_RH, = 1161.36
gpu_avg_L2_RM, = 3380.05
gpu_avg_L2_WH, = 18.6296
gpu_avg_L2_WM, = 66.0571
gpu_avg_NOC_A, = 9252.27
gpu_avg_PIPE_A, = 0.186291
gpu_avg_IDLE_CORE_N, = 0.265257
gpu_avg_constant_power = 0
gpu_avg_threads_per_warp = 30.8623
gpu_tot_TOT_INST, = 4.39187e+07
gpu_tot_FP_INT, = 4.39187e+07
gpu_tot_IC_H, = 0
gpu_tot_IC_M, = 0
gpu_tot_DC_RH, = 1.08314e+06
gpu_tot_DC_RM, = 3.21811e+06
gpu_tot_DC_WH, = 16091
gpu_tot_DC_WM, = 63963
gpu_tot_TC_H, = 0
gpu_tot_TC_M, = 0
gpu_tot_CC_H, = 0
gpu_tot_CC_M, = 0
gpu_tot_SHRD_ACC, = 6.96816e+06
gpu_tot_REG_RD, = 1.58034e+09
gpu_tot_REG_WR, = 1.15708e+09
gpu_tot_NON_REG_OPs, = 4.52371e+08
gpu_tot_INT_ACC, = 1.17708e+10
gpu_tot_FPU_ACC, = 0
gpu_tot_DPU_ACC, = 0
gpu_tot_INT_MUL24_ACC, = 0
gpu_tot_INT_MUL32_ACC, = 3.87504e+07
gpu_tot_INT_MUL_ACC, = 0
gpu_tot_INT_DIV_ACC, = 0
gpu_tot_FP_MUL_ACC, = 0
gpu_tot_FP_DIV_ACC, = 0
gpu_tot_FP_SQRT_ACC, = 0
gpu_tot_FP_LG_ACC, = 0
gpu_tot_FP_SIN_ACC, = 0
gpu_tot_FP_EXP_ACC, = 0
gpu_tot_DP_MUL_ACC, = 0
gpu_tot_DP_DIV_ACC, = 0
gpu_tot_TENSOR_ACC, = 0
gpu_tot_TEX_ACC, = 0
gpu_tot_MEM_RD, = 3.19415e+06
gpu_tot_MEM_WR, = 61036
gpu_tot_MEM_PRE, = 556194
gpu_tot_L2_RH, = 1.09749e+06
gpu_tot_L2_RM, = 3.19415e+06
gpu_tot_L2_WH, = 17605
gpu_tot_L2_WM, = 62424
gpu_tot_NOC_A, = 8.7434e+06
gpu_tot_PIPE_A, = 176.045
gpu_tot_IDLE_CORE_N, = 250.668
gpu_tot_constant_power = 0

Kernel Maximum Power Data:
kernel_max_power = 118.907
gpu_max_IBP, = 0.434433
gpu_max_ICP, = 0
gpu_max_DCP, = 2.18373
gpu_max_TCP, = 0
gpu_max_CCP, = 0
gpu_max_SHRDP, = 0.522446
gpu_max_RFP, = 21.0662
gpu_max_INTP, = 11.7443
gpu_max_FPUP, = 0
gpu_max_DPUP, = 0
gpu_max_INT_MUL24P, = 0
gpu_max_INT_MUL32P, = 4.18276
gpu_max_INT_MULP, = 0
gpu_max_INT_DIVP, = 0
gpu_max_FP_MULP, = 0
gpu_max_FP_DIVP, = 0
gpu_max_FP_SQRTP, = 0
gpu_max_FP_LGP, = 0
gpu_max_FP_SINP, = 0
gpu_max_FP_EXP, = 0
gpu_max_DP_MULP, = 0
gpu_max_DP_DIVP, = 0
gpu_max_TENSORP, = 0
gpu_max_TEXP, = 0
gpu_max_SCHEDP, = 1.27932
gpu_max_L2CP, = 0.425861
gpu_max_MCP, = 1.21353
gpu_max_NOCP, = 1.26425
gpu_max_DRAMP, = 7.66713
gpu_max_PIPEP, = 1.13434
gpu_max_IDLE_COREP, = 0
gpu_max_CONSTP = 32.3252
gpu_max_STATICP = 33.4636
gpu_max_TOT_INST, = 54142
gpu_max_FP_INT, = 54142
gpu_max_IC_H, = 0
gpu_max_IC_M, = 0
gpu_max_DC_RH, = 978
gpu_max_DC_RM, = 3442
gpu_max_DC_WH, = 175
gpu_max_DC_WM, = 695
gpu_max_TC_H, = 0
gpu_max_TC_M, = 0
gpu_max_CC_H, = 0
gpu_max_CC_M, = 0
gpu_max_SHRD_ACC, = 3399
gpu_max_REG_RD, = 2.02662e+06
gpu_max_REG_WR, = 1.56243e+06
gpu_max_NON_REG_OPs, = 722112
gpu_max_INT_ACC, = 1.86284e+07
gpu_max_FPU_ACC, = 0
gpu_max_DPU_ACC, = 0
gpu_max_INT_MUL24_ACC, = 0
gpu_max_INT_MUL32_ACC, = 79234
gpu_max_INT_MUL_ACC, = 0
gpu_max_INT_DIV_ACC, = 0
gpu_max_FP_MUL_ACC, = 0
gpu_max_FP_DIV_ACC, = 0
gpu_max_FP_SQRT_ACC, = 0
gpu_max_FP_LG_ACC, = 0
gpu_max_FP_SIN_ACC, = 0
gpu_max_FP_EXP_ACC, = 0
gpu_max_DP_MUL_ACC, = 0
gpu_max_DP_DIV_ACC, = 0
gpu_max_TENSOR_ACC, = 0
gpu_max_TEX_ACC, = 0
gpu_max_MEM_RD, = 2758
gpu_max_MEM_WR, = 12
gpu_max_MEM_PRE, = 183
gpu_max_L2_RH, = 1634
gpu_max_L2_RM, = 2862
gpu_max_L2_WH, = 262
gpu_max_L2_WM, = 893
gpu_max_NOC_A, = 10757
gpu_max_PIPE_A, = 0.221446
gpu_max_IDLE_CORE_N, = 0
gpu_max_constant_power = 0

Kernel Minimum Power Data:
kernel_min_power = 41.3592
gpu_min_IBP, = 0
gpu_min_ICP, = 0
gpu_min_DCP, = 0
gpu_min_TCP, = 0
gpu_min_CCP, = 0
gpu_min_SHRDP, = 0
gpu_min_RFP, = 0
gpu_min_INTP, = 0
gpu_min_FPUP, = 0
gpu_min_DPUP, = 0
gpu_min_INT_MUL24P, = 0
gpu_min_INT_MUL32P, = 0
gpu_min_INT_MULP, = 0
gpu_min_INT_DIVP, = 0
gpu_min_FP_MULP, = 0
gpu_min_FP_DIVP, = 0
gpu_min_FP_SQRTP, = 0
gpu_min_FP_LGP, = 0
gpu_min_FP_SINP, = 0
gpu_min_FP_EXP, = 0
gpu_min_DP_MULP, = 0
gpu_min_DP_DIVP, = 0
gpu_min_TENSORP, = 0
gpu_min_TEXP, = 0
gpu_min_SCHEDP, = 0
gpu_min_L2CP, = 0
gpu_min_MCP, = 0.55022
gpu_min_NOCP, = 0
gpu_min_DRAMP, = 0
gpu_min_PIPEP, = 0
gpu_min_IDLE_COREP, = 8.48375
gpu_min_CONSTP = 32.3252
gpu_min_STATICP = 0
gpu_min_TOT_INST, = 0
gpu_min_FP_INT, = 0
gpu_min_IC_H, = 0
gpu_min_IC_M, = 0
gpu_min_DC_RH, = 0
gpu_min_DC_RM, = 0
gpu_min_DC_WH, = 0
gpu_min_DC_WM, = 0
gpu_min_TC_H, = 0
gpu_min_TC_M, = 0
gpu_min_CC_H, = 0
gpu_min_CC_M, = 0
gpu_min_SHRD_ACC, = 0
gpu_min_REG_RD, = 0
gpu_min_REG_WR, = 0
gpu_min_NON_REG_OPs, = 0
gpu_min_INT_ACC, = 0
gpu_min_FPU_ACC, = 0
gpu_min_DPU_ACC, = 0
gpu_min_INT_MUL24_ACC, = 0
gpu_min_INT_MUL32_ACC, = 0
gpu_min_INT_MUL_ACC, = 0
gpu_min_INT_DIV_ACC, = 0
gpu_min_FP_MUL_ACC, = 0
gpu_min_FP_DIV_ACC, = 0
gpu_min_FP_SQRT_ACC, = 0
gpu_min_FP_LG_ACC, = 0
gpu_min_FP_SIN_ACC, = 0
gpu_min_FP_EXP_ACC, = 0
gpu_min_DP_MUL_ACC, = 0
gpu_min_DP_DIV_ACC, = 0
gpu_min_TENSOR_ACC, = 0
gpu_min_TEX_ACC, = 0
gpu_min_MEM_RD, = 0
gpu_min_MEM_WR, = 0
gpu_min_MEM_PRE, = 0
gpu_min_L2_RH, = 0
gpu_min_L2_RM, = 0
gpu_min_L2_WH, = 0
gpu_min_L2_WM, = 0
gpu_min_NOC_A, = 0
gpu_min_PIPE_A, = 0
gpu_min_IDLE_CORE_N, = 30
gpu_min_constant_power = 0

Accumulative Power Statistics Over Previous Kernels:
gpu_tot_avg_power = 108.583
gpu_tot_max_power = 121.675
gpu_tot_min_power = 41.3592


kernel_name = _Z14dynproc_kerneliPiS_S_iiii 
kernel_launch_uid = 8 

Kernel Average Power Data:
kernel_avg_power = 108.605
gpu_avg_IBP, = 0.373719
gpu_avg_ICP, = 0
gpu_avg_DCP, = 2.03944
gpu_avg_TCP, = 0
gpu_avg_CCP, = 0
gpu_avg_SHRDP, = 1.13583
gpu_avg_RFP, = 15.6718
gpu_avg_INTP, = 7.86986
gpu_avg_FPUP, = 0
gpu_avg_DPUP, = 0
gpu_avg_INT_MUL24P, = 0
gpu_avg_INT_MUL32P, = 2.16941
gpu_avg_INT_MULP, = 0
gpu_avg_INT_DIVP, = 0
gpu_avg_FP_MULP, = 0
gpu_avg_FP_DIVP, = 0
gpu_avg_FP_SQRTP, = 0
gpu_avg_FP_LGP, = 0
gpu_avg_FP_SINP, = 0
gpu_avg_FP_EXP, = 0
gpu_avg_DP_MULP, = 0
gpu_avg_DP_DIVP, = 0
gpu_avg_TENSORP, = 0
gpu_avg_TEXP, = 0
gpu_avg_SCHEDP, = 1.10053
gpu_avg_L2CP, = 0.149043
gpu_avg_MCP, = 1.16673
gpu_avg_NOCP, = 1.09088
gpu_avg_DRAMP, = 9.65086
gpu_avg_PIPEP, = 0.956328
gpu_avg_IDLE_COREP, = 0.0928231
gpu_avg_CONSTP = 32.3252
gpu_avg_STATICP = 32.813
gpu_avg_TOT_INST, = 46575.3
gpu_avg_FP_INT, = 46575.3
gpu_avg_IC_H, = 0
gpu_avg_IC_M, = 0
gpu_avg_DC_RH, = 1144
gpu_avg_DC_RM, = 3418.09
gpu_avg_DC_WH, = 17.1029
gpu_avg_DC_WM, = 67.9491
gpu_avg_TC_H, = 0
gpu_avg_TC_M, = 0
gpu_avg_CC_H, = 0
gpu_avg_CC_M, = 0
gpu_avg_SHRD_ACC, = 7389.6
gpu_avg_REG_RD, = 1.67593e+06
gpu_avg_REG_WR, = 1.2272e+06
gpu_avg_NON_REG_OPs, = 479735
gpu_avg_INT_ACC, = 1.24828e+07
gpu_avg_FPU_ACC, = 0
gpu_avg_DPU_ACC, = 0
gpu_avg_INT_MUL24_ACC, = 0
gpu_avg_INT_MUL32_ACC, = 41095.2
gpu_avg_INT_MUL_ACC, = 0
gpu_avg_INT_DIV_ACC, = 0
gpu_avg_FP_MUL_ACC, = 0
gpu_avg_FP_DIV_ACC, = 0
gpu_avg_FP_SQRT_ACC, = 0
gpu_avg_FP_LG_ACC, = 0
gpu_avg_FP_SIN_ACC, = 0
gpu_avg_FP_EXP_ACC, = 0
gpu_avg_DP_MUL_ACC, = 0
gpu_avg_DP_DIV_ACC, = 0
gpu_avg_TENSOR_ACC, = 0
gpu_avg_TEX_ACC, = 0
gpu_avg_MEM_RD, = 3388.11
gpu_avg_MEM_WR, = 67.1686
gpu_avg_MEM_PRE, = 560.032
gpu_avg_L2_RH, = 1167.78
gpu_avg_L2_RM, = 3388.11
gpu_avg_L2_WH, = 18.719
gpu_avg_L2_WM, = 66.3595
gpu_avg_NOC_A, = 9281.88
gpu_avg_PIPE_A, = 0.186694
gpu_avg_IDLE_CORE_N, = 0.328239
gpu_avg_constant_power = 0
gpu_avg_threads_per_warp = 30.8301
gpu_tot_TOT_INST, = 4.39205e+07
gpu_tot_FP_INT, = 4.39205e+07
gpu_tot_IC_H, = 0
gpu_tot_IC_M, = 0
gpu_tot_DC_RH, = 1.07879e+06
gpu_tot_DC_RM, = 3.22326e+06
gpu_tot_DC_WH, = 16128
gpu_tot_DC_WM, = 64076
gpu_tot_TC_H, = 0
gpu_tot_TC_M, = 0
gpu_tot_CC_H, = 0
gpu_tot_CC_M, = 0
gpu_tot_SHRD_ACC, = 6.96839e+06
gpu_tot_REG_RD, = 1.5804e+09
gpu_tot_REG_WR, = 1.15725e+09
gpu_tot_NON_REG_OPs, = 4.5239e+08
gpu_tot_INT_ACC, = 1.17713e+10
gpu_tot_FPU_ACC, = 0
gpu_tot_DPU_ACC, = 0
gpu_tot_INT_MUL24_ACC, = 0
gpu_tot_INT_MUL32_ACC, = 3.87528e+07
gpu_tot_INT_MUL_ACC, = 0
gpu_tot_INT_DIV_ACC, = 0
gpu_tot_FP_MUL_ACC, = 0
gpu_tot_FP_DIV_ACC, = 0
gpu_tot_FP_SQRT_ACC, = 0
gpu_tot_FP_LG_ACC, = 0
gpu_tot_FP_SIN_ACC, = 0
gpu_tot_FP_EXP_ACC, = 0
gpu_tot_DP_MUL_ACC, = 0
gpu_tot_DP_DIV_ACC, = 0
gpu_tot_TENSOR_ACC, = 0
gpu_tot_TEX_ACC, = 0
gpu_tot_MEM_RD, = 3.19499e+06
gpu_tot_MEM_WR, = 63340
gpu_tot_MEM_PRE, = 528110
gpu_tot_L2_RH, = 1.10122e+06
gpu_tot_L2_RM, = 3.19499e+06
gpu_tot_L2_WH, = 17652
gpu_tot_L2_WM, = 62577
gpu_tot_NOC_A, = 8.75282e+06
gpu_tot_PIPE_A, = 176.052
gpu_tot_IDLE_CORE_N, = 309.529
gpu_tot_constant_power = 0

Kernel Maximum Power Data:
kernel_max_power = 122.484
gpu_max_IBP, = 0.468912
gpu_max_ICP, = 0
gpu_max_DCP, = 2.26286
gpu_max_TCP, = 0
gpu_max_CCP, = 0
gpu_max_SHRDP, = 0.64372
gpu_max_RFP, = 22.6486
gpu_max_INTP, = 12.8523
gpu_max_FPUP, = 0
gpu_max_DPUP, = 0
gpu_max_INT_MUL24P, = 0
gpu_max_INT_MUL32P, = 4.16861
gpu_max_INT_MULP, = 0
gpu_max_INT_DIVP, = 0
gpu_max_FP_MULP, = 0
gpu_max_FP_DIVP, = 0
gpu_max_FP_SQRTP, = 0
gpu_max_FP_LGP, = 0
gpu_max_FP_SINP, = 0
gpu_max_FP_EXP, = 0
gpu_max_DP_MULP, = 0
gpu_max_DP_DIVP, = 0
gpu_max_TENSORP, = 0
gpu_max_TEXP, = 0
gpu_max_SCHEDP, = 1.38085
gpu_max_L2CP, = 0.357059
gpu_max_MCP, = 1.23548
gpu_max_NOCP, = 1.26695
gpu_max_DRAMP, = 8.1856
gpu_max_PIPEP, = 1.22428
gpu_max_IDLE_COREP, = 0
gpu_max_CONSTP = 32.3252
gpu_max_STATICP = 33.4636
gpu_max_TOT_INST, = 58439
gpu_max_FP_INT, = 58439
gpu_max_IC_H, = 0
gpu_max_IC_M, = 0
gpu_max_DC_RH, = 1051
gpu_max_DC_RM, = 3685
gpu_max_DC_WH, = 135
gpu_max_DC_WM, = 540
gpu_max_TC_H, = 0
gpu_max_TC_M, = 0
gpu_max_CC_H, = 0
gpu_max_CC_M, = 0
gpu_max_SHRD_ACC, = 4188
gpu_max_REG_RD, = 2.23859e+06
gpu_max_REG_WR, = 1.7039e+06
gpu_max_NON_REG_OPs, = 755712
gpu_max_INT_ACC, = 2.03857e+07
gpu_max_FPU_ACC, = 0
gpu_max_DPU_ACC, = 0
gpu_max_INT_MUL24_ACC, = 0
gpu_max_INT_MUL32_ACC, = 78966
gpu_max_INT_MUL_ACC, = 0
gpu_max_INT_DIV_ACC, = 0
gpu_max_FP_MUL_ACC, = 0
gpu_max_FP_DIV_ACC, = 0
gpu_max_FP_SQRT_ACC, = 0
gpu_max_FP_LG_ACC, = 0
gpu_max_FP_SIN_ACC, = 0
gpu_max_FP_EXP_ACC, = 0
gpu_max_DP_MUL_ACC, = 0
gpu_max_DP_DIV_ACC, = 0
gpu_max_TENSOR_ACC, = 0
gpu_max_TEX_ACC, = 0
gpu_max_MEM_RD, = 2862
gpu_max_MEM_WR, = 198
gpu_max_MEM_PRE, = 73
gpu_max_L2_RH, = 1702
gpu_max_L2_RM, = 2884
gpu_max_L2_WH, = 189
gpu_max_L2_WM, = 620
gpu_max_NOC_A, = 10780
gpu_max_PIPE_A, = 0.239004
gpu_max_IDLE_CORE_N, = 0
gpu_max_constant_power = 0

Kernel Minimum Power Data:
kernel_min_power = 41.3592
gpu_min_IBP, = 0
gpu_min_ICP, = 0
gpu_min_DCP, = 0
gpu_min_TCP, = 0
gpu_min_CCP, = 0
gpu_min_SHRDP, = 0
gpu_min_RFP, = 0
gpu_min_INTP, = 0
gpu_min_FPUP, = 0
gpu_min_DPUP, = 0
gpu_min_INT_MUL24P, = 0
gpu_min_INT_MUL32P, = 0
gpu_min_INT_MULP, = 0
gpu_min_INT_DIVP, = 0
gpu_min_FP_MULP, = 0
gpu_min_FP_DIVP, = 0
gpu_min_FP_SQRTP, = 0
gpu_min_FP_LGP, = 0
gpu_min_FP_SINP, = 0
gpu_min_FP_EXP, = 0
gpu_min_DP_MULP, = 0
gpu_min_DP_DIVP, = 0
gpu_min_TENSORP, = 0
gpu_min_TEXP, = 0
gpu_min_SCHEDP, = 0
gpu_min_L2CP, = 0
gpu_min_MCP, = 0.55022
gpu_min_NOCP, = 0
gpu_min_DRAMP, = 0
gpu_min_PIPEP, = 0
gpu_min_IDLE_COREP, = 8.48375
gpu_min_CONSTP = 32.3252
gpu_min_STATICP = 0
gpu_min_TOT_INST, = 0
gpu_min_FP_INT, = 0
gpu_min_IC_H, = 0
gpu_min_IC_M, = 0
gpu_min_DC_RH, = 0
gpu_min_DC_RM, = 0
gpu_min_DC_WH, = 0
gpu_min_DC_WM, = 0
gpu_min_TC_H, = 0
gpu_min_TC_M, = 0
gpu_min_CC_H, = 0
gpu_min_CC_M, = 0
gpu_min_SHRD_ACC, = 0
gpu_min_REG_RD, = 0
gpu_min_REG_WR, = 0
gpu_min_NON_REG_OPs, = 0
gpu_min_INT_ACC, = 0
gpu_min_FPU_ACC, = 0
gpu_min_DPU_ACC, = 0
gpu_min_INT_MUL24_ACC, = 0
gpu_min_INT_MUL32_ACC, = 0
gpu_min_INT_MUL_ACC, = 0
gpu_min_INT_DIV_ACC, = 0
gpu_min_FP_MUL_ACC, = 0
gpu_min_FP_DIV_ACC, = 0
gpu_min_FP_SQRT_ACC, = 0
gpu_min_FP_LG_ACC, = 0
gpu_min_FP_SIN_ACC, = 0
gpu_min_FP_EXP_ACC, = 0
gpu_min_DP_MUL_ACC, = 0
gpu_min_DP_DIV_ACC, = 0
gpu_min_TENSOR_ACC, = 0
gpu_min_TEX_ACC, = 0
gpu_min_MEM_RD, = 0
gpu_min_MEM_WR, = 0
gpu_min_MEM_PRE, = 0
gpu_min_L2_RH, = 0
gpu_min_L2_RM, = 0
gpu_min_L2_WH, = 0
gpu_min_L2_WM, = 0
gpu_min_NOC_A, = 0
gpu_min_PIPE_A, = 0
gpu_min_IDLE_CORE_N, = 30
gpu_min_constant_power = 0

Accumulative Power Statistics Over Previous Kernels:
gpu_tot_avg_power = 108.585
gpu_tot_max_power = 122.484
gpu_tot_min_power = 41.3592


kernel_name = _Z14dynproc_kerneliPiS_S_iiii 
kernel_launch_uid = 9 

Kernel Average Power Data:
kernel_avg_power = 108.572
gpu_avg_IBP, = 0.373709
gpu_avg_ICP, = 0
gpu_avg_DCP, = 2.03896
gpu_avg_TCP, = 0
gpu_avg_CCP, = 0
gpu_avg_SHRDP, = 1.1358
gpu_avg_RFP, = 15.6713
gpu_avg_INTP, = 7.86967
gpu_avg_FPUP, = 0
gpu_avg_DPUP, = 0
gpu_avg_INT_MUL24P, = 0
gpu_avg_INT_MUL32P, = 2.16933
gpu_avg_INT_MULP, = 0
gpu_avg_INT_DIVP, = 0
gpu_avg_FP_MULP, = 0
gpu_avg_FP_DIVP, = 0
gpu_avg_FP_SQRTP, = 0
gpu_avg_FP_LGP, = 0
gpu_avg_FP_SINP, = 0
gpu_avg_FP_EXP, = 0
gpu_avg_DP_MULP, = 0
gpu_avg_DP_DIVP, = 0
gpu_avg_TENSORP, = 0
gpu_avg_TEXP, = 0
gpu_avg_SCHEDP, = 1.1005
gpu_avg_L2CP, = 0.148352
gpu_avg_MCP, = 1.16593
gpu_avg_NOCP, = 1.08902
gpu_avg_DRAMP, = 9.64846
gpu_avg_PIPEP, = 0.956302
gpu_avg_IDLE_COREP, = 0.105039
gpu_avg_CONSTP = 32.3252
gpu_avg_STATICP = 32.7744
gpu_avg_TOT_INST, = 46574.1
gpu_avg_FP_INT, = 46574.1
gpu_avg_IC_H, = 0
gpu_avg_IC_M, = 0
gpu_avg_DC_RH, = 1151.69
gpu_avg_DC_RM, = 3404.43
gpu_avg_DC_WH, = 17.0976
gpu_avg_DC_WM, = 67.8749
gpu_avg_TC_H, = 0
gpu_avg_TC_M, = 0
gpu_avg_CC_H, = 0
gpu_avg_CC_M, = 0
gpu_avg_SHRD_ACC, = 7389.45
gpu_avg_REG_RD, = 1.67589e+06
gpu_avg_REG_WR, = 1.22711e+06
gpu_avg_NON_REG_OPs, = 479722
gpu_avg_INT_ACC, = 1.24825e+07
gpu_avg_FPU_ACC, = 0
gpu_avg_DPU_ACC, = 0
gpu_avg_INT_MUL24_ACC, = 0
gpu_avg_INT_MUL32_ACC, = 41093.7
gpu_avg_INT_MUL_ACC, = 0
gpu_avg_INT_DIV_ACC, = 0
gpu_avg_FP_MUL_ACC, = 0
gpu_avg_FP_DIV_ACC, = 0
gpu_avg_FP_SQRT_ACC, = 0
gpu_avg_FP_LG_ACC, = 0
gpu_avg_FP_SIN_ACC, = 0
gpu_avg_FP_EXP_ACC, = 0
gpu_avg_DP_MUL_ACC, = 0
gpu_avg_DP_DIV_ACC, = 0
gpu_avg_TENSOR_ACC, = 0
gpu_avg_TEX_ACC, = 0
gpu_avg_MEM_RD, = 3387.31
gpu_avg_MEM_WR, = 65.0223
gpu_avg_MEM_PRE, = 566.8
gpu_avg_L2_RH, = 1160.73
gpu_avg_L2_RM, = 3387.31
gpu_avg_L2_WH, = 18.6946
gpu_avg_L2_WM, = 66.2778
gpu_avg_NOC_A, = 9266.05
gpu_avg_PIPE_A, = 0.186689
gpu_avg_IDLE_CORE_N, = 0.371437
gpu_avg_constant_power = 0
gpu_avg_threads_per_warp = 30.8583
gpu_tot_TOT_INST, = 4.39194e+07
gpu_tot_FP_INT, = 4.39194e+07
gpu_tot_IC_H, = 0
gpu_tot_IC_M, = 0
gpu_tot_DC_RH, = 1.08604e+06
gpu_tot_DC_RM, = 3.21038e+06
gpu_tot_DC_WH, = 16123
gpu_tot_DC_WM, = 64006
gpu_tot_TC_H, = 0
gpu_tot_TC_M, = 0
gpu_tot_CC_H, = 0
gpu_tot_CC_M, = 0
gpu_tot_SHRD_ACC, = 6.96825e+06
gpu_tot_REG_RD, = 1.58037e+09
gpu_tot_REG_WR, = 1.15716e+09
gpu_tot_NON_REG_OPs, = 4.52378e+08
gpu_tot_INT_ACC, = 1.1771e+10
gpu_tot_FPU_ACC, = 0
gpu_tot_DPU_ACC, = 0
gpu_tot_INT_MUL24_ACC, = 0
gpu_tot_INT_MUL32_ACC, = 3.87514e+07
gpu_tot_INT_MUL_ACC, = 0
gpu_tot_INT_DIV_ACC, = 0
gpu_tot_FP_MUL_ACC, = 0
gpu_tot_FP_DIV_ACC, = 0
gpu_tot_FP_SQRT_ACC, = 0
gpu_tot_FP_LG_ACC, = 0
gpu_tot_FP_SIN_ACC, = 0
gpu_tot_FP_EXP_ACC, = 0
gpu_tot_DP_MUL_ACC, = 0
gpu_tot_DP_DIV_ACC, = 0
gpu_tot_TENSOR_ACC, = 0
gpu_tot_TEX_ACC, = 0
gpu_tot_MEM_RD, = 3.19423e+06
gpu_tot_MEM_WR, = 61316
gpu_tot_MEM_PRE, = 534492
gpu_tot_L2_RH, = 1.09457e+06
gpu_tot_L2_RM, = 3.19423e+06
gpu_tot_L2_WH, = 17629
gpu_tot_L2_WM, = 62500
gpu_tot_NOC_A, = 8.73789e+06
gpu_tot_PIPE_A, = 176.048
gpu_tot_IDLE_CORE_N, = 350.265
gpu_tot_constant_power = 0

Kernel Maximum Power Data:
kernel_max_power = 121.02
gpu_max_IBP, = 0.460166
gpu_max_ICP, = 0
gpu_max_DCP, = 2.37115
gpu_max_TCP, = 0
gpu_max_CCP, = 0
gpu_max_SHRDP, = 0.809723
gpu_max_RFP, = 21.9746
gpu_max_INTP, = 12.3971
gpu_max_FPUP, = 0
gpu_max_DPUP, = 0
gpu_max_INT_MUL24P, = 0
gpu_max_INT_MUL32P, = 3.82415
gpu_max_INT_MULP, = 0
gpu_max_INT_DIVP, = 0
gpu_max_FP_MULP, = 0
gpu_max_FP_DIVP, = 0
gpu_max_FP_SQRTP, = 0
gpu_max_FP_LGP, = 0
gpu_max_FP_SINP, = 0
gpu_max_FP_EXP, = 0
gpu_max_DP_MULP, = 0
gpu_max_DP_DIVP, = 0
gpu_max_TENSORP, = 0
gpu_max_TEXP, = 0
gpu_max_SCHEDP, = 1.3551
gpu_max_L2CP, = 0.321838
gpu_max_MCP, = 1.2166
gpu_max_NOCP, = 1.29022
gpu_max_DRAMP, = 8.00801
gpu_max_PIPEP, = 1.20296
gpu_max_IDLE_COREP, = 0
gpu_max_CONSTP = 32.3252
gpu_max_STATICP = 33.4636
gpu_max_TOT_INST, = 57349
gpu_max_FP_INT, = 57349
gpu_max_IC_H, = 0
gpu_max_IC_M, = 0
gpu_max_DC_RH, = 1146
gpu_max_DC_RM, = 4053
gpu_max_DC_WH, = 75
gpu_max_DC_WM, = 300
gpu_max_TC_H, = 0
gpu_max_TC_M, = 0
gpu_max_CC_H, = 0
gpu_max_CC_M, = 0
gpu_max_SHRD_ACC, = 5268
gpu_max_REG_RD, = 2.23738e+06
gpu_max_REG_WR, = 1.69082e+06
gpu_max_NON_REG_OPs, = 708160
gpu_max_INT_ACC, = 1.96638e+07
gpu_max_FPU_ACC, = 0
gpu_max_DPU_ACC, = 0
gpu_max_INT_MUL24_ACC, = 0
gpu_max_INT_MUL32_ACC, = 72441
gpu_max_INT_MUL_ACC, = 0
gpu_max_INT_DIV_ACC, = 0
gpu_max_FP_MUL_ACC, = 0
gpu_max_FP_DIV_ACC, = 0
gpu_max_FP_SQRT_ACC, = 0
gpu_max_FP_LG_ACC, = 0
gpu_max_FP_SIN_ACC, = 0
gpu_max_FP_EXP_ACC, = 0
gpu_max_DP_MUL_ACC, = 0
gpu_max_DP_DIV_ACC, = 0
gpu_max_TENSOR_ACC, = 0
gpu_max_TEX_ACC, = 0
gpu_max_MEM_RD, = 2902
gpu_max_MEM_WR, = 0
gpu_max_MEM_PRE, = 104
gpu_max_L2_RH, = 1877
gpu_max_L2_RM, = 3099
gpu_max_L2_WH, = 129
gpu_max_L2_WM, = 446
gpu_max_NOC_A, = 10978
gpu_max_PIPE_A, = 0.234842
gpu_max_IDLE_CORE_N, = 0
gpu_max_constant_power = 0

Kernel Minimum Power Data:
kernel_min_power = 41.3592
gpu_min_IBP, = 0
gpu_min_ICP, = 0
gpu_min_DCP, = 0
gpu_min_TCP, = 0
gpu_min_CCP, = 0
gpu_min_SHRDP, = 0
gpu_min_RFP, = 0
gpu_min_INTP, = 0
gpu_min_FPUP, = 0
gpu_min_DPUP, = 0
gpu_min_INT_MUL24P, = 0
gpu_min_INT_MUL32P, = 0
gpu_min_INT_MULP, = 0
gpu_min_INT_DIVP, = 0
gpu_min_FP_MULP, = 0
gpu_min_FP_DIVP, = 0
gpu_min_FP_SQRTP, = 0
gpu_min_FP_LGP, = 0
gpu_min_FP_SINP, = 0
gpu_min_FP_EXP, = 0
gpu_min_DP_MULP, = 0
gpu_min_DP_DIVP, = 0
gpu_min_TENSORP, = 0
gpu_min_TEXP, = 0
gpu_min_SCHEDP, = 0
gpu_min_L2CP, = 0
gpu_min_MCP, = 0.55022
gpu_min_NOCP, = 0
gpu_min_DRAMP, = 0
gpu_min_PIPEP, = 0
gpu_min_IDLE_COREP, = 8.48375
gpu_min_CONSTP = 32.3252
gpu_min_STATICP = 0
gpu_min_TOT_INST, = 0
gpu_min_FP_INT, = 0
gpu_min_IC_H, = 0
gpu_min_IC_M, = 0
gpu_min_DC_RH, = 0
gpu_min_DC_RM, = 0
gpu_min_DC_WH, = 0
gpu_min_DC_WM, = 0
gpu_min_TC_H, = 0
gpu_min_TC_M, = 0
gpu_min_CC_H, = 0
gpu_min_CC_M, = 0
gpu_min_SHRD_ACC, = 0
gpu_min_REG_RD, = 0
gpu_min_REG_WR, = 0
gpu_min_NON_REG_OPs, = 0
gpu_min_INT_ACC, = 0
gpu_min_FPU_ACC, = 0
gpu_min_DPU_ACC, = 0
gpu_min_INT_MUL24_ACC, = 0
gpu_min_INT_MUL32_ACC, = 0
gpu_min_INT_MUL_ACC, = 0
gpu_min_INT_DIV_ACC, = 0
gpu_min_FP_MUL_ACC, = 0
gpu_min_FP_DIV_ACC, = 0
gpu_min_FP_SQRT_ACC, = 0
gpu_min_FP_LG_ACC, = 0
gpu_min_FP_SIN_ACC, = 0
gpu_min_FP_EXP_ACC, = 0
gpu_min_DP_MUL_ACC, = 0
gpu_min_DP_DIV_ACC, = 0
gpu_min_TENSOR_ACC, = 0
gpu_min_TEX_ACC, = 0
gpu_min_MEM_RD, = 0
gpu_min_MEM_WR, = 0
gpu_min_MEM_PRE, = 0
gpu_min_L2_RH, = 0
gpu_min_L2_RM, = 0
gpu_min_L2_WH, = 0
gpu_min_L2_WM, = 0
gpu_min_NOC_A, = 0
gpu_min_PIPE_A, = 0
gpu_min_IDLE_CORE_N, = 30
gpu_min_constant_power = 0

Accumulative Power Statistics Over Previous Kernels:
gpu_tot_avg_power = 108.584
gpu_tot_max_power = 122.484
gpu_tot_min_power = 41.3592


kernel_name = _Z14dynproc_kerneliPiS_S_iiii 
kernel_launch_uid = 10 

Kernel Average Power Data:
kernel_avg_power = 108.195
gpu_avg_IBP, = 0.371895
gpu_avg_ICP, = 0
gpu_avg_DCP, = 1.95462
gpu_avg_TCP, = 0
gpu_avg_CCP, = 0
gpu_avg_SHRDP, = 1.12184
gpu_avg_RFP, = 15.5434
gpu_avg_INTP, = 7.83746
gpu_avg_FPUP, = 0
gpu_avg_DPUP, = 0
gpu_avg_INT_MUL24P, = 0
gpu_avg_INT_MUL32P, = 2.14716
gpu_avg_INT_MULP, = 0
gpu_avg_INT_DIVP, = 0
gpu_avg_FP_MULP, = 0
gpu_avg_FP_DIVP, = 0
gpu_avg_FP_SQRTP, = 0
gpu_avg_FP_LGP, = 0
gpu_avg_FP_SINP, = 0
gpu_avg_FP_EXP, = 0
gpu_avg_DP_MULP, = 0
gpu_avg_DP_DIVP, = 0
gpu_avg_TENSORP, = 0
gpu_avg_TEXP, = 0
gpu_avg_SCHEDP, = 1.09515
gpu_avg_L2CP, = 0.144356
gpu_avg_MCP, = 1.16476
gpu_avg_NOCP, = 1.07858
gpu_avg_DRAMP, = 9.63173
gpu_avg_PIPEP, = 0.959487
gpu_avg_IDLE_COREP, = 0.125662
gpu_avg_CONSTP = 32.3252
gpu_avg_STATICP = 32.6939
gpu_avg_TOT_INST, = 46348
gpu_avg_FP_INT, = 46348
gpu_avg_IC_H, = 0
gpu_avg_IC_M, = 0
gpu_avg_DC_RH, = 864.753
gpu_avg_DC_RM, = 3646.73
gpu_avg_DC_WH, = 12.9817
gpu_avg_DC_WM, = 70.6818
gpu_avg_TC_H, = 0
gpu_avg_TC_M, = 0
gpu_avg_CC_H, = 0
gpu_avg_CC_M, = 0
gpu_avg_SHRD_ACC, = 7298.63
gpu_avg_REG_RD, = 1.66489e+06
gpu_avg_REG_WR, = 1.21054e+06
gpu_avg_NON_REG_OPs, = 476563
gpu_avg_INT_ACC, = 1.24314e+07
gpu_avg_FPU_ACC, = 0
gpu_avg_DPU_ACC, = 0
gpu_avg_INT_MUL24_ACC, = 0
gpu_avg_INT_MUL32_ACC, = 40673.7
gpu_avg_INT_MUL_ACC, = 0
gpu_avg_INT_DIV_ACC, = 0
gpu_avg_FP_MUL_ACC, = 0
gpu_avg_FP_DIV_ACC, = 0
gpu_avg_FP_SQRT_ACC, = 0
gpu_avg_FP_LG_ACC, = 0
gpu_avg_FP_SIN_ACC, = 0
gpu_avg_FP_EXP_ACC, = 0
gpu_avg_DP_MUL_ACC, = 0
gpu_avg_DP_DIV_ACC, = 0
gpu_avg_TENSOR_ACC, = 0
gpu_avg_TEX_ACC, = 0
gpu_avg_MEM_RD, = 3378.6
gpu_avg_MEM_WR, = 67.6613
gpu_avg_MEM_PRE, = 573.743
gpu_avg_L2_RH, = 1126.35
gpu_avg_L2_RM, = 3378.6
gpu_avg_L2_WH, = 16.1909
gpu_avg_L2_WM, = 67.4444
gpu_avg_NOC_A, = 9177.18
gpu_avg_PIPE_A, = 0.187311
gpu_avg_IDLE_CORE_N, = 0.444362
gpu_avg_constant_power = 0
gpu_avg_threads_per_warp = 30.8757
gpu_tot_TOT_INST, = 4.29646e+07
gpu_tot_FP_INT, = 4.29646e+07
gpu_tot_IC_H, = 0
gpu_tot_IC_M, = 0
gpu_tot_DC_RH, = 801626
gpu_tot_DC_RM, = 3.38052e+06
gpu_tot_DC_WH, = 12034
gpu_tot_DC_WM, = 65522
gpu_tot_TC_H, = 0
gpu_tot_TC_M, = 0
gpu_tot_CC_H, = 0
gpu_tot_CC_M, = 0
gpu_tot_SHRD_ACC, = 6.76583e+06
gpu_tot_REG_RD, = 1.54335e+09
gpu_tot_REG_WR, = 1.12217e+09
gpu_tot_NON_REG_OPs, = 4.41773e+08
gpu_tot_INT_ACC, = 1.15239e+10
gpu_tot_FPU_ACC, = 0
gpu_tot_DPU_ACC, = 0
gpu_tot_INT_MUL24_ACC, = 0
gpu_tot_INT_MUL32_ACC, = 3.77045e+07
gpu_tot_INT_MUL_ACC, = 0
gpu_tot_INT_DIV_ACC, = 0
gpu_tot_FP_MUL_ACC, = 0
gpu_tot_FP_DIV_ACC, = 0
gpu_tot_FP_SQRT_ACC, = 0
gpu_tot_FP_LG_ACC, = 0
gpu_tot_FP_SIN_ACC, = 0
gpu_tot_FP_EXP_ACC, = 0
gpu_tot_DP_MUL_ACC, = 0
gpu_tot_DP_DIV_ACC, = 0
gpu_tot_TENSOR_ACC, = 0
gpu_tot_TEX_ACC, = 0
gpu_tot_MEM_RD, = 3.13196e+06
gpu_tot_MEM_WR, = 62722
gpu_tot_MEM_PRE, = 531860
gpu_tot_L2_RH, = 1.04413e+06
gpu_tot_L2_RM, = 3.13196e+06
gpu_tot_L2_WH, = 15009
gpu_tot_L2_WM, = 62521
gpu_tot_NOC_A, = 8.50724e+06
gpu_tot_PIPE_A, = 173.637
gpu_tot_IDLE_CORE_N, = 411.924
gpu_tot_constant_power = 0

Kernel Maximum Power Data:
kernel_max_power = 118.439
gpu_max_IBP, = 0.440853
gpu_max_ICP, = 0
gpu_max_DCP, = 2.21613
gpu_max_TCP, = 0
gpu_max_CCP, = 0
gpu_max_SHRDP, = 0.719805
gpu_max_RFP, = 20.7162
gpu_max_INTP, = 11.2612
gpu_max_FPUP, = 0
gpu_max_DPUP, = 0
gpu_max_INT_MUL24P, = 0
gpu_max_INT_MUL32P, = 3.9235
gpu_max_INT_MULP, = 0
gpu_max_INT_DIVP, = 0
gpu_max_FP_MULP, = 0
gpu_max_FP_DIVP, = 0
gpu_max_FP_SQRTP, = 0
gpu_max_FP_LGP, = 0
gpu_max_FP_SINP, = 0
gpu_max_FP_EXP, = 0
gpu_max_DP_MULP, = 0
gpu_max_DP_DIVP, = 0
gpu_max_TENSORP, = 0
gpu_max_TEXP, = 0
gpu_max_SCHEDP, = 1.29822
gpu_max_L2CP, = 0.384803
gpu_max_MCP, = 1.24225
gpu_max_NOCP, = 1.26343
gpu_max_DRAMP, = 8.0415
gpu_max_PIPEP, = 1.14185
gpu_max_IDLE_COREP, = 0
gpu_max_CONSTP = 32.3252
gpu_max_STATICP = 33.4636
gpu_max_TOT_INST, = 54942
gpu_max_FP_INT, = 54942
gpu_max_IC_H, = 0
gpu_max_IC_M, = 0
gpu_max_DC_RH, = 827
gpu_max_DC_RM, = 3754
gpu_max_DC_WH, = 137
gpu_max_DC_WM, = 718
gpu_max_TC_H, = 0
gpu_max_TC_M, = 0
gpu_max_CC_H, = 0
gpu_max_CC_M, = 0
gpu_max_SHRD_ACC, = 4683
gpu_max_REG_RD, = 2.02682e+06
gpu_max_REG_WR, = 1.52774e+06
gpu_max_NON_REG_OPs, = 703328
gpu_max_INT_ACC, = 1.7862e+07
gpu_max_FPU_ACC, = 0
gpu_max_DPU_ACC, = 0
gpu_max_INT_MUL24_ACC, = 0
gpu_max_INT_MUL32_ACC, = 74323
gpu_max_INT_MUL_ACC, = 0
gpu_max_INT_DIV_ACC, = 0
gpu_max_FP_MUL_ACC, = 0
gpu_max_FP_DIV_ACC, = 0
gpu_max_FP_SQRT_ACC, = 0
gpu_max_FP_LG_ACC, = 0
gpu_max_FP_SIN_ACC, = 0
gpu_max_FP_EXP_ACC, = 0
gpu_max_DP_MUL_ACC, = 0
gpu_max_DP_DIV_ACC, = 0
gpu_max_TENSOR_ACC, = 0
gpu_max_TEX_ACC, = 0
gpu_max_MEM_RD, = 2838
gpu_max_MEM_WR, = 72
gpu_max_MEM_PRE, = 323
gpu_max_L2_RH, = 1582
gpu_max_L2_RM, = 2823
gpu_max_L2_WH, = 215
gpu_max_L2_WM, = 788
gpu_max_NOC_A, = 10750
gpu_max_PIPE_A, = 0.222913
gpu_max_IDLE_CORE_N, = 0
gpu_max_constant_power = 0

Kernel Minimum Power Data:
kernel_min_power = 41.3592
gpu_min_IBP, = 0
gpu_min_ICP, = 0
gpu_min_DCP, = 0
gpu_min_TCP, = 0
gpu_min_CCP, = 0
gpu_min_SHRDP, = 0
gpu_min_RFP, = 0
gpu_min_INTP, = 0
gpu_min_FPUP, = 0
gpu_min_DPUP, = 0
gpu_min_INT_MUL24P, = 0
gpu_min_INT_MUL32P, = 0
gpu_min_INT_MULP, = 0
gpu_min_INT_DIVP, = 0
gpu_min_FP_MULP, = 0
gpu_min_FP_DIVP, = 0
gpu_min_FP_SQRTP, = 0
gpu_min_FP_LGP, = 0
gpu_min_FP_SINP, = 0
gpu_min_FP_EXP, = 0
gpu_min_DP_MULP, = 0
gpu_min_DP_DIVP, = 0
gpu_min_TENSORP, = 0
gpu_min_TEXP, = 0
gpu_min_SCHEDP, = 0
gpu_min_L2CP, = 0
gpu_min_MCP, = 0.55022
gpu_min_NOCP, = 0
gpu_min_DRAMP, = 0
gpu_min_PIPEP, = 0
gpu_min_IDLE_COREP, = 8.48375
gpu_min_CONSTP = 32.3252
gpu_min_STATICP = 0
gpu_min_TOT_INST, = 0
gpu_min_FP_INT, = 0
gpu_min_IC_H, = 0
gpu_min_IC_M, = 0
gpu_min_DC_RH, = 0
gpu_min_DC_RM, = 0
gpu_min_DC_WH, = 0
gpu_min_DC_WM, = 0
gpu_min_TC_H, = 0
gpu_min_TC_M, = 0
gpu_min_CC_H, = 0
gpu_min_CC_M, = 0
gpu_min_SHRD_ACC, = 0
gpu_min_REG_RD, = 0
gpu_min_REG_WR, = 0
gpu_min_NON_REG_OPs, = 0
gpu_min_INT_ACC, = 0
gpu_min_FPU_ACC, = 0
gpu_min_DPU_ACC, = 0
gpu_min_INT_MUL24_ACC, = 0
gpu_min_INT_MUL32_ACC, = 0
gpu_min_INT_MUL_ACC, = 0
gpu_min_INT_DIV_ACC, = 0
gpu_min_FP_MUL_ACC, = 0
gpu_min_FP_DIV_ACC, = 0
gpu_min_FP_SQRT_ACC, = 0
gpu_min_FP_LG_ACC, = 0
gpu_min_FP_SIN_ACC, = 0
gpu_min_FP_EXP_ACC, = 0
gpu_min_DP_MUL_ACC, = 0
gpu_min_DP_DIV_ACC, = 0
gpu_min_TENSOR_ACC, = 0
gpu_min_TEX_ACC, = 0
gpu_min_MEM_RD, = 0
gpu_min_MEM_WR, = 0
gpu_min_MEM_PRE, = 0
gpu_min_L2_RH, = 0
gpu_min_L2_RM, = 0
gpu_min_L2_WH, = 0
gpu_min_L2_WM, = 0
gpu_min_NOC_A, = 0
gpu_min_PIPE_A, = 0
gpu_min_IDLE_CORE_N, = 30
gpu_min_constant_power = 0

Accumulative Power Statistics Over Previous Kernels:
gpu_tot_avg_power = 108.546
gpu_tot_max_power = 122.484
gpu_tot_min_power = 41.3592


