kernel_name = _Z18spmv_vector_kernelILi128ELi2EEviPKmPKiPKfS5_Pf 
kernel_launch_uid = 1 

Kernel Average Power Data:
kernel_avg_power = 91.5991
gpu_avg_IBP, = 0.173198
gpu_avg_ICP, = 0
gpu_avg_DCP, = 1.86945
gpu_avg_TCP, = 0.118215
gpu_avg_CCP, = 0
gpu_avg_SHRDP, = 0.390493
gpu_avg_RFP, = 7.33689
gpu_avg_INTP, = 1.76118
gpu_avg_FPUP, = 0.548989
gpu_avg_DPUP, = 0
gpu_avg_INT_MUL24P, = 0
gpu_avg_INT_MUL32P, = 1.67441
gpu_avg_INT_MULP, = 0
gpu_avg_INT_DIVP, = 0
gpu_avg_FP_MULP, = 0.0338479
gpu_avg_FP_DIVP, = 0
gpu_avg_FP_SQRTP, = 0
gpu_avg_FP_LGP, = 0
gpu_avg_FP_SINP, = 0
gpu_avg_FP_EXP, = 0
gpu_avg_DP_MULP, = 0
gpu_avg_DP_DIVP, = 0
gpu_avg_TENSORP, = 0
gpu_avg_TEXP, = 0.0627936
gpu_avg_SCHEDP, = 0.449984
gpu_avg_L2CP, = 0.388737
gpu_avg_MCP, = 1.32734
gpu_avg_NOCP, = 1.43071
gpu_avg_DRAMP, = 16.2645
gpu_avg_PIPEP, = 0.416086
gpu_avg_IDLE_COREP, = 0.044961
gpu_avg_CONSTP = 32.3252
gpu_avg_STATICP = 24.9821
gpu_avg_TOT_INST, = 21585.1
gpu_avg_FP_INT, = 19043.8
gpu_avg_IC_H, = 0
gpu_avg_IC_M, = 0
gpu_avg_DC_RH, = 1124.02
gpu_avg_DC_RM, = 2988.35
gpu_avg_DC_WH, = 725.857
gpu_avg_DC_WM, = 0
gpu_avg_TC_H, = 519.205
gpu_avg_TC_M, = 605.708
gpu_avg_CC_H, = 0
gpu_avg_CC_M, = 0
gpu_avg_SHRD_ACC, = 2540.52
gpu_avg_REG_RD, = 696202
gpu_avg_REG_WR, = 578338
gpu_avg_NON_REG_OPs, = 246463
gpu_avg_INT_ACC, = 2.79351e+06
gpu_avg_FPU_ACC, = 21332.3
gpu_avg_DPU_ACC, = 0
gpu_avg_INT_MUL24_ACC, = 0
gpu_avg_INT_MUL32_ACC, = 31718.4
gpu_avg_INT_MUL_ACC, = 0
gpu_avg_INT_DIV_ACC, = 0
gpu_avg_FP_MUL_ACC, = 641.182
gpu_avg_FP_DIV_ACC, = 0
gpu_avg_FP_SQRT_ACC, = 0
gpu_avg_FP_LG_ACC, = 0
gpu_avg_FP_SIN_ACC, = 0
gpu_avg_FP_EXP_ACC, = 0
gpu_avg_DP_MUL_ACC, = 0
gpu_avg_DP_DIV_ACC, = 0
gpu_avg_TENSOR_ACC, = 0
gpu_avg_TEX_ACC, = 1189.5
gpu_avg_MEM_RD, = 5322.34
gpu_avg_MEM_WR, = 717.256
gpu_avg_MEM_PRE, = 1260.48
gpu_avg_L2_RH, = 947.026
gpu_avg_L2_RM, = 5322.35
gpu_avg_L2_WH, = 725.857
gpu_avg_L2_WM, = 0
gpu_avg_NOC_A, = 12173.3
gpu_avg_PIPE_A, = 0.0812282
gpu_avg_IDLE_CORE_N, = 0.15899
gpu_avg_constant_power = 0
gpu_avg_threads_per_warp = 20.5905
gpu_tot_TOT_INST, = 4.44222e+07
gpu_tot_FP_INT, = 3.91921e+07
gpu_tot_IC_H, = 0
gpu_tot_IC_M, = 0
gpu_tot_DC_RH, = 2.31323e+06
gpu_tot_DC_RM, = 6.15002e+06
gpu_tot_DC_WH, = 1.49381e+06
gpu_tot_DC_WM, = 0
gpu_tot_TC_H, = 1.06852e+06
gpu_tot_TC_M, = 1.24655e+06
gpu_tot_CC_H, = 0
gpu_tot_CC_M, = 0
gpu_tot_SHRD_ACC, = 5.2284e+06
gpu_tot_REG_RD, = 1.43278e+09
gpu_tot_REG_WR, = 1.19022e+09
gpu_tot_NON_REG_OPs, = 5.07221e+08
gpu_tot_INT_ACC, = 5.74904e+09
gpu_tot_FPU_ACC, = 4.39019e+07
gpu_tot_DPU_ACC, = 0
gpu_tot_INT_MUL24_ACC, = 0
gpu_tot_INT_MUL32_ACC, = 6.52765e+07
gpu_tot_INT_MUL_ACC, = 0
gpu_tot_INT_DIV_ACC, = 0
gpu_tot_FP_MUL_ACC, = 1.31955e+06
gpu_tot_FP_DIV_ACC, = 0
gpu_tot_FP_SQRT_ACC, = 0
gpu_tot_FP_LG_ACC, = 0
gpu_tot_FP_SIN_ACC, = 0
gpu_tot_FP_EXP_ACC, = 0
gpu_tot_DP_MUL_ACC, = 0
gpu_tot_DP_DIV_ACC, = 0
gpu_tot_TENSOR_ACC, = 0
gpu_tot_TEX_ACC, = 2.44799e+06
gpu_tot_MEM_RD, = 1.09534e+07
gpu_tot_MEM_WR, = 1.47611e+06
gpu_tot_MEM_PRE, = 2.59408e+06
gpu_tot_L2_RH, = 1.94898e+06
gpu_tot_L2_RM, = 1.09534e+07
gpu_tot_L2_WH, = 1.49381e+06
gpu_tot_L2_WM, = 0
gpu_tot_NOC_A, = 2.50527e+07
gpu_tot_PIPE_A, = 167.168
gpu_tot_IDLE_CORE_N, = 327.201
gpu_tot_constant_power = 0

Kernel Maximum Power Data:
kernel_max_power = 104.761
gpu_max_IBP, = 0.310768
gpu_max_ICP, = 0
gpu_max_DCP, = 1.71156
gpu_max_TCP, = 0
gpu_max_CCP, = 0
gpu_max_SHRDP, = 0.0401172
gpu_max_RFP, = 16.3307
gpu_max_INTP, = 8.42886
gpu_max_FPUP, = 0.421365
gpu_max_DPUP, = 0
gpu_max_INT_MUL24P, = 0
gpu_max_INT_MUL32P, = 1.62171
gpu_max_INT_MULP, = 0
gpu_max_INT_DIVP, = 0
gpu_max_FP_MULP, = 0
gpu_max_FP_DIVP, = 0
gpu_max_FP_SQRTP, = 0
gpu_max_FP_LGP, = 0
gpu_max_FP_SINP, = 0
gpu_max_FP_EXP, = 0
gpu_max_DP_MULP, = 0
gpu_max_DP_DIVP, = 0
gpu_max_TENSORP, = 0
gpu_max_TEXP, = 0
gpu_max_SCHEDP, = 0.892465
gpu_max_L2CP, = 0.00818504
gpu_max_MCP, = 0.909552
gpu_max_NOCP, = 0.537691
gpu_max_DRAMP, = 1.86812
gpu_max_PIPEP, = 0.764779
gpu_max_IDLE_COREP, = 0.00848394
gpu_max_CONSTP = 32.3252
gpu_max_STATICP = 38.5814
gpu_max_TOT_INST, = 38730
gpu_max_FP_INT, = 37770
gpu_max_IC_H, = 0
gpu_max_IC_M, = 0
gpu_max_DC_RH, = 840
gpu_max_DC_RM, = 3120
gpu_max_DC_WH, = 0
gpu_max_DC_WM, = 0
gpu_max_TC_H, = 0
gpu_max_TC_M, = 0
gpu_max_CC_H, = 0
gpu_max_CC_M, = 0
gpu_max_SHRD_ACC, = 261
gpu_max_REG_RD, = 1.05994e+06
gpu_max_REG_WR, = 979392
gpu_max_NON_REG_OPs, = 741984
gpu_max_INT_ACC, = 1.33695e+07
gpu_max_FPU_ACC, = 16373.2
gpu_max_DPU_ACC, = 0
gpu_max_INT_MUL24_ACC, = 0
gpu_max_INT_MUL32_ACC, = 30720
gpu_max_INT_MUL_ACC, = 0
gpu_max_INT_DIV_ACC, = 0
gpu_max_FP_MUL_ACC, = 0
gpu_max_FP_DIV_ACC, = 0
gpu_max_FP_SQRT_ACC, = 0
gpu_max_FP_LG_ACC, = 0
gpu_max_FP_SIN_ACC, = 0
gpu_max_FP_EXP_ACC, = 0
gpu_max_DP_MUL_ACC, = 0
gpu_max_DP_DIV_ACC, = 0
gpu_max_TENSOR_ACC, = 0
gpu_max_TEX_ACC, = 0
gpu_max_MEM_RD, = 681
gpu_max_MEM_WR, = 0
gpu_max_MEM_PRE, = 0
gpu_max_L2_RH, = 0
gpu_max_L2_RM, = 1338
gpu_max_L2_WH, = 0
gpu_max_L2_WM, = 0
gpu_max_NOC_A, = 4575
gpu_max_PIPE_A, = 0.1493
gpu_max_IDLE_CORE_N, = 0.0300007
gpu_max_constant_power = 0

Kernel Minimum Power Data:
kernel_min_power = 41.3592
gpu_min_IBP, = 0
gpu_min_ICP, = 0
gpu_min_DCP, = 0
gpu_min_TCP, = 0
gpu_min_CCP, = 0
gpu_min_SHRDP, = 0
gpu_min_RFP, = 0
gpu_min_INTP, = 0
gpu_min_FPUP, = 0
gpu_min_DPUP, = 0
gpu_min_INT_MUL24P, = 0
gpu_min_INT_MUL32P, = 0
gpu_min_INT_MULP, = 0
gpu_min_INT_DIVP, = 0
gpu_min_FP_MULP, = 0
gpu_min_FP_DIVP, = 0
gpu_min_FP_SQRTP, = 0
gpu_min_FP_LGP, = 0
gpu_min_FP_SINP, = 0
gpu_min_FP_EXP, = 0
gpu_min_DP_MULP, = 0
gpu_min_DP_DIVP, = 0
gpu_min_TENSORP, = 0
gpu_min_TEXP, = 0
gpu_min_SCHEDP, = 0
gpu_min_L2CP, = 0
gpu_min_MCP, = 0.55022
gpu_min_NOCP, = 0
gpu_min_DRAMP, = 0
gpu_min_PIPEP, = 0
gpu_min_IDLE_COREP, = 8.48375
gpu_min_CONSTP = 32.3252
gpu_min_STATICP = 0
gpu_min_TOT_INST, = 0
gpu_min_FP_INT, = 0
gpu_min_IC_H, = 0
gpu_min_IC_M, = 0
gpu_min_DC_RH, = 0
gpu_min_DC_RM, = 0
gpu_min_DC_WH, = 0
gpu_min_DC_WM, = 0
gpu_min_TC_H, = 0
gpu_min_TC_M, = 0
gpu_min_CC_H, = 0
gpu_min_CC_M, = 0
gpu_min_SHRD_ACC, = 0
gpu_min_REG_RD, = 0
gpu_min_REG_WR, = 0
gpu_min_NON_REG_OPs, = 0
gpu_min_INT_ACC, = 0
gpu_min_FPU_ACC, = 0
gpu_min_DPU_ACC, = 0
gpu_min_INT_MUL24_ACC, = 0
gpu_min_INT_MUL32_ACC, = 0
gpu_min_INT_MUL_ACC, = 0
gpu_min_INT_DIV_ACC, = 0
gpu_min_FP_MUL_ACC, = 0
gpu_min_FP_DIV_ACC, = 0
gpu_min_FP_SQRT_ACC, = 0
gpu_min_FP_LG_ACC, = 0
gpu_min_FP_SIN_ACC, = 0
gpu_min_FP_EXP_ACC, = 0
gpu_min_DP_MUL_ACC, = 0
gpu_min_DP_DIV_ACC, = 0
gpu_min_TENSOR_ACC, = 0
gpu_min_TEX_ACC, = 0
gpu_min_MEM_RD, = 0
gpu_min_MEM_WR, = 0
gpu_min_MEM_PRE, = 0
gpu_min_L2_RH, = 0
gpu_min_L2_RM, = 0
gpu_min_L2_WH, = 0
gpu_min_L2_WM, = 0
gpu_min_NOC_A, = 0
gpu_min_PIPE_A, = 0
gpu_min_IDLE_CORE_N, = 30
gpu_min_constant_power = 0

Accumulative Power Statistics Over Previous Kernels:
gpu_tot_avg_power = 91.5991
gpu_tot_max_power = 104.761
gpu_tot_min_power = 41.3592


