kernel_name = _Z10initializeiPi 
kernel_launch_uid = 1 

Kernel Average Power Data:
kernel_avg_power = 41.3592
gpu_avg_IBP, = 0
gpu_avg_ICP, = 0
gpu_avg_DCP, = 0
gpu_avg_TCP, = 0
gpu_avg_CCP, = 0
gpu_avg_SHRDP, = 0
gpu_avg_RFP, = 0
gpu_avg_INTP, = 0
gpu_avg_FPUP, = 0
gpu_avg_DPUP, = 0
gpu_avg_INT_MUL24P, = 0
gpu_avg_INT_MUL32P, = 0
gpu_avg_INT_MULP, = 0
gpu_avg_INT_DIVP, = 0
gpu_avg_FP_MULP, = 0
gpu_avg_FP_DIVP, = 0
gpu_avg_FP_SQRTP, = 0
gpu_avg_FP_LGP, = 0
gpu_avg_FP_SINP, = 0
gpu_avg_FP_EXP, = 0
gpu_avg_DP_MULP, = 0
gpu_avg_DP_DIVP, = 0
gpu_avg_TENSORP, = 0
gpu_avg_TEXP, = 0
gpu_avg_SCHEDP, = 0
gpu_avg_L2CP, = 0
gpu_avg_MCP, = 0.55022
gpu_avg_NOCP, = 0
gpu_avg_DRAMP, = 0
gpu_avg_PIPEP, = 0
gpu_avg_IDLE_COREP, = 8.48375
gpu_avg_CONSTP = 32.3252
gpu_avg_STATICP = 0
gpu_avg_TOT_INST, = 0
gpu_avg_FP_INT, = 0
gpu_avg_IC_H, = 0
gpu_avg_IC_M, = 0
gpu_avg_DC_RH, = 0
gpu_avg_DC_RM, = 0
gpu_avg_DC_WH, = 0
gpu_avg_DC_WM, = 0
gpu_avg_TC_H, = 0
gpu_avg_TC_M, = 0
gpu_avg_CC_H, = 0
gpu_avg_CC_M, = 0
gpu_avg_SHRD_ACC, = 0
gpu_avg_REG_RD, = 0
gpu_avg_REG_WR, = 0
gpu_avg_NON_REG_OPs, = 0
gpu_avg_INT_ACC, = 0
gpu_avg_FPU_ACC, = 0
gpu_avg_DPU_ACC, = 0
gpu_avg_INT_MUL24_ACC, = 0
gpu_avg_INT_MUL32_ACC, = 0
gpu_avg_INT_MUL_ACC, = 0
gpu_avg_INT_DIV_ACC, = 0
gpu_avg_FP_MUL_ACC, = 0
gpu_avg_FP_DIV_ACC, = 0
gpu_avg_FP_SQRT_ACC, = 0
gpu_avg_FP_LG_ACC, = 0
gpu_avg_FP_SIN_ACC, = 0
gpu_avg_FP_EXP_ACC, = 0
gpu_avg_DP_MUL_ACC, = 0
gpu_avg_DP_DIV_ACC, = 0
gpu_avg_TENSOR_ACC, = 0
gpu_avg_TEX_ACC, = 0
gpu_avg_MEM_RD, = 0
gpu_avg_MEM_WR, = 0
gpu_avg_MEM_PRE, = 0
gpu_avg_L2_RH, = 0
gpu_avg_L2_RM, = 0
gpu_avg_L2_WH, = 0
gpu_avg_L2_WM, = 0
gpu_avg_NOC_A, = 0
gpu_avg_PIPE_A, = 0
gpu_avg_IDLE_CORE_N, = 30
gpu_avg_constant_power = 0
gpu_avg_threads_per_warp = 0
gpu_tot_TOT_INST, = 0
gpu_tot_FP_INT, = 0
gpu_tot_IC_H, = 0
gpu_tot_IC_M, = 0
gpu_tot_DC_RH, = 0
gpu_tot_DC_RM, = 0
gpu_tot_DC_WH, = 0
gpu_tot_DC_WM, = 0
gpu_tot_TC_H, = 0
gpu_tot_TC_M, = 0
gpu_tot_CC_H, = 0
gpu_tot_CC_M, = 0
gpu_tot_SHRD_ACC, = 0
gpu_tot_REG_RD, = 0
gpu_tot_REG_WR, = 0
gpu_tot_NON_REG_OPs, = 0
gpu_tot_INT_ACC, = 0
gpu_tot_FPU_ACC, = 0
gpu_tot_DPU_ACC, = 0
gpu_tot_INT_MUL24_ACC, = 0
gpu_tot_INT_MUL32_ACC, = 0
gpu_tot_INT_MUL_ACC, = 0
gpu_tot_INT_DIV_ACC, = 0
gpu_tot_FP_MUL_ACC, = 0
gpu_tot_FP_DIV_ACC, = 0
gpu_tot_FP_SQRT_ACC, = 0
gpu_tot_FP_LG_ACC, = 0
gpu_tot_FP_SIN_ACC, = 0
gpu_tot_FP_EXP_ACC, = 0
gpu_tot_DP_MUL_ACC, = 0
gpu_tot_DP_DIV_ACC, = 0
gpu_tot_TENSOR_ACC, = 0
gpu_tot_TEX_ACC, = 0
gpu_tot_MEM_RD, = 0
gpu_tot_MEM_WR, = 0
gpu_tot_MEM_PRE, = 0
gpu_tot_L2_RH, = 0
gpu_tot_L2_RM, = 0
gpu_tot_L2_WH, = 0
gpu_tot_L2_WM, = 0
gpu_tot_NOC_A, = 0
gpu_tot_PIPE_A, = 0
gpu_tot_IDLE_CORE_N, = 150
gpu_tot_constant_power = 0

Kernel Maximum Power Data:
kernel_max_power = 41.3592
gpu_max_IBP, = 0
gpu_max_ICP, = 0
gpu_max_DCP, = 0
gpu_max_TCP, = 0
gpu_max_CCP, = 0
gpu_max_SHRDP, = 0
gpu_max_RFP, = 0
gpu_max_INTP, = 0
gpu_max_FPUP, = 0
gpu_max_DPUP, = 0
gpu_max_INT_MUL24P, = 0
gpu_max_INT_MUL32P, = 0
gpu_max_INT_MULP, = 0
gpu_max_INT_DIVP, = 0
gpu_max_FP_MULP, = 0
gpu_max_FP_DIVP, = 0
gpu_max_FP_SQRTP, = 0
gpu_max_FP_LGP, = 0
gpu_max_FP_SINP, = 0
gpu_max_FP_EXP, = 0
gpu_max_DP_MULP, = 0
gpu_max_DP_DIVP, = 0
gpu_max_TENSORP, = 0
gpu_max_TEXP, = 0
gpu_max_SCHEDP, = 0
gpu_max_L2CP, = 0
gpu_max_MCP, = 0.55022
gpu_max_NOCP, = 0
gpu_max_DRAMP, = 0
gpu_max_PIPEP, = 0
gpu_max_IDLE_COREP, = 8.48375
gpu_max_CONSTP = 32.3252
gpu_max_STATICP = 0
gpu_max_TOT_INST, = 0
gpu_max_FP_INT, = 0
gpu_max_IC_H, = 0
gpu_max_IC_M, = 0
gpu_max_DC_RH, = 0
gpu_max_DC_RM, = 0
gpu_max_DC_WH, = 0
gpu_max_DC_WM, = 0
gpu_max_TC_H, = 0
gpu_max_TC_M, = 0
gpu_max_CC_H, = 0
gpu_max_CC_M, = 0
gpu_max_SHRD_ACC, = 0
gpu_max_REG_RD, = 0
gpu_max_REG_WR, = 0
gpu_max_NON_REG_OPs, = 0
gpu_max_INT_ACC, = 0
gpu_max_FPU_ACC, = 0
gpu_max_DPU_ACC, = 0
gpu_max_INT_MUL24_ACC, = 0
gpu_max_INT_MUL32_ACC, = 0
gpu_max_INT_MUL_ACC, = 0
gpu_max_INT_DIV_ACC, = 0
gpu_max_FP_MUL_ACC, = 0
gpu_max_FP_DIV_ACC, = 0
gpu_max_FP_SQRT_ACC, = 0
gpu_max_FP_LG_ACC, = 0
gpu_max_FP_SIN_ACC, = 0
gpu_max_FP_EXP_ACC, = 0
gpu_max_DP_MUL_ACC, = 0
gpu_max_DP_DIV_ACC, = 0
gpu_max_TENSOR_ACC, = 0
gpu_max_TEX_ACC, = 0
gpu_max_MEM_RD, = 0
gpu_max_MEM_WR, = 0
gpu_max_MEM_PRE, = 0
gpu_max_L2_RH, = 0
gpu_max_L2_RM, = 0
gpu_max_L2_WH, = 0
gpu_max_L2_WM, = 0
gpu_max_NOC_A, = 0
gpu_max_PIPE_A, = 0
gpu_max_IDLE_CORE_N, = 30
gpu_max_constant_power = 0

Kernel Minimum Power Data:
kernel_min_power = 41.3592
gpu_min_IBP, = 0
gpu_min_ICP, = 0
gpu_min_DCP, = 0
gpu_min_TCP, = 0
gpu_min_CCP, = 0
gpu_min_SHRDP, = 0
gpu_min_RFP, = 0
gpu_min_INTP, = 0
gpu_min_FPUP, = 0
gpu_min_DPUP, = 0
gpu_min_INT_MUL24P, = 0
gpu_min_INT_MUL32P, = 0
gpu_min_INT_MULP, = 0
gpu_min_INT_DIVP, = 0
gpu_min_FP_MULP, = 0
gpu_min_FP_DIVP, = 0
gpu_min_FP_SQRTP, = 0
gpu_min_FP_LGP, = 0
gpu_min_FP_SINP, = 0
gpu_min_FP_EXP, = 0
gpu_min_DP_MULP, = 0
gpu_min_DP_DIVP, = 0
gpu_min_TENSORP, = 0
gpu_min_TEXP, = 0
gpu_min_SCHEDP, = 0
gpu_min_L2CP, = 0
gpu_min_MCP, = 0.55022
gpu_min_NOCP, = 0
gpu_min_DRAMP, = 0
gpu_min_PIPEP, = 0
gpu_min_IDLE_COREP, = 8.48375
gpu_min_CONSTP = 32.3252
gpu_min_STATICP = 0
gpu_min_TOT_INST, = 0
gpu_min_FP_INT, = 0
gpu_min_IC_H, = 0
gpu_min_IC_M, = 0
gpu_min_DC_RH, = 0
gpu_min_DC_RM, = 0
gpu_min_DC_WH, = 0
gpu_min_DC_WM, = 0
gpu_min_TC_H, = 0
gpu_min_TC_M, = 0
gpu_min_CC_H, = 0
gpu_min_CC_M, = 0
gpu_min_SHRD_ACC, = 0
gpu_min_REG_RD, = 0
gpu_min_REG_WR, = 0
gpu_min_NON_REG_OPs, = 0
gpu_min_INT_ACC, = 0
gpu_min_FPU_ACC, = 0
gpu_min_DPU_ACC, = 0
gpu_min_INT_MUL24_ACC, = 0
gpu_min_INT_MUL32_ACC, = 0
gpu_min_INT_MUL_ACC, = 0
gpu_min_INT_DIV_ACC, = 0
gpu_min_FP_MUL_ACC, = 0
gpu_min_FP_DIV_ACC, = 0
gpu_min_FP_SQRT_ACC, = 0
gpu_min_FP_LG_ACC, = 0
gpu_min_FP_SIN_ACC, = 0
gpu_min_FP_EXP_ACC, = 0
gpu_min_DP_MUL_ACC, = 0
gpu_min_DP_DIV_ACC, = 0
gpu_min_TENSOR_ACC, = 0
gpu_min_TEX_ACC, = 0
gpu_min_MEM_RD, = 0
gpu_min_MEM_WR, = 0
gpu_min_MEM_PRE, = 0
gpu_min_L2_RH, = 0
gpu_min_L2_RM, = 0
gpu_min_L2_WH, = 0
gpu_min_L2_WM, = 0
gpu_min_NOC_A, = 0
gpu_min_PIPE_A, = 0
gpu_min_IDLE_CORE_N, = 30
gpu_min_constant_power = 0

Accumulative Power Statistics Over Previous Kernels:
gpu_tot_avg_power = 41.3592
gpu_tot_max_power = 41.3592
gpu_tot_min_power = 41.3592


kernel_name = _Z6insert9Worklist2iPiS0_ 
kernel_launch_uid = 2 

Kernel Average Power Data:
kernel_avg_power = 42.4498
gpu_avg_IBP, = 0.00232053
gpu_avg_ICP, = 0
gpu_avg_DCP, = 0.0289497
gpu_avg_TCP, = 0
gpu_avg_CCP, = 0
gpu_avg_SHRDP, = 0
gpu_avg_RFP, = 0.102475
gpu_avg_INTP, = 0.0430382
gpu_avg_FPUP, = 0
gpu_avg_DPUP, = 0
gpu_avg_INT_MUL24P, = 0
gpu_avg_INT_MUL32P, = 0.0685002
gpu_avg_INT_MULP, = 0
gpu_avg_INT_DIVP, = 0
gpu_avg_FP_MULP, = 0
gpu_avg_FP_DIVP, = 0
gpu_avg_FP_SQRTP, = 0
gpu_avg_FP_LGP, = 0
gpu_avg_FP_SINP, = 0
gpu_avg_FP_EXP, = 0
gpu_avg_DP_MULP, = 0
gpu_avg_DP_DIVP, = 0
gpu_avg_TENSORP, = 0
gpu_avg_TEXP, = 0
gpu_avg_SCHEDP, = 0.00683349
gpu_avg_L2CP, = 0.0139475
gpu_avg_MCP, = 0.563476
gpu_avg_NOCP, = 0.0184754
gpu_avg_DRAMP, = 0
gpu_avg_PIPEP, = 0.0061085
gpu_avg_IDLE_COREP, = 8.21657
gpu_avg_CONSTP = 32.3252
gpu_avg_STATICP = 1.05388
gpu_avg_TOT_INST, = 289.2
gpu_avg_FP_INT, = 289.2
gpu_avg_IC_H, = 0
gpu_avg_IC_M, = 0
gpu_avg_DC_RH, = 0
gpu_avg_DC_RM, = 0
gpu_avg_DC_WH, = 0
gpu_avg_DC_WM, = 78.6
gpu_avg_TC_H, = 0
gpu_avg_TC_M, = 0
gpu_avg_CC_H, = 0
gpu_avg_CC_M, = 0
gpu_avg_SHRD_ACC, = 0
gpu_avg_REG_RD, = 7129.6
gpu_avg_REG_WR, = 5862.4
gpu_avg_NON_REG_OPs, = 4595.2
gpu_avg_INT_ACC, = 68265.4
gpu_avg_FPU_ACC, = 0
gpu_avg_DPU_ACC, = 0
gpu_avg_INT_MUL24_ACC, = 0
gpu_avg_INT_MUL32_ACC, = 1297.6
gpu_avg_INT_MUL_ACC, = 0
gpu_avg_INT_DIV_ACC, = 0
gpu_avg_FP_MUL_ACC, = 0
gpu_avg_FP_DIV_ACC, = 0
gpu_avg_FP_SQRT_ACC, = 0
gpu_avg_FP_LG_ACC, = 0
gpu_avg_FP_SIN_ACC, = 0
gpu_avg_FP_EXP_ACC, = 0
gpu_avg_DP_MUL_ACC, = 0
gpu_avg_DP_DIV_ACC, = 0
gpu_avg_TENSOR_ACC, = 0
gpu_avg_TEX_ACC, = 0
gpu_avg_MEM_RD, = 0
gpu_avg_MEM_WR, = 0
gpu_avg_MEM_PRE, = 0
gpu_avg_L2_RH, = 0
gpu_avg_L2_RM, = 0
gpu_avg_L2_WH, = 0
gpu_avg_L2_WM, = 78.6
gpu_avg_NOC_A, = 157.2
gpu_avg_PIPE_A, = 0.0011925
gpu_avg_IDLE_CORE_N, = 29.0552
gpu_avg_constant_power = 0
gpu_avg_threads_per_warp = 6.37555
gpu_tot_TOT_INST, = 1446
gpu_tot_FP_INT, = 1446
gpu_tot_IC_H, = 0
gpu_tot_IC_M, = 0
gpu_tot_DC_RH, = 0
gpu_tot_DC_RM, = 0
gpu_tot_DC_WH, = 0
gpu_tot_DC_WM, = 393
gpu_tot_TC_H, = 0
gpu_tot_TC_M, = 0
gpu_tot_CC_H, = 0
gpu_tot_CC_M, = 0
gpu_tot_SHRD_ACC, = 0
gpu_tot_REG_RD, = 35648
gpu_tot_REG_WR, = 29312
gpu_tot_NON_REG_OPs, = 22976
gpu_tot_INT_ACC, = 341327
gpu_tot_FPU_ACC, = 0
gpu_tot_DPU_ACC, = 0
gpu_tot_INT_MUL24_ACC, = 0
gpu_tot_INT_MUL32_ACC, = 6488
gpu_tot_INT_MUL_ACC, = 0
gpu_tot_INT_DIV_ACC, = 0
gpu_tot_FP_MUL_ACC, = 0
gpu_tot_FP_DIV_ACC, = 0
gpu_tot_FP_SQRT_ACC, = 0
gpu_tot_FP_LG_ACC, = 0
gpu_tot_FP_SIN_ACC, = 0
gpu_tot_FP_EXP_ACC, = 0
gpu_tot_DP_MUL_ACC, = 0
gpu_tot_DP_DIV_ACC, = 0
gpu_tot_TENSOR_ACC, = 0
gpu_tot_TEX_ACC, = 0
gpu_tot_MEM_RD, = 0
gpu_tot_MEM_WR, = 0
gpu_tot_MEM_PRE, = 0
gpu_tot_L2_RH, = 0
gpu_tot_L2_RM, = 0
gpu_tot_L2_WH, = 0
gpu_tot_L2_WM, = 393
gpu_tot_NOC_A, = 786
gpu_tot_PIPE_A, = 0.0059625
gpu_tot_IDLE_CORE_N, = 145.276
gpu_tot_constant_power = 0

Kernel Maximum Power Data:
kernel_max_power = 46.8122
gpu_max_IBP, = 0.0116026
gpu_max_ICP, = 0
gpu_max_DCP, = 0.144749
gpu_max_TCP, = 0
gpu_max_CCP, = 0
gpu_max_SHRDP, = 0
gpu_max_RFP, = 0.512374
gpu_max_INTP, = 0.215191
gpu_max_FPUP, = 0
gpu_max_DPUP, = 0
gpu_max_INT_MUL24P, = 0
gpu_max_INT_MUL32P, = 0.342501
gpu_max_INT_MULP, = 0
gpu_max_INT_DIVP, = 0
gpu_max_FP_MULP, = 0
gpu_max_FP_DIVP, = 0
gpu_max_FP_SQRTP, = 0
gpu_max_FP_LGP, = 0
gpu_max_FP_SINP, = 0
gpu_max_FP_EXP, = 0
gpu_max_DP_MULP, = 0
gpu_max_DP_DIVP, = 0
gpu_max_TENSORP, = 0
gpu_max_TEXP, = 0
gpu_max_SCHEDP, = 0.0341675
gpu_max_L2CP, = 0.0697373
gpu_max_MCP, = 0.6165
gpu_max_NOCP, = 0.0923772
gpu_max_DRAMP, = 0
gpu_max_PIPEP, = 0.0305425
gpu_max_IDLE_COREP, = 7.14784
gpu_max_CONSTP = 32.3252
gpu_max_STATICP = 5.2694
gpu_max_TOT_INST, = 1446
gpu_max_FP_INT, = 1446
gpu_max_IC_H, = 0
gpu_max_IC_M, = 0
gpu_max_DC_RH, = 0
gpu_max_DC_RM, = 0
gpu_max_DC_WH, = 0
gpu_max_DC_WM, = 393
gpu_max_TC_H, = 0
gpu_max_TC_M, = 0
gpu_max_CC_H, = 0
gpu_max_CC_M, = 0
gpu_max_SHRD_ACC, = 0
gpu_max_REG_RD, = 35648
gpu_max_REG_WR, = 29312
gpu_max_NON_REG_OPs, = 22976
gpu_max_INT_ACC, = 341327
gpu_max_FPU_ACC, = 0
gpu_max_DPU_ACC, = 0
gpu_max_INT_MUL24_ACC, = 0
gpu_max_INT_MUL32_ACC, = 6488
gpu_max_INT_MUL_ACC, = 0
gpu_max_INT_DIV_ACC, = 0
gpu_max_FP_MUL_ACC, = 0
gpu_max_FP_DIV_ACC, = 0
gpu_max_FP_SQRT_ACC, = 0
gpu_max_FP_LG_ACC, = 0
gpu_max_FP_SIN_ACC, = 0
gpu_max_FP_EXP_ACC, = 0
gpu_max_DP_MUL_ACC, = 0
gpu_max_DP_DIV_ACC, = 0
gpu_max_TENSOR_ACC, = 0
gpu_max_TEX_ACC, = 0
gpu_max_MEM_RD, = 0
gpu_max_MEM_WR, = 0
gpu_max_MEM_PRE, = 0
gpu_max_L2_RH, = 0
gpu_max_L2_RM, = 0
gpu_max_L2_WH, = 0
gpu_max_L2_WM, = 393
gpu_max_NOC_A, = 786
gpu_max_PIPE_A, = 0.0059625
gpu_max_IDLE_CORE_N, = 25.276
gpu_max_constant_power = 0

Kernel Minimum Power Data:
kernel_min_power = 41.3592
gpu_min_IBP, = 0
gpu_min_ICP, = 0
gpu_min_DCP, = 0
gpu_min_TCP, = 0
gpu_min_CCP, = 0
gpu_min_SHRDP, = 0
gpu_min_RFP, = 0
gpu_min_INTP, = 0
gpu_min_FPUP, = 0
gpu_min_DPUP, = 0
gpu_min_INT_MUL24P, = 0
gpu_min_INT_MUL32P, = 0
gpu_min_INT_MULP, = 0
gpu_min_INT_DIVP, = 0
gpu_min_FP_MULP, = 0
gpu_min_FP_DIVP, = 0
gpu_min_FP_SQRTP, = 0
gpu_min_FP_LGP, = 0
gpu_min_FP_SINP, = 0
gpu_min_FP_EXP, = 0
gpu_min_DP_MULP, = 0
gpu_min_DP_DIVP, = 0
gpu_min_TENSORP, = 0
gpu_min_TEXP, = 0
gpu_min_SCHEDP, = 0
gpu_min_L2CP, = 0
gpu_min_MCP, = 0.55022
gpu_min_NOCP, = 0
gpu_min_DRAMP, = 0
gpu_min_PIPEP, = 0
gpu_min_IDLE_COREP, = 8.48375
gpu_min_CONSTP = 32.3252
gpu_min_STATICP = 0
gpu_min_TOT_INST, = 0
gpu_min_FP_INT, = 0
gpu_min_IC_H, = 0
gpu_min_IC_M, = 0
gpu_min_DC_RH, = 0
gpu_min_DC_RM, = 0
gpu_min_DC_WH, = 0
gpu_min_DC_WM, = 0
gpu_min_TC_H, = 0
gpu_min_TC_M, = 0
gpu_min_CC_H, = 0
gpu_min_CC_M, = 0
gpu_min_SHRD_ACC, = 0
gpu_min_REG_RD, = 0
gpu_min_REG_WR, = 0
gpu_min_NON_REG_OPs, = 0
gpu_min_INT_ACC, = 0
gpu_min_FPU_ACC, = 0
gpu_min_DPU_ACC, = 0
gpu_min_INT_MUL24_ACC, = 0
gpu_min_INT_MUL32_ACC, = 0
gpu_min_INT_MUL_ACC, = 0
gpu_min_INT_DIV_ACC, = 0
gpu_min_FP_MUL_ACC, = 0
gpu_min_FP_DIV_ACC, = 0
gpu_min_FP_SQRT_ACC, = 0
gpu_min_FP_LG_ACC, = 0
gpu_min_FP_SIN_ACC, = 0
gpu_min_FP_EXP_ACC, = 0
gpu_min_DP_MUL_ACC, = 0
gpu_min_DP_DIV_ACC, = 0
gpu_min_TENSOR_ACC, = 0
gpu_min_TEX_ACC, = 0
gpu_min_MEM_RD, = 0
gpu_min_MEM_WR, = 0
gpu_min_MEM_PRE, = 0
gpu_min_L2_RH, = 0
gpu_min_L2_RM, = 0
gpu_min_L2_WH, = 0
gpu_min_L2_WM, = 0
gpu_min_NOC_A, = 0
gpu_min_PIPE_A, = 0
gpu_min_IDLE_CORE_N, = 30
gpu_min_constant_power = 0

Accumulative Power Statistics Over Previous Kernels:
gpu_tot_avg_power = 41.9045
gpu_tot_max_power = 46.8122
gpu_tot_min_power = 41.3592


kernel_name = _Z13push_frontier9Worklist2Pii 
kernel_launch_uid = 3 

Kernel Average Power Data:
kernel_avg_power = 41.399
gpu_avg_IBP, = 5.45629e-05
gpu_avg_ICP, = 0
gpu_avg_DCP, = 0.000297358
gpu_avg_TCP, = 0
gpu_avg_CCP, = 0
gpu_avg_SHRDP, = 0
gpu_avg_RFP, = 0.00234205
gpu_avg_INTP, = 0.000482147
gpu_avg_FPUP, = 0
gpu_avg_DPUP, = 0
gpu_avg_INT_MUL24P, = 0
gpu_avg_INT_MUL32P, = 0.000696827
gpu_avg_INT_MULP, = 0
gpu_avg_INT_DIVP, = 0
gpu_avg_FP_MULP, = 0
gpu_avg_FP_DIVP, = 0
gpu_avg_FP_SQRTP, = 0
gpu_avg_FP_LGP, = 0
gpu_avg_FP_SINP, = 0
gpu_avg_FP_EXP, = 0
gpu_avg_DP_MULP, = 0
gpu_avg_DP_DIVP, = 0
gpu_avg_TENSORP, = 0
gpu_avg_TEXP, = 0
gpu_avg_SCHEDP, = 0.000160677
gpu_avg_L2CP, = 0.000182177
gpu_avg_MCP, = 0.550337
gpu_avg_NOCP, = 0.000235056
gpu_avg_DRAMP, = 0
gpu_avg_PIPEP, = 0.000140867
gpu_avg_IDLE_COREP, = 8.43997
gpu_avg_CONSTP = 32.3252
gpu_avg_STATICP = 0.0788983
gpu_avg_TOT_INST, = 6.8
gpu_avg_FP_INT, = 6.8
gpu_avg_IC_H, = 0
gpu_avg_IC_M, = 0
gpu_avg_DC_RH, = 0
gpu_avg_DC_RM, = 0.2
gpu_avg_DC_WH, = 0
gpu_avg_DC_WM, = 0.6
gpu_avg_TC_H, = 0
gpu_avg_TC_M, = 0
gpu_avg_CC_H, = 0
gpu_avg_CC_M, = 0
gpu_avg_SHRD_ACC, = 0
gpu_avg_REG_RD, = 172.8
gpu_avg_REG_WR, = 134.4
gpu_avg_NON_REG_OPs, = 102.4
gpu_avg_INT_ACC, = 764.761
gpu_avg_FPU_ACC, = 0
gpu_avg_DPU_ACC, = 0
gpu_avg_INT_MUL24_ACC, = 0
gpu_avg_INT_MUL32_ACC, = 13.2
gpu_avg_INT_MUL_ACC, = 0
gpu_avg_INT_DIV_ACC, = 0
gpu_avg_FP_MUL_ACC, = 0
gpu_avg_FP_DIV_ACC, = 0
gpu_avg_FP_SQRT_ACC, = 0
gpu_avg_FP_LG_ACC, = 0
gpu_avg_FP_SIN_ACC, = 0
gpu_avg_FP_EXP_ACC, = 0
gpu_avg_DP_MUL_ACC, = 0
gpu_avg_DP_DIV_ACC, = 0
gpu_avg_TENSOR_ACC, = 0
gpu_avg_TEX_ACC, = 0
gpu_avg_MEM_RD, = 0
gpu_avg_MEM_WR, = 0
gpu_avg_MEM_PRE, = 0
gpu_avg_L2_RH, = 0.4
gpu_avg_L2_RM, = 0
gpu_avg_L2_WH, = 0.2
gpu_avg_L2_WM, = 0.4
gpu_avg_NOC_A, = 2
gpu_avg_PIPE_A, = 2.75e-05
gpu_avg_IDLE_CORE_N, = 29.8452
gpu_avg_constant_power = 0
gpu_avg_threads_per_warp = 0.2
gpu_tot_TOT_INST, = 34
gpu_tot_FP_INT, = 34
gpu_tot_IC_H, = 0
gpu_tot_IC_M, = 0
gpu_tot_DC_RH, = 0
gpu_tot_DC_RM, = 1
gpu_tot_DC_WH, = 0
gpu_tot_DC_WM, = 3
gpu_tot_TC_H, = 0
gpu_tot_TC_M, = 0
gpu_tot_CC_H, = 0
gpu_tot_CC_M, = 0
gpu_tot_SHRD_ACC, = 0
gpu_tot_REG_RD, = 864
gpu_tot_REG_WR, = 672
gpu_tot_NON_REG_OPs, = 512
gpu_tot_INT_ACC, = 3823.8
gpu_tot_FPU_ACC, = 0
gpu_tot_DPU_ACC, = 0
gpu_tot_INT_MUL24_ACC, = 0
gpu_tot_INT_MUL32_ACC, = 66
gpu_tot_INT_MUL_ACC, = 0
gpu_tot_INT_DIV_ACC, = 0
gpu_tot_FP_MUL_ACC, = 0
gpu_tot_FP_DIV_ACC, = 0
gpu_tot_FP_SQRT_ACC, = 0
gpu_tot_FP_LG_ACC, = 0
gpu_tot_FP_SIN_ACC, = 0
gpu_tot_FP_EXP_ACC, = 0
gpu_tot_DP_MUL_ACC, = 0
gpu_tot_DP_DIV_ACC, = 0
gpu_tot_TENSOR_ACC, = 0
gpu_tot_TEX_ACC, = 0
gpu_tot_MEM_RD, = 0
gpu_tot_MEM_WR, = 0
gpu_tot_MEM_PRE, = 0
gpu_tot_L2_RH, = 2
gpu_tot_L2_RM, = 0
gpu_tot_L2_WH, = 1
gpu_tot_L2_WM, = 2
gpu_tot_NOC_A, = 10
gpu_tot_PIPE_A, = 0.0001375
gpu_tot_IDLE_CORE_N, = 149.226
gpu_tot_constant_power = 0

Kernel Maximum Power Data:
kernel_max_power = 41.5583
gpu_max_IBP, = 0.000272815
gpu_max_ICP, = 0
gpu_max_DCP, = 0.00148679
gpu_max_TCP, = 0
gpu_max_CCP, = 0
gpu_max_SHRDP, = 0
gpu_max_RFP, = 0.0117102
gpu_max_INTP, = 0.00241073
gpu_max_FPUP, = 0
gpu_max_DPUP, = 0
gpu_max_INT_MUL24P, = 0
gpu_max_INT_MUL32P, = 0.00348413
gpu_max_INT_MULP, = 0
gpu_max_INT_DIVP, = 0
gpu_max_FP_MULP, = 0
gpu_max_FP_DIVP, = 0
gpu_max_FP_SQRTP, = 0
gpu_max_FP_LGP, = 0
gpu_max_FP_SINP, = 0
gpu_max_FP_EXP, = 0
gpu_max_DP_MULP, = 0
gpu_max_DP_DIVP, = 0
gpu_max_TENSORP, = 0
gpu_max_TEXP, = 0
gpu_max_SCHEDP, = 0.000803384
gpu_max_L2CP, = 0.000910883
gpu_max_MCP, = 0.550806
gpu_max_NOCP, = 0.00117528
gpu_max_DRAMP, = 0
gpu_max_PIPEP, = 0.000704335
gpu_max_IDLE_COREP, = 8.26487
gpu_max_CONSTP = 32.3252
gpu_max_STATICP = 0.394491
gpu_max_TOT_INST, = 34
gpu_max_FP_INT, = 34
gpu_max_IC_H, = 0
gpu_max_IC_M, = 0
gpu_max_DC_RH, = 0
gpu_max_DC_RM, = 1
gpu_max_DC_WH, = 0
gpu_max_DC_WM, = 3
gpu_max_TC_H, = 0
gpu_max_TC_M, = 0
gpu_max_CC_H, = 0
gpu_max_CC_M, = 0
gpu_max_SHRD_ACC, = 0
gpu_max_REG_RD, = 864
gpu_max_REG_WR, = 672
gpu_max_NON_REG_OPs, = 512
gpu_max_INT_ACC, = 3823.8
gpu_max_FPU_ACC, = 0
gpu_max_DPU_ACC, = 0
gpu_max_INT_MUL24_ACC, = 0
gpu_max_INT_MUL32_ACC, = 66
gpu_max_INT_MUL_ACC, = 0
gpu_max_INT_DIV_ACC, = 0
gpu_max_FP_MUL_ACC, = 0
gpu_max_FP_DIV_ACC, = 0
gpu_max_FP_SQRT_ACC, = 0
gpu_max_FP_LG_ACC, = 0
gpu_max_FP_SIN_ACC, = 0
gpu_max_FP_EXP_ACC, = 0
gpu_max_DP_MUL_ACC, = 0
gpu_max_DP_DIV_ACC, = 0
gpu_max_TENSOR_ACC, = 0
gpu_max_TEX_ACC, = 0
gpu_max_MEM_RD, = 0
gpu_max_MEM_WR, = 0
gpu_max_MEM_PRE, = 0
gpu_max_L2_RH, = 2
gpu_max_L2_RM, = 0
gpu_max_L2_WH, = 1
gpu_max_L2_WM, = 2
gpu_max_NOC_A, = 10
gpu_max_PIPE_A, = 0.0001375
gpu_max_IDLE_CORE_N, = 29.226
gpu_max_constant_power = 0

Kernel Minimum Power Data:
kernel_min_power = 41.3592
gpu_min_IBP, = 0
gpu_min_ICP, = 0
gpu_min_DCP, = 0
gpu_min_TCP, = 0
gpu_min_CCP, = 0
gpu_min_SHRDP, = 0
gpu_min_RFP, = 0
gpu_min_INTP, = 0
gpu_min_FPUP, = 0
gpu_min_DPUP, = 0
gpu_min_INT_MUL24P, = 0
gpu_min_INT_MUL32P, = 0
gpu_min_INT_MULP, = 0
gpu_min_INT_DIVP, = 0
gpu_min_FP_MULP, = 0
gpu_min_FP_DIVP, = 0
gpu_min_FP_SQRTP, = 0
gpu_min_FP_LGP, = 0
gpu_min_FP_SINP, = 0
gpu_min_FP_EXP, = 0
gpu_min_DP_MULP, = 0
gpu_min_DP_DIVP, = 0
gpu_min_TENSORP, = 0
gpu_min_TEXP, = 0
gpu_min_SCHEDP, = 0
gpu_min_L2CP, = 0
gpu_min_MCP, = 0.55022
gpu_min_NOCP, = 0
gpu_min_DRAMP, = 0
gpu_min_PIPEP, = 0
gpu_min_IDLE_COREP, = 8.48375
gpu_min_CONSTP = 32.3252
gpu_min_STATICP = 0
gpu_min_TOT_INST, = 0
gpu_min_FP_INT, = 0
gpu_min_IC_H, = 0
gpu_min_IC_M, = 0
gpu_min_DC_RH, = 0
gpu_min_DC_RM, = 0
gpu_min_DC_WH, = 0
gpu_min_DC_WM, = 0
gpu_min_TC_H, = 0
gpu_min_TC_M, = 0
gpu_min_CC_H, = 0
gpu_min_CC_M, = 0
gpu_min_SHRD_ACC, = 0
gpu_min_REG_RD, = 0
gpu_min_REG_WR, = 0
gpu_min_NON_REG_OPs, = 0
gpu_min_INT_ACC, = 0
gpu_min_FPU_ACC, = 0
gpu_min_DPU_ACC, = 0
gpu_min_INT_MUL24_ACC, = 0
gpu_min_INT_MUL32_ACC, = 0
gpu_min_INT_MUL_ACC, = 0
gpu_min_INT_DIV_ACC, = 0
gpu_min_FP_MUL_ACC, = 0
gpu_min_FP_DIV_ACC, = 0
gpu_min_FP_SQRT_ACC, = 0
gpu_min_FP_LG_ACC, = 0
gpu_min_FP_SIN_ACC, = 0
gpu_min_FP_EXP_ACC, = 0
gpu_min_DP_MUL_ACC, = 0
gpu_min_DP_DIV_ACC, = 0
gpu_min_TENSOR_ACC, = 0
gpu_min_TEX_ACC, = 0
gpu_min_MEM_RD, = 0
gpu_min_MEM_WR, = 0
gpu_min_MEM_PRE, = 0
gpu_min_L2_RH, = 0
gpu_min_L2_RM, = 0
gpu_min_L2_WH, = 0
gpu_min_L2_WM, = 0
gpu_min_NOC_A, = 0
gpu_min_PIPE_A, = 0
gpu_min_IDLE_CORE_N, = 30
gpu_min_constant_power = 0

Accumulative Power Statistics Over Previous Kernels:
gpu_tot_avg_power = 41.736
gpu_tot_max_power = 46.8122
gpu_tot_min_power = 41.3592


kernel_name = _Z10bc_forwardPKmPKiPiS3_i9Worklist2S4_ 
kernel_launch_uid = 4 

Kernel Average Power Data:
kernel_avg_power = 41.6078
gpu_avg_IBP, = 0.000209321
gpu_avg_ICP, = 0
gpu_avg_DCP, = 0.00254228
gpu_avg_TCP, = 0
gpu_avg_CCP, = 0
gpu_avg_SHRDP, = 0
gpu_avg_RFP, = 0.00981072
gpu_avg_INTP, = 0.00157002
gpu_avg_FPUP, = 0
gpu_avg_DPUP, = 0
gpu_avg_INT_MUL24P, = 0
gpu_avg_INT_MUL32P, = 0.00219881
gpu_avg_INT_MULP, = 0
gpu_avg_INT_DIVP, = 0
gpu_avg_FP_MULP, = 0
gpu_avg_FP_DIVP, = 0
gpu_avg_FP_SQRTP, = 0
gpu_avg_FP_LGP, = 0
gpu_avg_FP_SINP, = 0
gpu_avg_FP_EXP, = 0
gpu_avg_DP_MULP, = 0
gpu_avg_DP_DIVP, = 0
gpu_avg_TENSORP, = 0
gpu_avg_TEXP, = 0
gpu_avg_SCHEDP, = 0.000616407
gpu_avg_L2CP, = 0.00054493
gpu_avg_MCP, = 0.550599
gpu_avg_NOCP, = 0.00097344
gpu_avg_DRAMP, = 0.00168965
gpu_avg_PIPEP, = 0.000522915
gpu_avg_IDLE_COREP, = 8.20934
gpu_avg_CONSTP = 32.3252
gpu_avg_STATICP = 0.502012
gpu_avg_TOT_INST, = 26.087
gpu_avg_FP_INT, = 26.087
gpu_avg_IC_H, = 0
gpu_avg_IC_M, = 0
gpu_avg_DC_RH, = 3.57246
gpu_avg_DC_RM, = 0.666667
gpu_avg_DC_WH, = 0.731884
gpu_avg_DC_WM, = 0.115942
gpu_avg_TC_H, = 0
gpu_avg_TC_M, = 0
gpu_avg_CC_H, = 0
gpu_avg_CC_M, = 0
gpu_avg_SHRD_ACC, = 0
gpu_avg_REG_RD, = 771.942
gpu_avg_REG_WR, = 467.478
gpu_avg_NON_REG_OPs, = 437.565
gpu_avg_INT_ACC, = 2490.29
gpu_avg_FPU_ACC, = 0
gpu_avg_DPU_ACC, = 0
gpu_avg_INT_MUL24_ACC, = 0
gpu_avg_INT_MUL32_ACC, = 41.6522
gpu_avg_INT_MUL_ACC, = 0
gpu_avg_INT_DIV_ACC, = 0
gpu_avg_FP_MUL_ACC, = 0
gpu_avg_FP_DIV_ACC, = 0
gpu_avg_FP_SQRT_ACC, = 0
gpu_avg_FP_LG_ACC, = 0
gpu_avg_FP_SIN_ACC, = 0
gpu_avg_FP_EXP_ACC, = 0
gpu_avg_DP_MUL_ACC, = 0
gpu_avg_DP_DIV_ACC, = 0
gpu_avg_TENSOR_ACC, = 0
gpu_avg_TEX_ACC, = 0
gpu_avg_MEM_RD, = 0.615942
gpu_avg_MEM_WR, = 0
gpu_avg_MEM_PRE, = 0
gpu_avg_L2_RH, = 2.67391
gpu_avg_L2_RM, = 0.623188
gpu_avg_L2_WH, = 0.731884
gpu_avg_L2_WM, = 0.115942
gpu_avg_NOC_A, = 8.28261
gpu_avg_PIPE_A, = 0.000102083
gpu_avg_IDLE_CORE_N, = 29.0296
gpu_avg_constant_power = 0
gpu_avg_threads_per_warp = 1.35751
gpu_tot_TOT_INST, = 3600
gpu_tot_FP_INT, = 3600
gpu_tot_IC_H, = 0
gpu_tot_IC_M, = 0
gpu_tot_DC_RH, = 493
gpu_tot_DC_RM, = 92
gpu_tot_DC_WH, = 101
gpu_tot_DC_WM, = 16
gpu_tot_TC_H, = 0
gpu_tot_TC_M, = 0
gpu_tot_CC_H, = 0
gpu_tot_CC_M, = 0
gpu_tot_SHRD_ACC, = 0
gpu_tot_REG_RD, = 106528
gpu_tot_REG_WR, = 64512
gpu_tot_NON_REG_OPs, = 60384
gpu_tot_INT_ACC, = 343660
gpu_tot_FPU_ACC, = 0
gpu_tot_DPU_ACC, = 0
gpu_tot_INT_MUL24_ACC, = 0
gpu_tot_INT_MUL32_ACC, = 5748
gpu_tot_INT_MUL_ACC, = 0
gpu_tot_INT_DIV_ACC, = 0
gpu_tot_FP_MUL_ACC, = 0
gpu_tot_FP_DIV_ACC, = 0
gpu_tot_FP_SQRT_ACC, = 0
gpu_tot_FP_LG_ACC, = 0
gpu_tot_FP_SIN_ACC, = 0
gpu_tot_FP_EXP_ACC, = 0
gpu_tot_DP_MUL_ACC, = 0
gpu_tot_DP_DIV_ACC, = 0
gpu_tot_TENSOR_ACC, = 0
gpu_tot_TEX_ACC, = 0
gpu_tot_MEM_RD, = 85
gpu_tot_MEM_WR, = 0
gpu_tot_MEM_PRE, = 0
gpu_tot_L2_RH, = 369
gpu_tot_L2_RM, = 86
gpu_tot_L2_WH, = 101
gpu_tot_L2_WM, = 16
gpu_tot_NOC_A, = 1143
gpu_tot_PIPE_A, = 0.0140875
gpu_tot_IDLE_CORE_N, = 4006.09
gpu_tot_constant_power = 0

Kernel Maximum Power Data:
kernel_max_power = 42.2638
gpu_max_IBP, = 0.00211833
gpu_max_ICP, = 0
gpu_max_DCP, = 0.00342718
gpu_max_TCP, = 0
gpu_max_CCP, = 0
gpu_max_SHRDP, = 0
gpu_max_RFP, = 0.0831448
gpu_max_INTP, = 0.0312876
gpu_max_FPUP, = 0
gpu_max_DPUP, = 0
gpu_max_INT_MUL24P, = 0
gpu_max_INT_MUL32P, = 0.0181597
gpu_max_INT_MULP, = 0
gpu_max_INT_DIVP, = 0
gpu_max_FP_MULP, = 0
gpu_max_FP_DIVP, = 0
gpu_max_FP_SQRTP, = 0
gpu_max_FP_LGP, = 0
gpu_max_FP_SINP, = 0
gpu_max_FP_EXP, = 0
gpu_max_DP_MULP, = 0
gpu_max_DP_DIVP, = 0
gpu_max_TENSORP, = 0
gpu_max_TEXP, = 0
gpu_max_SCHEDP, = 0.00623804
gpu_max_L2CP, = 0.000281685
gpu_max_MCP, = 0.550475
gpu_max_NOCP, = 0.000822697
gpu_max_DRAMP, = 0
gpu_max_PIPEP, = 0.00512243
gpu_max_IDLE_COREP, = 8.20124
gpu_max_CONSTP = 32.3252
gpu_max_STATICP = 1.03625
gpu_max_TOT_INST, = 264
gpu_max_FP_INT, = 264
gpu_max_IC_H, = 0
gpu_max_IC_M, = 0
gpu_max_DC_RH, = 8
gpu_max_DC_RM, = -4
gpu_max_DC_WH, = 0
gpu_max_DC_WM, = 0
gpu_max_TC_H, = 0
gpu_max_TC_M, = 0
gpu_max_CC_H, = 0
gpu_max_CC_M, = 0
gpu_max_SHRD_ACC, = 0
gpu_max_REG_RD, = 4256
gpu_max_REG_WR, = 4288
gpu_max_NON_REG_OPs, = 4224
gpu_max_INT_ACC, = 49627
gpu_max_FPU_ACC, = 0
gpu_max_DPU_ACC, = 0
gpu_max_INT_MUL24_ACC, = 0
gpu_max_INT_MUL32_ACC, = 344
gpu_max_INT_MUL_ACC, = 0
gpu_max_INT_DIV_ACC, = 0
gpu_max_FP_MUL_ACC, = 0
gpu_max_FP_DIV_ACC, = 0
gpu_max_FP_SQRT_ACC, = 0
gpu_max_FP_LG_ACC, = 0
gpu_max_FP_SIN_ACC, = 0
gpu_max_FP_EXP_ACC, = 0
gpu_max_DP_MUL_ACC, = 0
gpu_max_DP_DIV_ACC, = 0
gpu_max_TENSOR_ACC, = 0
gpu_max_TEX_ACC, = 0
gpu_max_MEM_RD, = 0
gpu_max_MEM_WR, = 0
gpu_max_MEM_PRE, = 0
gpu_max_L2_RH, = 3
gpu_max_L2_RM, = 0
gpu_max_L2_WH, = 0
gpu_max_L2_WM, = 0
gpu_max_NOC_A, = 7
gpu_max_PIPE_A, = 0.000999999
gpu_max_IDLE_CORE_N, = 29.001
gpu_max_constant_power = 0

Kernel Minimum Power Data:
kernel_min_power = 41.3592
gpu_min_IBP, = 0
gpu_min_ICP, = 0
gpu_min_DCP, = 0
gpu_min_TCP, = 0
gpu_min_CCP, = 0
gpu_min_SHRDP, = 0
gpu_min_RFP, = 0
gpu_min_INTP, = 0
gpu_min_FPUP, = 0
gpu_min_DPUP, = 0
gpu_min_INT_MUL24P, = 0
gpu_min_INT_MUL32P, = 0
gpu_min_INT_MULP, = 0
gpu_min_INT_DIVP, = 0
gpu_min_FP_MULP, = 0
gpu_min_FP_DIVP, = 0
gpu_min_FP_SQRTP, = 0
gpu_min_FP_LGP, = 0
gpu_min_FP_SINP, = 0
gpu_min_FP_EXP, = 0
gpu_min_DP_MULP, = 0
gpu_min_DP_DIVP, = 0
gpu_min_TENSORP, = 0
gpu_min_TEXP, = 0
gpu_min_SCHEDP, = 0
gpu_min_L2CP, = 0
gpu_min_MCP, = 0.55022
gpu_min_NOCP, = 0
gpu_min_DRAMP, = 0
gpu_min_PIPEP, = 0
gpu_min_IDLE_COREP, = 8.48375
gpu_min_CONSTP = 32.3252
gpu_min_STATICP = 0
gpu_min_TOT_INST, = 0
gpu_min_FP_INT, = 0
gpu_min_IC_H, = 0
gpu_min_IC_M, = 0
gpu_min_DC_RH, = 0
gpu_min_DC_RM, = 0
gpu_min_DC_WH, = 0
gpu_min_DC_WM, = 0
gpu_min_TC_H, = 0
gpu_min_TC_M, = 0
gpu_min_CC_H, = 0
gpu_min_CC_M, = 0
gpu_min_SHRD_ACC, = 0
gpu_min_REG_RD, = 0
gpu_min_REG_WR, = 0
gpu_min_NON_REG_OPs, = 0
gpu_min_INT_ACC, = 0
gpu_min_FPU_ACC, = 0
gpu_min_DPU_ACC, = 0
gpu_min_INT_MUL24_ACC, = 0
gpu_min_INT_MUL32_ACC, = 0
gpu_min_INT_MUL_ACC, = 0
gpu_min_INT_DIV_ACC, = 0
gpu_min_FP_MUL_ACC, = 0
gpu_min_FP_DIV_ACC, = 0
gpu_min_FP_SQRT_ACC, = 0
gpu_min_FP_LG_ACC, = 0
gpu_min_FP_SIN_ACC, = 0
gpu_min_FP_EXP_ACC, = 0
gpu_min_DP_MUL_ACC, = 0
gpu_min_DP_DIV_ACC, = 0
gpu_min_TENSOR_ACC, = 0
gpu_min_TEX_ACC, = 0
gpu_min_MEM_RD, = 0
gpu_min_MEM_WR, = 0
gpu_min_MEM_PRE, = 0
gpu_min_L2_RH, = 0
gpu_min_L2_RM, = 0
gpu_min_L2_WH, = 0
gpu_min_L2_WM, = 0
gpu_min_NOC_A, = 0
gpu_min_PIPE_A, = 0
gpu_min_IDLE_CORE_N, = 30
gpu_min_constant_power = 0

Accumulative Power Statistics Over Previous Kernels:
gpu_tot_avg_power = 41.6204
gpu_tot_max_power = 46.8122
gpu_tot_min_power = 41.3592


kernel_name = _Z13push_frontier9Worklist2Pii 
kernel_launch_uid = 5 

Kernel Average Power Data:
kernel_avg_power = 41.3875
gpu_avg_IBP, = 6.41917e-06
gpu_avg_ICP, = 0
gpu_avg_DCP, = 0
gpu_avg_TCP, = 0
gpu_avg_CCP, = 0
gpu_avg_SHRDP, = 0
gpu_avg_RFP, = 0.000332073
gpu_avg_INTP, = 9.04025e-05
gpu_avg_FPUP, = 0
gpu_avg_DPUP, = 0
gpu_avg_INT_MUL24P, = 0
gpu_avg_INT_MUL32P, = 0
gpu_avg_INT_MULP, = 0
gpu_avg_INT_DIVP, = 0
gpu_avg_FP_MULP, = 0
gpu_avg_FP_DIVP, = 0
gpu_avg_FP_SQRTP, = 0
gpu_avg_FP_LGP, = 0
gpu_avg_FP_SINP, = 0
gpu_avg_FP_EXP, = 0
gpu_avg_DP_MULP, = 0
gpu_avg_DP_DIVP, = 0
gpu_avg_TENSORP, = 0
gpu_avg_TEXP, = 0
gpu_avg_SCHEDP, = 1.89032e-05
gpu_avg_L2CP, = 0
gpu_avg_MCP, = 0.550234
gpu_avg_NOCP, = 2.35056e-05
gpu_avg_DRAMP, = 0.000548641
gpu_avg_PIPEP, = 0.0213647
gpu_avg_IDLE_COREP, = 8.47928
gpu_avg_CONSTP = 32.3252
gpu_avg_STATICP = 0.0103779
gpu_avg_TOT_INST, = 0.8
gpu_avg_FP_INT, = 0.8
gpu_avg_IC_H, = 0
gpu_avg_IC_M, = 0
gpu_avg_DC_RH, = 0
gpu_avg_DC_RM, = 0
gpu_avg_DC_WH, = 0
gpu_avg_DC_WM, = 0
gpu_avg_TC_H, = 0
gpu_avg_TC_M, = 0
gpu_avg_CC_H, = 0
gpu_avg_CC_M, = 0
gpu_avg_SHRD_ACC, = 0
gpu_avg_REG_RD, = 25.6
gpu_avg_REG_WR, = 25.6
gpu_avg_NON_REG_OPs, = 12.8
gpu_avg_INT_ACC, = 143.393
gpu_avg_FPU_ACC, = 0
gpu_avg_DPU_ACC, = 0
gpu_avg_INT_MUL24_ACC, = 0
gpu_avg_INT_MUL32_ACC, = 0
gpu_avg_INT_MUL_ACC, = 0
gpu_avg_INT_DIV_ACC, = 0
gpu_avg_FP_MUL_ACC, = 0
gpu_avg_FP_DIV_ACC, = 0
gpu_avg_FP_SQRT_ACC, = 0
gpu_avg_FP_LG_ACC, = 0
gpu_avg_FP_SIN_ACC, = 0
gpu_avg_FP_EXP_ACC, = 0
gpu_avg_DP_MUL_ACC, = 0
gpu_avg_DP_DIV_ACC, = 0
gpu_avg_TENSOR_ACC, = 0
gpu_avg_TEX_ACC, = 0
gpu_avg_MEM_RD, = 0.2
gpu_avg_MEM_WR, = 0
gpu_avg_MEM_PRE, = 0
gpu_avg_L2_RH, = 0
gpu_avg_L2_RM, = 0
gpu_avg_L2_WH, = 0
gpu_avg_L2_WM, = 0
gpu_avg_NOC_A, = 0.2
gpu_avg_PIPE_A, = 0.00417081
gpu_avg_IDLE_CORE_N, = 29.9842
gpu_avg_constant_power = 0
gpu_avg_threads_per_warp = 0.2
gpu_tot_TOT_INST, = 4
gpu_tot_FP_INT, = 4
gpu_tot_IC_H, = 0
gpu_tot_IC_M, = 0
gpu_tot_DC_RH, = 0
gpu_tot_DC_RM, = 0
gpu_tot_DC_WH, = 0
gpu_tot_DC_WM, = 0
gpu_tot_TC_H, = 0
gpu_tot_TC_M, = 0
gpu_tot_CC_H, = 0
gpu_tot_CC_M, = 0
gpu_tot_SHRD_ACC, = 0
gpu_tot_REG_RD, = 128
gpu_tot_REG_WR, = 128
gpu_tot_NON_REG_OPs, = 64
gpu_tot_INT_ACC, = 716.963
gpu_tot_FPU_ACC, = 0
gpu_tot_DPU_ACC, = 0
gpu_tot_INT_MUL24_ACC, = 0
gpu_tot_INT_MUL32_ACC, = 0
gpu_tot_INT_MUL_ACC, = 0
gpu_tot_INT_DIV_ACC, = 0
gpu_tot_FP_MUL_ACC, = 0
gpu_tot_FP_DIV_ACC, = 0
gpu_tot_FP_SQRT_ACC, = 0
gpu_tot_FP_LG_ACC, = 0
gpu_tot_FP_SIN_ACC, = 0
gpu_tot_FP_EXP_ACC, = 0
gpu_tot_DP_MUL_ACC, = 0
gpu_tot_DP_DIV_ACC, = 0
gpu_tot_TENSOR_ACC, = 0
gpu_tot_TEX_ACC, = 0
gpu_tot_MEM_RD, = 1
gpu_tot_MEM_WR, = 0
gpu_tot_MEM_PRE, = 0
gpu_tot_L2_RH, = 0
gpu_tot_L2_RM, = 0
gpu_tot_L2_WH, = 0
gpu_tot_L2_WM, = 0
gpu_tot_NOC_A, = 1
gpu_tot_PIPE_A, = 0.0208541
gpu_tot_IDLE_CORE_N, = 149.921
gpu_tot_constant_power = 0

Kernel Maximum Power Data:
kernel_max_power = 41.4154
gpu_max_IBP, = 3.20958e-05
gpu_max_ICP, = 0
gpu_max_DCP, = 0
gpu_max_TCP, = 0
gpu_max_CCP, = 0
gpu_max_SHRDP, = 0
gpu_max_RFP, = 0.00166037
gpu_max_INTP, = 0.000452013
gpu_max_FPUP, = 0
gpu_max_DPUP, = 0
gpu_max_INT_MUL24P, = 0
gpu_max_INT_MUL32P, = 0
gpu_max_INT_MULP, = 0
gpu_max_INT_DIVP, = 0
gpu_max_FP_MULP, = 0
gpu_max_FP_DIVP, = 0
gpu_max_FP_SQRTP, = 0
gpu_max_FP_LGP, = 0
gpu_max_FP_SINP, = 0
gpu_max_FP_EXP, = 0
gpu_max_DP_MULP, = 0
gpu_max_DP_DIVP, = 0
gpu_max_TENSORP, = 0
gpu_max_TEXP, = 0
gpu_max_SCHEDP, = 9.45158e-05
gpu_max_L2CP, = 0
gpu_max_MCP, = 0.550292
gpu_max_NOCP, = 0.000117528
gpu_max_DRAMP, = 0.0027432
gpu_max_PIPEP, = 0.0214501
gpu_max_IDLE_COREP, = 8.46141
gpu_max_CONSTP = 32.3252
gpu_max_STATICP = 0.0518893
gpu_max_TOT_INST, = 4
gpu_max_FP_INT, = 4
gpu_max_IC_H, = 0
gpu_max_IC_M, = 0
gpu_max_DC_RH, = 0
gpu_max_DC_RM, = 0
gpu_max_DC_WH, = 0
gpu_max_DC_WM, = 0
gpu_max_TC_H, = 0
gpu_max_TC_M, = 0
gpu_max_CC_H, = 0
gpu_max_CC_M, = 0
gpu_max_SHRD_ACC, = 0
gpu_max_REG_RD, = 128
gpu_max_REG_WR, = 128
gpu_max_NON_REG_OPs, = 64
gpu_max_INT_ACC, = 716.963
gpu_max_FPU_ACC, = 0
gpu_max_DPU_ACC, = 0
gpu_max_INT_MUL24_ACC, = 0
gpu_max_INT_MUL32_ACC, = 0
gpu_max_INT_MUL_ACC, = 0
gpu_max_INT_DIV_ACC, = 0
gpu_max_FP_MUL_ACC, = 0
gpu_max_FP_DIV_ACC, = 0
gpu_max_FP_SQRT_ACC, = 0
gpu_max_FP_LG_ACC, = 0
gpu_max_FP_SIN_ACC, = 0
gpu_max_FP_EXP_ACC, = 0
gpu_max_DP_MUL_ACC, = 0
gpu_max_DP_DIV_ACC, = 0
gpu_max_TENSOR_ACC, = 0
gpu_max_TEX_ACC, = 0
gpu_max_MEM_RD, = 1
gpu_max_MEM_WR, = 0
gpu_max_MEM_PRE, = 0
gpu_max_L2_RH, = 0
gpu_max_L2_RM, = 0
gpu_max_L2_WH, = 0
gpu_max_L2_WM, = 0
gpu_max_NOC_A, = 1
gpu_max_PIPE_A, = 0.00418748
gpu_max_IDLE_CORE_N, = 29.921
gpu_max_constant_power = 0

Kernel Minimum Power Data:
kernel_min_power = 41.3805
gpu_min_IBP, = 0
gpu_min_ICP, = 0
gpu_min_DCP, = 0
gpu_min_TCP, = 0
gpu_min_CCP, = 0
gpu_min_SHRDP, = 0
gpu_min_RFP, = 0
gpu_min_INTP, = 0
gpu_min_FPUP, = 0
gpu_min_DPUP, = 0
gpu_min_INT_MUL24P, = 0
gpu_min_INT_MUL32P, = 0
gpu_min_INT_MULP, = 0
gpu_min_INT_DIVP, = 0
gpu_min_FP_MULP, = 0
gpu_min_FP_DIVP, = 0
gpu_min_FP_SQRTP, = 0
gpu_min_FP_LGP, = 0
gpu_min_FP_SINP, = 0
gpu_min_FP_EXP, = 0
gpu_min_DP_MULP, = 0
gpu_min_DP_DIVP, = 0
gpu_min_TENSORP, = 0
gpu_min_TEXP, = 0
gpu_min_SCHEDP, = 0
gpu_min_L2CP, = 0
gpu_min_MCP, = 0.55022
gpu_min_NOCP, = 0
gpu_min_DRAMP, = 0
gpu_min_PIPEP, = 0.0213434
gpu_min_IDLE_COREP, = 8.48375
gpu_min_CONSTP = 32.3252
gpu_min_STATICP = 0
gpu_min_TOT_INST, = 0
gpu_min_FP_INT, = 0
gpu_min_IC_H, = 0
gpu_min_IC_M, = 0
gpu_min_DC_RH, = 0
gpu_min_DC_RM, = 0
gpu_min_DC_WH, = 0
gpu_min_DC_WM, = 0
gpu_min_TC_H, = 0
gpu_min_TC_M, = 0
gpu_min_CC_H, = 0
gpu_min_CC_M, = 0
gpu_min_SHRD_ACC, = 0
gpu_min_REG_RD, = 0
gpu_min_REG_WR, = 0
gpu_min_NON_REG_OPs, = 0
gpu_min_INT_ACC, = 0
gpu_min_FPU_ACC, = 0
gpu_min_DPU_ACC, = 0
gpu_min_INT_MUL24_ACC, = 0
gpu_min_INT_MUL32_ACC, = 0
gpu_min_INT_MUL_ACC, = 0
gpu_min_INT_DIV_ACC, = 0
gpu_min_FP_MUL_ACC, = 0
gpu_min_FP_DIV_ACC, = 0
gpu_min_FP_SQRT_ACC, = 0
gpu_min_FP_LG_ACC, = 0
gpu_min_FP_SIN_ACC, = 0
gpu_min_FP_EXP_ACC, = 0
gpu_min_DP_MUL_ACC, = 0
gpu_min_DP_DIV_ACC, = 0
gpu_min_TENSOR_ACC, = 0
gpu_min_TEX_ACC, = 0
gpu_min_MEM_RD, = 0
gpu_min_MEM_WR, = 0
gpu_min_MEM_PRE, = 0
gpu_min_L2_RH, = 0
gpu_min_L2_RM, = 0
gpu_min_L2_WH, = 0
gpu_min_L2_WM, = 0
gpu_min_NOC_A, = 0
gpu_min_PIPE_A, = 0.00416665
gpu_min_IDLE_CORE_N, = 30
gpu_min_constant_power = 0

Accumulative Power Statistics Over Previous Kernels:
gpu_tot_avg_power = 41.613
gpu_tot_max_power = 46.8122
gpu_tot_min_power = 41.3592


kernel_name = _Z10bc_forwardPKmPKiPiS3_i9Worklist2S4_ 
kernel_launch_uid = 6 

Kernel Average Power Data:
kernel_avg_power = 41.9285
gpu_avg_IBP, = 0.000809056
gpu_avg_ICP, = 0
gpu_avg_DCP, = 0.105527
gpu_avg_TCP, = 0
gpu_avg_CCP, = 0
gpu_avg_SHRDP, = 0
gpu_avg_RFP, = 0.0399821
gpu_avg_INTP, = 0.00593419
gpu_avg_FPUP, = 0
gpu_avg_DPUP, = 0
gpu_avg_INT_MUL24P, = 0
gpu_avg_INT_MUL32P, = 0.00873431
gpu_avg_INT_MULP, = 0
gpu_avg_INT_DIVP, = 0
gpu_avg_FP_MULP, = 0
gpu_avg_FP_DIVP, = 0
gpu_avg_FP_SQRTP, = 0
gpu_avg_FP_LGP, = 0
gpu_avg_FP_SINP, = 0
gpu_avg_FP_EXP, = 0
gpu_avg_DP_MULP, = 0
gpu_avg_DP_DIVP, = 0
gpu_avg_TENSORP, = 0
gpu_avg_TEXP, = 0
gpu_avg_SCHEDP, = 0.00238251
gpu_avg_L2CP, = 0.0052024
gpu_avg_MCP, = 0.562769
gpu_avg_NOCP, = 0.0122778
gpu_avg_DRAMP, = 0.000678686
gpu_avg_PIPEP, = 0.02324
gpu_avg_IDLE_COREP, = 8.20188
gpu_avg_CONSTP = 32.3252
gpu_avg_STATICP = 0.633863
gpu_avg_TOT_INST, = 100.83
gpu_avg_FP_INT, = 100.83
gpu_avg_IC_H, = 0
gpu_avg_IC_M, = 0
gpu_avg_DC_RH, = 166.185
gpu_avg_DC_RM, = 6.40383
gpu_avg_DC_WH, = 1.07103
gpu_avg_DC_WM, = 0.306464
gpu_avg_TC_H, = 0
gpu_avg_TC_M, = 0
gpu_avg_CC_H, = 0
gpu_avg_CC_M, = 0
gpu_avg_SHRD_ACC, = 0
gpu_avg_REG_RD, = 2991.35
gpu_avg_REG_WR, = 2890.11
gpu_avg_NON_REG_OPs, = 1606.69
gpu_avg_INT_ACC, = 9412.55
gpu_avg_FPU_ACC, = 0
gpu_avg_DPU_ACC, = 0
gpu_avg_INT_MUL24_ACC, = 0
gpu_avg_INT_MUL32_ACC, = 165.454
gpu_avg_INT_MUL_ACC, = 0
gpu_avg_INT_DIV_ACC, = 0
gpu_avg_FP_MUL_ACC, = 0
gpu_avg_FP_DIV_ACC, = 0
gpu_avg_FP_SQRT_ACC, = 0
gpu_avg_FP_LG_ACC, = 0
gpu_avg_FP_SIN_ACC, = 0
gpu_avg_FP_EXP_ACC, = 0
gpu_avg_DP_MUL_ACC, = 0
gpu_avg_DP_DIV_ACC, = 0
gpu_avg_TENSOR_ACC, = 0
gpu_avg_TEX_ACC, = 0
gpu_avg_MEM_RD, = 0.247406
gpu_avg_MEM_WR, = 0
gpu_avg_MEM_PRE, = 0
gpu_avg_L2_RH, = 50.6081
gpu_avg_L2_RM, = 0.247406
gpu_avg_L2_WH, = 1.07263
gpu_avg_L2_WM, = 0.304868
gpu_avg_NOC_A, = 104.467
gpu_avg_PIPE_A, = 0.00453691
gpu_avg_IDLE_CORE_N, = 29.0033
gpu_avg_constant_power = 0
gpu_avg_threads_per_warp = 6.9995
gpu_tot_TOT_INST, = 126340
gpu_tot_FP_INT, = 126340
gpu_tot_IC_H, = 0
gpu_tot_IC_M, = 0
gpu_tot_DC_RH, = 208230
gpu_tot_DC_RM, = 8024
gpu_tot_DC_WH, = 1342
gpu_tot_DC_WM, = 384
gpu_tot_TC_H, = 0
gpu_tot_TC_M, = 0
gpu_tot_CC_H, = 0
gpu_tot_CC_M, = 0
gpu_tot_SHRD_ACC, = 0
gpu_tot_REG_RD, = 3.74816e+06
gpu_tot_REG_WR, = 3.62131e+06
gpu_tot_NON_REG_OPs, = 2.01318e+06
gpu_tot_INT_ACC, = 1.17939e+07
gpu_tot_FPU_ACC, = 0
gpu_tot_DPU_ACC, = 0
gpu_tot_INT_MUL24_ACC, = 0
gpu_tot_INT_MUL32_ACC, = 207314
gpu_tot_INT_MUL_ACC, = 0
gpu_tot_INT_DIV_ACC, = 0
gpu_tot_FP_MUL_ACC, = 0
gpu_tot_FP_DIV_ACC, = 0
gpu_tot_FP_SQRT_ACC, = 0
gpu_tot_FP_LG_ACC, = 0
gpu_tot_FP_SIN_ACC, = 0
gpu_tot_FP_EXP_ACC, = 0
gpu_tot_DP_MUL_ACC, = 0
gpu_tot_DP_DIV_ACC, = 0
gpu_tot_TENSOR_ACC, = 0
gpu_tot_TEX_ACC, = 0
gpu_tot_MEM_RD, = 310
gpu_tot_MEM_WR, = 0
gpu_tot_MEM_PRE, = 0
gpu_tot_L2_RH, = 63412
gpu_tot_L2_RM, = 310
gpu_tot_L2_WH, = 1344
gpu_tot_L2_WM, = 382
gpu_tot_NOC_A, = 130897
gpu_tot_PIPE_A, = 5.68475
gpu_tot_IDLE_CORE_N, = 36341.1
gpu_tot_constant_power = 0

Kernel Maximum Power Data:
kernel_max_power = 42.5118
gpu_max_IBP, = 0.0023109
gpu_max_ICP, = 0
gpu_max_DCP, = 0.0698758
gpu_max_TCP, = 0
gpu_max_CCP, = 0
gpu_max_SHRDP, = 0
gpu_max_RFP, = 0.111824
gpu_max_INTP, = 0.0378848
gpu_max_FPUP, = 0
gpu_max_DPUP, = 0
gpu_max_INT_MUL24P, = 0
gpu_max_INT_MUL32P, = 0.0313044
gpu_max_INT_MULP, = 0
gpu_max_INT_DIVP, = 0
gpu_max_FP_MULP, = 0
gpu_max_FP_DIVP, = 0
gpu_max_FP_SQRTP, = 0
gpu_max_FP_LGP, = 0
gpu_max_FP_SINP, = 0
gpu_max_FP_EXP, = 0
gpu_max_DP_MULP, = 0
gpu_max_DP_DIVP, = 0
gpu_max_TENSORP, = 0
gpu_max_TEXP, = 0
gpu_max_SCHEDP, = 0.00680514
gpu_max_L2CP, = 0.0123941
gpu_max_MCP, = 0.560129
gpu_max_NOCP, = 0.0310274
gpu_max_DRAMP, = 0
gpu_max_PIPEP, = 0.0269567
gpu_max_IDLE_COREP, = 8.20124
gpu_max_CONSTP = 32.3252
gpu_max_STATICP = 1.09482
gpu_max_TOT_INST, = 288
gpu_max_FP_INT, = 288
gpu_max_IC_H, = 0
gpu_max_IC_M, = 0
gpu_max_DC_RH, = 82
gpu_max_DC_RM, = 50
gpu_max_DC_WH, = 0
gpu_max_DC_WM, = 0
gpu_max_TC_H, = 0
gpu_max_TC_M, = 0
gpu_max_CC_H, = 0
gpu_max_CC_M, = 0
gpu_max_SHRD_ACC, = 0
gpu_max_REG_RD, = 5440
gpu_max_REG_WR, = 10112
gpu_max_NON_REG_OPs, = 4800
gpu_max_INT_ACC, = 60091.3
gpu_max_FPU_ACC, = 0
gpu_max_DPU_ACC, = 0
gpu_max_INT_MUL24_ACC, = 0
gpu_max_INT_MUL32_ACC, = 593
gpu_max_INT_MUL_ACC, = 0
gpu_max_INT_DIV_ACC, = 0
gpu_max_FP_MUL_ACC, = 0
gpu_max_FP_DIV_ACC, = 0
gpu_max_FP_SQRT_ACC, = 0
gpu_max_FP_LG_ACC, = 0
gpu_max_FP_SIN_ACC, = 0
gpu_max_FP_EXP_ACC, = 0
gpu_max_DP_MUL_ACC, = 0
gpu_max_DP_DIV_ACC, = 0
gpu_max_TENSOR_ACC, = 0
gpu_max_TEX_ACC, = 0
gpu_max_MEM_RD, = 0
gpu_max_MEM_WR, = 0
gpu_max_MEM_PRE, = 0
gpu_max_L2_RH, = 132
gpu_max_L2_RM, = 0
gpu_max_L2_WH, = 0
gpu_max_L2_WM, = 0
gpu_max_NOC_A, = 264
gpu_max_PIPE_A, = 0.00526247
gpu_max_IDLE_CORE_N, = 29.001
gpu_max_constant_power = 0

Kernel Minimum Power Data:
kernel_min_power = 41.3805
gpu_min_IBP, = 0
gpu_min_ICP, = 0
gpu_min_DCP, = 0
gpu_min_TCP, = 0
gpu_min_CCP, = 0
gpu_min_SHRDP, = 0
gpu_min_RFP, = 0
gpu_min_INTP, = 0
gpu_min_FPUP, = 0
gpu_min_DPUP, = 0
gpu_min_INT_MUL24P, = 0
gpu_min_INT_MUL32P, = 0
gpu_min_INT_MULP, = 0
gpu_min_INT_DIVP, = 0
gpu_min_FP_MULP, = 0
gpu_min_FP_DIVP, = 0
gpu_min_FP_SQRTP, = 0
gpu_min_FP_LGP, = 0
gpu_min_FP_SINP, = 0
gpu_min_FP_EXP, = 0
gpu_min_DP_MULP, = 0
gpu_min_DP_DIVP, = 0
gpu_min_TENSORP, = 0
gpu_min_TEXP, = 0
gpu_min_SCHEDP, = 0
gpu_min_L2CP, = 0
gpu_min_MCP, = 0.55022
gpu_min_NOCP, = 0
gpu_min_DRAMP, = 0
gpu_min_PIPEP, = 0.0213434
gpu_min_IDLE_COREP, = 8.48375
gpu_min_CONSTP = 32.3252
gpu_min_STATICP = 0
gpu_min_TOT_INST, = 0
gpu_min_FP_INT, = 0
gpu_min_IC_H, = 0
gpu_min_IC_M, = 0
gpu_min_DC_RH, = 0
gpu_min_DC_RM, = 0
gpu_min_DC_WH, = 0
gpu_min_DC_WM, = 0
gpu_min_TC_H, = 0
gpu_min_TC_M, = 0
gpu_min_CC_H, = 0
gpu_min_CC_M, = 0
gpu_min_SHRD_ACC, = 0
gpu_min_REG_RD, = 0
gpu_min_REG_WR, = 0
gpu_min_NON_REG_OPs, = 0
gpu_min_INT_ACC, = 0
gpu_min_FPU_ACC, = 0
gpu_min_DPU_ACC, = 0
gpu_min_INT_MUL24_ACC, = 0
gpu_min_INT_MUL32_ACC, = 0
gpu_min_INT_MUL_ACC, = 0
gpu_min_INT_DIV_ACC, = 0
gpu_min_FP_MUL_ACC, = 0
gpu_min_FP_DIV_ACC, = 0
gpu_min_FP_SQRT_ACC, = 0
gpu_min_FP_LG_ACC, = 0
gpu_min_FP_SIN_ACC, = 0
gpu_min_FP_EXP_ACC, = 0
gpu_min_DP_MUL_ACC, = 0
gpu_min_DP_DIV_ACC, = 0
gpu_min_TENSOR_ACC, = 0
gpu_min_TEX_ACC, = 0
gpu_min_MEM_RD, = 0
gpu_min_MEM_WR, = 0
gpu_min_MEM_PRE, = 0
gpu_min_L2_RH, = 0
gpu_min_L2_RM, = 0
gpu_min_L2_WH, = 0
gpu_min_L2_WM, = 0
gpu_min_NOC_A, = 0
gpu_min_PIPE_A, = 0.00416665
gpu_min_IDLE_CORE_N, = 30
gpu_min_constant_power = 0

Accumulative Power Statistics Over Previous Kernels:
gpu_tot_avg_power = 41.8932
gpu_tot_max_power = 46.8122
gpu_tot_min_power = 41.3592


kernel_name = _Z13push_frontier9Worklist2Pii 
kernel_launch_uid = 7 

Kernel Average Power Data:
kernel_avg_power = 41.4071
gpu_avg_IBP, = 6.41917e-06
gpu_avg_ICP, = 0
gpu_avg_DCP, = 0
gpu_avg_TCP, = 0
gpu_avg_CCP, = 0
gpu_avg_SHRDP, = 0
gpu_avg_RFP, = 0.000332073
gpu_avg_INTP, = 9.04025e-05
gpu_avg_FPUP, = 0
gpu_avg_DPUP, = 0
gpu_avg_INT_MUL24P, = 0
gpu_avg_INT_MUL32P, = 0
gpu_avg_INT_MULP, = 0
gpu_avg_INT_DIVP, = 0
gpu_avg_FP_MULP, = 0
gpu_avg_FP_DIVP, = 0
gpu_avg_FP_SQRTP, = 0
gpu_avg_FP_LGP, = 0
gpu_avg_FP_SINP, = 0
gpu_avg_FP_EXP, = 0
gpu_avg_DP_MULP, = 0
gpu_avg_DP_DIVP, = 0
gpu_avg_TENSORP, = 0
gpu_avg_TEXP, = 0
gpu_avg_SCHEDP, = 1.89032e-05
gpu_avg_L2CP, = 1.8779e-05
gpu_avg_MCP, = 0.55022
gpu_avg_NOCP, = 2.35056e-05
gpu_avg_DRAMP, = 0
gpu_avg_PIPEP, = 0.0429685
gpu_avg_IDLE_COREP, = 8.48036
gpu_avg_CONSTP = 32.3252
gpu_avg_STATICP = 0.0078818
gpu_avg_TOT_INST, = 0.8
gpu_avg_FP_INT, = 0.8
gpu_avg_IC_H, = 0
gpu_avg_IC_M, = 0
gpu_avg_DC_RH, = 0
gpu_avg_DC_RM, = 0
gpu_avg_DC_WH, = 0
gpu_avg_DC_WM, = 0
gpu_avg_TC_H, = 0
gpu_avg_TC_M, = 0
gpu_avg_CC_H, = 0
gpu_avg_CC_M, = 0
gpu_avg_SHRD_ACC, = 0
gpu_avg_REG_RD, = 25.6
gpu_avg_REG_WR, = 25.6
gpu_avg_NON_REG_OPs, = 12.8
gpu_avg_INT_ACC, = 143.393
gpu_avg_FPU_ACC, = 0
gpu_avg_DPU_ACC, = 0
gpu_avg_INT_MUL24_ACC, = 0
gpu_avg_INT_MUL32_ACC, = 0
gpu_avg_INT_MUL_ACC, = 0
gpu_avg_INT_DIV_ACC, = 0
gpu_avg_FP_MUL_ACC, = 0
gpu_avg_FP_DIV_ACC, = 0
gpu_avg_FP_SQRT_ACC, = 0
gpu_avg_FP_LG_ACC, = 0
gpu_avg_FP_SIN_ACC, = 0
gpu_avg_FP_EXP_ACC, = 0
gpu_avg_DP_MUL_ACC, = 0
gpu_avg_DP_DIV_ACC, = 0
gpu_avg_TENSOR_ACC, = 0
gpu_avg_TEX_ACC, = 0
gpu_avg_MEM_RD, = 0
gpu_avg_MEM_WR, = 0
gpu_avg_MEM_PRE, = 0
gpu_avg_L2_RH, = 0.2
gpu_avg_L2_RM, = 0
gpu_avg_L2_WH, = 0
gpu_avg_L2_WM, = 0
gpu_avg_NOC_A, = 0.2
gpu_avg_PIPE_A, = 0.00838829
gpu_avg_IDLE_CORE_N, = 29.988
gpu_avg_constant_power = 0
gpu_avg_threads_per_warp = 0.2
gpu_tot_TOT_INST, = 4
gpu_tot_FP_INT, = 4
gpu_tot_IC_H, = 0
gpu_tot_IC_M, = 0
gpu_tot_DC_RH, = 0
gpu_tot_DC_RM, = 0
gpu_tot_DC_WH, = 0
gpu_tot_DC_WM, = 0
gpu_tot_TC_H, = 0
gpu_tot_TC_M, = 0
gpu_tot_CC_H, = 0
gpu_tot_CC_M, = 0
gpu_tot_SHRD_ACC, = 0
gpu_tot_REG_RD, = 128
gpu_tot_REG_WR, = 128
gpu_tot_NON_REG_OPs, = 64
gpu_tot_INT_ACC, = 716.963
gpu_tot_FPU_ACC, = 0
gpu_tot_DPU_ACC, = 0
gpu_tot_INT_MUL24_ACC, = 0
gpu_tot_INT_MUL32_ACC, = 0
gpu_tot_INT_MUL_ACC, = 0
gpu_tot_INT_DIV_ACC, = 0
gpu_tot_FP_MUL_ACC, = 0
gpu_tot_FP_DIV_ACC, = 0
gpu_tot_FP_SQRT_ACC, = 0
gpu_tot_FP_LG_ACC, = 0
gpu_tot_FP_SIN_ACC, = 0
gpu_tot_FP_EXP_ACC, = 0
gpu_tot_DP_MUL_ACC, = 0
gpu_tot_DP_DIV_ACC, = 0
gpu_tot_TENSOR_ACC, = 0
gpu_tot_TEX_ACC, = 0
gpu_tot_MEM_RD, = 0
gpu_tot_MEM_WR, = 0
gpu_tot_MEM_PRE, = 0
gpu_tot_L2_RH, = 1
gpu_tot_L2_RM, = 0
gpu_tot_L2_WH, = 0
gpu_tot_L2_WM, = 0
gpu_tot_NOC_A, = 1
gpu_tot_PIPE_A, = 0.0419415
gpu_tot_IDLE_CORE_N, = 149.94
gpu_tot_constant_power = 0

Kernel Maximum Power Data:
kernel_max_power = 41.4282
gpu_max_IBP, = 3.20958e-05
gpu_max_ICP, = 0
gpu_max_DCP, = 0
gpu_max_TCP, = 0
gpu_max_CCP, = 0
gpu_max_SHRDP, = 0
gpu_max_RFP, = 0.00166037
gpu_max_INTP, = 0.000452013
gpu_max_FPUP, = 0
gpu_max_DPUP, = 0
gpu_max_INT_MUL24P, = 0
gpu_max_INT_MUL32P, = 0
gpu_max_INT_MULP, = 0
gpu_max_INT_DIVP, = 0
gpu_max_FP_MULP, = 0
gpu_max_FP_DIVP, = 0
gpu_max_FP_SQRTP, = 0
gpu_max_FP_LGP, = 0
gpu_max_FP_SINP, = 0
gpu_max_FP_EXP, = 0
gpu_max_DP_MULP, = 0
gpu_max_DP_DIVP, = 0
gpu_max_TENSORP, = 0
gpu_max_TEXP, = 0
gpu_max_SCHEDP, = 9.45158e-05
gpu_max_L2CP, = 9.38949e-05
gpu_max_MCP, = 0.55022
gpu_max_NOCP, = 0.000117528
gpu_max_DRAMP, = 0
gpu_max_PIPEP, = 0.0440954
gpu_max_IDLE_COREP, = 8.46678
gpu_max_CONSTP = 32.3252
gpu_max_STATICP = 0.039409
gpu_max_TOT_INST, = 4
gpu_max_FP_INT, = 4
gpu_max_IC_H, = 0
gpu_max_IC_M, = 0
gpu_max_DC_RH, = 0
gpu_max_DC_RM, = 0
gpu_max_DC_WH, = 0
gpu_max_DC_WM, = 0
gpu_max_TC_H, = 0
gpu_max_TC_M, = 0
gpu_max_CC_H, = 0
gpu_max_CC_M, = 0
gpu_max_SHRD_ACC, = 0
gpu_max_REG_RD, = 128
gpu_max_REG_WR, = 128
gpu_max_NON_REG_OPs, = 64
gpu_max_INT_ACC, = 716.963
gpu_max_FPU_ACC, = 0
gpu_max_DPU_ACC, = 0
gpu_max_INT_MUL24_ACC, = 0
gpu_max_INT_MUL32_ACC, = 0
gpu_max_INT_MUL_ACC, = 0
gpu_max_INT_DIV_ACC, = 0
gpu_max_FP_MUL_ACC, = 0
gpu_max_FP_DIV_ACC, = 0
gpu_max_FP_SQRT_ACC, = 0
gpu_max_FP_LG_ACC, = 0
gpu_max_FP_SIN_ACC, = 0
gpu_max_FP_EXP_ACC, = 0
gpu_max_DP_MUL_ACC, = 0
gpu_max_DP_DIV_ACC, = 0
gpu_max_TENSOR_ACC, = 0
gpu_max_TEX_ACC, = 0
gpu_max_MEM_RD, = 0
gpu_max_MEM_WR, = 0
gpu_max_MEM_PRE, = 0
gpu_max_L2_RH, = 1
gpu_max_L2_RM, = 0
gpu_max_L2_WH, = 0
gpu_max_L2_WM, = 0
gpu_max_NOC_A, = 1
gpu_max_PIPE_A, = 0.00860829
gpu_max_IDLE_CORE_N, = 29.94
gpu_max_constant_power = 0

Kernel Minimum Power Data:
kernel_min_power = 41.4019
gpu_min_IBP, = 0
gpu_min_ICP, = 0
gpu_min_DCP, = 0
gpu_min_TCP, = 0
gpu_min_CCP, = 0
gpu_min_SHRDP, = 0
gpu_min_RFP, = 0
gpu_min_INTP, = 0
gpu_min_FPUP, = 0
gpu_min_DPUP, = 0
gpu_min_INT_MUL24P, = 0
gpu_min_INT_MUL32P, = 0
gpu_min_INT_MULP, = 0
gpu_min_INT_DIVP, = 0
gpu_min_FP_MULP, = 0
gpu_min_FP_DIVP, = 0
gpu_min_FP_SQRTP, = 0
gpu_min_FP_LGP, = 0
gpu_min_FP_SINP, = 0
gpu_min_FP_EXP, = 0
gpu_min_DP_MULP, = 0
gpu_min_DP_DIVP, = 0
gpu_min_TENSORP, = 0
gpu_min_TEXP, = 0
gpu_min_SCHEDP, = 0
gpu_min_L2CP, = 0
gpu_min_MCP, = 0.55022
gpu_min_NOCP, = 0
gpu_min_DRAMP, = 0
gpu_min_PIPEP, = 0.0426867
gpu_min_IDLE_COREP, = 8.48375
gpu_min_CONSTP = 32.3252
gpu_min_STATICP = 0
gpu_min_TOT_INST, = 0
gpu_min_FP_INT, = 0
gpu_min_IC_H, = 0
gpu_min_IC_M, = 0
gpu_min_DC_RH, = 0
gpu_min_DC_RM, = 0
gpu_min_DC_WH, = 0
gpu_min_DC_WM, = 0
gpu_min_TC_H, = 0
gpu_min_TC_M, = 0
gpu_min_CC_H, = 0
gpu_min_CC_M, = 0
gpu_min_SHRD_ACC, = 0
gpu_min_REG_RD, = 0
gpu_min_REG_WR, = 0
gpu_min_NON_REG_OPs, = 0
gpu_min_INT_ACC, = 0
gpu_min_FPU_ACC, = 0
gpu_min_DPU_ACC, = 0
gpu_min_INT_MUL24_ACC, = 0
gpu_min_INT_MUL32_ACC, = 0
gpu_min_INT_MUL_ACC, = 0
gpu_min_INT_DIV_ACC, = 0
gpu_min_FP_MUL_ACC, = 0
gpu_min_FP_DIV_ACC, = 0
gpu_min_FP_SQRT_ACC, = 0
gpu_min_FP_LG_ACC, = 0
gpu_min_FP_SIN_ACC, = 0
gpu_min_FP_EXP_ACC, = 0
gpu_min_DP_MUL_ACC, = 0
gpu_min_DP_DIV_ACC, = 0
gpu_min_TENSOR_ACC, = 0
gpu_min_TEX_ACC, = 0
gpu_min_MEM_RD, = 0
gpu_min_MEM_WR, = 0
gpu_min_MEM_PRE, = 0
gpu_min_L2_RH, = 0
gpu_min_L2_RM, = 0
gpu_min_L2_WH, = 0
gpu_min_L2_WM, = 0
gpu_min_NOC_A, = 0
gpu_min_PIPE_A, = 0.00833329
gpu_min_IDLE_CORE_N, = 30
gpu_min_constant_power = 0

Accumulative Power Statistics Over Previous Kernels:
gpu_tot_avg_power = 41.8915
gpu_tot_max_power = 46.8122
gpu_tot_min_power = 41.3592


kernel_name = _Z10bc_forwardPKmPKiPiS3_i9Worklist2S4_ 
kernel_launch_uid = 8 

Kernel Average Power Data:
kernel_avg_power = 47.607
gpu_avg_IBP, = 0.0149763
gpu_avg_ICP, = 0
gpu_avg_DCP, = 2.17534
gpu_avg_TCP, = 0
gpu_avg_CCP, = 0
gpu_avg_SHRDP, = 0
gpu_avg_RFP, = 0.559481
gpu_avg_INTP, = 0.102087
gpu_avg_FPUP, = 0
gpu_avg_DPUP, = 0
gpu_avg_INT_MUL24P, = 0
gpu_avg_INT_MUL32P, = 0.183016
gpu_avg_INT_MULP, = 0
gpu_avg_INT_DIVP, = 0
gpu_avg_FP_MULP, = 0
gpu_avg_FP_DIVP, = 0
gpu_avg_FP_SQRTP, = 0
gpu_avg_FP_LGP, = 0
gpu_avg_FP_SINP, = 0
gpu_avg_FP_EXP, = 0
gpu_avg_DP_MULP, = 0
gpu_avg_DP_DIVP, = 0
gpu_avg_TENSORP, = 0
gpu_avg_TEXP, = 0
gpu_avg_SCHEDP, = 0.0441021
gpu_avg_L2CP, = 0.0183389
gpu_avg_MCP, = 0.809511
gpu_avg_NOCP, = 0.0454051
gpu_avg_DRAMP, = 7.25715e-06
gpu_avg_PIPEP, = 0.193678
gpu_avg_IDLE_COREP, = 6.73231
gpu_avg_CONSTP = 32.3252
gpu_avg_STATICP = 4.40348
gpu_avg_TOT_INST, = 1866.44
gpu_avg_FP_INT, = 1866.44
gpu_avg_IC_H, = 0
gpu_avg_IC_M, = 0
gpu_avg_DC_RH, = 3401.88
gpu_avg_DC_RM, = 178.28
gpu_avg_DC_WH, = 0.293651
gpu_avg_DC_WM, = 1.11905
gpu_avg_TC_H, = 0
gpu_avg_TC_M, = 0
gpu_avg_CC_H, = 0
gpu_avg_CC_M, = 0
gpu_avg_SHRD_ACC, = 0
gpu_avg_REG_RD, = 44580.4
gpu_avg_REG_WR, = 27716.6
gpu_avg_NON_REG_OPs, = 24577.6
gpu_avg_INT_ACC, = 161926
gpu_avg_FPU_ACC, = 0
gpu_avg_DPU_ACC, = 0
gpu_avg_INT_MUL24_ACC, = 0
gpu_avg_INT_MUL32_ACC, = 3466.87
gpu_avg_INT_MUL_ACC, = 0
gpu_avg_INT_DIV_ACC, = 0
gpu_avg_FP_MUL_ACC, = 0
gpu_avg_FP_DIV_ACC, = 0
gpu_avg_FP_SQRT_ACC, = 0
gpu_avg_FP_LG_ACC, = 0
gpu_avg_FP_SIN_ACC, = 0
gpu_avg_FP_EXP_ACC, = 0
gpu_avg_DP_MUL_ACC, = 0
gpu_avg_DP_DIV_ACC, = 0
gpu_avg_TENSOR_ACC, = 0
gpu_avg_TEX_ACC, = 0
gpu_avg_MEM_RD, = 0.0026455
gpu_avg_MEM_WR, = 0
gpu_avg_MEM_PRE, = 0
gpu_avg_L2_RH, = 191.751
gpu_avg_L2_RM, = 0.0026455
gpu_avg_L2_WH, = 0.439153
gpu_avg_L2_WM, = 0.973545
gpu_avg_NOC_A, = 386.333
gpu_avg_PIPE_A, = 0.0378098
gpu_avg_IDLE_CORE_N, = 23.8066
gpu_avg_constant_power = 0
gpu_avg_threads_per_warp = 6.74481
gpu_tot_TOT_INST, = 705516
gpu_tot_FP_INT, = 705516
gpu_tot_IC_H, = 0
gpu_tot_IC_M, = 0
gpu_tot_DC_RH, = 1.28591e+06
gpu_tot_DC_RM, = 67390
gpu_tot_DC_WH, = 111
gpu_tot_DC_WM, = 423
gpu_tot_TC_H, = 0
gpu_tot_TC_M, = 0
gpu_tot_CC_H, = 0
gpu_tot_CC_M, = 0
gpu_tot_SHRD_ACC, = 0
gpu_tot_REG_RD, = 1.68514e+07
gpu_tot_REG_WR, = 1.04769e+07
gpu_tot_NON_REG_OPs, = 9.29034e+06
gpu_tot_INT_ACC, = 6.1208e+07
gpu_tot_FPU_ACC, = 0
gpu_tot_DPU_ACC, = 0
gpu_tot_INT_MUL24_ACC, = 0
gpu_tot_INT_MUL32_ACC, = 1.31048e+06
gpu_tot_INT_MUL_ACC, = 0
gpu_tot_INT_DIV_ACC, = 0
gpu_tot_FP_MUL_ACC, = 0
gpu_tot_FP_DIV_ACC, = 0
gpu_tot_FP_SQRT_ACC, = 0
gpu_tot_FP_LG_ACC, = 0
gpu_tot_FP_SIN_ACC, = 0
gpu_tot_FP_EXP_ACC, = 0
gpu_tot_DP_MUL_ACC, = 0
gpu_tot_DP_DIV_ACC, = 0
gpu_tot_TENSOR_ACC, = 0
gpu_tot_TEX_ACC, = 0
gpu_tot_MEM_RD, = 1
gpu_tot_MEM_WR, = 0
gpu_tot_MEM_PRE, = 0
gpu_tot_L2_RH, = 72482
gpu_tot_L2_RM, = 1
gpu_tot_L2_WH, = 166
gpu_tot_L2_WM, = 368
gpu_tot_NOC_A, = 146034
gpu_tot_PIPE_A, = 14.2921
gpu_tot_IDLE_CORE_N, = 8998.9
gpu_tot_constant_power = 0

Kernel Maximum Power Data:
kernel_max_power = 63.1208
gpu_max_IBP, = 0.0211993
gpu_max_ICP, = 0
gpu_max_DCP, = 9.5447
gpu_max_TCP, = 0
gpu_max_CCP, = 0
gpu_max_SHRDP, = 0
gpu_max_RFP, = 0.850115
gpu_max_INTP, = 0.208593
gpu_max_FPUP, = 0
gpu_max_DPUP, = 0
gpu_max_INT_MUL24P, = 0
gpu_max_INT_MUL32P, = 0.304334
gpu_max_INT_MULP, = 0
gpu_max_INT_DIVP, = 0
gpu_max_FP_MULP, = 0
gpu_max_FP_DIVP, = 0
gpu_max_FP_SQRTP, = 0
gpu_max_FP_LGP, = 0
gpu_max_FP_SINP, = 0
gpu_max_FP_EXP, = 0
gpu_max_DP_MULP, = 0
gpu_max_DP_DIVP, = 0
gpu_max_TENSORP, = 0
gpu_max_TEXP, = 0
gpu_max_SCHEDP, = 0.0624277
gpu_max_L2CP, = 0.0744587
gpu_max_MCP, = 1.68667
gpu_max_NOCP, = 0.185577
gpu_max_DRAMP, = 0
gpu_max_PIPEP, = 0.0852667
gpu_max_IDLE_COREP, = 5.09025
gpu_max_CONSTP = 32.3252
gpu_max_STATICP = 12.682
gpu_max_TOT_INST, = 2642
gpu_max_FP_INT, = 2642
gpu_max_IC_H, = 0
gpu_max_IC_M, = 0
gpu_max_DC_RH, = 14940
gpu_max_DC_RM, = 765
gpu_max_DC_WH, = 0
gpu_max_DC_WM, = 0
gpu_max_TC_H, = 0
gpu_max_TC_M, = 0
gpu_max_CC_H, = 0
gpu_max_CC_M, = 0
gpu_max_SHRD_ACC, = 0
gpu_max_REG_RD, = 64352
gpu_max_REG_WR, = 55264
gpu_max_NON_REG_OPs, = 35328
gpu_max_INT_ACC, = 330861
gpu_max_FPU_ACC, = 0
gpu_max_DPU_ACC, = 0
gpu_max_INT_MUL24_ACC, = 0
gpu_max_INT_MUL32_ACC, = 5765
gpu_max_INT_MUL_ACC, = 0
gpu_max_INT_DIV_ACC, = 0
gpu_max_FP_MUL_ACC, = 0
gpu_max_FP_DIV_ACC, = 0
gpu_max_FP_SQRT_ACC, = 0
gpu_max_FP_LG_ACC, = 0
gpu_max_FP_SIN_ACC, = 0
gpu_max_FP_EXP_ACC, = 0
gpu_max_DP_MUL_ACC, = 0
gpu_max_DP_DIV_ACC, = 0
gpu_max_TENSOR_ACC, = 0
gpu_max_TEX_ACC, = 0
gpu_max_MEM_RD, = 0
gpu_max_MEM_WR, = 0
gpu_max_MEM_PRE, = 0
gpu_max_L2_RH, = 793
gpu_max_L2_RM, = 0
gpu_max_L2_WH, = 0
gpu_max_L2_WM, = 0
gpu_max_NOC_A, = 1579
gpu_max_PIPE_A, = 0.0166457
gpu_max_IDLE_CORE_N, = 18
gpu_max_constant_power = 0

Kernel Minimum Power Data:
kernel_min_power = 41.4019
gpu_min_IBP, = 0
gpu_min_ICP, = 0
gpu_min_DCP, = 0
gpu_min_TCP, = 0
gpu_min_CCP, = 0
gpu_min_SHRDP, = 0
gpu_min_RFP, = 0
gpu_min_INTP, = 0
gpu_min_FPUP, = 0
gpu_min_DPUP, = 0
gpu_min_INT_MUL24P, = 0
gpu_min_INT_MUL32P, = 0
gpu_min_INT_MULP, = 0
gpu_min_INT_DIVP, = 0
gpu_min_FP_MULP, = 0
gpu_min_FP_DIVP, = 0
gpu_min_FP_SQRTP, = 0
gpu_min_FP_LGP, = 0
gpu_min_FP_SINP, = 0
gpu_min_FP_EXP, = 0
gpu_min_DP_MULP, = 0
gpu_min_DP_DIVP, = 0
gpu_min_TENSORP, = 0
gpu_min_TEXP, = 0
gpu_min_SCHEDP, = 0
gpu_min_L2CP, = 0
gpu_min_MCP, = 0.55022
gpu_min_NOCP, = 0
gpu_min_DRAMP, = 0
gpu_min_PIPEP, = 0.0426867
gpu_min_IDLE_COREP, = 8.48375
gpu_min_CONSTP = 32.3252
gpu_min_STATICP = 0
gpu_min_TOT_INST, = 0
gpu_min_FP_INT, = 0
gpu_min_IC_H, = 0
gpu_min_IC_M, = 0
gpu_min_DC_RH, = 0
gpu_min_DC_RM, = 0
gpu_min_DC_WH, = 0
gpu_min_DC_WM, = 0
gpu_min_TC_H, = 0
gpu_min_TC_M, = 0
gpu_min_CC_H, = 0
gpu_min_CC_M, = 0
gpu_min_SHRD_ACC, = 0
gpu_min_REG_RD, = 0
gpu_min_REG_WR, = 0
gpu_min_NON_REG_OPs, = 0
gpu_min_INT_ACC, = 0
gpu_min_FPU_ACC, = 0
gpu_min_DPU_ACC, = 0
gpu_min_INT_MUL24_ACC, = 0
gpu_min_INT_MUL32_ACC, = 0
gpu_min_INT_MUL_ACC, = 0
gpu_min_INT_DIV_ACC, = 0
gpu_min_FP_MUL_ACC, = 0
gpu_min_FP_DIV_ACC, = 0
gpu_min_FP_SQRT_ACC, = 0
gpu_min_FP_LG_ACC, = 0
gpu_min_FP_SIN_ACC, = 0
gpu_min_FP_EXP_ACC, = 0
gpu_min_DP_MUL_ACC, = 0
gpu_min_DP_DIV_ACC, = 0
gpu_min_TENSOR_ACC, = 0
gpu_min_TEX_ACC, = 0
gpu_min_MEM_RD, = 0
gpu_min_MEM_WR, = 0
gpu_min_MEM_PRE, = 0
gpu_min_L2_RH, = 0
gpu_min_L2_RM, = 0
gpu_min_L2_WH, = 0
gpu_min_L2_WM, = 0
gpu_min_NOC_A, = 0
gpu_min_PIPE_A, = 0.00833329
gpu_min_IDLE_CORE_N, = 30
gpu_min_constant_power = 0

Accumulative Power Statistics Over Previous Kernels:
gpu_tot_avg_power = 43.0957
gpu_tot_max_power = 63.1208
gpu_tot_min_power = 41.3592


kernel_name = _Z13push_frontier9Worklist2Pii 
kernel_launch_uid = 9 

Kernel Average Power Data:
kernel_avg_power = 41.7568
gpu_avg_IBP, = 0.000131593
gpu_avg_ICP, = 0
gpu_avg_DCP, = 0.00222954
gpu_avg_TCP, = 0
gpu_avg_CCP, = 0
gpu_avg_SHRDP, = 0
gpu_avg_RFP, = 0.004698
gpu_avg_INTP, = 0.00072322
gpu_avg_FPUP, = 0
gpu_avg_DPUP, = 0
gpu_avg_INT_MUL24P, = 0
gpu_avg_INT_MUL32P, = 0.00139365
gpu_avg_INT_MULP, = 0
gpu_avg_INT_DIVP, = 0
gpu_avg_FP_MULP, = 0
gpu_avg_FP_DIVP, = 0
gpu_avg_FP_SQRTP, = 0
gpu_avg_FP_LGP, = 0
gpu_avg_FP_SINP, = 0
gpu_avg_FP_EXP, = 0
gpu_avg_DP_MULP, = 0
gpu_avg_DP_DIVP, = 0
gpu_avg_TENSORP, = 0
gpu_avg_TEXP, = 0
gpu_avg_SCHEDP, = 0.000387515
gpu_avg_L2CP, = 0
gpu_avg_MCP, = 0.550479
gpu_avg_NOCP, = 0
gpu_avg_DRAMP, = 0
gpu_avg_PIPEP, = 0.347909
gpu_avg_IDLE_COREP, = 8.43404
gpu_avg_CONSTP = 32.3252
gpu_avg_STATICP = 0.0896015
gpu_avg_TOT_INST, = 16.4
gpu_avg_FP_INT, = 16.4
gpu_avg_IC_H, = 0
gpu_avg_IC_M, = 0
gpu_avg_DC_RH, = 3.6
gpu_avg_DC_RM, = 0
gpu_avg_DC_WH, = 0
gpu_avg_DC_WM, = 0
gpu_avg_TC_H, = 0
gpu_avg_TC_M, = 0
gpu_avg_CC_H, = 0
gpu_avg_CC_M, = 0
gpu_avg_SHRD_ACC, = 0
gpu_avg_REG_RD, = 390.4
gpu_avg_REG_WR, = 192
gpu_avg_NON_REG_OPs, = 211.2
gpu_avg_INT_ACC, = 1147.14
gpu_avg_FPU_ACC, = 0
gpu_avg_DPU_ACC, = 0
gpu_avg_INT_MUL24_ACC, = 0
gpu_avg_INT_MUL32_ACC, = 26.4
gpu_avg_INT_MUL_ACC, = 0
gpu_avg_INT_DIV_ACC, = 0
gpu_avg_FP_MUL_ACC, = 0
gpu_avg_FP_DIV_ACC, = 0
gpu_avg_FP_SQRT_ACC, = 0
gpu_avg_FP_LG_ACC, = 0
gpu_avg_FP_SIN_ACC, = 0
gpu_avg_FP_EXP_ACC, = 0
gpu_avg_DP_MUL_ACC, = 0
gpu_avg_DP_DIV_ACC, = 0
gpu_avg_TENSOR_ACC, = 0
gpu_avg_TEX_ACC, = 0
gpu_avg_MEM_RD, = 0
gpu_avg_MEM_WR, = 0
gpu_avg_MEM_PRE, = 0
gpu_avg_L2_RH, = 0
gpu_avg_L2_RM, = 0
gpu_avg_L2_WH, = 0
gpu_avg_L2_WM, = 0
gpu_avg_NOC_A, = 0
gpu_avg_PIPE_A, = 0.0679186
gpu_avg_IDLE_CORE_N, = 29.8242
gpu_avg_constant_power = 0
gpu_avg_threads_per_warp = 0.2
gpu_tot_TOT_INST, = 82
gpu_tot_FP_INT, = 82
gpu_tot_IC_H, = 0
gpu_tot_IC_M, = 0
gpu_tot_DC_RH, = 18
gpu_tot_DC_RM, = 0
gpu_tot_DC_WH, = 0
gpu_tot_DC_WM, = 0
gpu_tot_TC_H, = 0
gpu_tot_TC_M, = 0
gpu_tot_CC_H, = 0
gpu_tot_CC_M, = 0
gpu_tot_SHRD_ACC, = 0
gpu_tot_REG_RD, = 1952
gpu_tot_REG_WR, = 960
gpu_tot_NON_REG_OPs, = 1056
gpu_tot_INT_ACC, = 5735.7
gpu_tot_FPU_ACC, = 0
gpu_tot_DPU_ACC, = 0
gpu_tot_INT_MUL24_ACC, = 0
gpu_tot_INT_MUL32_ACC, = 132
gpu_tot_INT_MUL_ACC, = 0
gpu_tot_INT_DIV_ACC, = 0
gpu_tot_FP_MUL_ACC, = 0
gpu_tot_FP_DIV_ACC, = 0
gpu_tot_FP_SQRT_ACC, = 0
gpu_tot_FP_LG_ACC, = 0
gpu_tot_FP_SIN_ACC, = 0
gpu_tot_FP_EXP_ACC, = 0
gpu_tot_DP_MUL_ACC, = 0
gpu_tot_DP_DIV_ACC, = 0
gpu_tot_TENSOR_ACC, = 0
gpu_tot_TEX_ACC, = 0
gpu_tot_MEM_RD, = 0
gpu_tot_MEM_WR, = 0
gpu_tot_MEM_PRE, = 0
gpu_tot_L2_RH, = 0
gpu_tot_L2_RM, = 0
gpu_tot_L2_WH, = 0
gpu_tot_L2_WM, = 0
gpu_tot_NOC_A, = 0
gpu_tot_PIPE_A, = 0.339593
gpu_tot_IDLE_CORE_N, = 149.121
gpu_tot_constant_power = 0

Kernel Maximum Power Data:
kernel_max_power = 42.152
gpu_max_IBP, = 0.000657965
gpu_max_ICP, = 0
gpu_max_DCP, = 0.0111477
gpu_max_TCP, = 0
gpu_max_CCP, = 0
gpu_max_SHRDP, = 0
gpu_max_RFP, = 0.02349
gpu_max_INTP, = 0.0036161
gpu_max_FPUP, = 0
gpu_max_DPUP, = 0
gpu_max_INT_MUL24P, = 0
gpu_max_INT_MUL32P, = 0.00696827
gpu_max_INT_MULP, = 0
gpu_max_INT_DIVP, = 0
gpu_max_FP_MULP, = 0
gpu_max_FP_DIVP, = 0
gpu_max_FP_SQRTP, = 0
gpu_max_FP_LGP, = 0
gpu_max_FP_SINP, = 0
gpu_max_FP_EXP, = 0
gpu_max_DP_MULP, = 0
gpu_max_DP_DIVP, = 0
gpu_max_TENSORP, = 0
gpu_max_TEXP, = 0
gpu_max_SCHEDP, = 0.00193757
gpu_max_L2CP, = 0
gpu_max_MCP, = 0.551515
gpu_max_NOCP, = 0
gpu_max_DRAMP, = 0
gpu_max_PIPEP, = 0.544304
gpu_max_IDLE_COREP, = 8.23518
gpu_max_CONSTP = 32.3252
gpu_max_STATICP = 0.448007
gpu_max_TOT_INST, = 82
gpu_max_FP_INT, = 82
gpu_max_IC_H, = 0
gpu_max_IC_M, = 0
gpu_max_DC_RH, = 18
gpu_max_DC_RM, = 0
gpu_max_DC_WH, = 0
gpu_max_DC_WM, = 0
gpu_max_TC_H, = 0
gpu_max_TC_M, = 0
gpu_max_CC_H, = 0
gpu_max_CC_M, = 0
gpu_max_SHRD_ACC, = 0
gpu_max_REG_RD, = 1952
gpu_max_REG_WR, = 960
gpu_max_NON_REG_OPs, = 1056
gpu_max_INT_ACC, = 5735.7
gpu_max_FPU_ACC, = 0
gpu_max_DPU_ACC, = 0
gpu_max_INT_MUL24_ACC, = 0
gpu_max_INT_MUL32_ACC, = 132
gpu_max_INT_MUL_ACC, = 0
gpu_max_INT_DIV_ACC, = 0
gpu_max_FP_MUL_ACC, = 0
gpu_max_FP_DIV_ACC, = 0
gpu_max_FP_SQRT_ACC, = 0
gpu_max_FP_LG_ACC, = 0
gpu_max_FP_SIN_ACC, = 0
gpu_max_FP_EXP_ACC, = 0
gpu_max_DP_MUL_ACC, = 0
gpu_max_DP_DIV_ACC, = 0
gpu_max_TENSOR_ACC, = 0
gpu_max_TEX_ACC, = 0
gpu_max_MEM_RD, = 0
gpu_max_MEM_WR, = 0
gpu_max_MEM_PRE, = 0
gpu_max_L2_RH, = 0
gpu_max_L2_RM, = 0
gpu_max_L2_WH, = 0
gpu_max_L2_WM, = 0
gpu_max_NOC_A, = 0
gpu_max_PIPE_A, = 0.106259
gpu_max_IDLE_CORE_N, = 29.121
gpu_max_constant_power = 0

Kernel Minimum Power Data:
kernel_min_power = 41.658
gpu_min_IBP, = 0
gpu_min_ICP, = 0
gpu_min_DCP, = 0
gpu_min_TCP, = 0
gpu_min_CCP, = 0
gpu_min_SHRDP, = 0
gpu_min_RFP, = 0
gpu_min_INTP, = 0
gpu_min_FPUP, = 0
gpu_min_DPUP, = 0
gpu_min_INT_MUL24P, = 0
gpu_min_INT_MUL32P, = 0
gpu_min_INT_MULP, = 0
gpu_min_INT_DIVP, = 0
gpu_min_FP_MULP, = 0
gpu_min_FP_DIVP, = 0
gpu_min_FP_SQRTP, = 0
gpu_min_FP_LGP, = 0
gpu_min_FP_SINP, = 0
gpu_min_FP_EXP, = 0
gpu_min_DP_MULP, = 0
gpu_min_DP_DIVP, = 0
gpu_min_TENSORP, = 0
gpu_min_TEXP, = 0
gpu_min_SCHEDP, = 0
gpu_min_L2CP, = 0
gpu_min_MCP, = 0.55022
gpu_min_NOCP, = 0
gpu_min_DRAMP, = 0
gpu_min_PIPEP, = 0.29881
gpu_min_IDLE_COREP, = 8.48375
gpu_min_CONSTP = 32.3252
gpu_min_STATICP = 0
gpu_min_TOT_INST, = 0
gpu_min_FP_INT, = 0
gpu_min_IC_H, = 0
gpu_min_IC_M, = 0
gpu_min_DC_RH, = 0
gpu_min_DC_RM, = 0
gpu_min_DC_WH, = 0
gpu_min_DC_WM, = 0
gpu_min_TC_H, = 0
gpu_min_TC_M, = 0
gpu_min_CC_H, = 0
gpu_min_CC_M, = 0
gpu_min_SHRD_ACC, = 0
gpu_min_REG_RD, = 0
gpu_min_REG_WR, = 0
gpu_min_NON_REG_OPs, = 0
gpu_min_INT_ACC, = 0
gpu_min_FPU_ACC, = 0
gpu_min_DPU_ACC, = 0
gpu_min_INT_MUL24_ACC, = 0
gpu_min_INT_MUL32_ACC, = 0
gpu_min_INT_MUL_ACC, = 0
gpu_min_INT_DIV_ACC, = 0
gpu_min_FP_MUL_ACC, = 0
gpu_min_FP_DIV_ACC, = 0
gpu_min_FP_SQRT_ACC, = 0
gpu_min_FP_LG_ACC, = 0
gpu_min_FP_SIN_ACC, = 0
gpu_min_FP_EXP_ACC, = 0
gpu_min_DP_MUL_ACC, = 0
gpu_min_DP_DIV_ACC, = 0
gpu_min_TENSOR_ACC, = 0
gpu_min_TEX_ACC, = 0
gpu_min_MEM_RD, = 0
gpu_min_MEM_WR, = 0
gpu_min_MEM_PRE, = 0
gpu_min_L2_RH, = 0
gpu_min_L2_RM, = 0
gpu_min_L2_WH, = 0
gpu_min_L2_WM, = 0
gpu_min_NOC_A, = 0
gpu_min_PIPE_A, = 0.0583336
gpu_min_IDLE_CORE_N, = 30
gpu_min_constant_power = 0

Accumulative Power Statistics Over Previous Kernels:
gpu_tot_avg_power = 43.092
gpu_tot_max_power = 63.1208
gpu_tot_min_power = 41.3592


kernel_name = _Z10bc_forwardPKmPKiPiS3_i9Worklist2S4_ 
kernel_launch_uid = 10 

Kernel Average Power Data:
kernel_avg_power = 42.3034
gpu_avg_IBP, = 0.000712443
gpu_avg_ICP, = 0
gpu_avg_DCP, = 0.118671
gpu_avg_TCP, = 0
gpu_avg_CCP, = 0
gpu_avg_SHRDP, = 0
gpu_avg_RFP, = 0.0285871
gpu_avg_INTP, = 0.0061518
gpu_avg_FPUP, = 0
gpu_avg_DPUP, = 0
gpu_avg_INT_MUL24P, = 0
gpu_avg_INT_MUL32P, = 0.00923268
gpu_avg_INT_MULP, = 0
gpu_avg_INT_DIVP, = 0
gpu_avg_FP_MULP, = 0
gpu_avg_FP_DIVP, = 0
gpu_avg_FP_SQRTP, = 0
gpu_avg_FP_LGP, = 0
gpu_avg_FP_SINP, = 0
gpu_avg_FP_EXP, = 0
gpu_avg_DP_MULP, = 0
gpu_avg_DP_DIVP, = 0
gpu_avg_TENSORP, = 0
gpu_avg_TEXP, = 0
gpu_avg_SCHEDP, = 0.002098
gpu_avg_L2CP, = 0.0022057
gpu_avg_MCP, = 0.564771
gpu_avg_NOCP, = 0.00541557
gpu_avg_DRAMP, = 0
gpu_avg_PIPEP, = 0.306546
gpu_avg_IDLE_COREP, = 8.23225
gpu_avg_CONSTP = 32.3252
gpu_avg_STATICP = 0.701579
gpu_avg_TOT_INST, = 88.7895
gpu_avg_FP_INT, = 88.7895
gpu_avg_IC_H, = 0
gpu_avg_IC_M, = 0
gpu_avg_DC_RH, = 178.947
gpu_avg_DC_RM, = 20.2632
gpu_avg_DC_WH, = 0.0526316
gpu_avg_DC_WM, = 0.289474
gpu_avg_TC_H, = 0
gpu_avg_TC_M, = 0
gpu_avg_CC_H, = 0
gpu_avg_CC_M, = 0
gpu_avg_SHRD_ACC, = 0
gpu_avg_REG_RD, = 2054.74
gpu_avg_REG_WR, = 1885.47
gpu_avg_NON_REG_OPs, = 1210.11
gpu_avg_INT_ACC, = 9757.72
gpu_avg_FPU_ACC, = 0
gpu_avg_DPU_ACC, = 0
gpu_avg_INT_MUL24_ACC, = 0
gpu_avg_INT_MUL32_ACC, = 174.895
gpu_avg_INT_MUL_ACC, = 0
gpu_avg_INT_DIV_ACC, = 0
gpu_avg_FP_MUL_ACC, = 0
gpu_avg_FP_DIV_ACC, = 0
gpu_avg_FP_SQRT_ACC, = 0
gpu_avg_FP_LG_ACC, = 0
gpu_avg_FP_SIN_ACC, = 0
gpu_avg_FP_EXP_ACC, = 0
gpu_avg_DP_MUL_ACC, = 0
gpu_avg_DP_DIV_ACC, = 0
gpu_avg_TENSOR_ACC, = 0
gpu_avg_TEX_ACC, = 0
gpu_avg_MEM_RD, = 0
gpu_avg_MEM_WR, = 0
gpu_avg_MEM_PRE, = 0
gpu_avg_L2_RH, = 22.6842
gpu_avg_L2_RM, = 0
gpu_avg_L2_WH, = 0.0789474
gpu_avg_L2_WM, = 0.263158
gpu_avg_NOC_A, = 46.0789
gpu_avg_PIPE_A, = 0.0598439
gpu_avg_IDLE_CORE_N, = 29.1107
gpu_avg_constant_power = 0
gpu_avg_threads_per_warp = 13.3058
gpu_tot_TOT_INST, = 3374
gpu_tot_FP_INT, = 3374
gpu_tot_IC_H, = 0
gpu_tot_IC_M, = 0
gpu_tot_DC_RH, = 6800
gpu_tot_DC_RM, = 770
gpu_tot_DC_WH, = 2
gpu_tot_DC_WM, = 11
gpu_tot_TC_H, = 0
gpu_tot_TC_M, = 0
gpu_tot_CC_H, = 0
gpu_tot_CC_M, = 0
gpu_tot_SHRD_ACC, = 0
gpu_tot_REG_RD, = 78080
gpu_tot_REG_WR, = 71648
gpu_tot_NON_REG_OPs, = 45984
gpu_tot_INT_ACC, = 370793
gpu_tot_FPU_ACC, = 0
gpu_tot_DPU_ACC, = 0
gpu_tot_INT_MUL24_ACC, = 0
gpu_tot_INT_MUL32_ACC, = 6646
gpu_tot_INT_MUL_ACC, = 0
gpu_tot_INT_DIV_ACC, = 0
gpu_tot_FP_MUL_ACC, = 0
gpu_tot_FP_DIV_ACC, = 0
gpu_tot_FP_SQRT_ACC, = 0
gpu_tot_FP_LG_ACC, = 0
gpu_tot_FP_SIN_ACC, = 0
gpu_tot_FP_EXP_ACC, = 0
gpu_tot_DP_MUL_ACC, = 0
gpu_tot_DP_DIV_ACC, = 0
gpu_tot_TENSOR_ACC, = 0
gpu_tot_TEX_ACC, = 0
gpu_tot_MEM_RD, = 0
gpu_tot_MEM_WR, = 0
gpu_tot_MEM_PRE, = 0
gpu_tot_L2_RH, = 862
gpu_tot_L2_RM, = 0
gpu_tot_L2_WH, = 3
gpu_tot_L2_WM, = 10
gpu_tot_NOC_A, = 1751
gpu_tot_PIPE_A, = 2.27407
gpu_tot_IDLE_CORE_N, = 1106.2
gpu_tot_constant_power = 0

Kernel Maximum Power Data:
kernel_max_power = 42.7473
gpu_max_IBP, = 0.00227881
gpu_max_ICP, = 0
gpu_max_DCP, = 0.0512776
gpu_max_TCP, = 0
gpu_max_CCP, = 0
gpu_max_SHRDP, = 0
gpu_max_RFP, = 0.107866
gpu_max_INTP, = 0.0368656
gpu_max_FPUP, = 0
gpu_max_DPUP, = 0
gpu_max_INT_MUL24P, = 0
gpu_max_INT_MUL32P, = 0.0292984
gpu_max_INT_MULP, = 0
gpu_max_INT_DIVP, = 0
gpu_max_FP_MULP, = 0
gpu_max_FP_DIVP, = 0
gpu_max_FP_SQRTP, = 0
gpu_max_FP_LGP, = 0
gpu_max_FP_SINP, = 0
gpu_max_FP_EXP, = 0
gpu_max_DP_MULP, = 0
gpu_max_DP_DIVP, = 0
gpu_max_TENSORP, = 0
gpu_max_TEXP, = 0
gpu_max_SCHEDP, = 0.00671062
gpu_max_L2CP, = 0.00863833
gpu_max_MCP, = 0.557037
gpu_max_NOCP, = 0.0216252
gpu_max_DRAMP, = 0
gpu_max_PIPEP, = 0.30438
gpu_max_IDLE_COREP, = 8.20124
gpu_max_CONSTP = 32.3252
gpu_max_STATICP = 1.09482
gpu_max_TOT_INST, = 284
gpu_max_FP_INT, = 284
gpu_max_IC_H, = 0
gpu_max_IC_M, = 0
gpu_max_DC_RH, = 68
gpu_max_DC_RM, = 24
gpu_max_DC_WH, = 0
gpu_max_DC_WM, = 0
gpu_max_TC_H, = 0
gpu_max_TC_M, = 0
gpu_max_CC_H, = 0
gpu_max_CC_M, = 0
gpu_max_SHRD_ACC, = 0
gpu_max_REG_RD, = 5216
gpu_max_REG_WR, = 9600
gpu_max_NON_REG_OPs, = 4672
gpu_max_INT_ACC, = 58474.6
gpu_max_FPU_ACC, = 0
gpu_max_DPU_ACC, = 0
gpu_max_INT_MUL24_ACC, = 0
gpu_max_INT_MUL32_ACC, = 555
gpu_max_INT_MUL_ACC, = 0
gpu_max_INT_DIV_ACC, = 0
gpu_max_FP_MUL_ACC, = 0
gpu_max_FP_DIV_ACC, = 0
gpu_max_FP_SQRT_ACC, = 0
gpu_max_FP_LG_ACC, = 0
gpu_max_FP_SIN_ACC, = 0
gpu_max_FP_EXP_ACC, = 0
gpu_max_DP_MUL_ACC, = 0
gpu_max_DP_DIV_ACC, = 0
gpu_max_TENSOR_ACC, = 0
gpu_max_TEX_ACC, = 0
gpu_max_MEM_RD, = 0
gpu_max_MEM_WR, = 0
gpu_max_MEM_PRE, = 0
gpu_max_L2_RH, = 92
gpu_max_L2_RM, = 0
gpu_max_L2_WH, = 0
gpu_max_L2_WM, = 0
gpu_max_NOC_A, = 184
gpu_max_PIPE_A, = 0.0594211
gpu_max_IDLE_CORE_N, = 29.001
gpu_max_constant_power = 0

Kernel Minimum Power Data:
kernel_min_power = 41.658
gpu_min_IBP, = 0
gpu_min_ICP, = 0
gpu_min_DCP, = 0
gpu_min_TCP, = 0
gpu_min_CCP, = 0
gpu_min_SHRDP, = 0
gpu_min_RFP, = 0
gpu_min_INTP, = 0
gpu_min_FPUP, = 0
gpu_min_DPUP, = 0
gpu_min_INT_MUL24P, = 0
gpu_min_INT_MUL32P, = 0
gpu_min_INT_MULP, = 0
gpu_min_INT_DIVP, = 0
gpu_min_FP_MULP, = 0
gpu_min_FP_DIVP, = 0
gpu_min_FP_SQRTP, = 0
gpu_min_FP_LGP, = 0
gpu_min_FP_SINP, = 0
gpu_min_FP_EXP, = 0
gpu_min_DP_MULP, = 0
gpu_min_DP_DIVP, = 0
gpu_min_TENSORP, = 0
gpu_min_TEXP, = 0
gpu_min_SCHEDP, = 0
gpu_min_L2CP, = 0
gpu_min_MCP, = 0.55022
gpu_min_NOCP, = 0
gpu_min_DRAMP, = 0
gpu_min_PIPEP, = 0.29881
gpu_min_IDLE_COREP, = 8.48375
gpu_min_CONSTP = 32.3252
gpu_min_STATICP = 0
gpu_min_TOT_INST, = 0
gpu_min_FP_INT, = 0
gpu_min_IC_H, = 0
gpu_min_IC_M, = 0
gpu_min_DC_RH, = 0
gpu_min_DC_RM, = 0
gpu_min_DC_WH, = 0
gpu_min_DC_WM, = 0
gpu_min_TC_H, = 0
gpu_min_TC_M, = 0
gpu_min_CC_H, = 0
gpu_min_CC_M, = 0
gpu_min_SHRD_ACC, = 0
gpu_min_REG_RD, = 0
gpu_min_REG_WR, = 0
gpu_min_NON_REG_OPs, = 0
gpu_min_INT_ACC, = 0
gpu_min_FPU_ACC, = 0
gpu_min_DPU_ACC, = 0
gpu_min_INT_MUL24_ACC, = 0
gpu_min_INT_MUL32_ACC, = 0
gpu_min_INT_MUL_ACC, = 0
gpu_min_INT_DIV_ACC, = 0
gpu_min_FP_MUL_ACC, = 0
gpu_min_FP_DIV_ACC, = 0
gpu_min_FP_SQRT_ACC, = 0
gpu_min_FP_LG_ACC, = 0
gpu_min_FP_SIN_ACC, = 0
gpu_min_FP_EXP_ACC, = 0
gpu_min_DP_MUL_ACC, = 0
gpu_min_DP_DIV_ACC, = 0
gpu_min_TENSOR_ACC, = 0
gpu_min_TEX_ACC, = 0
gpu_min_MEM_RD, = 0
gpu_min_MEM_WR, = 0
gpu_min_MEM_PRE, = 0
gpu_min_L2_RH, = 0
gpu_min_L2_RM, = 0
gpu_min_L2_WH, = 0
gpu_min_L2_WM, = 0
gpu_min_NOC_A, = 0
gpu_min_PIPE_A, = 0.0583336
gpu_min_IDLE_CORE_N, = 30
gpu_min_constant_power = 0

Accumulative Power Statistics Over Previous Kernels:
gpu_tot_avg_power = 43.0757
gpu_tot_max_power = 63.1208
gpu_tot_min_power = 41.3592


kernel_name = _Z10bc_reverseiPKmPKiS2_S2_S2_iPfS3_ 
kernel_launch_uid = 11 

Kernel Average Power Data:
kernel_avg_power = 42.2869
gpu_avg_IBP, = 0.000560302
gpu_avg_ICP, = 0
gpu_avg_DCP, = 0.0879898
gpu_avg_TCP, = 0
gpu_avg_CCP, = 0
gpu_avg_SHRDP, = 0
gpu_avg_RFP, = 0.0233935
gpu_avg_INTP, = 0.00481576
gpu_avg_FPUP, = 9.87889e-05
gpu_avg_DPUP, = 0
gpu_avg_INT_MUL24P, = 0
gpu_avg_INT_MUL32P, = 0.00983401
gpu_avg_INT_MULP, = 0
gpu_avg_INT_DIVP, = 0
gpu_avg_FP_MULP, = 0
gpu_avg_FP_DIVP, = 0
gpu_avg_FP_SQRTP, = 0
gpu_avg_FP_LGP, = 0
gpu_avg_FP_SINP, = 0
gpu_avg_FP_EXP, = 0
gpu_avg_DP_MULP, = 0
gpu_avg_DP_DIVP, = 0
gpu_avg_TENSORP, = 0
gpu_avg_TEXP, = 0
gpu_avg_SCHEDP, = 0.00164998
gpu_avg_L2CP, = 0.00311082
gpu_avg_MCP, = 0.561604
gpu_avg_NOCP, = 0.00685021
gpu_avg_DRAMP, = 0.00438913
gpu_avg_PIPEP, = 0.328147
gpu_avg_IDLE_COREP, = 8.23489
gpu_avg_CONSTP = 32.3252
gpu_avg_STATICP = 0.694343
gpu_avg_TOT_INST, = 69.8286
gpu_avg_FP_INT, = 69.8286
gpu_avg_IC_H, = 0
gpu_avg_IC_M, = 0
gpu_avg_DC_RH, = 126.429
gpu_avg_DC_RM, = 23.6
gpu_avg_DC_WH, = 2.25714
gpu_avg_DC_WM, = 1.57143
gpu_avg_TC_H, = 0
gpu_avg_TC_M, = 0
gpu_avg_CC_H, = 0
gpu_avg_CC_M, = 0
gpu_avg_SHRD_ACC, = 0
gpu_avg_REG_RD, = 1851.43
gpu_avg_REG_WR, = 1844.11
gpu_avg_NON_REG_OPs, = 880.457
gpu_avg_INT_ACC, = 7638.55
gpu_avg_FPU_ACC, = 3.83868
gpu_avg_DPU_ACC, = 0
gpu_avg_INT_MUL24_ACC, = 0
gpu_avg_INT_MUL32_ACC, = 186.286
gpu_avg_INT_MUL_ACC, = 0
gpu_avg_INT_DIV_ACC, = 0
gpu_avg_FP_MUL_ACC, = 0
gpu_avg_FP_DIV_ACC, = 0
gpu_avg_FP_SQRT_ACC, = 0
gpu_avg_FP_LG_ACC, = 0
gpu_avg_FP_SIN_ACC, = 0
gpu_avg_FP_EXP_ACC, = 0
gpu_avg_DP_MUL_ACC, = 0
gpu_avg_DP_DIV_ACC, = 0
gpu_avg_TENSOR_ACC, = 0
gpu_avg_TEX_ACC, = 0
gpu_avg_MEM_RD, = 1.6
gpu_avg_MEM_WR, = 0
gpu_avg_MEM_PRE, = 0
gpu_avg_L2_RH, = 24.3429
gpu_avg_L2_RM, = 1.6
gpu_avg_L2_WH, = 1.45714
gpu_avg_L2_WM, = 1.57143
gpu_avg_NOC_A, = 58.2857
gpu_avg_PIPE_A, = 0.0640607
gpu_avg_IDLE_CORE_N, = 29.12
gpu_avg_constant_power = 0
gpu_avg_threads_per_warp = 12.3759
gpu_tot_TOT_INST, = 2444
gpu_tot_FP_INT, = 2444
gpu_tot_IC_H, = 0
gpu_tot_IC_M, = 0
gpu_tot_DC_RH, = 4425
gpu_tot_DC_RM, = 826
gpu_tot_DC_WH, = 79
gpu_tot_DC_WM, = 55
gpu_tot_TC_H, = 0
gpu_tot_TC_M, = 0
gpu_tot_CC_H, = 0
gpu_tot_CC_M, = 0
gpu_tot_SHRD_ACC, = 0
gpu_tot_REG_RD, = 64800
gpu_tot_REG_WR, = 64544
gpu_tot_NON_REG_OPs, = 30816
gpu_tot_INT_ACC, = 267349
gpu_tot_FPU_ACC, = 134.354
gpu_tot_DPU_ACC, = 0
gpu_tot_INT_MUL24_ACC, = 0
gpu_tot_INT_MUL32_ACC, = 6520
gpu_tot_INT_MUL_ACC, = 0
gpu_tot_INT_DIV_ACC, = 0
gpu_tot_FP_MUL_ACC, = 0
gpu_tot_FP_DIV_ACC, = 0
gpu_tot_FP_SQRT_ACC, = 0
gpu_tot_FP_LG_ACC, = 0
gpu_tot_FP_SIN_ACC, = 0
gpu_tot_FP_EXP_ACC, = 0
gpu_tot_DP_MUL_ACC, = 0
gpu_tot_DP_DIV_ACC, = 0
gpu_tot_TENSOR_ACC, = 0
gpu_tot_TEX_ACC, = 0
gpu_tot_MEM_RD, = 56
gpu_tot_MEM_WR, = 0
gpu_tot_MEM_PRE, = 0
gpu_tot_L2_RH, = 852
gpu_tot_L2_RM, = 56
gpu_tot_L2_WH, = 51
gpu_tot_L2_WM, = 55
gpu_tot_NOC_A, = 2040
gpu_tot_PIPE_A, = 2.24212
gpu_tot_IDLE_CORE_N, = 1019.2
gpu_tot_constant_power = 0

Kernel Maximum Power Data:
kernel_max_power = 42.9264
gpu_max_IBP, = 0.00198994
gpu_max_ICP, = 0
gpu_max_DCP, = 0.074146
gpu_max_TCP, = 0
gpu_max_CCP, = 0
gpu_max_SHRDP, = 0
gpu_max_RFP, = 0.101537
gpu_max_INTP, = 0.0297737
gpu_max_FPUP, = 0.00230507
gpu_max_DPUP, = 0
gpu_max_INT_MUL24P, = 0
gpu_max_INT_MUL32P, = 0.0322546
gpu_max_INT_MULP, = 0
gpu_max_INT_DIVP, = 0
gpu_max_FP_MULP, = 0
gpu_max_FP_DIVP, = 0
gpu_max_FP_SQRTP, = 0
gpu_max_FP_LGP, = 0
gpu_max_FP_SINP, = 0
gpu_max_FP_EXP, = 0
gpu_max_DP_MULP, = 0
gpu_max_DP_DIVP, = 0
gpu_max_TENSORP, = 0
gpu_max_TEXP, = 0
gpu_max_SCHEDP, = 0.00585998
gpu_max_L2CP, = 0.00995898
gpu_max_MCP, = 0.562199
gpu_max_NOCP, = 0.0305573
gpu_max_DRAMP, = 0.0027432
gpu_max_PIPEP, = 0.32504
gpu_max_IDLE_COREP, = 8.20124
gpu_max_CONSTP = 32.3252
gpu_max_STATICP = 1.22159
gpu_max_TOT_INST, = 248
gpu_max_FP_INT, = 248
gpu_max_IC_H, = 0
gpu_max_IC_M, = 0
gpu_max_DC_RH, = 63
gpu_max_DC_RM, = 92
gpu_max_DC_WH, = 0
gpu_max_DC_WM, = 0
gpu_max_TC_H, = 0
gpu_max_TC_M, = 0
gpu_max_CC_H, = 0
gpu_max_CC_M, = 0
gpu_max_SHRD_ACC, = 0
gpu_max_REG_RD, = 4896
gpu_max_REG_WR, = 9408
gpu_max_NON_REG_OPs, = 4320
gpu_max_INT_ACC, = 47225.8
gpu_max_FPU_ACC, = 89.5693
gpu_max_DPU_ACC, = 0
gpu_max_INT_MUL24_ACC, = 0
gpu_max_INT_MUL32_ACC, = 611
gpu_max_INT_MUL_ACC, = 0
gpu_max_INT_DIV_ACC, = 0
gpu_max_FP_MUL_ACC, = 0
gpu_max_FP_DIV_ACC, = 0
gpu_max_FP_SQRT_ACC, = 0
gpu_max_FP_LG_ACC, = 0
gpu_max_FP_SIN_ACC, = 0
gpu_max_FP_EXP_ACC, = 0
gpu_max_DP_MUL_ACC, = 0
gpu_max_DP_DIV_ACC, = 0
gpu_max_TENSOR_ACC, = 0
gpu_max_TEX_ACC, = 0
gpu_max_MEM_RD, = 1
gpu_max_MEM_WR, = 0
gpu_max_MEM_PRE, = 0
gpu_max_L2_RH, = 106
gpu_max_L2_RM, = 1
gpu_max_L2_WH, = 0
gpu_max_L2_WM, = 0
gpu_max_NOC_A, = 260
gpu_max_PIPE_A, = 0.0634541
gpu_max_IDLE_CORE_N, = 29.001
gpu_max_constant_power = 0

Kernel Minimum Power Data:
kernel_min_power = 41.6793
gpu_min_IBP, = 0
gpu_min_ICP, = 0
gpu_min_DCP, = 0
gpu_min_TCP, = 0
gpu_min_CCP, = 0
gpu_min_SHRDP, = 0
gpu_min_RFP, = 0
gpu_min_INTP, = 0
gpu_min_FPUP, = 0
gpu_min_DPUP, = 0
gpu_min_INT_MUL24P, = 0
gpu_min_INT_MUL32P, = 0
gpu_min_INT_MULP, = 0
gpu_min_INT_DIVP, = 0
gpu_min_FP_MULP, = 0
gpu_min_FP_DIVP, = 0
gpu_min_FP_SQRTP, = 0
gpu_min_FP_LGP, = 0
gpu_min_FP_SINP, = 0
gpu_min_FP_EXP, = 0
gpu_min_DP_MULP, = 0
gpu_min_DP_DIVP, = 0
gpu_min_TENSORP, = 0
gpu_min_TEXP, = 0
gpu_min_SCHEDP, = 0
gpu_min_L2CP, = 0
gpu_min_MCP, = 0.55022
gpu_min_NOCP, = 0
gpu_min_DRAMP, = 0
gpu_min_PIPEP, = 0.320152
gpu_min_IDLE_COREP, = 8.48375
gpu_min_CONSTP = 32.3252
gpu_min_STATICP = 0
gpu_min_TOT_INST, = 0
gpu_min_FP_INT, = 0
gpu_min_IC_H, = 0
gpu_min_IC_M, = 0
gpu_min_DC_RH, = 0
gpu_min_DC_RM, = 0
gpu_min_DC_WH, = 0
gpu_min_DC_WM, = 0
gpu_min_TC_H, = 0
gpu_min_TC_M, = 0
gpu_min_CC_H, = 0
gpu_min_CC_M, = 0
gpu_min_SHRD_ACC, = 0
gpu_min_REG_RD, = 0
gpu_min_REG_WR, = 0
gpu_min_NON_REG_OPs, = 0
gpu_min_INT_ACC, = 0
gpu_min_FPU_ACC, = 0
gpu_min_DPU_ACC, = 0
gpu_min_INT_MUL24_ACC, = 0
gpu_min_INT_MUL32_ACC, = 0
gpu_min_INT_MUL_ACC, = 0
gpu_min_INT_DIV_ACC, = 0
gpu_min_FP_MUL_ACC, = 0
gpu_min_FP_DIV_ACC, = 0
gpu_min_FP_SQRT_ACC, = 0
gpu_min_FP_LG_ACC, = 0
gpu_min_FP_SIN_ACC, = 0
gpu_min_FP_EXP_ACC, = 0
gpu_min_DP_MUL_ACC, = 0
gpu_min_DP_DIV_ACC, = 0
gpu_min_TENSOR_ACC, = 0
gpu_min_TEX_ACC, = 0
gpu_min_MEM_RD, = 0
gpu_min_MEM_WR, = 0
gpu_min_MEM_PRE, = 0
gpu_min_L2_RH, = 0
gpu_min_L2_RM, = 0
gpu_min_L2_WH, = 0
gpu_min_L2_WM, = 0
gpu_min_NOC_A, = 0
gpu_min_PIPE_A, = 0.0625
gpu_min_IDLE_CORE_N, = 30
gpu_min_constant_power = 0

Accumulative Power Statistics Over Previous Kernels:
gpu_tot_avg_power = 43.0609
gpu_tot_max_power = 63.1208
gpu_tot_min_power = 41.3592


kernel_name = _Z10bc_reverseiPKmPKiS2_S2_S2_iPfS3_ 
kernel_launch_uid = 12 

Kernel Average Power Data:
kernel_avg_power = 47.9381
gpu_avg_IBP, = 0.0128909
gpu_avg_ICP, = 0
gpu_avg_DCP, = 1.76852
gpu_avg_TCP, = 0
gpu_avg_CCP, = 0
gpu_avg_SHRDP, = 0
gpu_avg_RFP, = 0.490717
gpu_avg_INTP, = 0.0907304
gpu_avg_FPUP, = 0.00272545
gpu_avg_DPUP, = 0
gpu_avg_INT_MUL24P, = 0
gpu_avg_INT_MUL32P, = 0.219054
gpu_avg_INT_MULP, = 0
gpu_avg_INT_DIVP, = 0
gpu_avg_FP_MULP, = 0.000231803
gpu_avg_FP_DIVP, = 0.00467107
gpu_avg_FP_SQRTP, = 0
gpu_avg_FP_LGP, = 0
gpu_avg_FP_SINP, = 0
gpu_avg_FP_EXP, = 0
gpu_avg_DP_MULP, = 0
gpu_avg_DP_DIVP, = 0
gpu_avg_TENSORP, = 0
gpu_avg_TEXP, = 0
gpu_avg_SCHEDP, = 0.0379606
gpu_avg_L2CP, = 0.0273639
gpu_avg_MCP, = 0.7644
gpu_avg_NOCP, = 0.0585972
gpu_avg_DRAMP, = 0.00340716
gpu_avg_PIPEP, = 0.304109
gpu_avg_IDLE_COREP, = 6.73206
gpu_avg_CONSTP = 32.3252
gpu_avg_STATICP = 5.09544
gpu_avg_TOT_INST, = 1606.55
gpu_avg_FP_INT, = 1606.53
gpu_avg_IC_H, = 0
gpu_avg_IC_M, = 0
gpu_avg_DC_RH, = 2714.85
gpu_avg_DC_RM, = 222.277
gpu_avg_DC_WH, = 10.5605
gpu_avg_DC_WM, = 4.96178
gpu_avg_TC_H, = 0
gpu_avg_TC_M, = 0
gpu_avg_CC_H, = 0
gpu_avg_CC_M, = 0
gpu_avg_SHRD_ACC, = 0
gpu_avg_REG_RD, = 44418.1
gpu_avg_REG_WR, = 28798.1
gpu_avg_NON_REG_OPs, = 19205.6
gpu_avg_INT_ACC, = 143913
gpu_avg_FPU_ACC, = 105.904
gpu_avg_DPU_ACC, = 0
gpu_avg_INT_MUL24_ACC, = 0
gpu_avg_INT_MUL32_ACC, = 4149.55
gpu_avg_INT_MUL_ACC, = 0
gpu_avg_INT_DIV_ACC, = 0
gpu_avg_FP_MUL_ACC, = 4.39105
gpu_avg_FP_DIV_ACC, = 88.4841
gpu_avg_FP_SQRT_ACC, = 0
gpu_avg_FP_LG_ACC, = 0
gpu_avg_FP_SIN_ACC, = 0
gpu_avg_FP_EXP_ACC, = 0
gpu_avg_DP_MUL_ACC, = 0
gpu_avg_DP_DIV_ACC, = 0
gpu_avg_TENSOR_ACC, = 0
gpu_avg_TEX_ACC, = 0
gpu_avg_MEM_RD, = 1.24204
gpu_avg_MEM_WR, = 0
gpu_avg_MEM_PRE, = 0
gpu_avg_L2_RH, = 232.475
gpu_avg_L2_RM, = 1.24204
gpu_avg_L2_WH, = 14.5
gpu_avg_L2_WM, = 1.06688
gpu_avg_NOC_A, = 498.58
gpu_avg_PIPE_A, = 0.0593681
gpu_avg_IDLE_CORE_N, = 23.8057
gpu_avg_constant_power = 0
gpu_avg_threads_per_warp = 6.60946
gpu_tot_TOT_INST, = 504456
gpu_tot_FP_INT, = 504450
gpu_tot_IC_H, = 0
gpu_tot_IC_M, = 0
gpu_tot_DC_RH, = 852464
gpu_tot_DC_RM, = 69795
gpu_tot_DC_WH, = 3316
gpu_tot_DC_WM, = 1558
gpu_tot_TC_H, = 0
gpu_tot_TC_M, = 0
gpu_tot_CC_H, = 0
gpu_tot_CC_M, = 0
gpu_tot_SHRD_ACC, = 0
gpu_tot_REG_RD, = 1.39473e+07
gpu_tot_REG_WR, = 9.04259e+06
gpu_tot_NON_REG_OPs, = 6.03056e+06
gpu_tot_INT_ACC, = 4.51886e+07
gpu_tot_FPU_ACC, = 33253.9
gpu_tot_DPU_ACC, = 0
gpu_tot_INT_MUL24_ACC, = 0
gpu_tot_INT_MUL32_ACC, = 1.30296e+06
gpu_tot_INT_MUL_ACC, = 0
gpu_tot_INT_DIV_ACC, = 0
gpu_tot_FP_MUL_ACC, = 1378.79
gpu_tot_FP_DIV_ACC, = 27784
gpu_tot_FP_SQRT_ACC, = 0
gpu_tot_FP_LG_ACC, = 0
gpu_tot_FP_SIN_ACC, = 0
gpu_tot_FP_EXP_ACC, = 0
gpu_tot_DP_MUL_ACC, = 0
gpu_tot_DP_DIV_ACC, = 0
gpu_tot_TENSOR_ACC, = 0
gpu_tot_TEX_ACC, = 0
gpu_tot_MEM_RD, = 390
gpu_tot_MEM_WR, = 0
gpu_tot_MEM_PRE, = 0
gpu_tot_L2_RH, = 72997
gpu_tot_L2_RM, = 390
gpu_tot_L2_WH, = 4553
gpu_tot_L2_WM, = 335
gpu_tot_NOC_A, = 156554
gpu_tot_PIPE_A, = 18.6416
gpu_tot_IDLE_CORE_N, = 7475
gpu_tot_constant_power = 0

Kernel Maximum Power Data:
kernel_max_power = 62.0879
gpu_max_IBP, = 0.0172997
gpu_max_ICP, = 0
gpu_max_DCP, = 7.34282
gpu_max_TCP, = 0
gpu_max_CCP, = 0
gpu_max_SHRDP, = 0
gpu_max_RFP, = 0.74169
gpu_max_INTP, = 0.17413
gpu_max_FPUP, = 0.0120112
gpu_max_DPUP, = 0
gpu_max_INT_MUL24P, = 0
gpu_max_INT_MUL32P, = 0.345985
gpu_max_INT_MULP, = 0
gpu_max_INT_DIVP, = 0
gpu_max_FP_MULP, = 0.00128424
gpu_max_FP_DIVP, = 0.0233859
gpu_max_FP_SQRTP, = 0
gpu_max_FP_LGP, = 0
gpu_max_FP_SINP, = 0
gpu_max_FP_EXP, = 0
gpu_max_DP_MULP, = 0
gpu_max_DP_DIVP, = 0
gpu_max_TENSORP, = 0
gpu_max_TEXP, = 0
gpu_max_SCHEDP, = 0.050944
gpu_max_L2CP, = 0.0871467
gpu_max_MCP, = 1.43715
gpu_max_NOCP, = 0.220365
gpu_max_DRAMP, = 0.00548641
gpu_max_PIPEP, = 0.313215
gpu_max_IDLE_COREP, = 5.09025
gpu_max_CONSTP = 32.3252
gpu_max_STATICP = 13.8995
gpu_max_TOT_INST, = 2156
gpu_max_FP_INT, = 2156
gpu_max_IC_H, = 0
gpu_max_IC_M, = 0
gpu_max_DC_RH, = 11278
gpu_max_DC_RM, = 938
gpu_max_DC_WH, = 0
gpu_max_DC_WM, = 0
gpu_max_TC_H, = 0
gpu_max_TC_M, = 0
gpu_max_CC_H, = 0
gpu_max_CC_M, = 0
gpu_max_SHRD_ACC, = 0
gpu_max_REG_RD, = 63840
gpu_max_REG_WR, = 59936
gpu_max_NON_REG_OPs, = 26272
gpu_max_INT_ACC, = 276198
gpu_max_FPU_ACC, = 466.725
gpu_max_DPU_ACC, = 0
gpu_max_INT_MUL24_ACC, = 0
gpu_max_INT_MUL32_ACC, = 6554
gpu_max_INT_MUL_ACC, = 0
gpu_max_INT_DIV_ACC, = 0
gpu_max_FP_MUL_ACC, = 24.3274
gpu_max_FP_DIV_ACC, = 443
gpu_max_FP_SQRT_ACC, = 0
gpu_max_FP_LG_ACC, = 0
gpu_max_FP_SIN_ACC, = 0
gpu_max_FP_EXP_ACC, = 0
gpu_max_DP_MUL_ACC, = 0
gpu_max_DP_DIV_ACC, = 0
gpu_max_TENSOR_ACC, = 0
gpu_max_TEX_ACC, = 0
gpu_max_MEM_RD, = 2
gpu_max_MEM_WR, = 0
gpu_max_MEM_PRE, = 0
gpu_max_L2_RH, = 928
gpu_max_L2_RM, = 2
gpu_max_L2_WH, = 0
gpu_max_L2_WM, = 0
gpu_max_NOC_A, = 1875
gpu_max_PIPE_A, = 0.0611458
gpu_max_IDLE_CORE_N, = 18
gpu_max_constant_power = 0

Kernel Minimum Power Data:
kernel_min_power = 41.6793
gpu_min_IBP, = 0
gpu_min_ICP, = 0
gpu_min_DCP, = 0
gpu_min_TCP, = 0
gpu_min_CCP, = 0
gpu_min_SHRDP, = 0
gpu_min_RFP, = 0
gpu_min_INTP, = 0
gpu_min_FPUP, = 0
gpu_min_DPUP, = 0
gpu_min_INT_MUL24P, = 0
gpu_min_INT_MUL32P, = 0
gpu_min_INT_MULP, = 0
gpu_min_INT_DIVP, = 0
gpu_min_FP_MULP, = 0
gpu_min_FP_DIVP, = 0
gpu_min_FP_SQRTP, = 0
gpu_min_FP_LGP, = 0
gpu_min_FP_SINP, = 0
gpu_min_FP_EXP, = 0
gpu_min_DP_MULP, = 0
gpu_min_DP_DIVP, = 0
gpu_min_TENSORP, = 0
gpu_min_TEXP, = 0
gpu_min_SCHEDP, = 0
gpu_min_L2CP, = 0
gpu_min_MCP, = 0.55022
gpu_min_NOCP, = 0
gpu_min_DRAMP, = 0
gpu_min_PIPEP, = 0.320152
gpu_min_IDLE_COREP, = 8.48375
gpu_min_CONSTP = 32.3252
gpu_min_STATICP = 0
gpu_min_TOT_INST, = 0
gpu_min_FP_INT, = 0
gpu_min_IC_H, = 0
gpu_min_IC_M, = 0
gpu_min_DC_RH, = 0
gpu_min_DC_RM, = 0
gpu_min_DC_WH, = 0
gpu_min_DC_WM, = 0
gpu_min_TC_H, = 0
gpu_min_TC_M, = 0
gpu_min_CC_H, = 0
gpu_min_CC_M, = 0
gpu_min_SHRD_ACC, = 0
gpu_min_REG_RD, = 0
gpu_min_REG_WR, = 0
gpu_min_NON_REG_OPs, = 0
gpu_min_INT_ACC, = 0
gpu_min_FPU_ACC, = 0
gpu_min_DPU_ACC, = 0
gpu_min_INT_MUL24_ACC, = 0
gpu_min_INT_MUL32_ACC, = 0
gpu_min_INT_MUL_ACC, = 0
gpu_min_INT_DIV_ACC, = 0
gpu_min_FP_MUL_ACC, = 0
gpu_min_FP_DIV_ACC, = 0
gpu_min_FP_SQRT_ACC, = 0
gpu_min_FP_LG_ACC, = 0
gpu_min_FP_SIN_ACC, = 0
gpu_min_FP_EXP_ACC, = 0
gpu_min_DP_MUL_ACC, = 0
gpu_min_DP_DIV_ACC, = 0
gpu_min_TENSOR_ACC, = 0
gpu_min_TEX_ACC, = 0
gpu_min_MEM_RD, = 0
gpu_min_MEM_WR, = 0
gpu_min_MEM_PRE, = 0
gpu_min_L2_RH, = 0
gpu_min_L2_RM, = 0
gpu_min_L2_WH, = 0
gpu_min_L2_WM, = 0
gpu_min_NOC_A, = 0
gpu_min_PIPE_A, = 0.0625
gpu_min_IDLE_CORE_N, = 30
gpu_min_constant_power = 0

Accumulative Power Statistics Over Previous Kernels:
gpu_tot_avg_power = 43.7615
gpu_tot_max_power = 63.1208
gpu_tot_min_power = 41.3592


kernel_name = _Z10bc_reverseiPKmPKiS2_S2_S2_iPfS3_ 
kernel_launch_uid = 13 

Kernel Average Power Data:
kernel_avg_power = 42.4839
gpu_avg_IBP, = 0.00122728
gpu_avg_ICP, = 0
gpu_avg_DCP, = 0.199571
gpu_avg_TCP, = 0
gpu_avg_CCP, = 0
gpu_avg_SHRDP, = 0
gpu_avg_RFP, = 0.0593628
gpu_avg_INTP, = 0.00778048
gpu_avg_FPUP, = 0.00644809
gpu_avg_DPUP, = 0
gpu_avg_INT_MUL24P, = 0
gpu_avg_INT_MUL32P, = 0.0114796
gpu_avg_INT_MULP, = 0
gpu_avg_INT_DIVP, = 0
gpu_avg_FP_MULP, = 0.000606563
gpu_avg_FP_DIVP, = 0.0111556
gpu_avg_FP_SQRTP, = 0
gpu_avg_FP_LGP, = 0
gpu_avg_FP_SINP, = 0
gpu_avg_FP_EXP, = 0
gpu_avg_DP_MULP, = 0
gpu_avg_DP_DIVP, = 0
gpu_avg_TENSORP, = 0
gpu_avg_TEXP, = 0
gpu_avg_SCHEDP, = 0.0036129
gpu_avg_L2CP, = 0.00113371
gpu_avg_MCP, = 0.573823
gpu_avg_NOCP, = 0.00270983
gpu_avg_DRAMP, = 0.000294409
gpu_avg_PIPEP, = 0.280779
gpu_avg_IDLE_COREP, = 8.20259
gpu_avg_CONSTP = 32.3252
gpu_avg_STATICP = 0.796141
gpu_avg_TOT_INST, = 152.952
gpu_avg_FP_INT, = 152.902
gpu_avg_IC_H, = 0
gpu_avg_IC_M, = 0
gpu_avg_DC_RH, = 315.307
gpu_avg_DC_RM, = 11.1894
gpu_avg_DC_WH, = 0.157828
gpu_avg_DC_WM, = 0.0441919
gpu_avg_TC_H, = 0
gpu_avg_TC_M, = 0
gpu_avg_CC_H, = 0
gpu_avg_CC_M, = 0
gpu_avg_SHRD_ACC, = 0
gpu_avg_REG_RD, = 6411.31
gpu_avg_REG_WR, = 3296.93
gpu_avg_NON_REG_OPs, = 2097.7
gpu_avg_INT_ACC, = 12341.1
gpu_avg_FPU_ACC, = 250.556
gpu_avg_DPU_ACC, = 0
gpu_avg_INT_MUL24_ACC, = 0
gpu_avg_INT_MUL32_ACC, = 217.458
gpu_avg_INT_MUL_ACC, = 0
gpu_avg_INT_DIV_ACC, = 0
gpu_avg_FP_MUL_ACC, = 11.4901
gpu_avg_FP_DIV_ACC, = 211.321
gpu_avg_FP_SQRT_ACC, = 0
gpu_avg_FP_LG_ACC, = 0
gpu_avg_FP_SIN_ACC, = 0
gpu_avg_FP_EXP_ACC, = 0
gpu_avg_DP_MUL_ACC, = 0
gpu_avg_DP_DIV_ACC, = 0
gpu_avg_TENSOR_ACC, = 0
gpu_avg_TEX_ACC, = 0
gpu_avg_MEM_RD, = 0.107323
gpu_avg_MEM_WR, = 0
gpu_avg_MEM_PRE, = 0
gpu_avg_L2_RH, = 11.2134
gpu_avg_L2_RM, = 0.107323
gpu_avg_L2_WH, = 0.215909
gpu_avg_L2_WM, = 0.00378788
gpu_avg_NOC_A, = 23.0568
gpu_avg_PIPE_A, = 0.0548135
gpu_avg_IDLE_CORE_N, = 29.0058
gpu_avg_constant_power = 0
gpu_avg_threads_per_warp = 8.91709
gpu_tot_TOT_INST, = 121138
gpu_tot_FP_INT, = 121098
gpu_tot_IC_H, = 0
gpu_tot_IC_M, = 0
gpu_tot_DC_RH, = 249723
gpu_tot_DC_RM, = 8862
gpu_tot_DC_WH, = 125
gpu_tot_DC_WM, = 35
gpu_tot_TC_H, = 0
gpu_tot_TC_M, = 0
gpu_tot_CC_H, = 0
gpu_tot_CC_M, = 0
gpu_tot_SHRD_ACC, = 0
gpu_tot_REG_RD, = 5.07776e+06
gpu_tot_REG_WR, = 2.61117e+06
gpu_tot_NON_REG_OPs, = 1.66138e+06
gpu_tot_INT_ACC, = 9.77412e+06
gpu_tot_FPU_ACC, = 198441
gpu_tot_DPU_ACC, = 0
gpu_tot_INT_MUL24_ACC, = 0
gpu_tot_INT_MUL32_ACC, = 172227
gpu_tot_INT_MUL_ACC, = 0
gpu_tot_INT_DIV_ACC, = 0
gpu_tot_FP_MUL_ACC, = 9100.19
gpu_tot_FP_DIV_ACC, = 167366
gpu_tot_FP_SQRT_ACC, = 0
gpu_tot_FP_LG_ACC, = 0
gpu_tot_FP_SIN_ACC, = 0
gpu_tot_FP_EXP_ACC, = 0
gpu_tot_DP_MUL_ACC, = 0
gpu_tot_DP_DIV_ACC, = 0
gpu_tot_TENSOR_ACC, = 0
gpu_tot_TEX_ACC, = 0
gpu_tot_MEM_RD, = 85
gpu_tot_MEM_WR, = 0
gpu_tot_MEM_PRE, = 0
gpu_tot_L2_RH, = 8881
gpu_tot_L2_RM, = 85
gpu_tot_L2_WH, = 171
gpu_tot_L2_WM, = 3
gpu_tot_NOC_A, = 18261
gpu_tot_PIPE_A, = 43.4123
gpu_tot_IDLE_CORE_N, = 22972.6
gpu_tot_constant_power = 0

Kernel Maximum Power Data:
kernel_max_power = 43.1831
gpu_max_IBP, = 0.00139617
gpu_max_ICP, = 0
gpu_max_DCP, = 0.596649
gpu_max_TCP, = 0
gpu_max_CCP, = 0
gpu_max_SHRDP, = 0
gpu_max_RFP, = 0.068212
gpu_max_INTP, = 0.011095
gpu_max_FPUP, = 0.010669
gpu_max_DPUP, = 0
gpu_max_INT_MUL24P, = 0
gpu_max_INT_MUL32P, = 0.0132503
gpu_max_INT_MULP, = 0
gpu_max_INT_DIVP, = 0
gpu_max_FP_MULP, = 0.000874236
gpu_max_FP_DIVP, = 0.0159953
gpu_max_FP_SQRTP, = 0
gpu_max_FP_LGP, = 0
gpu_max_FP_SINP, = 0
gpu_max_FP_EXP, = 0
gpu_max_DP_MULP, = 0
gpu_max_DP_DIVP, = 0
gpu_max_TENSORP, = 0
gpu_max_TEXP, = 0
gpu_max_SCHEDP, = 0.00411144
gpu_max_L2CP, = 0.00131453
gpu_max_MCP, = 0.619979
gpu_max_NOCP, = 0.00305573
gpu_max_DRAMP, = 0
gpu_max_PIPEP, = 0.281112
gpu_max_IDLE_COREP, = 8.20096
gpu_max_CONSTP = 32.3252
gpu_max_STATICP = 1.02924
gpu_max_TOT_INST, = 174
gpu_max_FP_INT, = 174
gpu_max_IC_H, = 0
gpu_max_IC_M, = 0
gpu_max_DC_RH, = 956
gpu_max_DC_RM, = 12
gpu_max_DC_WH, = 0
gpu_max_DC_WM, = 0
gpu_max_TC_H, = 0
gpu_max_TC_M, = 0
gpu_max_CC_H, = 0
gpu_max_CC_M, = 0
gpu_max_SHRD_ACC, = 0
gpu_max_REG_RD, = 7488
gpu_max_REG_WR, = 3840
gpu_max_NON_REG_OPs, = 2368
gpu_max_INT_ACC, = 17598.4
gpu_max_FPU_ACC, = 414.569
gpu_max_DPU_ACC, = 0
gpu_max_INT_MUL24_ACC, = 0
gpu_max_INT_MUL32_ACC, = 251
gpu_max_INT_MUL_ACC, = 0
gpu_max_INT_DIV_ACC, = 0
gpu_max_FP_MUL_ACC, = 16.5607
gpu_max_FP_DIV_ACC, = 303
gpu_max_FP_SQRT_ACC, = 0
gpu_max_FP_LG_ACC, = 0
gpu_max_FP_SIN_ACC, = 0
gpu_max_FP_EXP_ACC, = 0
gpu_max_DP_MUL_ACC, = 0
gpu_max_DP_DIV_ACC, = 0
gpu_max_TENSOR_ACC, = 0
gpu_max_TEX_ACC, = 0
gpu_max_MEM_RD, = 0
gpu_max_MEM_WR, = 0
gpu_max_MEM_PRE, = 0
gpu_max_L2_RH, = 14
gpu_max_L2_RM, = 0
gpu_max_L2_WH, = 0
gpu_max_L2_WM, = 0
gpu_max_NOC_A, = 26
gpu_max_PIPE_A, = 0.0548786
gpu_max_IDLE_CORE_N, = 29
gpu_max_constant_power = 0

Kernel Minimum Power Data:
kernel_min_power = 41.6367
gpu_min_IBP, = 0
gpu_min_ICP, = 0
gpu_min_DCP, = 0
gpu_min_TCP, = 0
gpu_min_CCP, = 0
gpu_min_SHRDP, = 0
gpu_min_RFP, = 0
gpu_min_INTP, = 0
gpu_min_FPUP, = 0
gpu_min_DPUP, = 0
gpu_min_INT_MUL24P, = 0
gpu_min_INT_MUL32P, = 0
gpu_min_INT_MULP, = 0
gpu_min_INT_DIVP, = 0
gpu_min_FP_MULP, = 0
gpu_min_FP_DIVP, = 0
gpu_min_FP_SQRTP, = 0
gpu_min_FP_LGP, = 0
gpu_min_FP_SINP, = 0
gpu_min_FP_EXP, = 0
gpu_min_DP_MULP, = 0
gpu_min_DP_DIVP, = 0
gpu_min_TENSORP, = 0
gpu_min_TEXP, = 0
gpu_min_SCHEDP, = 0
gpu_min_L2CP, = 0
gpu_min_MCP, = 0.55022
gpu_min_NOCP, = 0
gpu_min_DRAMP, = 0
gpu_min_PIPEP, = 0.277462
gpu_min_IDLE_COREP, = 8.48375
gpu_min_CONSTP = 32.3252
gpu_min_STATICP = 0
gpu_min_TOT_INST, = 0
gpu_min_FP_INT, = 0
gpu_min_IC_H, = 0
gpu_min_IC_M, = 0
gpu_min_DC_RH, = 0
gpu_min_DC_RM, = 0
gpu_min_DC_WH, = 0
gpu_min_DC_WM, = 0
gpu_min_TC_H, = 0
gpu_min_TC_M, = 0
gpu_min_CC_H, = 0
gpu_min_CC_M, = 0
gpu_min_SHRD_ACC, = 0
gpu_min_REG_RD, = 0
gpu_min_REG_WR, = 0
gpu_min_NON_REG_OPs, = 0
gpu_min_INT_ACC, = 0
gpu_min_FPU_ACC, = 0
gpu_min_DPU_ACC, = 0
gpu_min_INT_MUL24_ACC, = 0
gpu_min_INT_MUL32_ACC, = 0
gpu_min_INT_MUL_ACC, = 0
gpu_min_INT_DIV_ACC, = 0
gpu_min_FP_MUL_ACC, = 0
gpu_min_FP_DIV_ACC, = 0
gpu_min_FP_SQRT_ACC, = 0
gpu_min_FP_LG_ACC, = 0
gpu_min_FP_SIN_ACC, = 0
gpu_min_FP_EXP_ACC, = 0
gpu_min_DP_MUL_ACC, = 0
gpu_min_DP_DIV_ACC, = 0
gpu_min_TENSOR_ACC, = 0
gpu_min_TEX_ACC, = 0
gpu_min_MEM_RD, = 0
gpu_min_MEM_WR, = 0
gpu_min_MEM_PRE, = 0
gpu_min_L2_RH, = 0
gpu_min_L2_RM, = 0
gpu_min_L2_WH, = 0
gpu_min_L2_WM, = 0
gpu_min_NOC_A, = 0
gpu_min_PIPE_A, = 0.054166
gpu_min_IDLE_CORE_N, = 30
gpu_min_constant_power = 0

Accumulative Power Statistics Over Previous Kernels:
gpu_tot_avg_power = 43.4217
gpu_tot_max_power = 63.1208
gpu_tot_min_power = 41.3592


kernel_name = _Z10bc_reverseiPKmPKiS2_S2_S2_iPfS3_ 
kernel_launch_uid = 14 

Kernel Average Power Data:
kernel_avg_power = 41.9865
gpu_avg_IBP, = 0.00020087
gpu_avg_ICP, = 0
gpu_avg_DCP, = 0.00333979
gpu_avg_TCP, = 0
gpu_avg_CCP, = 0
gpu_avg_SHRDP, = 0
gpu_avg_RFP, = 0.0097238
gpu_avg_INTP, = 0.00117055
gpu_avg_FPUP, = 0.000766944
gpu_avg_DPUP, = 0
gpu_avg_INT_MUL24P, = 0
gpu_avg_INT_MUL32P, = 0.00171775
gpu_avg_INT_MULP, = 0
gpu_avg_INT_DIVP, = 0
gpu_avg_FP_MULP, = 7.43178e-05
gpu_avg_FP_DIVP, = 0.00151371
gpu_avg_FP_SQRTP, = 0
gpu_avg_FP_LGP, = 0
gpu_avg_FP_SINP, = 0
gpu_avg_FP_EXP, = 0
gpu_avg_DP_MULP, = 0
gpu_avg_DP_DIVP, = 0
gpu_avg_TENSORP, = 0
gpu_avg_TEXP, = 0
gpu_avg_SCHEDP, = 0.00059152
gpu_avg_L2CP, = 0.000394523
gpu_avg_MCP, = 0.550717
gpu_avg_NOCP, = 0.000789684
gpu_avg_DRAMP, = 0
gpu_avg_PIPEP, = 0.278839
gpu_avg_IDLE_COREP, = 8.21597
gpu_avg_CONSTP = 32.3252
gpu_avg_STATICP = 0.595499
gpu_avg_TOT_INST, = 25.0337
gpu_avg_FP_INT, = 25.0337
gpu_avg_IC_H, = 0
gpu_avg_IC_M, = 0
gpu_avg_DC_RH, = 3.49438
gpu_avg_DC_RM, = 3.04494
gpu_avg_DC_WH, = 0.292135
gpu_avg_DC_WM, = 0
gpu_avg_TC_H, = 0
gpu_avg_TC_M, = 0
gpu_avg_CC_H, = 0
gpu_avg_CC_M, = 0
gpu_avg_SHRD_ACC, = 0
gpu_avg_REG_RD, = 994.517
gpu_avg_REG_WR, = 570.247
gpu_avg_NON_REG_OPs, = 351.281
gpu_avg_INT_ACC, = 1856.68
gpu_avg_FPU_ACC, = 29.8015
gpu_avg_DPU_ACC, = 0
gpu_avg_INT_MUL24_ACC, = 0
gpu_avg_INT_MUL32_ACC, = 32.5393
gpu_avg_INT_MUL_ACC, = 0
gpu_avg_INT_DIV_ACC, = 0
gpu_avg_FP_MUL_ACC, = 1.4078
gpu_avg_FP_DIV_ACC, = 28.6742
gpu_avg_FP_SQRT_ACC, = 0
gpu_avg_FP_LG_ACC, = 0
gpu_avg_FP_SIN_ACC, = 0
gpu_avg_FP_EXP_ACC, = 0
gpu_avg_DP_MUL_ACC, = 0
gpu_avg_DP_DIV_ACC, = 0
gpu_avg_TENSOR_ACC, = 0
gpu_avg_TEX_ACC, = 0
gpu_avg_MEM_RD, = 0
gpu_avg_MEM_WR, = 0
gpu_avg_MEM_PRE, = 0
gpu_avg_L2_RH, = 3.05618
gpu_avg_L2_RM, = 0
gpu_avg_L2_WH, = 0.292135
gpu_avg_L2_WM, = 0
gpu_avg_NOC_A, = 6.7191
gpu_avg_PIPE_A, = 0.0544349
gpu_avg_IDLE_CORE_N, = 29.0531
gpu_avg_constant_power = 0
gpu_avg_threads_per_warp = 1.56736
gpu_tot_TOT_INST, = 2228
gpu_tot_FP_INT, = 2228
gpu_tot_IC_H, = 0
gpu_tot_IC_M, = 0
gpu_tot_DC_RH, = 311
gpu_tot_DC_RM, = 271
gpu_tot_DC_WH, = 26
gpu_tot_DC_WM, = 0
gpu_tot_TC_H, = 0
gpu_tot_TC_M, = 0
gpu_tot_CC_H, = 0
gpu_tot_CC_M, = 0
gpu_tot_SHRD_ACC, = 0
gpu_tot_REG_RD, = 88512
gpu_tot_REG_WR, = 50752
gpu_tot_NON_REG_OPs, = 31264
gpu_tot_INT_ACC, = 165245
gpu_tot_FPU_ACC, = 2652.33
gpu_tot_DPU_ACC, = 0
gpu_tot_INT_MUL24_ACC, = 0
gpu_tot_INT_MUL32_ACC, = 2896
gpu_tot_INT_MUL_ACC, = 0
gpu_tot_INT_DIV_ACC, = 0
gpu_tot_FP_MUL_ACC, = 125.294
gpu_tot_FP_DIV_ACC, = 2552
gpu_tot_FP_SQRT_ACC, = 0
gpu_tot_FP_LG_ACC, = 0
gpu_tot_FP_SIN_ACC, = 0
gpu_tot_FP_EXP_ACC, = 0
gpu_tot_DP_MUL_ACC, = 0
gpu_tot_DP_DIV_ACC, = 0
gpu_tot_TENSOR_ACC, = 0
gpu_tot_TEX_ACC, = 0
gpu_tot_MEM_RD, = 0
gpu_tot_MEM_WR, = 0
gpu_tot_MEM_PRE, = 0
gpu_tot_L2_RH, = 272
gpu_tot_L2_RM, = 0
gpu_tot_L2_WH, = 26
gpu_tot_L2_WM, = 0
gpu_tot_NOC_A, = 598
gpu_tot_PIPE_A, = 4.84471
gpu_tot_IDLE_CORE_N, = 2585.73
gpu_tot_constant_power = 0

Kernel Maximum Power Data:
kernel_max_power = 42.6135
gpu_max_IBP, = 0.00166898
gpu_max_ICP, = 0
gpu_max_DCP, = 0.00176483
gpu_max_TCP, = 0
gpu_max_CCP, = 0
gpu_max_SHRDP, = 0
gpu_max_RFP, = 0.0684275
gpu_max_INTP, = 0.0217624
gpu_max_FPUP, = 0.000387553
gpu_max_DPUP, = 0
gpu_max_INT_MUL24P, = 0
gpu_max_INT_MUL32P, = 0.0193211
gpu_max_INT_MULP, = 0
gpu_max_INT_DIVP, = 0
gpu_max_FP_MULP, = 0
gpu_max_FP_DIVP, = 0
gpu_max_FP_SQRTP, = 0
gpu_max_FP_LGP, = 0
gpu_max_FP_SINP, = 0
gpu_max_FP_EXP, = 0
gpu_max_DP_MULP, = 0
gpu_max_DP_DIVP, = 0
gpu_max_TENSORP, = 0
gpu_max_TEXP, = 0
gpu_max_SCHEDP, = 0.00491482
gpu_max_L2CP, = 0.000281685
gpu_max_MCP, = 0.550532
gpu_max_NOCP, = 0.000822697
gpu_max_DRAMP, = 0
gpu_max_PIPEP, = 0.281496
gpu_max_IDLE_COREP, = 8.20124
gpu_max_CONSTP = 32.3252
gpu_max_STATICP = 1.13565
gpu_max_TOT_INST, = 208
gpu_max_FP_INT, = 208
gpu_max_IC_H, = 0
gpu_max_IC_M, = 0
gpu_max_DC_RH, = 1
gpu_max_DC_RM, = 3
gpu_max_DC_WH, = 0
gpu_max_DC_WM, = 0
gpu_max_TC_H, = 0
gpu_max_TC_M, = 0
gpu_max_CC_H, = 0
gpu_max_CC_M, = 0
gpu_max_SHRD_ACC, = 0
gpu_max_REG_RD, = 3392
gpu_max_REG_WR, = 3168
gpu_max_NON_REG_OPs, = 3584
gpu_max_INT_ACC, = 34518.6
gpu_max_FPU_ACC, = 15.0593
gpu_max_DPU_ACC, = 0
gpu_max_INT_MUL24_ACC, = 0
gpu_max_INT_MUL32_ACC, = 366
gpu_max_INT_MUL_ACC, = 0
gpu_max_INT_DIV_ACC, = 0
gpu_max_FP_MUL_ACC, = 0
gpu_max_FP_DIV_ACC, = 0
gpu_max_FP_SQRT_ACC, = 0
gpu_max_FP_LG_ACC, = 0
gpu_max_FP_SIN_ACC, = 0
gpu_max_FP_EXP_ACC, = 0
gpu_max_DP_MUL_ACC, = 0
gpu_max_DP_DIV_ACC, = 0
gpu_max_TENSOR_ACC, = 0
gpu_max_TEX_ACC, = 0
gpu_max_MEM_RD, = 0
gpu_max_MEM_WR, = 0
gpu_max_MEM_PRE, = 0
gpu_max_L2_RH, = 3
gpu_max_L2_RM, = 0
gpu_max_L2_WH, = 0
gpu_max_L2_WM, = 0
gpu_max_NOC_A, = 7
gpu_max_PIPE_A, = 0.0549535
gpu_max_IDLE_CORE_N, = 29.001
gpu_max_constant_power = 0

Kernel Minimum Power Data:
kernel_min_power = 41.6367
gpu_min_IBP, = 0
gpu_min_ICP, = 0
gpu_min_DCP, = 0
gpu_min_TCP, = 0
gpu_min_CCP, = 0
gpu_min_SHRDP, = 0
gpu_min_RFP, = 0
gpu_min_INTP, = 0
gpu_min_FPUP, = 0
gpu_min_DPUP, = 0
gpu_min_INT_MUL24P, = 0
gpu_min_INT_MUL32P, = 0
gpu_min_INT_MULP, = 0
gpu_min_INT_DIVP, = 0
gpu_min_FP_MULP, = 0
gpu_min_FP_DIVP, = 0
gpu_min_FP_SQRTP, = 0
gpu_min_FP_LGP, = 0
gpu_min_FP_SINP, = 0
gpu_min_FP_EXP, = 0
gpu_min_DP_MULP, = 0
gpu_min_DP_DIVP, = 0
gpu_min_TENSORP, = 0
gpu_min_TEXP, = 0
gpu_min_SCHEDP, = 0
gpu_min_L2CP, = 0
gpu_min_MCP, = 0.55022
gpu_min_NOCP, = 0
gpu_min_DRAMP, = 0
gpu_min_PIPEP, = 0.277462
gpu_min_IDLE_COREP, = 8.48375
gpu_min_CONSTP = 32.3252
gpu_min_STATICP = 0
gpu_min_TOT_INST, = 0
gpu_min_FP_INT, = 0
gpu_min_IC_H, = 0
gpu_min_IC_M, = 0
gpu_min_DC_RH, = 0
gpu_min_DC_RM, = 0
gpu_min_DC_WH, = 0
gpu_min_DC_WM, = 0
gpu_min_TC_H, = 0
gpu_min_TC_M, = 0
gpu_min_CC_H, = 0
gpu_min_CC_M, = 0
gpu_min_SHRD_ACC, = 0
gpu_min_REG_RD, = 0
gpu_min_REG_WR, = 0
gpu_min_NON_REG_OPs, = 0
gpu_min_INT_ACC, = 0
gpu_min_FPU_ACC, = 0
gpu_min_DPU_ACC, = 0
gpu_min_INT_MUL24_ACC, = 0
gpu_min_INT_MUL32_ACC, = 0
gpu_min_INT_MUL_ACC, = 0
gpu_min_INT_DIV_ACC, = 0
gpu_min_FP_MUL_ACC, = 0
gpu_min_FP_DIV_ACC, = 0
gpu_min_FP_SQRT_ACC, = 0
gpu_min_FP_LG_ACC, = 0
gpu_min_FP_SIN_ACC, = 0
gpu_min_FP_EXP_ACC, = 0
gpu_min_DP_MUL_ACC, = 0
gpu_min_DP_DIV_ACC, = 0
gpu_min_TENSOR_ACC, = 0
gpu_min_TEX_ACC, = 0
gpu_min_MEM_RD, = 0
gpu_min_MEM_WR, = 0
gpu_min_MEM_PRE, = 0
gpu_min_L2_RH, = 0
gpu_min_L2_RM, = 0
gpu_min_L2_WH, = 0
gpu_min_L2_WM, = 0
gpu_min_NOC_A, = 0
gpu_min_PIPE_A, = 0.054166
gpu_min_IDLE_CORE_N, = 30
gpu_min_constant_power = 0

Accumulative Power Statistics Over Previous Kernels:
gpu_tot_avg_power = 43.3801
gpu_tot_max_power = 63.1208
gpu_tot_min_power = 41.3592


