kernel_name = _Z18spmv_vector_kernelILi32ELi8EEviPKmPKiPKfS5_Pf 
kernel_launch_uid = 1 

Kernel Average Power Data:
kernel_avg_power = 61.5706
gpu_avg_IBP, = 0.0352219
gpu_avg_ICP, = 0
gpu_avg_DCP, = 0.370098
gpu_avg_TCP, = 0.142573
gpu_avg_CCP, = 0
gpu_avg_SHRDP, = 0.1003
gpu_avg_RFP, = 1.77999
gpu_avg_INTP, = 0.272649
gpu_avg_FPUP, = 0.133642
gpu_avg_DPUP, = 0
gpu_avg_INT_MUL24P, = 0
gpu_avg_INT_MUL32P, = 0.246101
gpu_avg_INT_MULP, = 0
gpu_avg_INT_DIVP, = 0
gpu_avg_FP_MULP, = 0.0125593
gpu_avg_FP_DIVP, = 0
gpu_avg_FP_SQRTP, = 0
gpu_avg_FP_LGP, = 0
gpu_avg_FP_SINP, = 0
gpu_avg_FP_EXP, = 0
gpu_avg_DP_MULP, = 0
gpu_avg_DP_DIVP, = 0
gpu_avg_TENSORP, = 0
gpu_avg_TEXP, = 0.0225576
gpu_avg_SCHEDP, = 0.0936037
gpu_avg_L2CP, = 0.381516
gpu_avg_MCP, = 0.743886
gpu_avg_NOCP, = 0.86142
gpu_avg_DRAMP, = 5.20584
gpu_avg_PIPEP, = 0.087642
gpu_avg_IDLE_COREP, = 1.8489
gpu_avg_CONSTP = 32.3252
gpu_avg_STATICP = 16.9068
gpu_avg_TOT_INST, = 4389.59
gpu_avg_FP_INT, = 3961.4
gpu_avg_IC_H, = 0
gpu_avg_IC_M, = 0
gpu_avg_DC_RH, = 418.208
gpu_avg_DC_RM, = 283.834
gpu_avg_DC_WH, = 59.0759
gpu_avg_DC_WM, = 0.245469
gpu_avg_TC_H, = 50.2569
gpu_avg_TC_M, = 1265.09
gpu_avg_CC_H, = 0
gpu_avg_CC_M, = 0
gpu_avg_SHRD_ACC, = 652.543
gpu_avg_REG_RD, = 154698
gpu_avg_REG_WR, = 176574
gpu_avg_NON_REG_OPs, = 55481.9
gpu_avg_INT_ACC, = 432464
gpu_avg_FPU_ACC, = 5192.98
gpu_avg_DPU_ACC, = 0
gpu_avg_INT_MUL24_ACC, = 0
gpu_avg_INT_MUL32_ACC, = 4661.9
gpu_avg_INT_MUL_ACC, = 0
gpu_avg_INT_DIV_ACC, = 0
gpu_avg_FP_MUL_ACC, = 237.911
gpu_avg_FP_DIV_ACC, = 0
gpu_avg_FP_SQRT_ACC, = 0
gpu_avg_FP_LG_ACC, = 0
gpu_avg_FP_SIN_ACC, = 0
gpu_avg_FP_EXP_ACC, = 0
gpu_avg_DP_MUL_ACC, = 0
gpu_avg_DP_DIV_ACC, = 0
gpu_avg_TENSOR_ACC, = 0
gpu_avg_TEX_ACC, = 427.309
gpu_avg_MEM_RD, = 1789
gpu_avg_MEM_WR, = 29.5365
gpu_avg_MEM_PRE, = 557.749
gpu_avg_L2_RH, = 3714.05
gpu_avg_L2_RM, = 1789
gpu_avg_L2_WH, = 59.3213
gpu_avg_L2_WM, = 0
gpu_avg_NOC_A, = 7329.47
gpu_avg_PIPE_A, = 0.0171094
gpu_avg_IDLE_CORE_N, = 6.53804
gpu_avg_constant_power = 0
gpu_avg_threads_per_warp = 13.1273
gpu_tot_TOT_INST, = 1.69526e+07
gpu_tot_FP_INT, = 1.52989e+07
gpu_tot_IC_H, = 0
gpu_tot_IC_M, = 0
gpu_tot_DC_RH, = 1.61512e+06
gpu_tot_DC_RM, = 1.09616e+06
gpu_tot_DC_WH, = 228151
gpu_tot_DC_WM, = 948
gpu_tot_TC_H, = 194092
gpu_tot_TC_M, = 4.88578e+06
gpu_tot_CC_H, = 0
gpu_tot_CC_M, = 0
gpu_tot_SHRD_ACC, = 2.52012e+06
gpu_tot_REG_RD, = 5.97445e+08
gpu_tot_REG_WR, = 6.81928e+08
gpu_tot_NON_REG_OPs, = 2.14271e+08
gpu_tot_INT_ACC, = 1.67017e+09
gpu_tot_FPU_ACC, = 2.00553e+07
gpu_tot_DPU_ACC, = 0
gpu_tot_INT_MUL24_ACC, = 0
gpu_tot_INT_MUL32_ACC, = 1.80043e+07
gpu_tot_INT_MUL_ACC, = 0
gpu_tot_INT_DIV_ACC, = 0
gpu_tot_FP_MUL_ACC, = 918811
gpu_tot_FP_DIV_ACC, = 0
gpu_tot_FP_SQRT_ACC, = 0
gpu_tot_FP_LG_ACC, = 0
gpu_tot_FP_SIN_ACC, = 0
gpu_tot_FP_EXP_ACC, = 0
gpu_tot_DP_MUL_ACC, = 0
gpu_tot_DP_DIV_ACC, = 0
gpu_tot_TENSOR_ACC, = 0
gpu_tot_TEX_ACC, = 1.65027e+06
gpu_tot_MEM_RD, = 6.90912e+06
gpu_tot_MEM_WR, = 114070
gpu_tot_MEM_PRE, = 2.15403e+06
gpu_tot_L2_RH, = 1.43437e+07
gpu_tot_L2_RM, = 6.90912e+06
gpu_tot_L2_WH, = 229099
gpu_tot_L2_WM, = 0
gpu_tot_NOC_A, = 2.83064e+07
gpu_tot_PIPE_A, = 66.0767
gpu_tot_IDLE_CORE_N, = 25249.9
gpu_tot_constant_power = 0

Kernel Maximum Power Data:
kernel_max_power = 105.963
gpu_max_IBP, = 0.351963
gpu_max_ICP, = 0
gpu_max_DCP, = 0.611867
gpu_max_TCP, = 0
gpu_max_CCP, = 0
gpu_max_SHRDP, = 0.29988
gpu_max_RFP, = 18.7421
gpu_max_INTP, = 9.01987
gpu_max_FPUP, = 0.491593
gpu_max_DPUP, = 0
gpu_max_INT_MUL24P, = 0
gpu_max_INT_MUL32P, = 1.31764
gpu_max_INT_MULP, = 0
gpu_max_INT_DIVP, = 0
gpu_max_FP_MULP, = 0
gpu_max_FP_DIVP, = 0
gpu_max_FP_SQRTP, = 0
gpu_max_FP_LGP, = 0
gpu_max_FP_SINP, = 0
gpu_max_FP_EXP, = 0
gpu_max_DP_MULP, = 0
gpu_max_DP_DIVP, = 0
gpu_max_TENSORP, = 0
gpu_max_TEXP, = 0
gpu_max_SCHEDP, = 1.00915
gpu_max_L2CP, = 0.0170523
gpu_max_MCP, = 0.698773
gpu_max_NOCP, = 0.252215
gpu_max_DRAMP, = 2.63622
gpu_max_PIPEP, = 0.888486
gpu_max_IDLE_COREP, = 0.00848394
gpu_max_CONSTP = 32.3252
gpu_max_STATICP = 37.2923
gpu_max_TOT_INST, = 43864
gpu_max_FP_INT, = 42708
gpu_max_IC_H, = 0
gpu_max_IC_M, = 0
gpu_max_DC_RH, = 840
gpu_max_DC_RM, = 240
gpu_max_DC_WH, = 0
gpu_max_DC_WM, = 0
gpu_max_TC_H, = 0
gpu_max_TC_M, = 0
gpu_max_CC_H, = 0
gpu_max_CC_M, = 0
gpu_max_SHRD_ACC, = 1951
gpu_max_REG_RD, = 1.26208e+06
gpu_max_REG_WR, = 1.12086e+06
gpu_max_NON_REG_OPs, = 840512
gpu_max_INT_ACC, = 1.43069e+07
gpu_max_FPU_ACC, = 19102
gpu_max_DPU_ACC, = 0
gpu_max_INT_MUL24_ACC, = 0
gpu_max_INT_MUL32_ACC, = 24960
gpu_max_INT_MUL_ACC, = 0
gpu_max_INT_DIV_ACC, = 0
gpu_max_FP_MUL_ACC, = 0
gpu_max_FP_DIV_ACC, = 0
gpu_max_FP_SQRT_ACC, = 0
gpu_max_FP_LG_ACC, = 0
gpu_max_FP_SIN_ACC, = 0
gpu_max_FP_EXP_ACC, = 0
gpu_max_DP_MUL_ACC, = 0
gpu_max_DP_DIV_ACC, = 0
gpu_max_TENSOR_ACC, = 0
gpu_max_TEX_ACC, = 0
gpu_max_MEM_RD, = 961
gpu_max_MEM_WR, = 0
gpu_max_MEM_PRE, = 0
gpu_max_L2_RH, = 119
gpu_max_L2_RM, = 961
gpu_max_L2_WH, = 0
gpu_max_L2_WM, = 0
gpu_max_NOC_A, = 2146
gpu_max_PIPE_A, = 0.17345
gpu_max_IDLE_CORE_N, = 0.0300007
gpu_max_constant_power = 0

Kernel Minimum Power Data:
kernel_min_power = 41.3592
gpu_min_IBP, = 0
gpu_min_ICP, = 0
gpu_min_DCP, = 0
gpu_min_TCP, = 0
gpu_min_CCP, = 0
gpu_min_SHRDP, = 0
gpu_min_RFP, = 0
gpu_min_INTP, = 0
gpu_min_FPUP, = 0
gpu_min_DPUP, = 0
gpu_min_INT_MUL24P, = 0
gpu_min_INT_MUL32P, = 0
gpu_min_INT_MULP, = 0
gpu_min_INT_DIVP, = 0
gpu_min_FP_MULP, = 0
gpu_min_FP_DIVP, = 0
gpu_min_FP_SQRTP, = 0
gpu_min_FP_LGP, = 0
gpu_min_FP_SINP, = 0
gpu_min_FP_EXP, = 0
gpu_min_DP_MULP, = 0
gpu_min_DP_DIVP, = 0
gpu_min_TENSORP, = 0
gpu_min_TEXP, = 0
gpu_min_SCHEDP, = 0
gpu_min_L2CP, = 0
gpu_min_MCP, = 0.55022
gpu_min_NOCP, = 0
gpu_min_DRAMP, = 0
gpu_min_PIPEP, = 0
gpu_min_IDLE_COREP, = 8.48375
gpu_min_CONSTP = 32.3252
gpu_min_STATICP = 0
gpu_min_TOT_INST, = 0
gpu_min_FP_INT, = 0
gpu_min_IC_H, = 0
gpu_min_IC_M, = 0
gpu_min_DC_RH, = 0
gpu_min_DC_RM, = 0
gpu_min_DC_WH, = 0
gpu_min_DC_WM, = 0
gpu_min_TC_H, = 0
gpu_min_TC_M, = 0
gpu_min_CC_H, = 0
gpu_min_CC_M, = 0
gpu_min_SHRD_ACC, = 0
gpu_min_REG_RD, = 0
gpu_min_REG_WR, = 0
gpu_min_NON_REG_OPs, = 0
gpu_min_INT_ACC, = 0
gpu_min_FPU_ACC, = 0
gpu_min_DPU_ACC, = 0
gpu_min_INT_MUL24_ACC, = 0
gpu_min_INT_MUL32_ACC, = 0
gpu_min_INT_MUL_ACC, = 0
gpu_min_INT_DIV_ACC, = 0
gpu_min_FP_MUL_ACC, = 0
gpu_min_FP_DIV_ACC, = 0
gpu_min_FP_SQRT_ACC, = 0
gpu_min_FP_LG_ACC, = 0
gpu_min_FP_SIN_ACC, = 0
gpu_min_FP_EXP_ACC, = 0
gpu_min_DP_MUL_ACC, = 0
gpu_min_DP_DIV_ACC, = 0
gpu_min_TENSOR_ACC, = 0
gpu_min_TEX_ACC, = 0
gpu_min_MEM_RD, = 0
gpu_min_MEM_WR, = 0
gpu_min_MEM_PRE, = 0
gpu_min_L2_RH, = 0
gpu_min_L2_RM, = 0
gpu_min_L2_WH, = 0
gpu_min_L2_WM, = 0
gpu_min_NOC_A, = 0
gpu_min_PIPE_A, = 0
gpu_min_IDLE_CORE_N, = 30
gpu_min_constant_power = 0

Accumulative Power Statistics Over Previous Kernels:
gpu_tot_avg_power = 61.5706
gpu_tot_max_power = 105.963
gpu_tot_min_power = 41.3592


