kernel_name = _Z14dynproc_kerneliPiS_S_iiii 
kernel_launch_uid = 1 

Kernel Average Power Data:
kernel_avg_power = 101.735
gpu_avg_IBP, = 0.329653
gpu_avg_ICP, = 0
gpu_avg_DCP, = 1.80108
gpu_avg_TCP, = 0
gpu_avg_CCP, = 0
gpu_avg_SHRDP, = 1.00105
gpu_avg_RFP, = 13.8209
gpu_avg_INTP, = 6.94199
gpu_avg_FPUP, = 0
gpu_avg_DPUP, = 0
gpu_avg_INT_MUL24P, = 0
gpu_avg_INT_MUL32P, = 1.91177
gpu_avg_INT_MULP, = 0
gpu_avg_INT_DIVP, = 0
gpu_avg_FP_MULP, = 0
gpu_avg_FP_DIVP, = 0
gpu_avg_FP_SQRTP, = 0
gpu_avg_FP_LGP, = 0
gpu_avg_FP_SINP, = 0
gpu_avg_FP_EXP, = 0
gpu_avg_DP_MULP, = 0
gpu_avg_DP_DIVP, = 0
gpu_avg_TENSORP, = 0
gpu_avg_TEXP, = 0
gpu_avg_SCHEDP, = 0.970762
gpu_avg_L2CP, = 0.135402
gpu_avg_MCP, = 1.09406
gpu_avg_NOCP, = 0.971575
gpu_avg_DRAMP, = 8.26932
gpu_avg_PIPEP, = 0.843467
gpu_avg_IDLE_COREP, = 0.623246
gpu_avg_CONSTP = 32.3252
gpu_avg_STATICP = 30.696
gpu_avg_TOT_INST, = 41083.6
gpu_avg_FP_INT, = 41083.6
gpu_avg_IC_H, = 0
gpu_avg_IC_M, = 0
gpu_avg_DC_RH, = 962.252
gpu_avg_DC_RM, = 3097.02
gpu_avg_DC_WH, = 14.8879
gpu_avg_DC_WM, = 59.5327
gpu_avg_TC_H, = 0
gpu_avg_TC_M, = 0
gpu_avg_CC_H, = 0
gpu_avg_CC_M, = 0
gpu_avg_SHRD_ACC, = 6512.75
gpu_avg_REG_RD, = 1.47801e+06
gpu_avg_REG_WR, = 1.08234e+06
gpu_avg_NON_REG_OPs, = 423055
gpu_avg_INT_ACC, = 1.10111e+07
gpu_avg_FPU_ACC, = 0
gpu_avg_DPU_ACC, = 0
gpu_avg_INT_MUL24_ACC, = 0
gpu_avg_INT_MUL32_ACC, = 36214.6
gpu_avg_INT_MUL_ACC, = 0
gpu_avg_INT_DIV_ACC, = 0
gpu_avg_FP_MUL_ACC, = 0
gpu_avg_FP_DIV_ACC, = 0
gpu_avg_FP_SQRT_ACC, = 0
gpu_avg_FP_LG_ACC, = 0
gpu_avg_FP_SIN_ACC, = 0
gpu_avg_FP_EXP_ACC, = 0
gpu_avg_DP_MUL_ACC, = 0
gpu_avg_DP_DIV_ACC, = 0
gpu_avg_TENSOR_ACC, = 0
gpu_avg_TEX_ACC, = 0
gpu_avg_MEM_RD, = 2984.25
gpu_avg_MEM_WR, = 27.1402
gpu_avg_MEM_PRE, = 91.5888
gpu_avg_L2_RH, = 1074.84
gpu_avg_L2_RM, = 2984.43
gpu_avg_L2_WH, = 16.2523
gpu_avg_L2_WM, = 57.7009
gpu_avg_NOC_A, = 8266.74
gpu_avg_PIPE_A, = 0.164661
gpu_avg_IDLE_CORE_N, = 2.20391
gpu_avg_constant_power = 0
gpu_avg_threads_per_warp = 29.5241
gpu_tot_TOT_INST, = 4.39595e+06
gpu_tot_FP_INT, = 4.39595e+06
gpu_tot_IC_H, = 0
gpu_tot_IC_M, = 0
gpu_tot_DC_RH, = 102961
gpu_tot_DC_RM, = 331381
gpu_tot_DC_WH, = 1593
gpu_tot_DC_WM, = 6370
gpu_tot_TC_H, = 0
gpu_tot_TC_M, = 0
gpu_tot_CC_H, = 0
gpu_tot_CC_M, = 0
gpu_tot_SHRD_ACC, = 696864
gpu_tot_REG_RD, = 1.58147e+08
gpu_tot_REG_WR, = 1.15811e+08
gpu_tot_NON_REG_OPs, = 4.52669e+07
gpu_tot_INT_ACC, = 1.17819e+09
gpu_tot_FPU_ACC, = 0
gpu_tot_DPU_ACC, = 0
gpu_tot_INT_MUL24_ACC, = 0
gpu_tot_INT_MUL32_ACC, = 3.87497e+06
gpu_tot_INT_MUL_ACC, = 0
gpu_tot_INT_DIV_ACC, = 0
gpu_tot_FP_MUL_ACC, = 0
gpu_tot_FP_DIV_ACC, = 0
gpu_tot_FP_SQRT_ACC, = 0
gpu_tot_FP_LG_ACC, = 0
gpu_tot_FP_SIN_ACC, = 0
gpu_tot_FP_EXP_ACC, = 0
gpu_tot_DP_MUL_ACC, = 0
gpu_tot_DP_DIV_ACC, = 0
gpu_tot_TENSOR_ACC, = 0
gpu_tot_TEX_ACC, = 0
gpu_tot_MEM_RD, = 319315
gpu_tot_MEM_WR, = 2904
gpu_tot_MEM_PRE, = 9800
gpu_tot_L2_RH, = 115008
gpu_tot_L2_RM, = 319334
gpu_tot_L2_WH, = 1739
gpu_tot_L2_WM, = 6174
gpu_tot_NOC_A, = 884541
gpu_tot_PIPE_A, = 17.6188
gpu_tot_IDLE_CORE_N, = 235.818
gpu_tot_constant_power = 0

Kernel Maximum Power Data:
kernel_max_power = 125.268
gpu_max_IBP, = 0.483644
gpu_max_ICP, = 0
gpu_max_DCP, = 2.16148
gpu_max_TCP, = 0
gpu_max_CCP, = 0
gpu_max_SHRDP, = 0.721957
gpu_max_RFP, = 23.7776
gpu_max_INTP, = 13.986
gpu_max_FPUP, = 0
gpu_max_DPUP, = 0
gpu_max_INT_MUL24P, = 0
gpu_max_INT_MUL32P, = 4.06366
gpu_max_INT_MULP, = 0
gpu_max_INT_DIVP, = 0
gpu_max_FP_MULP, = 0
gpu_max_FP_DIVP, = 0
gpu_max_FP_SQRTP, = 0
gpu_max_FP_LGP, = 0
gpu_max_FP_SINP, = 0
gpu_max_FP_EXP, = 0
gpu_max_DP_MULP, = 0
gpu_max_DP_DIVP, = 0
gpu_max_TENSORP, = 0
gpu_max_TEXP, = 0
gpu_max_SCHEDP, = 1.42423
gpu_max_L2CP, = 0.285507
gpu_max_MCP, = 1.17447
gpu_max_NOCP, = 1.24909
gpu_max_DRAMP, = 8.8749
gpu_max_PIPEP, = 1.27687
gpu_max_IDLE_COREP, = 0
gpu_max_CONSTP = 32.3252
gpu_max_STATICP = 33.4636
gpu_max_TOT_INST, = 60275
gpu_max_FP_INT, = 60275
gpu_max_IC_H, = 0
gpu_max_IC_M, = 0
gpu_max_DC_RH, = 1069
gpu_max_DC_RM, = 3907
gpu_max_DC_WH, = 5
gpu_max_DC_WM, = 20
gpu_max_TC_H, = 0
gpu_max_TC_M, = 0
gpu_max_CC_H, = 0
gpu_max_CC_M, = 0
gpu_max_SHRD_ACC, = 4697
gpu_max_REG_RD, = 2.4479e+06
gpu_max_REG_WR, = 1.86547e+06
gpu_max_NON_REG_OPs, = 751456
gpu_max_INT_ACC, = 2.21839e+07
gpu_max_FPU_ACC, = 0
gpu_max_DPU_ACC, = 0
gpu_max_INT_MUL24_ACC, = 0
gpu_max_INT_MUL32_ACC, = 76978
gpu_max_INT_MUL_ACC, = 0
gpu_max_INT_DIV_ACC, = 0
gpu_max_FP_MUL_ACC, = 0
gpu_max_FP_DIV_ACC, = 0
gpu_max_FP_SQRT_ACC, = 0
gpu_max_FP_LG_ACC, = 0
gpu_max_FP_SIN_ACC, = 0
gpu_max_FP_EXP_ACC, = 0
gpu_max_DP_MUL_ACC, = 0
gpu_max_DP_DIV_ACC, = 0
gpu_max_TENSOR_ACC, = 0
gpu_max_TEX_ACC, = 0
gpu_max_MEM_RD, = 3220
gpu_max_MEM_WR, = 0
gpu_max_MEM_PRE, = 92
gpu_max_L2_RH, = 2290
gpu_max_L2_RM, = 3339
gpu_max_L2_WH, = 55
gpu_max_L2_WM, = 168
gpu_max_NOC_A, = 10628
gpu_max_PIPE_A, = 0.249271
gpu_max_IDLE_CORE_N, = 0
gpu_max_constant_power = 0

Kernel Minimum Power Data:
kernel_min_power = 41.3592
gpu_min_IBP, = 0
gpu_min_ICP, = 0
gpu_min_DCP, = 0
gpu_min_TCP, = 0
gpu_min_CCP, = 0
gpu_min_SHRDP, = 0
gpu_min_RFP, = 0
gpu_min_INTP, = 0
gpu_min_FPUP, = 0
gpu_min_DPUP, = 0
gpu_min_INT_MUL24P, = 0
gpu_min_INT_MUL32P, = 0
gpu_min_INT_MULP, = 0
gpu_min_INT_DIVP, = 0
gpu_min_FP_MULP, = 0
gpu_min_FP_DIVP, = 0
gpu_min_FP_SQRTP, = 0
gpu_min_FP_LGP, = 0
gpu_min_FP_SINP, = 0
gpu_min_FP_EXP, = 0
gpu_min_DP_MULP, = 0
gpu_min_DP_DIVP, = 0
gpu_min_TENSORP, = 0
gpu_min_TEXP, = 0
gpu_min_SCHEDP, = 0
gpu_min_L2CP, = 0
gpu_min_MCP, = 0.55022
gpu_min_NOCP, = 0
gpu_min_DRAMP, = 0
gpu_min_PIPEP, = 0
gpu_min_IDLE_COREP, = 8.48375
gpu_min_CONSTP = 32.3252
gpu_min_STATICP = 0
gpu_min_TOT_INST, = 0
gpu_min_FP_INT, = 0
gpu_min_IC_H, = 0
gpu_min_IC_M, = 0
gpu_min_DC_RH, = 0
gpu_min_DC_RM, = 0
gpu_min_DC_WH, = 0
gpu_min_DC_WM, = 0
gpu_min_TC_H, = 0
gpu_min_TC_M, = 0
gpu_min_CC_H, = 0
gpu_min_CC_M, = 0
gpu_min_SHRD_ACC, = 0
gpu_min_REG_RD, = 0
gpu_min_REG_WR, = 0
gpu_min_NON_REG_OPs, = 0
gpu_min_INT_ACC, = 0
gpu_min_FPU_ACC, = 0
gpu_min_DPU_ACC, = 0
gpu_min_INT_MUL24_ACC, = 0
gpu_min_INT_MUL32_ACC, = 0
gpu_min_INT_MUL_ACC, = 0
gpu_min_INT_DIV_ACC, = 0
gpu_min_FP_MUL_ACC, = 0
gpu_min_FP_DIV_ACC, = 0
gpu_min_FP_SQRT_ACC, = 0
gpu_min_FP_LG_ACC, = 0
gpu_min_FP_SIN_ACC, = 0
gpu_min_FP_EXP_ACC, = 0
gpu_min_DP_MUL_ACC, = 0
gpu_min_DP_DIV_ACC, = 0
gpu_min_TENSOR_ACC, = 0
gpu_min_TEX_ACC, = 0
gpu_min_MEM_RD, = 0
gpu_min_MEM_WR, = 0
gpu_min_MEM_PRE, = 0
gpu_min_L2_RH, = 0
gpu_min_L2_RM, = 0
gpu_min_L2_WH, = 0
gpu_min_L2_WM, = 0
gpu_min_NOC_A, = 0
gpu_min_PIPE_A, = 0
gpu_min_IDLE_CORE_N, = 30
gpu_min_constant_power = 0

Accumulative Power Statistics Over Previous Kernels:
gpu_tot_avg_power = 101.735
gpu_tot_max_power = 125.268
gpu_tot_min_power = 41.3592


kernel_name = _Z14dynproc_kerneliPiS_S_iiii 
kernel_launch_uid = 2 

Kernel Average Power Data:
kernel_avg_power = 100.296
gpu_avg_IBP, = 0.32661
gpu_avg_ICP, = 0
gpu_avg_DCP, = 1.73158
gpu_avg_TCP, = 0
gpu_avg_CCP, = 0
gpu_avg_SHRDP, = 0.991807
gpu_avg_RFP, = 13.6795
gpu_avg_INTP, = 6.87787
gpu_avg_FPUP, = 0
gpu_avg_DPUP, = 0
gpu_avg_INT_MUL24P, = 0
gpu_avg_INT_MUL32P, = 1.89424
gpu_avg_INT_MULP, = 0
gpu_avg_INT_DIVP, = 0
gpu_avg_FP_MULP, = 0
gpu_avg_FP_DIVP, = 0
gpu_avg_FP_SQRTP, = 0
gpu_avg_FP_LGP, = 0
gpu_avg_FP_SINP, = 0
gpu_avg_FP_EXP, = 0
gpu_avg_DP_MULP, = 0
gpu_avg_DP_DIVP, = 0
gpu_avg_TENSORP, = 0
gpu_avg_TEXP, = 0
gpu_avg_SCHEDP, = 0.961799
gpu_avg_L2CP, = 0.131144
gpu_avg_MCP, = 1.07418
gpu_avg_NOCP, = 0.933482
gpu_avg_DRAMP, = 7.97692
gpu_avg_PIPEP, = 0.835692
gpu_avg_IDLE_COREP, = 0.88652
gpu_avg_CONSTP = 32.3252
gpu_avg_STATICP = 29.6693
gpu_avg_TOT_INST, = 40704.3
gpu_avg_FP_INT, = 40704.3
gpu_avg_IC_H, = 0
gpu_avg_IC_M, = 0
gpu_avg_DC_RH, = 930.028
gpu_avg_DC_RM, = 2967.29
gpu_avg_DC_WH, = 14.9259
gpu_avg_DC_WM, = 59.5
gpu_avg_TC_H, = 0
gpu_avg_TC_M, = 0
gpu_avg_CC_H, = 0
gpu_avg_CC_M, = 0
gpu_avg_SHRD_ACC, = 6452.63
gpu_avg_REG_RD, = 1.46437e+06
gpu_avg_REG_WR, = 1.0676e+06
gpu_avg_NON_REG_OPs, = 419150
gpu_avg_INT_ACC, = 1.09094e+07
gpu_avg_FPU_ACC, = 0
gpu_avg_DPU_ACC, = 0
gpu_avg_INT_MUL24_ACC, = 0
gpu_avg_INT_MUL32_ACC, = 35882.7
gpu_avg_INT_MUL_ACC, = 0
gpu_avg_INT_DIV_ACC, = 0
gpu_avg_FP_MUL_ACC, = 0
gpu_avg_FP_DIV_ACC, = 0
gpu_avg_FP_SQRT_ACC, = 0
gpu_avg_FP_LG_ACC, = 0
gpu_avg_FP_SIN_ACC, = 0
gpu_avg_FP_EXP_ACC, = 0
gpu_avg_DP_MUL_ACC, = 0
gpu_avg_DP_DIV_ACC, = 0
gpu_avg_TENSOR_ACC, = 0
gpu_avg_TEX_ACC, = 0
gpu_avg_MEM_RD, = 2860.94
gpu_avg_MEM_WR, = 46.5
gpu_avg_MEM_PRE, = 127.741
gpu_avg_L2_RH, = 1035.83
gpu_avg_L2_RM, = 2860.76
gpu_avg_L2_WH, = 16.4444
gpu_avg_L2_WM, = 58.213
gpu_avg_NOC_A, = 7942.62
gpu_avg_PIPE_A, = 0.163144
gpu_avg_IDLE_CORE_N, = 3.13489
gpu_avg_constant_power = 0
gpu_avg_threads_per_warp = 29.7998
gpu_tot_TOT_INST, = 4.39606e+06
gpu_tot_FP_INT, = 4.39606e+06
gpu_tot_IC_H, = 0
gpu_tot_IC_M, = 0
gpu_tot_DC_RH, = 100443
gpu_tot_DC_RM, = 320467
gpu_tot_DC_WH, = 1612
gpu_tot_DC_WM, = 6426
gpu_tot_TC_H, = 0
gpu_tot_TC_M, = 0
gpu_tot_CC_H, = 0
gpu_tot_CC_M, = 0
gpu_tot_SHRD_ACC, = 696884
gpu_tot_REG_RD, = 1.58152e+08
gpu_tot_REG_WR, = 1.15301e+08
gpu_tot_NON_REG_OPs, = 4.52682e+07
gpu_tot_INT_ACC, = 1.17821e+09
gpu_tot_FPU_ACC, = 0
gpu_tot_DPU_ACC, = 0
gpu_tot_INT_MUL24_ACC, = 0
gpu_tot_INT_MUL32_ACC, = 3.87533e+06
gpu_tot_INT_MUL_ACC, = 0
gpu_tot_INT_DIV_ACC, = 0
gpu_tot_FP_MUL_ACC, = 0
gpu_tot_FP_DIV_ACC, = 0
gpu_tot_FP_SQRT_ACC, = 0
gpu_tot_FP_LG_ACC, = 0
gpu_tot_FP_SIN_ACC, = 0
gpu_tot_FP_EXP_ACC, = 0
gpu_tot_DP_MUL_ACC, = 0
gpu_tot_DP_DIV_ACC, = 0
gpu_tot_TENSOR_ACC, = 0
gpu_tot_TEX_ACC, = 0
gpu_tot_MEM_RD, = 308981
gpu_tot_MEM_WR, = 5022
gpu_tot_MEM_PRE, = 13796
gpu_tot_L2_RH, = 111870
gpu_tot_L2_RM, = 308962
gpu_tot_L2_WH, = 1776
gpu_tot_L2_WM, = 6287
gpu_tot_NOC_A, = 857803
gpu_tot_PIPE_A, = 17.6195
gpu_tot_IDLE_CORE_N, = 338.568
gpu_tot_constant_power = 0

Kernel Maximum Power Data:
kernel_max_power = 118.964
gpu_max_IBP, = 0.469354
gpu_max_ICP, = 0
gpu_max_DCP, = 2.25599
gpu_max_TCP, = 0
gpu_max_CCP, = 0
gpu_max_SHRDP, = 1.08624
gpu_max_RFP, = 21.5943
gpu_max_INTP, = 12.2228
gpu_max_FPUP, = 0
gpu_max_DPUP, = 0
gpu_max_INT_MUL24P, = 0
gpu_max_INT_MUL32P, = 3.48429
gpu_max_INT_MULP, = 0
gpu_max_INT_DIVP, = 0
gpu_max_FP_MULP, = 0
gpu_max_FP_DIVP, = 0
gpu_max_FP_SQRTP, = 0
gpu_max_FP_LGP, = 0
gpu_max_FP_SINP, = 0
gpu_max_FP_EXP, = 0
gpu_max_DP_MULP, = 0
gpu_max_DP_DIVP, = 0
gpu_max_TENSORP, = 0
gpu_max_TEXP, = 0
gpu_max_SCHEDP, = 1.38215
gpu_max_L2CP, = 0.221686
gpu_max_MCP, = 1.14096
gpu_max_NOCP, = 1.15577
gpu_max_DRAMP, = 6.94223
gpu_max_PIPEP, = 1.21976
gpu_max_IDLE_COREP, = 0
gpu_max_CONSTP = 32.3252
gpu_max_STATICP = 33.4636
gpu_max_TOT_INST, = 58494
gpu_max_FP_INT, = 58494
gpu_max_IC_H, = 0
gpu_max_IC_M, = 0
gpu_max_DC_RH, = 1144
gpu_max_DC_RM, = 4013
gpu_max_DC_WH, = 10
gpu_max_DC_WM, = 40
gpu_max_TC_H, = 0
gpu_max_TC_M, = 0
gpu_max_CC_H, = 0
gpu_max_CC_M, = 0
gpu_max_SHRD_ACC, = 7067
gpu_max_REG_RD, = 2.34515e+06
gpu_max_REG_WR, = 1.7041e+06
gpu_max_NON_REG_OPs, = 648928
gpu_max_INT_ACC, = 1.93873e+07
gpu_max_FPU_ACC, = 0
gpu_max_DPU_ACC, = 0
gpu_max_INT_MUL24_ACC, = 0
gpu_max_INT_MUL32_ACC, = 66003
gpu_max_INT_MUL_ACC, = 0
gpu_max_INT_DIV_ACC, = 0
gpu_max_FP_MUL_ACC, = 0
gpu_max_FP_DIV_ACC, = 0
gpu_max_FP_SQRT_ACC, = 0
gpu_max_FP_LG_ACC, = 0
gpu_max_FP_SIN_ACC, = 0
gpu_max_FP_EXP_ACC, = 0
gpu_max_DP_MUL_ACC, = 0
gpu_max_DP_DIV_ACC, = 0
gpu_max_TENSOR_ACC, = 0
gpu_max_TEX_ACC, = 0
gpu_max_MEM_RD, = 2511
gpu_max_MEM_WR, = 0
gpu_max_MEM_PRE, = 119
gpu_max_L2_RH, = 2128
gpu_max_L2_RM, = 2664
gpu_max_L2_WH, = 6
gpu_max_L2_WM, = 19
gpu_max_NOC_A, = 9834
gpu_max_PIPE_A, = 0.238121
gpu_max_IDLE_CORE_N, = 0
gpu_max_constant_power = 0

Kernel Minimum Power Data:
kernel_min_power = 41.3592
gpu_min_IBP, = 0
gpu_min_ICP, = 0
gpu_min_DCP, = 0
gpu_min_TCP, = 0
gpu_min_CCP, = 0
gpu_min_SHRDP, = 0
gpu_min_RFP, = 0
gpu_min_INTP, = 0
gpu_min_FPUP, = 0
gpu_min_DPUP, = 0
gpu_min_INT_MUL24P, = 0
gpu_min_INT_MUL32P, = 0
gpu_min_INT_MULP, = 0
gpu_min_INT_DIVP, = 0
gpu_min_FP_MULP, = 0
gpu_min_FP_DIVP, = 0
gpu_min_FP_SQRTP, = 0
gpu_min_FP_LGP, = 0
gpu_min_FP_SINP, = 0
gpu_min_FP_EXP, = 0
gpu_min_DP_MULP, = 0
gpu_min_DP_DIVP, = 0
gpu_min_TENSORP, = 0
gpu_min_TEXP, = 0
gpu_min_SCHEDP, = 0
gpu_min_L2CP, = 0
gpu_min_MCP, = 0.55022
gpu_min_NOCP, = 0
gpu_min_DRAMP, = 0
gpu_min_PIPEP, = 0
gpu_min_IDLE_COREP, = 8.48375
gpu_min_CONSTP = 32.3252
gpu_min_STATICP = 0
gpu_min_TOT_INST, = 0
gpu_min_FP_INT, = 0
gpu_min_IC_H, = 0
gpu_min_IC_M, = 0
gpu_min_DC_RH, = 0
gpu_min_DC_RM, = 0
gpu_min_DC_WH, = 0
gpu_min_DC_WM, = 0
gpu_min_TC_H, = 0
gpu_min_TC_M, = 0
gpu_min_CC_H, = 0
gpu_min_CC_M, = 0
gpu_min_SHRD_ACC, = 0
gpu_min_REG_RD, = 0
gpu_min_REG_WR, = 0
gpu_min_NON_REG_OPs, = 0
gpu_min_INT_ACC, = 0
gpu_min_FPU_ACC, = 0
gpu_min_DPU_ACC, = 0
gpu_min_INT_MUL24_ACC, = 0
gpu_min_INT_MUL32_ACC, = 0
gpu_min_INT_MUL_ACC, = 0
gpu_min_INT_DIV_ACC, = 0
gpu_min_FP_MUL_ACC, = 0
gpu_min_FP_DIV_ACC, = 0
gpu_min_FP_SQRT_ACC, = 0
gpu_min_FP_LG_ACC, = 0
gpu_min_FP_SIN_ACC, = 0
gpu_min_FP_EXP_ACC, = 0
gpu_min_DP_MUL_ACC, = 0
gpu_min_DP_DIV_ACC, = 0
gpu_min_TENSOR_ACC, = 0
gpu_min_TEX_ACC, = 0
gpu_min_MEM_RD, = 0
gpu_min_MEM_WR, = 0
gpu_min_MEM_PRE, = 0
gpu_min_L2_RH, = 0
gpu_min_L2_RM, = 0
gpu_min_L2_WH, = 0
gpu_min_L2_WM, = 0
gpu_min_NOC_A, = 0
gpu_min_PIPE_A, = 0
gpu_min_IDLE_CORE_N, = 30
gpu_min_constant_power = 0

Accumulative Power Statistics Over Previous Kernels:
gpu_tot_avg_power = 101.012
gpu_tot_max_power = 125.268
gpu_tot_min_power = 41.3592


kernel_name = _Z14dynproc_kerneliPiS_S_iiii 
kernel_launch_uid = 3 

Kernel Average Power Data:
kernel_avg_power = 100.756
gpu_avg_IBP, = 0.326609
gpu_avg_ICP, = 0
gpu_avg_DCP, = 1.78283
gpu_avg_TCP, = 0
gpu_avg_CCP, = 0
gpu_avg_SHRDP, = 0.991801
gpu_avg_RFP, = 13.693
gpu_avg_INTP, = 6.87786
gpu_avg_FPUP, = 0
gpu_avg_DPUP, = 0
gpu_avg_INT_MUL24P, = 0
gpu_avg_INT_MUL32P, = 1.8942
gpu_avg_INT_MULP, = 0
gpu_avg_INT_DIVP, = 0
gpu_avg_FP_MULP, = 0
gpu_avg_FP_DIVP, = 0
gpu_avg_FP_SQRTP, = 0
gpu_avg_FP_LGP, = 0
gpu_avg_FP_SINP, = 0
gpu_avg_FP_EXP, = 0
gpu_avg_DP_MULP, = 0
gpu_avg_DP_DIVP, = 0
gpu_avg_TENSORP, = 0
gpu_avg_TEXP, = 0
gpu_avg_SCHEDP, = 0.961798
gpu_avg_L2CP, = 0.133989
gpu_avg_MCP, = 1.08946
gpu_avg_NOCP, = 0.957968
gpu_avg_DRAMP, = 8.21775
gpu_avg_PIPEP, = 0.835685
gpu_avg_IDLE_COREP, = 0.843463
gpu_avg_CONSTP = 32.3252
gpu_avg_STATICP = 29.8246
gpu_avg_TOT_INST, = 40704.2
gpu_avg_FP_INT, = 40704.2
gpu_avg_IC_H, = 0
gpu_avg_IC_M, = 0
gpu_avg_DC_RH, = 973.509
gpu_avg_DC_RM, = 3031.18
gpu_avg_DC_WH, = 14.9074
gpu_avg_DC_WM, = 59.287
gpu_avg_TC_H, = 0
gpu_avg_TC_M, = 0
gpu_avg_CC_H, = 0
gpu_avg_CC_M, = 0
gpu_avg_SHRD_ACC, = 6452.59
gpu_avg_REG_RD, = 1.46436e+06
gpu_avg_REG_WR, = 1.07225e+06
gpu_avg_NON_REG_OPs, = 419149
gpu_avg_INT_ACC, = 1.09094e+07
gpu_avg_FPU_ACC, = 0
gpu_avg_DPU_ACC, = 0
gpu_avg_INT_MUL24_ACC, = 0
gpu_avg_INT_MUL32_ACC, = 35881.9
gpu_avg_INT_MUL_ACC, = 0
gpu_avg_INT_DIV_ACC, = 0
gpu_avg_FP_MUL_ACC, = 0
gpu_avg_FP_DIV_ACC, = 0
gpu_avg_FP_SQRT_ACC, = 0
gpu_avg_FP_LG_ACC, = 0
gpu_avg_FP_SIN_ACC, = 0
gpu_avg_FP_EXP_ACC, = 0
gpu_avg_DP_MUL_ACC, = 0
gpu_avg_DP_DIV_ACC, = 0
gpu_avg_TENSOR_ACC, = 0
gpu_avg_TEX_ACC, = 0
gpu_avg_MEM_RD, = 2938.21
gpu_avg_MEM_WR, = 64.0185
gpu_avg_MEM_PRE, = 132.519
gpu_avg_L2_RH, = 1063.31
gpu_avg_L2_RM, = 2938.39
gpu_avg_L2_WH, = 16.2037
gpu_avg_L2_WM, = 57.5278
gpu_avg_NOC_A, = 8150.96
gpu_avg_PIPE_A, = 0.163142
gpu_avg_IDLE_CORE_N, = 2.98263
gpu_avg_constant_power = 0
gpu_avg_threads_per_warp = 29.8082
gpu_tot_TOT_INST, = 4.39606e+06
gpu_tot_FP_INT, = 4.39606e+06
gpu_tot_IC_H, = 0
gpu_tot_IC_M, = 0
gpu_tot_DC_RH, = 105139
gpu_tot_DC_RM, = 327367
gpu_tot_DC_WH, = 1610
gpu_tot_DC_WM, = 6403
gpu_tot_TC_H, = 0
gpu_tot_TC_M, = 0
gpu_tot_CC_H, = 0
gpu_tot_CC_M, = 0
gpu_tot_SHRD_ACC, = 696880
gpu_tot_REG_RD, = 1.58151e+08
gpu_tot_REG_WR, = 1.15803e+08
gpu_tot_NON_REG_OPs, = 4.52681e+07
gpu_tot_INT_ACC, = 1.17821e+09
gpu_tot_FPU_ACC, = 0
gpu_tot_DPU_ACC, = 0
gpu_tot_INT_MUL24_ACC, = 0
gpu_tot_INT_MUL32_ACC, = 3.87524e+06
gpu_tot_INT_MUL_ACC, = 0
gpu_tot_INT_DIV_ACC, = 0
gpu_tot_FP_MUL_ACC, = 0
gpu_tot_FP_DIV_ACC, = 0
gpu_tot_FP_SQRT_ACC, = 0
gpu_tot_FP_LG_ACC, = 0
gpu_tot_FP_SIN_ACC, = 0
gpu_tot_FP_EXP_ACC, = 0
gpu_tot_DP_MUL_ACC, = 0
gpu_tot_DP_DIV_ACC, = 0
gpu_tot_TENSOR_ACC, = 0
gpu_tot_TEX_ACC, = 0
gpu_tot_MEM_RD, = 317327
gpu_tot_MEM_WR, = 6914
gpu_tot_MEM_PRE, = 14312
gpu_tot_L2_RH, = 114837
gpu_tot_L2_RM, = 317346
gpu_tot_L2_WH, = 1750
gpu_tot_L2_WM, = 6213
gpu_tot_NOC_A, = 880304
gpu_tot_PIPE_A, = 17.6194
gpu_tot_IDLE_CORE_N, = 322.124
gpu_tot_constant_power = 0

Kernel Maximum Power Data:
kernel_max_power = 120.897
gpu_max_IBP, = 0.481735
gpu_max_ICP, = 0
gpu_max_DCP, = 2.30924
gpu_max_TCP, = 0
gpu_max_CCP, = 0
gpu_max_SHRDP, = 0.576243
gpu_max_RFP, = 23.7474
gpu_max_INTP, = 13.7172
gpu_max_FPUP, = 0
gpu_max_DPUP, = 0
gpu_max_INT_MUL24P, = 0
gpu_max_INT_MUL32P, = 4.37924
gpu_max_INT_MULP, = 0
gpu_max_INT_DIVP, = 0
gpu_max_FP_MULP, = 0
gpu_max_FP_DIVP, = 0
gpu_max_FP_SQRTP, = 0
gpu_max_FP_LGP, = 0
gpu_max_FP_SINP, = 0
gpu_max_FP_EXP, = 0
gpu_max_DP_MULP, = 0
gpu_max_DP_DIVP, = 0
gpu_max_TENSORP, = 0
gpu_max_TEXP, = 0
gpu_max_SCHEDP, = 1.41861
gpu_max_L2CP, = 0.484983
gpu_max_MCP, = 1.09415
gpu_max_NOCP, = 1.27248
gpu_max_DRAMP, = 4.36696
gpu_max_PIPEP, = 1.25941
gpu_max_IDLE_COREP, = 0
gpu_max_CONSTP = 32.3252
gpu_max_STATICP = 33.4636
gpu_max_TOT_INST, = 60037
gpu_max_FP_INT, = 60037
gpu_max_IC_H, = 0
gpu_max_IC_M, = 0
gpu_max_DC_RH, = 1173
gpu_max_DC_RM, = 3991
gpu_max_DC_WH, = 40
gpu_max_DC_WM, = 155
gpu_max_TC_H, = 0
gpu_max_TC_M, = 0
gpu_max_CC_H, = 0
gpu_max_CC_M, = 0
gpu_max_SHRD_ACC, = 3749
gpu_max_REG_RD, = 2.33856e+06
gpu_max_REG_WR, = 1.78848e+06
gpu_max_NON_REG_OPs, = 794176
gpu_max_INT_ACC, = 2.17577e+07
gpu_max_FPU_ACC, = 0
gpu_max_DPU_ACC, = 0
gpu_max_INT_MUL24_ACC, = 0
gpu_max_INT_MUL32_ACC, = 82956
gpu_max_INT_MUL_ACC, = 0
gpu_max_INT_DIV_ACC, = 0
gpu_max_FP_MUL_ACC, = 0
gpu_max_FP_DIV_ACC, = 0
gpu_max_FP_SQRT_ACC, = 0
gpu_max_FP_LG_ACC, = 0
gpu_max_FP_SIN_ACC, = 0
gpu_max_FP_EXP_ACC, = 0
gpu_max_DP_MUL_ACC, = 0
gpu_max_DP_DIV_ACC, = 0
gpu_max_TENSOR_ACC, = 0
gpu_max_TEX_ACC, = 0
gpu_max_MEM_RD, = 1580
gpu_max_MEM_WR, = 0
gpu_max_MEM_PRE, = 72
gpu_max_L2_RH, = 3074
gpu_max_L2_RM, = 1858
gpu_max_L2_WH, = 193
gpu_max_L2_WM, = 642
gpu_max_NOC_A, = 10827
gpu_max_PIPE_A, = 0.245863
gpu_max_IDLE_CORE_N, = 0
gpu_max_constant_power = 0

Kernel Minimum Power Data:
kernel_min_power = 41.3592
gpu_min_IBP, = 0
gpu_min_ICP, = 0
gpu_min_DCP, = 0
gpu_min_TCP, = 0
gpu_min_CCP, = 0
gpu_min_SHRDP, = 0
gpu_min_RFP, = 0
gpu_min_INTP, = 0
gpu_min_FPUP, = 0
gpu_min_DPUP, = 0
gpu_min_INT_MUL24P, = 0
gpu_min_INT_MUL32P, = 0
gpu_min_INT_MULP, = 0
gpu_min_INT_DIVP, = 0
gpu_min_FP_MULP, = 0
gpu_min_FP_DIVP, = 0
gpu_min_FP_SQRTP, = 0
gpu_min_FP_LGP, = 0
gpu_min_FP_SINP, = 0
gpu_min_FP_EXP, = 0
gpu_min_DP_MULP, = 0
gpu_min_DP_DIVP, = 0
gpu_min_TENSORP, = 0
gpu_min_TEXP, = 0
gpu_min_SCHEDP, = 0
gpu_min_L2CP, = 0
gpu_min_MCP, = 0.55022
gpu_min_NOCP, = 0
gpu_min_DRAMP, = 0
gpu_min_PIPEP, = 0
gpu_min_IDLE_COREP, = 8.48375
gpu_min_CONSTP = 32.3252
gpu_min_STATICP = 0
gpu_min_TOT_INST, = 0
gpu_min_FP_INT, = 0
gpu_min_IC_H, = 0
gpu_min_IC_M, = 0
gpu_min_DC_RH, = 0
gpu_min_DC_RM, = 0
gpu_min_DC_WH, = 0
gpu_min_DC_WM, = 0
gpu_min_TC_H, = 0
gpu_min_TC_M, = 0
gpu_min_CC_H, = 0
gpu_min_CC_M, = 0
gpu_min_SHRD_ACC, = 0
gpu_min_REG_RD, = 0
gpu_min_REG_WR, = 0
gpu_min_NON_REG_OPs, = 0
gpu_min_INT_ACC, = 0
gpu_min_FPU_ACC, = 0
gpu_min_DPU_ACC, = 0
gpu_min_INT_MUL24_ACC, = 0
gpu_min_INT_MUL32_ACC, = 0
gpu_min_INT_MUL_ACC, = 0
gpu_min_INT_DIV_ACC, = 0
gpu_min_FP_MUL_ACC, = 0
gpu_min_FP_DIV_ACC, = 0
gpu_min_FP_SQRT_ACC, = 0
gpu_min_FP_LG_ACC, = 0
gpu_min_FP_SIN_ACC, = 0
gpu_min_FP_EXP_ACC, = 0
gpu_min_DP_MUL_ACC, = 0
gpu_min_DP_DIV_ACC, = 0
gpu_min_TENSOR_ACC, = 0
gpu_min_TEX_ACC, = 0
gpu_min_MEM_RD, = 0
gpu_min_MEM_WR, = 0
gpu_min_MEM_PRE, = 0
gpu_min_L2_RH, = 0
gpu_min_L2_RM, = 0
gpu_min_L2_WH, = 0
gpu_min_L2_WM, = 0
gpu_min_NOC_A, = 0
gpu_min_PIPE_A, = 0
gpu_min_IDLE_CORE_N, = 30
gpu_min_constant_power = 0

Accumulative Power Statistics Over Previous Kernels:
gpu_tot_avg_power = 100.927
gpu_tot_max_power = 125.268
gpu_tot_min_power = 41.3592


kernel_name = _Z14dynproc_kerneliPiS_S_iiii 
kernel_launch_uid = 4 

Kernel Average Power Data:
kernel_avg_power = 102.599
gpu_avg_IBP, = 0.332773
gpu_avg_ICP, = 0
gpu_avg_DCP, = 1.81914
gpu_avg_TCP, = 0
gpu_avg_CCP, = 0
gpu_avg_SHRDP, = 1.01052
gpu_avg_RFP, = 13.9517
gpu_avg_INTP, = 7.00764
gpu_avg_FPUP, = 0
gpu_avg_DPUP, = 0
gpu_avg_INT_MUL24P, = 0
gpu_avg_INT_MUL32P, = 1.92994
gpu_avg_INT_MULP, = 0
gpu_avg_INT_DIVP, = 0
gpu_avg_FP_MULP, = 0
gpu_avg_FP_DIVP, = 0
gpu_avg_FP_SQRTP, = 0
gpu_avg_FP_LGP, = 0
gpu_avg_FP_SINP, = 0
gpu_avg_FP_EXP, = 0
gpu_avg_DP_MULP, = 0
gpu_avg_DP_DIVP, = 0
gpu_avg_TENSORP, = 0
gpu_avg_TEXP, = 0
gpu_avg_SCHEDP, = 0.979948
gpu_avg_L2CP, = 0.137747
gpu_avg_MCP, = 1.10251
gpu_avg_NOCP, = 0.982591
gpu_avg_DRAMP, = 8.38816
gpu_avg_PIPEP, = 0.851451
gpu_avg_IDLE_COREP, = 0.46337
gpu_avg_CONSTP = 32.3252
gpu_avg_STATICP = 31.3163
gpu_avg_TOT_INST, = 41472.4
gpu_avg_FP_INT, = 41472.4
gpu_avg_IC_H, = 0
gpu_avg_IC_M, = 0
gpu_avg_DC_RH, = 964.462
gpu_avg_DC_RM, = 3139.97
gpu_avg_DC_WH, = 15.0755
gpu_avg_DC_WM, = 60.283
gpu_avg_TC_H, = 0
gpu_avg_TC_M, = 0
gpu_avg_CC_H, = 0
gpu_avg_CC_M, = 0
gpu_avg_SHRD_ACC, = 6574.37
gpu_avg_REG_RD, = 1.49199e+06
gpu_avg_REG_WR, = 1.09259e+06
gpu_avg_NON_REG_OPs, = 427058
gpu_avg_INT_ACC, = 1.11152e+07
gpu_avg_FPU_ACC, = 0
gpu_avg_DPU_ACC, = 0
gpu_avg_INT_MUL24_ACC, = 0
gpu_avg_INT_MUL32_ACC, = 36558.9
gpu_avg_INT_MUL_ACC, = 0
gpu_avg_INT_DIV_ACC, = 0
gpu_avg_FP_MUL_ACC, = 0
gpu_avg_FP_DIV_ACC, = 0
gpu_avg_FP_SQRT_ACC, = 0
gpu_avg_FP_LG_ACC, = 0
gpu_avg_FP_SIN_ACC, = 0
gpu_avg_FP_EXP_ACC, = 0
gpu_avg_DP_MUL_ACC, = 0
gpu_avg_DP_DIV_ACC, = 0
gpu_avg_TENSOR_ACC, = 0
gpu_avg_TEX_ACC, = 0
gpu_avg_MEM_RD, = 3011.55
gpu_avg_MEM_WR, = 58.9623
gpu_avg_MEM_PRE, = 81.7264
gpu_avg_L2_RH, = 1093.07
gpu_avg_L2_RM, = 3011.37
gpu_avg_L2_WH, = 16.7453
gpu_avg_L2_WM, = 59.3208
gpu_avg_NOC_A, = 8360.47
gpu_avg_PIPE_A, = 0.16622
gpu_avg_IDLE_CORE_N, = 1.63856
gpu_avg_constant_power = 0
gpu_avg_threads_per_warp = 29.7862
gpu_tot_TOT_INST, = 4.39607e+06
gpu_tot_FP_INT, = 4.39607e+06
gpu_tot_IC_H, = 0
gpu_tot_IC_M, = 0
gpu_tot_DC_RH, = 102233
gpu_tot_DC_RM, = 332837
gpu_tot_DC_WH, = 1598
gpu_tot_DC_WM, = 6390
gpu_tot_TC_H, = 0
gpu_tot_TC_M, = 0
gpu_tot_CC_H, = 0
gpu_tot_CC_M, = 0
gpu_tot_SHRD_ACC, = 696883
gpu_tot_REG_RD, = 1.58151e+08
gpu_tot_REG_WR, = 1.15815e+08
gpu_tot_NON_REG_OPs, = 4.52681e+07
gpu_tot_INT_ACC, = 1.17821e+09
gpu_tot_FPU_ACC, = 0
gpu_tot_DPU_ACC, = 0
gpu_tot_INT_MUL24_ACC, = 0
gpu_tot_INT_MUL32_ACC, = 3.87524e+06
gpu_tot_INT_MUL_ACC, = 0
gpu_tot_INT_DIV_ACC, = 0
gpu_tot_FP_MUL_ACC, = 0
gpu_tot_FP_DIV_ACC, = 0
gpu_tot_FP_SQRT_ACC, = 0
gpu_tot_FP_LG_ACC, = 0
gpu_tot_FP_SIN_ACC, = 0
gpu_tot_FP_EXP_ACC, = 0
gpu_tot_DP_MUL_ACC, = 0
gpu_tot_DP_DIV_ACC, = 0
gpu_tot_TENSOR_ACC, = 0
gpu_tot_TEX_ACC, = 0
gpu_tot_MEM_RD, = 319224
gpu_tot_MEM_WR, = 6250
gpu_tot_MEM_PRE, = 8663
gpu_tot_L2_RH, = 115865
gpu_tot_L2_RM, = 319205
gpu_tot_L2_WH, = 1775
gpu_tot_L2_WM, = 6288
gpu_tot_NOC_A, = 886210
gpu_tot_PIPE_A, = 17.6193
gpu_tot_IDLE_CORE_N, = 173.687
gpu_tot_constant_power = 0

Kernel Maximum Power Data:
kernel_max_power = 120.584
gpu_max_IBP, = 0.473061
gpu_max_ICP, = 0
gpu_max_DCP, = 2.32964
gpu_max_TCP, = 0
gpu_max_CCP, = 0
gpu_max_SHRDP, = 1.16325
gpu_max_RFP, = 21.7313
gpu_max_INTP, = 12.1744
gpu_max_FPUP, = 0
gpu_max_DPUP, = 0
gpu_max_INT_MUL24P, = 0
gpu_max_INT_MUL32P, = 3.47326
gpu_max_INT_MULP, = 0
gpu_max_INT_DIVP, = 0
gpu_max_FP_MULP, = 0
gpu_max_FP_DIVP, = 0
gpu_max_FP_SQRTP, = 0
gpu_max_FP_LGP, = 0
gpu_max_FP_SINP, = 0
gpu_max_FP_EXP, = 0
gpu_max_DP_MULP, = 0
gpu_max_DP_DIVP, = 0
gpu_max_TENSORP, = 0
gpu_max_TEXP, = 0
gpu_max_SCHEDP, = 1.39307
gpu_max_L2CP, = 0.202277
gpu_max_MCP, = 1.18627
gpu_max_NOCP, = 1.22159
gpu_max_DRAMP, = 8.2156
gpu_max_PIPEP, = 1.23169
gpu_max_IDLE_COREP, = 0
gpu_max_CONSTP = 32.3252
gpu_max_STATICP = 33.4636
gpu_max_TOT_INST, = 58956
gpu_max_FP_INT, = 58956
gpu_max_IC_H, = 0
gpu_max_IC_M, = 0
gpu_max_DC_RH, = 1145
gpu_max_DC_RM, = 4244
gpu_max_DC_WH, = 0
gpu_max_DC_WM, = 0
gpu_max_TC_H, = 0
gpu_max_TC_M, = 0
gpu_max_CC_H, = 0
gpu_max_CC_M, = 0
gpu_max_SHRD_ACC, = 7568
gpu_max_REG_RD, = 2.36458e+06
gpu_max_REG_WR, = 1.72426e+06
gpu_max_NON_REG_OPs, = 649824
gpu_max_INT_ACC, = 1.93105e+07
gpu_max_FPU_ACC, = 0
gpu_max_DPU_ACC, = 0
gpu_max_INT_MUL24_ACC, = 0
gpu_max_INT_MUL32_ACC, = 65794
gpu_max_INT_MUL_ACC, = 0
gpu_max_INT_DIV_ACC, = 0
gpu_max_FP_MUL_ACC, = 0
gpu_max_FP_DIV_ACC, = 0
gpu_max_FP_SQRT_ACC, = 0
gpu_max_FP_LG_ACC, = 0
gpu_max_FP_SIN_ACC, = 0
gpu_max_FP_EXP_ACC, = 0
gpu_max_DP_MUL_ACC, = 0
gpu_max_DP_DIV_ACC, = 0
gpu_max_TENSOR_ACC, = 0
gpu_max_TEX_ACC, = 0
gpu_max_MEM_RD, = 2979
gpu_max_MEM_WR, = 0
gpu_max_MEM_PRE, = 96
gpu_max_L2_RH, = 1966
gpu_max_L2_RM, = 2890
gpu_max_L2_WH, = 0
gpu_max_L2_WM, = 0
gpu_max_NOC_A, = 10394
gpu_max_PIPE_A, = 0.24045
gpu_max_IDLE_CORE_N, = 0
gpu_max_constant_power = 0

Kernel Minimum Power Data:
kernel_min_power = 41.3592
gpu_min_IBP, = 0
gpu_min_ICP, = 0
gpu_min_DCP, = 0
gpu_min_TCP, = 0
gpu_min_CCP, = 0
gpu_min_SHRDP, = 0
gpu_min_RFP, = 0
gpu_min_INTP, = 0
gpu_min_FPUP, = 0
gpu_min_DPUP, = 0
gpu_min_INT_MUL24P, = 0
gpu_min_INT_MUL32P, = 0
gpu_min_INT_MULP, = 0
gpu_min_INT_DIVP, = 0
gpu_min_FP_MULP, = 0
gpu_min_FP_DIVP, = 0
gpu_min_FP_SQRTP, = 0
gpu_min_FP_LGP, = 0
gpu_min_FP_SINP, = 0
gpu_min_FP_EXP, = 0
gpu_min_DP_MULP, = 0
gpu_min_DP_DIVP, = 0
gpu_min_TENSORP, = 0
gpu_min_TEXP, = 0
gpu_min_SCHEDP, = 0
gpu_min_L2CP, = 0
gpu_min_MCP, = 0.55022
gpu_min_NOCP, = 0
gpu_min_DRAMP, = 0
gpu_min_PIPEP, = 0
gpu_min_IDLE_COREP, = 8.48375
gpu_min_CONSTP = 32.3252
gpu_min_STATICP = 0
gpu_min_TOT_INST, = 0
gpu_min_FP_INT, = 0
gpu_min_IC_H, = 0
gpu_min_IC_M, = 0
gpu_min_DC_RH, = 0
gpu_min_DC_RM, = 0
gpu_min_DC_WH, = 0
gpu_min_DC_WM, = 0
gpu_min_TC_H, = 0
gpu_min_TC_M, = 0
gpu_min_CC_H, = 0
gpu_min_CC_M, = 0
gpu_min_SHRD_ACC, = 0
gpu_min_REG_RD, = 0
gpu_min_REG_WR, = 0
gpu_min_NON_REG_OPs, = 0
gpu_min_INT_ACC, = 0
gpu_min_FPU_ACC, = 0
gpu_min_DPU_ACC, = 0
gpu_min_INT_MUL24_ACC, = 0
gpu_min_INT_MUL32_ACC, = 0
gpu_min_INT_MUL_ACC, = 0
gpu_min_INT_DIV_ACC, = 0
gpu_min_FP_MUL_ACC, = 0
gpu_min_FP_DIV_ACC, = 0
gpu_min_FP_SQRT_ACC, = 0
gpu_min_FP_LG_ACC, = 0
gpu_min_FP_SIN_ACC, = 0
gpu_min_FP_EXP_ACC, = 0
gpu_min_DP_MUL_ACC, = 0
gpu_min_DP_DIV_ACC, = 0
gpu_min_TENSOR_ACC, = 0
gpu_min_TEX_ACC, = 0
gpu_min_MEM_RD, = 0
gpu_min_MEM_WR, = 0
gpu_min_MEM_PRE, = 0
gpu_min_L2_RH, = 0
gpu_min_L2_RM, = 0
gpu_min_L2_WH, = 0
gpu_min_L2_WM, = 0
gpu_min_NOC_A, = 0
gpu_min_PIPE_A, = 0
gpu_min_IDLE_CORE_N, = 30
gpu_min_constant_power = 0

Accumulative Power Statistics Over Previous Kernels:
gpu_tot_avg_power = 101.34
gpu_tot_max_power = 125.268
gpu_tot_min_power = 41.3592


kernel_name = _Z14dynproc_kerneliPiS_S_iiii 
kernel_launch_uid = 5 

Kernel Average Power Data:
kernel_avg_power = 101.867
gpu_avg_IBP, = 0.329668
gpu_avg_ICP, = 0
gpu_avg_DCP, = 1.80087
gpu_avg_TCP, = 0
gpu_avg_CCP, = 0
gpu_avg_SHRDP, = 1.00108
gpu_avg_RFP, = 13.8216
gpu_avg_INTP, = 6.94225
gpu_avg_FPUP, = 0
gpu_avg_DPUP, = 0
gpu_avg_INT_MUL24P, = 0
gpu_avg_INT_MUL32P, = 1.91199
gpu_avg_INT_MULP, = 0
gpu_avg_INT_DIVP, = 0
gpu_avg_FP_MULP, = 0
gpu_avg_FP_DIVP, = 0
gpu_avg_FP_SQRTP, = 0
gpu_avg_FP_LGP, = 0
gpu_avg_FP_SINP, = 0
gpu_avg_FP_EXP, = 0
gpu_avg_DP_MULP, = 0
gpu_avg_DP_DIVP, = 0
gpu_avg_TENSORP, = 0
gpu_avg_TEXP, = 0
gpu_avg_SCHEDP, = 0.970807
gpu_avg_L2CP, = 0.135444
gpu_avg_MCP, = 1.09683
gpu_avg_NOCP, = 0.971047
gpu_avg_DRAMP, = 8.32343
gpu_avg_PIPEP, = 0.843519
gpu_avg_IDLE_COREP, = 0.596947
gpu_avg_CONSTP = 32.3252
gpu_avg_STATICP = 30.7964
gpu_avg_TOT_INST, = 41085.5
gpu_avg_FP_INT, = 41085.5
gpu_avg_IC_H, = 0
gpu_avg_IC_M, = 0
gpu_avg_DC_RH, = 965.636
gpu_avg_DC_RM, = 3090.25
gpu_avg_DC_WH, = 15.0935
gpu_avg_DC_WM, = 60.2617
gpu_avg_TC_H, = 0
gpu_avg_TC_M, = 0
gpu_avg_CC_H, = 0
gpu_avg_CC_M, = 0
gpu_avg_SHRD_ACC, = 6512.98
gpu_avg_REG_RD, = 1.47807e+06
gpu_avg_REG_WR, = 1.0824e+06
gpu_avg_NON_REG_OPs, = 423077
gpu_avg_INT_ACC, = 1.10115e+07
gpu_avg_FPU_ACC, = 0
gpu_avg_DPU_ACC, = 0
gpu_avg_INT_MUL24_ACC, = 0
gpu_avg_INT_MUL32_ACC, = 36218.9
gpu_avg_INT_MUL_ACC, = 0
gpu_avg_INT_DIV_ACC, = 0
gpu_avg_FP_MUL_ACC, = 0
gpu_avg_FP_DIV_ACC, = 0
gpu_avg_FP_SQRT_ACC, = 0
gpu_avg_FP_LG_ACC, = 0
gpu_avg_FP_SIN_ACC, = 0
gpu_avg_FP_EXP_ACC, = 0
gpu_avg_DP_MUL_ACC, = 0
gpu_avg_DP_DIV_ACC, = 0
gpu_avg_TENSOR_ACC, = 0
gpu_avg_TEX_ACC, = 0
gpu_avg_MEM_RD, = 2983.31
gpu_avg_MEM_WR, = 61.7757
gpu_avg_MEM_PRE, = 100.336
gpu_avg_L2_RH, = 1072.58
gpu_avg_L2_RM, = 2983.31
gpu_avg_L2_WH, = 16.5327
gpu_avg_L2_WM, = 58.5888
gpu_avg_NOC_A, = 8262.25
gpu_avg_PIPE_A, = 0.164672
gpu_avg_IDLE_CORE_N, = 2.11091
gpu_avg_constant_power = 0
gpu_avg_threads_per_warp = 29.7933
gpu_tot_TOT_INST, = 4.39615e+06
gpu_tot_FP_INT, = 4.39615e+06
gpu_tot_IC_H, = 0
gpu_tot_IC_M, = 0
gpu_tot_DC_RH, = 103323
gpu_tot_DC_RM, = 330657
gpu_tot_DC_WH, = 1615
gpu_tot_DC_WM, = 6448
gpu_tot_TC_H, = 0
gpu_tot_TC_M, = 0
gpu_tot_CC_H, = 0
gpu_tot_CC_M, = 0
gpu_tot_SHRD_ACC, = 696889
gpu_tot_REG_RD, = 1.58154e+08
gpu_tot_REG_WR, = 1.15816e+08
gpu_tot_NON_REG_OPs, = 4.52692e+07
gpu_tot_INT_ACC, = 1.17823e+09
gpu_tot_FPU_ACC, = 0
gpu_tot_DPU_ACC, = 0
gpu_tot_INT_MUL24_ACC, = 0
gpu_tot_INT_MUL32_ACC, = 3.87542e+06
gpu_tot_INT_MUL_ACC, = 0
gpu_tot_INT_DIV_ACC, = 0
gpu_tot_FP_MUL_ACC, = 0
gpu_tot_FP_DIV_ACC, = 0
gpu_tot_FP_SQRT_ACC, = 0
gpu_tot_FP_LG_ACC, = 0
gpu_tot_FP_SIN_ACC, = 0
gpu_tot_FP_EXP_ACC, = 0
gpu_tot_DP_MUL_ACC, = 0
gpu_tot_DP_DIV_ACC, = 0
gpu_tot_TENSOR_ACC, = 0
gpu_tot_TEX_ACC, = 0
gpu_tot_MEM_RD, = 319214
gpu_tot_MEM_WR, = 6610
gpu_tot_MEM_PRE, = 10736
gpu_tot_L2_RH, = 114766
gpu_tot_L2_RM, = 319214
gpu_tot_L2_WH, = 1769
gpu_tot_L2_WM, = 6269
gpu_tot_NOC_A, = 884061
gpu_tot_PIPE_A, = 17.6199
gpu_tot_IDLE_CORE_N, = 225.867
gpu_tot_constant_power = 0

Kernel Maximum Power Data:
kernel_max_power = 120.271
gpu_max_IBP, = 0.460126
gpu_max_ICP, = 0
gpu_max_DCP, = 2.59894
gpu_max_TCP, = 0
gpu_max_CCP, = 0
gpu_max_SHRDP, = 1.12989
gpu_max_RFP, = 21.2002
gpu_max_INTP, = 11.6888
gpu_max_FPUP, = 0
gpu_max_DPUP, = 0
gpu_max_INT_MUL24P, = 0
gpu_max_INT_MUL32P, = 3.56279
gpu_max_INT_MULP, = 0
gpu_max_INT_DIVP, = 0
gpu_max_FP_MULP, = 0
gpu_max_FP_DIVP, = 0
gpu_max_FP_SQRTP, = 0
gpu_max_FP_LGP, = 0
gpu_max_FP_SINP, = 0
gpu_max_FP_EXP, = 0
gpu_max_DP_MULP, = 0
gpu_max_DP_DIVP, = 0
gpu_max_TENSORP, = 0
gpu_max_TEXP, = 0
gpu_max_SCHEDP, = 1.35498
gpu_max_L2CP, = 0.229919
gpu_max_MCP, = 1.2432
gpu_max_NOCP, = 1.3122
gpu_max_DRAMP, = 8.50006
gpu_max_PIPEP, = 1.20087
gpu_max_IDLE_COREP, = 0
gpu_max_CONSTP = 32.3252
gpu_max_STATICP = 33.4636
gpu_max_TOT_INST, = 57344
gpu_max_FP_INT, = 57344
gpu_max_IC_H, = 0
gpu_max_IC_M, = 0
gpu_max_DC_RH, = 1334
gpu_max_DC_RM, = 4603
gpu_max_DC_WH, = 10
gpu_max_DC_WM, = 40
gpu_max_TC_H, = 0
gpu_max_TC_M, = 0
gpu_max_CC_H, = 0
gpu_max_CC_M, = 0
gpu_max_SHRD_ACC, = 7351
gpu_max_REG_RD, = 2.272e+06
gpu_max_REG_WR, = 1.67891e+06
gpu_max_NON_REG_OPs, = 643584
gpu_max_INT_ACC, = 1.85403e+07
gpu_max_FPU_ACC, = 0
gpu_max_DPU_ACC, = 0
gpu_max_INT_MUL24_ACC, = 0
gpu_max_INT_MUL32_ACC, = 67490
gpu_max_INT_MUL_ACC, = 0
gpu_max_INT_DIV_ACC, = 0
gpu_max_FP_MUL_ACC, = 0
gpu_max_FP_DIV_ACC, = 0
gpu_max_FP_SQRT_ACC, = 0
gpu_max_FP_LG_ACC, = 0
gpu_max_FP_SIN_ACC, = 0
gpu_max_FP_EXP_ACC, = 0
gpu_max_DP_MUL_ACC, = 0
gpu_max_DP_DIV_ACC, = 0
gpu_max_TENSOR_ACC, = 0
gpu_max_TEX_ACC, = 0
gpu_max_MEM_RD, = 3087
gpu_max_MEM_WR, = 0
gpu_max_MEM_PRE, = 70
gpu_max_L2_RH, = 2066
gpu_max_L2_RM, = 3137
gpu_max_L2_WH, = 18
gpu_max_L2_WM, = 57
gpu_max_NOC_A, = 11165
gpu_max_PIPE_A, = 0.234434
gpu_max_IDLE_CORE_N, = 0
gpu_max_constant_power = 0

Kernel Minimum Power Data:
kernel_min_power = 41.3592
gpu_min_IBP, = 0
gpu_min_ICP, = 0
gpu_min_DCP, = 0
gpu_min_TCP, = 0
gpu_min_CCP, = 0
gpu_min_SHRDP, = 0
gpu_min_RFP, = 0
gpu_min_INTP, = 0
gpu_min_FPUP, = 0
gpu_min_DPUP, = 0
gpu_min_INT_MUL24P, = 0
gpu_min_INT_MUL32P, = 0
gpu_min_INT_MULP, = 0
gpu_min_INT_DIVP, = 0
gpu_min_FP_MULP, = 0
gpu_min_FP_DIVP, = 0
gpu_min_FP_SQRTP, = 0
gpu_min_FP_LGP, = 0
gpu_min_FP_SINP, = 0
gpu_min_FP_EXP, = 0
gpu_min_DP_MULP, = 0
gpu_min_DP_DIVP, = 0
gpu_min_TENSORP, = 0
gpu_min_TEXP, = 0
gpu_min_SCHEDP, = 0
gpu_min_L2CP, = 0
gpu_min_MCP, = 0.55022
gpu_min_NOCP, = 0
gpu_min_DRAMP, = 0
gpu_min_PIPEP, = 0
gpu_min_IDLE_COREP, = 8.48375
gpu_min_CONSTP = 32.3252
gpu_min_STATICP = 0
gpu_min_TOT_INST, = 0
gpu_min_FP_INT, = 0
gpu_min_IC_H, = 0
gpu_min_IC_M, = 0
gpu_min_DC_RH, = 0
gpu_min_DC_RM, = 0
gpu_min_DC_WH, = 0
gpu_min_DC_WM, = 0
gpu_min_TC_H, = 0
gpu_min_TC_M, = 0
gpu_min_CC_H, = 0
gpu_min_CC_M, = 0
gpu_min_SHRD_ACC, = 0
gpu_min_REG_RD, = 0
gpu_min_REG_WR, = 0
gpu_min_NON_REG_OPs, = 0
gpu_min_INT_ACC, = 0
gpu_min_FPU_ACC, = 0
gpu_min_DPU_ACC, = 0
gpu_min_INT_MUL24_ACC, = 0
gpu_min_INT_MUL32_ACC, = 0
gpu_min_INT_MUL_ACC, = 0
gpu_min_INT_DIV_ACC, = 0
gpu_min_FP_MUL_ACC, = 0
gpu_min_FP_DIV_ACC, = 0
gpu_min_FP_SQRT_ACC, = 0
gpu_min_FP_LG_ACC, = 0
gpu_min_FP_SIN_ACC, = 0
gpu_min_FP_EXP_ACC, = 0
gpu_min_DP_MUL_ACC, = 0
gpu_min_DP_DIV_ACC, = 0
gpu_min_TENSOR_ACC, = 0
gpu_min_TEX_ACC, = 0
gpu_min_MEM_RD, = 0
gpu_min_MEM_WR, = 0
gpu_min_MEM_PRE, = 0
gpu_min_L2_RH, = 0
gpu_min_L2_RM, = 0
gpu_min_L2_WH, = 0
gpu_min_L2_WM, = 0
gpu_min_NOC_A, = 0
gpu_min_PIPE_A, = 0
gpu_min_IDLE_CORE_N, = 30
gpu_min_constant_power = 0

Accumulative Power Statistics Over Previous Kernels:
gpu_tot_avg_power = 101.445
gpu_tot_max_power = 125.268
gpu_tot_min_power = 41.3592


kernel_name = _Z14dynproc_kerneliPiS_S_iiii 
kernel_launch_uid = 6 

Kernel Average Power Data:
kernel_avg_power = 101.477
gpu_avg_IBP, = 0.332669
gpu_avg_ICP, = 0
gpu_avg_DCP, = 1.81734
gpu_avg_TCP, = 0
gpu_avg_CCP, = 0
gpu_avg_SHRDP, = 1.01028
gpu_avg_RFP, = 13.947
gpu_avg_INTP, = 7.00576
gpu_avg_FPUP, = 0
gpu_avg_DPUP, = 0
gpu_avg_INT_MUL24P, = 0
gpu_avg_INT_MUL32P, = 1.92881
gpu_avg_INT_MULP, = 0
gpu_avg_INT_DIVP, = 0
gpu_avg_FP_MULP, = 0
gpu_avg_FP_DIVP, = 0
gpu_avg_FP_SQRTP, = 0
gpu_avg_FP_LGP, = 0
gpu_avg_FP_SINP, = 0
gpu_avg_FP_EXP, = 0
gpu_avg_DP_MULP, = 0
gpu_avg_DP_DIVP, = 0
gpu_avg_TENSORP, = 0
gpu_avg_TEXP, = 0
gpu_avg_SCHEDP, = 0.979643
gpu_avg_L2CP, = 0.135262
gpu_avg_MCP, = 1.10127
gpu_avg_NOCP, = 0.977615
gpu_avg_DRAMP, = 8.40022
gpu_avg_PIPEP, = 0.851172
gpu_avg_IDLE_COREP, = 0.850659
gpu_avg_CONSTP = 32.3252
gpu_avg_STATICP = 29.8136
gpu_avg_TOT_INST, = 41459.5
gpu_avg_FP_INT, = 41459.5
gpu_avg_IC_H, = 0
gpu_avg_IC_M, = 0
gpu_avg_DC_RH, = 981.425
gpu_avg_DC_RM, = 3109.44
gpu_avg_DC_WH, = 14.6698
gpu_avg_DC_WM, = 58.566
gpu_avg_TC_H, = 0
gpu_avg_TC_M, = 0
gpu_avg_CC_H, = 0
gpu_avg_CC_M, = 0
gpu_avg_SHRD_ACC, = 6572.81
gpu_avg_REG_RD, = 1.49157e+06
gpu_avg_REG_WR, = 1.09211e+06
gpu_avg_NON_REG_OPs, = 426919
gpu_avg_INT_ACC, = 1.11122e+07
gpu_avg_FPU_ACC, = 0
gpu_avg_DPU_ACC, = 0
gpu_avg_INT_MUL24_ACC, = 0
gpu_avg_INT_MUL32_ACC, = 36537.4
gpu_avg_INT_MUL_ACC, = 0
gpu_avg_INT_DIV_ACC, = 0
gpu_avg_FP_MUL_ACC, = 0
gpu_avg_FP_DIV_ACC, = 0
gpu_avg_FP_SQRT_ACC, = 0
gpu_avg_FP_LG_ACC, = 0
gpu_avg_FP_SIN_ACC, = 0
gpu_avg_FP_EXP_ACC, = 0
gpu_avg_DP_MUL_ACC, = 0
gpu_avg_DP_DIV_ACC, = 0
gpu_avg_TENSOR_ACC, = 0
gpu_avg_TEX_ACC, = 0
gpu_avg_MEM_RD, = 3011.19
gpu_avg_MEM_WR, = 62.4717
gpu_avg_MEM_PRE, = 98.6887
gpu_avg_L2_RH, = 1074.42
gpu_avg_L2_RM, = 3011.55
gpu_avg_L2_WH, = 15.9623
gpu_avg_L2_WM, = 56.8019
gpu_avg_NOC_A, = 8318.13
gpu_avg_PIPE_A, = 0.166166
gpu_avg_IDLE_CORE_N, = 3.00808
gpu_avg_constant_power = 0
gpu_avg_threads_per_warp = 29.5198
gpu_tot_TOT_INST, = 4.3947e+06
gpu_tot_FP_INT, = 4.3947e+06
gpu_tot_IC_H, = 0
gpu_tot_IC_M, = 0
gpu_tot_DC_RH, = 104031
gpu_tot_DC_RM, = 329601
gpu_tot_DC_WH, = 1555
gpu_tot_DC_WM, = 6208
gpu_tot_TC_H, = 0
gpu_tot_TC_M, = 0
gpu_tot_CC_H, = 0
gpu_tot_CC_M, = 0
gpu_tot_SHRD_ACC, = 696718
gpu_tot_REG_RD, = 1.58107e+08
gpu_tot_REG_WR, = 1.15764e+08
gpu_tot_NON_REG_OPs, = 4.52534e+07
gpu_tot_INT_ACC, = 1.1779e+09
gpu_tot_FPU_ACC, = 0
gpu_tot_DPU_ACC, = 0
gpu_tot_INT_MUL24_ACC, = 0
gpu_tot_INT_MUL32_ACC, = 3.87296e+06
gpu_tot_INT_MUL_ACC, = 0
gpu_tot_INT_DIV_ACC, = 0
gpu_tot_FP_MUL_ACC, = 0
gpu_tot_FP_DIV_ACC, = 0
gpu_tot_FP_SQRT_ACC, = 0
gpu_tot_FP_LG_ACC, = 0
gpu_tot_FP_SIN_ACC, = 0
gpu_tot_FP_EXP_ACC, = 0
gpu_tot_DP_MUL_ACC, = 0
gpu_tot_DP_DIV_ACC, = 0
gpu_tot_TENSOR_ACC, = 0
gpu_tot_TEX_ACC, = 0
gpu_tot_MEM_RD, = 319186
gpu_tot_MEM_WR, = 6622
gpu_tot_MEM_PRE, = 10461
gpu_tot_L2_RH, = 113889
gpu_tot_L2_RM, = 319224
gpu_tot_L2_WH, = 1692
gpu_tot_L2_WM, = 6021
gpu_tot_NOC_A, = 881722
gpu_tot_PIPE_A, = 17.6136
gpu_tot_IDLE_CORE_N, = 318.856
gpu_tot_constant_power = 0

Kernel Maximum Power Data:
kernel_max_power = 120.638
gpu_max_IBP, = 0.457414
gpu_max_ICP, = 0
gpu_max_DCP, = 2.40743
gpu_max_TCP, = 0
gpu_max_CCP, = 0
gpu_max_SHRDP, = 0.404246
gpu_max_RFP, = 22.4808
gpu_max_INTP, = 12.345
gpu_max_FPUP, = 0
gpu_max_DPUP, = 0
gpu_max_INT_MUL24P, = 0
gpu_max_INT_MUL32P, = 4.68088
gpu_max_INT_MULP, = 0
gpu_max_INT_DIVP, = 0
gpu_max_FP_MULP, = 0
gpu_max_FP_DIVP, = 0
gpu_max_FP_SQRTP, = 0
gpu_max_FP_LGP, = 0
gpu_max_FP_SINP, = 0
gpu_max_FP_EXP, = 0
gpu_max_DP_MULP, = 0
gpu_max_DP_DIVP, = 0
gpu_max_TENSORP, = 0
gpu_max_TEXP, = 0
gpu_max_SCHEDP, = 1.34699
gpu_max_L2CP, = 0.538419
gpu_max_MCP, = 1.22504
gpu_max_NOCP, = 1.33077
gpu_max_DRAMP, = 6.44814
gpu_max_PIPEP, = 1.18448
gpu_max_IDLE_COREP, = 0
gpu_max_CONSTP = 32.3252
gpu_max_STATICP = 33.4636
gpu_max_TOT_INST, = 57006
gpu_max_FP_INT, = 57006
gpu_max_IC_H, = 0
gpu_max_IC_M, = 0
gpu_max_DC_RH, = 1097
gpu_max_DC_RM, = 3807
gpu_max_DC_WH, = 182
gpu_max_DC_WM, = 723
gpu_max_TC_H, = 0
gpu_max_TC_M, = 0
gpu_max_CC_H, = 0
gpu_max_CC_M, = 0
gpu_max_SHRD_ACC, = 2630
gpu_max_REG_RD, = 2.05862e+06
gpu_max_REG_WR, = 1.58861e+06
gpu_max_NON_REG_OPs, = 814624
gpu_max_INT_ACC, = 1.95811e+07
gpu_max_FPU_ACC, = 0
gpu_max_DPU_ACC, = 0
gpu_max_INT_MUL24_ACC, = 0
gpu_max_INT_MUL32_ACC, = 88670
gpu_max_INT_MUL_ACC, = 0
gpu_max_INT_DIV_ACC, = 0
gpu_max_FP_MUL_ACC, = 0
gpu_max_FP_DIV_ACC, = 0
gpu_max_FP_SQRT_ACC, = 0
gpu_max_FP_LG_ACC, = 0
gpu_max_FP_SIN_ACC, = 0
gpu_max_FP_EXP_ACC, = 0
gpu_max_DP_MUL_ACC, = 0
gpu_max_DP_DIV_ACC, = 0
gpu_max_TENSOR_ACC, = 0
gpu_max_TEX_ACC, = 0
gpu_max_MEM_RD, = 2339
gpu_max_MEM_WR, = 0
gpu_max_MEM_PRE, = 70
gpu_max_L2_RH, = 1533
gpu_max_L2_RM, = 2581
gpu_max_L2_WH, = 388
gpu_max_L2_WM, = 1329
gpu_max_NOC_A, = 11323
gpu_max_PIPE_A, = 0.231233
gpu_max_IDLE_CORE_N, = 0
gpu_max_constant_power = 0

Kernel Minimum Power Data:
kernel_min_power = 41.3592
gpu_min_IBP, = 0
gpu_min_ICP, = 0
gpu_min_DCP, = 0
gpu_min_TCP, = 0
gpu_min_CCP, = 0
gpu_min_SHRDP, = 0
gpu_min_RFP, = 0
gpu_min_INTP, = 0
gpu_min_FPUP, = 0
gpu_min_DPUP, = 0
gpu_min_INT_MUL24P, = 0
gpu_min_INT_MUL32P, = 0
gpu_min_INT_MULP, = 0
gpu_min_INT_DIVP, = 0
gpu_min_FP_MULP, = 0
gpu_min_FP_DIVP, = 0
gpu_min_FP_SQRTP, = 0
gpu_min_FP_LGP, = 0
gpu_min_FP_SINP, = 0
gpu_min_FP_EXP, = 0
gpu_min_DP_MULP, = 0
gpu_min_DP_DIVP, = 0
gpu_min_TENSORP, = 0
gpu_min_TEXP, = 0
gpu_min_SCHEDP, = 0
gpu_min_L2CP, = 0
gpu_min_MCP, = 0.55022
gpu_min_NOCP, = 0
gpu_min_DRAMP, = 0
gpu_min_PIPEP, = 0
gpu_min_IDLE_COREP, = 8.48375
gpu_min_CONSTP = 32.3252
gpu_min_STATICP = 0
gpu_min_TOT_INST, = 0
gpu_min_FP_INT, = 0
gpu_min_IC_H, = 0
gpu_min_IC_M, = 0
gpu_min_DC_RH, = 0
gpu_min_DC_RM, = 0
gpu_min_DC_WH, = 0
gpu_min_DC_WM, = 0
gpu_min_TC_H, = 0
gpu_min_TC_M, = 0
gpu_min_CC_H, = 0
gpu_min_CC_M, = 0
gpu_min_SHRD_ACC, = 0
gpu_min_REG_RD, = 0
gpu_min_REG_WR, = 0
gpu_min_NON_REG_OPs, = 0
gpu_min_INT_ACC, = 0
gpu_min_FPU_ACC, = 0
gpu_min_DPU_ACC, = 0
gpu_min_INT_MUL24_ACC, = 0
gpu_min_INT_MUL32_ACC, = 0
gpu_min_INT_MUL_ACC, = 0
gpu_min_INT_DIV_ACC, = 0
gpu_min_FP_MUL_ACC, = 0
gpu_min_FP_DIV_ACC, = 0
gpu_min_FP_SQRT_ACC, = 0
gpu_min_FP_LG_ACC, = 0
gpu_min_FP_SIN_ACC, = 0
gpu_min_FP_EXP_ACC, = 0
gpu_min_DP_MUL_ACC, = 0
gpu_min_DP_DIV_ACC, = 0
gpu_min_TENSOR_ACC, = 0
gpu_min_TEX_ACC, = 0
gpu_min_MEM_RD, = 0
gpu_min_MEM_WR, = 0
gpu_min_MEM_PRE, = 0
gpu_min_L2_RH, = 0
gpu_min_L2_RM, = 0
gpu_min_L2_WH, = 0
gpu_min_L2_WM, = 0
gpu_min_NOC_A, = 0
gpu_min_PIPE_A, = 0
gpu_min_IDLE_CORE_N, = 30
gpu_min_constant_power = 0

Accumulative Power Statistics Over Previous Kernels:
gpu_tot_avg_power = 101.45
gpu_tot_max_power = 125.268
gpu_tot_min_power = 41.3592


kernel_name = _Z14dynproc_kerneliPiS_S_iiii 
kernel_launch_uid = 7 

Kernel Average Power Data:
kernel_avg_power = 100.921
gpu_avg_IBP, = 0.323704
gpu_avg_ICP, = 0
gpu_avg_DCP, = 1.76821
gpu_avg_TCP, = 0
gpu_avg_CCP, = 0
gpu_avg_SHRDP, = 0.982914
gpu_avg_RFP, = 13.5713
gpu_avg_INTP, = 6.81644
gpu_avg_FPUP, = 0
gpu_avg_DPUP, = 0
gpu_avg_INT_MUL24P, = 0
gpu_avg_INT_MUL32P, = 1.87784
gpu_avg_INT_MULP, = 0
gpu_avg_INT_DIVP, = 0
gpu_avg_FP_MULP, = 0
gpu_avg_FP_DIVP, = 0
gpu_avg_FP_SQRTP, = 0
gpu_avg_FP_LGP, = 0
gpu_avg_FP_SINP, = 0
gpu_avg_FP_EXP, = 0
gpu_avg_DP_MULP, = 0
gpu_avg_DP_DIVP, = 0
gpu_avg_TENSORP, = 0
gpu_avg_TEXP, = 0
gpu_avg_SCHEDP, = 0.953244
gpu_avg_L2CP, = 0.132691
gpu_avg_MCP, = 1.08611
gpu_avg_NOCP, = 0.952297
gpu_avg_DRAMP, = 8.17721
gpu_avg_PIPEP, = 0.828266
gpu_avg_IDLE_COREP, = 0.68563
gpu_avg_CONSTP = 32.3252
gpu_avg_STATICP = 30.4404
gpu_avg_TOT_INST, = 40342.2
gpu_avg_FP_INT, = 40342.2
gpu_avg_IC_H, = 0
gpu_avg_IC_M, = 0
gpu_avg_DC_RH, = 954.771
gpu_avg_DC_RM, = 3022.52
gpu_avg_DC_WH, = 15.0459
gpu_avg_DC_WM, = 60.0734
gpu_avg_TC_H, = 0
gpu_avg_TC_M, = 0
gpu_avg_CC_H, = 0
gpu_avg_CC_M, = 0
gpu_avg_SHRD_ACC, = 6394.77
gpu_avg_REG_RD, = 1.4513e+06
gpu_avg_REG_WR, = 1.06275e+06
gpu_avg_NON_REG_OPs, = 415428
gpu_avg_INT_ACC, = 1.08119e+07
gpu_avg_FPU_ACC, = 0
gpu_avg_DPU_ACC, = 0
gpu_avg_INT_MUL24_ACC, = 0
gpu_avg_INT_MUL32_ACC, = 35571.9
gpu_avg_INT_MUL_ACC, = 0
gpu_avg_INT_DIV_ACC, = 0
gpu_avg_FP_MUL_ACC, = 0
gpu_avg_FP_DIV_ACC, = 0
gpu_avg_FP_SQRT_ACC, = 0
gpu_avg_FP_LG_ACC, = 0
gpu_avg_FP_SIN_ACC, = 0
gpu_avg_FP_EXP_ACC, = 0
gpu_avg_DP_MUL_ACC, = 0
gpu_avg_DP_DIV_ACC, = 0
gpu_avg_TENSOR_ACC, = 0
gpu_avg_TEX_ACC, = 0
gpu_avg_MEM_RD, = 2931.26
gpu_avg_MEM_WR, = 53.1927
gpu_avg_MEM_PRE, = 121.569
gpu_avg_L2_RH, = 1044.99
gpu_avg_L2_RM, = 2930.91
gpu_avg_L2_WH, = 16.7248
gpu_avg_L2_WM, = 59.0826
gpu_avg_NOC_A, = 8102.72
gpu_avg_PIPE_A, = 0.161694
gpu_avg_IDLE_CORE_N, = 2.4245
gpu_avg_constant_power = 0
gpu_avg_threads_per_warp = 29.5294
gpu_tot_TOT_INST, = 4.3973e+06
gpu_tot_FP_INT, = 4.3973e+06
gpu_tot_IC_H, = 0
gpu_tot_IC_M, = 0
gpu_tot_DC_RH, = 104070
gpu_tot_DC_RM, = 329455
gpu_tot_DC_WH, = 1640
gpu_tot_DC_WM, = 6548
gpu_tot_TC_H, = 0
gpu_tot_TC_M, = 0
gpu_tot_CC_H, = 0
gpu_tot_CC_M, = 0
gpu_tot_SHRD_ACC, = 697030
gpu_tot_REG_RD, = 1.58191e+08
gpu_tot_REG_WR, = 1.1584e+08
gpu_tot_NON_REG_OPs, = 4.52816e+07
gpu_tot_INT_ACC, = 1.1785e+09
gpu_tot_FPU_ACC, = 0
gpu_tot_DPU_ACC, = 0
gpu_tot_INT_MUL24_ACC, = 0
gpu_tot_INT_MUL32_ACC, = 3.87733e+06
gpu_tot_INT_MUL_ACC, = 0
gpu_tot_INT_DIV_ACC, = 0
gpu_tot_FP_MUL_ACC, = 0
gpu_tot_FP_DIV_ACC, = 0
gpu_tot_FP_SQRT_ACC, = 0
gpu_tot_FP_LG_ACC, = 0
gpu_tot_FP_SIN_ACC, = 0
gpu_tot_FP_EXP_ACC, = 0
gpu_tot_DP_MUL_ACC, = 0
gpu_tot_DP_DIV_ACC, = 0
gpu_tot_TENSOR_ACC, = 0
gpu_tot_TEX_ACC, = 0
gpu_tot_MEM_RD, = 319507
gpu_tot_MEM_WR, = 5798
gpu_tot_MEM_PRE, = 13251
gpu_tot_L2_RH, = 113904
gpu_tot_L2_RM, = 319469
gpu_tot_L2_WH, = 1823
gpu_tot_L2_WM, = 6440
gpu_tot_NOC_A, = 883196
gpu_tot_PIPE_A, = 17.6246
gpu_tot_IDLE_CORE_N, = 264.271
gpu_tot_constant_power = 0

Kernel Maximum Power Data:
kernel_max_power = 121.376
gpu_max_IBP, = 0.460872
gpu_max_ICP, = 0
gpu_max_DCP, = 2.38663
gpu_max_TCP, = 0
gpu_max_CCP, = 0
gpu_max_SHRDP, = 0.430376
gpu_max_RFP, = 22.6704
gpu_max_INTP, = 12.6873
gpu_max_FPUP, = 0
gpu_max_DPUP, = 0
gpu_max_INT_MUL24P, = 0
gpu_max_INT_MUL32P, = 4.58422
gpu_max_INT_MULP, = 0
gpu_max_INT_DIVP, = 0
gpu_max_FP_MULP, = 0
gpu_max_FP_DIVP, = 0
gpu_max_FP_SQRTP, = 0
gpu_max_FP_LGP, = 0
gpu_max_FP_SINP, = 0
gpu_max_FP_EXP, = 0
gpu_max_DP_MULP, = 0
gpu_max_DP_DIVP, = 0
gpu_max_TENSORP, = 0
gpu_max_TEXP, = 0
gpu_max_SCHEDP, = 1.35718
gpu_max_L2CP, = 0.499073
gpu_max_MCP, = 1.22668
gpu_max_NOCP, = 1.3182
gpu_max_DRAMP, = 6.76963
gpu_max_PIPEP, = 1.19677
gpu_max_IDLE_COREP, = 0
gpu_max_CONSTP = 32.3252
gpu_max_STATICP = 33.4636
gpu_max_TOT_INST, = 57437
gpu_max_FP_INT, = 57437
gpu_max_IC_H, = 0
gpu_max_IC_M, = 0
gpu_max_DC_RH, = 1054
gpu_max_DC_RM, = 3879
gpu_max_DC_WH, = 167
gpu_max_DC_WM, = 666
gpu_max_TC_H, = 0
gpu_max_TC_M, = 0
gpu_max_CC_H, = 0
gpu_max_CC_M, = 0
gpu_max_SHRD_ACC, = 2800
gpu_max_REG_RD, = 2.12314e+06
gpu_max_REG_WR, = 1.63584e+06
gpu_max_NON_REG_OPs, = 801952
gpu_max_INT_ACC, = 2.0124e+07
gpu_max_FPU_ACC, = 0
gpu_max_DPU_ACC, = 0
gpu_max_INT_MUL24_ACC, = 0
gpu_max_INT_MUL32_ACC, = 86839
gpu_max_INT_MUL_ACC, = 0
gpu_max_INT_DIV_ACC, = 0
gpu_max_FP_MUL_ACC, = 0
gpu_max_FP_DIV_ACC, = 0
gpu_max_FP_SQRT_ACC, = 0
gpu_max_FP_LG_ACC, = 0
gpu_max_FP_SIN_ACC, = 0
gpu_max_FP_EXP_ACC, = 0
gpu_max_DP_MUL_ACC, = 0
gpu_max_DP_DIV_ACC, = 0
gpu_max_TENSOR_ACC, = 0
gpu_max_TEX_ACC, = 0
gpu_max_MEM_RD, = 2460
gpu_max_MEM_WR, = 0
gpu_max_MEM_PRE, = 47
gpu_max_L2_RH, = 1672
gpu_max_L2_RM, = 2688
gpu_max_L2_WH, = 335
gpu_max_L2_WM, = 1140
gpu_max_NOC_A, = 11216
gpu_max_PIPE_A, = 0.233633
gpu_max_IDLE_CORE_N, = 0
gpu_max_constant_power = 0

Kernel Minimum Power Data:
kernel_min_power = 41.3592
gpu_min_IBP, = 0
gpu_min_ICP, = 0
gpu_min_DCP, = 0
gpu_min_TCP, = 0
gpu_min_CCP, = 0
gpu_min_SHRDP, = 0
gpu_min_RFP, = 0
gpu_min_INTP, = 0
gpu_min_FPUP, = 0
gpu_min_DPUP, = 0
gpu_min_INT_MUL24P, = 0
gpu_min_INT_MUL32P, = 0
gpu_min_INT_MULP, = 0
gpu_min_INT_DIVP, = 0
gpu_min_FP_MULP, = 0
gpu_min_FP_DIVP, = 0
gpu_min_FP_SQRTP, = 0
gpu_min_FP_LGP, = 0
gpu_min_FP_SINP, = 0
gpu_min_FP_EXP, = 0
gpu_min_DP_MULP, = 0
gpu_min_DP_DIVP, = 0
gpu_min_TENSORP, = 0
gpu_min_TEXP, = 0
gpu_min_SCHEDP, = 0
gpu_min_L2CP, = 0
gpu_min_MCP, = 0.55022
gpu_min_NOCP, = 0
gpu_min_DRAMP, = 0
gpu_min_PIPEP, = 0
gpu_min_IDLE_COREP, = 8.48375
gpu_min_CONSTP = 32.3252
gpu_min_STATICP = 0
gpu_min_TOT_INST, = 0
gpu_min_FP_INT, = 0
gpu_min_IC_H, = 0
gpu_min_IC_M, = 0
gpu_min_DC_RH, = 0
gpu_min_DC_RM, = 0
gpu_min_DC_WH, = 0
gpu_min_DC_WM, = 0
gpu_min_TC_H, = 0
gpu_min_TC_M, = 0
gpu_min_CC_H, = 0
gpu_min_CC_M, = 0
gpu_min_SHRD_ACC, = 0
gpu_min_REG_RD, = 0
gpu_min_REG_WR, = 0
gpu_min_NON_REG_OPs, = 0
gpu_min_INT_ACC, = 0
gpu_min_FPU_ACC, = 0
gpu_min_DPU_ACC, = 0
gpu_min_INT_MUL24_ACC, = 0
gpu_min_INT_MUL32_ACC, = 0
gpu_min_INT_MUL_ACC, = 0
gpu_min_INT_DIV_ACC, = 0
gpu_min_FP_MUL_ACC, = 0
gpu_min_FP_DIV_ACC, = 0
gpu_min_FP_SQRT_ACC, = 0
gpu_min_FP_LG_ACC, = 0
gpu_min_FP_SIN_ACC, = 0
gpu_min_FP_EXP_ACC, = 0
gpu_min_DP_MUL_ACC, = 0
gpu_min_DP_DIV_ACC, = 0
gpu_min_TENSOR_ACC, = 0
gpu_min_TEX_ACC, = 0
gpu_min_MEM_RD, = 0
gpu_min_MEM_WR, = 0
gpu_min_MEM_PRE, = 0
gpu_min_L2_RH, = 0
gpu_min_L2_RM, = 0
gpu_min_L2_WH, = 0
gpu_min_L2_WM, = 0
gpu_min_NOC_A, = 0
gpu_min_PIPE_A, = 0
gpu_min_IDLE_CORE_N, = 30
gpu_min_constant_power = 0

Accumulative Power Statistics Over Previous Kernels:
gpu_tot_avg_power = 101.374
gpu_tot_max_power = 125.268
gpu_tot_min_power = 41.3592


kernel_name = _Z14dynproc_kerneliPiS_S_iiii 
kernel_launch_uid = 8 

Kernel Average Power Data:
kernel_avg_power = 101.608
gpu_avg_IBP, = 0.329662
gpu_avg_ICP, = 0
gpu_avg_DCP, = 1.80148
gpu_avg_TCP, = 0
gpu_avg_CCP, = 0
gpu_avg_SHRDP, = 1.00107
gpu_avg_RFP, = 13.821
gpu_avg_INTP, = 6.94214
gpu_avg_FPUP, = 0
gpu_avg_DPUP, = 0
gpu_avg_INT_MUL24P, = 0
gpu_avg_INT_MUL32P, = 1.9119
gpu_avg_INT_MULP, = 0
gpu_avg_INT_DIVP, = 0
gpu_avg_FP_MULP, = 0
gpu_avg_FP_DIVP, = 0
gpu_avg_FP_SQRTP, = 0
gpu_avg_FP_LGP, = 0
gpu_avg_FP_SINP, = 0
gpu_avg_FP_EXP, = 0
gpu_avg_DP_MULP, = 0
gpu_avg_DP_DIVP, = 0
gpu_avg_TENSORP, = 0
gpu_avg_TEXP, = 0
gpu_avg_SCHEDP, = 0.970788
gpu_avg_L2CP, = 0.135125
gpu_avg_MCP, = 1.09628
gpu_avg_NOCP, = 0.970267
gpu_avg_DRAMP, = 8.31351
gpu_avg_PIPEP, = 0.8435
gpu_avg_IDLE_COREP, = 0.681063
gpu_avg_CONSTP = 32.3252
gpu_avg_STATICP = 30.4649
gpu_avg_TOT_INST, = 41084.7
gpu_avg_FP_INT, = 41084.7
gpu_avg_IC_H, = 0
gpu_avg_IC_M, = 0
gpu_avg_DC_RH, = 969.028
gpu_avg_DC_RM, = 3086.36
gpu_avg_DC_WH, = 15.1121
gpu_avg_DC_WM, = 60.243
gpu_avg_TC_H, = 0
gpu_avg_TC_M, = 0
gpu_avg_CC_H, = 0
gpu_avg_CC_M, = 0
gpu_avg_SHRD_ACC, = 6512.9
gpu_avg_REG_RD, = 1.47805e+06
gpu_avg_REG_WR, = 1.08229e+06
gpu_avg_NON_REG_OPs, = 423066
gpu_avg_INT_ACC, = 1.10113e+07
gpu_avg_FPU_ACC, = 0
gpu_avg_DPU_ACC, = 0
gpu_avg_INT_MUL24_ACC, = 0
gpu_avg_INT_MUL32_ACC, = 36217.2
gpu_avg_INT_MUL_ACC, = 0
gpu_avg_INT_DIV_ACC, = 0
gpu_avg_FP_MUL_ACC, = 0
gpu_avg_FP_DIV_ACC, = 0
gpu_avg_FP_SQRT_ACC, = 0
gpu_avg_FP_LG_ACC, = 0
gpu_avg_FP_SIN_ACC, = 0
gpu_avg_FP_EXP_ACC, = 0
gpu_avg_DP_MUL_ACC, = 0
gpu_avg_DP_DIV_ACC, = 0
gpu_avg_TENSOR_ACC, = 0
gpu_avg_TEX_ACC, = 0
gpu_avg_MEM_RD, = 2983.87
gpu_avg_MEM_WR, = 55.7944
gpu_avg_MEM_PRE, = 95.1589
gpu_avg_L2_RH, = 1068.62
gpu_avg_L2_RM, = 2983.87
gpu_avg_L2_WH, = 16.5794
gpu_avg_L2_WM, = 58.7757
gpu_avg_NOC_A, = 8255.61
gpu_avg_PIPE_A, = 0.164668
gpu_avg_IDLE_CORE_N, = 2.40836
gpu_avg_constant_power = 0
gpu_avg_threads_per_warp = 29.7979
gpu_tot_TOT_INST, = 4.39606e+06
gpu_tot_FP_INT, = 4.39606e+06
gpu_tot_IC_H, = 0
gpu_tot_IC_M, = 0
gpu_tot_DC_RH, = 103686
gpu_tot_DC_RM, = 330240
gpu_tot_DC_WH, = 1617
gpu_tot_DC_WM, = 6446
gpu_tot_TC_H, = 0
gpu_tot_TC_M, = 0
gpu_tot_CC_H, = 0
gpu_tot_CC_M, = 0
gpu_tot_SHRD_ACC, = 696880
gpu_tot_REG_RD, = 1.58151e+08
gpu_tot_REG_WR, = 1.15805e+08
gpu_tot_NON_REG_OPs, = 4.52681e+07
gpu_tot_INT_ACC, = 1.17821e+09
gpu_tot_FPU_ACC, = 0
gpu_tot_DPU_ACC, = 0
gpu_tot_INT_MUL24_ACC, = 0
gpu_tot_INT_MUL32_ACC, = 3.87524e+06
gpu_tot_INT_MUL_ACC, = 0
gpu_tot_INT_DIV_ACC, = 0
gpu_tot_FP_MUL_ACC, = 0
gpu_tot_FP_DIV_ACC, = 0
gpu_tot_FP_SQRT_ACC, = 0
gpu_tot_FP_LG_ACC, = 0
gpu_tot_FP_SIN_ACC, = 0
gpu_tot_FP_EXP_ACC, = 0
gpu_tot_DP_MUL_ACC, = 0
gpu_tot_DP_DIV_ACC, = 0
gpu_tot_TENSOR_ACC, = 0
gpu_tot_TEX_ACC, = 0
gpu_tot_MEM_RD, = 319274
gpu_tot_MEM_WR, = 5970
gpu_tot_MEM_PRE, = 10182
gpu_tot_L2_RH, = 114342
gpu_tot_L2_RM, = 319274
gpu_tot_L2_WH, = 1774
gpu_tot_L2_WM, = 6289
gpu_tot_NOC_A, = 883350
gpu_tot_PIPE_A, = 17.6195
gpu_tot_IDLE_CORE_N, = 257.694
gpu_tot_constant_power = 0

Kernel Maximum Power Data:
kernel_max_power = 124.6
gpu_max_IBP, = 0.47765
gpu_max_ICP, = 0
gpu_max_DCP, = 2.28396
gpu_max_TCP, = 0
gpu_max_CCP, = 0
gpu_max_SHRDP, = 0.691984
gpu_max_RFP, = 23.4989
gpu_max_INTP, = 13.8304
gpu_max_FPUP, = 0
gpu_max_DPUP, = 0
gpu_max_INT_MUL24P, = 0
gpu_max_INT_MUL32P, = 4.10515
gpu_max_INT_MULP, = 0
gpu_max_INT_DIVP, = 0
gpu_max_FP_MULP, = 0
gpu_max_FP_DIVP, = 0
gpu_max_FP_SQRTP, = 0
gpu_max_FP_LGP, = 0
gpu_max_FP_SINP, = 0
gpu_max_FP_EXP, = 0
gpu_max_DP_MULP, = 0
gpu_max_DP_DIVP, = 0
gpu_max_TENSORP, = 0
gpu_max_TEXP, = 0
gpu_max_SCHEDP, = 1.40658
gpu_max_L2CP, = 0.269261
gpu_max_MCP, = 1.19154
gpu_max_NOCP, = 1.25132
gpu_max_DRAMP, = 8.54384
gpu_max_PIPEP, = 1.26104
gpu_max_IDLE_COREP, = 0
gpu_max_CONSTP = 32.3252
gpu_max_STATICP = 33.4636
gpu_max_TOT_INST, = 59528
gpu_max_FP_INT, = 59528
gpu_max_IC_H, = 0
gpu_max_IC_M, = 0
gpu_max_DC_RH, = 1130
gpu_max_DC_RM, = 4088
gpu_max_DC_WH, = 16
gpu_max_DC_WM, = 61
gpu_max_TC_H, = 0
gpu_max_TC_M, = 0
gpu_max_CC_H, = 0
gpu_max_CC_M, = 0
gpu_max_SHRD_ACC, = 4502
gpu_max_REG_RD, = 2.41114e+06
gpu_max_REG_WR, = 1.83859e+06
gpu_max_NON_REG_OPs, = 745824
gpu_max_INT_ACC, = 2.19372e+07
gpu_max_FPU_ACC, = 0
gpu_max_DPU_ACC, = 0
gpu_max_INT_MUL24_ACC, = 0
gpu_max_INT_MUL32_ACC, = 77764
gpu_max_INT_MUL_ACC, = 0
gpu_max_INT_DIV_ACC, = 0
gpu_max_FP_MUL_ACC, = 0
gpu_max_FP_DIV_ACC, = 0
gpu_max_FP_SQRT_ACC, = 0
gpu_max_FP_LG_ACC, = 0
gpu_max_FP_SIN_ACC, = 0
gpu_max_FP_EXP_ACC, = 0
gpu_max_DP_MUL_ACC, = 0
gpu_max_DP_DIV_ACC, = 0
gpu_max_TENSOR_ACC, = 0
gpu_max_TEX_ACC, = 0
gpu_max_MEM_RD, = 3097
gpu_max_MEM_WR, = 0
gpu_max_MEM_PRE, = 106
gpu_max_L2_RH, = 2089
gpu_max_L2_RM, = 3260
gpu_max_L2_WH, = 62
gpu_max_L2_WM, = 171
gpu_max_NOC_A, = 10647
gpu_max_PIPE_A, = 0.246179
gpu_max_IDLE_CORE_N, = 0
gpu_max_constant_power = 0

Kernel Minimum Power Data:
kernel_min_power = 41.3592
gpu_min_IBP, = 0
gpu_min_ICP, = 0
gpu_min_DCP, = 0
gpu_min_TCP, = 0
gpu_min_CCP, = 0
gpu_min_SHRDP, = 0
gpu_min_RFP, = 0
gpu_min_INTP, = 0
gpu_min_FPUP, = 0
gpu_min_DPUP, = 0
gpu_min_INT_MUL24P, = 0
gpu_min_INT_MUL32P, = 0
gpu_min_INT_MULP, = 0
gpu_min_INT_DIVP, = 0
gpu_min_FP_MULP, = 0
gpu_min_FP_DIVP, = 0
gpu_min_FP_SQRTP, = 0
gpu_min_FP_LGP, = 0
gpu_min_FP_SINP, = 0
gpu_min_FP_EXP, = 0
gpu_min_DP_MULP, = 0
gpu_min_DP_DIVP, = 0
gpu_min_TENSORP, = 0
gpu_min_TEXP, = 0
gpu_min_SCHEDP, = 0
gpu_min_L2CP, = 0
gpu_min_MCP, = 0.55022
gpu_min_NOCP, = 0
gpu_min_DRAMP, = 0
gpu_min_PIPEP, = 0
gpu_min_IDLE_COREP, = 8.48375
gpu_min_CONSTP = 32.3252
gpu_min_STATICP = 0
gpu_min_TOT_INST, = 0
gpu_min_FP_INT, = 0
gpu_min_IC_H, = 0
gpu_min_IC_M, = 0
gpu_min_DC_RH, = 0
gpu_min_DC_RM, = 0
gpu_min_DC_WH, = 0
gpu_min_DC_WM, = 0
gpu_min_TC_H, = 0
gpu_min_TC_M, = 0
gpu_min_CC_H, = 0
gpu_min_CC_M, = 0
gpu_min_SHRD_ACC, = 0
gpu_min_REG_RD, = 0
gpu_min_REG_WR, = 0
gpu_min_NON_REG_OPs, = 0
gpu_min_INT_ACC, = 0
gpu_min_FPU_ACC, = 0
gpu_min_DPU_ACC, = 0
gpu_min_INT_MUL24_ACC, = 0
gpu_min_INT_MUL32_ACC, = 0
gpu_min_INT_MUL_ACC, = 0
gpu_min_INT_DIV_ACC, = 0
gpu_min_FP_MUL_ACC, = 0
gpu_min_FP_DIV_ACC, = 0
gpu_min_FP_SQRT_ACC, = 0
gpu_min_FP_LG_ACC, = 0
gpu_min_FP_SIN_ACC, = 0
gpu_min_FP_EXP_ACC, = 0
gpu_min_DP_MUL_ACC, = 0
gpu_min_DP_DIV_ACC, = 0
gpu_min_TENSOR_ACC, = 0
gpu_min_TEX_ACC, = 0
gpu_min_MEM_RD, = 0
gpu_min_MEM_WR, = 0
gpu_min_MEM_PRE, = 0
gpu_min_L2_RH, = 0
gpu_min_L2_RM, = 0
gpu_min_L2_WH, = 0
gpu_min_L2_WM, = 0
gpu_min_NOC_A, = 0
gpu_min_PIPE_A, = 0
gpu_min_IDLE_CORE_N, = 30
gpu_min_constant_power = 0

Accumulative Power Statistics Over Previous Kernels:
gpu_tot_avg_power = 101.403
gpu_tot_max_power = 125.268
gpu_tot_min_power = 41.3592


kernel_name = _Z14dynproc_kerneliPiS_S_iiii 
kernel_launch_uid = 9 

Kernel Average Power Data:
kernel_avg_power = 101.4
gpu_avg_IBP, = 0.329661
gpu_avg_ICP, = 0
gpu_avg_DCP, = 1.80063
gpu_avg_TCP, = 0
gpu_avg_CCP, = 0
gpu_avg_SHRDP, = 1.00107
gpu_avg_RFP, = 13.8212
gpu_avg_INTP, = 6.94212
gpu_avg_FPUP, = 0
gpu_avg_DPUP, = 0
gpu_avg_INT_MUL24P, = 0
gpu_avg_INT_MUL32P, = 1.91186
gpu_avg_INT_MULP, = 0
gpu_avg_INT_DIVP, = 0
gpu_avg_FP_MULP, = 0
gpu_avg_FP_DIVP, = 0
gpu_avg_FP_SQRTP, = 0
gpu_avg_FP_LGP, = 0
gpu_avg_FP_SINP, = 0
gpu_avg_FP_EXP, = 0
gpu_avg_DP_MULP, = 0
gpu_avg_DP_DIVP, = 0
gpu_avg_TENSORP, = 0
gpu_avg_TEXP, = 0
gpu_avg_SCHEDP, = 0.970785
gpu_avg_L2CP, = 0.135683
gpu_avg_MCP, = 1.09605
gpu_avg_NOCP, = 0.970836
gpu_avg_DRAMP, = 8.3094
gpu_avg_PIPEP, = 0.843489
gpu_avg_IDLE_COREP, = 0.752707
gpu_avg_CONSTP = 32.3252
gpu_avg_STATICP = 30.1893
gpu_avg_TOT_INST, = 41084.6
gpu_avg_FP_INT, = 41084.6
gpu_avg_IC_H, = 0
gpu_avg_IC_M, = 0
gpu_avg_DC_RH, = 965.645
gpu_avg_DC_RM, = 3090.35
gpu_avg_DC_WH, = 14.8972
gpu_avg_DC_WM, = 59.5234
gpu_avg_TC_H, = 0
gpu_avg_TC_M, = 0
gpu_avg_CC_H, = 0
gpu_avg_CC_M, = 0
gpu_avg_SHRD_ACC, = 6512.87
gpu_avg_REG_RD, = 1.47804e+06
gpu_avg_REG_WR, = 1.08237e+06
gpu_avg_NON_REG_OPs, = 423066
gpu_avg_INT_ACC, = 1.10113e+07
gpu_avg_FPU_ACC, = 0
gpu_avg_DPU_ACC, = 0
gpu_avg_INT_MUL24_ACC, = 0
gpu_avg_INT_MUL32_ACC, = 36216.4
gpu_avg_INT_MUL_ACC, = 0
gpu_avg_INT_DIV_ACC, = 0
gpu_avg_FP_MUL_ACC, = 0
gpu_avg_FP_DIV_ACC, = 0
gpu_avg_FP_SQRT_ACC, = 0
gpu_avg_FP_LG_ACC, = 0
gpu_avg_FP_SIN_ACC, = 0
gpu_avg_FP_EXP_ACC, = 0
gpu_avg_DP_MUL_ACC, = 0
gpu_avg_DP_DIV_ACC, = 0
gpu_avg_TENSOR_ACC, = 0
gpu_avg_TEX_ACC, = 0
gpu_avg_MEM_RD, = 2978.21
gpu_avg_MEM_WR, = 58.4112
gpu_avg_MEM_PRE, = 111.505
gpu_avg_L2_RH, = 1077.66
gpu_avg_L2_RM, = 2978.21
gpu_avg_L2_WH, = 16.3178
gpu_avg_L2_WM, = 57.8692
gpu_avg_NOC_A, = 8260.45
gpu_avg_PIPE_A, = 0.164666
gpu_avg_IDLE_CORE_N, = 2.6617
gpu_avg_constant_power = 0
gpu_avg_threads_per_warp = 29.8011
gpu_tot_TOT_INST, = 4.39605e+06
gpu_tot_FP_INT, = 4.39605e+06
gpu_tot_IC_H, = 0
gpu_tot_IC_M, = 0
gpu_tot_DC_RH, = 103324
gpu_tot_DC_RM, = 330667
gpu_tot_DC_WH, = 1594
gpu_tot_DC_WM, = 6369
gpu_tot_TC_H, = 0
gpu_tot_TC_M, = 0
gpu_tot_CC_H, = 0
gpu_tot_CC_M, = 0
gpu_tot_SHRD_ACC, = 696877
gpu_tot_REG_RD, = 1.5815e+08
gpu_tot_REG_WR, = 1.15813e+08
gpu_tot_NON_REG_OPs, = 4.5268e+07
gpu_tot_INT_ACC, = 1.17821e+09
gpu_tot_FPU_ACC, = 0
gpu_tot_DPU_ACC, = 0
gpu_tot_INT_MUL24_ACC, = 0
gpu_tot_INT_MUL32_ACC, = 3.87515e+06
gpu_tot_INT_MUL_ACC, = 0
gpu_tot_INT_DIV_ACC, = 0
gpu_tot_FP_MUL_ACC, = 0
gpu_tot_FP_DIV_ACC, = 0
gpu_tot_FP_SQRT_ACC, = 0
gpu_tot_FP_LG_ACC, = 0
gpu_tot_FP_SIN_ACC, = 0
gpu_tot_FP_EXP_ACC, = 0
gpu_tot_DP_MUL_ACC, = 0
gpu_tot_DP_DIV_ACC, = 0
gpu_tot_TENSOR_ACC, = 0
gpu_tot_TEX_ACC, = 0
gpu_tot_MEM_RD, = 318669
gpu_tot_MEM_WR, = 6250
gpu_tot_MEM_PRE, = 11931
gpu_tot_L2_RH, = 115310
gpu_tot_L2_RM, = 318669
gpu_tot_L2_WH, = 1746
gpu_tot_L2_WM, = 6192
gpu_tot_NOC_A, = 883868
gpu_tot_PIPE_A, = 17.6192
gpu_tot_IDLE_CORE_N, = 284.802
gpu_tot_constant_power = 0

Kernel Maximum Power Data:
kernel_max_power = 123.716
gpu_max_IBP, = 0.484013
gpu_max_ICP, = 0
gpu_max_DCP, = 2.34453
gpu_max_TCP, = 0
gpu_max_CCP, = 0
gpu_max_SHRDP, = 0.793122
gpu_max_RFP, = 23.2949
gpu_max_INTP, = 13.5431
gpu_max_FPUP, = 0
gpu_max_DPUP, = 0
gpu_max_INT_MUL24P, = 0
gpu_max_INT_MUL32P, = 4.06973
gpu_max_INT_MULP, = 0
gpu_max_INT_DIVP, = 0
gpu_max_FP_MULP, = 0
gpu_max_FP_DIVP, = 0
gpu_max_FP_SQRTP, = 0
gpu_max_FP_LGP, = 0
gpu_max_FP_SINP, = 0
gpu_max_FP_EXP, = 0
gpu_max_DP_MULP, = 0
gpu_max_DP_DIVP, = 0
gpu_max_TENSORP, = 0
gpu_max_TEXP, = 0
gpu_max_SCHEDP, = 1.42532
gpu_max_L2CP, = 0.288635
gpu_max_MCP, = 1.19622
gpu_max_NOCP, = 1.24674
gpu_max_DRAMP, = 7.97242
gpu_max_PIPEP, = 1.2681
gpu_max_IDLE_COREP, = 0
gpu_max_CONSTP = 32.3252
gpu_max_STATICP = 33.4636
gpu_max_TOT_INST, = 60321
gpu_max_FP_INT, = 60321
gpu_max_IC_H, = 0
gpu_max_IC_M, = 0
gpu_max_DC_RH, = 1140
gpu_max_DC_RM, = 4152
gpu_max_DC_WH, = 35
gpu_max_DC_WM, = 140
gpu_max_TC_H, = 0
gpu_max_TC_M, = 0
gpu_max_CC_H, = 0
gpu_max_CC_M, = 0
gpu_max_SHRD_ACC, = 5160
gpu_max_REG_RD, = 2.41213e+06
gpu_max_REG_WR, = 1.81178e+06
gpu_max_NON_REG_OPs, = 736096
gpu_max_INT_ACC, = 2.14815e+07
gpu_max_FPU_ACC, = 0
gpu_max_DPU_ACC, = 0
gpu_max_INT_MUL24_ACC, = 0
gpu_max_INT_MUL32_ACC, = 77093
gpu_max_INT_MUL_ACC, = 0
gpu_max_INT_DIV_ACC, = 0
gpu_max_FP_MUL_ACC, = 0
gpu_max_FP_DIV_ACC, = 0
gpu_max_FP_SQRT_ACC, = 0
gpu_max_FP_LG_ACC, = 0
gpu_max_FP_SIN_ACC, = 0
gpu_max_FP_EXP_ACC, = 0
gpu_max_DP_MUL_ACC, = 0
gpu_max_DP_DIV_ACC, = 0
gpu_max_TENSOR_ACC, = 0
gpu_max_TEX_ACC, = 0
gpu_max_MEM_RD, = 2893
gpu_max_MEM_WR, = 0
gpu_max_MEM_PRE, = 80
gpu_max_L2_RH, = 2048
gpu_max_L2_RM, = 3041
gpu_max_L2_WH, = 81
gpu_max_L2_WM, = 270
gpu_max_NOC_A, = 10608
gpu_max_PIPE_A, = 0.247558
gpu_max_IDLE_CORE_N, = 0
gpu_max_constant_power = 0

Kernel Minimum Power Data:
kernel_min_power = 41.3592
gpu_min_IBP, = 0
gpu_min_ICP, = 0
gpu_min_DCP, = 0
gpu_min_TCP, = 0
gpu_min_CCP, = 0
gpu_min_SHRDP, = 0
gpu_min_RFP, = 0
gpu_min_INTP, = 0
gpu_min_FPUP, = 0
gpu_min_DPUP, = 0
gpu_min_INT_MUL24P, = 0
gpu_min_INT_MUL32P, = 0
gpu_min_INT_MULP, = 0
gpu_min_INT_DIVP, = 0
gpu_min_FP_MULP, = 0
gpu_min_FP_DIVP, = 0
gpu_min_FP_SQRTP, = 0
gpu_min_FP_LGP, = 0
gpu_min_FP_SINP, = 0
gpu_min_FP_EXP, = 0
gpu_min_DP_MULP, = 0
gpu_min_DP_DIVP, = 0
gpu_min_TENSORP, = 0
gpu_min_TEXP, = 0
gpu_min_SCHEDP, = 0
gpu_min_L2CP, = 0
gpu_min_MCP, = 0.55022
gpu_min_NOCP, = 0
gpu_min_DRAMP, = 0
gpu_min_PIPEP, = 0
gpu_min_IDLE_COREP, = 8.48375
gpu_min_CONSTP = 32.3252
gpu_min_STATICP = 0
gpu_min_TOT_INST, = 0
gpu_min_FP_INT, = 0
gpu_min_IC_H, = 0
gpu_min_IC_M, = 0
gpu_min_DC_RH, = 0
gpu_min_DC_RM, = 0
gpu_min_DC_WH, = 0
gpu_min_DC_WM, = 0
gpu_min_TC_H, = 0
gpu_min_TC_M, = 0
gpu_min_CC_H, = 0
gpu_min_CC_M, = 0
gpu_min_SHRD_ACC, = 0
gpu_min_REG_RD, = 0
gpu_min_REG_WR, = 0
gpu_min_NON_REG_OPs, = 0
gpu_min_INT_ACC, = 0
gpu_min_FPU_ACC, = 0
gpu_min_DPU_ACC, = 0
gpu_min_INT_MUL24_ACC, = 0
gpu_min_INT_MUL32_ACC, = 0
gpu_min_INT_MUL_ACC, = 0
gpu_min_INT_DIV_ACC, = 0
gpu_min_FP_MUL_ACC, = 0
gpu_min_FP_DIV_ACC, = 0
gpu_min_FP_SQRT_ACC, = 0
gpu_min_FP_LG_ACC, = 0
gpu_min_FP_SIN_ACC, = 0
gpu_min_FP_EXP_ACC, = 0
gpu_min_DP_MUL_ACC, = 0
gpu_min_DP_DIV_ACC, = 0
gpu_min_TENSOR_ACC, = 0
gpu_min_TEX_ACC, = 0
gpu_min_MEM_RD, = 0
gpu_min_MEM_WR, = 0
gpu_min_MEM_PRE, = 0
gpu_min_L2_RH, = 0
gpu_min_L2_RM, = 0
gpu_min_L2_WH, = 0
gpu_min_L2_WM, = 0
gpu_min_NOC_A, = 0
gpu_min_PIPE_A, = 0
gpu_min_IDLE_CORE_N, = 30
gpu_min_constant_power = 0

Accumulative Power Statistics Over Previous Kernels:
gpu_tot_avg_power = 101.402
gpu_tot_max_power = 125.268
gpu_tot_min_power = 41.3592


kernel_name = _Z14dynproc_kerneliPiS_S_iiii 
kernel_launch_uid = 10 

Kernel Average Power Data:
kernel_avg_power = 99.9647
gpu_avg_IBP, = 0.322472
gpu_avg_ICP, = 0
gpu_avg_DCP, = 1.6965
gpu_avg_TCP, = 0
gpu_avg_CCP, = 0
gpu_avg_SHRDP, = 0.971782
gpu_avg_RFP, = 13.4741
gpu_avg_INTP, = 6.79623
gpu_avg_FPUP, = 0
gpu_avg_DPUP, = 0
gpu_avg_INT_MUL24P, = 0
gpu_avg_INT_MUL32P, = 1.85992
gpu_avg_INT_MULP, = 0
gpu_avg_INT_DIVP, = 0
gpu_avg_FP_MULP, = 0
gpu_avg_FP_DIVP, = 0
gpu_avg_FP_SQRTP, = 0
gpu_avg_FP_LGP, = 0
gpu_avg_FP_SINP, = 0
gpu_avg_FP_EXP, = 0
gpu_avg_DP_MULP, = 0
gpu_avg_DP_DIVP, = 0
gpu_avg_TENSORP, = 0
gpu_avg_TEXP, = 0
gpu_avg_SCHEDP, = 0.949614
gpu_avg_L2CP, = 0.128745
gpu_avg_MCP, = 1.08494
gpu_avg_NOCP, = 0.941879
gpu_avg_DRAMP, = 8.16489
gpu_avg_PIPEP, = 0.824385
gpu_avg_IDLE_COREP, = 0.931542
gpu_avg_CONSTP = 32.3252
gpu_avg_STATICP = 29.4925
gpu_avg_TOT_INST, = 40188.6
gpu_avg_FP_INT, = 40188.6
gpu_avg_IC_H, = 0
gpu_avg_IC_M, = 0
gpu_avg_DC_RH, = 716.056
gpu_avg_DC_RM, = 3221.36
gpu_avg_DC_WH, = 11.1308
gpu_avg_DC_WM, = 61.1121
gpu_avg_TC_H, = 0
gpu_avg_TC_M, = 0
gpu_avg_CC_H, = 0
gpu_avg_CC_M, = 0
gpu_avg_SHRD_ACC, = 6322.35
gpu_avg_REG_RD, = 1.44328e+06
gpu_avg_REG_WR, = 1.04945e+06
gpu_avg_NON_REG_OPs, = 413096
gpu_avg_INT_ACC, = 1.07799e+07
gpu_avg_FPU_ACC, = 0
gpu_avg_DPU_ACC, = 0
gpu_avg_INT_MUL24_ACC, = 0
gpu_avg_INT_MUL32_ACC, = 35232.5
gpu_avg_INT_MUL_ACC, = 0
gpu_avg_INT_DIV_ACC, = 0
gpu_avg_FP_MUL_ACC, = 0
gpu_avg_FP_DIV_ACC, = 0
gpu_avg_FP_SQRT_ACC, = 0
gpu_avg_FP_LG_ACC, = 0
gpu_avg_FP_SIN_ACC, = 0
gpu_avg_FP_EXP_ACC, = 0
gpu_avg_DP_MUL_ACC, = 0
gpu_avg_DP_DIV_ACC, = 0
gpu_avg_TENSOR_ACC, = 0
gpu_avg_TEX_ACC, = 0
gpu_avg_MEM_RD, = 2919.31
gpu_avg_MEM_WR, = 62.1308
gpu_avg_MEM_PRE, = 136.645
gpu_avg_L2_RH, = 1015.46
gpu_avg_L2_RM, = 2919.31
gpu_avg_L2_WH, = 14.0467
gpu_avg_L2_WM, = 58.4299
gpu_avg_NOC_A, = 8014.07
gpu_avg_PIPE_A, = 0.160936
gpu_avg_IDLE_CORE_N, = 3.29409
gpu_avg_constant_power = 0
gpu_avg_threads_per_warp = 29.802
gpu_tot_TOT_INST, = 4.30018e+06
gpu_tot_FP_INT, = 4.30018e+06
gpu_tot_IC_H, = 0
gpu_tot_IC_M, = 0
gpu_tot_DC_RH, = 76618
gpu_tot_DC_RM, = 344685
gpu_tot_DC_WH, = 1191
gpu_tot_DC_WM, = 6539
gpu_tot_TC_H, = 0
gpu_tot_TC_M, = 0
gpu_tot_CC_H, = 0
gpu_tot_CC_M, = 0
gpu_tot_SHRD_ACC, = 676491
gpu_tot_REG_RD, = 1.54431e+08
gpu_tot_REG_WR, = 1.12291e+08
gpu_tot_NON_REG_OPs, = 4.42012e+07
gpu_tot_INT_ACC, = 1.15345e+09
gpu_tot_FPU_ACC, = 0
gpu_tot_DPU_ACC, = 0
gpu_tot_INT_MUL24_ACC, = 0
gpu_tot_INT_MUL32_ACC, = 3.76988e+06
gpu_tot_INT_MUL_ACC, = 0
gpu_tot_INT_DIV_ACC, = 0
gpu_tot_FP_MUL_ACC, = 0
gpu_tot_FP_DIV_ACC, = 0
gpu_tot_FP_SQRT_ACC, = 0
gpu_tot_FP_LG_ACC, = 0
gpu_tot_FP_SIN_ACC, = 0
gpu_tot_FP_EXP_ACC, = 0
gpu_tot_DP_MUL_ACC, = 0
gpu_tot_DP_DIV_ACC, = 0
gpu_tot_TENSOR_ACC, = 0
gpu_tot_TEX_ACC, = 0
gpu_tot_MEM_RD, = 312366
gpu_tot_MEM_WR, = 6648
gpu_tot_MEM_PRE, = 14621
gpu_tot_L2_RH, = 108654
gpu_tot_L2_RM, = 312366
gpu_tot_L2_WH, = 1503
gpu_tot_L2_WM, = 6252
gpu_tot_NOC_A, = 857505
gpu_tot_PIPE_A, = 17.2202
gpu_tot_IDLE_CORE_N, = 352.468
gpu_tot_constant_power = 0

Kernel Maximum Power Data:
kernel_max_power = 120.962
gpu_max_IBP, = 0.467653
gpu_max_ICP, = 0
gpu_max_DCP, = 2.21947
gpu_max_TCP, = 0
gpu_max_CCP, = 0
gpu_max_SHRDP, = 0.515991
gpu_max_RFP, = 22.8673
gpu_max_INTP, = 12.8385
gpu_max_FPUP, = 0
gpu_max_DPUP, = 0
gpu_max_INT_MUL24P, = 0
gpu_max_INT_MUL32P, = 4.35327
gpu_max_INT_MULP, = 0
gpu_max_INT_DIVP, = 0
gpu_max_FP_MULP, = 0
gpu_max_FP_DIVP, = 0
gpu_max_FP_SQRTP, = 0
gpu_max_FP_LGP, = 0
gpu_max_FP_SINP, = 0
gpu_max_FP_EXP, = 0
gpu_max_DP_MULP, = 0
gpu_max_DP_DIVP, = 0
gpu_max_TENSORP, = 0
gpu_max_TEXP, = 0
gpu_max_SCHEDP, = 1.37714
gpu_max_L2CP, = 0.520276
gpu_max_MCP, = 1.17098
gpu_max_NOCP, = 1.32537
gpu_max_DRAMP, = 6.30268
gpu_max_PIPEP, = 1.21498
gpu_max_IDLE_COREP, = 0
gpu_max_CONSTP = 32.3252
gpu_max_STATICP = 33.4636
gpu_max_TOT_INST, = 58282
gpu_max_FP_INT, = 58282
gpu_max_IC_H, = 0
gpu_max_IC_M, = 0
gpu_max_DC_RH, = 816
gpu_max_DC_RM, = 4069
gpu_max_DC_WH, = 79
gpu_max_DC_WM, = 426
gpu_max_TC_H, = 0
gpu_max_TC_M, = 0
gpu_max_CC_H, = 0
gpu_max_CC_M, = 0
gpu_max_SHRD_ACC, = 3357
gpu_max_REG_RD, = 2.1832e+06
gpu_max_REG_WR, = 1.67389e+06
gpu_max_NON_REG_OPs, = 792992
gpu_max_INT_ACC, = 2.03638e+07
gpu_max_FPU_ACC, = 0
gpu_max_DPU_ACC, = 0
gpu_max_INT_MUL24_ACC, = 0
gpu_max_INT_MUL32_ACC, = 82464
gpu_max_INT_MUL_ACC, = 0
gpu_max_INT_DIV_ACC, = 0
gpu_max_FP_MUL_ACC, = 0
gpu_max_FP_DIV_ACC, = 0
gpu_max_FP_SQRT_ACC, = 0
gpu_max_FP_LG_ACC, = 0
gpu_max_FP_SIN_ACC, = 0
gpu_max_FP_EXP_ACC, = 0
gpu_max_DP_MUL_ACC, = 0
gpu_max_DP_DIV_ACC, = 0
gpu_max_TENSOR_ACC, = 0
gpu_max_TEX_ACC, = 0
gpu_max_MEM_RD, = 2282
gpu_max_MEM_WR, = 0
gpu_max_MEM_PRE, = 94
gpu_max_L2_RH, = 2401
gpu_max_L2_RM, = 2545
gpu_max_L2_WH, = 264
gpu_max_L2_WM, = 1026
gpu_max_NOC_A, = 11277
gpu_max_PIPE_A, = 0.237187
gpu_max_IDLE_CORE_N, = 0
gpu_max_constant_power = 0

Kernel Minimum Power Data:
kernel_min_power = 41.3592
gpu_min_IBP, = 0
gpu_min_ICP, = 0
gpu_min_DCP, = 0
gpu_min_TCP, = 0
gpu_min_CCP, = 0
gpu_min_SHRDP, = 0
gpu_min_RFP, = 0
gpu_min_INTP, = 0
gpu_min_FPUP, = 0
gpu_min_DPUP, = 0
gpu_min_INT_MUL24P, = 0
gpu_min_INT_MUL32P, = 0
gpu_min_INT_MULP, = 0
gpu_min_INT_DIVP, = 0
gpu_min_FP_MULP, = 0
gpu_min_FP_DIVP, = 0
gpu_min_FP_SQRTP, = 0
gpu_min_FP_LGP, = 0
gpu_min_FP_SINP, = 0
gpu_min_FP_EXP, = 0
gpu_min_DP_MULP, = 0
gpu_min_DP_DIVP, = 0
gpu_min_TENSORP, = 0
gpu_min_TEXP, = 0
gpu_min_SCHEDP, = 0
gpu_min_L2CP, = 0
gpu_min_MCP, = 0.55022
gpu_min_NOCP, = 0
gpu_min_DRAMP, = 0
gpu_min_PIPEP, = 0
gpu_min_IDLE_COREP, = 8.48375
gpu_min_CONSTP = 32.3252
gpu_min_STATICP = 0
gpu_min_TOT_INST, = 0
gpu_min_FP_INT, = 0
gpu_min_IC_H, = 0
gpu_min_IC_M, = 0
gpu_min_DC_RH, = 0
gpu_min_DC_RM, = 0
gpu_min_DC_WH, = 0
gpu_min_DC_WM, = 0
gpu_min_TC_H, = 0
gpu_min_TC_M, = 0
gpu_min_CC_H, = 0
gpu_min_CC_M, = 0
gpu_min_SHRD_ACC, = 0
gpu_min_REG_RD, = 0
gpu_min_REG_WR, = 0
gpu_min_NON_REG_OPs, = 0
gpu_min_INT_ACC, = 0
gpu_min_FPU_ACC, = 0
gpu_min_DPU_ACC, = 0
gpu_min_INT_MUL24_ACC, = 0
gpu_min_INT_MUL32_ACC, = 0
gpu_min_INT_MUL_ACC, = 0
gpu_min_INT_DIV_ACC, = 0
gpu_min_FP_MUL_ACC, = 0
gpu_min_FP_DIV_ACC, = 0
gpu_min_FP_SQRT_ACC, = 0
gpu_min_FP_LG_ACC, = 0
gpu_min_FP_SIN_ACC, = 0
gpu_min_FP_EXP_ACC, = 0
gpu_min_DP_MUL_ACC, = 0
gpu_min_DP_DIV_ACC, = 0
gpu_min_TENSOR_ACC, = 0
gpu_min_TEX_ACC, = 0
gpu_min_MEM_RD, = 0
gpu_min_MEM_WR, = 0
gpu_min_MEM_PRE, = 0
gpu_min_L2_RH, = 0
gpu_min_L2_RM, = 0
gpu_min_L2_WH, = 0
gpu_min_L2_WM, = 0
gpu_min_NOC_A, = 0
gpu_min_PIPE_A, = 0
gpu_min_IDLE_CORE_N, = 30
gpu_min_constant_power = 0

Accumulative Power Statistics Over Previous Kernels:
gpu_tot_avg_power = 101.259
gpu_tot_max_power = 125.268
gpu_tot_min_power = 41.3592


