kernel_name = _Z14dynproc_kerneliPiS_S_iiii 
kernel_launch_uid = 1 

Kernel Average Power Data:
kernel_avg_power = 108.806
gpu_avg_IBP, = 0.3753
gpu_avg_ICP, = 0
gpu_avg_DCP, = 2.04747
gpu_avg_TCP, = 0
gpu_avg_CCP, = 0
gpu_avg_SHRDP, = 1.14064
gpu_avg_RFP, = 15.7378
gpu_avg_INTP, = 7.90319
gpu_avg_FPUP, = 0
gpu_avg_DPUP, = 0
gpu_avg_INT_MUL24P, = 0
gpu_avg_INT_MUL32P, = 2.17855
gpu_avg_INT_MULP, = 0
gpu_avg_INT_DIVP, = 0
gpu_avg_FP_MULP, = 0
gpu_avg_FP_DIVP, = 0
gpu_avg_FP_SQRTP, = 0
gpu_avg_FP_LGP, = 0
gpu_avg_FP_SINP, = 0
gpu_avg_FP_EXP, = 0
gpu_avg_DP_MULP, = 0
gpu_avg_DP_DIVP, = 0
gpu_avg_TENSORP, = 0
gpu_avg_TEXP, = 0
gpu_avg_SCHEDP, = 1.10518
gpu_avg_L2CP, = 0.148294
gpu_avg_MCP, = 1.16796
gpu_avg_NOCP, = 1.09193
gpu_avg_DRAMP, = 9.68116
gpu_avg_PIPEP, = 0.960373
gpu_avg_IDLE_COREP, = 0.088658
gpu_avg_CONSTP = 32.3252
gpu_avg_STATICP = 32.8542
gpu_avg_TOT_INST, = 46772.4
gpu_avg_FP_INT, = 46772.4
gpu_avg_IC_H, = 0
gpu_avg_IC_M, = 0
gpu_avg_DC_RH, = 1163.87
gpu_avg_DC_RM, = 3406.77
gpu_avg_DC_WH, = 17.1693
gpu_avg_DC_WM, = 68.0586
gpu_avg_TC_H, = 0
gpu_avg_TC_M, = 0
gpu_avg_CC_H, = 0
gpu_avg_CC_M, = 0
gpu_avg_SHRD_ACC, = 7420.92
gpu_avg_REG_RD, = 1.68303e+06
gpu_avg_REG_WR, = 1.23226e+06
gpu_avg_NON_REG_OPs, = 481765
gpu_avg_INT_ACC, = 1.25357e+07
gpu_avg_FPU_ACC, = 0
gpu_avg_DPU_ACC, = 0
gpu_avg_INT_MUL24_ACC, = 0
gpu_avg_INT_MUL32_ACC, = 41268.4
gpu_avg_INT_MUL_ACC, = 0
gpu_avg_INT_DIV_ACC, = 0
gpu_avg_FP_MUL_ACC, = 0
gpu_avg_FP_DIV_ACC, = 0
gpu_avg_FP_SQRT_ACC, = 0
gpu_avg_FP_LG_ACC, = 0
gpu_avg_FP_SIN_ACC, = 0
gpu_avg_FP_EXP_ACC, = 0
gpu_avg_DP_MUL_ACC, = 0
gpu_avg_DP_DIV_ACC, = 0
gpu_avg_TENSOR_ACC, = 0
gpu_avg_TEX_ACC, = 0
gpu_avg_MEM_RD, = 3401.61
gpu_avg_MEM_WR, = 63.9404
gpu_avg_MEM_PRE, = 556.058
gpu_avg_L2_RH, = 1158.58
gpu_avg_L2_RM, = 3401.61
gpu_avg_L2_WH, = 18.7497
gpu_avg_L2_WM, = 66.4782
gpu_avg_NOC_A, = 9290.82
gpu_avg_PIPE_A, = 0.187484
gpu_avg_IDLE_CORE_N, = 0.31351
gpu_avg_constant_power = 0
gpu_avg_threads_per_warp = 30.8322
gpu_tot_TOT_INST, = 4.39193e+07
gpu_tot_FP_INT, = 4.39193e+07
gpu_tot_IC_H, = 0
gpu_tot_IC_M, = 0
gpu_tot_DC_RH, = 1.09287e+06
gpu_tot_DC_RM, = 3.19896e+06
gpu_tot_DC_WH, = 16122
gpu_tot_DC_WM, = 63907
gpu_tot_TC_H, = 0
gpu_tot_TC_M, = 0
gpu_tot_CC_H, = 0
gpu_tot_CC_M, = 0
gpu_tot_SHRD_ACC, = 6.96824e+06
gpu_tot_REG_RD, = 1.58036e+09
gpu_tot_REG_WR, = 1.15709e+09
gpu_tot_NON_REG_OPs, = 4.52377e+08
gpu_tot_INT_ACC, = 1.1771e+10
gpu_tot_FPU_ACC, = 0
gpu_tot_DPU_ACC, = 0
gpu_tot_INT_MUL24_ACC, = 0
gpu_tot_INT_MUL32_ACC, = 3.8751e+07
gpu_tot_INT_MUL_ACC, = 0
gpu_tot_INT_DIV_ACC, = 0
gpu_tot_FP_MUL_ACC, = 0
gpu_tot_FP_DIV_ACC, = 0
gpu_tot_FP_SQRT_ACC, = 0
gpu_tot_FP_LG_ACC, = 0
gpu_tot_FP_SIN_ACC, = 0
gpu_tot_FP_EXP_ACC, = 0
gpu_tot_DP_MUL_ACC, = 0
gpu_tot_DP_DIV_ACC, = 0
gpu_tot_TENSOR_ACC, = 0
gpu_tot_TEX_ACC, = 0
gpu_tot_MEM_RD, = 3.19411e+06
gpu_tot_MEM_WR, = 60040
gpu_tot_MEM_PRE, = 522138
gpu_tot_L2_RH, = 1.0879e+06
gpu_tot_L2_RM, = 3.19411e+06
gpu_tot_L2_WH, = 17606
gpu_tot_L2_WM, = 62423
gpu_tot_NOC_A, = 8.72408e+06
gpu_tot_PIPE_A, = 176.047
gpu_tot_IDLE_CORE_N, = 294.386
gpu_tot_constant_power = 0

Kernel Maximum Power Data:
kernel_max_power = 120.774
gpu_max_IBP, = 0.444937
gpu_max_ICP, = 0
gpu_max_DCP, = 2.50648
gpu_max_TCP, = 0
gpu_max_CCP, = 0
gpu_max_SHRDP, = 0.453893
gpu_max_RFP, = 21.9715
gpu_max_INTP, = 12.2772
gpu_max_FPUP, = 0
gpu_max_DPUP, = 0
gpu_max_INT_MUL24P, = 0
gpu_max_INT_MUL32P, = 4.37808
gpu_max_INT_MULP, = 0
gpu_max_INT_DIVP, = 0
gpu_max_FP_MULP, = 0
gpu_max_FP_DIVP, = 0
gpu_max_FP_SQRTP, = 0
gpu_max_FP_LGP, = 0
gpu_max_FP_SINP, = 0
gpu_max_FP_EXP, = 0
gpu_max_DP_MULP, = 0
gpu_max_DP_DIVP, = 0
gpu_max_TENSORP, = 0
gpu_max_TEXP, = 0
gpu_max_SCHEDP, = 1.31025
gpu_max_L2CP, = 0.503558
gpu_max_MCP, = 1.25201
gpu_max_NOCP, = 1.38483
gpu_max_DRAMP, = 7.3431
gpu_max_PIPEP, = 1.15929
gpu_max_IDLE_COREP, = 0
gpu_max_CONSTP = 32.3252
gpu_max_STATICP = 33.4636
gpu_max_TOT_INST, = 55451
gpu_max_FP_INT, = 55451
gpu_max_IC_H, = 0
gpu_max_IC_M, = 0
gpu_max_DC_RH, = 1146
gpu_max_DC_RM, = 4134
gpu_max_DC_WH, = 145
gpu_max_DC_WM, = 575
gpu_max_TC_H, = 0
gpu_max_TC_M, = 0
gpu_max_CC_H, = 0
gpu_max_CC_M, = 0
gpu_max_SHRD_ACC, = 2953
gpu_max_REG_RD, = 2.08182e+06
gpu_max_REG_WR, = 1.60928e+06
gpu_max_NON_REG_OPs, = 765792
gpu_max_INT_ACC, = 1.94736e+07
gpu_max_FPU_ACC, = 0
gpu_max_DPU_ACC, = 0
gpu_max_INT_MUL24_ACC, = 0
gpu_max_INT_MUL32_ACC, = 82934
gpu_max_INT_MUL_ACC, = 0
gpu_max_INT_DIV_ACC, = 0
gpu_max_FP_MUL_ACC, = 0
gpu_max_FP_DIV_ACC, = 0
gpu_max_FP_SQRT_ACC, = 0
gpu_max_FP_LG_ACC, = 0
gpu_max_FP_SIN_ACC, = 0
gpu_max_FP_EXP_ACC, = 0
gpu_max_DP_MUL_ACC, = 0
gpu_max_DP_DIV_ACC, = 0
gpu_max_TENSOR_ACC, = 0
gpu_max_TEX_ACC, = 0
gpu_max_MEM_RD, = 2652
gpu_max_MEM_WR, = 0
gpu_max_MEM_PRE, = 150
gpu_max_L2_RH, = 1768
gpu_max_L2_RM, = 2889
gpu_max_L2_WH, = 329
gpu_max_L2_WM, = 1120
gpu_max_NOC_A, = 11783
gpu_max_PIPE_A, = 0.226316
gpu_max_IDLE_CORE_N, = 0
gpu_max_constant_power = 0

Kernel Minimum Power Data:
kernel_min_power = 41.3592
gpu_min_IBP, = 0
gpu_min_ICP, = 0
gpu_min_DCP, = 0
gpu_min_TCP, = 0
gpu_min_CCP, = 0
gpu_min_SHRDP, = 0
gpu_min_RFP, = 0
gpu_min_INTP, = 0
gpu_min_FPUP, = 0
gpu_min_DPUP, = 0
gpu_min_INT_MUL24P, = 0
gpu_min_INT_MUL32P, = 0
gpu_min_INT_MULP, = 0
gpu_min_INT_DIVP, = 0
gpu_min_FP_MULP, = 0
gpu_min_FP_DIVP, = 0
gpu_min_FP_SQRTP, = 0
gpu_min_FP_LGP, = 0
gpu_min_FP_SINP, = 0
gpu_min_FP_EXP, = 0
gpu_min_DP_MULP, = 0
gpu_min_DP_DIVP, = 0
gpu_min_TENSORP, = 0
gpu_min_TEXP, = 0
gpu_min_SCHEDP, = 0
gpu_min_L2CP, = 0
gpu_min_MCP, = 0.55022
gpu_min_NOCP, = 0
gpu_min_DRAMP, = 0
gpu_min_PIPEP, = 0
gpu_min_IDLE_COREP, = 8.48375
gpu_min_CONSTP = 32.3252
gpu_min_STATICP = 0
gpu_min_TOT_INST, = 0
gpu_min_FP_INT, = 0
gpu_min_IC_H, = 0
gpu_min_IC_M, = 0
gpu_min_DC_RH, = 0
gpu_min_DC_RM, = 0
gpu_min_DC_WH, = 0
gpu_min_DC_WM, = 0
gpu_min_TC_H, = 0
gpu_min_TC_M, = 0
gpu_min_CC_H, = 0
gpu_min_CC_M, = 0
gpu_min_SHRD_ACC, = 0
gpu_min_REG_RD, = 0
gpu_min_REG_WR, = 0
gpu_min_NON_REG_OPs, = 0
gpu_min_INT_ACC, = 0
gpu_min_FPU_ACC, = 0
gpu_min_DPU_ACC, = 0
gpu_min_INT_MUL24_ACC, = 0
gpu_min_INT_MUL32_ACC, = 0
gpu_min_INT_MUL_ACC, = 0
gpu_min_INT_DIV_ACC, = 0
gpu_min_FP_MUL_ACC, = 0
gpu_min_FP_DIV_ACC, = 0
gpu_min_FP_SQRT_ACC, = 0
gpu_min_FP_LG_ACC, = 0
gpu_min_FP_SIN_ACC, = 0
gpu_min_FP_EXP_ACC, = 0
gpu_min_DP_MUL_ACC, = 0
gpu_min_DP_DIV_ACC, = 0
gpu_min_TENSOR_ACC, = 0
gpu_min_TEX_ACC, = 0
gpu_min_MEM_RD, = 0
gpu_min_MEM_WR, = 0
gpu_min_MEM_PRE, = 0
gpu_min_L2_RH, = 0
gpu_min_L2_RM, = 0
gpu_min_L2_WH, = 0
gpu_min_L2_WM, = 0
gpu_min_NOC_A, = 0
gpu_min_PIPE_A, = 0
gpu_min_IDLE_CORE_N, = 30
gpu_min_constant_power = 0

Accumulative Power Statistics Over Previous Kernels:
gpu_tot_avg_power = 108.806
gpu_tot_max_power = 120.774
gpu_tot_min_power = 41.3592


kernel_name = _Z14dynproc_kerneliPiS_S_iiii 
kernel_launch_uid = 2 

Kernel Average Power Data:
kernel_avg_power = 108.615
gpu_avg_IBP, = 0.373316
gpu_avg_ICP, = 0
gpu_avg_DCP, = 2.0376
gpu_avg_TCP, = 0
gpu_avg_CCP, = 0
gpu_avg_SHRDP, = 1.13461
gpu_avg_RFP, = 15.6547
gpu_avg_INTP, = 7.86139
gpu_avg_FPUP, = 0
gpu_avg_DPUP, = 0
gpu_avg_INT_MUL24P, = 0
gpu_avg_INT_MUL32P, = 2.16708
gpu_avg_INT_MULP, = 0
gpu_avg_INT_DIVP, = 0
gpu_avg_FP_MULP, = 0
gpu_avg_FP_DIVP, = 0
gpu_avg_FP_SQRTP, = 0
gpu_avg_FP_LGP, = 0
gpu_avg_FP_SINP, = 0
gpu_avg_FP_EXP, = 0
gpu_avg_DP_MULP, = 0
gpu_avg_DP_DIVP, = 0
gpu_avg_TENSORP, = 0
gpu_avg_TEXP, = 0
gpu_avg_SCHEDP, = 1.09934
gpu_avg_L2CP, = 0.148496
gpu_avg_MCP, = 1.1656
gpu_avg_NOCP, = 1.08853
gpu_avg_DRAMP, = 9.64619
gpu_avg_PIPEP, = 0.955299
gpu_avg_IDLE_COREP, = 0.0808362
gpu_avg_CONSTP = 32.3252
gpu_avg_STATICP = 32.8769
gpu_avg_TOT_INST, = 46525.2
gpu_avg_FP_INT, = 46525.2
gpu_avg_IC_H, = 0
gpu_avg_IC_M, = 0
gpu_avg_DC_RH, = 1147.77
gpu_avg_DC_RM, = 3407.22
gpu_avg_DC_WH, = 17.107
gpu_avg_DC_WM, = 67.8814
gpu_avg_TC_H, = 0
gpu_avg_TC_M, = 0
gpu_avg_CC_H, = 0
gpu_avg_CC_M, = 0
gpu_avg_SHRD_ACC, = 7381.67
gpu_avg_REG_RD, = 1.67413e+06
gpu_avg_REG_WR, = 1.22579e+06
gpu_avg_NON_REG_OPs, = 479219
gpu_avg_INT_ACC, = 1.24694e+07
gpu_avg_FPU_ACC, = 0
gpu_avg_DPU_ACC, = 0
gpu_avg_INT_MUL24_ACC, = 0
gpu_avg_INT_MUL32_ACC, = 41050.9
gpu_avg_INT_MUL_ACC, = 0
gpu_avg_INT_DIV_ACC, = 0
gpu_avg_FP_MUL_ACC, = 0
gpu_avg_FP_DIV_ACC, = 0
gpu_avg_FP_SQRT_ACC, = 0
gpu_avg_FP_LG_ACC, = 0
gpu_avg_FP_SIN_ACC, = 0
gpu_avg_FP_EXP_ACC, = 0
gpu_avg_DP_MUL_ACC, = 0
gpu_avg_DP_DIV_ACC, = 0
gpu_avg_TENSOR_ACC, = 0
gpu_avg_TEX_ACC, = 0
gpu_avg_MEM_RD, = 3383.44
gpu_avg_MEM_WR, = 65.0424
gpu_avg_MEM_PRE, = 585.112
gpu_avg_L2_RH, = 1162.53
gpu_avg_L2_RM, = 3383.44
gpu_avg_L2_WH, = 18.6928
gpu_avg_L2_WM, = 66.2691
gpu_avg_NOC_A, = 9261.9
gpu_avg_PIPE_A, = 0.186493
gpu_avg_IDLE_CORE_N, = 0.285851
gpu_avg_constant_power = 0
gpu_avg_threads_per_warp = 30.8619
gpu_tot_TOT_INST, = 4.39198e+07
gpu_tot_FP_INT, = 4.39198e+07
gpu_tot_IC_H, = 0
gpu_tot_IC_M, = 0
gpu_tot_DC_RH, = 1.0835e+06
gpu_tot_DC_RM, = 3.21641e+06
gpu_tot_DC_WH, = 16149
gpu_tot_DC_WM, = 64080
gpu_tot_TC_H, = 0
gpu_tot_TC_M, = 0
gpu_tot_CC_H, = 0
gpu_tot_CC_M, = 0
gpu_tot_SHRD_ACC, = 6.9683e+06
gpu_tot_REG_RD, = 1.58038e+09
gpu_tot_REG_WR, = 1.15714e+09
gpu_tot_NON_REG_OPs, = 4.52383e+08
gpu_tot_INT_ACC, = 1.17711e+10
gpu_tot_FPU_ACC, = 0
gpu_tot_DPU_ACC, = 0
gpu_tot_INT_MUL24_ACC, = 0
gpu_tot_INT_MUL32_ACC, = 3.87521e+07
gpu_tot_INT_MUL_ACC, = 0
gpu_tot_INT_DIV_ACC, = 0
gpu_tot_FP_MUL_ACC, = 0
gpu_tot_FP_DIV_ACC, = 0
gpu_tot_FP_SQRT_ACC, = 0
gpu_tot_FP_LG_ACC, = 0
gpu_tot_FP_SIN_ACC, = 0
gpu_tot_FP_EXP_ACC, = 0
gpu_tot_DP_MUL_ACC, = 0
gpu_tot_DP_DIV_ACC, = 0
gpu_tot_TENSOR_ACC, = 0
gpu_tot_TEX_ACC, = 0
gpu_tot_MEM_RD, = 3.19397e+06
gpu_tot_MEM_WR, = 61400
gpu_tot_MEM_PRE, = 552346
gpu_tot_L2_RH, = 1.09743e+06
gpu_tot_L2_RM, = 3.19396e+06
gpu_tot_L2_WH, = 17646
gpu_tot_L2_WM, = 62558
gpu_tot_NOC_A, = 8.74324e+06
gpu_tot_PIPE_A, = 176.05
gpu_tot_IDLE_CORE_N, = 269.843
gpu_tot_constant_power = 0

Kernel Maximum Power Data:
kernel_max_power = 119.714
gpu_max_IBP, = 0.452551
gpu_max_ICP, = 0
gpu_max_DCP, = 2.25815
gpu_max_TCP, = 0
gpu_max_CCP, = 0
gpu_max_SHRDP, = 0.792046
gpu_max_RFP, = 21.4897
gpu_max_INTP, = 12.09
gpu_max_FPUP, = 0
gpu_max_DPUP, = 0
gpu_max_INT_MUL24P, = 0
gpu_max_INT_MUL32P, = 3.78636
gpu_max_INT_MULP, = 0
gpu_max_INT_DIVP, = 0
gpu_max_FP_MULP, = 0
gpu_max_FP_DIVP, = 0
gpu_max_FP_SQRTP, = 0
gpu_max_FP_LGP, = 0
gpu_max_FP_SINP, = 0
gpu_max_FP_EXP, = 0
gpu_max_DP_MULP, = 0
gpu_max_DP_DIVP, = 0
gpu_max_TENSORP, = 0
gpu_max_TEXP, = 0
gpu_max_SCHEDP, = 1.33267
gpu_max_L2CP, = 0.33286
gpu_max_MCP, = 1.18354
gpu_max_NOCP, = 1.24392
gpu_max_DRAMP, = 7.78521
gpu_max_PIPEP, = 1.17807
gpu_max_IDLE_COREP, = 0
gpu_max_CONSTP = 32.3252
gpu_max_STATICP = 33.4636
gpu_max_TOT_INST, = 56400
gpu_max_FP_INT, = 56400
gpu_max_IC_H, = 0
gpu_max_IC_M, = 0
gpu_max_DC_RH, = 1097
gpu_max_DC_RM, = 3900
gpu_max_DC_WH, = 60
gpu_max_DC_WM, = 236
gpu_max_TC_H, = 0
gpu_max_TC_M, = 0
gpu_max_CC_H, = 0
gpu_max_CC_M, = 0
gpu_max_SHRD_ACC, = 5153
gpu_max_REG_RD, = 2.18941e+06
gpu_max_REG_WR, = 1.64438e+06
gpu_max_NON_REG_OPs, = 694176
gpu_max_INT_ACC, = 1.91767e+07
gpu_max_FPU_ACC, = 0
gpu_max_DPU_ACC, = 0
gpu_max_INT_MUL24_ACC, = 0
gpu_max_INT_MUL32_ACC, = 71725
gpu_max_INT_MUL_ACC, = 0
gpu_max_INT_DIV_ACC, = 0
gpu_max_FP_MUL_ACC, = 0
gpu_max_FP_DIV_ACC, = 0
gpu_max_FP_SQRT_ACC, = 0
gpu_max_FP_LG_ACC, = 0
gpu_max_FP_SIN_ACC, = 0
gpu_max_FP_EXP_ACC, = 0
gpu_max_DP_MUL_ACC, = 0
gpu_max_DP_DIV_ACC, = 0
gpu_max_TENSOR_ACC, = 0
gpu_max_TEX_ACC, = 0
gpu_max_MEM_RD, = 2813
gpu_max_MEM_WR, = 0
gpu_max_MEM_PRE, = 151
gpu_max_L2_RH, = 1905
gpu_max_L2_RM, = 2959
gpu_max_L2_WH, = 144
gpu_max_L2_WM, = 467
gpu_max_NOC_A, = 10584
gpu_max_PIPE_A, = 0.229983
gpu_max_IDLE_CORE_N, = 0
gpu_max_constant_power = 0

Kernel Minimum Power Data:
kernel_min_power = 41.3592
gpu_min_IBP, = 0
gpu_min_ICP, = 0
gpu_min_DCP, = 0
gpu_min_TCP, = 0
gpu_min_CCP, = 0
gpu_min_SHRDP, = 0
gpu_min_RFP, = 0
gpu_min_INTP, = 0
gpu_min_FPUP, = 0
gpu_min_DPUP, = 0
gpu_min_INT_MUL24P, = 0
gpu_min_INT_MUL32P, = 0
gpu_min_INT_MULP, = 0
gpu_min_INT_DIVP, = 0
gpu_min_FP_MULP, = 0
gpu_min_FP_DIVP, = 0
gpu_min_FP_SQRTP, = 0
gpu_min_FP_LGP, = 0
gpu_min_FP_SINP, = 0
gpu_min_FP_EXP, = 0
gpu_min_DP_MULP, = 0
gpu_min_DP_DIVP, = 0
gpu_min_TENSORP, = 0
gpu_min_TEXP, = 0
gpu_min_SCHEDP, = 0
gpu_min_L2CP, = 0
gpu_min_MCP, = 0.55022
gpu_min_NOCP, = 0
gpu_min_DRAMP, = 0
gpu_min_PIPEP, = 0
gpu_min_IDLE_COREP, = 8.48375
gpu_min_CONSTP = 32.3252
gpu_min_STATICP = 0
gpu_min_TOT_INST, = 0
gpu_min_FP_INT, = 0
gpu_min_IC_H, = 0
gpu_min_IC_M, = 0
gpu_min_DC_RH, = 0
gpu_min_DC_RM, = 0
gpu_min_DC_WH, = 0
gpu_min_DC_WM, = 0
gpu_min_TC_H, = 0
gpu_min_TC_M, = 0
gpu_min_CC_H, = 0
gpu_min_CC_M, = 0
gpu_min_SHRD_ACC, = 0
gpu_min_REG_RD, = 0
gpu_min_REG_WR, = 0
gpu_min_NON_REG_OPs, = 0
gpu_min_INT_ACC, = 0
gpu_min_FPU_ACC, = 0
gpu_min_DPU_ACC, = 0
gpu_min_INT_MUL24_ACC, = 0
gpu_min_INT_MUL32_ACC, = 0
gpu_min_INT_MUL_ACC, = 0
gpu_min_INT_DIV_ACC, = 0
gpu_min_FP_MUL_ACC, = 0
gpu_min_FP_DIV_ACC, = 0
gpu_min_FP_SQRT_ACC, = 0
gpu_min_FP_LG_ACC, = 0
gpu_min_FP_SIN_ACC, = 0
gpu_min_FP_EXP_ACC, = 0
gpu_min_DP_MUL_ACC, = 0
gpu_min_DP_DIV_ACC, = 0
gpu_min_TENSOR_ACC, = 0
gpu_min_TEX_ACC, = 0
gpu_min_MEM_RD, = 0
gpu_min_MEM_WR, = 0
gpu_min_MEM_PRE, = 0
gpu_min_L2_RH, = 0
gpu_min_L2_RM, = 0
gpu_min_L2_WH, = 0
gpu_min_L2_WM, = 0
gpu_min_NOC_A, = 0
gpu_min_PIPE_A, = 0
gpu_min_IDLE_CORE_N, = 30
gpu_min_constant_power = 0

Accumulative Power Statistics Over Previous Kernels:
gpu_tot_avg_power = 108.71
gpu_tot_max_power = 120.774
gpu_tot_min_power = 41.3592


kernel_name = _Z14dynproc_kerneliPiS_S_iiii 
kernel_launch_uid = 3 

Kernel Average Power Data:
kernel_avg_power = 108.645
gpu_avg_IBP, = 0.373708
gpu_avg_ICP, = 0
gpu_avg_DCP, = 2.03991
gpu_avg_TCP, = 0
gpu_avg_CCP, = 0
gpu_avg_SHRDP, = 1.1358
gpu_avg_RFP, = 15.671
gpu_avg_INTP, = 7.86965
gpu_avg_FPUP, = 0
gpu_avg_DPUP, = 0
gpu_avg_INT_MUL24P, = 0
gpu_avg_INT_MUL32P, = 2.16931
gpu_avg_INT_MULP, = 0
gpu_avg_INT_DIVP, = 0
gpu_avg_FP_MULP, = 0
gpu_avg_FP_DIVP, = 0
gpu_avg_FP_SQRTP, = 0
gpu_avg_FP_LGP, = 0
gpu_avg_FP_SINP, = 0
gpu_avg_FP_EXP, = 0
gpu_avg_DP_MULP, = 0
gpu_avg_DP_DIVP, = 0
gpu_avg_TENSORP, = 0
gpu_avg_TEXP, = 0
gpu_avg_SCHEDP, = 1.10049
gpu_avg_L2CP, = 0.148497
gpu_avg_MCP, = 1.16633
gpu_avg_NOCP, = 1.08936
gpu_avg_DRAMP, = 9.66242
gpu_avg_PIPEP, = 0.956298
gpu_avg_IDLE_COREP, = 0.0821568
gpu_avg_CONSTP = 32.3252
gpu_avg_STATICP = 32.8552
gpu_avg_TOT_INST, = 46573.9
gpu_avg_FP_INT, = 46573.9
gpu_avg_IC_H, = 0
gpu_avg_IC_M, = 0
gpu_avg_DC_RH, = 1150.16
gpu_avg_DC_RM, = 3409.48
gpu_avg_DC_WH, = 17.0774
gpu_avg_DC_WM, = 67.8155
gpu_avg_TC_H, = 0
gpu_avg_TC_M, = 0
gpu_avg_CC_H, = 0
gpu_avg_CC_M, = 0
gpu_avg_SHRD_ACC, = 7389.43
gpu_avg_REG_RD, = 1.67589e+06
gpu_avg_REG_WR, = 1.22704e+06
gpu_avg_NON_REG_OPs, = 479721
gpu_avg_INT_ACC, = 1.24825e+07
gpu_avg_FPU_ACC, = 0
gpu_avg_DPU_ACC, = 0
gpu_avg_INT_MUL24_ACC, = 0
gpu_avg_INT_MUL32_ACC, = 41093.3
gpu_avg_INT_MUL_ACC, = 0
gpu_avg_INT_DIV_ACC, = 0
gpu_avg_FP_MUL_ACC, = 0
gpu_avg_FP_DIV_ACC, = 0
gpu_avg_FP_SQRT_ACC, = 0
gpu_avg_FP_LG_ACC, = 0
gpu_avg_FP_SIN_ACC, = 0
gpu_avg_FP_EXP_ACC, = 0
gpu_avg_DP_MUL_ACC, = 0
gpu_avg_DP_DIV_ACC, = 0
gpu_avg_TENSOR_ACC, = 0
gpu_avg_TEX_ACC, = 0
gpu_avg_MEM_RD, = 3386.98
gpu_avg_MEM_WR, = 66.596
gpu_avg_MEM_PRE, = 594.228
gpu_avg_L2_RH, = 1162.58
gpu_avg_L2_RM, = 3387.02
gpu_avg_L2_WH, = 18.6649
gpu_avg_L2_WM, = 66.1898
gpu_avg_NOC_A, = 9268.9
gpu_avg_PIPE_A, = 0.186688
gpu_avg_IDLE_CORE_N, = 0.290521
gpu_avg_constant_power = 0
gpu_avg_threads_per_warp = 30.832
gpu_tot_TOT_INST, = 4.39192e+07
gpu_tot_FP_INT, = 4.39192e+07
gpu_tot_IC_H, = 0
gpu_tot_IC_M, = 0
gpu_tot_DC_RH, = 1.0846e+06
gpu_tot_DC_RM, = 3.21514e+06
gpu_tot_DC_WH, = 16104
gpu_tot_DC_WM, = 63950
gpu_tot_TC_H, = 0
gpu_tot_TC_M, = 0
gpu_tot_CC_H, = 0
gpu_tot_CC_M, = 0
gpu_tot_SHRD_ACC, = 6.96823e+06
gpu_tot_REG_RD, = 1.58036e+09
gpu_tot_REG_WR, = 1.1571e+09
gpu_tot_NON_REG_OPs, = 4.52376e+08
gpu_tot_INT_ACC, = 1.1771e+10
gpu_tot_FPU_ACC, = 0
gpu_tot_DPU_ACC, = 0
gpu_tot_INT_MUL24_ACC, = 0
gpu_tot_INT_MUL32_ACC, = 3.8751e+07
gpu_tot_INT_MUL_ACC, = 0
gpu_tot_INT_DIV_ACC, = 0
gpu_tot_FP_MUL_ACC, = 0
gpu_tot_FP_DIV_ACC, = 0
gpu_tot_FP_SQRT_ACC, = 0
gpu_tot_FP_LG_ACC, = 0
gpu_tot_FP_SIN_ACC, = 0
gpu_tot_FP_EXP_ACC, = 0
gpu_tot_DP_MUL_ACC, = 0
gpu_tot_DP_DIV_ACC, = 0
gpu_tot_TENSOR_ACC, = 0
gpu_tot_TEX_ACC, = 0
gpu_tot_MEM_RD, = 3.19393e+06
gpu_tot_MEM_WR, = 62800
gpu_tot_MEM_PRE, = 560357
gpu_tot_L2_RH, = 1.09631e+06
gpu_tot_L2_RM, = 3.19396e+06
gpu_tot_L2_WH, = 17601
gpu_tot_L2_WM, = 62417
gpu_tot_NOC_A, = 8.74058e+06
gpu_tot_PIPE_A, = 176.047
gpu_tot_IDLE_CORE_N, = 273.961
gpu_tot_constant_power = 0

Kernel Maximum Power Data:
kernel_max_power = 120.777
gpu_max_IBP, = 0.459227
gpu_max_ICP, = 0
gpu_max_DCP, = 2.25197
gpu_max_TCP, = 0
gpu_max_CCP, = 0
gpu_max_SHRDP, = 0.825708
gpu_max_RFP, = 21.8837
gpu_max_INTP, = 12.4012
gpu_max_FPUP, = 0
gpu_max_DPUP, = 0
gpu_max_INT_MUL24P, = 0
gpu_max_INT_MUL32P, = 3.79232
gpu_max_INT_MULP, = 0
gpu_max_INT_DIVP, = 0
gpu_max_FP_MULP, = 0
gpu_max_FP_DIVP, = 0
gpu_max_FP_SQRTP, = 0
gpu_max_FP_LGP, = 0
gpu_max_FP_SINP, = 0
gpu_max_FP_EXP, = 0
gpu_max_DP_MULP, = 0
gpu_max_DP_DIVP, = 0
gpu_max_TENSORP, = 0
gpu_max_TEXP, = 0
gpu_max_SCHEDP, = 1.35233
gpu_max_L2CP, = 0.284467
gpu_max_MCP, = 1.19522
gpu_max_NOCP, = 1.24133
gpu_max_DRAMP, = 8.09861
gpu_max_PIPEP, = 1.20238
gpu_max_IDLE_COREP, = 0
gpu_max_CONSTP = 32.3252
gpu_max_STATICP = 33.4636
gpu_max_TOT_INST, = 57232
gpu_max_FP_INT, = 57232
gpu_max_IC_H, = 0
gpu_max_IC_M, = 0
gpu_max_DC_RH, = 1104
gpu_max_DC_RM, = 3825
gpu_max_DC_WH, = 70
gpu_max_DC_WM, = 284
gpu_max_TC_H, = 0
gpu_max_TC_M, = 0
gpu_max_CC_H, = 0
gpu_max_CC_M, = 0
gpu_max_SHRD_ACC, = 5372
gpu_max_REG_RD, = 2.24781e+06
gpu_max_REG_WR, = 1.69117e+06
gpu_max_NON_REG_OPs, = 698560
gpu_max_INT_ACC, = 1.96703e+07
gpu_max_FPU_ACC, = 0
gpu_max_DPU_ACC, = 0
gpu_max_INT_MUL24_ACC, = 0
gpu_max_INT_MUL32_ACC, = 71838
gpu_max_INT_MUL_ACC, = 0
gpu_max_INT_DIV_ACC, = 0
gpu_max_FP_MUL_ACC, = 0
gpu_max_FP_DIV_ACC, = 0
gpu_max_FP_SQRT_ACC, = 0
gpu_max_FP_LG_ACC, = 0
gpu_max_FP_SIN_ACC, = 0
gpu_max_FP_EXP_ACC, = 0
gpu_max_DP_MUL_ACC, = 0
gpu_max_DP_DIV_ACC, = 0
gpu_max_TENSOR_ACC, = 0
gpu_max_TEX_ACC, = 0
gpu_max_MEM_RD, = 2939
gpu_max_MEM_WR, = 0
gpu_max_MEM_PRE, = 80
gpu_max_L2_RH, = 1720
gpu_max_L2_RM, = 2951
gpu_max_L2_WH, = 110
gpu_max_L2_WM, = 363
gpu_max_NOC_A, = 10562
gpu_max_PIPE_A, = 0.234729
gpu_max_IDLE_CORE_N, = 0
gpu_max_constant_power = 0

Kernel Minimum Power Data:
kernel_min_power = 41.3592
gpu_min_IBP, = 0
gpu_min_ICP, = 0
gpu_min_DCP, = 0
gpu_min_TCP, = 0
gpu_min_CCP, = 0
gpu_min_SHRDP, = 0
gpu_min_RFP, = 0
gpu_min_INTP, = 0
gpu_min_FPUP, = 0
gpu_min_DPUP, = 0
gpu_min_INT_MUL24P, = 0
gpu_min_INT_MUL32P, = 0
gpu_min_INT_MULP, = 0
gpu_min_INT_DIVP, = 0
gpu_min_FP_MULP, = 0
gpu_min_FP_DIVP, = 0
gpu_min_FP_SQRTP, = 0
gpu_min_FP_LGP, = 0
gpu_min_FP_SINP, = 0
gpu_min_FP_EXP, = 0
gpu_min_DP_MULP, = 0
gpu_min_DP_DIVP, = 0
gpu_min_TENSORP, = 0
gpu_min_TEXP, = 0
gpu_min_SCHEDP, = 0
gpu_min_L2CP, = 0
gpu_min_MCP, = 0.55022
gpu_min_NOCP, = 0
gpu_min_DRAMP, = 0
gpu_min_PIPEP, = 0
gpu_min_IDLE_COREP, = 8.48375
gpu_min_CONSTP = 32.3252
gpu_min_STATICP = 0
gpu_min_TOT_INST, = 0
gpu_min_FP_INT, = 0
gpu_min_IC_H, = 0
gpu_min_IC_M, = 0
gpu_min_DC_RH, = 0
gpu_min_DC_RM, = 0
gpu_min_DC_WH, = 0
gpu_min_DC_WM, = 0
gpu_min_TC_H, = 0
gpu_min_TC_M, = 0
gpu_min_CC_H, = 0
gpu_min_CC_M, = 0
gpu_min_SHRD_ACC, = 0
gpu_min_REG_RD, = 0
gpu_min_REG_WR, = 0
gpu_min_NON_REG_OPs, = 0
gpu_min_INT_ACC, = 0
gpu_min_FPU_ACC, = 0
gpu_min_DPU_ACC, = 0
gpu_min_INT_MUL24_ACC, = 0
gpu_min_INT_MUL32_ACC, = 0
gpu_min_INT_MUL_ACC, = 0
gpu_min_INT_DIV_ACC, = 0
gpu_min_FP_MUL_ACC, = 0
gpu_min_FP_DIV_ACC, = 0
gpu_min_FP_SQRT_ACC, = 0
gpu_min_FP_LG_ACC, = 0
gpu_min_FP_SIN_ACC, = 0
gpu_min_FP_EXP_ACC, = 0
gpu_min_DP_MUL_ACC, = 0
gpu_min_DP_DIV_ACC, = 0
gpu_min_TENSOR_ACC, = 0
gpu_min_TEX_ACC, = 0
gpu_min_MEM_RD, = 0
gpu_min_MEM_WR, = 0
gpu_min_MEM_PRE, = 0
gpu_min_L2_RH, = 0
gpu_min_L2_RM, = 0
gpu_min_L2_WH, = 0
gpu_min_L2_WM, = 0
gpu_min_NOC_A, = 0
gpu_min_PIPE_A, = 0
gpu_min_IDLE_CORE_N, = 30
gpu_min_constant_power = 0

Accumulative Power Statistics Over Previous Kernels:
gpu_tot_avg_power = 108.689
gpu_tot_max_power = 120.777
gpu_tot_min_power = 41.3592


kernel_name = _Z14dynproc_kerneliPiS_S_iiii 
kernel_launch_uid = 4 

Kernel Average Power Data:
kernel_avg_power = 108.784
gpu_avg_IBP, = 0.374897
gpu_avg_ICP, = 0
gpu_avg_DCP, = 2.04349
gpu_avg_TCP, = 0
gpu_avg_CCP, = 0
gpu_avg_SHRDP, = 1.13942
gpu_avg_RFP, = 15.7206
gpu_avg_INTP, = 7.89472
gpu_avg_FPUP, = 0
gpu_avg_DPUP, = 0
gpu_avg_INT_MUL24P, = 0
gpu_avg_INT_MUL32P, = 2.17619
gpu_avg_INT_MULP, = 0
gpu_avg_INT_DIVP, = 0
gpu_avg_FP_MULP, = 0
gpu_avg_FP_DIVP, = 0
gpu_avg_FP_SQRTP, = 0
gpu_avg_FP_LGP, = 0
gpu_avg_FP_SINP, = 0
gpu_avg_FP_EXP, = 0
gpu_avg_DP_MULP, = 0
gpu_avg_DP_DIVP, = 0
gpu_avg_TENSORP, = 0
gpu_avg_TEXP, = 0
gpu_avg_SCHEDP, = 1.104
gpu_avg_L2CP, = 0.146229
gpu_avg_MCP, = 1.16599
gpu_avg_NOCP, = 1.08597
gpu_avg_DRAMP, = 9.69675
gpu_avg_PIPEP, = 0.959342
gpu_avg_IDLE_COREP, = 0.0884202
gpu_avg_CONSTP = 32.3252
gpu_avg_STATICP = 32.8629
gpu_avg_TOT_INST, = 46722.2
gpu_avg_FP_INT, = 46722.2
gpu_avg_IC_H, = 0
gpu_avg_IC_M, = 0
gpu_avg_DC_RH, = 1182.83
gpu_avg_DC_RM, = 3365.78
gpu_avg_DC_WH, = 17.1426
gpu_avg_DC_WM, = 67.8883
gpu_avg_TC_H, = 0
gpu_avg_TC_M, = 0
gpu_avg_CC_H, = 0
gpu_avg_CC_M, = 0
gpu_avg_SHRD_ACC, = 7412.97
gpu_avg_REG_RD, = 1.68122e+06
gpu_avg_REG_WR, = 1.23084e+06
gpu_avg_NON_REG_OPs, = 481247
gpu_avg_INT_ACC, = 1.25223e+07
gpu_avg_FPU_ACC, = 0
gpu_avg_DPU_ACC, = 0
gpu_avg_INT_MUL24_ACC, = 0
gpu_avg_INT_MUL32_ACC, = 41223.7
gpu_avg_INT_MUL_ACC, = 0
gpu_avg_INT_DIV_ACC, = 0
gpu_avg_FP_MUL_ACC, = 0
gpu_avg_FP_DIV_ACC, = 0
gpu_avg_FP_SQRT_ACC, = 0
gpu_avg_FP_LG_ACC, = 0
gpu_avg_FP_SIN_ACC, = 0
gpu_avg_FP_EXP_ACC, = 0
gpu_avg_DP_MUL_ACC, = 0
gpu_avg_DP_DIV_ACC, = 0
gpu_avg_TENSOR_ACC, = 0
gpu_avg_TEX_ACC, = 0
gpu_avg_MEM_RD, = 3397.38
gpu_avg_MEM_WR, = 67.1915
gpu_avg_MEM_PRE, = 605.056
gpu_avg_L2_RH, = 1137.67
gpu_avg_L2_RM, = 3397.38
gpu_avg_L2_WH, = 18.6766
gpu_avg_L2_WM, = 66.2064
gpu_avg_NOC_A, = 9240.11
gpu_avg_PIPE_A, = 0.187282
gpu_avg_IDLE_CORE_N, = 0.312669
gpu_avg_constant_power = 0
gpu_avg_threads_per_warp = 30.865
gpu_tot_TOT_INST, = 4.39189e+07
gpu_tot_FP_INT, = 4.39189e+07
gpu_tot_IC_H, = 0
gpu_tot_IC_M, = 0
gpu_tot_DC_RH, = 1.11186e+06
gpu_tot_DC_RM, = 3.16383e+06
gpu_tot_DC_WH, = 16114
gpu_tot_DC_WM, = 63815
gpu_tot_TC_H, = 0
gpu_tot_TC_M, = 0
gpu_tot_CC_H, = 0
gpu_tot_CC_M, = 0
gpu_tot_SHRD_ACC, = 6.96819e+06
gpu_tot_REG_RD, = 1.58035e+09
gpu_tot_REG_WR, = 1.15699e+09
gpu_tot_NON_REG_OPs, = 4.52372e+08
gpu_tot_INT_ACC, = 1.17709e+10
gpu_tot_FPU_ACC, = 0
gpu_tot_DPU_ACC, = 0
gpu_tot_INT_MUL24_ACC, = 0
gpu_tot_INT_MUL32_ACC, = 3.87503e+07
gpu_tot_INT_MUL_ACC, = 0
gpu_tot_INT_DIV_ACC, = 0
gpu_tot_FP_MUL_ACC, = 0
gpu_tot_FP_DIV_ACC, = 0
gpu_tot_FP_SQRT_ACC, = 0
gpu_tot_FP_LG_ACC, = 0
gpu_tot_FP_SIN_ACC, = 0
gpu_tot_FP_EXP_ACC, = 0
gpu_tot_DP_MUL_ACC, = 0
gpu_tot_DP_DIV_ACC, = 0
gpu_tot_TENSOR_ACC, = 0
gpu_tot_TEX_ACC, = 0
gpu_tot_MEM_RD, = 3.19354e+06
gpu_tot_MEM_WR, = 63160
gpu_tot_MEM_PRE, = 568753
gpu_tot_L2_RH, = 1.06941e+06
gpu_tot_L2_RM, = 3.19354e+06
gpu_tot_L2_WH, = 17556
gpu_tot_L2_WM, = 62234
gpu_tot_NOC_A, = 8.6857e+06
gpu_tot_PIPE_A, = 176.045
gpu_tot_IDLE_CORE_N, = 293.909
gpu_tot_constant_power = 0

Kernel Maximum Power Data:
kernel_max_power = 119.274
gpu_max_IBP, = 0.446309
gpu_max_ICP, = 0
gpu_max_DCP, = 2.29814
gpu_max_TCP, = 0
gpu_max_CCP, = 0
gpu_max_SHRDP, = 0.789587
gpu_max_RFP, = 21.2154
gpu_max_INTP, = 11.9117
gpu_max_FPUP, = 0
gpu_max_DPUP, = 0
gpu_max_INT_MUL24P, = 0
gpu_max_INT_MUL32P, = 3.83746
gpu_max_INT_MULP, = 0
gpu_max_INT_DIVP, = 0
gpu_max_FP_MULP, = 0
gpu_max_FP_DIVP, = 0
gpu_max_FP_SQRTP, = 0
gpu_max_FP_LGP, = 0
gpu_max_FP_SINP, = 0
gpu_max_FP_EXP, = 0
gpu_max_DP_MULP, = 0
gpu_max_DP_DIVP, = 0
gpu_max_TENSORP, = 0
gpu_max_TEXP, = 0
gpu_max_SCHEDP, = 1.31429
gpu_max_L2CP, = 0.31901
gpu_max_MCP, = 1.2002
gpu_max_NOCP, = 1.23217
gpu_max_DRAMP, = 7.75715
gpu_max_PIPEP, = 1.16345
gpu_max_IDLE_COREP, = 0
gpu_max_CONSTP = 32.3252
gpu_max_STATICP = 33.4636
gpu_max_TOT_INST, = 55622
gpu_max_FP_INT, = 55622
gpu_max_IC_H, = 0
gpu_max_IC_M, = 0
gpu_max_DC_RH, = 1120
gpu_max_DC_RM, = 3860
gpu_max_DC_WH, = 88
gpu_max_DC_WM, = 344
gpu_max_TC_H, = 0
gpu_max_TC_M, = 0
gpu_max_CC_H, = 0
gpu_max_CC_M, = 0
gpu_max_SHRD_ACC, = 5137
gpu_max_REG_RD, = 2.16739e+06
gpu_max_REG_WR, = 1.62317e+06
gpu_max_NON_REG_OPs, = 683840
gpu_max_INT_ACC, = 1.88939e+07
gpu_max_FPU_ACC, = 0
gpu_max_DPU_ACC, = 0
gpu_max_INT_MUL24_ACC, = 0
gpu_max_INT_MUL32_ACC, = 72693
gpu_max_INT_MUL_ACC, = 0
gpu_max_INT_DIV_ACC, = 0
gpu_max_FP_MUL_ACC, = 0
gpu_max_FP_DIV_ACC, = 0
gpu_max_FP_SQRT_ACC, = 0
gpu_max_FP_LG_ACC, = 0
gpu_max_FP_SIN_ACC, = 0
gpu_max_FP_EXP_ACC, = 0
gpu_max_DP_MUL_ACC, = 0
gpu_max_DP_DIV_ACC, = 0
gpu_max_TENSOR_ACC, = 0
gpu_max_TEX_ACC, = 0
gpu_max_MEM_RD, = 2757
gpu_max_MEM_WR, = 44
gpu_max_MEM_PRE, = 280
gpu_max_L2_RH, = 1722
gpu_max_L2_RM, = 2915
gpu_max_L2_WH, = 148
gpu_max_L2_WM, = 479
gpu_max_NOC_A, = 10484
gpu_max_PIPE_A, = 0.227129
gpu_max_IDLE_CORE_N, = 0
gpu_max_constant_power = 0

Kernel Minimum Power Data:
kernel_min_power = 41.3592
gpu_min_IBP, = 0
gpu_min_ICP, = 0
gpu_min_DCP, = 0
gpu_min_TCP, = 0
gpu_min_CCP, = 0
gpu_min_SHRDP, = 0
gpu_min_RFP, = 0
gpu_min_INTP, = 0
gpu_min_FPUP, = 0
gpu_min_DPUP, = 0
gpu_min_INT_MUL24P, = 0
gpu_min_INT_MUL32P, = 0
gpu_min_INT_MULP, = 0
gpu_min_INT_DIVP, = 0
gpu_min_FP_MULP, = 0
gpu_min_FP_DIVP, = 0
gpu_min_FP_SQRTP, = 0
gpu_min_FP_LGP, = 0
gpu_min_FP_SINP, = 0
gpu_min_FP_EXP, = 0
gpu_min_DP_MULP, = 0
gpu_min_DP_DIVP, = 0
gpu_min_TENSORP, = 0
gpu_min_TEXP, = 0
gpu_min_SCHEDP, = 0
gpu_min_L2CP, = 0
gpu_min_MCP, = 0.55022
gpu_min_NOCP, = 0
gpu_min_DRAMP, = 0
gpu_min_PIPEP, = 0
gpu_min_IDLE_COREP, = 8.48375
gpu_min_CONSTP = 32.3252
gpu_min_STATICP = 0
gpu_min_TOT_INST, = 0
gpu_min_FP_INT, = 0
gpu_min_IC_H, = 0
gpu_min_IC_M, = 0
gpu_min_DC_RH, = 0
gpu_min_DC_RM, = 0
gpu_min_DC_WH, = 0
gpu_min_DC_WM, = 0
gpu_min_TC_H, = 0
gpu_min_TC_M, = 0
gpu_min_CC_H, = 0
gpu_min_CC_M, = 0
gpu_min_SHRD_ACC, = 0
gpu_min_REG_RD, = 0
gpu_min_REG_WR, = 0
gpu_min_NON_REG_OPs, = 0
gpu_min_INT_ACC, = 0
gpu_min_FPU_ACC, = 0
gpu_min_DPU_ACC, = 0
gpu_min_INT_MUL24_ACC, = 0
gpu_min_INT_MUL32_ACC, = 0
gpu_min_INT_MUL_ACC, = 0
gpu_min_INT_DIV_ACC, = 0
gpu_min_FP_MUL_ACC, = 0
gpu_min_FP_DIV_ACC, = 0
gpu_min_FP_SQRT_ACC, = 0
gpu_min_FP_LG_ACC, = 0
gpu_min_FP_SIN_ACC, = 0
gpu_min_FP_EXP_ACC, = 0
gpu_min_DP_MUL_ACC, = 0
gpu_min_DP_DIV_ACC, = 0
gpu_min_TENSOR_ACC, = 0
gpu_min_TEX_ACC, = 0
gpu_min_MEM_RD, = 0
gpu_min_MEM_WR, = 0
gpu_min_MEM_PRE, = 0
gpu_min_L2_RH, = 0
gpu_min_L2_RM, = 0
gpu_min_L2_WH, = 0
gpu_min_L2_WM, = 0
gpu_min_NOC_A, = 0
gpu_min_PIPE_A, = 0
gpu_min_IDLE_CORE_N, = 30
gpu_min_constant_power = 0

Accumulative Power Statistics Over Previous Kernels:
gpu_tot_avg_power = 108.712
gpu_tot_max_power = 120.777
gpu_tot_min_power = 41.3592


kernel_name = _Z14dynproc_kerneliPiS_S_iiii 
kernel_launch_uid = 5 

Kernel Average Power Data:
kernel_avg_power = 108.82
gpu_avg_IBP, = 0.37531
gpu_avg_ICP, = 0
gpu_avg_DCP, = 2.0467
gpu_avg_TCP, = 0
gpu_avg_CCP, = 0
gpu_avg_SHRDP, = 1.14066
gpu_avg_RFP, = 15.738
gpu_avg_INTP, = 7.90335
gpu_avg_FPUP, = 0
gpu_avg_DPUP, = 0
gpu_avg_INT_MUL24P, = 0
gpu_avg_INT_MUL32P, = 2.17868
gpu_avg_INT_MULP, = 0
gpu_avg_INT_DIVP, = 0
gpu_avg_FP_MULP, = 0
gpu_avg_FP_DIVP, = 0
gpu_avg_FP_SQRTP, = 0
gpu_avg_FP_LGP, = 0
gpu_avg_FP_SINP, = 0
gpu_avg_FP_EXP, = 0
gpu_avg_DP_MULP, = 0
gpu_avg_DP_DIVP, = 0
gpu_avg_TENSORP, = 0
gpu_avg_TEXP, = 0
gpu_avg_SCHEDP, = 1.10521
gpu_avg_L2CP, = 0.147548
gpu_avg_MCP, = 1.1674
gpu_avg_NOCP, = 1.08977
gpu_avg_DRAMP, = 9.69544
gpu_avg_PIPEP, = 0.960402
gpu_avg_IDLE_COREP, = 0.0883223
gpu_avg_CONSTP = 32.3252
gpu_avg_STATICP = 32.8582
gpu_avg_TOT_INST, = 46773.7
gpu_avg_FP_INT, = 46773.7
gpu_avg_IC_H, = 0
gpu_avg_IC_M, = 0
gpu_avg_DC_RH, = 1173.62
gpu_avg_DC_RM, = 3388.68
gpu_avg_DC_WH, = 17.2524
gpu_avg_DC_WM, = 68.3216
gpu_avg_TC_H, = 0
gpu_avg_TC_M, = 0
gpu_avg_CC_H, = 0
gpu_avg_CC_M, = 0
gpu_avg_SHRD_ACC, = 7421.06
gpu_avg_REG_RD, = 1.68307e+06
gpu_avg_REG_WR, = 1.23224e+06
gpu_avg_NON_REG_OPs, = 481779
gpu_avg_INT_ACC, = 1.2536e+07
gpu_avg_FPU_ACC, = 0
gpu_avg_DPU_ACC, = 0
gpu_avg_INT_MUL24_ACC, = 0
gpu_avg_INT_MUL32_ACC, = 41270.7
gpu_avg_INT_MUL_ACC, = 0
gpu_avg_INT_DIV_ACC, = 0
gpu_avg_FP_MUL_ACC, = 0
gpu_avg_FP_DIV_ACC, = 0
gpu_avg_FP_SQRT_ACC, = 0
gpu_avg_FP_LG_ACC, = 0
gpu_avg_FP_SIN_ACC, = 0
gpu_avg_FP_EXP_ACC, = 0
gpu_avg_DP_MUL_ACC, = 0
gpu_avg_DP_DIV_ACC, = 0
gpu_avg_TENSOR_ACC, = 0
gpu_avg_TEX_ACC, = 0
gpu_avg_MEM_RD, = 3401.23
gpu_avg_MEM_WR, = 65.8743
gpu_avg_MEM_PRE, = 583.297
gpu_avg_L2_RH, = 1149.35
gpu_avg_L2_RM, = 3401.19
gpu_avg_L2_WH, = 18.8754
gpu_avg_L2_WM, = 66.9116
gpu_avg_NOC_A, = 9272.4
gpu_avg_PIPE_A, = 0.187489
gpu_avg_IDLE_CORE_N, = 0.312323
gpu_avg_constant_power = 0
gpu_avg_threads_per_warp = 30.8624
gpu_tot_TOT_INST, = 4.39205e+07
gpu_tot_FP_INT, = 4.39205e+07
gpu_tot_IC_H, = 0
gpu_tot_IC_M, = 0
gpu_tot_DC_RH, = 1.10203e+06
gpu_tot_DC_RM, = 3.18198e+06
gpu_tot_DC_WH, = 16200
gpu_tot_DC_WM, = 64154
gpu_tot_TC_H, = 0
gpu_tot_TC_M, = 0
gpu_tot_CC_H, = 0
gpu_tot_CC_M, = 0
gpu_tot_SHRD_ACC, = 6.96838e+06
gpu_tot_REG_RD, = 1.5804e+09
gpu_tot_REG_WR, = 1.15708e+09
gpu_tot_NON_REG_OPs, = 4.52391e+08
gpu_tot_INT_ACC, = 1.17713e+10
gpu_tot_FPU_ACC, = 0
gpu_tot_DPU_ACC, = 0
gpu_tot_INT_MUL24_ACC, = 0
gpu_tot_INT_MUL32_ACC, = 3.87532e+07
gpu_tot_INT_MUL_ACC, = 0
gpu_tot_INT_DIV_ACC, = 0
gpu_tot_FP_MUL_ACC, = 0
gpu_tot_FP_DIV_ACC, = 0
gpu_tot_FP_SQRT_ACC, = 0
gpu_tot_FP_LG_ACC, = 0
gpu_tot_FP_SIN_ACC, = 0
gpu_tot_FP_EXP_ACC, = 0
gpu_tot_DP_MUL_ACC, = 0
gpu_tot_DP_DIV_ACC, = 0
gpu_tot_TENSOR_ACC, = 0
gpu_tot_TEX_ACC, = 0
gpu_tot_MEM_RD, = 3.19376e+06
gpu_tot_MEM_WR, = 61856
gpu_tot_MEM_PRE, = 547716
gpu_tot_L2_RH, = 1.07924e+06
gpu_tot_L2_RM, = 3.19371e+06
gpu_tot_L2_WH, = 17724
gpu_tot_L2_WM, = 62830
gpu_tot_NOC_A, = 8.70678e+06
gpu_tot_PIPE_A, = 176.053
gpu_tot_IDLE_CORE_N, = 293.271
gpu_tot_constant_power = 0

Kernel Maximum Power Data:
kernel_max_power = 118.694
gpu_max_IBP, = 0.436479
gpu_max_ICP, = 0
gpu_max_DCP, = 2.31012
gpu_max_TCP, = 0
gpu_max_CCP, = 0
gpu_max_SHRDP, = 0.66985
gpu_max_RFP, = 20.6664
gpu_max_INTP, = 11.292
gpu_max_FPUP, = 0
gpu_max_DPUP, = 0
gpu_max_INT_MUL24P, = 0
gpu_max_INT_MUL32P, = 3.93438
gpu_max_INT_MULP, = 0
gpu_max_INT_DIVP, = 0
gpu_max_FP_MULP, = 0
gpu_max_FP_DIVP, = 0
gpu_max_FP_SQRTP, = 0
gpu_max_FP_LGP, = 0
gpu_max_FP_SINP, = 0
gpu_max_FP_EXP, = 0
gpu_max_DP_MULP, = 0
gpu_max_DP_DIVP, = 0
gpu_max_TENSORP, = 0
gpu_max_TEXP, = 0
gpu_max_SCHEDP, = 1.28534
gpu_max_L2CP, = 0.391347
gpu_max_MCP, = 1.258
gpu_max_NOCP, = 1.30092
gpu_max_DRAMP, = 8.22606
gpu_max_PIPEP, = 1.13374
gpu_max_IDLE_COREP, = 0
gpu_max_CONSTP = 32.3252
gpu_max_STATICP = 33.4636
gpu_max_TOT_INST, = 54397
gpu_max_FP_INT, = 54397
gpu_max_IC_H, = 0
gpu_max_IC_M, = 0
gpu_max_DC_RH, = 1017
gpu_max_DC_RM, = 3647
gpu_max_DC_WH, = 192
gpu_max_DC_WM, = 758
gpu_max_TC_H, = 0
gpu_max_TC_M, = 0
gpu_max_CC_H, = 0
gpu_max_CC_M, = 0
gpu_max_SHRD_ACC, = 4358
gpu_max_REG_RD, = 2.02016e+06
gpu_max_REG_WR, = 1.53888e+06
gpu_max_NON_REG_OPs, = 698848
gpu_max_INT_ACC, = 1.7911e+07
gpu_max_FPU_ACC, = 0
gpu_max_DPU_ACC, = 0
gpu_max_INT_MUL24_ACC, = 0
gpu_max_INT_MUL32_ACC, = 74529
gpu_max_INT_MUL_ACC, = 0
gpu_max_INT_DIV_ACC, = 0
gpu_max_FP_MUL_ACC, = 0
gpu_max_FP_DIV_ACC, = 0
gpu_max_FP_SQRT_ACC, = 0
gpu_max_FP_LG_ACC, = 0
gpu_max_FP_SIN_ACC, = 0
gpu_max_FP_EXP_ACC, = 0
gpu_max_DP_MUL_ACC, = 0
gpu_max_DP_DIV_ACC, = 0
gpu_max_TENSOR_ACC, = 0
gpu_max_TEX_ACC, = 0
gpu_max_MEM_RD, = 2970
gpu_max_MEM_WR, = 4
gpu_max_MEM_PRE, = 160
gpu_max_L2_RH, = 1501
gpu_max_L2_RM, = 2933
gpu_max_L2_WH, = 241
gpu_max_L2_WM, = 810
gpu_max_NOC_A, = 11069
gpu_max_PIPE_A, = 0.221329
gpu_max_IDLE_CORE_N, = 0
gpu_max_constant_power = 0

Kernel Minimum Power Data:
kernel_min_power = 41.3592
gpu_min_IBP, = 0
gpu_min_ICP, = 0
gpu_min_DCP, = 0
gpu_min_TCP, = 0
gpu_min_CCP, = 0
gpu_min_SHRDP, = 0
gpu_min_RFP, = 0
gpu_min_INTP, = 0
gpu_min_FPUP, = 0
gpu_min_DPUP, = 0
gpu_min_INT_MUL24P, = 0
gpu_min_INT_MUL32P, = 0
gpu_min_INT_MULP, = 0
gpu_min_INT_DIVP, = 0
gpu_min_FP_MULP, = 0
gpu_min_FP_DIVP, = 0
gpu_min_FP_SQRTP, = 0
gpu_min_FP_LGP, = 0
gpu_min_FP_SINP, = 0
gpu_min_FP_EXP, = 0
gpu_min_DP_MULP, = 0
gpu_min_DP_DIVP, = 0
gpu_min_TENSORP, = 0
gpu_min_TEXP, = 0
gpu_min_SCHEDP, = 0
gpu_min_L2CP, = 0
gpu_min_MCP, = 0.55022
gpu_min_NOCP, = 0
gpu_min_DRAMP, = 0
gpu_min_PIPEP, = 0
gpu_min_IDLE_COREP, = 8.48375
gpu_min_CONSTP = 32.3252
gpu_min_STATICP = 0
gpu_min_TOT_INST, = 0
gpu_min_FP_INT, = 0
gpu_min_IC_H, = 0
gpu_min_IC_M, = 0
gpu_min_DC_RH, = 0
gpu_min_DC_RM, = 0
gpu_min_DC_WH, = 0
gpu_min_DC_WM, = 0
gpu_min_TC_H, = 0
gpu_min_TC_M, = 0
gpu_min_CC_H, = 0
gpu_min_CC_M, = 0
gpu_min_SHRD_ACC, = 0
gpu_min_REG_RD, = 0
gpu_min_REG_WR, = 0
gpu_min_NON_REG_OPs, = 0
gpu_min_INT_ACC, = 0
gpu_min_FPU_ACC, = 0
gpu_min_DPU_ACC, = 0
gpu_min_INT_MUL24_ACC, = 0
gpu_min_INT_MUL32_ACC, = 0
gpu_min_INT_MUL_ACC, = 0
gpu_min_INT_DIV_ACC, = 0
gpu_min_FP_MUL_ACC, = 0
gpu_min_FP_DIV_ACC, = 0
gpu_min_FP_SQRT_ACC, = 0
gpu_min_FP_LG_ACC, = 0
gpu_min_FP_SIN_ACC, = 0
gpu_min_FP_EXP_ACC, = 0
gpu_min_DP_MUL_ACC, = 0
gpu_min_DP_DIV_ACC, = 0
gpu_min_TENSOR_ACC, = 0
gpu_min_TEX_ACC, = 0
gpu_min_MEM_RD, = 0
gpu_min_MEM_WR, = 0
gpu_min_MEM_PRE, = 0
gpu_min_L2_RH, = 0
gpu_min_L2_RM, = 0
gpu_min_L2_WH, = 0
gpu_min_L2_WM, = 0
gpu_min_NOC_A, = 0
gpu_min_PIPE_A, = 0
gpu_min_IDLE_CORE_N, = 30
gpu_min_constant_power = 0

Accumulative Power Statistics Over Previous Kernels:
gpu_tot_avg_power = 108.734
gpu_tot_max_power = 120.777
gpu_tot_min_power = 41.3592


kernel_name = _Z14dynproc_kerneliPiS_S_iiii 
kernel_launch_uid = 6 

Kernel Average Power Data:
kernel_avg_power = 108.675
gpu_avg_IBP, = 0.374107
gpu_avg_ICP, = 0
gpu_avg_DCP, = 2.04031
gpu_avg_TCP, = 0
gpu_avg_CCP, = 0
gpu_avg_SHRDP, = 1.13701
gpu_avg_RFP, = 15.688
gpu_avg_INTP, = 7.87805
gpu_avg_FPUP, = 0
gpu_avg_DPUP, = 0
gpu_avg_INT_MUL24P, = 0
gpu_avg_INT_MUL32P, = 2.17166
gpu_avg_INT_MULP, = 0
gpu_avg_INT_DIVP, = 0
gpu_avg_FP_MULP, = 0
gpu_avg_FP_DIVP, = 0
gpu_avg_FP_SQRTP, = 0
gpu_avg_FP_LGP, = 0
gpu_avg_FP_SINP, = 0
gpu_avg_FP_EXP, = 0
gpu_avg_DP_MULP, = 0
gpu_avg_DP_DIVP, = 0
gpu_avg_TENSORP, = 0
gpu_avg_TEXP, = 0
gpu_avg_SCHEDP, = 1.10167
gpu_avg_L2CP, = 0.147958
gpu_avg_MCP, = 1.16631
gpu_avg_NOCP, = 1.08883
gpu_avg_DRAMP, = 9.65858
gpu_avg_PIPEP, = 0.957323
gpu_avg_IDLE_COREP, = 0.0878548
gpu_avg_CONSTP = 32.3252
gpu_avg_STATICP = 32.8519
gpu_avg_TOT_INST, = 46623.7
gpu_avg_FP_INT, = 46623.7
gpu_avg_IC_H, = 0
gpu_avg_IC_M, = 0
gpu_avg_DC_RH, = 1158.71
gpu_avg_DC_RM, = 3396.48
gpu_avg_DC_WH, = 17.1306
gpu_avg_DC_WM, = 67.9851
gpu_avg_TC_H, = 0
gpu_avg_TC_M, = 0
gpu_avg_CC_H, = 0
gpu_avg_CC_M, = 0
gpu_avg_SHRD_ACC, = 7397.32
gpu_avg_REG_RD, = 1.67768e+06
gpu_avg_REG_WR, = 1.22842e+06
gpu_avg_NON_REG_OPs, = 480234
gpu_avg_INT_ACC, = 1.24958e+07
gpu_avg_FPU_ACC, = 0
gpu_avg_DPU_ACC, = 0
gpu_avg_INT_MUL24_ACC, = 0
gpu_avg_INT_MUL32_ACC, = 41137.7
gpu_avg_INT_MUL_ACC, = 0
gpu_avg_INT_DIV_ACC, = 0
gpu_avg_FP_MUL_ACC, = 0
gpu_avg_FP_DIV_ACC, = 0
gpu_avg_FP_SQRT_ACC, = 0
gpu_avg_FP_LG_ACC, = 0
gpu_avg_FP_SIN_ACC, = 0
gpu_avg_FP_EXP_ACC, = 0
gpu_avg_DP_MUL_ACC, = 0
gpu_avg_DP_DIV_ACC, = 0
gpu_avg_TENSOR_ACC, = 0
gpu_avg_TEX_ACC, = 0
gpu_avg_MEM_RD, = 3391.11
gpu_avg_MEM_WR, = 67.5456
gpu_avg_MEM_PRE, = 557.699
gpu_avg_L2_RH, = 1156.01
gpu_avg_L2_RM, = 3391.11
gpu_avg_L2_WH, = 18.7208
gpu_avg_L2_WM, = 66.3684
gpu_avg_NOC_A, = 9264.44
gpu_avg_PIPE_A, = 0.186888
gpu_avg_IDLE_CORE_N, = 0.31067
gpu_avg_constant_power = 0
gpu_avg_threads_per_warp = 30.8581
gpu_tot_TOT_INST, = 4.39196e+07
gpu_tot_FP_INT, = 4.39196e+07
gpu_tot_IC_H, = 0
gpu_tot_IC_M, = 0
gpu_tot_DC_RH, = 1.0915e+06
gpu_tot_DC_RM, = 3.19948e+06
gpu_tot_DC_WH, = 16137
gpu_tot_DC_WM, = 64042
gpu_tot_TC_H, = 0
gpu_tot_TC_M, = 0
gpu_tot_CC_H, = 0
gpu_tot_CC_M, = 0
gpu_tot_SHRD_ACC, = 6.96828e+06
gpu_tot_REG_RD, = 1.58037e+09
gpu_tot_REG_WR, = 1.15717e+09
gpu_tot_NON_REG_OPs, = 4.5238e+08
gpu_tot_INT_ACC, = 1.17711e+10
gpu_tot_FPU_ACC, = 0
gpu_tot_DPU_ACC, = 0
gpu_tot_INT_MUL24_ACC, = 0
gpu_tot_INT_MUL32_ACC, = 3.87517e+07
gpu_tot_INT_MUL_ACC, = 0
gpu_tot_INT_DIV_ACC, = 0
gpu_tot_FP_MUL_ACC, = 0
gpu_tot_FP_DIV_ACC, = 0
gpu_tot_FP_SQRT_ACC, = 0
gpu_tot_FP_LG_ACC, = 0
gpu_tot_FP_SIN_ACC, = 0
gpu_tot_FP_EXP_ACC, = 0
gpu_tot_DP_MUL_ACC, = 0
gpu_tot_DP_DIV_ACC, = 0
gpu_tot_TENSOR_ACC, = 0
gpu_tot_TEX_ACC, = 0
gpu_tot_MEM_RD, = 3.19442e+06
gpu_tot_MEM_WR, = 63628
gpu_tot_MEM_PRE, = 525352
gpu_tot_L2_RH, = 1.08896e+06
gpu_tot_L2_RM, = 3.19442e+06
gpu_tot_L2_WH, = 17635
gpu_tot_L2_WM, = 62519
gpu_tot_NOC_A, = 8.7271e+06
gpu_tot_PIPE_A, = 176.049
gpu_tot_IDLE_CORE_N, = 292.651
gpu_tot_constant_power = 0

Kernel Maximum Power Data:
kernel_max_power = 118.697
gpu_max_IBP, = 0.433262
gpu_max_ICP, = 0
gpu_max_DCP, = 1.69744
gpu_max_TCP, = 0
gpu_max_CCP, = 0
gpu_max_SHRDP, = 0.68061
gpu_max_RFP, = 21.2935
gpu_max_INTP, = 12.8549
gpu_max_FPUP, = 0
gpu_max_DPUP, = 0
gpu_max_INT_MUL24P, = 0
gpu_max_INT_MUL32P, = 3.22884
gpu_max_INT_MULP, = 0
gpu_max_INT_DIVP, = 0
gpu_max_FP_MULP, = 0
gpu_max_FP_DIVP, = 0
gpu_max_FP_SQRTP, = 0
gpu_max_FP_LGP, = 0
gpu_max_FP_SINP, = 0
gpu_max_FP_EXP, = 0
gpu_max_DP_MULP, = 0
gpu_max_DP_DIVP, = 0
gpu_max_TENSORP, = 0
gpu_max_TEXP, = 0
gpu_max_SCHEDP, = 1.27587
gpu_max_L2CP, = 0.172928
gpu_max_MCP, = 1.07052
gpu_max_NOCP, = 1.02379
gpu_max_DRAMP, = 8.03056
gpu_max_PIPEP, = 1.14606
gpu_max_IDLE_COREP, = 0
gpu_max_CONSTP = 32.3252
gpu_max_STATICP = 33.4636
gpu_max_TOT_INST, = 53996
gpu_max_FP_INT, = 53996
gpu_max_IC_H, = 0
gpu_max_IC_M, = 0
gpu_max_DC_RH, = 832
gpu_max_DC_RM, = 3096
gpu_max_DC_WH, = 0
gpu_max_DC_WM, = 0
gpu_max_TC_H, = 0
gpu_max_TC_M, = 0
gpu_max_CC_H, = 0
gpu_max_CC_M, = 0
gpu_max_SHRD_ACC, = 4428
gpu_max_REG_RD, = 2.25379e+06
gpu_max_REG_WR, = 1.70381e+06
gpu_max_NON_REG_OPs, = 649824
gpu_max_INT_ACC, = 2.03899e+07
gpu_max_FPU_ACC, = 0
gpu_max_DPU_ACC, = 0
gpu_max_INT_MUL24_ACC, = 0
gpu_max_INT_MUL32_ACC, = 61164
gpu_max_INT_MUL_ACC, = 0
gpu_max_INT_DIV_ACC, = 0
gpu_max_FP_MUL_ACC, = 0
gpu_max_FP_DIV_ACC, = 0
gpu_max_FP_SQRT_ACC, = 0
gpu_max_FP_LG_ACC, = 0
gpu_max_FP_SIN_ACC, = 0
gpu_max_FP_EXP_ACC, = 0
gpu_max_DP_MUL_ACC, = 0
gpu_max_DP_DIV_ACC, = 0
gpu_max_TENSOR_ACC, = 0
gpu_max_TEX_ACC, = 0
gpu_max_MEM_RD, = 2865
gpu_max_MEM_WR, = 80
gpu_max_MEM_PRE, = 109
gpu_max_L2_RH, = 1712
gpu_max_L2_RM, = 1991
gpu_max_L2_WH, = 0
gpu_max_L2_WM, = 0
gpu_max_NOC_A, = 8711
gpu_max_PIPE_A, = 0.223733
gpu_max_IDLE_CORE_N, = 0
gpu_max_constant_power = 0

Kernel Minimum Power Data:
kernel_min_power = 41.3592
gpu_min_IBP, = 0
gpu_min_ICP, = 0
gpu_min_DCP, = 0
gpu_min_TCP, = 0
gpu_min_CCP, = 0
gpu_min_SHRDP, = 0
gpu_min_RFP, = 0
gpu_min_INTP, = 0
gpu_min_FPUP, = 0
gpu_min_DPUP, = 0
gpu_min_INT_MUL24P, = 0
gpu_min_INT_MUL32P, = 0
gpu_min_INT_MULP, = 0
gpu_min_INT_DIVP, = 0
gpu_min_FP_MULP, = 0
gpu_min_FP_DIVP, = 0
gpu_min_FP_SQRTP, = 0
gpu_min_FP_LGP, = 0
gpu_min_FP_SINP, = 0
gpu_min_FP_EXP, = 0
gpu_min_DP_MULP, = 0
gpu_min_DP_DIVP, = 0
gpu_min_TENSORP, = 0
gpu_min_TEXP, = 0
gpu_min_SCHEDP, = 0
gpu_min_L2CP, = 0
gpu_min_MCP, = 0.55022
gpu_min_NOCP, = 0
gpu_min_DRAMP, = 0
gpu_min_PIPEP, = 0
gpu_min_IDLE_COREP, = 8.48375
gpu_min_CONSTP = 32.3252
gpu_min_STATICP = 0
gpu_min_TOT_INST, = 0
gpu_min_FP_INT, = 0
gpu_min_IC_H, = 0
gpu_min_IC_M, = 0
gpu_min_DC_RH, = 0
gpu_min_DC_RM, = 0
gpu_min_DC_WH, = 0
gpu_min_DC_WM, = 0
gpu_min_TC_H, = 0
gpu_min_TC_M, = 0
gpu_min_CC_H, = 0
gpu_min_CC_M, = 0
gpu_min_SHRD_ACC, = 0
gpu_min_REG_RD, = 0
gpu_min_REG_WR, = 0
gpu_min_NON_REG_OPs, = 0
gpu_min_INT_ACC, = 0
gpu_min_FPU_ACC, = 0
gpu_min_DPU_ACC, = 0
gpu_min_INT_MUL24_ACC, = 0
gpu_min_INT_MUL32_ACC, = 0
gpu_min_INT_MUL_ACC, = 0
gpu_min_INT_DIV_ACC, = 0
gpu_min_FP_MUL_ACC, = 0
gpu_min_FP_DIV_ACC, = 0
gpu_min_FP_SQRT_ACC, = 0
gpu_min_FP_LG_ACC, = 0
gpu_min_FP_SIN_ACC, = 0
gpu_min_FP_EXP_ACC, = 0
gpu_min_DP_MUL_ACC, = 0
gpu_min_DP_DIV_ACC, = 0
gpu_min_TENSOR_ACC, = 0
gpu_min_TEX_ACC, = 0
gpu_min_MEM_RD, = 0
gpu_min_MEM_WR, = 0
gpu_min_MEM_PRE, = 0
gpu_min_L2_RH, = 0
gpu_min_L2_RM, = 0
gpu_min_L2_WH, = 0
gpu_min_L2_WM, = 0
gpu_min_NOC_A, = 0
gpu_min_PIPE_A, = 0
gpu_min_IDLE_CORE_N, = 30
gpu_min_constant_power = 0

Accumulative Power Statistics Over Previous Kernels:
gpu_tot_avg_power = 108.724
gpu_tot_max_power = 120.777
gpu_tot_min_power = 41.3592


kernel_name = _Z14dynproc_kerneliPiS_S_iiii 
kernel_launch_uid = 7 

Kernel Average Power Data:
kernel_avg_power = 108.609
gpu_avg_IBP, = 0.37371
gpu_avg_ICP, = 0
gpu_avg_DCP, = 2.03933
gpu_avg_TCP, = 0
gpu_avg_CCP, = 0
gpu_avg_SHRDP, = 1.13581
gpu_avg_RFP, = 15.6714
gpu_avg_INTP, = 7.8697
gpu_avg_FPUP, = 0
gpu_avg_DPUP, = 0
gpu_avg_INT_MUL24P, = 0
gpu_avg_INT_MUL32P, = 2.16934
gpu_avg_INT_MULP, = 0
gpu_avg_INT_DIVP, = 0
gpu_avg_FP_MULP, = 0
gpu_avg_FP_DIVP, = 0
gpu_avg_FP_SQRTP, = 0
gpu_avg_FP_LGP, = 0
gpu_avg_FP_SINP, = 0
gpu_avg_FP_EXP, = 0
gpu_avg_DP_MULP, = 0
gpu_avg_DP_DIVP, = 0
gpu_avg_TENSORP, = 0
gpu_avg_TEXP, = 0
gpu_avg_SCHEDP, = 1.1005
gpu_avg_L2CP, = 0.148743
gpu_avg_MCP, = 1.16624
gpu_avg_NOCP, = 1.09002
gpu_avg_DRAMP, = 9.65465
gpu_avg_PIPEP, = 0.956306
gpu_avg_IDLE_COREP, = 0.0971148
gpu_avg_CONSTP = 32.3252
gpu_avg_STATICP = 32.8113
gpu_avg_TOT_INST, = 46574.3
gpu_avg_FP_INT, = 46574.3
gpu_avg_IC_H, = 0
gpu_avg_IC_M, = 0
gpu_avg_DC_RH, = 1147.46
gpu_avg_DC_RM, = 3412.26
gpu_avg_DC_WH, = 17.087
gpu_avg_DC_WM, = 67.8855
gpu_avg_TC_H, = 0
gpu_avg_TC_M, = 0
gpu_avg_CC_H, = 0
gpu_avg_CC_M, = 0
gpu_avg_SHRD_ACC, = 7389.47
gpu_avg_REG_RD, = 1.6759e+06
gpu_avg_REG_WR, = 1.22713e+06
gpu_avg_NON_REG_OPs, = 479724
gpu_avg_INT_ACC, = 1.24826e+07
gpu_avg_FPU_ACC, = 0
gpu_avg_DPU_ACC, = 0
gpu_avg_INT_MUL24_ACC, = 0
gpu_avg_INT_MUL32_ACC, = 41093.9
gpu_avg_INT_MUL_ACC, = 0
gpu_avg_INT_DIV_ACC, = 0
gpu_avg_FP_MUL_ACC, = 0
gpu_avg_FP_DIV_ACC, = 0
gpu_avg_FP_SQRT_ACC, = 0
gpu_avg_FP_LG_ACC, = 0
gpu_avg_FP_SIN_ACC, = 0
gpu_avg_FP_EXP_ACC, = 0
gpu_avg_DP_MUL_ACC, = 0
gpu_avg_DP_DIV_ACC, = 0
gpu_avg_TENSOR_ACC, = 0
gpu_avg_TEX_ACC, = 0
gpu_avg_MEM_RD, = 3387.43
gpu_avg_MEM_WR, = 64.6872
gpu_avg_MEM_PRE, = 580.834
gpu_avg_L2_RH, = 1164.89
gpu_avg_L2_RM, = 3387.43
gpu_avg_L2_WH, = 18.6946
gpu_avg_L2_WM, = 66.2778
gpu_avg_NOC_A, = 9274.58
gpu_avg_PIPE_A, = 0.18669
gpu_avg_IDLE_CORE_N, = 0.343415
gpu_avg_constant_power = 0
gpu_avg_threads_per_warp = 30.831
gpu_tot_TOT_INST, = 4.39195e+07
gpu_tot_FP_INT, = 4.39195e+07
gpu_tot_IC_H, = 0
gpu_tot_IC_M, = 0
gpu_tot_DC_RH, = 1.08206e+06
gpu_tot_DC_RM, = 3.21776e+06
gpu_tot_DC_WH, = 16113
gpu_tot_DC_WM, = 64016
gpu_tot_TC_H, = 0
gpu_tot_TC_M, = 0
gpu_tot_CC_H, = 0
gpu_tot_CC_M, = 0
gpu_tot_SHRD_ACC, = 6.96827e+06
gpu_tot_REG_RD, = 1.58037e+09
gpu_tot_REG_WR, = 1.15719e+09
gpu_tot_NON_REG_OPs, = 4.5238e+08
gpu_tot_INT_ACC, = 1.17711e+10
gpu_tot_FPU_ACC, = 0
gpu_tot_DPU_ACC, = 0
gpu_tot_INT_MUL24_ACC, = 0
gpu_tot_INT_MUL32_ACC, = 3.87515e+07
gpu_tot_INT_MUL_ACC, = 0
gpu_tot_INT_DIV_ACC, = 0
gpu_tot_FP_MUL_ACC, = 0
gpu_tot_FP_DIV_ACC, = 0
gpu_tot_FP_SQRT_ACC, = 0
gpu_tot_FP_LG_ACC, = 0
gpu_tot_FP_SIN_ACC, = 0
gpu_tot_FP_EXP_ACC, = 0
gpu_tot_DP_MUL_ACC, = 0
gpu_tot_DP_DIV_ACC, = 0
gpu_tot_TENSOR_ACC, = 0
gpu_tot_TEX_ACC, = 0
gpu_tot_MEM_RD, = 3.19435e+06
gpu_tot_MEM_WR, = 61000
gpu_tot_MEM_PRE, = 547726
gpu_tot_L2_RH, = 1.09849e+06
gpu_tot_L2_RM, = 3.19435e+06
gpu_tot_L2_WH, = 17629
gpu_tot_L2_WM, = 62500
gpu_tot_NOC_A, = 8.74593e+06
gpu_tot_PIPE_A, = 176.048
gpu_tot_IDLE_CORE_N, = 323.84
gpu_tot_constant_power = 0

Kernel Maximum Power Data:
kernel_max_power = 118.72
gpu_max_IBP, = 0.444977
gpu_max_ICP, = 0
gpu_max_DCP, = 2.35272
gpu_max_TCP, = 0
gpu_max_CCP, = 0
gpu_max_SHRDP, = 1.00585
gpu_max_RFP, = 20.6346
gpu_max_INTP, = 11.4036
gpu_max_FPUP, = 0
gpu_max_DPUP, = 0
gpu_max_INT_MUL24P, = 0
gpu_max_INT_MUL32P, = 3.46381
gpu_max_INT_MULP, = 0
gpu_max_INT_DIVP, = 0
gpu_max_FP_MULP, = 0
gpu_max_FP_DIVP, = 0
gpu_max_FP_SQRTP, = 0
gpu_max_FP_LGP, = 0
gpu_max_FP_SINP, = 0
gpu_max_FP_EXP, = 0
gpu_max_DP_MULP, = 0
gpu_max_DP_DIVP, = 0
gpu_max_TENSORP, = 0
gpu_max_TEXP, = 0
gpu_max_SCHEDP, = 1.31037
gpu_max_L2CP, = 0.264522
gpu_max_MCP, = 1.20623
gpu_max_NOCP, = 1.26237
gpu_max_DRAMP, = 8.42081
gpu_max_PIPEP, = 1.16132
gpu_max_IDLE_COREP, = 0
gpu_max_CONSTP = 32.3252
gpu_max_STATICP = 33.4636
gpu_max_TOT_INST, = 55456
gpu_max_FP_INT, = 55456
gpu_max_IC_H, = 0
gpu_max_IC_M, = 0
gpu_max_DC_RH, = 1160
gpu_max_DC_RM, = 4141
gpu_max_DC_WH, = 35
gpu_max_DC_WM, = 140
gpu_max_TC_H, = 0
gpu_max_TC_M, = 0
gpu_max_CC_H, = 0
gpu_max_CC_M, = 0
gpu_max_SHRD_ACC, = 6544
gpu_max_REG_RD, = 2.17354e+06
gpu_max_REG_WR, = 1.61728e+06
gpu_max_NON_REG_OPs, = 639840
gpu_max_INT_ACC, = 1.80879e+07
gpu_max_FPU_ACC, = 0
gpu_max_DPU_ACC, = 0
gpu_max_INT_MUL24_ACC, = 0
gpu_max_INT_MUL32_ACC, = 65615
gpu_max_INT_MUL_ACC, = 0
gpu_max_INT_DIV_ACC, = 0
gpu_max_FP_MUL_ACC, = 0
gpu_max_FP_DIV_ACC, = 0
gpu_max_FP_SQRT_ACC, = 0
gpu_max_FP_LG_ACC, = 0
gpu_max_FP_SIN_ACC, = 0
gpu_max_FP_EXP_ACC, = 0
gpu_max_DP_MUL_ACC, = 0
gpu_max_DP_DIV_ACC, = 0
gpu_max_TENSOR_ACC, = 0
gpu_max_TEX_ACC, = 0
gpu_max_MEM_RD, = 3025
gpu_max_MEM_WR, = 0
gpu_max_MEM_PRE, = 270
gpu_max_L2_RH, = 1936
gpu_max_L2_RM, = 3136
gpu_max_L2_WH, = 69
gpu_max_L2_WM, = 215
gpu_max_NOC_A, = 10741
gpu_max_PIPE_A, = 0.226712
gpu_max_IDLE_CORE_N, = 0
gpu_max_constant_power = 0

Kernel Minimum Power Data:
kernel_min_power = 41.3592
gpu_min_IBP, = 0
gpu_min_ICP, = 0
gpu_min_DCP, = 0
gpu_min_TCP, = 0
gpu_min_CCP, = 0
gpu_min_SHRDP, = 0
gpu_min_RFP, = 0
gpu_min_INTP, = 0
gpu_min_FPUP, = 0
gpu_min_DPUP, = 0
gpu_min_INT_MUL24P, = 0
gpu_min_INT_MUL32P, = 0
gpu_min_INT_MULP, = 0
gpu_min_INT_DIVP, = 0
gpu_min_FP_MULP, = 0
gpu_min_FP_DIVP, = 0
gpu_min_FP_SQRTP, = 0
gpu_min_FP_LGP, = 0
gpu_min_FP_SINP, = 0
gpu_min_FP_EXP, = 0
gpu_min_DP_MULP, = 0
gpu_min_DP_DIVP, = 0
gpu_min_TENSORP, = 0
gpu_min_TEXP, = 0
gpu_min_SCHEDP, = 0
gpu_min_L2CP, = 0
gpu_min_MCP, = 0.55022
gpu_min_NOCP, = 0
gpu_min_DRAMP, = 0
gpu_min_PIPEP, = 0
gpu_min_IDLE_COREP, = 8.48375
gpu_min_CONSTP = 32.3252
gpu_min_STATICP = 0
gpu_min_TOT_INST, = 0
gpu_min_FP_INT, = 0
gpu_min_IC_H, = 0
gpu_min_IC_M, = 0
gpu_min_DC_RH, = 0
gpu_min_DC_RM, = 0
gpu_min_DC_WH, = 0
gpu_min_DC_WM, = 0
gpu_min_TC_H, = 0
gpu_min_TC_M, = 0
gpu_min_CC_H, = 0
gpu_min_CC_M, = 0
gpu_min_SHRD_ACC, = 0
gpu_min_REG_RD, = 0
gpu_min_REG_WR, = 0
gpu_min_NON_REG_OPs, = 0
gpu_min_INT_ACC, = 0
gpu_min_FPU_ACC, = 0
gpu_min_DPU_ACC, = 0
gpu_min_INT_MUL24_ACC, = 0
gpu_min_INT_MUL32_ACC, = 0
gpu_min_INT_MUL_ACC, = 0
gpu_min_INT_DIV_ACC, = 0
gpu_min_FP_MUL_ACC, = 0
gpu_min_FP_DIV_ACC, = 0
gpu_min_FP_SQRT_ACC, = 0
gpu_min_FP_LG_ACC, = 0
gpu_min_FP_SIN_ACC, = 0
gpu_min_FP_EXP_ACC, = 0
gpu_min_DP_MUL_ACC, = 0
gpu_min_DP_DIV_ACC, = 0
gpu_min_TENSOR_ACC, = 0
gpu_min_TEX_ACC, = 0
gpu_min_MEM_RD, = 0
gpu_min_MEM_WR, = 0
gpu_min_MEM_PRE, = 0
gpu_min_L2_RH, = 0
gpu_min_L2_RM, = 0
gpu_min_L2_WH, = 0
gpu_min_L2_WM, = 0
gpu_min_NOC_A, = 0
gpu_min_PIPE_A, = 0
gpu_min_IDLE_CORE_N, = 30
gpu_min_constant_power = 0

Accumulative Power Statistics Over Previous Kernels:
gpu_tot_avg_power = 108.708
gpu_tot_max_power = 120.777
gpu_tot_min_power = 41.3592


kernel_name = _Z14dynproc_kerneliPiS_S_iiii 
kernel_launch_uid = 8 

Kernel Average Power Data:
kernel_avg_power = 108.792
gpu_avg_IBP, = 0.374903
gpu_avg_ICP, = 0
gpu_avg_DCP, = 2.04644
gpu_avg_TCP, = 0
gpu_avg_CCP, = 0
gpu_avg_SHRDP, = 1.13943
gpu_avg_RFP, = 15.721
gpu_avg_INTP, = 7.89481
gpu_avg_FPUP, = 0
gpu_avg_DPUP, = 0
gpu_avg_INT_MUL24P, = 0
gpu_avg_INT_MUL32P, = 2.17627
gpu_avg_INT_MULP, = 0
gpu_avg_INT_DIVP, = 0
gpu_avg_FP_MULP, = 0
gpu_avg_FP_DIVP, = 0
gpu_avg_FP_SQRTP, = 0
gpu_avg_FP_LGP, = 0
gpu_avg_FP_SINP, = 0
gpu_avg_FP_EXP, = 0
gpu_avg_DP_MULP, = 0
gpu_avg_DP_DIVP, = 0
gpu_avg_TENSORP, = 0
gpu_avg_TEXP, = 0
gpu_avg_SCHEDP, = 1.10401
gpu_avg_L2CP, = 0.148675
gpu_avg_MCP, = 1.16815
gpu_avg_NOCP, = 1.09205
gpu_avg_DRAMP, = 9.67749
gpu_avg_PIPEP, = 0.959358
gpu_avg_IDLE_COREP, = 0.0803917
gpu_avg_CONSTP = 32.3252
gpu_avg_STATICP = 32.8833
gpu_avg_TOT_INST, = 46722.9
gpu_avg_FP_INT, = 46722.9
gpu_avg_IC_H, = 0
gpu_avg_IC_M, = 0
gpu_avg_DC_RH, = 1157.3
gpu_avg_DC_RM, = 3414.71
gpu_avg_DC_WH, = 17.1617
gpu_avg_DC_WM, = 68.0819
gpu_avg_TC_H, = 0
gpu_avg_TC_M, = 0
gpu_avg_CC_H, = 0
gpu_avg_CC_M, = 0
gpu_avg_SHRD_ACC, = 7413.05
gpu_avg_REG_RD, = 1.68125e+06
gpu_avg_REG_WR, = 1.23093e+06
gpu_avg_NON_REG_OPs, = 481255
gpu_avg_INT_ACC, = 1.25224e+07
gpu_avg_FPU_ACC, = 0
gpu_avg_DPU_ACC, = 0
gpu_avg_INT_MUL24_ACC, = 0
gpu_avg_INT_MUL32_ACC, = 41225
gpu_avg_INT_MUL_ACC, = 0
gpu_avg_INT_DIV_ACC, = 0
gpu_avg_FP_MUL_ACC, = 0
gpu_avg_FP_DIV_ACC, = 0
gpu_avg_FP_SQRT_ACC, = 0
gpu_avg_FP_LG_ACC, = 0
gpu_avg_FP_SIN_ACC, = 0
gpu_avg_FP_EXP_ACC, = 0
gpu_avg_DP_MUL_ACC, = 0
gpu_avg_DP_DIV_ACC, = 0
gpu_avg_TENSOR_ACC, = 0
gpu_avg_TEX_ACC, = 0
gpu_avg_MEM_RD, = 3397.76
gpu_avg_MEM_WR, = 67.4255
gpu_avg_MEM_PRE, = 559.543
gpu_avg_L2_RH, = 1162.91
gpu_avg_L2_RM, = 3397.76
gpu_avg_L2_WH, = 18.7479
gpu_avg_L2_WM, = 66.4691
gpu_avg_NOC_A, = 9291.8
gpu_avg_PIPE_A, = 0.187286
gpu_avg_IDLE_CORE_N, = 0.284279
gpu_avg_constant_power = 0
gpu_avg_threads_per_warp = 30.8317
gpu_tot_TOT_INST, = 4.39195e+07
gpu_tot_FP_INT, = 4.39195e+07
gpu_tot_IC_H, = 0
gpu_tot_IC_M, = 0
gpu_tot_DC_RH, = 1.08786e+06
gpu_tot_DC_RM, = 3.20983e+06
gpu_tot_DC_WH, = 16132
gpu_tot_DC_WM, = 63997
gpu_tot_TC_H, = 0
gpu_tot_TC_M, = 0
gpu_tot_CC_H, = 0
gpu_tot_CC_M, = 0
gpu_tot_SHRD_ACC, = 6.96827e+06
gpu_tot_REG_RD, = 1.58037e+09
gpu_tot_REG_WR, = 1.15707e+09
gpu_tot_NON_REG_OPs, = 4.5238e+08
gpu_tot_INT_ACC, = 1.17711e+10
gpu_tot_FPU_ACC, = 0
gpu_tot_DPU_ACC, = 0
gpu_tot_INT_MUL24_ACC, = 0
gpu_tot_INT_MUL32_ACC, = 3.87515e+07
gpu_tot_INT_MUL_ACC, = 0
gpu_tot_INT_DIV_ACC, = 0
gpu_tot_FP_MUL_ACC, = 0
gpu_tot_FP_DIV_ACC, = 0
gpu_tot_FP_SQRT_ACC, = 0
gpu_tot_FP_LG_ACC, = 0
gpu_tot_FP_SIN_ACC, = 0
gpu_tot_FP_EXP_ACC, = 0
gpu_tot_DP_MUL_ACC, = 0
gpu_tot_DP_DIV_ACC, = 0
gpu_tot_TENSOR_ACC, = 0
gpu_tot_TEX_ACC, = 0
gpu_tot_MEM_RD, = 3.19389e+06
gpu_tot_MEM_WR, = 63380
gpu_tot_MEM_PRE, = 525970
gpu_tot_L2_RH, = 1.09314e+06
gpu_tot_L2_RM, = 3.19389e+06
gpu_tot_L2_WH, = 17623
gpu_tot_L2_WM, = 62481
gpu_tot_NOC_A, = 8.7343e+06
gpu_tot_PIPE_A, = 176.048
gpu_tot_IDLE_CORE_N, = 267.222
gpu_tot_constant_power = 0

Kernel Maximum Power Data:
kernel_max_power = 123.942
gpu_max_IBP, = 0.483404
gpu_max_ICP, = 0
gpu_max_DCP, = 2.30304
gpu_max_TCP, = 0
gpu_max_CCP, = 0
gpu_max_SHRDP, = 0.638187
gpu_max_RFP, = 23.4717
gpu_max_INTP, = 13.4401
gpu_max_FPUP, = 0
gpu_max_DPUP, = 0
gpu_max_INT_MUL24P, = 0
gpu_max_INT_MUL32P, = 4.22409
gpu_max_INT_MULP, = 0
gpu_max_INT_DIVP, = 0
gpu_max_FP_MULP, = 0
gpu_max_FP_DIVP, = 0
gpu_max_FP_SQRTP, = 0
gpu_max_FP_LGP, = 0
gpu_max_FP_SINP, = 0
gpu_max_FP_EXP, = 0
gpu_max_DP_MULP, = 0
gpu_max_DP_DIVP, = 0
gpu_max_TENSORP, = 0
gpu_max_TEXP, = 0
gpu_max_SCHEDP, = 1.42353
gpu_max_L2CP, = 0.367713
gpu_max_MCP, = 1.21789
gpu_max_NOCP, = 1.27389
gpu_max_DRAMP, = 8.04802
gpu_max_PIPEP, = 1.26114
gpu_max_IDLE_COREP, = 0
gpu_max_CONSTP = 32.3252
gpu_max_STATICP = 33.4636
gpu_max_TOT_INST, = 60245
gpu_max_FP_INT, = 60245
gpu_max_IC_H, = 0
gpu_max_IC_M, = 0
gpu_max_DC_RH, = 1126
gpu_max_DC_RM, = 3866
gpu_max_DC_WH, = 88
gpu_max_DC_WM, = 341
gpu_max_TC_H, = 0
gpu_max_TC_M, = 0
gpu_max_CC_H, = 0
gpu_max_CC_M, = 0
gpu_max_SHRD_ACC, = 4152
gpu_max_REG_RD, = 2.32403e+06
gpu_max_REG_WR, = 1.76502e+06
gpu_max_NON_REG_OPs, = 782304
gpu_max_INT_ACC, = 2.13181e+07
gpu_max_FPU_ACC, = 0
gpu_max_DPU_ACC, = 0
gpu_max_INT_MUL24_ACC, = 0
gpu_max_INT_MUL32_ACC, = 80017
gpu_max_INT_MUL_ACC, = 0
gpu_max_INT_DIV_ACC, = 0
gpu_max_FP_MUL_ACC, = 0
gpu_max_FP_DIV_ACC, = 0
gpu_max_FP_SQRT_ACC, = 0
gpu_max_FP_LG_ACC, = 0
gpu_max_FP_SIN_ACC, = 0
gpu_max_FP_EXP_ACC, = 0
gpu_max_DP_MUL_ACC, = 0
gpu_max_DP_DIV_ACC, = 0
gpu_max_TENSOR_ACC, = 0
gpu_max_TEX_ACC, = 0
gpu_max_MEM_RD, = 2815
gpu_max_MEM_WR, = 195
gpu_max_MEM_PRE, = 64
gpu_max_L2_RH, = 1783
gpu_max_L2_RM, = 2916
gpu_max_L2_WH, = 190
gpu_max_L2_WM, = 634
gpu_max_NOC_A, = 10839
gpu_max_PIPE_A, = 0.2462
gpu_max_IDLE_CORE_N, = 0
gpu_max_constant_power = 0

Kernel Minimum Power Data:
kernel_min_power = 41.3592
gpu_min_IBP, = 0
gpu_min_ICP, = 0
gpu_min_DCP, = 0
gpu_min_TCP, = 0
gpu_min_CCP, = 0
gpu_min_SHRDP, = 0
gpu_min_RFP, = 0
gpu_min_INTP, = 0
gpu_min_FPUP, = 0
gpu_min_DPUP, = 0
gpu_min_INT_MUL24P, = 0
gpu_min_INT_MUL32P, = 0
gpu_min_INT_MULP, = 0
gpu_min_INT_DIVP, = 0
gpu_min_FP_MULP, = 0
gpu_min_FP_DIVP, = 0
gpu_min_FP_SQRTP, = 0
gpu_min_FP_LGP, = 0
gpu_min_FP_SINP, = 0
gpu_min_FP_EXP, = 0
gpu_min_DP_MULP, = 0
gpu_min_DP_DIVP, = 0
gpu_min_TENSORP, = 0
gpu_min_TEXP, = 0
gpu_min_SCHEDP, = 0
gpu_min_L2CP, = 0
gpu_min_MCP, = 0.55022
gpu_min_NOCP, = 0
gpu_min_DRAMP, = 0
gpu_min_PIPEP, = 0
gpu_min_IDLE_COREP, = 8.48375
gpu_min_CONSTP = 32.3252
gpu_min_STATICP = 0
gpu_min_TOT_INST, = 0
gpu_min_FP_INT, = 0
gpu_min_IC_H, = 0
gpu_min_IC_M, = 0
gpu_min_DC_RH, = 0
gpu_min_DC_RM, = 0
gpu_min_DC_WH, = 0
gpu_min_DC_WM, = 0
gpu_min_TC_H, = 0
gpu_min_TC_M, = 0
gpu_min_CC_H, = 0
gpu_min_CC_M, = 0
gpu_min_SHRD_ACC, = 0
gpu_min_REG_RD, = 0
gpu_min_REG_WR, = 0
gpu_min_NON_REG_OPs, = 0
gpu_min_INT_ACC, = 0
gpu_min_FPU_ACC, = 0
gpu_min_DPU_ACC, = 0
gpu_min_INT_MUL24_ACC, = 0
gpu_min_INT_MUL32_ACC, = 0
gpu_min_INT_MUL_ACC, = 0
gpu_min_INT_DIV_ACC, = 0
gpu_min_FP_MUL_ACC, = 0
gpu_min_FP_DIV_ACC, = 0
gpu_min_FP_SQRT_ACC, = 0
gpu_min_FP_LG_ACC, = 0
gpu_min_FP_SIN_ACC, = 0
gpu_min_FP_EXP_ACC, = 0
gpu_min_DP_MUL_ACC, = 0
gpu_min_DP_DIV_ACC, = 0
gpu_min_TENSOR_ACC, = 0
gpu_min_TEX_ACC, = 0
gpu_min_MEM_RD, = 0
gpu_min_MEM_WR, = 0
gpu_min_MEM_PRE, = 0
gpu_min_L2_RH, = 0
gpu_min_L2_RM, = 0
gpu_min_L2_WH, = 0
gpu_min_L2_WM, = 0
gpu_min_NOC_A, = 0
gpu_min_PIPE_A, = 0
gpu_min_IDLE_CORE_N, = 30
gpu_min_constant_power = 0

Accumulative Power Statistics Over Previous Kernels:
gpu_tot_avg_power = 108.718
gpu_tot_max_power = 123.942
gpu_tot_min_power = 41.3592


kernel_name = _Z14dynproc_kerneliPiS_S_iiii 
kernel_launch_uid = 9 

Kernel Average Power Data:
kernel_avg_power = 108.493
gpu_avg_IBP, = 0.372525
gpu_avg_ICP, = 0
gpu_avg_DCP, = 2.03331
gpu_avg_TCP, = 0
gpu_avg_CCP, = 0
gpu_avg_SHRDP, = 1.1322
gpu_avg_RFP, = 15.6215
gpu_avg_INTP, = 7.84474
gpu_avg_FPUP, = 0
gpu_avg_DPUP, = 0
gpu_avg_INT_MUL24P, = 0
gpu_avg_INT_MUL32P, = 2.16246
gpu_avg_INT_MULP, = 0
gpu_avg_INT_DIVP, = 0
gpu_avg_FP_MULP, = 0
gpu_avg_FP_DIVP, = 0
gpu_avg_FP_SQRTP, = 0
gpu_avg_FP_LGP, = 0
gpu_avg_FP_SINP, = 0
gpu_avg_FP_EXP, = 0
gpu_avg_DP_MULP, = 0
gpu_avg_DP_DIVP, = 0
gpu_avg_TENSORP, = 0
gpu_avg_TEXP, = 0
gpu_avg_SCHEDP, = 1.09701
gpu_avg_L2CP, = 0.14818
gpu_avg_MCP, = 1.16434
gpu_avg_NOCP, = 1.08632
gpu_avg_DRAMP, = 9.63125
gpu_avg_PIPEP, = 0.953273
gpu_avg_IDLE_COREP, = 0.0912972
gpu_avg_CONSTP = 32.3252
gpu_avg_STATICP = 32.8297
gpu_avg_TOT_INST, = 46426.6
gpu_avg_FP_INT, = 46426.6
gpu_avg_IC_H, = 0
gpu_avg_IC_M, = 0
gpu_avg_DC_RH, = 1144.89
gpu_avg_DC_RM, = 3400.87
gpu_avg_DC_WH, = 17.0412
gpu_avg_DC_WM, = 67.6617
gpu_avg_TC_H, = 0
gpu_avg_TC_M, = 0
gpu_avg_CC_H, = 0
gpu_avg_CC_M, = 0
gpu_avg_SHRD_ACC, = 7366.04
gpu_avg_REG_RD, = 1.67058e+06
gpu_avg_REG_WR, = 1.22319e+06
gpu_avg_NON_REG_OPs, = 478203
gpu_avg_INT_ACC, = 1.2443e+07
gpu_avg_FPU_ACC, = 0
gpu_avg_DPU_ACC, = 0
gpu_avg_INT_MUL24_ACC, = 0
gpu_avg_INT_MUL32_ACC, = 40963.6
gpu_avg_INT_MUL_ACC, = 0
gpu_avg_INT_DIV_ACC, = 0
gpu_avg_FP_MUL_ACC, = 0
gpu_avg_FP_DIV_ACC, = 0
gpu_avg_FP_SQRT_ACC, = 0
gpu_avg_FP_LG_ACC, = 0
gpu_avg_FP_SIN_ACC, = 0
gpu_avg_FP_EXP_ACC, = 0
gpu_avg_DP_MUL_ACC, = 0
gpu_avg_DP_DIV_ACC, = 0
gpu_avg_TENSOR_ACC, = 0
gpu_avg_TEX_ACC, = 0
gpu_avg_MEM_RD, = 3376.64
gpu_avg_MEM_WR, = 64.8203
gpu_avg_MEM_PRE, = 594.043
gpu_avg_L2_RH, = 1160.17
gpu_avg_L2_RM, = 3376.64
gpu_avg_L2_WH, = 18.6395
gpu_avg_L2_WM, = 66.0814
gpu_avg_NOC_A, = 9243.05
gpu_avg_PIPE_A, = 0.186098
gpu_avg_IDLE_CORE_N, = 0.322842
gpu_avg_constant_power = 0
gpu_avg_threads_per_warp = 30.831
gpu_tot_TOT_INST, = 4.39195e+07
gpu_tot_FP_INT, = 4.39195e+07
gpu_tot_IC_H, = 0
gpu_tot_IC_M, = 0
gpu_tot_DC_RH, = 1.08307e+06
gpu_tot_DC_RM, = 3.21722e+06
gpu_tot_DC_WH, = 16121
gpu_tot_DC_WM, = 64008
gpu_tot_TC_H, = 0
gpu_tot_TC_M, = 0
gpu_tot_CC_H, = 0
gpu_tot_CC_M, = 0
gpu_tot_SHRD_ACC, = 6.96827e+06
gpu_tot_REG_RD, = 1.58037e+09
gpu_tot_REG_WR, = 1.15714e+09
gpu_tot_NON_REG_OPs, = 4.5238e+08
gpu_tot_INT_ACC, = 1.17711e+10
gpu_tot_FPU_ACC, = 0
gpu_tot_DPU_ACC, = 0
gpu_tot_INT_MUL24_ACC, = 0
gpu_tot_INT_MUL32_ACC, = 3.87515e+07
gpu_tot_INT_MUL_ACC, = 0
gpu_tot_INT_DIV_ACC, = 0
gpu_tot_FP_MUL_ACC, = 0
gpu_tot_FP_DIV_ACC, = 0
gpu_tot_FP_SQRT_ACC, = 0
gpu_tot_FP_LG_ACC, = 0
gpu_tot_FP_SIN_ACC, = 0
gpu_tot_FP_EXP_ACC, = 0
gpu_tot_DP_MUL_ACC, = 0
gpu_tot_DP_DIV_ACC, = 0
gpu_tot_TENSOR_ACC, = 0
gpu_tot_TEX_ACC, = 0
gpu_tot_MEM_RD, = 3.1943e+06
gpu_tot_MEM_WR, = 61320
gpu_tot_MEM_PRE, = 561965
gpu_tot_L2_RH, = 1.09752e+06
gpu_tot_L2_RM, = 3.1943e+06
gpu_tot_L2_WH, = 17633
gpu_tot_L2_WM, = 62513
gpu_tot_NOC_A, = 8.74392e+06
gpu_tot_PIPE_A, = 176.048
gpu_tot_IDLE_CORE_N, = 305.409
gpu_tot_constant_power = 0

Kernel Maximum Power Data:
kernel_max_power = 118.229
gpu_max_IBP, = 0.429691
gpu_max_ICP, = 0
gpu_max_DCP, = 2.17267
gpu_max_TCP, = 0
gpu_max_CCP, = 0
gpu_max_SHRDP, = 0.471723
gpu_max_RFP, = 20.8133
gpu_max_INTP, = 11.2871
gpu_max_FPUP, = 0
gpu_max_DPUP, = 0
gpu_max_INT_MUL24P, = 0
gpu_max_INT_MUL32P, = 4.23396
gpu_max_INT_MULP, = 0
gpu_max_INT_DIVP, = 0
gpu_max_FP_MULP, = 0
gpu_max_FP_DIVP, = 0
gpu_max_FP_SQRTP, = 0
gpu_max_FP_LGP, = 0
gpu_max_FP_SINP, = 0
gpu_max_FP_EXP, = 0
gpu_max_DP_MULP, = 0
gpu_max_DP_DIVP, = 0
gpu_max_TENSORP, = 0
gpu_max_TEXP, = 0
gpu_max_SCHEDP, = 1.26535
gpu_max_L2CP, = 0.498699
gpu_max_MCP, = 1.22351
gpu_max_NOCP, = 1.2981
gpu_max_DRAMP, = 7.63348
gpu_max_PIPEP, = 1.11283
gpu_max_IDLE_COREP, = 0
gpu_max_CONSTP = 32.3252
gpu_max_STATICP = 33.4636
gpu_max_TOT_INST, = 53551
gpu_max_FP_INT, = 53551
gpu_max_IC_H, = 0
gpu_max_IC_M, = 0
gpu_max_DC_RH, = 975
gpu_max_DC_RM, = 3276
gpu_max_DC_WH, = 209
gpu_max_DC_WM, = 838
gpu_max_TC_H, = 0
gpu_max_TC_M, = 0
gpu_max_CC_H, = 0
gpu_max_CC_M, = 0
gpu_max_SHRD_ACC, = 3069
gpu_max_REG_RD, = 1.92547e+06
gpu_max_REG_WR, = 1.49715e+06
gpu_max_NON_REG_OPs, = 743392
gpu_max_INT_ACC, = 1.79031e+07
gpu_max_FPU_ACC, = 0
gpu_max_DPU_ACC, = 0
gpu_max_INT_MUL24_ACC, = 0
gpu_max_INT_MUL32_ACC, = 80204
gpu_max_INT_MUL_ACC, = 0
gpu_max_INT_DIV_ACC, = 0
gpu_max_FP_MUL_ACC, = 0
gpu_max_FP_DIV_ACC, = 0
gpu_max_FP_SQRT_ACC, = 0
gpu_max_FP_LG_ACC, = 0
gpu_max_FP_SIN_ACC, = 0
gpu_max_FP_EXP_ACC, = 0
gpu_max_DP_MUL_ACC, = 0
gpu_max_DP_DIV_ACC, = 0
gpu_max_TENSOR_ACC, = 0
gpu_max_TEX_ACC, = 0
gpu_max_MEM_RD, = 2761
gpu_max_MEM_WR, = 0
gpu_max_MEM_PRE, = 131
gpu_max_L2_RH, = 1429
gpu_max_L2_RM, = 2712
gpu_max_L2_WH, = 357
gpu_max_L2_WM, = 1220
gpu_max_NOC_A, = 11045
gpu_max_PIPE_A, = 0.217246
gpu_max_IDLE_CORE_N, = 0
gpu_max_constant_power = 0

Kernel Minimum Power Data:
kernel_min_power = 41.3592
gpu_min_IBP, = 0
gpu_min_ICP, = 0
gpu_min_DCP, = 0
gpu_min_TCP, = 0
gpu_min_CCP, = 0
gpu_min_SHRDP, = 0
gpu_min_RFP, = 0
gpu_min_INTP, = 0
gpu_min_FPUP, = 0
gpu_min_DPUP, = 0
gpu_min_INT_MUL24P, = 0
gpu_min_INT_MUL32P, = 0
gpu_min_INT_MULP, = 0
gpu_min_INT_DIVP, = 0
gpu_min_FP_MULP, = 0
gpu_min_FP_DIVP, = 0
gpu_min_FP_SQRTP, = 0
gpu_min_FP_LGP, = 0
gpu_min_FP_SINP, = 0
gpu_min_FP_EXP, = 0
gpu_min_DP_MULP, = 0
gpu_min_DP_DIVP, = 0
gpu_min_TENSORP, = 0
gpu_min_TEXP, = 0
gpu_min_SCHEDP, = 0
gpu_min_L2CP, = 0
gpu_min_MCP, = 0.55022
gpu_min_NOCP, = 0
gpu_min_DRAMP, = 0
gpu_min_PIPEP, = 0
gpu_min_IDLE_COREP, = 8.48375
gpu_min_CONSTP = 32.3252
gpu_min_STATICP = 0
gpu_min_TOT_INST, = 0
gpu_min_FP_INT, = 0
gpu_min_IC_H, = 0
gpu_min_IC_M, = 0
gpu_min_DC_RH, = 0
gpu_min_DC_RM, = 0
gpu_min_DC_WH, = 0
gpu_min_DC_WM, = 0
gpu_min_TC_H, = 0
gpu_min_TC_M, = 0
gpu_min_CC_H, = 0
gpu_min_CC_M, = 0
gpu_min_SHRD_ACC, = 0
gpu_min_REG_RD, = 0
gpu_min_REG_WR, = 0
gpu_min_NON_REG_OPs, = 0
gpu_min_INT_ACC, = 0
gpu_min_FPU_ACC, = 0
gpu_min_DPU_ACC, = 0
gpu_min_INT_MUL24_ACC, = 0
gpu_min_INT_MUL32_ACC, = 0
gpu_min_INT_MUL_ACC, = 0
gpu_min_INT_DIV_ACC, = 0
gpu_min_FP_MUL_ACC, = 0
gpu_min_FP_DIV_ACC, = 0
gpu_min_FP_SQRT_ACC, = 0
gpu_min_FP_LG_ACC, = 0
gpu_min_FP_SIN_ACC, = 0
gpu_min_FP_EXP_ACC, = 0
gpu_min_DP_MUL_ACC, = 0
gpu_min_DP_DIV_ACC, = 0
gpu_min_TENSOR_ACC, = 0
gpu_min_TEX_ACC, = 0
gpu_min_MEM_RD, = 0
gpu_min_MEM_WR, = 0
gpu_min_MEM_PRE, = 0
gpu_min_L2_RH, = 0
gpu_min_L2_RM, = 0
gpu_min_L2_WH, = 0
gpu_min_L2_WM, = 0
gpu_min_NOC_A, = 0
gpu_min_PIPE_A, = 0
gpu_min_IDLE_CORE_N, = 30
gpu_min_constant_power = 0

Accumulative Power Statistics Over Previous Kernels:
gpu_tot_avg_power = 108.693
gpu_tot_max_power = 123.942
gpu_tot_min_power = 41.3592


kernel_name = _Z14dynproc_kerneliPiS_S_iiii 
kernel_launch_uid = 10 

Kernel Average Power Data:
kernel_avg_power = 108.508
gpu_avg_IBP, = 0.374312
gpu_avg_ICP, = 0
gpu_avg_DCP, = 1.96689
gpu_avg_TCP, = 0
gpu_avg_CCP, = 0
gpu_avg_SHRDP, = 1.12914
gpu_avg_RFP, = 15.6446
gpu_avg_INTP, = 7.88843
gpu_avg_FPUP, = 0
gpu_avg_DPUP, = 0
gpu_avg_INT_MUL24P, = 0
gpu_avg_INT_MUL32P, = 2.16109
gpu_avg_INT_MULP, = 0
gpu_avg_INT_DIVP, = 0
gpu_avg_FP_MULP, = 0
gpu_avg_FP_DIVP, = 0
gpu_avg_FP_SQRTP, = 0
gpu_avg_FP_LGP, = 0
gpu_avg_FP_SINP, = 0
gpu_avg_FP_EXP, = 0
gpu_avg_DP_MULP, = 0
gpu_avg_DP_DIVP, = 0
gpu_avg_TENSORP, = 0
gpu_avg_TEXP, = 0
gpu_avg_SCHEDP, = 1.10227
gpu_avg_L2CP, = 0.145468
gpu_avg_MCP, = 1.16875
gpu_avg_NOCP, = 1.08601
gpu_avg_DRAMP, = 9.69331
gpu_avg_PIPEP, = 0.970702
gpu_avg_IDLE_COREP, = 0.119547
gpu_avg_CONSTP = 32.3252
gpu_avg_STATICP = 32.7322
gpu_avg_TOT_INST, = 46649.3
gpu_avg_FP_INT, = 46649.3
gpu_avg_IC_H, = 0
gpu_avg_IC_M, = 0
gpu_avg_DC_RH, = 868.47
gpu_avg_DC_RM, = 3672.45
gpu_avg_DC_WH, = 13.0434
gpu_avg_DC_WM, = 71.0608
gpu_avg_TC_H, = 0
gpu_avg_TC_M, = 0
gpu_avg_CC_H, = 0
gpu_avg_CC_M, = 0
gpu_avg_SHRD_ACC, = 7346.09
gpu_avg_REG_RD, = 1.67571e+06
gpu_avg_REG_WR, = 1.21847e+06
gpu_avg_NON_REG_OPs, = 479660
gpu_avg_INT_ACC, = 1.25123e+07
gpu_avg_FPU_ACC, = 0
gpu_avg_DPU_ACC, = 0
gpu_avg_INT_MUL24_ACC, = 0
gpu_avg_INT_MUL32_ACC, = 40937.5
gpu_avg_INT_MUL_ACC, = 0
gpu_avg_INT_DIV_ACC, = 0
gpu_avg_FP_MUL_ACC, = 0
gpu_avg_FP_DIV_ACC, = 0
gpu_avg_FP_SQRT_ACC, = 0
gpu_avg_FP_LG_ACC, = 0
gpu_avg_FP_SIN_ACC, = 0
gpu_avg_FP_EXP_ACC, = 0
gpu_avg_DP_MUL_ACC, = 0
gpu_avg_DP_DIV_ACC, = 0
gpu_avg_TENSOR_ACC, = 0
gpu_avg_TEX_ACC, = 0
gpu_avg_MEM_RD, = 3400.36
gpu_avg_MEM_WR, = 68.0955
gpu_avg_MEM_PRE, = 576.405
gpu_avg_L2_RH, = 1135.73
gpu_avg_L2_RM, = 3400.36
gpu_avg_L2_WH, = 16.2823
gpu_avg_L2_WM, = 67.8078
gpu_avg_NOC_A, = 9240.4
gpu_avg_PIPE_A, = 0.1895
gpu_avg_IDLE_CORE_N, = 0.422741
gpu_avg_constant_power = 0
gpu_avg_threads_per_warp = 30.8447
gpu_tot_TOT_INST, = 4.2964e+07
gpu_tot_FP_INT, = 4.2964e+07
gpu_tot_IC_H, = 0
gpu_tot_IC_M, = 0
gpu_tot_DC_RH, = 799861
gpu_tot_DC_RM, = 3.38232e+06
gpu_tot_DC_WH, = 12013
gpu_tot_DC_WM, = 65447
gpu_tot_TC_H, = 0
gpu_tot_TC_M, = 0
gpu_tot_CC_H, = 0
gpu_tot_CC_M, = 0
gpu_tot_SHRD_ACC, = 6.76575e+06
gpu_tot_REG_RD, = 1.54333e+09
gpu_tot_REG_WR, = 1.12221e+09
gpu_tot_NON_REG_OPs, = 4.41766e+08
gpu_tot_INT_ACC, = 1.15238e+10
gpu_tot_FPU_ACC, = 0
gpu_tot_DPU_ACC, = 0
gpu_tot_INT_MUL24_ACC, = 0
gpu_tot_INT_MUL32_ACC, = 3.77034e+07
gpu_tot_INT_MUL_ACC, = 0
gpu_tot_INT_DIV_ACC, = 0
gpu_tot_FP_MUL_ACC, = 0
gpu_tot_FP_DIV_ACC, = 0
gpu_tot_FP_SQRT_ACC, = 0
gpu_tot_FP_LG_ACC, = 0
gpu_tot_FP_SIN_ACC, = 0
gpu_tot_FP_EXP_ACC, = 0
gpu_tot_DP_MUL_ACC, = 0
gpu_tot_DP_DIV_ACC, = 0
gpu_tot_TENSOR_ACC, = 0
gpu_tot_TEX_ACC, = 0
gpu_tot_MEM_RD, = 3.13173e+06
gpu_tot_MEM_WR, = 62716
gpu_tot_MEM_PRE, = 530869
gpu_tot_L2_RH, = 1.046e+06
gpu_tot_L2_RM, = 3.13173e+06
gpu_tot_L2_WH, = 14996
gpu_tot_L2_WM, = 62451
gpu_tot_NOC_A, = 8.51041e+06
gpu_tot_PIPE_A, = 174.53
gpu_tot_IDLE_CORE_N, = 389.344
gpu_tot_constant_power = 0

Kernel Maximum Power Data:
kernel_max_power = 119.112
gpu_max_IBP, = 0.439793
gpu_max_ICP, = 0
gpu_max_DCP, = 2.34636
gpu_max_TCP, = 0
gpu_max_CCP, = 0
gpu_max_SHRDP, = 0.942063
gpu_max_RFP, = 20.49
gpu_max_INTP, = 11.2617
gpu_max_FPUP, = 0
gpu_max_DPUP, = 0
gpu_max_INT_MUL24P, = 0
gpu_max_INT_MUL32P, = 3.54695
gpu_max_INT_MULP, = 0
gpu_max_INT_DIVP, = 0
gpu_max_FP_MULP, = 0
gpu_max_FP_DIVP, = 0
gpu_max_FP_SQRTP, = 0
gpu_max_FP_LGP, = 0
gpu_max_FP_SINP, = 0
gpu_max_FP_EXP, = 0
gpu_max_DP_MULP, = 0
gpu_max_DP_DIVP, = 0
gpu_max_TENSORP, = 0
gpu_max_TEXP, = 0
gpu_max_SCHEDP, = 1.2951
gpu_max_L2CP, = 0.284405
gpu_max_MCP, = 1.25369
gpu_max_NOCP, = 1.29493
gpu_max_DRAMP, = 9.02239
gpu_max_PIPEP, = 1.14595
gpu_max_IDLE_COREP, = 0
gpu_max_CONSTP = 32.3252
gpu_max_STATICP = 33.4636
gpu_max_TOT_INST, = 54810
gpu_max_FP_INT, = 54810
gpu_max_IC_H, = 0
gpu_max_IC_M, = 0
gpu_max_DC_RH, = 872
gpu_max_DC_RM, = 4506
gpu_max_DC_WH, = 40
gpu_max_DC_WM, = 228
gpu_max_TC_H, = 0
gpu_max_TC_M, = 0
gpu_max_CC_H, = 0
gpu_max_CC_M, = 0
gpu_max_SHRD_ACC, = 6129
gpu_max_REG_RD, = 2.12211e+06
gpu_max_REG_WR, = 1.584e+06
gpu_max_NON_REG_OPs, = 649472
gpu_max_INT_ACC, = 1.78627e+07
gpu_max_FPU_ACC, = 0
gpu_max_DPU_ACC, = 0
gpu_max_INT_MUL24_ACC, = 0
gpu_max_INT_MUL32_ACC, = 67190
gpu_max_INT_MUL_ACC, = 0
gpu_max_INT_DIV_ACC, = 0
gpu_max_FP_MUL_ACC, = 0
gpu_max_FP_DIV_ACC, = 0
gpu_max_FP_SQRT_ACC, = 0
gpu_max_FP_LG_ACC, = 0
gpu_max_FP_SIN_ACC, = 0
gpu_max_FP_EXP_ACC, = 0
gpu_max_DP_MUL_ACC, = 0
gpu_max_DP_DIV_ACC, = 0
gpu_max_TENSOR_ACC, = 0
gpu_max_TEX_ACC, = 0
gpu_max_MEM_RD, = 3152
gpu_max_MEM_WR, = 172
gpu_max_MEM_PRE, = 251
gpu_max_L2_RH, = 1908
gpu_max_L2_RM, = 3220
gpu_max_L2_WH, = 82
gpu_max_L2_WM, = 312
gpu_max_NOC_A, = 11018
gpu_max_PIPE_A, = 0.223712
gpu_max_IDLE_CORE_N, = 0
gpu_max_constant_power = 0

Kernel Minimum Power Data:
kernel_min_power = 41.3592
gpu_min_IBP, = 0
gpu_min_ICP, = 0
gpu_min_DCP, = 0
gpu_min_TCP, = 0
gpu_min_CCP, = 0
gpu_min_SHRDP, = 0
gpu_min_RFP, = 0
gpu_min_INTP, = 0
gpu_min_FPUP, = 0
gpu_min_DPUP, = 0
gpu_min_INT_MUL24P, = 0
gpu_min_INT_MUL32P, = 0
gpu_min_INT_MULP, = 0
gpu_min_INT_DIVP, = 0
gpu_min_FP_MULP, = 0
gpu_min_FP_DIVP, = 0
gpu_min_FP_SQRTP, = 0
gpu_min_FP_LGP, = 0
gpu_min_FP_SINP, = 0
gpu_min_FP_EXP, = 0
gpu_min_DP_MULP, = 0
gpu_min_DP_DIVP, = 0
gpu_min_TENSORP, = 0
gpu_min_TEXP, = 0
gpu_min_SCHEDP, = 0
gpu_min_L2CP, = 0
gpu_min_MCP, = 0.55022
gpu_min_NOCP, = 0
gpu_min_DRAMP, = 0
gpu_min_PIPEP, = 0
gpu_min_IDLE_COREP, = 8.48375
gpu_min_CONSTP = 32.3252
gpu_min_STATICP = 0
gpu_min_TOT_INST, = 0
gpu_min_FP_INT, = 0
gpu_min_IC_H, = 0
gpu_min_IC_M, = 0
gpu_min_DC_RH, = 0
gpu_min_DC_RM, = 0
gpu_min_DC_WH, = 0
gpu_min_DC_WM, = 0
gpu_min_TC_H, = 0
gpu_min_TC_M, = 0
gpu_min_CC_H, = 0
gpu_min_CC_M, = 0
gpu_min_SHRD_ACC, = 0
gpu_min_REG_RD, = 0
gpu_min_REG_WR, = 0
gpu_min_NON_REG_OPs, = 0
gpu_min_INT_ACC, = 0
gpu_min_FPU_ACC, = 0
gpu_min_DPU_ACC, = 0
gpu_min_INT_MUL24_ACC, = 0
gpu_min_INT_MUL32_ACC, = 0
gpu_min_INT_MUL_ACC, = 0
gpu_min_INT_DIV_ACC, = 0
gpu_min_FP_MUL_ACC, = 0
gpu_min_FP_DIV_ACC, = 0
gpu_min_FP_SQRT_ACC, = 0
gpu_min_FP_LG_ACC, = 0
gpu_min_FP_SIN_ACC, = 0
gpu_min_FP_EXP_ACC, = 0
gpu_min_DP_MUL_ACC, = 0
gpu_min_DP_DIV_ACC, = 0
gpu_min_TENSOR_ACC, = 0
gpu_min_TEX_ACC, = 0
gpu_min_MEM_RD, = 0
gpu_min_MEM_WR, = 0
gpu_min_MEM_PRE, = 0
gpu_min_L2_RH, = 0
gpu_min_L2_RM, = 0
gpu_min_L2_WH, = 0
gpu_min_L2_WM, = 0
gpu_min_NOC_A, = 0
gpu_min_PIPE_A, = 0
gpu_min_IDLE_CORE_N, = 30
gpu_min_constant_power = 0

Accumulative Power Statistics Over Previous Kernels:
gpu_tot_avg_power = 108.675
gpu_tot_max_power = 123.942
gpu_tot_min_power = 41.3592


