kernel_name = _Z9spmv_warpiPKmPKiPKfS4_Pf 
kernel_launch_uid = 1 

Kernel Average Power Data:
kernel_avg_power = 77.6469
gpu_avg_IBP, = 0.169674
gpu_avg_ICP, = 0
gpu_avg_DCP, = 1.19806
gpu_avg_TCP, = 0
gpu_avg_CCP, = 0
gpu_avg_SHRDP, = 0.735482
gpu_avg_RFP, = 7.11407
gpu_avg_INTP, = 1.11019
gpu_avg_FPUP, = 0.954106
gpu_avg_DPUP, = 0
gpu_avg_INT_MUL24P, = 0
gpu_avg_INT_MUL32P, = 1.41415
gpu_avg_INT_MULP, = 0
gpu_avg_INT_DIVP, = 0
gpu_avg_FP_MULP, = 0.0193413
gpu_avg_FP_DIVP, = 0
gpu_avg_FP_SQRTP, = 0
gpu_avg_FP_LGP, = 0
gpu_avg_FP_SINP, = 0
gpu_avg_FP_EXP, = 0
gpu_avg_DP_MULP, = 0
gpu_avg_DP_DIVP, = 0
gpu_avg_TENSORP, = 0
gpu_avg_TEXP, = 0
gpu_avg_SCHEDP, = 0.438899
gpu_avg_L2CP, = 0.198824
gpu_avg_MCP, = 0.868924
gpu_avg_NOCP, = 0.64932
gpu_avg_DRAMP, = 5.26094
gpu_avg_PIPEP, = 0.425587
gpu_avg_IDLE_COREP, = 1.09101
gpu_avg_CONSTP = 32.3252
gpu_avg_STATICP = 23.6731
gpu_avg_TOT_INST, = 21145.9
gpu_avg_FP_INT, = 18574.6
gpu_avg_IC_H, = 0
gpu_avg_IC_M, = 0
gpu_avg_DC_RH, = 968.269
gpu_avg_DC_RM, = 1530.02
gpu_avg_DC_WH, = 318.975
gpu_avg_DC_WM, = 0.00208841
gpu_avg_TC_H, = 0
gpu_avg_TC_M, = 0
gpu_avg_CC_H, = 0
gpu_avg_CC_M, = 0
gpu_avg_SHRD_ACC, = 4785
gpu_avg_REG_RD, = 776024
gpu_avg_REG_WR, = 484327
gpu_avg_NON_REG_OPs, = 229825
gpu_avg_INT_ACC, = 1.76094e+06
gpu_avg_FPU_ACC, = 37074.1
gpu_avg_DPU_ACC, = 0
gpu_avg_INT_MUL24_ACC, = 0
gpu_avg_INT_MUL32_ACC, = 26788.2
gpu_avg_INT_MUL_ACC, = 0
gpu_avg_INT_DIV_ACC, = 0
gpu_avg_FP_MUL_ACC, = 366.382
gpu_avg_FP_DIV_ACC, = 0
gpu_avg_FP_SQRT_ACC, = 0
gpu_avg_FP_LG_ACC, = 0
gpu_avg_FP_SIN_ACC, = 0
gpu_avg_FP_EXP_ACC, = 0
gpu_avg_DP_MUL_ACC, = 0
gpu_avg_DP_DIV_ACC, = 0
gpu_avg_TENSOR_ACC, = 0
gpu_avg_TEX_ACC, = 0
gpu_avg_MEM_RD, = 1686.62
gpu_avg_MEM_WR, = 39.6961
gpu_avg_MEM_PRE, = 1263.44
gpu_avg_L2_RH, = 756.803
gpu_avg_L2_RM, = 1686.62
gpu_avg_L2_WH, = 318.977
gpu_avg_L2_WM, = 0
gpu_avg_NOC_A, = 5524.8
gpu_avg_PIPE_A, = 0.083083
gpu_avg_IDLE_CORE_N, = 3.85799
gpu_avg_constant_power = 0
gpu_avg_threads_per_warp = 14.6866
gpu_tot_TOT_INST, = 6.07522e+07
gpu_tot_FP_INT, = 5.33649e+07
gpu_tot_IC_H, = 0
gpu_tot_IC_M, = 0
gpu_tot_DC_RH, = 2.78184e+06
gpu_tot_DC_RM, = 4.39574e+06
gpu_tot_DC_WH, = 916414
gpu_tot_DC_WM, = 6
gpu_tot_TC_H, = 0
gpu_tot_TC_M, = 0
gpu_tot_CC_H, = 0
gpu_tot_CC_M, = 0
gpu_tot_SHRD_ACC, = 1.37473e+07
gpu_tot_REG_RD, = 2.22952e+09
gpu_tot_REG_WR, = 1.39147e+09
gpu_tot_NON_REG_OPs, = 6.60287e+08
gpu_tot_INT_ACC, = 5.05918e+09
gpu_tot_FPU_ACC, = 1.06514e+08
gpu_tot_DPU_ACC, = 0
gpu_tot_INT_MUL24_ACC, = 0
gpu_tot_INT_MUL32_ACC, = 7.69625e+07
gpu_tot_INT_MUL_ACC, = 0
gpu_tot_INT_DIV_ACC, = 0
gpu_tot_FP_MUL_ACC, = 1.05262e+06
gpu_tot_FP_DIV_ACC, = 0
gpu_tot_FP_SQRT_ACC, = 0
gpu_tot_FP_LG_ACC, = 0
gpu_tot_FP_SIN_ACC, = 0
gpu_tot_FP_EXP_ACC, = 0
gpu_tot_DP_MUL_ACC, = 0
gpu_tot_DP_DIV_ACC, = 0
gpu_tot_TENSOR_ACC, = 0
gpu_tot_TEX_ACC, = 0
gpu_tot_MEM_RD, = 4.84567e+06
gpu_tot_MEM_WR, = 114047
gpu_tot_MEM_PRE, = 3.62985e+06
gpu_tot_L2_RH, = 2.17429e+06
gpu_tot_L2_RM, = 4.84567e+06
gpu_tot_L2_WH, = 916420
gpu_tot_L2_WM, = 0
gpu_tot_NOC_A, = 1.58728e+07
gpu_tot_PIPE_A, = 238.697
gpu_tot_IDLE_CORE_N, = 11084
gpu_tot_constant_power = 0

Kernel Maximum Power Data:
kernel_max_power = 104.946
gpu_max_IBP, = 0.385455
gpu_max_ICP, = 0
gpu_max_DCP, = 0.336944
gpu_max_TCP, = 0
gpu_max_CCP, = 0
gpu_max_SHRDP, = 0.369048
gpu_max_RFP, = 19.8571
gpu_max_INTP, = 9.34073
gpu_max_FPUP, = 0.418748
gpu_max_DPUP, = 0
gpu_max_INT_MUL24P, = 0
gpu_max_INT_MUL32P, = 1.1656
gpu_max_INT_MULP, = 0
gpu_max_INT_DIVP, = 0
gpu_max_FP_MULP, = 0
gpu_max_FP_DIVP, = 0
gpu_max_FP_SQRTP, = 0
gpu_max_FP_LGP, = 0
gpu_max_FP_SINP, = 0
gpu_max_FP_EXP, = 0
gpu_max_DP_MULP, = 0
gpu_max_DP_DIVP, = 0
gpu_max_TENSORP, = 0
gpu_max_TEXP, = 0
gpu_max_SCHEDP, = 1.13509
gpu_max_L2CP, = 0.0126478
gpu_max_MCP, = 0.589466
gpu_max_NOCP, = 0.0846203
gpu_max_DRAMP, = 0.661112
gpu_max_PIPEP, = 0.96306
gpu_max_IDLE_COREP, = 0.00848394
gpu_max_CONSTP = 32.3252
gpu_max_STATICP = 37.2923
gpu_max_TOT_INST, = 48038
gpu_max_FP_INT, = 48038
gpu_max_IC_H, = 0
gpu_max_IC_M, = 0
gpu_max_DC_RH, = 840
gpu_max_DC_RM, = -480
gpu_max_DC_WH, = 0
gpu_max_DC_WM, = 0
gpu_max_TC_H, = 0
gpu_max_TC_M, = 0
gpu_max_CC_H, = 0
gpu_max_CC_M, = 0
gpu_max_SHRD_ACC, = 2401
gpu_max_REG_RD, = 1.29149e+06
gpu_max_REG_WR, = 1.12246e+06
gpu_max_NON_REG_OPs, = 916544
gpu_max_INT_ACC, = 1.48159e+07
gpu_max_FPU_ACC, = 16271.5
gpu_max_DPU_ACC, = 0
gpu_max_INT_MUL24_ACC, = 0
gpu_max_INT_MUL32_ACC, = 22080
gpu_max_INT_MUL_ACC, = 0
gpu_max_INT_DIV_ACC, = 0
gpu_max_FP_MUL_ACC, = 0
gpu_max_FP_DIV_ACC, = 0
gpu_max_FP_SQRT_ACC, = 0
gpu_max_FP_LG_ACC, = 0
gpu_max_FP_SIN_ACC, = 0
gpu_max_FP_EXP_ACC, = 0
gpu_max_DP_MUL_ACC, = 0
gpu_max_DP_DIV_ACC, = 0
gpu_max_TENSOR_ACC, = 0
gpu_max_TEX_ACC, = 0
gpu_max_MEM_RD, = 241
gpu_max_MEM_WR, = 0
gpu_max_MEM_PRE, = 0
gpu_max_L2_RH, = 119
gpu_max_L2_RM, = 241
gpu_max_L2_WH, = 0
gpu_max_L2_WM, = 0
gpu_max_NOC_A, = 720
gpu_max_PIPE_A, = 0.188008
gpu_max_IDLE_CORE_N, = 0.0300007
gpu_max_constant_power = 0

Kernel Minimum Power Data:
kernel_min_power = 41.3592
gpu_min_IBP, = 0
gpu_min_ICP, = 0
gpu_min_DCP, = 0
gpu_min_TCP, = 0
gpu_min_CCP, = 0
gpu_min_SHRDP, = 0
gpu_min_RFP, = 0
gpu_min_INTP, = 0
gpu_min_FPUP, = 0
gpu_min_DPUP, = 0
gpu_min_INT_MUL24P, = 0
gpu_min_INT_MUL32P, = 0
gpu_min_INT_MULP, = 0
gpu_min_INT_DIVP, = 0
gpu_min_FP_MULP, = 0
gpu_min_FP_DIVP, = 0
gpu_min_FP_SQRTP, = 0
gpu_min_FP_LGP, = 0
gpu_min_FP_SINP, = 0
gpu_min_FP_EXP, = 0
gpu_min_DP_MULP, = 0
gpu_min_DP_DIVP, = 0
gpu_min_TENSORP, = 0
gpu_min_TEXP, = 0
gpu_min_SCHEDP, = 0
gpu_min_L2CP, = 0
gpu_min_MCP, = 0.55022
gpu_min_NOCP, = 0
gpu_min_DRAMP, = 0
gpu_min_PIPEP, = 0
gpu_min_IDLE_COREP, = 8.48375
gpu_min_CONSTP = 32.3252
gpu_min_STATICP = 0
gpu_min_TOT_INST, = 0
gpu_min_FP_INT, = 0
gpu_min_IC_H, = 0
gpu_min_IC_M, = 0
gpu_min_DC_RH, = 0
gpu_min_DC_RM, = 0
gpu_min_DC_WH, = 0
gpu_min_DC_WM, = 0
gpu_min_TC_H, = 0
gpu_min_TC_M, = 0
gpu_min_CC_H, = 0
gpu_min_CC_M, = 0
gpu_min_SHRD_ACC, = 0
gpu_min_REG_RD, = 0
gpu_min_REG_WR, = 0
gpu_min_NON_REG_OPs, = 0
gpu_min_INT_ACC, = 0
gpu_min_FPU_ACC, = 0
gpu_min_DPU_ACC, = 0
gpu_min_INT_MUL24_ACC, = 0
gpu_min_INT_MUL32_ACC, = 0
gpu_min_INT_MUL_ACC, = 0
gpu_min_INT_DIV_ACC, = 0
gpu_min_FP_MUL_ACC, = 0
gpu_min_FP_DIV_ACC, = 0
gpu_min_FP_SQRT_ACC, = 0
gpu_min_FP_LG_ACC, = 0
gpu_min_FP_SIN_ACC, = 0
gpu_min_FP_EXP_ACC, = 0
gpu_min_DP_MUL_ACC, = 0
gpu_min_DP_DIV_ACC, = 0
gpu_min_TENSOR_ACC, = 0
gpu_min_TEX_ACC, = 0
gpu_min_MEM_RD, = 0
gpu_min_MEM_WR, = 0
gpu_min_MEM_PRE, = 0
gpu_min_L2_RH, = 0
gpu_min_L2_RM, = 0
gpu_min_L2_WH, = 0
gpu_min_L2_WM, = 0
gpu_min_NOC_A, = 0
gpu_min_PIPE_A, = 0
gpu_min_IDLE_CORE_N, = 30
gpu_min_constant_power = 0

Accumulative Power Statistics Over Previous Kernels:
gpu_tot_avg_power = 77.6469
gpu_tot_max_power = 104.946
gpu_tot_min_power = 41.3592


