kernel_name = _Z4hookiPKmPKiPiPb 
kernel_launch_uid = 1 

Kernel Average Power Data:
kernel_avg_power = 46.3621
gpu_avg_IBP, = 0.0164217
gpu_avg_ICP, = 0
gpu_avg_DCP, = 1.11897
gpu_avg_TCP, = 0
gpu_avg_CCP, = 0
gpu_avg_SHRDP, = 0
gpu_avg_RFP, = 0.646396
gpu_avg_INTP, = 0.16495
gpu_avg_FPUP, = 0
gpu_avg_DPUP, = 0
gpu_avg_INT_MUL24P, = 0
gpu_avg_INT_MUL32P, = 0.300065
gpu_avg_INT_MULP, = 0
gpu_avg_INT_DIVP, = 0
gpu_avg_FP_MULP, = 0
gpu_avg_FP_DIVP, = 0
gpu_avg_FP_SQRTP, = 0
gpu_avg_FP_LGP, = 0
gpu_avg_FP_SINP, = 0
gpu_avg_FP_EXP, = 0
gpu_avg_DP_MULP, = 0
gpu_avg_DP_DIVP, = 0
gpu_avg_TENSORP, = 0
gpu_avg_TEXP, = 0
gpu_avg_SCHEDP, = 0.0483586
gpu_avg_L2CP, = 0.00941392
gpu_avg_MCP, = 0.685376
gpu_avg_NOCP, = 0.0265474
gpu_avg_DRAMP, = 0.0472315
gpu_avg_PIPEP, = 0.171042
gpu_avg_IDLE_COREP, = 6.59591
gpu_avg_CONSTP = 32.3252
gpu_avg_STATICP = 4.20615
gpu_avg_TOT_INST, = 2046.58
gpu_avg_FP_INT, = 2046.58
gpu_avg_IC_H, = 0
gpu_avg_IC_M, = 0
gpu_avg_DC_RH, = 1738.74
gpu_avg_DC_RM, = 110.24
gpu_avg_DC_WH, = 0.944612
gpu_avg_DC_WM, = 0.0130916
gpu_avg_TC_H, = 0
gpu_avg_TC_M, = 0
gpu_avg_CC_H, = 0
gpu_avg_CC_M, = 0
gpu_avg_SHRD_ACC, = 0
gpu_avg_REG_RD, = 74795.1
gpu_avg_REG_WR, = 40140.8
gpu_avg_NON_REG_OPs, = 20630.4
gpu_avg_INT_ACC, = 261636
gpu_avg_FPU_ACC, = 0
gpu_avg_DPU_ACC, = 0
gpu_avg_INT_MUL24_ACC, = 0
gpu_avg_INT_MUL32_ACC, = 5684.13
gpu_avg_INT_MUL_ACC, = 0
gpu_avg_INT_DIV_ACC, = 0
gpu_avg_FP_MUL_ACC, = 0
gpu_avg_FP_DIV_ACC, = 0
gpu_avg_FP_SQRT_ACC, = 0
gpu_avg_FP_LG_ACC, = 0
gpu_avg_FP_SIN_ACC, = 0
gpu_avg_FP_EXP_ACC, = 0
gpu_avg_DP_MUL_ACC, = 0
gpu_avg_DP_DIV_ACC, = 0
gpu_avg_TENSOR_ACC, = 0
gpu_avg_TEX_ACC, = 0
gpu_avg_MEM_RD, = 16.5569
gpu_avg_MEM_WR, = 0.00100705
gpu_avg_MEM_PRE, = 3.98792
gpu_avg_L2_RH, = 95.426
gpu_avg_L2_RM, = 16.5569
gpu_avg_L2_WH, = 0.957704
gpu_avg_L2_WM, = 0
gpu_avg_NOC_A, = 225.881
gpu_avg_PIPE_A, = 0.0333907
gpu_avg_IDLE_CORE_N, = 23.3243
gpu_avg_constant_power = 0
gpu_avg_threads_per_warp = 4.61144
gpu_tot_TOT_INST, = 2.03226e+06
gpu_tot_FP_INT, = 2.03226e+06
gpu_tot_IC_H, = 0
gpu_tot_IC_M, = 0
gpu_tot_DC_RH, = 1.72657e+06
gpu_tot_DC_RM, = 109468
gpu_tot_DC_WH, = 938
gpu_tot_DC_WM, = 13
gpu_tot_TC_H, = 0
gpu_tot_TC_M, = 0
gpu_tot_CC_H, = 0
gpu_tot_CC_M, = 0
gpu_tot_SHRD_ACC, = 0
gpu_tot_REG_RD, = 7.42715e+07
gpu_tot_REG_WR, = 3.98598e+07
gpu_tot_NON_REG_OPs, = 2.0486e+07
gpu_tot_INT_ACC, = 2.59805e+08
gpu_tot_FPU_ACC, = 0
gpu_tot_DPU_ACC, = 0
gpu_tot_INT_MUL24_ACC, = 0
gpu_tot_INT_MUL32_ACC, = 5.64434e+06
gpu_tot_INT_MUL_ACC, = 0
gpu_tot_INT_DIV_ACC, = 0
gpu_tot_FP_MUL_ACC, = 0
gpu_tot_FP_DIV_ACC, = 0
gpu_tot_FP_SQRT_ACC, = 0
gpu_tot_FP_LG_ACC, = 0
gpu_tot_FP_SIN_ACC, = 0
gpu_tot_FP_EXP_ACC, = 0
gpu_tot_DP_MUL_ACC, = 0
gpu_tot_DP_DIV_ACC, = 0
gpu_tot_TENSOR_ACC, = 0
gpu_tot_TEX_ACC, = 0
gpu_tot_MEM_RD, = 16441
gpu_tot_MEM_WR, = 1
gpu_tot_MEM_PRE, = 3960
gpu_tot_L2_RH, = 94758
gpu_tot_L2_RM, = 16441
gpu_tot_L2_WH, = 951
gpu_tot_L2_WM, = 0
gpu_tot_NOC_A, = 224300
gpu_tot_PIPE_A, = 33.157
gpu_tot_IDLE_CORE_N, = 23161
gpu_tot_constant_power = 0

Kernel Maximum Power Data:
kernel_max_power = 63.528
gpu_max_IBP, = 0.0289344
gpu_max_ICP, = 0
gpu_max_DCP, = 7.43844
gpu_max_TCP, = 0
gpu_max_CCP, = 0
gpu_max_SHRDP, = 0
gpu_max_RFP, = 1.20869
gpu_max_INTP, = 0.479554
gpu_max_FPUP, = 0
gpu_max_DPUP, = 0
gpu_max_INT_MUL24P, = 0
gpu_max_INT_MUL32P, = 0.693659
gpu_max_INT_MULP, = 0
gpu_max_INT_DIVP, = 0
gpu_max_FP_MULP, = 0
gpu_max_FP_DIVP, = 0
gpu_max_FP_SQRTP, = 0
gpu_max_FP_LGP, = 0
gpu_max_FP_SINP, = 0
gpu_max_FP_EXP, = 0
gpu_max_DP_MULP, = 0
gpu_max_DP_DIVP, = 0
gpu_max_TENSORP, = 0
gpu_max_TEXP, = 0
gpu_max_SCHEDP, = 0.085206
gpu_max_L2CP, = 0.0825701
gpu_max_MCP, = 1.4502
gpu_max_NOCP, = 0.214606
gpu_max_DRAMP, = 0.146298
gpu_max_PIPEP, = 0.0662284
gpu_max_IDLE_COREP, = 4.80746
gpu_max_CONSTP = 32.3252
gpu_max_STATICP = 14.5009
gpu_max_TOT_INST, = 3606
gpu_max_FP_INT, = 3606
gpu_max_IC_H, = 0
gpu_max_IC_M, = 0
gpu_max_DC_RH, = 11462
gpu_max_DC_RM, = 890
gpu_max_DC_WH, = 0
gpu_max_DC_WM, = 0
gpu_max_TC_H, = 0
gpu_max_TC_M, = 0
gpu_max_CC_H, = 0
gpu_max_CC_M, = 0
gpu_max_SHRD_ACC, = 0
gpu_max_REG_RD, = 132736
gpu_max_REG_WR, = 94400
gpu_max_NON_REG_OPs, = 36160
gpu_max_INT_ACC, = 760648
gpu_max_FPU_ACC, = 0
gpu_max_DPU_ACC, = 0
gpu_max_INT_MUL24_ACC, = 0
gpu_max_INT_MUL32_ACC, = 13140
gpu_max_INT_MUL_ACC, = 0
gpu_max_INT_DIV_ACC, = 0
gpu_max_FP_MUL_ACC, = 0
gpu_max_FP_DIV_ACC, = 0
gpu_max_FP_SQRT_ACC, = 0
gpu_max_FP_LG_ACC, = 0
gpu_max_FP_SIN_ACC, = 0
gpu_max_FP_EXP_ACC, = 0
gpu_max_DP_MUL_ACC, = 0
gpu_max_DP_DIV_ACC, = 0
gpu_max_TENSOR_ACC, = 0
gpu_max_TEX_ACC, = 0
gpu_max_MEM_RD, = 53
gpu_max_MEM_WR, = 0
gpu_max_MEM_PRE, = 2
gpu_max_L2_RH, = 876
gpu_max_L2_RM, = 52
gpu_max_L2_WH, = 0
gpu_max_L2_WM, = 0
gpu_max_NOC_A, = 1826
gpu_max_PIPE_A, = 0.0129291
gpu_max_IDLE_CORE_N, = 17
gpu_max_constant_power = 0

Kernel Minimum Power Data:
kernel_min_power = 41.3592
gpu_min_IBP, = 0
gpu_min_ICP, = 0
gpu_min_DCP, = 0
gpu_min_TCP, = 0
gpu_min_CCP, = 0
gpu_min_SHRDP, = 0
gpu_min_RFP, = 0
gpu_min_INTP, = 0
gpu_min_FPUP, = 0
gpu_min_DPUP, = 0
gpu_min_INT_MUL24P, = 0
gpu_min_INT_MUL32P, = 0
gpu_min_INT_MULP, = 0
gpu_min_INT_DIVP, = 0
gpu_min_FP_MULP, = 0
gpu_min_FP_DIVP, = 0
gpu_min_FP_SQRTP, = 0
gpu_min_FP_LGP, = 0
gpu_min_FP_SINP, = 0
gpu_min_FP_EXP, = 0
gpu_min_DP_MULP, = 0
gpu_min_DP_DIVP, = 0
gpu_min_TENSORP, = 0
gpu_min_TEXP, = 0
gpu_min_SCHEDP, = 0
gpu_min_L2CP, = 0
gpu_min_MCP, = 0.55022
gpu_min_NOCP, = 0
gpu_min_DRAMP, = 0
gpu_min_PIPEP, = 0
gpu_min_IDLE_COREP, = 8.48375
gpu_min_CONSTP = 32.3252
gpu_min_STATICP = 0
gpu_min_TOT_INST, = 0
gpu_min_FP_INT, = 0
gpu_min_IC_H, = 0
gpu_min_IC_M, = 0
gpu_min_DC_RH, = 0
gpu_min_DC_RM, = 0
gpu_min_DC_WH, = 0
gpu_min_DC_WM, = 0
gpu_min_TC_H, = 0
gpu_min_TC_M, = 0
gpu_min_CC_H, = 0
gpu_min_CC_M, = 0
gpu_min_SHRD_ACC, = 0
gpu_min_REG_RD, = 0
gpu_min_REG_WR, = 0
gpu_min_NON_REG_OPs, = 0
gpu_min_INT_ACC, = 0
gpu_min_FPU_ACC, = 0
gpu_min_DPU_ACC, = 0
gpu_min_INT_MUL24_ACC, = 0
gpu_min_INT_MUL32_ACC, = 0
gpu_min_INT_MUL_ACC, = 0
gpu_min_INT_DIV_ACC, = 0
gpu_min_FP_MUL_ACC, = 0
gpu_min_FP_DIV_ACC, = 0
gpu_min_FP_SQRT_ACC, = 0
gpu_min_FP_LG_ACC, = 0
gpu_min_FP_SIN_ACC, = 0
gpu_min_FP_EXP_ACC, = 0
gpu_min_DP_MUL_ACC, = 0
gpu_min_DP_DIV_ACC, = 0
gpu_min_TENSOR_ACC, = 0
gpu_min_TEX_ACC, = 0
gpu_min_MEM_RD, = 0
gpu_min_MEM_WR, = 0
gpu_min_MEM_PRE, = 0
gpu_min_L2_RH, = 0
gpu_min_L2_RM, = 0
gpu_min_L2_WH, = 0
gpu_min_L2_WM, = 0
gpu_min_NOC_A, = 0
gpu_min_PIPE_A, = 0
gpu_min_IDLE_CORE_N, = 30
gpu_min_constant_power = 0

Accumulative Power Statistics Over Previous Kernels:
gpu_tot_avg_power = 46.3621
gpu_tot_max_power = 63.528
gpu_tot_min_power = 41.3592


kernel_name = _Z8shortcutiPi 
kernel_launch_uid = 2 

Kernel Average Power Data:
kernel_avg_power = 41.6574
gpu_avg_IBP, = 3.20958e-05
gpu_avg_ICP, = 0
gpu_avg_DCP, = 0.00037159
gpu_avg_TCP, = 0
gpu_avg_CCP, = 0
gpu_avg_SHRDP, = 0
gpu_avg_RFP, = 0.00121463
gpu_avg_INTP, = 0.000301342
gpu_avg_FPUP, = 0
gpu_avg_DPUP, = 0
gpu_avg_INT_MUL24P, = 0
gpu_avg_INT_MUL32P, = 0.000464551
gpu_avg_INT_MULP, = 0
gpu_avg_INT_DIVP, = 0
gpu_avg_FP_MULP, = 0
gpu_avg_FP_DIVP, = 0
gpu_avg_FP_SQRTP, = 0
gpu_avg_FP_LGP, = 0
gpu_avg_FP_SINP, = 0
gpu_avg_FP_EXP, = 0
gpu_avg_DP_MULP, = 0
gpu_avg_DP_DIVP, = 0
gpu_avg_TENSORP, = 0
gpu_avg_TEXP, = 0
gpu_avg_SCHEDP, = 9.45158e-05
gpu_avg_L2CP, = 0
gpu_avg_MCP, = 0.550263
gpu_avg_NOCP, = 0
gpu_avg_DRAMP, = 0
gpu_avg_PIPEP, = 0.287168
gpu_avg_IDLE_COREP, = 8.47317
gpu_avg_CONSTP = 32.3252
gpu_avg_STATICP = 0.019062
gpu_avg_TOT_INST, = 4
gpu_avg_FP_INT, = 4
gpu_avg_IC_H, = 0
gpu_avg_IC_M, = 0
gpu_avg_DC_RH, = 0.6
gpu_avg_DC_RM, = 0
gpu_avg_DC_WH, = 0
gpu_avg_DC_WM, = 0
gpu_avg_TC_H, = 0
gpu_avg_TC_M, = 0
gpu_avg_CC_H, = 0
gpu_avg_CC_M, = 0
gpu_avg_SHRD_ACC, = 0
gpu_avg_REG_RD, = 140.8
gpu_avg_REG_WR, = 76.8
gpu_avg_NON_REG_OPs, = 38.4
gpu_avg_INT_ACC, = 477.975
gpu_avg_FPU_ACC, = 0
gpu_avg_DPU_ACC, = 0
gpu_avg_INT_MUL24_ACC, = 0
gpu_avg_INT_MUL32_ACC, = 8.8
gpu_avg_INT_MUL_ACC, = 0
gpu_avg_INT_DIV_ACC, = 0
gpu_avg_FP_MUL_ACC, = 0
gpu_avg_FP_DIV_ACC, = 0
gpu_avg_FP_SQRT_ACC, = 0
gpu_avg_FP_LG_ACC, = 0
gpu_avg_FP_SIN_ACC, = 0
gpu_avg_FP_EXP_ACC, = 0
gpu_avg_DP_MUL_ACC, = 0
gpu_avg_DP_DIV_ACC, = 0
gpu_avg_TENSOR_ACC, = 0
gpu_avg_TEX_ACC, = 0
gpu_avg_MEM_RD, = 0
gpu_avg_MEM_WR, = 0
gpu_avg_MEM_PRE, = 0
gpu_avg_L2_RH, = 0
gpu_avg_L2_RM, = 0
gpu_avg_L2_WH, = 0
gpu_avg_L2_WM, = 0
gpu_avg_NOC_A, = 0
gpu_avg_PIPE_A, = 0.0560609
gpu_avg_IDLE_CORE_N, = 29.9626
gpu_avg_constant_power = 0
gpu_avg_threads_per_warp = 0.2
gpu_tot_TOT_INST, = 20
gpu_tot_FP_INT, = 20
gpu_tot_IC_H, = 0
gpu_tot_IC_M, = 0
gpu_tot_DC_RH, = 3
gpu_tot_DC_RM, = 0
gpu_tot_DC_WH, = 0
gpu_tot_DC_WM, = 0
gpu_tot_TC_H, = 0
gpu_tot_TC_M, = 0
gpu_tot_CC_H, = 0
gpu_tot_CC_M, = 0
gpu_tot_SHRD_ACC, = 0
gpu_tot_REG_RD, = 704
gpu_tot_REG_WR, = 384
gpu_tot_NON_REG_OPs, = 192
gpu_tot_INT_ACC, = 2389.88
gpu_tot_FPU_ACC, = 0
gpu_tot_DPU_ACC, = 0
gpu_tot_INT_MUL24_ACC, = 0
gpu_tot_INT_MUL32_ACC, = 44
gpu_tot_INT_MUL_ACC, = 0
gpu_tot_INT_DIV_ACC, = 0
gpu_tot_FP_MUL_ACC, = 0
gpu_tot_FP_DIV_ACC, = 0
gpu_tot_FP_SQRT_ACC, = 0
gpu_tot_FP_LG_ACC, = 0
gpu_tot_FP_SIN_ACC, = 0
gpu_tot_FP_EXP_ACC, = 0
gpu_tot_DP_MUL_ACC, = 0
gpu_tot_DP_DIV_ACC, = 0
gpu_tot_TENSOR_ACC, = 0
gpu_tot_TEX_ACC, = 0
gpu_tot_MEM_RD, = 0
gpu_tot_MEM_WR, = 0
gpu_tot_MEM_PRE, = 0
gpu_tot_L2_RH, = 0
gpu_tot_L2_RM, = 0
gpu_tot_L2_WH, = 0
gpu_tot_L2_WM, = 0
gpu_tot_NOC_A, = 0
gpu_tot_PIPE_A, = 0.280305
gpu_tot_IDLE_CORE_N, = 149.813
gpu_tot_constant_power = 0

Kernel Maximum Power Data:
kernel_max_power = 41.7402
gpu_max_IBP, = 0.000160479
gpu_max_ICP, = 0
gpu_max_DCP, = 0.00185795
gpu_max_TCP, = 0
gpu_max_CCP, = 0
gpu_max_SHRDP, = 0
gpu_max_RFP, = 0.00607317
gpu_max_INTP, = 0.00150671
gpu_max_FPUP, = 0
gpu_max_DPUP, = 0
gpu_max_INT_MUL24P, = 0
gpu_max_INT_MUL32P, = 0.00232276
gpu_max_INT_MULP, = 0
gpu_max_INT_DIVP, = 0
gpu_max_FP_MULP, = 0
gpu_max_FP_DIVP, = 0
gpu_max_FP_SQRTP, = 0
gpu_max_FP_LGP, = 0
gpu_max_FP_SINP, = 0
gpu_max_FP_EXP, = 0
gpu_max_DP_MULP, = 0
gpu_max_DP_DIVP, = 0
gpu_max_TENSORP, = 0
gpu_max_TEXP, = 0
gpu_max_SCHEDP, = 0.000472579
gpu_max_L2CP, = 0
gpu_max_MCP, = 0.550436
gpu_max_NOCP, = 0
gpu_max_DRAMP, = 0
gpu_max_PIPEP, = 0.325995
gpu_max_IDLE_COREP, = 8.43087
gpu_max_CONSTP = 32.3252
gpu_max_STATICP = 0.09531
gpu_max_TOT_INST, = 20
gpu_max_FP_INT, = 20
gpu_max_IC_H, = 0
gpu_max_IC_M, = 0
gpu_max_DC_RH, = 3
gpu_max_DC_RM, = 0
gpu_max_DC_WH, = 0
gpu_max_DC_WM, = 0
gpu_max_TC_H, = 0
gpu_max_TC_M, = 0
gpu_max_CC_H, = 0
gpu_max_CC_M, = 0
gpu_max_SHRD_ACC, = 0
gpu_max_REG_RD, = 704
gpu_max_REG_WR, = 384
gpu_max_NON_REG_OPs, = 192
gpu_max_INT_ACC, = 2389.88
gpu_max_FPU_ACC, = 0
gpu_max_DPU_ACC, = 0
gpu_max_INT_MUL24_ACC, = 0
gpu_max_INT_MUL32_ACC, = 44
gpu_max_INT_MUL_ACC, = 0
gpu_max_INT_DIV_ACC, = 0
gpu_max_FP_MUL_ACC, = 0
gpu_max_FP_DIV_ACC, = 0
gpu_max_FP_SQRT_ACC, = 0
gpu_max_FP_LG_ACC, = 0
gpu_max_FP_SIN_ACC, = 0
gpu_max_FP_EXP_ACC, = 0
gpu_max_DP_MUL_ACC, = 0
gpu_max_DP_DIV_ACC, = 0
gpu_max_TENSOR_ACC, = 0
gpu_max_TEX_ACC, = 0
gpu_max_MEM_RD, = 0
gpu_max_MEM_WR, = 0
gpu_max_MEM_PRE, = 0
gpu_max_L2_RH, = 0
gpu_max_L2_RM, = 0
gpu_max_L2_WH, = 0
gpu_max_L2_WM, = 0
gpu_max_NOC_A, = 0
gpu_max_PIPE_A, = 0.0636407
gpu_max_IDLE_CORE_N, = 29.813
gpu_max_constant_power = 0

Kernel Minimum Power Data:
kernel_min_power = 41.6367
gpu_min_IBP, = 0
gpu_min_ICP, = 0
gpu_min_DCP, = 0
gpu_min_TCP, = 0
gpu_min_CCP, = 0
gpu_min_SHRDP, = 0
gpu_min_RFP, = 0
gpu_min_INTP, = 0
gpu_min_FPUP, = 0
gpu_min_DPUP, = 0
gpu_min_INT_MUL24P, = 0
gpu_min_INT_MUL32P, = 0
gpu_min_INT_MULP, = 0
gpu_min_INT_DIVP, = 0
gpu_min_FP_MULP, = 0
gpu_min_FP_DIVP, = 0
gpu_min_FP_SQRTP, = 0
gpu_min_FP_LGP, = 0
gpu_min_FP_SINP, = 0
gpu_min_FP_EXP, = 0
gpu_min_DP_MULP, = 0
gpu_min_DP_DIVP, = 0
gpu_min_TENSORP, = 0
gpu_min_TEXP, = 0
gpu_min_SCHEDP, = 0
gpu_min_L2CP, = 0
gpu_min_MCP, = 0.55022
gpu_min_NOCP, = 0
gpu_min_DRAMP, = 0
gpu_min_PIPEP, = 0.277462
gpu_min_IDLE_COREP, = 8.48375
gpu_min_CONSTP = 32.3252
gpu_min_STATICP = 0
gpu_min_TOT_INST, = 0
gpu_min_FP_INT, = 0
gpu_min_IC_H, = 0
gpu_min_IC_M, = 0
gpu_min_DC_RH, = 0
gpu_min_DC_RM, = 0
gpu_min_DC_WH, = 0
gpu_min_DC_WM, = 0
gpu_min_TC_H, = 0
gpu_min_TC_M, = 0
gpu_min_CC_H, = 0
gpu_min_CC_M, = 0
gpu_min_SHRD_ACC, = 0
gpu_min_REG_RD, = 0
gpu_min_REG_WR, = 0
gpu_min_NON_REG_OPs, = 0
gpu_min_INT_ACC, = 0
gpu_min_FPU_ACC, = 0
gpu_min_DPU_ACC, = 0
gpu_min_INT_MUL24_ACC, = 0
gpu_min_INT_MUL32_ACC, = 0
gpu_min_INT_MUL_ACC, = 0
gpu_min_INT_DIV_ACC, = 0
gpu_min_FP_MUL_ACC, = 0
gpu_min_FP_DIV_ACC, = 0
gpu_min_FP_SQRT_ACC, = 0
gpu_min_FP_LG_ACC, = 0
gpu_min_FP_SIN_ACC, = 0
gpu_min_FP_EXP_ACC, = 0
gpu_min_DP_MUL_ACC, = 0
gpu_min_DP_DIV_ACC, = 0
gpu_min_TENSOR_ACC, = 0
gpu_min_TEX_ACC, = 0
gpu_min_MEM_RD, = 0
gpu_min_MEM_WR, = 0
gpu_min_MEM_PRE, = 0
gpu_min_L2_RH, = 0
gpu_min_L2_RM, = 0
gpu_min_L2_WH, = 0
gpu_min_L2_WM, = 0
gpu_min_NOC_A, = 0
gpu_min_PIPE_A, = 0.054166
gpu_min_IDLE_CORE_N, = 30
gpu_min_constant_power = 0

Accumulative Power Statistics Over Previous Kernels:
gpu_tot_avg_power = 46.3385
gpu_tot_max_power = 63.528
gpu_tot_min_power = 41.3592


kernel_name = _Z4hookiPKmPKiPiPb 
kernel_launch_uid = 3 

Kernel Average Power Data:
kernel_avg_power = 46.7431
gpu_avg_IBP, = 0.0115339
gpu_avg_ICP, = 0
gpu_avg_DCP, = 1.21612
gpu_avg_TCP, = 0
gpu_avg_CCP, = 0
gpu_avg_SHRDP, = 0
gpu_avg_RFP, = 0.425141
gpu_avg_INTP, = 0.0766262
gpu_avg_FPUP, = 0
gpu_avg_DPUP, = 0
gpu_avg_INT_MUL24P, = 0
gpu_avg_INT_MUL32P, = 0.194724
gpu_avg_INT_MULP, = 0
gpu_avg_INT_DIVP, = 0
gpu_avg_FP_MULP, = 0
gpu_avg_FP_DIVP, = 0
gpu_avg_FP_SQRTP, = 0
gpu_avg_FP_LGP, = 0
gpu_avg_FP_SINP, = 0
gpu_avg_FP_EXP, = 0
gpu_avg_DP_MULP, = 0
gpu_avg_DP_DIVP, = 0
gpu_avg_TENSORP, = 0
gpu_avg_TEXP, = 0
gpu_avg_SCHEDP, = 0.0339651
gpu_avg_L2CP, = 0.00553392
gpu_avg_MCP, = 0.703454
gpu_avg_NOCP, = 0.0342617
gpu_avg_DRAMP, = 0.295124
gpu_avg_PIPEP, = 0.22782
gpu_avg_IDLE_COREP, = 6.39255
gpu_avg_CONSTP = 32.3252
gpu_avg_STATICP = 4.80104
gpu_avg_TOT_INST, = 1437.44
gpu_avg_FP_INT, = 1437.44
gpu_avg_IC_H, = 0
gpu_avg_IC_M, = 0
gpu_avg_DC_RH, = 1876.04
gpu_avg_DC_RM, = 141.991
gpu_avg_DC_WH, = 0.834197
gpu_avg_DC_WM, = 0
gpu_avg_TC_H, = 0
gpu_avg_TC_M, = 0
gpu_avg_CC_H, = 0
gpu_avg_CC_M, = 0
gpu_avg_SHRD_ACC, = 0
gpu_avg_REG_RD, = 38764.6
gpu_avg_REG_WR, = 22984.8
gpu_avg_NON_REG_OPs, = 16998
gpu_avg_INT_ACC, = 121541
gpu_avg_FPU_ACC, = 0
gpu_avg_DPU_ACC, = 0
gpu_avg_INT_MUL24_ACC, = 0
gpu_avg_INT_MUL32_ACC, = 3688.67
gpu_avg_INT_MUL_ACC, = 0
gpu_avg_INT_DIV_ACC, = 0
gpu_avg_FP_MUL_ACC, = 0
gpu_avg_FP_DIV_ACC, = 0
gpu_avg_FP_SQRT_ACC, = 0
gpu_avg_FP_LG_ACC, = 0
gpu_avg_FP_SIN_ACC, = 0
gpu_avg_FP_EXP_ACC, = 0
gpu_avg_DP_MUL_ACC, = 0
gpu_avg_DP_DIV_ACC, = 0
gpu_avg_TENSOR_ACC, = 0
gpu_avg_TEX_ACC, = 0
gpu_avg_MEM_RD, = 95.4793
gpu_avg_MEM_WR, = 0
gpu_avg_MEM_PRE, = 73.1179
gpu_avg_L2_RH, = 49.4456
gpu_avg_L2_RM, = 95.4793
gpu_avg_L2_WH, = 0.834197
gpu_avg_L2_WM, = 0
gpu_avg_NOC_A, = 291.519
gpu_avg_PIPE_A, = 0.044475
gpu_avg_IDLE_CORE_N, = 22.6052
gpu_avg_constant_power = 0
gpu_avg_threads_per_warp = 5.49769
gpu_tot_TOT_INST, = 1.1097e+06
gpu_tot_FP_INT, = 1.1097e+06
gpu_tot_IC_H, = 0
gpu_tot_IC_M, = 0
gpu_tot_DC_RH, = 1.4483e+06
gpu_tot_DC_RM, = 109617
gpu_tot_DC_WH, = 644
gpu_tot_DC_WM, = 0
gpu_tot_TC_H, = 0
gpu_tot_TC_M, = 0
gpu_tot_CC_H, = 0
gpu_tot_CC_M, = 0
gpu_tot_SHRD_ACC, = 0
gpu_tot_REG_RD, = 2.99262e+07
gpu_tot_REG_WR, = 1.77443e+07
gpu_tot_NON_REG_OPs, = 1.31225e+07
gpu_tot_INT_ACC, = 9.38298e+07
gpu_tot_FPU_ACC, = 0
gpu_tot_DPU_ACC, = 0
gpu_tot_INT_MUL24_ACC, = 0
gpu_tot_INT_MUL32_ACC, = 2.84765e+06
gpu_tot_INT_MUL_ACC, = 0
gpu_tot_INT_DIV_ACC, = 0
gpu_tot_FP_MUL_ACC, = 0
gpu_tot_FP_DIV_ACC, = 0
gpu_tot_FP_SQRT_ACC, = 0
gpu_tot_FP_LG_ACC, = 0
gpu_tot_FP_SIN_ACC, = 0
gpu_tot_FP_EXP_ACC, = 0
gpu_tot_DP_MUL_ACC, = 0
gpu_tot_DP_DIV_ACC, = 0
gpu_tot_TENSOR_ACC, = 0
gpu_tot_TEX_ACC, = 0
gpu_tot_MEM_RD, = 73710
gpu_tot_MEM_WR, = 0
gpu_tot_MEM_PRE, = 56447
gpu_tot_L2_RH, = 38172
gpu_tot_L2_RM, = 73710
gpu_tot_L2_WH, = 644
gpu_tot_L2_WM, = 0
gpu_tot_NOC_A, = 225053
gpu_tot_PIPE_A, = 34.3347
gpu_tot_IDLE_CORE_N, = 17451.2
gpu_tot_constant_power = 0

Kernel Maximum Power Data:
kernel_max_power = 62.7437
gpu_max_IBP, = 0.0146678
gpu_max_ICP, = 0
gpu_max_DCP, = 6.24857
gpu_max_TCP, = 0
gpu_max_CCP, = 0
gpu_max_SHRDP, = 0
gpu_max_RFP, = 0.606692
gpu_max_INTP, = 0.156947
gpu_max_FPUP, = 0
gpu_max_DPUP, = 0
gpu_max_INT_MUL24P, = 0
gpu_max_INT_MUL32P, = 0.325608
gpu_max_INT_MULP, = 0
gpu_max_INT_DIVP, = 0
gpu_max_FP_MULP, = 0
gpu_max_FP_DIVP, = 0
gpu_max_FP_SQRTP, = 0
gpu_max_FP_LGP, = 0
gpu_max_FP_SINP, = 0
gpu_max_FP_EXP, = 0
gpu_max_DP_MULP, = 0
gpu_max_DP_DIVP, = 0
gpu_max_TENSORP, = 0
gpu_max_TEXP, = 0
gpu_max_SCHEDP, = 0.0431937
gpu_max_L2CP, = 0.0285504
gpu_max_MCP, = 1.35307
gpu_max_NOCP, = 0.20826
gpu_max_DRAMP, = 2.01043
gpu_max_PIPEP, = 0.114102
gpu_max_IDLE_COREP, = 4.80746
gpu_max_CONSTP = 32.3252
gpu_max_STATICP = 14.5009
gpu_max_TOT_INST, = 1828
gpu_max_FP_INT, = 1828
gpu_max_IC_H, = 0
gpu_max_IC_M, = 0
gpu_max_DC_RH, = 9558
gpu_max_DC_RM, = 862
gpu_max_DC_WH, = 0
gpu_max_DC_WM, = 0
gpu_max_TC_H, = 0
gpu_max_TC_M, = 0
gpu_max_CC_H, = 0
gpu_max_CC_M, = 0
gpu_max_SHRD_ACC, = 0
gpu_max_REG_RD, = 49376
gpu_max_REG_WR, = 52000
gpu_max_NON_REG_OPs, = 21568
gpu_max_INT_ACC, = 248943
gpu_max_FPU_ACC, = 0
gpu_max_DPU_ACC, = 0
gpu_max_INT_MUL24_ACC, = 0
gpu_max_INT_MUL32_ACC, = 6168
gpu_max_INT_MUL_ACC, = 0
gpu_max_INT_DIV_ACC, = 0
gpu_max_FP_MUL_ACC, = 0
gpu_max_FP_DIV_ACC, = 0
gpu_max_FP_SQRT_ACC, = 0
gpu_max_FP_LG_ACC, = 0
gpu_max_FP_SIN_ACC, = 0
gpu_max_FP_EXP_ACC, = 0
gpu_max_DP_MUL_ACC, = 0
gpu_max_DP_DIV_ACC, = 0
gpu_max_TENSOR_ACC, = 0
gpu_max_TEX_ACC, = 0
gpu_max_MEM_RD, = 641
gpu_max_MEM_WR, = 0
gpu_max_MEM_PRE, = 555
gpu_max_L2_RH, = 264
gpu_max_L2_RM, = 615
gpu_max_L2_WH, = 0
gpu_max_L2_WM, = 0
gpu_max_NOC_A, = 1772
gpu_max_PIPE_A, = 0.022275
gpu_max_IDLE_CORE_N, = 17
gpu_max_constant_power = 0

Kernel Minimum Power Data:
kernel_min_power = 41.6367
gpu_min_IBP, = 0
gpu_min_ICP, = 0
gpu_min_DCP, = 0
gpu_min_TCP, = 0
gpu_min_CCP, = 0
gpu_min_SHRDP, = 0
gpu_min_RFP, = 0
gpu_min_INTP, = 0
gpu_min_FPUP, = 0
gpu_min_DPUP, = 0
gpu_min_INT_MUL24P, = 0
gpu_min_INT_MUL32P, = 0
gpu_min_INT_MULP, = 0
gpu_min_INT_DIVP, = 0
gpu_min_FP_MULP, = 0
gpu_min_FP_DIVP, = 0
gpu_min_FP_SQRTP, = 0
gpu_min_FP_LGP, = 0
gpu_min_FP_SINP, = 0
gpu_min_FP_EXP, = 0
gpu_min_DP_MULP, = 0
gpu_min_DP_DIVP, = 0
gpu_min_TENSORP, = 0
gpu_min_TEXP, = 0
gpu_min_SCHEDP, = 0
gpu_min_L2CP, = 0
gpu_min_MCP, = 0.55022
gpu_min_NOCP, = 0
gpu_min_DRAMP, = 0
gpu_min_PIPEP, = 0.277462
gpu_min_IDLE_COREP, = 8.48375
gpu_min_CONSTP = 32.3252
gpu_min_STATICP = 0
gpu_min_TOT_INST, = 0
gpu_min_FP_INT, = 0
gpu_min_IC_H, = 0
gpu_min_IC_M, = 0
gpu_min_DC_RH, = 0
gpu_min_DC_RM, = 0
gpu_min_DC_WH, = 0
gpu_min_DC_WM, = 0
gpu_min_TC_H, = 0
gpu_min_TC_M, = 0
gpu_min_CC_H, = 0
gpu_min_CC_M, = 0
gpu_min_SHRD_ACC, = 0
gpu_min_REG_RD, = 0
gpu_min_REG_WR, = 0
gpu_min_NON_REG_OPs, = 0
gpu_min_INT_ACC, = 0
gpu_min_FPU_ACC, = 0
gpu_min_DPU_ACC, = 0
gpu_min_INT_MUL24_ACC, = 0
gpu_min_INT_MUL32_ACC, = 0
gpu_min_INT_MUL_ACC, = 0
gpu_min_INT_DIV_ACC, = 0
gpu_min_FP_MUL_ACC, = 0
gpu_min_FP_DIV_ACC, = 0
gpu_min_FP_SQRT_ACC, = 0
gpu_min_FP_LG_ACC, = 0
gpu_min_FP_SIN_ACC, = 0
gpu_min_FP_EXP_ACC, = 0
gpu_min_DP_MUL_ACC, = 0
gpu_min_DP_DIV_ACC, = 0
gpu_min_TENSOR_ACC, = 0
gpu_min_TEX_ACC, = 0
gpu_min_MEM_RD, = 0
gpu_min_MEM_WR, = 0
gpu_min_MEM_PRE, = 0
gpu_min_L2_RH, = 0
gpu_min_L2_RM, = 0
gpu_min_L2_WH, = 0
gpu_min_L2_WM, = 0
gpu_min_NOC_A, = 0
gpu_min_PIPE_A, = 0.054166
gpu_min_IDLE_CORE_N, = 30
gpu_min_constant_power = 0

Accumulative Power Statistics Over Previous Kernels:
gpu_tot_avg_power = 46.515
gpu_tot_max_power = 63.528
gpu_tot_min_power = 41.3592


kernel_name = _Z8shortcutiPi 
kernel_launch_uid = 4 

Kernel Average Power Data:
kernel_avg_power = 41.8018
gpu_avg_IBP, = 5.77725e-05
gpu_avg_ICP, = 0
gpu_avg_DCP, = 0.000867043
gpu_avg_TCP, = 0
gpu_avg_CCP, = 0
gpu_avg_SHRDP, = 0
gpu_avg_RFP, = 0.00208102
gpu_avg_INTP, = 0.000331476
gpu_avg_FPUP, = 0
gpu_avg_DPUP, = 0
gpu_avg_INT_MUL24P, = 0
gpu_avg_INT_MUL32P, = 0.000929103
gpu_avg_INT_MULP, = 0
gpu_avg_INT_DIVP, = 0
gpu_avg_FP_MULP, = 0
gpu_avg_FP_DIVP, = 0
gpu_avg_FP_SQRTP, = 0
gpu_avg_FP_LGP, = 0
gpu_avg_FP_SINP, = 0
gpu_avg_FP_EXP, = 0
gpu_avg_DP_MULP, = 0
gpu_avg_DP_DIVP, = 0
gpu_avg_TENSORP, = 0
gpu_avg_TEXP, = 0
gpu_avg_SCHEDP, = 0.000170128
gpu_avg_L2CP, = 1.22347e-06
gpu_avg_MCP, = 0.550335
gpu_avg_NOCP, = 2.35056e-05
gpu_avg_DRAMP, = 0.000548641
gpu_avg_PIPEP, = 0.407764
gpu_avg_IDLE_COREP, = 8.4467
gpu_avg_CONSTP = 32.3252
gpu_avg_STATICP = 0.066768
gpu_avg_TOT_INST, = 7.2
gpu_avg_FP_INT, = 7.2
gpu_avg_IC_H, = 0
gpu_avg_IC_M, = 0
gpu_avg_DC_RH, = 1.4
gpu_avg_DC_RM, = 0
gpu_avg_DC_WH, = 0
gpu_avg_DC_WM, = 0
gpu_avg_TC_H, = 0
gpu_avg_TC_M, = 0
gpu_avg_CC_H, = 0
gpu_avg_CC_M, = 0
gpu_avg_SHRD_ACC, = 0
gpu_avg_REG_RD, = 198.4
gpu_avg_REG_WR, = 102.4
gpu_avg_NON_REG_OPs, = 83.2
gpu_avg_INT_ACC, = 525.773
gpu_avg_FPU_ACC, = 0
gpu_avg_DPU_ACC, = 0
gpu_avg_INT_MUL24_ACC, = 0
gpu_avg_INT_MUL32_ACC, = 17.6
gpu_avg_INT_MUL_ACC, = 0
gpu_avg_INT_DIV_ACC, = 0
gpu_avg_FP_MUL_ACC, = 0
gpu_avg_FP_DIV_ACC, = 0
gpu_avg_FP_SQRT_ACC, = 0
gpu_avg_FP_LG_ACC, = 0
gpu_avg_FP_SIN_ACC, = 0
gpu_avg_FP_EXP_ACC, = 0
gpu_avg_DP_MUL_ACC, = 0
gpu_avg_DP_DIV_ACC, = 0
gpu_avg_TENSOR_ACC, = 0
gpu_avg_TEX_ACC, = 0
gpu_avg_MEM_RD, = 0.2
gpu_avg_MEM_WR, = 0
gpu_avg_MEM_PRE, = 0
gpu_avg_L2_RH, = 0
gpu_avg_L2_RM, = 0.2
gpu_avg_L2_WH, = 0
gpu_avg_L2_WM, = 0
gpu_avg_NOC_A, = 0.2
gpu_avg_PIPE_A, = 0.0796036
gpu_avg_IDLE_CORE_N, = 29.869
gpu_avg_constant_power = 0
gpu_avg_threads_per_warp = 0.2
gpu_tot_TOT_INST, = 36
gpu_tot_FP_INT, = 36
gpu_tot_IC_H, = 0
gpu_tot_IC_M, = 0
gpu_tot_DC_RH, = 7
gpu_tot_DC_RM, = 0
gpu_tot_DC_WH, = 0
gpu_tot_DC_WM, = 0
gpu_tot_TC_H, = 0
gpu_tot_TC_M, = 0
gpu_tot_CC_H, = 0
gpu_tot_CC_M, = 0
gpu_tot_SHRD_ACC, = 0
gpu_tot_REG_RD, = 992
gpu_tot_REG_WR, = 512
gpu_tot_NON_REG_OPs, = 416
gpu_tot_INT_ACC, = 2628.86
gpu_tot_FPU_ACC, = 0
gpu_tot_DPU_ACC, = 0
gpu_tot_INT_MUL24_ACC, = 0
gpu_tot_INT_MUL32_ACC, = 88
gpu_tot_INT_MUL_ACC, = 0
gpu_tot_INT_DIV_ACC, = 0
gpu_tot_FP_MUL_ACC, = 0
gpu_tot_FP_DIV_ACC, = 0
gpu_tot_FP_SQRT_ACC, = 0
gpu_tot_FP_LG_ACC, = 0
gpu_tot_FP_SIN_ACC, = 0
gpu_tot_FP_EXP_ACC, = 0
gpu_tot_DP_MUL_ACC, = 0
gpu_tot_DP_DIV_ACC, = 0
gpu_tot_TENSOR_ACC, = 0
gpu_tot_TEX_ACC, = 0
gpu_tot_MEM_RD, = 1
gpu_tot_MEM_WR, = 0
gpu_tot_MEM_PRE, = 0
gpu_tot_L2_RH, = 0
gpu_tot_L2_RM, = 1
gpu_tot_L2_WH, = 0
gpu_tot_L2_WM, = 0
gpu_tot_NOC_A, = 1
gpu_tot_PIPE_A, = 0.398018
gpu_tot_IDLE_CORE_N, = 149.345
gpu_tot_constant_power = 0

Kernel Maximum Power Data:
kernel_max_power = 42.1209
gpu_max_IBP, = 0.000288863
gpu_max_ICP, = 0
gpu_max_DCP, = 0.00433522
gpu_max_TCP, = 0
gpu_max_CCP, = 0
gpu_max_SHRDP, = 0
gpu_max_RFP, = 0.0104051
gpu_max_INTP, = 0.00165738
gpu_max_FPUP, = 0
gpu_max_DPUP, = 0
gpu_max_INT_MUL24P, = 0
gpu_max_INT_MUL32P, = 0.00464551
gpu_max_INT_MULP, = 0
gpu_max_INT_DIVP, = 0
gpu_max_FP_MULP, = 0
gpu_max_FP_DIVP, = 0
gpu_max_FP_SQRTP, = 0
gpu_max_FP_LGP, = 0
gpu_max_FP_SINP, = 0
gpu_max_FP_EXP, = 0
gpu_max_DP_MULP, = 0
gpu_max_DP_DIVP, = 0
gpu_max_TENSORP, = 0
gpu_max_TEXP, = 0
gpu_max_SCHEDP, = 0.000850642
gpu_max_L2CP, = 6.11737e-06
gpu_max_MCP, = 0.550795
gpu_max_NOCP, = 0.000117528
gpu_max_DRAMP, = 0.0027432
gpu_max_PIPEP, = 0.587453
gpu_max_IDLE_COREP, = 8.29852
gpu_max_CONSTP = 32.3252
gpu_max_STATICP = 0.33384
gpu_max_TOT_INST, = 36
gpu_max_FP_INT, = 36
gpu_max_IC_H, = 0
gpu_max_IC_M, = 0
gpu_max_DC_RH, = 7
gpu_max_DC_RM, = 0
gpu_max_DC_WH, = 0
gpu_max_DC_WM, = 0
gpu_max_TC_H, = 0
gpu_max_TC_M, = 0
gpu_max_CC_H, = 0
gpu_max_CC_M, = 0
gpu_max_SHRD_ACC, = 0
gpu_max_REG_RD, = 992
gpu_max_REG_WR, = 512
gpu_max_NON_REG_OPs, = 416
gpu_max_INT_ACC, = 2628.86
gpu_max_FPU_ACC, = 0
gpu_max_DPU_ACC, = 0
gpu_max_INT_MUL24_ACC, = 0
gpu_max_INT_MUL32_ACC, = 88
gpu_max_INT_MUL_ACC, = 0
gpu_max_INT_DIV_ACC, = 0
gpu_max_FP_MUL_ACC, = 0
gpu_max_FP_DIV_ACC, = 0
gpu_max_FP_SQRT_ACC, = 0
gpu_max_FP_LG_ACC, = 0
gpu_max_FP_SIN_ACC, = 0
gpu_max_FP_EXP_ACC, = 0
gpu_max_DP_MUL_ACC, = 0
gpu_max_DP_DIV_ACC, = 0
gpu_max_TENSOR_ACC, = 0
gpu_max_TEX_ACC, = 0
gpu_max_MEM_RD, = 1
gpu_max_MEM_WR, = 0
gpu_max_MEM_PRE, = 0
gpu_max_L2_RH, = 0
gpu_max_L2_RM, = 1
gpu_max_L2_WH, = 0
gpu_max_L2_WM, = 0
gpu_max_NOC_A, = 1
gpu_max_PIPE_A, = 0.114682
gpu_max_IDLE_CORE_N, = 29.345
gpu_max_constant_power = 0

Kernel Minimum Power Data:
kernel_min_power = 41.722
gpu_min_IBP, = 0
gpu_min_ICP, = 0
gpu_min_DCP, = 0
gpu_min_TCP, = 0
gpu_min_CCP, = 0
gpu_min_SHRDP, = 0
gpu_min_RFP, = 0
gpu_min_INTP, = 0
gpu_min_FPUP, = 0
gpu_min_DPUP, = 0
gpu_min_INT_MUL24P, = 0
gpu_min_INT_MUL32P, = 0
gpu_min_INT_MULP, = 0
gpu_min_INT_DIVP, = 0
gpu_min_FP_MULP, = 0
gpu_min_FP_DIVP, = 0
gpu_min_FP_SQRTP, = 0
gpu_min_FP_LGP, = 0
gpu_min_FP_SINP, = 0
gpu_min_FP_EXP, = 0
gpu_min_DP_MULP, = 0
gpu_min_DP_DIVP, = 0
gpu_min_TENSORP, = 0
gpu_min_TEXP, = 0
gpu_min_SCHEDP, = 0
gpu_min_L2CP, = 0
gpu_min_MCP, = 0.55022
gpu_min_NOCP, = 0
gpu_min_DRAMP, = 0
gpu_min_PIPEP, = 0.362842
gpu_min_IDLE_COREP, = 8.48375
gpu_min_CONSTP = 32.3252
gpu_min_STATICP = 0
gpu_min_TOT_INST, = 0
gpu_min_FP_INT, = 0
gpu_min_IC_H, = 0
gpu_min_IC_M, = 0
gpu_min_DC_RH, = 0
gpu_min_DC_RM, = 0
gpu_min_DC_WH, = 0
gpu_min_DC_WM, = 0
gpu_min_TC_H, = 0
gpu_min_TC_M, = 0
gpu_min_CC_H, = 0
gpu_min_CC_M, = 0
gpu_min_SHRD_ACC, = 0
gpu_min_REG_RD, = 0
gpu_min_REG_WR, = 0
gpu_min_NON_REG_OPs, = 0
gpu_min_INT_ACC, = 0
gpu_min_FPU_ACC, = 0
gpu_min_DPU_ACC, = 0
gpu_min_INT_MUL24_ACC, = 0
gpu_min_INT_MUL32_ACC, = 0
gpu_min_INT_MUL_ACC, = 0
gpu_min_INT_DIV_ACC, = 0
gpu_min_FP_MUL_ACC, = 0
gpu_min_FP_DIV_ACC, = 0
gpu_min_FP_SQRT_ACC, = 0
gpu_min_FP_LG_ACC, = 0
gpu_min_FP_SIN_ACC, = 0
gpu_min_FP_EXP_ACC, = 0
gpu_min_DP_MUL_ACC, = 0
gpu_min_DP_DIV_ACC, = 0
gpu_min_TENSOR_ACC, = 0
gpu_min_TEX_ACC, = 0
gpu_min_MEM_RD, = 0
gpu_min_MEM_WR, = 0
gpu_min_MEM_PRE, = 0
gpu_min_L2_RH, = 0
gpu_min_L2_RM, = 0
gpu_min_L2_WH, = 0
gpu_min_L2_WM, = 0
gpu_min_NOC_A, = 0
gpu_min_PIPE_A, = 0.0708339
gpu_min_IDLE_CORE_N, = 30
gpu_min_constant_power = 0

Accumulative Power Statistics Over Previous Kernels:
gpu_tot_avg_power = 46.5017
gpu_tot_max_power = 63.528
gpu_tot_min_power = 41.3592


