kernel_name = _Z11ExecuteLSTMPdS_S_S_S_S_S_S_S_S_S_S_S_S_S_ 
kernel_launch_uid = 1 

Kernel Average Power Data:
kernel_avg_power = 69.1549
gpu_avg_IBP, = 0.0190959
gpu_avg_ICP, = 0
gpu_avg_DCP, = 1.75854
gpu_avg_TCP, = 0
gpu_avg_CCP, = 0
gpu_avg_SHRDP, = 0.0301424
gpu_avg_RFP, = 1.52188
gpu_avg_INTP, = 0.11725
gpu_avg_FPUP, = 0
gpu_avg_DPUP, = 0.0807608
gpu_avg_INT_MUL24P, = 0
gpu_avg_INT_MUL32P, = 0.0128401
gpu_avg_INT_MULP, = 0
gpu_avg_INT_DIVP, = 0
gpu_avg_FP_MULP, = 0
gpu_avg_FP_DIVP, = 0
gpu_avg_FP_SQRTP, = 0
gpu_avg_FP_LGP, = 0
gpu_avg_FP_SINP, = 0
gpu_avg_FP_EXP, = 0
gpu_avg_DP_MULP, = 0.162276
gpu_avg_DP_DIVP, = 0
gpu_avg_TENSORP, = 0
gpu_avg_TEXP, = 0
gpu_avg_SCHEDP, = 0.0556498
gpu_avg_L2CP, = 0.187532
gpu_avg_MCP, = 0.740045
gpu_avg_NOCP, = 0.470425
gpu_avg_DRAMP, = 0.0151169
gpu_avg_PIPEP, = 0.0485313
gpu_avg_IDLE_COREP, = 0.987589
gpu_avg_CONSTP = 32.3252
gpu_avg_STATICP = 30.622
gpu_avg_TOT_INST, = 237.986
gpu_avg_FP_INT, = 235.515
gpu_avg_IC_H, = 0
gpu_avg_IC_M, = 0
gpu_avg_DC_RH, = 309.663
gpu_avg_DC_RM, = -41.7257
gpu_avg_DC_WH, = 0.02019
gpu_avg_DC_WM, = 0.0178147
gpu_avg_TC_H, = 0
gpu_avg_TC_M, = 0
gpu_avg_CC_H, = 0
gpu_avg_CC_M, = 0
gpu_avg_SHRD_ACC, = 19.6105
gpu_avg_REG_RD, = 11409.9
gpu_avg_REG_WR, = 18898.5
gpu_avg_NON_REG_OPs, = 4375.71
gpu_avg_INT_ACC, = 18597.7
gpu_avg_FPU_ACC, = 0
gpu_avg_DPU_ACC, = 313.816
gpu_avg_INT_MUL24_ACC, = 0
gpu_avg_INT_MUL32_ACC, = 24.323
gpu_avg_INT_MUL_ACC, = 0
gpu_avg_INT_DIV_ACC, = 0
gpu_avg_FP_MUL_ACC, = 0
gpu_avg_FP_DIV_ACC, = 0
gpu_avg_FP_SQRT_ACC, = 0
gpu_avg_FP_LG_ACC, = 0
gpu_avg_FP_SIN_ACC, = 0
gpu_avg_FP_EXP_ACC, = 0
gpu_avg_DP_MUL_ACC, = 307.4
gpu_avg_DP_DIV_ACC, = 0
gpu_avg_TENSOR_ACC, = 0
gpu_avg_TEX_ACC, = 0
gpu_avg_MEM_RD, = 0.551069
gpu_avg_MEM_WR, = 0
gpu_avg_MEM_PRE, = 0
gpu_avg_L2_RH, = 199.544
gpu_avg_L2_RM, = 0.551069
gpu_avg_L2_WH, = 0.0368171
gpu_avg_L2_WM, = 0.000593824
gpu_avg_NOC_A, = 400.265
gpu_avg_PIPE_A, = 0.00947427
gpu_avg_IDLE_CORE_N, = 3.49229
gpu_avg_constant_power = 0
gpu_avg_threads_per_warp = 24.5901
gpu_tot_TOT_INST, = 400768
gpu_tot_FP_INT, = 396608
gpu_tot_IC_H, = 0
gpu_tot_IC_M, = 0
gpu_tot_DC_RH, = 521472
gpu_tot_DC_RM, = -70266
gpu_tot_DC_WH, = 34
gpu_tot_DC_WM, = 30
gpu_tot_TC_H, = 0
gpu_tot_TC_M, = 0
gpu_tot_CC_H, = 0
gpu_tot_CC_M, = 0
gpu_tot_SHRD_ACC, = 33024
gpu_tot_REG_RD, = 1.92143e+07
gpu_tot_REG_WR, = 3.1825e+07
gpu_tot_NON_REG_OPs, = 7.3687e+06
gpu_tot_INT_ACC, = 3.13185e+07
gpu_tot_FPU_ACC, = 0
gpu_tot_DPU_ACC, = 528466
gpu_tot_INT_MUL24_ACC, = 0
gpu_tot_INT_MUL32_ACC, = 40960
gpu_tot_INT_MUL_ACC, = 0
gpu_tot_INT_DIV_ACC, = 0
gpu_tot_FP_MUL_ACC, = 0
gpu_tot_FP_DIV_ACC, = 0
gpu_tot_FP_SQRT_ACC, = 0
gpu_tot_FP_LG_ACC, = 0
gpu_tot_FP_SIN_ACC, = 0
gpu_tot_FP_EXP_ACC, = 0
gpu_tot_DP_MUL_ACC, = 517662
gpu_tot_DP_DIV_ACC, = 0
gpu_tot_TENSOR_ACC, = 0
gpu_tot_TEX_ACC, = 0
gpu_tot_MEM_RD, = 928
gpu_tot_MEM_WR, = 0
gpu_tot_MEM_PRE, = 0
gpu_tot_L2_RH, = 336032
gpu_tot_L2_RM, = 928
gpu_tot_L2_WH, = 62
gpu_tot_L2_WM, = 1
gpu_tot_NOC_A, = 674047
gpu_tot_PIPE_A, = 15.9547
gpu_tot_IDLE_CORE_N, = 5881.01
gpu_tot_constant_power = 0

Kernel Maximum Power Data:
kernel_max_power = 99.5694
gpu_max_IBP, = 0.167219
gpu_max_ICP, = 0
gpu_max_DCP, = 6.00928
gpu_max_TCP, = 0
gpu_max_CCP, = 0
gpu_max_SHRDP, = 0.348912
gpu_max_RFP, = 9.10082
gpu_max_INTP, = 3.03579
gpu_max_FPUP, = 0
gpu_max_DPUP, = 5.73499
gpu_max_INT_MUL24P, = 0
gpu_max_INT_MUL32P, = 1.28385
gpu_max_INT_MULP, = 0
gpu_max_INT_DIVP, = 0
gpu_max_FP_MULP, = 0
gpu_max_FP_DIVP, = 0
gpu_max_FP_SQRTP, = 0
gpu_max_FP_LGP, = 0
gpu_max_FP_SINP, = 0
gpu_max_FP_EXP, = 0
gpu_max_DP_MULP, = 0.00179295
gpu_max_DP_DIVP, = 0
gpu_max_TENSORP, = 0
gpu_max_TEXP, = 0
gpu_max_SCHEDP, = 0.449186
gpu_max_L2CP, = 0
gpu_max_MCP, = 1.82762
gpu_max_NOCP, = 1.37861
gpu_max_DRAMP, = 0
gpu_max_PIPEP, = 0.519073
gpu_max_IDLE_COREP, = 0
gpu_max_CONSTP = 32.3252
gpu_max_STATICP = 37.387
gpu_max_TOT_INST, = 2084
gpu_max_FP_INT, = 1901
gpu_max_IC_H, = 0
gpu_max_IC_M, = 0
gpu_max_DC_RH, = 4
gpu_max_DC_RM, = 1548
gpu_max_DC_WH, = 0
gpu_max_DC_WM, = 20
gpu_max_TC_H, = 0
gpu_max_TC_M, = 0
gpu_max_CC_H, = 0
gpu_max_CC_M, = 0
gpu_max_SHRD_ACC, = 227
gpu_max_REG_RD, = 80000
gpu_max_REG_WR, = 76608
gpu_max_NON_REG_OPs, = 31136
gpu_max_INT_ACC, = 481524
gpu_max_FPU_ACC, = 0
gpu_max_DPU_ACC, = 22284.7
gpu_max_INT_MUL24_ACC, = 0
gpu_max_INT_MUL32_ACC, = 2432
gpu_max_INT_MUL_ACC, = 0
gpu_max_INT_DIV_ACC, = 0
gpu_max_FP_MUL_ACC, = 0
gpu_max_FP_DIV_ACC, = 0
gpu_max_FP_SQRT_ACC, = 0
gpu_max_FP_LG_ACC, = 0
gpu_max_FP_SIN_ACC, = 0
gpu_max_FP_EXP_ACC, = 0
gpu_max_DP_MUL_ACC, = 3.39639
gpu_max_DP_DIV_ACC, = 0
gpu_max_TENSOR_ACC, = 0
gpu_max_TEX_ACC, = 0
gpu_max_MEM_RD, = 0
gpu_max_MEM_WR, = 0
gpu_max_MEM_PRE, = 0
gpu_max_L2_RH, = 0
gpu_max_L2_RM, = 0
gpu_max_L2_WH, = 0
gpu_max_L2_WM, = 0
gpu_max_NOC_A, = 1173
gpu_max_PIPE_A, = 0.101333
gpu_max_IDLE_CORE_N, = 0
gpu_max_constant_power = 0

Kernel Minimum Power Data:
kernel_min_power = 41.3592
gpu_min_IBP, = 0
gpu_min_ICP, = 0
gpu_min_DCP, = 0
gpu_min_TCP, = 0
gpu_min_CCP, = 0
gpu_min_SHRDP, = 0
gpu_min_RFP, = 0
gpu_min_INTP, = 0
gpu_min_FPUP, = 0
gpu_min_DPUP, = 0
gpu_min_INT_MUL24P, = 0
gpu_min_INT_MUL32P, = 0
gpu_min_INT_MULP, = 0
gpu_min_INT_DIVP, = 0
gpu_min_FP_MULP, = 0
gpu_min_FP_DIVP, = 0
gpu_min_FP_SQRTP, = 0
gpu_min_FP_LGP, = 0
gpu_min_FP_SINP, = 0
gpu_min_FP_EXP, = 0
gpu_min_DP_MULP, = 0
gpu_min_DP_DIVP, = 0
gpu_min_TENSORP, = 0
gpu_min_TEXP, = 0
gpu_min_SCHEDP, = 0
gpu_min_L2CP, = 0
gpu_min_MCP, = 0.55022
gpu_min_NOCP, = 0
gpu_min_DRAMP, = 0
gpu_min_PIPEP, = 0
gpu_min_IDLE_COREP, = 8.48375
gpu_min_CONSTP = 32.3252
gpu_min_STATICP = 0
gpu_min_TOT_INST, = 0
gpu_min_FP_INT, = 0
gpu_min_IC_H, = 0
gpu_min_IC_M, = 0
gpu_min_DC_RH, = 0
gpu_min_DC_RM, = 0
gpu_min_DC_WH, = 0
gpu_min_DC_WM, = 0
gpu_min_TC_H, = 0
gpu_min_TC_M, = 0
gpu_min_CC_H, = 0
gpu_min_CC_M, = 0
gpu_min_SHRD_ACC, = 0
gpu_min_REG_RD, = 0
gpu_min_REG_WR, = 0
gpu_min_NON_REG_OPs, = 0
gpu_min_INT_ACC, = 0
gpu_min_FPU_ACC, = 0
gpu_min_DPU_ACC, = 0
gpu_min_INT_MUL24_ACC, = 0
gpu_min_INT_MUL32_ACC, = 0
gpu_min_INT_MUL_ACC, = 0
gpu_min_INT_DIV_ACC, = 0
gpu_min_FP_MUL_ACC, = 0
gpu_min_FP_DIV_ACC, = 0
gpu_min_FP_SQRT_ACC, = 0
gpu_min_FP_LG_ACC, = 0
gpu_min_FP_SIN_ACC, = 0
gpu_min_FP_EXP_ACC, = 0
gpu_min_DP_MUL_ACC, = 0
gpu_min_DP_DIV_ACC, = 0
gpu_min_TENSOR_ACC, = 0
gpu_min_TEX_ACC, = 0
gpu_min_MEM_RD, = 0
gpu_min_MEM_WR, = 0
gpu_min_MEM_PRE, = 0
gpu_min_L2_RH, = 0
gpu_min_L2_RM, = 0
gpu_min_L2_WH, = 0
gpu_min_L2_WM, = 0
gpu_min_NOC_A, = 0
gpu_min_PIPE_A, = 0
gpu_min_IDLE_CORE_N, = 30
gpu_min_constant_power = 0

Accumulative Power Statistics Over Previous Kernels:
gpu_tot_avg_power = 69.1549
gpu_tot_max_power = 99.5694
gpu_tot_min_power = 41.3592


