kernel_name = _Z20GPU_forward_pass_gruPfS_S_S_S_S_S_S_S_S_S_ 
kernel_launch_uid = 1 

Kernel Average Power Data:
kernel_avg_power = 59.4074
gpu_avg_IBP, = 0.000771436
gpu_avg_ICP, = 0
gpu_avg_DCP, = 0.242915
gpu_avg_TCP, = 0
gpu_avg_CCP, = 0
gpu_avg_SHRDP, = 0.00129478
gpu_avg_RFP, = 0.101007
gpu_avg_INTP, = 0.00548171
gpu_avg_FPUP, = 0.000697821
gpu_avg_DPUP, = 8.16935e-05
gpu_avg_INT_MUL24P, = 0
gpu_avg_INT_MUL32P, = 0.000323411
gpu_avg_INT_MULP, = 0
gpu_avg_INT_DIVP, = 0
gpu_avg_FP_MULP, = 0.00396643
gpu_avg_FP_DIVP, = 2.46085e-06
gpu_avg_FP_SQRTP, = 0
gpu_avg_FP_LGP, = 0
gpu_avg_FP_SINP, = 0
gpu_avg_FP_EXP, = 8.23496e-07
gpu_avg_DP_MULP, = 2.8488e-05
gpu_avg_DP_DIVP, = 0
gpu_avg_TENSORP, = 0
gpu_avg_TEXP, = 0
gpu_avg_SCHEDP, = 0.00222342
gpu_avg_L2CP, = 0.0579889
gpu_avg_MCP, = 0.600618
gpu_avg_NOCP, = 0.144211
gpu_avg_DRAMP, = 0.00568756
gpu_avg_PIPEP, = 0.0019171
gpu_avg_IDLE_COREP, = 3.55254
gpu_avg_CONSTP = 32.3252
gpu_avg_STATICP = 22.3605
gpu_avg_TOT_INST, = 96.1415
gpu_avg_FP_INT, = 94.0973
gpu_avg_IC_H, = 0
gpu_avg_IC_M, = 0
gpu_avg_DC_RH, = 15.8315
gpu_avg_DC_RM, = 608.579
gpu_avg_DC_WH, = 0.0583323
gpu_avg_DC_WM, = 1.9818
gpu_avg_TC_H, = 0
gpu_avg_TC_M, = 0
gpu_avg_CC_H, = 0
gpu_avg_CC_M, = 0
gpu_avg_SHRD_ACC, = 8.42378
gpu_avg_REG_RD, = 4205.81
gpu_avg_REG_WR, = 21345.9
gpu_avg_NON_REG_OPs, = 1836.35
gpu_avg_INT_ACC, = 8694.86
gpu_avg_FPU_ACC, = 27.1156
gpu_avg_DPU_ACC, = 3.1744
gpu_avg_INT_MUL24_ACC, = 0
gpu_avg_INT_MUL32_ACC, = 6.12639
gpu_avg_INT_MUL_ACC, = 0
gpu_avg_INT_DIV_ACC, = 0
gpu_avg_FP_MUL_ACC, = 75.1361
gpu_avg_FP_DIV_ACC, = 0.046616
gpu_avg_FP_SQRT_ACC, = 0
gpu_avg_FP_LG_ACC, = 0
gpu_avg_FP_SIN_ACC, = 0
gpu_avg_FP_EXP_ACC, = 0.0155995
gpu_avg_DP_MUL_ACC, = 0.539648
gpu_avg_DP_DIV_ACC, = 0
gpu_avg_TENSOR_ACC, = 0
gpu_avg_TEX_ACC, = 0
gpu_avg_MEM_RD, = 2.01296
gpu_avg_MEM_WR, = 0
gpu_avg_MEM_PRE, = 0.364639
gpu_avg_L2_RH, = 609.462
gpu_avg_L2_RM, = 2.01296
gpu_avg_L2_WH, = 2.04013
gpu_avg_L2_WM, = 0
gpu_avg_NOC_A, = 1227.03
gpu_avg_PIPE_A, = 0.000374255
gpu_avg_IDLE_CORE_N, = 12.5624
gpu_avg_constant_power = 0
gpu_avg_threads_per_warp = 23.9234
gpu_tot_TOT_INST, = 1.54269e+06
gpu_tot_FP_INT, = 1.50988e+06
gpu_tot_IC_H, = 0
gpu_tot_IC_M, = 0
gpu_tot_DC_RH, = 254033
gpu_tot_DC_RM, = 9.76525e+06
gpu_tot_DC_WH, = 936
gpu_tot_DC_WM, = 31800
gpu_tot_TC_H, = 0
gpu_tot_TC_M, = 0
gpu_tot_CC_H, = 0
gpu_tot_CC_M, = 0
gpu_tot_SHRD_ACC, = 135168
gpu_tot_REG_RD, = 6.74865e+07
gpu_tot_REG_WR, = 3.42516e+08
gpu_tot_NON_REG_OPs, = 2.9466e+07
gpu_tot_INT_ACC, = 1.39518e+08
gpu_tot_FPU_ACC, = 435096
gpu_tot_DPU_ACC, = 50936.5
gpu_tot_INT_MUL24_ACC, = 0
gpu_tot_INT_MUL32_ACC, = 98304
gpu_tot_INT_MUL_ACC, = 0
gpu_tot_INT_DIV_ACC, = 0
gpu_tot_FP_MUL_ACC, = 1.20563e+06
gpu_tot_FP_DIV_ACC, = 748
gpu_tot_FP_SQRT_ACC, = 0
gpu_tot_FP_LG_ACC, = 0
gpu_tot_FP_SIN_ACC, = 0
gpu_tot_FP_EXP_ACC, = 250.31
gpu_tot_DP_MUL_ACC, = 8659.19
gpu_tot_DP_DIV_ACC, = 0
gpu_tot_TENSOR_ACC, = 0
gpu_tot_TEX_ACC, = 0
gpu_tot_MEM_RD, = 32300
gpu_tot_MEM_WR, = 0
gpu_tot_MEM_PRE, = 5851
gpu_tot_L2_RH, = 9.77943e+06
gpu_tot_L2_RM, = 32300
gpu_tot_L2_WH, = 32736
gpu_tot_L2_WM, = 0
gpu_tot_NOC_A, = 1.96889e+07
gpu_tot_PIPE_A, = 6.00529
gpu_tot_IDLE_CORE_N, = 201576
gpu_tot_constant_power = 0

Kernel Maximum Power Data:
kernel_max_power = 90.9001
gpu_max_IBP, = 0.016401
gpu_max_ICP, = 0
gpu_max_DCP, = 6.6924
gpu_max_TCP, = 0
gpu_max_CCP, = 0
gpu_max_SHRDP, = 0.00491859
gpu_max_RFP, = 2.48504
gpu_max_INTP, = 0.124274
gpu_max_FPUP, = 0.0187564
gpu_max_DPUP, = 0.00448046
gpu_max_INT_MUL24P, = 0
gpu_max_INT_MUL32P, = 0.00337855
gpu_max_INT_MULP, = 0
gpu_max_INT_DIVP, = 0
gpu_max_FP_MULP, = 0.077273
gpu_max_FP_DIVP, = 0
gpu_max_FP_SQRTP, = 0
gpu_max_FP_LGP, = 0
gpu_max_FP_SINP, = 0
gpu_max_FP_EXP, = 0
gpu_max_DP_MULP, = 0.00156242
gpu_max_DP_DIVP, = 0
gpu_max_TENSORP, = 0
gpu_max_TEXP, = 0
gpu_max_SCHEDP, = 0.0480849
gpu_max_L2CP, = 1.50091
gpu_max_MCP, = 1.94015
gpu_max_NOCP, = 3.98468
gpu_max_DRAMP, = 0
gpu_max_PIPEP, = 0.0396347
gpu_max_IDLE_COREP, = 0
gpu_max_CONSTP = 32.3252
gpu_max_STATICP = 41.6329
gpu_max_TOT_INST, = 2044
gpu_max_FP_INT, = 2035
gpu_max_IC_H, = 0
gpu_max_IC_M, = 0
gpu_max_DC_RH, = 257
gpu_max_DC_RM, = 17110
gpu_max_DC_WH, = 0
gpu_max_DC_WM, = 0
gpu_max_TC_H, = 0
gpu_max_TC_M, = 0
gpu_max_CC_H, = 0
gpu_max_CC_M, = 0
gpu_max_SHRD_ACC, = 32
gpu_max_REG_RD, = 89952
gpu_max_REG_WR, = 568224
gpu_max_NON_REG_OPs, = 39200
gpu_max_INT_ACC, = 197118
gpu_max_FPU_ACC, = 728.827
gpu_max_DPU_ACC, = 174.099
gpu_max_INT_MUL24_ACC, = 0
gpu_max_INT_MUL32_ACC, = 64
gpu_max_INT_MUL_ACC, = 0
gpu_max_INT_DIV_ACC, = 0
gpu_max_FP_MUL_ACC, = 1463.78
gpu_max_FP_DIV_ACC, = 0
gpu_max_FP_SQRT_ACC, = 0
gpu_max_FP_LG_ACC, = 0
gpu_max_FP_SIN_ACC, = 0
gpu_max_FP_EXP_ACC, = 0
gpu_max_DP_MUL_ACC, = 29.5969
gpu_max_DP_DIV_ACC, = 0
gpu_max_TENSOR_ACC, = 0
gpu_max_TEX_ACC, = 0
gpu_max_MEM_RD, = 0
gpu_max_MEM_WR, = 0
gpu_max_MEM_PRE, = 0
gpu_max_L2_RH, = 15985
gpu_max_L2_RM, = 0
gpu_max_L2_WH, = 0
gpu_max_L2_WM, = 0
gpu_max_NOC_A, = 33904
gpu_max_PIPE_A, = 0.00773748
gpu_max_IDLE_CORE_N, = 0
gpu_max_constant_power = 0

Kernel Minimum Power Data:
kernel_min_power = 41.3592
gpu_min_IBP, = 0
gpu_min_ICP, = 0
gpu_min_DCP, = 0
gpu_min_TCP, = 0
gpu_min_CCP, = 0
gpu_min_SHRDP, = 0
gpu_min_RFP, = 0
gpu_min_INTP, = 0
gpu_min_FPUP, = 0
gpu_min_DPUP, = 0
gpu_min_INT_MUL24P, = 0
gpu_min_INT_MUL32P, = 0
gpu_min_INT_MULP, = 0
gpu_min_INT_DIVP, = 0
gpu_min_FP_MULP, = 0
gpu_min_FP_DIVP, = 0
gpu_min_FP_SQRTP, = 0
gpu_min_FP_LGP, = 0
gpu_min_FP_SINP, = 0
gpu_min_FP_EXP, = 0
gpu_min_DP_MULP, = 0
gpu_min_DP_DIVP, = 0
gpu_min_TENSORP, = 0
gpu_min_TEXP, = 0
gpu_min_SCHEDP, = 0
gpu_min_L2CP, = 0
gpu_min_MCP, = 0.55022
gpu_min_NOCP, = 0
gpu_min_DRAMP, = 0
gpu_min_PIPEP, = 0
gpu_min_IDLE_COREP, = 8.48375
gpu_min_CONSTP = 32.3252
gpu_min_STATICP = 0
gpu_min_TOT_INST, = 0
gpu_min_FP_INT, = 0
gpu_min_IC_H, = 0
gpu_min_IC_M, = 0
gpu_min_DC_RH, = 0
gpu_min_DC_RM, = 0
gpu_min_DC_WH, = 0
gpu_min_DC_WM, = 0
gpu_min_TC_H, = 0
gpu_min_TC_M, = 0
gpu_min_CC_H, = 0
gpu_min_CC_M, = 0
gpu_min_SHRD_ACC, = 0
gpu_min_REG_RD, = 0
gpu_min_REG_WR, = 0
gpu_min_NON_REG_OPs, = 0
gpu_min_INT_ACC, = 0
gpu_min_FPU_ACC, = 0
gpu_min_DPU_ACC, = 0
gpu_min_INT_MUL24_ACC, = 0
gpu_min_INT_MUL32_ACC, = 0
gpu_min_INT_MUL_ACC, = 0
gpu_min_INT_DIV_ACC, = 0
gpu_min_FP_MUL_ACC, = 0
gpu_min_FP_DIV_ACC, = 0
gpu_min_FP_SQRT_ACC, = 0
gpu_min_FP_LG_ACC, = 0
gpu_min_FP_SIN_ACC, = 0
gpu_min_FP_EXP_ACC, = 0
gpu_min_DP_MUL_ACC, = 0
gpu_min_DP_DIV_ACC, = 0
gpu_min_TENSOR_ACC, = 0
gpu_min_TEX_ACC, = 0
gpu_min_MEM_RD, = 0
gpu_min_MEM_WR, = 0
gpu_min_MEM_PRE, = 0
gpu_min_L2_RH, = 0
gpu_min_L2_RM, = 0
gpu_min_L2_WH, = 0
gpu_min_L2_WM, = 0
gpu_min_NOC_A, = 0
gpu_min_PIPE_A, = 0
gpu_min_IDLE_CORE_N, = 30
gpu_min_constant_power = 0

Accumulative Power Statistics Over Previous Kernels:
gpu_tot_avg_power = 59.4074
gpu_tot_max_power = 90.9001
gpu_tot_min_power = 41.3592


kernel_name = _Z20GPU_forward_pass_gruPfS_S_S_S_S_S_S_S_S_S_ 
kernel_launch_uid = 2 

Kernel Average Power Data:
kernel_avg_power = 59.3924
gpu_avg_IBP, = 0.000772689
gpu_avg_ICP, = 0
gpu_avg_DCP, = 0.248107
gpu_avg_TCP, = 0
gpu_avg_CCP, = 0
gpu_avg_SHRDP, = 0.00129648
gpu_avg_RFP, = 0.102288
gpu_avg_INTP, = 0.00549031
gpu_avg_FPUP, = 0.000700422
gpu_avg_DPUP, = 8.18006e-05
gpu_avg_INT_MUL24P, = 0
gpu_avg_INT_MUL32P, = 0.000323835
gpu_avg_INT_MULP, = 0
gpu_avg_INT_DIVP, = 0
gpu_avg_FP_MULP, = 0.00397183
gpu_avg_FP_DIVP, = 4.63827e-06
gpu_avg_FP_SQRTP, = 0
gpu_avg_FP_LGP, = 0
gpu_avg_FP_SINP, = 0
gpu_avg_FP_EXP, = 1.55214e-06
gpu_avg_DP_MULP, = 2.85253e-05
gpu_avg_DP_DIVP, = 0
gpu_avg_TENSORP, = 0
gpu_avg_TEXP, = 0
gpu_avg_SCHEDP, = 0.002227
gpu_avg_L2CP, = 0.0593926
gpu_avg_MCP, = 0.601545
gpu_avg_NOCP, = 0.147279
gpu_avg_DRAMP, = 0
gpu_avg_PIPEP, = 0.00192022
gpu_avg_IDLE_COREP, = 3.56056
gpu_avg_CONSTP = 32.3252
gpu_avg_STATICP = 22.3312
gpu_avg_TOT_INST, = 96.2977
gpu_avg_FP_INT, = 94.2488
gpu_avg_IC_H, = 0
gpu_avg_IC_M, = 0
gpu_avg_DC_RH, = 16.138
gpu_avg_DC_RM, = 621.684
gpu_avg_DC_WH, = 0.0723245
gpu_avg_DC_WM, = 1.97448
gpu_avg_TC_H, = 0
gpu_avg_TC_M, = 0
gpu_avg_CC_H, = 0
gpu_avg_CC_M, = 0
gpu_avg_SHRD_ACC, = 8.43482
gpu_avg_REG_RD, = 4212.31
gpu_avg_REG_WR, = 21764.6
gpu_avg_NON_REG_OPs, = 1839.17
gpu_avg_INT_ACC, = 8708.49
gpu_avg_FPU_ACC, = 27.2166
gpu_avg_DPU_ACC, = 3.17856
gpu_avg_INT_MUL24_ACC, = 0
gpu_avg_INT_MUL32_ACC, = 6.13441
gpu_avg_INT_MUL_ACC, = 0
gpu_avg_INT_DIV_ACC, = 0
gpu_avg_FP_MUL_ACC, = 75.2384
gpu_avg_FP_DIV_ACC, = 0.0878627
gpu_avg_FP_SQRT_ACC, = 0
gpu_avg_FP_LG_ACC, = 0
gpu_avg_FP_SIN_ACC, = 0
gpu_avg_FP_EXP_ACC, = 0.0294022
gpu_avg_DP_MUL_ACC, = 0.540355
gpu_avg_DP_DIV_ACC, = 0
gpu_avg_TENSOR_ACC, = 0
gpu_avg_TEX_ACC, = 0
gpu_avg_MEM_RD, = 0
gpu_avg_MEM_WR, = 0
gpu_avg_MEM_PRE, = 0
gpu_avg_L2_RH, = 624.525
gpu_avg_L2_RM, = 0
gpu_avg_L2_WH, = 2.0448
gpu_avg_L2_WM, = 0
gpu_avg_NOC_A, = 1253.14
gpu_avg_PIPE_A, = 0.000374865
gpu_avg_IDLE_CORE_N, = 12.5907
gpu_avg_constant_power = 0
gpu_avg_threads_per_warp = 23.8833
gpu_tot_TOT_INST, = 1.54317e+06
gpu_tot_FP_INT, = 1.51034e+06
gpu_tot_IC_H, = 0
gpu_tot_IC_M, = 0
gpu_tot_DC_RH, = 258612
gpu_tot_DC_RM, = 9.96249e+06
gpu_tot_DC_WH, = 1159
gpu_tot_DC_WM, = 31641
gpu_tot_TC_H, = 0
gpu_tot_TC_M, = 0
gpu_tot_CC_H, = 0
gpu_tot_CC_M, = 0
gpu_tot_SHRD_ACC, = 135168
gpu_tot_REG_RD, = 6.75023e+07
gpu_tot_REG_WR, = 3.48777e+08
gpu_tot_NON_REG_OPs, = 2.94728e+07
gpu_tot_INT_ACC, = 1.39554e+08
gpu_tot_FPU_ACC, = 436146
gpu_tot_DPU_ACC, = 50936.5
gpu_tot_INT_MUL24_ACC, = 0
gpu_tot_INT_MUL32_ACC, = 98304
gpu_tot_INT_MUL_ACC, = 0
gpu_tot_INT_DIV_ACC, = 0
gpu_tot_FP_MUL_ACC, = 1.20569e+06
gpu_tot_FP_DIV_ACC, = 1408
gpu_tot_FP_SQRT_ACC, = 0
gpu_tot_FP_LG_ACC, = 0
gpu_tot_FP_SIN_ACC, = 0
gpu_tot_FP_EXP_ACC, = 471.171
gpu_tot_DP_MUL_ACC, = 8659.19
gpu_tot_DP_DIV_ACC, = 0
gpu_tot_TENSOR_ACC, = 0
gpu_tot_TEX_ACC, = 0
gpu_tot_MEM_RD, = 0
gpu_tot_MEM_WR, = 0
gpu_tot_MEM_PRE, = 0
gpu_tot_L2_RH, = 1.0008e+07
gpu_tot_L2_RM, = 0
gpu_tot_L2_WH, = 32768
gpu_tot_L2_WM, = 0
gpu_tot_NOC_A, = 2.00816e+07
gpu_tot_PIPE_A, = 6.00721
gpu_tot_IDLE_CORE_N, = 201767
gpu_tot_constant_power = 0

Kernel Maximum Power Data:
kernel_max_power = 91.9723
gpu_max_IBP, = 0.0232213
gpu_max_ICP, = 0
gpu_max_DCP, = 6.76286
gpu_max_TCP, = 0
gpu_max_CCP, = 0
gpu_max_SHRDP, = 0.13188
gpu_max_RFP, = 2.89408
gpu_max_INTP, = 0.200773
gpu_max_FPUP, = 0.0876754
gpu_max_DPUP, = 0.0211222
gpu_max_INT_MUL24P, = 0
gpu_max_INT_MUL32P, = 0.0202713
gpu_max_INT_MULP, = 0
gpu_max_INT_DIVP, = 0
gpu_max_FP_MULP, = 0.0963266
gpu_max_FP_DIVP, = 0
gpu_max_FP_SQRTP, = 0
gpu_max_FP_LGP, = 0
gpu_max_FP_SINP, = 0
gpu_max_FP_EXP, = 0
gpu_max_DP_MULP, = 0.00736567
gpu_max_DP_DIVP, = 0
gpu_max_TENSORP, = 0
gpu_max_TEXP, = 0
gpu_max_SCHEDP, = 0.0665864
gpu_max_L2CP, = 1.6118
gpu_max_MCP, = 1.95303
gpu_max_NOCP, = 4.07788
gpu_max_DRAMP, = 0
gpu_max_PIPEP, = 0.0593132
gpu_max_IDLE_COREP, = 0
gpu_max_CONSTP = 32.3252
gpu_max_STATICP = 41.6329
gpu_max_TOT_INST, = 2894
gpu_max_FP_INT, = 2818
gpu_max_IC_H, = 0
gpu_max_IC_M, = 0
gpu_max_DC_RH, = 290
gpu_max_DC_RM, = 17241
gpu_max_DC_WH, = 0
gpu_max_DC_WM, = 0
gpu_max_TC_H, = 0
gpu_max_TC_M, = 0
gpu_max_CC_H, = 0
gpu_max_CC_M, = 0
gpu_max_SHRD_ACC, = 858
gpu_max_REG_RD, = 119104
gpu_max_REG_WR, = 612704
gpu_max_NON_REG_OPs, = 52736
gpu_max_INT_ACC, = 318458
gpu_max_FPU_ACC, = 3406.84
gpu_max_DPU_ACC, = 820.754
gpu_max_INT_MUL24_ACC, = 0
gpu_max_INT_MUL32_ACC, = 384
gpu_max_INT_MUL_ACC, = 0
gpu_max_INT_DIV_ACC, = 0
gpu_max_FP_MUL_ACC, = 1824.72
gpu_max_FP_DIV_ACC, = 0
gpu_max_FP_SQRT_ACC, = 0
gpu_max_FP_LG_ACC, = 0
gpu_max_FP_SIN_ACC, = 0
gpu_max_FP_EXP_ACC, = 0
gpu_max_DP_MUL_ACC, = 139.528
gpu_max_DP_DIV_ACC, = 0
gpu_max_TENSOR_ACC, = 0
gpu_max_TEX_ACC, = 0
gpu_max_MEM_RD, = 0
gpu_max_MEM_WR, = 0
gpu_max_MEM_PRE, = 0
gpu_max_L2_RH, = 17166
gpu_max_L2_RM, = 0
gpu_max_L2_WH, = 0
gpu_max_L2_WM, = 0
gpu_max_NOC_A, = 34697
gpu_max_PIPE_A, = 0.0115791
gpu_max_IDLE_CORE_N, = 0
gpu_max_constant_power = 0

Kernel Minimum Power Data:
kernel_min_power = 41.3592
gpu_min_IBP, = 0
gpu_min_ICP, = 0
gpu_min_DCP, = 0
gpu_min_TCP, = 0
gpu_min_CCP, = 0
gpu_min_SHRDP, = 0
gpu_min_RFP, = 0
gpu_min_INTP, = 0
gpu_min_FPUP, = 0
gpu_min_DPUP, = 0
gpu_min_INT_MUL24P, = 0
gpu_min_INT_MUL32P, = 0
gpu_min_INT_MULP, = 0
gpu_min_INT_DIVP, = 0
gpu_min_FP_MULP, = 0
gpu_min_FP_DIVP, = 0
gpu_min_FP_SQRTP, = 0
gpu_min_FP_LGP, = 0
gpu_min_FP_SINP, = 0
gpu_min_FP_EXP, = 0
gpu_min_DP_MULP, = 0
gpu_min_DP_DIVP, = 0
gpu_min_TENSORP, = 0
gpu_min_TEXP, = 0
gpu_min_SCHEDP, = 0
gpu_min_L2CP, = 0
gpu_min_MCP, = 0.55022
gpu_min_NOCP, = 0
gpu_min_DRAMP, = 0
gpu_min_PIPEP, = 0
gpu_min_IDLE_COREP, = 8.48375
gpu_min_CONSTP = 32.3252
gpu_min_STATICP = 0
gpu_min_TOT_INST, = 0
gpu_min_FP_INT, = 0
gpu_min_IC_H, = 0
gpu_min_IC_M, = 0
gpu_min_DC_RH, = 0
gpu_min_DC_RM, = 0
gpu_min_DC_WH, = 0
gpu_min_DC_WM, = 0
gpu_min_TC_H, = 0
gpu_min_TC_M, = 0
gpu_min_CC_H, = 0
gpu_min_CC_M, = 0
gpu_min_SHRD_ACC, = 0
gpu_min_REG_RD, = 0
gpu_min_REG_WR, = 0
gpu_min_NON_REG_OPs, = 0
gpu_min_INT_ACC, = 0
gpu_min_FPU_ACC, = 0
gpu_min_DPU_ACC, = 0
gpu_min_INT_MUL24_ACC, = 0
gpu_min_INT_MUL32_ACC, = 0
gpu_min_INT_MUL_ACC, = 0
gpu_min_INT_DIV_ACC, = 0
gpu_min_FP_MUL_ACC, = 0
gpu_min_FP_DIV_ACC, = 0
gpu_min_FP_SQRT_ACC, = 0
gpu_min_FP_LG_ACC, = 0
gpu_min_FP_SIN_ACC, = 0
gpu_min_FP_EXP_ACC, = 0
gpu_min_DP_MUL_ACC, = 0
gpu_min_DP_DIV_ACC, = 0
gpu_min_TENSOR_ACC, = 0
gpu_min_TEX_ACC, = 0
gpu_min_MEM_RD, = 0
gpu_min_MEM_WR, = 0
gpu_min_MEM_PRE, = 0
gpu_min_L2_RH, = 0
gpu_min_L2_RM, = 0
gpu_min_L2_WH, = 0
gpu_min_L2_WM, = 0
gpu_min_NOC_A, = 0
gpu_min_PIPE_A, = 0
gpu_min_IDLE_CORE_N, = 30
gpu_min_constant_power = 0

Accumulative Power Statistics Over Previous Kernels:
gpu_tot_avg_power = 59.3999
gpu_tot_max_power = 91.9723
gpu_tot_min_power = 41.3592


