kernel_name = _Z20GPU_forward_pass_gruPfS_S_S_S_S_S_S_S_S_S_ 
kernel_launch_uid = 1 

Kernel Average Power Data:
kernel_avg_power = 59.3631
gpu_avg_IBP, = 0.000765758
gpu_avg_ICP, = 0
gpu_avg_DCP, = 0.245703
gpu_avg_TCP, = 0
gpu_avg_CCP, = 0
gpu_avg_SHRDP, = 0.00128486
gpu_avg_RFP, = 0.101423
gpu_avg_INTP, = 0.00544107
gpu_avg_FPUP, = 0.000694141
gpu_avg_DPUP, = 8.10671e-05
gpu_avg_INT_MUL24P, = 0
gpu_avg_INT_MUL32P, = 0.000320931
gpu_avg_INT_MULP, = 0
gpu_avg_INT_DIVP, = 0
gpu_avg_FP_MULP, = 0.00393617
gpu_avg_FP_DIVP, = 4.59667e-06
gpu_avg_FP_SQRTP, = 0
gpu_avg_FP_LGP, = 0
gpu_avg_FP_SINP, = 0
gpu_avg_FP_EXP, = 1.53822e-06
gpu_avg_DP_MULP, = 2.82695e-05
gpu_avg_DP_DIVP, = 0
gpu_avg_TENSORP, = 0
gpu_avg_TEXP, = 0
gpu_avg_SCHEDP, = 0.00220703
gpu_avg_L2CP, = 0.0587085
gpu_avg_MCP, = 0.601205
gpu_avg_NOCP, = 0.14602
gpu_avg_DRAMP, = 0.00564375
gpu_avg_PIPEP, = 0.00190299
gpu_avg_IDLE_COREP, = 3.56807
gpu_avg_CONSTP = 32.3252
gpu_avg_STATICP = 22.2944
gpu_avg_TOT_INST, = 95.4339
gpu_avg_FP_INT, = 93.4035
gpu_avg_IC_H, = 0
gpu_avg_IC_M, = 0
gpu_avg_DC_RH, = 15.7317
gpu_avg_DC_RM, = 616.069
gpu_avg_DC_WH, = 0.0727273
gpu_avg_DC_WM, = 1.95176
gpu_avg_TC_H, = 0
gpu_avg_TC_M, = 0
gpu_avg_CC_H, = 0
gpu_avg_CC_M, = 0
gpu_avg_SHRD_ACC, = 8.35918
gpu_avg_REG_RD, = 4174.51
gpu_avg_REG_WR, = 21587.4
gpu_avg_NON_REG_OPs, = 1822.68
gpu_avg_INT_ACC, = 8630.4
gpu_avg_FPU_ACC, = 26.9726
gpu_avg_DPU_ACC, = 3.15006
gpu_avg_INT_MUL24_ACC, = 0
gpu_avg_INT_MUL32_ACC, = 6.07941
gpu_avg_INT_MUL_ACC, = 0
gpu_avg_INT_DIV_ACC, = 0
gpu_avg_FP_MUL_ACC, = 74.563
gpu_avg_FP_DIV_ACC, = 0.0870748
gpu_avg_FP_SQRT_ACC, = 0
gpu_avg_FP_LG_ACC, = 0
gpu_avg_FP_SIN_ACC, = 0
gpu_avg_FP_EXP_ACC, = 0.0291386
gpu_avg_DP_MUL_ACC, = 0.53551
gpu_avg_DP_DIV_ACC, = 0
gpu_avg_TENSOR_ACC, = 0
gpu_avg_TEX_ACC, = 0
gpu_avg_MEM_RD, = 1.99753
gpu_avg_MEM_WR, = 0
gpu_avg_MEM_PRE, = 0.36141
gpu_avg_L2_RH, = 617.189
gpu_avg_L2_RM, = 1.99753
gpu_avg_L2_WH, = 2.02449
gpu_avg_L2_WM, = 0
gpu_avg_NOC_A, = 1242.42
gpu_avg_PIPE_A, = 0.000371501
gpu_avg_IDLE_CORE_N, = 12.6173
gpu_avg_constant_power = 0
gpu_avg_threads_per_warp = 24.0995
gpu_tot_TOT_INST, = 1.54317e+06
gpu_tot_FP_INT, = 1.51034e+06
gpu_tot_IC_H, = 0
gpu_tot_IC_M, = 0
gpu_tot_DC_RH, = 254381
gpu_tot_DC_RM, = 9.96183e+06
gpu_tot_DC_WH, = 1176
gpu_tot_DC_WM, = 31560
gpu_tot_TC_H, = 0
gpu_tot_TC_M, = 0
gpu_tot_CC_H, = 0
gpu_tot_CC_M, = 0
gpu_tot_SHRD_ACC, = 135168
gpu_tot_REG_RD, = 6.75019e+07
gpu_tot_REG_WR, = 3.49068e+08
gpu_tot_NON_REG_OPs, = 2.94728e+07
gpu_tot_INT_ACC, = 1.39554e+08
gpu_tot_FPU_ACC, = 436146
gpu_tot_DPU_ACC, = 50936.5
gpu_tot_INT_MUL24_ACC, = 0
gpu_tot_INT_MUL32_ACC, = 98304
gpu_tot_INT_MUL_ACC, = 0
gpu_tot_INT_DIV_ACC, = 0
gpu_tot_FP_MUL_ACC, = 1.20568e+06
gpu_tot_FP_DIV_ACC, = 1408
gpu_tot_FP_SQRT_ACC, = 0
gpu_tot_FP_LG_ACC, = 0
gpu_tot_FP_SIN_ACC, = 0
gpu_tot_FP_EXP_ACC, = 471.171
gpu_tot_DP_MUL_ACC, = 8659.19
gpu_tot_DP_DIV_ACC, = 0
gpu_tot_TENSOR_ACC, = 0
gpu_tot_TEX_ACC, = 0
gpu_tot_MEM_RD, = 32300
gpu_tot_MEM_WR, = 0
gpu_tot_MEM_PRE, = 5844
gpu_tot_L2_RH, = 9.97994e+06
gpu_tot_L2_RM, = 32300
gpu_tot_L2_WH, = 32736
gpu_tot_L2_WM, = 0
gpu_tot_NOC_A, = 2.009e+07
gpu_tot_PIPE_A, = 6.00717
gpu_tot_IDLE_CORE_N, = 204022
gpu_tot_constant_power = 0

Kernel Maximum Power Data:
kernel_max_power = 91.1916
gpu_max_IBP, = 0.0191612
gpu_max_ICP, = 0
gpu_max_DCP, = 6.78045
gpu_max_TCP, = 0
gpu_max_CCP, = 0
gpu_max_SHRDP, = 0.0196744
gpu_max_RFP, = 2.61418
gpu_max_INTP, = 0.16721
gpu_max_FPUP, = 0.0235546
gpu_max_DPUP, = 0.00512053
gpu_max_INT_MUL24P, = 0
gpu_max_INT_MUL32P, = 0.00506783
gpu_max_INT_MULP, = 0
gpu_max_INT_DIVP, = 0
gpu_max_FP_MULP, = 0.0852876
gpu_max_FP_DIVP, = 0
gpu_max_FP_SQRTP, = 0
gpu_max_FP_LGP, = 0
gpu_max_FP_SINP, = 0
gpu_max_FP_EXP, = 0
gpu_max_DP_MULP, = 0.00178562
gpu_max_DP_DIVP, = 0
gpu_max_TENSORP, = 0
gpu_max_TEXP, = 0
gpu_max_SCHEDP, = 0.0561424
gpu_max_L2CP, = 1.46833
gpu_max_MCP, = 1.9555
gpu_max_NOCP, = 3.98632
gpu_max_DRAMP, = 0
gpu_max_PIPEP, = 0.0456962
gpu_max_IDLE_COREP, = 0
gpu_max_CONSTP = 32.3252
gpu_max_STATICP = 41.6329
gpu_max_TOT_INST, = 2388
gpu_max_FP_INT, = 2376
gpu_max_IC_H, = 0
gpu_max_IC_M, = 0
gpu_max_DC_RH, = 311
gpu_max_DC_RM, = 17253
gpu_max_DC_WH, = 0
gpu_max_DC_WM, = 0
gpu_max_TC_H, = 0
gpu_max_TC_M, = 0
gpu_max_CC_H, = 0
gpu_max_CC_M, = 0
gpu_max_SHRD_ACC, = 128
gpu_max_REG_RD, = 103776
gpu_max_REG_WR, = 571840
gpu_max_NON_REG_OPs, = 44576
gpu_max_INT_ACC, = 265222
gpu_max_FPU_ACC, = 915.271
gpu_max_DPU_ACC, = 198.971
gpu_max_INT_MUL24_ACC, = 0
gpu_max_INT_MUL32_ACC, = 96
gpu_max_INT_MUL_ACC, = 0
gpu_max_INT_DIV_ACC, = 0
gpu_max_FP_MUL_ACC, = 1615.6
gpu_max_FP_DIV_ACC, = 0
gpu_max_FP_SQRT_ACC, = 0
gpu_max_FP_LG_ACC, = 0
gpu_max_FP_SIN_ACC, = 0
gpu_max_FP_EXP_ACC, = 0
gpu_max_DP_MUL_ACC, = 33.825
gpu_max_DP_DIV_ACC, = 0
gpu_max_TENSOR_ACC, = 0
gpu_max_TEX_ACC, = 0
gpu_max_MEM_RD, = 0
gpu_max_MEM_WR, = 0
gpu_max_MEM_PRE, = 0
gpu_max_L2_RH, = 15638
gpu_max_L2_RM, = 0
gpu_max_L2_WH, = 0
gpu_max_L2_WM, = 0
gpu_max_NOC_A, = 33918
gpu_max_PIPE_A, = 0.0089208
gpu_max_IDLE_CORE_N, = 0
gpu_max_constant_power = 0

Kernel Minimum Power Data:
kernel_min_power = 41.3592
gpu_min_IBP, = 0
gpu_min_ICP, = 0
gpu_min_DCP, = 0
gpu_min_TCP, = 0
gpu_min_CCP, = 0
gpu_min_SHRDP, = 0
gpu_min_RFP, = 0
gpu_min_INTP, = 0
gpu_min_FPUP, = 0
gpu_min_DPUP, = 0
gpu_min_INT_MUL24P, = 0
gpu_min_INT_MUL32P, = 0
gpu_min_INT_MULP, = 0
gpu_min_INT_DIVP, = 0
gpu_min_FP_MULP, = 0
gpu_min_FP_DIVP, = 0
gpu_min_FP_SQRTP, = 0
gpu_min_FP_LGP, = 0
gpu_min_FP_SINP, = 0
gpu_min_FP_EXP, = 0
gpu_min_DP_MULP, = 0
gpu_min_DP_DIVP, = 0
gpu_min_TENSORP, = 0
gpu_min_TEXP, = 0
gpu_min_SCHEDP, = 0
gpu_min_L2CP, = 0
gpu_min_MCP, = 0.55022
gpu_min_NOCP, = 0
gpu_min_DRAMP, = 0
gpu_min_PIPEP, = 0
gpu_min_IDLE_COREP, = 8.48375
gpu_min_CONSTP = 32.3252
gpu_min_STATICP = 0
gpu_min_TOT_INST, = 0
gpu_min_FP_INT, = 0
gpu_min_IC_H, = 0
gpu_min_IC_M, = 0
gpu_min_DC_RH, = 0
gpu_min_DC_RM, = 0
gpu_min_DC_WH, = 0
gpu_min_DC_WM, = 0
gpu_min_TC_H, = 0
gpu_min_TC_M, = 0
gpu_min_CC_H, = 0
gpu_min_CC_M, = 0
gpu_min_SHRD_ACC, = 0
gpu_min_REG_RD, = 0
gpu_min_REG_WR, = 0
gpu_min_NON_REG_OPs, = 0
gpu_min_INT_ACC, = 0
gpu_min_FPU_ACC, = 0
gpu_min_DPU_ACC, = 0
gpu_min_INT_MUL24_ACC, = 0
gpu_min_INT_MUL32_ACC, = 0
gpu_min_INT_MUL_ACC, = 0
gpu_min_INT_DIV_ACC, = 0
gpu_min_FP_MUL_ACC, = 0
gpu_min_FP_DIV_ACC, = 0
gpu_min_FP_SQRT_ACC, = 0
gpu_min_FP_LG_ACC, = 0
gpu_min_FP_SIN_ACC, = 0
gpu_min_FP_EXP_ACC, = 0
gpu_min_DP_MUL_ACC, = 0
gpu_min_DP_DIV_ACC, = 0
gpu_min_TENSOR_ACC, = 0
gpu_min_TEX_ACC, = 0
gpu_min_MEM_RD, = 0
gpu_min_MEM_WR, = 0
gpu_min_MEM_PRE, = 0
gpu_min_L2_RH, = 0
gpu_min_L2_RM, = 0
gpu_min_L2_WH, = 0
gpu_min_L2_WM, = 0
gpu_min_NOC_A, = 0
gpu_min_PIPE_A, = 0
gpu_min_IDLE_CORE_N, = 30
gpu_min_constant_power = 0

Accumulative Power Statistics Over Previous Kernels:
gpu_tot_avg_power = 59.3631
gpu_tot_max_power = 91.1916
gpu_tot_min_power = 41.3592


kernel_name = _Z20GPU_forward_pass_gruPfS_S_S_S_S_S_S_S_S_S_ 
kernel_launch_uid = 2 

Kernel Average Power Data:
kernel_avg_power = 59.4372
gpu_avg_IBP, = 0.000773122
gpu_avg_ICP, = 0
gpu_avg_DCP, = 0.248148
gpu_avg_TCP, = 0
gpu_avg_CCP, = 0
gpu_avg_SHRDP, = 0.00129721
gpu_avg_RFP, = 0.102378
gpu_avg_INTP, = 0.00549339
gpu_avg_FPUP, = 0.000700815
gpu_avg_DPUP, = 8.18466e-05
gpu_avg_INT_MUL24P, = 0
gpu_avg_INT_MUL32P, = 0.000324017
gpu_avg_INT_MULP, = 0
gpu_avg_INT_DIVP, = 0
gpu_avg_FP_MULP, = 0.00397404
gpu_avg_FP_DIVP, = 4.64087e-06
gpu_avg_FP_SQRTP, = 0
gpu_avg_FP_LGP, = 0
gpu_avg_FP_SINP, = 0
gpu_avg_FP_EXP, = 1.55301e-06
gpu_avg_DP_MULP, = 2.85413e-05
gpu_avg_DP_DIVP, = 0
gpu_avg_TENSORP, = 0
gpu_avg_TEXP, = 0
gpu_avg_SCHEDP, = 0.00222825
gpu_avg_L2CP, = 0.0594458
gpu_avg_MCP, = 0.601567
gpu_avg_NOCP, = 0.147412
gpu_avg_DRAMP, = 0
gpu_avg_PIPEP, = 0.00192129
gpu_avg_IDLE_COREP, = 3.54822
gpu_avg_CONSTP = 32.3252
gpu_avg_STATICP = 22.388
gpu_avg_TOT_INST, = 96.3516
gpu_avg_FP_INT, = 94.3017
gpu_avg_IC_H, = 0
gpu_avg_IC_M, = 0
gpu_avg_DC_RH, = 15.936
gpu_avg_DC_RM, = 622.103
gpu_avg_DC_WH, = 0.0534466
gpu_avg_DC_WM, = 1.99251
gpu_avg_TC_H, = 0
gpu_avg_TC_M, = 0
gpu_avg_CC_H, = 0
gpu_avg_CC_M, = 0
gpu_avg_SHRD_ACC, = 8.43956
gpu_avg_REG_RD, = 4214.67
gpu_avg_REG_WR, = 21788.1
gpu_avg_NON_REG_OPs, = 1840.21
gpu_avg_INT_ACC, = 8713.38
gpu_avg_FPU_ACC, = 27.2319
gpu_avg_DPU_ACC, = 3.18035
gpu_avg_INT_MUL24_ACC, = 0
gpu_avg_INT_MUL32_ACC, = 6.13786
gpu_avg_INT_MUL_ACC, = 0
gpu_avg_INT_DIV_ACC, = 0
gpu_avg_FP_MUL_ACC, = 75.2803
gpu_avg_FP_DIV_ACC, = 0.0879121
gpu_avg_FP_SQRT_ACC, = 0
gpu_avg_FP_LG_ACC, = 0
gpu_avg_FP_SIN_ACC, = 0
gpu_avg_FP_EXP_ACC, = 0.0294188
gpu_avg_DP_MUL_ACC, = 0.540659
gpu_avg_DP_DIV_ACC, = 0
gpu_avg_TENSOR_ACC, = 0
gpu_avg_TEX_ACC, = 0
gpu_avg_MEM_RD, = 0
gpu_avg_MEM_WR, = 0
gpu_avg_MEM_PRE, = 0
gpu_avg_L2_RH, = 625.087
gpu_avg_L2_RM, = 0
gpu_avg_L2_WH, = 2.04595
gpu_avg_L2_WM, = 0
gpu_avg_NOC_A, = 1254.27
gpu_avg_PIPE_A, = 0.000375074
gpu_avg_IDLE_CORE_N, = 12.5471
gpu_avg_constant_power = 0
gpu_avg_threads_per_warp = 24.0676
gpu_tot_TOT_INST, = 1.54317e+06
gpu_tot_FP_INT, = 1.51034e+06
gpu_tot_IC_H, = 0
gpu_tot_IC_M, = 0
gpu_tot_DC_RH, = 255231
gpu_tot_DC_RM, = 9.9636e+06
gpu_tot_DC_WH, = 856
gpu_tot_DC_WM, = 31912
gpu_tot_TC_H, = 0
gpu_tot_TC_M, = 0
gpu_tot_CC_H, = 0
gpu_tot_CC_M, = 0
gpu_tot_SHRD_ACC, = 135168
gpu_tot_REG_RD, = 6.75021e+07
gpu_tot_REG_WR, = 3.48958e+08
gpu_tot_NON_REG_OPs, = 2.94728e+07
gpu_tot_INT_ACC, = 1.39554e+08
gpu_tot_FPU_ACC, = 436146
gpu_tot_DPU_ACC, = 50936.5
gpu_tot_INT_MUL24_ACC, = 0
gpu_tot_INT_MUL32_ACC, = 98304
gpu_tot_INT_MUL_ACC, = 0
gpu_tot_INT_DIV_ACC, = 0
gpu_tot_FP_MUL_ACC, = 1.20569e+06
gpu_tot_FP_DIV_ACC, = 1408
gpu_tot_FP_SQRT_ACC, = 0
gpu_tot_FP_LG_ACC, = 0
gpu_tot_FP_SIN_ACC, = 0
gpu_tot_FP_EXP_ACC, = 471.171
gpu_tot_DP_MUL_ACC, = 8659.19
gpu_tot_DP_DIV_ACC, = 0
gpu_tot_TENSOR_ACC, = 0
gpu_tot_TEX_ACC, = 0
gpu_tot_MEM_RD, = 0
gpu_tot_MEM_WR, = 0
gpu_tot_MEM_PRE, = 0
gpu_tot_L2_RH, = 1.00114e+07
gpu_tot_L2_RM, = 0
gpu_tot_L2_WH, = 32768
gpu_tot_L2_WM, = 0
gpu_tot_NOC_A, = 2.00883e+07
gpu_tot_PIPE_A, = 6.00719
gpu_tot_IDLE_CORE_N, = 200955
gpu_tot_constant_power = 0

Kernel Maximum Power Data:
kernel_max_power = 91.4214
gpu_max_IBP, = 0.0190168
gpu_max_ICP, = 0
gpu_max_DCP, = 6.63405
gpu_max_TCP, = 0
gpu_max_CCP, = 0
gpu_max_SHRDP, = 0.0639416
gpu_max_RFP, = 2.67291
gpu_max_INTP, = 0.170839
gpu_max_FPUP, = 0.0841858
gpu_max_DPUP, = 0.0185619
gpu_max_INT_MUL24P, = 0
gpu_max_INT_MUL32P, = 0.0236499
gpu_max_INT_MULP, = 0
gpu_max_INT_DIVP, = 0
gpu_max_FP_MULP, = 0.0763657
gpu_max_FP_DIVP, = 0
gpu_max_FP_SQRTP, = 0
gpu_max_FP_LGP, = 0
gpu_max_FP_SINP, = 0
gpu_max_FP_EXP, = 0
gpu_max_DP_MULP, = 0.00647286
gpu_max_DP_DIVP, = 0
gpu_max_TENSORP, = 0
gpu_max_TEXP, = 0
gpu_max_SCHEDP, = 0.0549609
gpu_max_L2CP, = 1.63086
gpu_max_MCP, = 1.92901
gpu_max_NOCP, = 4.02957
gpu_max_DRAMP, = 0
gpu_max_PIPEP, = 0.048855
gpu_max_IDLE_COREP, = 0
gpu_max_CONSTP = 32.3252
gpu_max_STATICP = 41.6329
gpu_max_TOT_INST, = 2370
gpu_max_FP_INT, = 2326
gpu_max_IC_H, = 0
gpu_max_IC_M, = 0
gpu_max_DC_RH, = 238
gpu_max_DC_RM, = 16988
gpu_max_DC_WH, = 0
gpu_max_DC_WM, = 0
gpu_max_TC_H, = 0
gpu_max_TC_M, = 0
gpu_max_CC_H, = 0
gpu_max_CC_M, = 0
gpu_max_SHRD_ACC, = 416
gpu_max_REG_RD, = 101536
gpu_max_REG_WR, = 596928
gpu_max_NON_REG_OPs, = 44064
gpu_max_INT_ACC, = 270977
gpu_max_FPU_ACC, = 3271.25
gpu_max_DPU_ACC, = 721.269
gpu_max_INT_MUL24_ACC, = 0
gpu_max_INT_MUL32_ACC, = 448
gpu_max_INT_MUL_ACC, = 0
gpu_max_INT_DIV_ACC, = 0
gpu_max_FP_MUL_ACC, = 1446.6
gpu_max_FP_DIV_ACC, = 0
gpu_max_FP_SQRT_ACC, = 0
gpu_max_FP_LG_ACC, = 0
gpu_max_FP_SIN_ACC, = 0
gpu_max_FP_EXP_ACC, = 0
gpu_max_DP_MUL_ACC, = 122.616
gpu_max_DP_DIV_ACC, = 0
gpu_max_TENSOR_ACC, = 0
gpu_max_TEX_ACC, = 0
gpu_max_MEM_RD, = 0
gpu_max_MEM_WR, = 0
gpu_max_MEM_PRE, = 0
gpu_max_L2_RH, = 17369
gpu_max_L2_RM, = 0
gpu_max_L2_WH, = 0
gpu_max_L2_WM, = 0
gpu_max_NOC_A, = 34286
gpu_max_PIPE_A, = 0.00953746
gpu_max_IDLE_CORE_N, = 0
gpu_max_constant_power = 0

Kernel Minimum Power Data:
kernel_min_power = 41.3592
gpu_min_IBP, = 0
gpu_min_ICP, = 0
gpu_min_DCP, = 0
gpu_min_TCP, = 0
gpu_min_CCP, = 0
gpu_min_SHRDP, = 0
gpu_min_RFP, = 0
gpu_min_INTP, = 0
gpu_min_FPUP, = 0
gpu_min_DPUP, = 0
gpu_min_INT_MUL24P, = 0
gpu_min_INT_MUL32P, = 0
gpu_min_INT_MULP, = 0
gpu_min_INT_DIVP, = 0
gpu_min_FP_MULP, = 0
gpu_min_FP_DIVP, = 0
gpu_min_FP_SQRTP, = 0
gpu_min_FP_LGP, = 0
gpu_min_FP_SINP, = 0
gpu_min_FP_EXP, = 0
gpu_min_DP_MULP, = 0
gpu_min_DP_DIVP, = 0
gpu_min_TENSORP, = 0
gpu_min_TEXP, = 0
gpu_min_SCHEDP, = 0
gpu_min_L2CP, = 0
gpu_min_MCP, = 0.55022
gpu_min_NOCP, = 0
gpu_min_DRAMP, = 0
gpu_min_PIPEP, = 0
gpu_min_IDLE_COREP, = 8.48375
gpu_min_CONSTP = 32.3252
gpu_min_STATICP = 0
gpu_min_TOT_INST, = 0
gpu_min_FP_INT, = 0
gpu_min_IC_H, = 0
gpu_min_IC_M, = 0
gpu_min_DC_RH, = 0
gpu_min_DC_RM, = 0
gpu_min_DC_WH, = 0
gpu_min_DC_WM, = 0
gpu_min_TC_H, = 0
gpu_min_TC_M, = 0
gpu_min_CC_H, = 0
gpu_min_CC_M, = 0
gpu_min_SHRD_ACC, = 0
gpu_min_REG_RD, = 0
gpu_min_REG_WR, = 0
gpu_min_NON_REG_OPs, = 0
gpu_min_INT_ACC, = 0
gpu_min_FPU_ACC, = 0
gpu_min_DPU_ACC, = 0
gpu_min_INT_MUL24_ACC, = 0
gpu_min_INT_MUL32_ACC, = 0
gpu_min_INT_MUL_ACC, = 0
gpu_min_INT_DIV_ACC, = 0
gpu_min_FP_MUL_ACC, = 0
gpu_min_FP_DIV_ACC, = 0
gpu_min_FP_SQRT_ACC, = 0
gpu_min_FP_LG_ACC, = 0
gpu_min_FP_SIN_ACC, = 0
gpu_min_FP_EXP_ACC, = 0
gpu_min_DP_MUL_ACC, = 0
gpu_min_DP_DIV_ACC, = 0
gpu_min_TENSOR_ACC, = 0
gpu_min_TEX_ACC, = 0
gpu_min_MEM_RD, = 0
gpu_min_MEM_WR, = 0
gpu_min_MEM_PRE, = 0
gpu_min_L2_RH, = 0
gpu_min_L2_RM, = 0
gpu_min_L2_WH, = 0
gpu_min_L2_WM, = 0
gpu_min_NOC_A, = 0
gpu_min_PIPE_A, = 0
gpu_min_IDLE_CORE_N, = 30
gpu_min_constant_power = 0

Accumulative Power Statistics Over Previous Kernels:
gpu_tot_avg_power = 59.4
gpu_tot_max_power = 91.4214
gpu_tot_min_power = 41.3592


