kernel_name = _Z20GPU_forward_pass_gruPfS_S_S_S_S_S_S_S_S_S_ 
kernel_launch_uid = 1 

Kernel Average Power Data:
kernel_avg_power = 59.4165
gpu_avg_IBP, = 0.000771147
gpu_avg_ICP, = 0
gpu_avg_DCP, = 0.247484
gpu_avg_TCP, = 0
gpu_avg_CCP, = 0
gpu_avg_SHRDP, = 0.0012939
gpu_avg_RFP, = 0.102112
gpu_avg_INTP, = 0.00547936
gpu_avg_FPUP, = 0.000699026
gpu_avg_DPUP, = 8.16376e-05
gpu_avg_INT_MUL24P, = 0
gpu_avg_INT_MUL32P, = 0.00032319
gpu_avg_INT_MULP, = 0
gpu_avg_INT_DIVP, = 0
gpu_avg_FP_MULP, = 0.00396387
gpu_avg_FP_DIVP, = 4.62902e-06
gpu_avg_FP_SQRTP, = 0
gpu_avg_FP_LGP, = 0
gpu_avg_FP_SINP, = 0
gpu_avg_FP_EXP, = 1.54905e-06
gpu_avg_DP_MULP, = 2.84685e-05
gpu_avg_DP_DIVP, = 0
gpu_avg_TENSORP, = 0
gpu_avg_TEXP, = 0
gpu_avg_SCHEDP, = 0.00222256
gpu_avg_L2CP, = 0.0591015
gpu_avg_MCP, = 0.601567
gpu_avg_NOCP, = 0.146997
gpu_avg_DRAMP, = 0.00566078
gpu_avg_PIPEP, = 0.00191638
gpu_avg_IDLE_COREP, = 3.55403
gpu_avg_CONSTP = 32.3252
gpu_avg_STATICP = 22.3575
gpu_avg_TOT_INST, = 96.1055
gpu_avg_FP_INT, = 94.0608
gpu_avg_IC_H, = 0
gpu_avg_IC_M, = 0
gpu_avg_DC_RH, = 16.0181
gpu_avg_DC_RM, = 620.236
gpu_avg_DC_WH, = 0.0491374
gpu_avg_DC_WM, = 1.9896
gpu_avg_TC_H, = 0
gpu_avg_TC_M, = 0
gpu_avg_CC_H, = 0
gpu_avg_CC_M, = 0
gpu_avg_SHRD_ACC, = 8.41801
gpu_avg_REG_RD, = 4203.89
gpu_avg_REG_WR, = 21730.9
gpu_avg_NON_REG_OPs, = 1835.51
gpu_avg_INT_ACC, = 8691.13
gpu_avg_FPU_ACC, = 27.1624
gpu_avg_DPU_ACC, = 3.17223
gpu_avg_INT_MUL24_ACC, = 0
gpu_avg_INT_MUL32_ACC, = 6.12219
gpu_avg_INT_MUL_ACC, = 0
gpu_avg_INT_DIV_ACC, = 0
gpu_avg_FP_MUL_ACC, = 75.0877
gpu_avg_FP_DIV_ACC, = 0.0876876
gpu_avg_FP_SQRT_ACC, = 0
gpu_avg_FP_LG_ACC, = 0
gpu_avg_FP_SIN_ACC, = 0
gpu_avg_FP_EXP_ACC, = 0.0293436
gpu_avg_DP_MUL_ACC, = 0.539278
gpu_avg_DP_DIV_ACC, = 0
gpu_avg_TENSOR_ACC, = 0
gpu_avg_TEX_ACC, = 0
gpu_avg_MEM_RD, = 2.01158
gpu_avg_MEM_WR, = 0
gpu_avg_MEM_PRE, = 0.314006
gpu_avg_L2_RH, = 621.317
gpu_avg_L2_RM, = 2.01158
gpu_avg_L2_WH, = 2.03874
gpu_avg_L2_WM, = 0
gpu_avg_NOC_A, = 1250.74
gpu_avg_PIPE_A, = 0.000374115
gpu_avg_IDLE_CORE_N, = 12.5677
gpu_avg_constant_power = 0
gpu_avg_threads_per_warp = 24.1618
gpu_tot_TOT_INST, = 1.54317e+06
gpu_tot_FP_INT, = 1.51034e+06
gpu_tot_IC_H, = 0
gpu_tot_IC_M, = 0
gpu_tot_DC_RH, = 257202
gpu_tot_DC_RM, = 9.95913e+06
gpu_tot_DC_WH, = 789
gpu_tot_DC_WM, = 31947
gpu_tot_TC_H, = 0
gpu_tot_TC_M, = 0
gpu_tot_CC_H, = 0
gpu_tot_CC_M, = 0
gpu_tot_SHRD_ACC, = 135168
gpu_tot_REG_RD, = 6.75019e+07
gpu_tot_REG_WR, = 3.48934e+08
gpu_tot_NON_REG_OPs, = 2.94728e+07
gpu_tot_INT_ACC, = 1.39554e+08
gpu_tot_FPU_ACC, = 436146
gpu_tot_DPU_ACC, = 50936.5
gpu_tot_INT_MUL24_ACC, = 0
gpu_tot_INT_MUL32_ACC, = 98304
gpu_tot_INT_MUL_ACC, = 0
gpu_tot_INT_DIV_ACC, = 0
gpu_tot_FP_MUL_ACC, = 1.20568e+06
gpu_tot_FP_DIV_ACC, = 1408
gpu_tot_FP_SQRT_ACC, = 0
gpu_tot_FP_LG_ACC, = 0
gpu_tot_FP_SIN_ACC, = 0
gpu_tot_FP_EXP_ACC, = 471.171
gpu_tot_DP_MUL_ACC, = 8659.19
gpu_tot_DP_DIV_ACC, = 0
gpu_tot_TENSOR_ACC, = 0
gpu_tot_TEX_ACC, = 0
gpu_tot_MEM_RD, = 32300
gpu_tot_MEM_WR, = 0
gpu_tot_MEM_PRE, = 5042
gpu_tot_L2_RH, = 9.97649e+06
gpu_tot_L2_RM, = 32300
gpu_tot_L2_WH, = 32736
gpu_tot_L2_WM, = 0
gpu_tot_NOC_A, = 2.00831e+07
gpu_tot_PIPE_A, = 6.00717
gpu_tot_IDLE_CORE_N, = 201799
gpu_tot_constant_power = 0

Kernel Maximum Power Data:
kernel_max_power = 90.9351
gpu_max_IBP, = 0.01807
gpu_max_ICP, = 0
gpu_max_DCP, = 6.50837
gpu_max_TCP, = 0
gpu_max_CCP, = 0
gpu_max_SHRDP, = 0.0786974
gpu_max_RFP, = 2.53817
gpu_max_INTP, = 0.152999
gpu_max_FPUP, = 0.0859306
gpu_max_DPUP, = 0.019202
gpu_max_INT_MUL24P, = 0
gpu_max_INT_MUL32P, = 0.0185821
gpu_max_INT_MULP, = 0
gpu_max_INT_DIVP, = 0
gpu_max_FP_MULP, = 0.0730388
gpu_max_FP_DIVP, = 0
gpu_max_FP_SQRTP, = 0
gpu_max_FP_LGP, = 0
gpu_max_FP_SINP, = 0
gpu_max_FP_EXP, = 0
gpu_max_DP_MULP, = 0.00669607
gpu_max_DP_DIVP, = 0
gpu_max_TENSORP, = 0
gpu_max_TEXP, = 0
gpu_max_SCHEDP, = 0.0522436
gpu_max_L2CP, = 1.57743
gpu_max_MCP, = 1.9046
gpu_max_NOCP, = 3.89653
gpu_max_DRAMP, = 0
gpu_max_PIPEP, = 0.0463792
gpu_max_IDLE_COREP, = 0
gpu_max_CONSTP = 32.3252
gpu_max_STATICP = 41.6329
gpu_max_TOT_INST, = 2252
gpu_max_FP_INT, = 2211
gpu_max_IC_H, = 0
gpu_max_IC_M, = 0
gpu_max_DC_RH, = 204
gpu_max_DC_RM, = 16714
gpu_max_DC_WH, = 0
gpu_max_DC_WM, = 0
gpu_max_TC_H, = 0
gpu_max_TC_M, = 0
gpu_max_CC_H, = 0
gpu_max_CC_M, = 0
gpu_max_SHRD_ACC, = 512
gpu_max_REG_RD, = 97152
gpu_max_REG_WR, = 567520
gpu_max_NON_REG_OPs, = 41504
gpu_max_INT_ACC, = 242681
gpu_max_FPU_ACC, = 3339.04
gpu_max_DPU_ACC, = 746.14
gpu_max_INT_MUL24_ACC, = 0
gpu_max_INT_MUL32_ACC, = 352
gpu_max_INT_MUL_ACC, = 0
gpu_max_INT_DIV_ACC, = 0
gpu_max_FP_MUL_ACC, = 1383.58
gpu_max_FP_DIV_ACC, = 0
gpu_max_FP_SQRT_ACC, = 0
gpu_max_FP_LG_ACC, = 0
gpu_max_FP_SIN_ACC, = 0
gpu_max_FP_EXP_ACC, = 0
gpu_max_DP_MUL_ACC, = 126.844
gpu_max_DP_DIV_ACC, = 0
gpu_max_TENSOR_ACC, = 0
gpu_max_TEX_ACC, = 0
gpu_max_MEM_RD, = 0
gpu_max_MEM_WR, = 0
gpu_max_MEM_PRE, = 0
gpu_max_L2_RH, = 16800
gpu_max_L2_RM, = 0
gpu_max_L2_WH, = 0
gpu_max_L2_WM, = 0
gpu_max_NOC_A, = 33154
gpu_max_PIPE_A, = 0.00905414
gpu_max_IDLE_CORE_N, = 0
gpu_max_constant_power = 0

Kernel Minimum Power Data:
kernel_min_power = 41.3592
gpu_min_IBP, = 0
gpu_min_ICP, = 0
gpu_min_DCP, = 0
gpu_min_TCP, = 0
gpu_min_CCP, = 0
gpu_min_SHRDP, = 0
gpu_min_RFP, = 0
gpu_min_INTP, = 0
gpu_min_FPUP, = 0
gpu_min_DPUP, = 0
gpu_min_INT_MUL24P, = 0
gpu_min_INT_MUL32P, = 0
gpu_min_INT_MULP, = 0
gpu_min_INT_DIVP, = 0
gpu_min_FP_MULP, = 0
gpu_min_FP_DIVP, = 0
gpu_min_FP_SQRTP, = 0
gpu_min_FP_LGP, = 0
gpu_min_FP_SINP, = 0
gpu_min_FP_EXP, = 0
gpu_min_DP_MULP, = 0
gpu_min_DP_DIVP, = 0
gpu_min_TENSORP, = 0
gpu_min_TEXP, = 0
gpu_min_SCHEDP, = 0
gpu_min_L2CP, = 0
gpu_min_MCP, = 0.55022
gpu_min_NOCP, = 0
gpu_min_DRAMP, = 0
gpu_min_PIPEP, = 0
gpu_min_IDLE_COREP, = 8.48375
gpu_min_CONSTP = 32.3252
gpu_min_STATICP = 0
gpu_min_TOT_INST, = 0
gpu_min_FP_INT, = 0
gpu_min_IC_H, = 0
gpu_min_IC_M, = 0
gpu_min_DC_RH, = 0
gpu_min_DC_RM, = 0
gpu_min_DC_WH, = 0
gpu_min_DC_WM, = 0
gpu_min_TC_H, = 0
gpu_min_TC_M, = 0
gpu_min_CC_H, = 0
gpu_min_CC_M, = 0
gpu_min_SHRD_ACC, = 0
gpu_min_REG_RD, = 0
gpu_min_REG_WR, = 0
gpu_min_NON_REG_OPs, = 0
gpu_min_INT_ACC, = 0
gpu_min_FPU_ACC, = 0
gpu_min_DPU_ACC, = 0
gpu_min_INT_MUL24_ACC, = 0
gpu_min_INT_MUL32_ACC, = 0
gpu_min_INT_MUL_ACC, = 0
gpu_min_INT_DIV_ACC, = 0
gpu_min_FP_MUL_ACC, = 0
gpu_min_FP_DIV_ACC, = 0
gpu_min_FP_SQRT_ACC, = 0
gpu_min_FP_LG_ACC, = 0
gpu_min_FP_SIN_ACC, = 0
gpu_min_FP_EXP_ACC, = 0
gpu_min_DP_MUL_ACC, = 0
gpu_min_DP_DIV_ACC, = 0
gpu_min_TENSOR_ACC, = 0
gpu_min_TEX_ACC, = 0
gpu_min_MEM_RD, = 0
gpu_min_MEM_WR, = 0
gpu_min_MEM_PRE, = 0
gpu_min_L2_RH, = 0
gpu_min_L2_RM, = 0
gpu_min_L2_WH, = 0
gpu_min_L2_WM, = 0
gpu_min_NOC_A, = 0
gpu_min_PIPE_A, = 0
gpu_min_IDLE_CORE_N, = 30
gpu_min_constant_power = 0

Accumulative Power Statistics Over Previous Kernels:
gpu_tot_avg_power = 59.4165
gpu_tot_max_power = 90.9351
gpu_tot_min_power = 41.3592


kernel_name = _Z20GPU_forward_pass_gruPfS_S_S_S_S_S_S_S_S_S_ 
kernel_launch_uid = 2 

Kernel Average Power Data:
kernel_avg_power = 59.4341
gpu_avg_IBP, = 0.000772833
gpu_avg_ICP, = 0
gpu_avg_DCP, = 0.248077
gpu_avg_TCP, = 0
gpu_avg_CCP, = 0
gpu_avg_SHRDP, = 0.00129672
gpu_avg_RFP, = 0.102333
gpu_avg_INTP, = 0.00549133
gpu_avg_FPUP, = 0.000700553
gpu_avg_DPUP, = 8.18159e-05
gpu_avg_INT_MUL24P, = 0
gpu_avg_INT_MUL32P, = 0.000323896
gpu_avg_INT_MULP, = 0
gpu_avg_INT_DIVP, = 0
gpu_avg_FP_MULP, = 0.00397257
gpu_avg_FP_DIVP, = 4.63913e-06
gpu_avg_FP_SQRTP, = 0
gpu_avg_FP_LGP, = 0
gpu_avg_FP_SINP, = 0
gpu_avg_FP_EXP, = 1.55243e-06
gpu_avg_DP_MULP, = 2.85306e-05
gpu_avg_DP_DIVP, = 0
gpu_avg_TENSORP, = 0
gpu_avg_TEXP, = 0
gpu_avg_SCHEDP, = 0.00222742
gpu_avg_L2CP, = 0.0594198
gpu_avg_MCP, = 0.60155
gpu_avg_NOCP, = 0.147346
gpu_avg_DRAMP, = 0
gpu_avg_PIPEP, = 0.00192058
gpu_avg_IDLE_COREP, = 3.54707
gpu_avg_CONSTP = 32.3252
gpu_avg_STATICP = 22.3863
gpu_avg_TOT_INST, = 96.3157
gpu_avg_FP_INT, = 94.2664
gpu_avg_IC_H, = 0
gpu_avg_IC_M, = 0
gpu_avg_DC_RH, = 15.9775
gpu_avg_DC_RM, = 621.852
gpu_avg_DC_WH, = 0.0576083
gpu_avg_DC_WM, = 1.98958
gpu_avg_TC_H, = 0
gpu_avg_TC_M, = 0
gpu_avg_CC_H, = 0
gpu_avg_CC_M, = 0
gpu_avg_SHRD_ACC, = 8.4364
gpu_avg_REG_RD, = 4213.1
gpu_avg_REG_WR, = 21777.6
gpu_avg_NON_REG_OPs, = 1839.52
gpu_avg_INT_ACC, = 8710.12
gpu_avg_FPU_ACC, = 27.2217
gpu_avg_DPU_ACC, = 3.17916
gpu_avg_INT_MUL24_ACC, = 0
gpu_avg_INT_MUL32_ACC, = 6.13556
gpu_avg_INT_MUL_ACC, = 0
gpu_avg_INT_DIV_ACC, = 0
gpu_avg_FP_MUL_ACC, = 75.2525
gpu_avg_FP_DIV_ACC, = 0.0878792
gpu_avg_FP_SQRT_ACC, = 0
gpu_avg_FP_LG_ACC, = 0
gpu_avg_FP_SIN_ACC, = 0
gpu_avg_FP_EXP_ACC, = 0.0294077
gpu_avg_DP_MUL_ACC, = 0.540456
gpu_avg_DP_DIV_ACC, = 0
gpu_avg_TENSOR_ACC, = 0
gpu_avg_TEX_ACC, = 0
gpu_avg_MEM_RD, = 0
gpu_avg_MEM_WR, = 0
gpu_avg_MEM_PRE, = 0
gpu_avg_L2_RH, = 624.806
gpu_avg_L2_RM, = 0
gpu_avg_L2_WH, = 2.04712
gpu_avg_L2_WM, = 0
gpu_avg_NOC_A, = 1253.71
gpu_avg_PIPE_A, = 0.000374935
gpu_avg_IDLE_CORE_N, = 12.5431
gpu_avg_constant_power = 0
gpu_avg_threads_per_warp = 23.8193
gpu_tot_TOT_INST, = 1.54317e+06
gpu_tot_FP_INT, = 1.51034e+06
gpu_tot_IC_H, = 0
gpu_tot_IC_M, = 0
gpu_tot_DC_RH, = 255992
gpu_tot_DC_RM, = 9.96332e+06
gpu_tot_DC_WH, = 923
gpu_tot_DC_WM, = 31877
gpu_tot_TC_H, = 0
gpu_tot_TC_M, = 0
gpu_tot_CC_H, = 0
gpu_tot_CC_M, = 0
gpu_tot_SHRD_ACC, = 135168
gpu_tot_REG_RD, = 6.75023e+07
gpu_tot_REG_WR, = 3.48921e+08
gpu_tot_NON_REG_OPs, = 2.94728e+07
gpu_tot_INT_ACC, = 1.39554e+08
gpu_tot_FPU_ACC, = 436146
gpu_tot_DPU_ACC, = 50936.5
gpu_tot_INT_MUL24_ACC, = 0
gpu_tot_INT_MUL32_ACC, = 98304
gpu_tot_INT_MUL_ACC, = 0
gpu_tot_INT_DIV_ACC, = 0
gpu_tot_FP_MUL_ACC, = 1.20569e+06
gpu_tot_FP_DIV_ACC, = 1408
gpu_tot_FP_SQRT_ACC, = 0
gpu_tot_FP_LG_ACC, = 0
gpu_tot_FP_SIN_ACC, = 0
gpu_tot_FP_EXP_ACC, = 471.171
gpu_tot_DP_MUL_ACC, = 8659.19
gpu_tot_DP_DIV_ACC, = 0
gpu_tot_TENSOR_ACC, = 0
gpu_tot_TEX_ACC, = 0
gpu_tot_MEM_RD, = 0
gpu_tot_MEM_WR, = 0
gpu_tot_MEM_PRE, = 0
gpu_tot_L2_RH, = 1.00106e+07
gpu_tot_L2_RM, = 0
gpu_tot_L2_WH, = 32799
gpu_tot_L2_WM, = 0
gpu_tot_NOC_A, = 2.00869e+07
gpu_tot_PIPE_A, = 6.00721
gpu_tot_IDLE_CORE_N, = 200965
gpu_tot_constant_power = 0

Kernel Maximum Power Data:
kernel_max_power = 90.3738
gpu_max_IBP, = 0.0175564
gpu_max_ICP, = 0
gpu_max_DCP, = 6.23752
gpu_max_TCP, = 0
gpu_max_CCP, = 0
gpu_max_SHRDP, = 0.0295115
gpu_max_RFP, = 2.50713
gpu_max_INTP, = 0.150278
gpu_max_FPUP, = 0.0532159
gpu_max_DPUP, = 0.0115212
gpu_max_INT_MUL24P, = 0
gpu_max_INT_MUL32P, = 0.0118249
gpu_max_INT_MULP, = 0
gpu_max_INT_DIVP, = 0
gpu_max_FP_MULP, = 0.0766681
gpu_max_FP_DIVP, = 0
gpu_max_FP_SQRTP, = 0
gpu_max_FP_LGP, = 0
gpu_max_FP_SINP, = 0
gpu_max_FP_EXP, = 0
gpu_max_DP_MULP, = 0.00379444
gpu_max_DP_DIVP, = 0
gpu_max_TENSORP, = 0
gpu_max_TEXP, = 0
gpu_max_SCHEDP, = 0.0510858
gpu_max_L2CP, = 1.55377
gpu_max_MCP, = 1.846
gpu_max_NOCP, = 3.8219
gpu_max_DRAMP, = 0
gpu_max_PIPEP, = 0.0439034
gpu_max_IDLE_COREP, = 0
gpu_max_CONSTP = 32.3252
gpu_max_STATICP = 41.6329
gpu_max_TOT_INST, = 2188
gpu_max_FP_INT, = 2162
gpu_max_IC_H, = 0
gpu_max_IC_M, = 0
gpu_max_DC_RH, = 234
gpu_max_DC_RM, = 15956
gpu_max_DC_WH, = 0
gpu_max_DC_WM, = 0
gpu_max_TC_H, = 0
gpu_max_TC_M, = 0
gpu_max_CC_H, = 0
gpu_max_CC_M, = 0
gpu_max_SHRD_ACC, = 192
gpu_max_REG_RD, = 94496
gpu_max_REG_WR, = 567712
gpu_max_NON_REG_OPs, = 39808
gpu_max_INT_ACC, = 238364
gpu_max_FPU_ACC, = 2067.83
gpu_max_DPU_ACC, = 447.684
gpu_max_INT_MUL24_ACC, = 0
gpu_max_INT_MUL32_ACC, = 224
gpu_max_INT_MUL_ACC, = 0
gpu_max_INT_DIV_ACC, = 0
gpu_max_FP_MUL_ACC, = 1452.32
gpu_max_FP_DIV_ACC, = 0
gpu_max_FP_SQRT_ACC, = 0
gpu_max_FP_LG_ACC, = 0
gpu_max_FP_SIN_ACC, = 0
gpu_max_FP_EXP_ACC, = 0
gpu_max_DP_MUL_ACC, = 71.8781
gpu_max_DP_DIV_ACC, = 0
gpu_max_TENSOR_ACC, = 0
gpu_max_TEX_ACC, = 0
gpu_max_MEM_RD, = 0
gpu_max_MEM_WR, = 0
gpu_max_MEM_PRE, = 0
gpu_max_L2_RH, = 16548
gpu_max_L2_RM, = 0
gpu_max_L2_WH, = 0
gpu_max_L2_WM, = 0
gpu_max_NOC_A, = 32519
gpu_max_PIPE_A, = 0.00857081
gpu_max_IDLE_CORE_N, = 0
gpu_max_constant_power = 0

Kernel Minimum Power Data:
kernel_min_power = 41.3592
gpu_min_IBP, = 0
gpu_min_ICP, = 0
gpu_min_DCP, = 0
gpu_min_TCP, = 0
gpu_min_CCP, = 0
gpu_min_SHRDP, = 0
gpu_min_RFP, = 0
gpu_min_INTP, = 0
gpu_min_FPUP, = 0
gpu_min_DPUP, = 0
gpu_min_INT_MUL24P, = 0
gpu_min_INT_MUL32P, = 0
gpu_min_INT_MULP, = 0
gpu_min_INT_DIVP, = 0
gpu_min_FP_MULP, = 0
gpu_min_FP_DIVP, = 0
gpu_min_FP_SQRTP, = 0
gpu_min_FP_LGP, = 0
gpu_min_FP_SINP, = 0
gpu_min_FP_EXP, = 0
gpu_min_DP_MULP, = 0
gpu_min_DP_DIVP, = 0
gpu_min_TENSORP, = 0
gpu_min_TEXP, = 0
gpu_min_SCHEDP, = 0
gpu_min_L2CP, = 0
gpu_min_MCP, = 0.55022
gpu_min_NOCP, = 0
gpu_min_DRAMP, = 0
gpu_min_PIPEP, = 0
gpu_min_IDLE_COREP, = 8.48375
gpu_min_CONSTP = 32.3252
gpu_min_STATICP = 0
gpu_min_TOT_INST, = 0
gpu_min_FP_INT, = 0
gpu_min_IC_H, = 0
gpu_min_IC_M, = 0
gpu_min_DC_RH, = 0
gpu_min_DC_RM, = 0
gpu_min_DC_WH, = 0
gpu_min_DC_WM, = 0
gpu_min_TC_H, = 0
gpu_min_TC_M, = 0
gpu_min_CC_H, = 0
gpu_min_CC_M, = 0
gpu_min_SHRD_ACC, = 0
gpu_min_REG_RD, = 0
gpu_min_REG_WR, = 0
gpu_min_NON_REG_OPs, = 0
gpu_min_INT_ACC, = 0
gpu_min_FPU_ACC, = 0
gpu_min_DPU_ACC, = 0
gpu_min_INT_MUL24_ACC, = 0
gpu_min_INT_MUL32_ACC, = 0
gpu_min_INT_MUL_ACC, = 0
gpu_min_INT_DIV_ACC, = 0
gpu_min_FP_MUL_ACC, = 0
gpu_min_FP_DIV_ACC, = 0
gpu_min_FP_SQRT_ACC, = 0
gpu_min_FP_LG_ACC, = 0
gpu_min_FP_SIN_ACC, = 0
gpu_min_FP_EXP_ACC, = 0
gpu_min_DP_MUL_ACC, = 0
gpu_min_DP_DIV_ACC, = 0
gpu_min_TENSOR_ACC, = 0
gpu_min_TEX_ACC, = 0
gpu_min_MEM_RD, = 0
gpu_min_MEM_WR, = 0
gpu_min_MEM_PRE, = 0
gpu_min_L2_RH, = 0
gpu_min_L2_RM, = 0
gpu_min_L2_WH, = 0
gpu_min_L2_WM, = 0
gpu_min_NOC_A, = 0
gpu_min_PIPE_A, = 0
gpu_min_IDLE_CORE_N, = 30
gpu_min_constant_power = 0

Accumulative Power Statistics Over Previous Kernels:
gpu_tot_avg_power = 59.4253
gpu_tot_max_power = 90.9351
gpu_tot_min_power = 41.3592


