kernel_name = _Z14dynproc_kerneliPiS_S_iiii 
kernel_launch_uid = 1 

Kernel Average Power Data:
kernel_avg_power = 108.806
gpu_avg_IBP, = 0.3753
gpu_avg_ICP, = 0
gpu_avg_DCP, = 2.04747
gpu_avg_TCP, = 0
gpu_avg_CCP, = 0
gpu_avg_SHRDP, = 1.14064
gpu_avg_RFP, = 15.7378
gpu_avg_INTP, = 7.90319
gpu_avg_FPUP, = 0
gpu_avg_DPUP, = 0
gpu_avg_INT_MUL24P, = 0
gpu_avg_INT_MUL32P, = 2.17855
gpu_avg_INT_MULP, = 0
gpu_avg_INT_DIVP, = 0
gpu_avg_FP_MULP, = 0
gpu_avg_FP_DIVP, = 0
gpu_avg_FP_SQRTP, = 0
gpu_avg_FP_LGP, = 0
gpu_avg_FP_SINP, = 0
gpu_avg_FP_EXP, = 0
gpu_avg_DP_MULP, = 0
gpu_avg_DP_DIVP, = 0
gpu_avg_TENSORP, = 0
gpu_avg_TEXP, = 0
gpu_avg_SCHEDP, = 1.10518
gpu_avg_L2CP, = 0.148294
gpu_avg_MCP, = 1.16796
gpu_avg_NOCP, = 1.09193
gpu_avg_DRAMP, = 9.68116
gpu_avg_PIPEP, = 0.960373
gpu_avg_IDLE_COREP, = 0.088658
gpu_avg_CONSTP = 32.3252
gpu_avg_STATICP = 32.8542
gpu_avg_TOT_INST, = 46772.4
gpu_avg_FP_INT, = 46772.4
gpu_avg_IC_H, = 0
gpu_avg_IC_M, = 0
gpu_avg_DC_RH, = 1163.87
gpu_avg_DC_RM, = 3406.77
gpu_avg_DC_WH, = 17.1693
gpu_avg_DC_WM, = 68.0586
gpu_avg_TC_H, = 0
gpu_avg_TC_M, = 0
gpu_avg_CC_H, = 0
gpu_avg_CC_M, = 0
gpu_avg_SHRD_ACC, = 7420.92
gpu_avg_REG_RD, = 1.68303e+06
gpu_avg_REG_WR, = 1.23226e+06
gpu_avg_NON_REG_OPs, = 481765
gpu_avg_INT_ACC, = 1.25357e+07
gpu_avg_FPU_ACC, = 0
gpu_avg_DPU_ACC, = 0
gpu_avg_INT_MUL24_ACC, = 0
gpu_avg_INT_MUL32_ACC, = 41268.4
gpu_avg_INT_MUL_ACC, = 0
gpu_avg_INT_DIV_ACC, = 0
gpu_avg_FP_MUL_ACC, = 0
gpu_avg_FP_DIV_ACC, = 0
gpu_avg_FP_SQRT_ACC, = 0
gpu_avg_FP_LG_ACC, = 0
gpu_avg_FP_SIN_ACC, = 0
gpu_avg_FP_EXP_ACC, = 0
gpu_avg_DP_MUL_ACC, = 0
gpu_avg_DP_DIV_ACC, = 0
gpu_avg_TENSOR_ACC, = 0
gpu_avg_TEX_ACC, = 0
gpu_avg_MEM_RD, = 3401.61
gpu_avg_MEM_WR, = 63.9404
gpu_avg_MEM_PRE, = 556.058
gpu_avg_L2_RH, = 1158.58
gpu_avg_L2_RM, = 3401.61
gpu_avg_L2_WH, = 18.7497
gpu_avg_L2_WM, = 66.4782
gpu_avg_NOC_A, = 9290.82
gpu_avg_PIPE_A, = 0.187484
gpu_avg_IDLE_CORE_N, = 0.31351
gpu_avg_constant_power = 0
gpu_avg_threads_per_warp = 30.8322
gpu_tot_TOT_INST, = 4.39193e+07
gpu_tot_FP_INT, = 4.39193e+07
gpu_tot_IC_H, = 0
gpu_tot_IC_M, = 0
gpu_tot_DC_RH, = 1.09287e+06
gpu_tot_DC_RM, = 3.19896e+06
gpu_tot_DC_WH, = 16122
gpu_tot_DC_WM, = 63907
gpu_tot_TC_H, = 0
gpu_tot_TC_M, = 0
gpu_tot_CC_H, = 0
gpu_tot_CC_M, = 0
gpu_tot_SHRD_ACC, = 6.96824e+06
gpu_tot_REG_RD, = 1.58036e+09
gpu_tot_REG_WR, = 1.15709e+09
gpu_tot_NON_REG_OPs, = 4.52377e+08
gpu_tot_INT_ACC, = 1.1771e+10
gpu_tot_FPU_ACC, = 0
gpu_tot_DPU_ACC, = 0
gpu_tot_INT_MUL24_ACC, = 0
gpu_tot_INT_MUL32_ACC, = 3.8751e+07
gpu_tot_INT_MUL_ACC, = 0
gpu_tot_INT_DIV_ACC, = 0
gpu_tot_FP_MUL_ACC, = 0
gpu_tot_FP_DIV_ACC, = 0
gpu_tot_FP_SQRT_ACC, = 0
gpu_tot_FP_LG_ACC, = 0
gpu_tot_FP_SIN_ACC, = 0
gpu_tot_FP_EXP_ACC, = 0
gpu_tot_DP_MUL_ACC, = 0
gpu_tot_DP_DIV_ACC, = 0
gpu_tot_TENSOR_ACC, = 0
gpu_tot_TEX_ACC, = 0
gpu_tot_MEM_RD, = 3.19411e+06
gpu_tot_MEM_WR, = 60040
gpu_tot_MEM_PRE, = 522138
gpu_tot_L2_RH, = 1.0879e+06
gpu_tot_L2_RM, = 3.19411e+06
gpu_tot_L2_WH, = 17606
gpu_tot_L2_WM, = 62423
gpu_tot_NOC_A, = 8.72408e+06
gpu_tot_PIPE_A, = 176.047
gpu_tot_IDLE_CORE_N, = 294.386
gpu_tot_constant_power = 0

Kernel Maximum Power Data:
kernel_max_power = 120.774
gpu_max_IBP, = 0.444937
gpu_max_ICP, = 0
gpu_max_DCP, = 2.50648
gpu_max_TCP, = 0
gpu_max_CCP, = 0
gpu_max_SHRDP, = 0.453893
gpu_max_RFP, = 21.9715
gpu_max_INTP, = 12.2772
gpu_max_FPUP, = 0
gpu_max_DPUP, = 0
gpu_max_INT_MUL24P, = 0
gpu_max_INT_MUL32P, = 4.37808
gpu_max_INT_MULP, = 0
gpu_max_INT_DIVP, = 0
gpu_max_FP_MULP, = 0
gpu_max_FP_DIVP, = 0
gpu_max_FP_SQRTP, = 0
gpu_max_FP_LGP, = 0
gpu_max_FP_SINP, = 0
gpu_max_FP_EXP, = 0
gpu_max_DP_MULP, = 0
gpu_max_DP_DIVP, = 0
gpu_max_TENSORP, = 0
gpu_max_TEXP, = 0
gpu_max_SCHEDP, = 1.31025
gpu_max_L2CP, = 0.503558
gpu_max_MCP, = 1.25201
gpu_max_NOCP, = 1.38483
gpu_max_DRAMP, = 7.3431
gpu_max_PIPEP, = 1.15929
gpu_max_IDLE_COREP, = 0
gpu_max_CONSTP = 32.3252
gpu_max_STATICP = 33.4636
gpu_max_TOT_INST, = 55451
gpu_max_FP_INT, = 55451
gpu_max_IC_H, = 0
gpu_max_IC_M, = 0
gpu_max_DC_RH, = 1146
gpu_max_DC_RM, = 4134
gpu_max_DC_WH, = 145
gpu_max_DC_WM, = 575
gpu_max_TC_H, = 0
gpu_max_TC_M, = 0
gpu_max_CC_H, = 0
gpu_max_CC_M, = 0
gpu_max_SHRD_ACC, = 2953
gpu_max_REG_RD, = 2.08182e+06
gpu_max_REG_WR, = 1.60928e+06
gpu_max_NON_REG_OPs, = 765792
gpu_max_INT_ACC, = 1.94736e+07
gpu_max_FPU_ACC, = 0
gpu_max_DPU_ACC, = 0
gpu_max_INT_MUL24_ACC, = 0
gpu_max_INT_MUL32_ACC, = 82934
gpu_max_INT_MUL_ACC, = 0
gpu_max_INT_DIV_ACC, = 0
gpu_max_FP_MUL_ACC, = 0
gpu_max_FP_DIV_ACC, = 0
gpu_max_FP_SQRT_ACC, = 0
gpu_max_FP_LG_ACC, = 0
gpu_max_FP_SIN_ACC, = 0
gpu_max_FP_EXP_ACC, = 0
gpu_max_DP_MUL_ACC, = 0
gpu_max_DP_DIV_ACC, = 0
gpu_max_TENSOR_ACC, = 0
gpu_max_TEX_ACC, = 0
gpu_max_MEM_RD, = 2652
gpu_max_MEM_WR, = 0
gpu_max_MEM_PRE, = 150
gpu_max_L2_RH, = 1768
gpu_max_L2_RM, = 2889
gpu_max_L2_WH, = 329
gpu_max_L2_WM, = 1120
gpu_max_NOC_A, = 11783
gpu_max_PIPE_A, = 0.226316
gpu_max_IDLE_CORE_N, = 0
gpu_max_constant_power = 0

Kernel Minimum Power Data:
kernel_min_power = 41.3592
gpu_min_IBP, = 0
gpu_min_ICP, = 0
gpu_min_DCP, = 0
gpu_min_TCP, = 0
gpu_min_CCP, = 0
gpu_min_SHRDP, = 0
gpu_min_RFP, = 0
gpu_min_INTP, = 0
gpu_min_FPUP, = 0
gpu_min_DPUP, = 0
gpu_min_INT_MUL24P, = 0
gpu_min_INT_MUL32P, = 0
gpu_min_INT_MULP, = 0
gpu_min_INT_DIVP, = 0
gpu_min_FP_MULP, = 0
gpu_min_FP_DIVP, = 0
gpu_min_FP_SQRTP, = 0
gpu_min_FP_LGP, = 0
gpu_min_FP_SINP, = 0
gpu_min_FP_EXP, = 0
gpu_min_DP_MULP, = 0
gpu_min_DP_DIVP, = 0
gpu_min_TENSORP, = 0
gpu_min_TEXP, = 0
gpu_min_SCHEDP, = 0
gpu_min_L2CP, = 0
gpu_min_MCP, = 0.55022
gpu_min_NOCP, = 0
gpu_min_DRAMP, = 0
gpu_min_PIPEP, = 0
gpu_min_IDLE_COREP, = 8.48375
gpu_min_CONSTP = 32.3252
gpu_min_STATICP = 0
gpu_min_TOT_INST, = 0
gpu_min_FP_INT, = 0
gpu_min_IC_H, = 0
gpu_min_IC_M, = 0
gpu_min_DC_RH, = 0
gpu_min_DC_RM, = 0
gpu_min_DC_WH, = 0
gpu_min_DC_WM, = 0
gpu_min_TC_H, = 0
gpu_min_TC_M, = 0
gpu_min_CC_H, = 0
gpu_min_CC_M, = 0
gpu_min_SHRD_ACC, = 0
gpu_min_REG_RD, = 0
gpu_min_REG_WR, = 0
gpu_min_NON_REG_OPs, = 0
gpu_min_INT_ACC, = 0
gpu_min_FPU_ACC, = 0
gpu_min_DPU_ACC, = 0
gpu_min_INT_MUL24_ACC, = 0
gpu_min_INT_MUL32_ACC, = 0
gpu_min_INT_MUL_ACC, = 0
gpu_min_INT_DIV_ACC, = 0
gpu_min_FP_MUL_ACC, = 0
gpu_min_FP_DIV_ACC, = 0
gpu_min_FP_SQRT_ACC, = 0
gpu_min_FP_LG_ACC, = 0
gpu_min_FP_SIN_ACC, = 0
gpu_min_FP_EXP_ACC, = 0
gpu_min_DP_MUL_ACC, = 0
gpu_min_DP_DIV_ACC, = 0
gpu_min_TENSOR_ACC, = 0
gpu_min_TEX_ACC, = 0
gpu_min_MEM_RD, = 0
gpu_min_MEM_WR, = 0
gpu_min_MEM_PRE, = 0
gpu_min_L2_RH, = 0
gpu_min_L2_RM, = 0
gpu_min_L2_WH, = 0
gpu_min_L2_WM, = 0
gpu_min_NOC_A, = 0
gpu_min_PIPE_A, = 0
gpu_min_IDLE_CORE_N, = 30
gpu_min_constant_power = 0

Accumulative Power Statistics Over Previous Kernels:
gpu_tot_avg_power = 108.806
gpu_tot_max_power = 120.774
gpu_tot_min_power = 41.3592


kernel_name = _Z14dynproc_kerneliPiS_S_iiii 
kernel_launch_uid = 2 

Kernel Average Power Data:
kernel_avg_power = 108.648
gpu_avg_IBP, = 0.374505
gpu_avg_ICP, = 0
gpu_avg_DCP, = 2.02958
gpu_avg_TCP, = 0
gpu_avg_CCP, = 0
gpu_avg_SHRDP, = 1.13822
gpu_avg_RFP, = 15.7012
gpu_avg_INTP, = 7.88643
gpu_avg_FPUP, = 0
gpu_avg_DPUP, = 0
gpu_avg_INT_MUL24P, = 0
gpu_avg_INT_MUL32P, = 2.17396
gpu_avg_INT_MULP, = 0
gpu_avg_INT_DIVP, = 0
gpu_avg_FP_MULP, = 0
gpu_avg_FP_DIVP, = 0
gpu_avg_FP_SQRTP, = 0
gpu_avg_FP_LGP, = 0
gpu_avg_FP_SINP, = 0
gpu_avg_FP_EXP, = 0
gpu_avg_DP_MULP, = 0
gpu_avg_DP_DIVP, = 0
gpu_avg_TENSORP, = 0
gpu_avg_TEXP, = 0
gpu_avg_SCHEDP, = 1.10284
gpu_avg_L2CP, = 0.146315
gpu_avg_MCP, = 1.16243
gpu_avg_NOCP, = 1.0811
gpu_avg_DRAMP, = 9.6218
gpu_avg_PIPEP, = 0.95834
gpu_avg_IDLE_COREP, = 0.0857868
gpu_avg_CONSTP = 32.3252
gpu_avg_STATICP = 32.8607
gpu_avg_TOT_INST, = 46673.3
gpu_avg_FP_INT, = 46673.3
gpu_avg_IC_H, = 0
gpu_avg_IC_M, = 0
gpu_avg_DC_RH, = 1163.1
gpu_avg_DC_RM, = 3361.2
gpu_avg_DC_WH, = 17.1775
gpu_avg_DC_WM, = 68.0287
gpu_avg_TC_H, = 0
gpu_avg_TC_M, = 0
gpu_avg_CC_H, = 0
gpu_avg_CC_M, = 0
gpu_avg_SHRD_ACC, = 7405.18
gpu_avg_REG_RD, = 1.67946e+06
gpu_avg_REG_WR, = 1.22855e+06
gpu_avg_NON_REG_OPs, = 480744
gpu_avg_INT_ACC, = 1.25091e+07
gpu_avg_FPU_ACC, = 0
gpu_avg_DPU_ACC, = 0
gpu_avg_INT_MUL24_ACC, = 0
gpu_avg_INT_MUL32_ACC, = 41181.4
gpu_avg_INT_MUL_ACC, = 0
gpu_avg_INT_DIV_ACC, = 0
gpu_avg_FP_MUL_ACC, = 0
gpu_avg_FP_DIV_ACC, = 0
gpu_avg_FP_SQRT_ACC, = 0
gpu_avg_FP_LG_ACC, = 0
gpu_avg_FP_SIN_ACC, = 0
gpu_avg_FP_EXP_ACC, = 0
gpu_avg_DP_MUL_ACC, = 0
gpu_avg_DP_DIV_ACC, = 0
gpu_avg_TENSOR_ACC, = 0
gpu_avg_TEX_ACC, = 0
gpu_avg_MEM_RD, = 3374.6
gpu_avg_MEM_WR, = 65.3135
gpu_avg_MEM_PRE, = 583.874
gpu_avg_L2_RH, = 1139.56
gpu_avg_L2_RM, = 3374.62
gpu_avg_L2_WH, = 18.7216
gpu_avg_L2_WM, = 66.3783
gpu_avg_NOC_A, = 9198.68
gpu_avg_PIPE_A, = 0.187087
gpu_avg_IDLE_CORE_N, = 0.303357
gpu_avg_constant_power = 0
gpu_avg_threads_per_warp = 30.8629
gpu_tot_TOT_INST, = 4.39196e+07
gpu_tot_FP_INT, = 4.39196e+07
gpu_tot_IC_H, = 0
gpu_tot_IC_M, = 0
gpu_tot_DC_RH, = 1.09448e+06
gpu_tot_DC_RM, = 3.16289e+06
gpu_tot_DC_WH, = 16164
gpu_tot_DC_WM, = 64015
gpu_tot_TC_H, = 0
gpu_tot_TC_M, = 0
gpu_tot_CC_H, = 0
gpu_tot_CC_M, = 0
gpu_tot_SHRD_ACC, = 6.96828e+06
gpu_tot_REG_RD, = 1.58037e+09
gpu_tot_REG_WR, = 1.15607e+09
gpu_tot_NON_REG_OPs, = 4.5238e+08
gpu_tot_INT_ACC, = 1.17711e+10
gpu_tot_FPU_ACC, = 0
gpu_tot_DPU_ACC, = 0
gpu_tot_INT_MUL24_ACC, = 0
gpu_tot_INT_MUL32_ACC, = 3.87517e+07
gpu_tot_INT_MUL_ACC, = 0
gpu_tot_INT_DIV_ACC, = 0
gpu_tot_FP_MUL_ACC, = 0
gpu_tot_FP_DIV_ACC, = 0
gpu_tot_FP_SQRT_ACC, = 0
gpu_tot_FP_LG_ACC, = 0
gpu_tot_FP_SIN_ACC, = 0
gpu_tot_FP_EXP_ACC, = 0
gpu_tot_DP_MUL_ACC, = 0
gpu_tot_DP_DIV_ACC, = 0
gpu_tot_TENSOR_ACC, = 0
gpu_tot_TEX_ACC, = 0
gpu_tot_MEM_RD, = 3.1755e+06
gpu_tot_MEM_WR, = 61460
gpu_tot_MEM_PRE, = 549425
gpu_tot_L2_RH, = 1.07232e+06
gpu_tot_L2_RM, = 3.17552e+06
gpu_tot_L2_WH, = 17617
gpu_tot_L2_WM, = 62462
gpu_tot_NOC_A, = 8.65596e+06
gpu_tot_PIPE_A, = 176.049
gpu_tot_IDLE_CORE_N, = 285.459
gpu_tot_constant_power = 0

Kernel Maximum Power Data:
kernel_max_power = 117.676
gpu_max_IBP, = 0.440307
gpu_max_ICP, = 0
gpu_max_DCP, = 2.35907
gpu_max_TCP, = 0
gpu_max_CCP, = 0
gpu_max_SHRDP, = 1.03536
gpu_max_RFP, = 19.9893
gpu_max_INTP, = 10.8252
gpu_max_FPUP, = 0
gpu_max_DPUP, = 0
gpu_max_INT_MUL24P, = 0
gpu_max_INT_MUL32P, = 3.29604
gpu_max_INT_MULP, = 0
gpu_max_INT_DIVP, = 0
gpu_max_FP_MULP, = 0
gpu_max_FP_DIVP, = 0
gpu_max_FP_SQRTP, = 0
gpu_max_FP_LGP, = 0
gpu_max_FP_SINP, = 0
gpu_max_FP_EXP, = 0
gpu_max_DP_MULP, = 0
gpu_max_DP_DIVP, = 0
gpu_max_TENSORP, = 0
gpu_max_TEXP, = 0
gpu_max_SCHEDP, = 1.29661
gpu_max_L2CP, = 0.255433
gpu_max_MCP, = 1.21266
gpu_max_NOCP, = 1.25931
gpu_max_DRAMP, = 8.77866
gpu_max_PIPEP, = 1.13927
gpu_max_IDLE_COREP, = 0
gpu_max_CONSTP = 32.3252
gpu_max_STATICP = 33.4636
gpu_max_TOT_INST, = 54874
gpu_max_FP_INT, = 54874
gpu_max_IC_H, = 0
gpu_max_IC_M, = 0
gpu_max_DC_RH, = 1235
gpu_max_DC_RM, = 4029
gpu_max_DC_WH, = 37
gpu_max_DC_WM, = 147
gpu_max_TC_H, = 0
gpu_max_TC_M, = 0
gpu_max_CC_H, = 0
gpu_max_CC_M, = 0
gpu_max_SHRD_ACC, = 6736
gpu_max_REG_RD, = 2.0856e+06
gpu_max_REG_WR, = 1.54746e+06
gpu_max_NON_REG_OPs, = 629184
gpu_max_INT_ACC, = 1.71705e+07
gpu_max_FPU_ACC, = 0
gpu_max_DPU_ACC, = 0
gpu_max_INT_MUL24_ACC, = 0
gpu_max_INT_MUL32_ACC, = 62437
gpu_max_INT_MUL_ACC, = 0
gpu_max_INT_DIV_ACC, = 0
gpu_max_FP_MUL_ACC, = 0
gpu_max_FP_DIV_ACC, = 0
gpu_max_FP_SQRT_ACC, = 0
gpu_max_FP_LG_ACC, = 0
gpu_max_FP_SIN_ACC, = 0
gpu_max_FP_EXP_ACC, = 0
gpu_max_DP_MUL_ACC, = 0
gpu_max_DP_DIV_ACC, = 0
gpu_max_TENSOR_ACC, = 0
gpu_max_TEX_ACC, = 0
gpu_max_MEM_RD, = 3148
gpu_max_MEM_WR, = 0
gpu_max_MEM_PRE, = 315
gpu_max_L2_RH, = 1822
gpu_max_L2_RM, = 3023
gpu_max_L2_WH, = 69
gpu_max_L2_WM, = 228
gpu_max_NOC_A, = 10715
gpu_max_PIPE_A, = 0.222409
gpu_max_IDLE_CORE_N, = 0
gpu_max_constant_power = 0

Kernel Minimum Power Data:
kernel_min_power = 41.3592
gpu_min_IBP, = 0
gpu_min_ICP, = 0
gpu_min_DCP, = 0
gpu_min_TCP, = 0
gpu_min_CCP, = 0
gpu_min_SHRDP, = 0
gpu_min_RFP, = 0
gpu_min_INTP, = 0
gpu_min_FPUP, = 0
gpu_min_DPUP, = 0
gpu_min_INT_MUL24P, = 0
gpu_min_INT_MUL32P, = 0
gpu_min_INT_MULP, = 0
gpu_min_INT_DIVP, = 0
gpu_min_FP_MULP, = 0
gpu_min_FP_DIVP, = 0
gpu_min_FP_SQRTP, = 0
gpu_min_FP_LGP, = 0
gpu_min_FP_SINP, = 0
gpu_min_FP_EXP, = 0
gpu_min_DP_MULP, = 0
gpu_min_DP_DIVP, = 0
gpu_min_TENSORP, = 0
gpu_min_TEXP, = 0
gpu_min_SCHEDP, = 0
gpu_min_L2CP, = 0
gpu_min_MCP, = 0.55022
gpu_min_NOCP, = 0
gpu_min_DRAMP, = 0
gpu_min_PIPEP, = 0
gpu_min_IDLE_COREP, = 8.48375
gpu_min_CONSTP = 32.3252
gpu_min_STATICP = 0
gpu_min_TOT_INST, = 0
gpu_min_FP_INT, = 0
gpu_min_IC_H, = 0
gpu_min_IC_M, = 0
gpu_min_DC_RH, = 0
gpu_min_DC_RM, = 0
gpu_min_DC_WH, = 0
gpu_min_DC_WM, = 0
gpu_min_TC_H, = 0
gpu_min_TC_M, = 0
gpu_min_CC_H, = 0
gpu_min_CC_M, = 0
gpu_min_SHRD_ACC, = 0
gpu_min_REG_RD, = 0
gpu_min_REG_WR, = 0
gpu_min_NON_REG_OPs, = 0
gpu_min_INT_ACC, = 0
gpu_min_FPU_ACC, = 0
gpu_min_DPU_ACC, = 0
gpu_min_INT_MUL24_ACC, = 0
gpu_min_INT_MUL32_ACC, = 0
gpu_min_INT_MUL_ACC, = 0
gpu_min_INT_DIV_ACC, = 0
gpu_min_FP_MUL_ACC, = 0
gpu_min_FP_DIV_ACC, = 0
gpu_min_FP_SQRT_ACC, = 0
gpu_min_FP_LG_ACC, = 0
gpu_min_FP_SIN_ACC, = 0
gpu_min_FP_EXP_ACC, = 0
gpu_min_DP_MUL_ACC, = 0
gpu_min_DP_DIV_ACC, = 0
gpu_min_TENSOR_ACC, = 0
gpu_min_TEX_ACC, = 0
gpu_min_MEM_RD, = 0
gpu_min_MEM_WR, = 0
gpu_min_MEM_PRE, = 0
gpu_min_L2_RH, = 0
gpu_min_L2_RM, = 0
gpu_min_L2_WH, = 0
gpu_min_L2_WM, = 0
gpu_min_NOC_A, = 0
gpu_min_PIPE_A, = 0
gpu_min_IDLE_CORE_N, = 30
gpu_min_constant_power = 0

Accumulative Power Statistics Over Previous Kernels:
gpu_tot_avg_power = 108.727
gpu_tot_max_power = 120.774
gpu_tot_min_power = 41.3592


kernel_name = _Z14dynproc_kerneliPiS_S_iiii 
kernel_launch_uid = 3 

Kernel Average Power Data:
kernel_avg_power = 108.682
gpu_avg_IBP, = 0.374107
gpu_avg_ICP, = 0
gpu_avg_DCP, = 2.04049
gpu_avg_TCP, = 0
gpu_avg_CCP, = 0
gpu_avg_SHRDP, = 1.13701
gpu_avg_RFP, = 15.6881
gpu_avg_INTP, = 7.87805
gpu_avg_FPUP, = 0
gpu_avg_DPUP, = 0
gpu_avg_INT_MUL24P, = 0
gpu_avg_INT_MUL32P, = 2.17165
gpu_avg_INT_MULP, = 0
gpu_avg_INT_DIVP, = 0
gpu_avg_FP_MULP, = 0
gpu_avg_FP_DIVP, = 0
gpu_avg_FP_SQRTP, = 0
gpu_avg_FP_LGP, = 0
gpu_avg_FP_SINP, = 0
gpu_avg_FP_EXP, = 0
gpu_avg_DP_MULP, = 0
gpu_avg_DP_DIVP, = 0
gpu_avg_TENSORP, = 0
gpu_avg_TEXP, = 0
gpu_avg_SCHEDP, = 1.10167
gpu_avg_L2CP, = 0.148424
gpu_avg_MCP, = 1.16651
gpu_avg_NOCP, = 1.08993
gpu_avg_DRAMP, = 9.66551
gpu_avg_PIPEP, = 0.957321
gpu_avg_IDLE_COREP, = 0.0860996
gpu_avg_CONSTP = 32.3252
gpu_avg_STATICP = 32.852
gpu_avg_TOT_INST, = 46623.7
gpu_avg_FP_INT, = 46623.7
gpu_avg_IC_H, = 0
gpu_avg_IC_M, = 0
gpu_avg_DC_RH, = 1154.07
gpu_avg_DC_RM, = 3404.51
gpu_avg_DC_WH, = 17.1221
gpu_avg_DC_WM, = 67.9406
gpu_avg_TC_H, = 0
gpu_avg_TC_M, = 0
gpu_avg_CC_H, = 0
gpu_avg_CC_M, = 0
gpu_avg_SHRD_ACC, = 7397.31
gpu_avg_REG_RD, = 1.67768e+06
gpu_avg_REG_WR, = 1.22846e+06
gpu_avg_NON_REG_OPs, = 480233
gpu_avg_INT_ACC, = 1.24958e+07
gpu_avg_FPU_ACC, = 0
gpu_avg_DPU_ACC, = 0
gpu_avg_INT_MUL24_ACC, = 0
gpu_avg_INT_MUL32_ACC, = 41137.5
gpu_avg_INT_MUL_ACC, = 0
gpu_avg_INT_DIV_ACC, = 0
gpu_avg_FP_MUL_ACC, = 0
gpu_avg_FP_DIV_ACC, = 0
gpu_avg_FP_SQRT_ACC, = 0
gpu_avg_FP_LG_ACC, = 0
gpu_avg_FP_SIN_ACC, = 0
gpu_avg_FP_EXP_ACC, = 0
gpu_avg_DP_MUL_ACC, = 0
gpu_avg_DP_DIV_ACC, = 0
gpu_avg_TENSOR_ACC, = 0
gpu_avg_TEX_ACC, = 0
gpu_avg_MEM_RD, = 3390.97
gpu_avg_MEM_WR, = 66.4968
gpu_avg_MEM_PRE, = 577.304
gpu_avg_L2_RH, = 1160.79
gpu_avg_L2_RM, = 3390.97
gpu_avg_L2_WH, = 18.7389
gpu_avg_L2_WM, = 66.4299
gpu_avg_NOC_A, = 9273.75
gpu_avg_PIPE_A, = 0.186888
gpu_avg_IDLE_CORE_N, = 0.304463
gpu_avg_constant_power = 0
gpu_avg_threads_per_warp = 30.8623
gpu_tot_TOT_INST, = 4.39195e+07
gpu_tot_FP_INT, = 4.39195e+07
gpu_tot_IC_H, = 0
gpu_tot_IC_M, = 0
gpu_tot_DC_RH, = 1.08714e+06
gpu_tot_DC_RM, = 3.20705e+06
gpu_tot_DC_WH, = 16129
gpu_tot_DC_WM, = 64000
gpu_tot_TC_H, = 0
gpu_tot_TC_M, = 0
gpu_tot_CC_H, = 0
gpu_tot_CC_M, = 0
gpu_tot_SHRD_ACC, = 6.96827e+06
gpu_tot_REG_RD, = 1.58037e+09
gpu_tot_REG_WR, = 1.1572e+09
gpu_tot_NON_REG_OPs, = 4.5238e+08
gpu_tot_INT_ACC, = 1.17711e+10
gpu_tot_FPU_ACC, = 0
gpu_tot_DPU_ACC, = 0
gpu_tot_INT_MUL24_ACC, = 0
gpu_tot_INT_MUL32_ACC, = 3.87515e+07
gpu_tot_INT_MUL_ACC, = 0
gpu_tot_INT_DIV_ACC, = 0
gpu_tot_FP_MUL_ACC, = 0
gpu_tot_FP_DIV_ACC, = 0
gpu_tot_FP_SQRT_ACC, = 0
gpu_tot_FP_LG_ACC, = 0
gpu_tot_FP_SIN_ACC, = 0
gpu_tot_FP_EXP_ACC, = 0
gpu_tot_DP_MUL_ACC, = 0
gpu_tot_DP_DIV_ACC, = 0
gpu_tot_TENSOR_ACC, = 0
gpu_tot_TEX_ACC, = 0
gpu_tot_MEM_RD, = 3.19429e+06
gpu_tot_MEM_WR, = 62640
gpu_tot_MEM_PRE, = 543820
gpu_tot_L2_RH, = 1.09346e+06
gpu_tot_L2_RM, = 3.19429e+06
gpu_tot_L2_WH, = 17652
gpu_tot_L2_WM, = 62577
gpu_tot_NOC_A, = 8.73587e+06
gpu_tot_PIPE_A, = 176.048
gpu_tot_IDLE_CORE_N, = 286.804
gpu_tot_constant_power = 0

Kernel Maximum Power Data:
kernel_max_power = 119.591
gpu_max_IBP, = 0.444327
gpu_max_ICP, = 0
gpu_max_DCP, = 2.2244
gpu_max_TCP, = 0
gpu_max_CCP, = 0
gpu_max_SHRDP, = 0.620818
gpu_max_RFP, = 21.4109
gpu_max_INTP, = 11.9446
gpu_max_FPUP, = 0
gpu_max_DPUP, = 0
gpu_max_INT_MUL24P, = 0
gpu_max_INT_MUL32P, = 4.0255
gpu_max_INT_MULP, = 0
gpu_max_INT_DIVP, = 0
gpu_max_FP_MULP, = 0
gpu_max_FP_DIVP, = 0
gpu_max_FP_SQRTP, = 0
gpu_max_FP_LGP, = 0
gpu_max_FP_SINP, = 0
gpu_max_FP_EXP, = 0
gpu_max_DP_MULP, = 0
gpu_max_DP_DIVP, = 0
gpu_max_TENSORP, = 0
gpu_max_TEXP, = 0
gpu_max_SCHEDP, = 1.30845
gpu_max_L2CP, = 0.364768
gpu_max_MCP, = 1.21311
gpu_max_NOCP, = 1.2458
gpu_max_DRAMP, = 7.84219
gpu_max_PIPEP, = 1.15778
gpu_max_IDLE_COREP, = 0
gpu_max_CONSTP = 32.3252
gpu_max_STATICP = 33.4636
gpu_max_TOT_INST, = 55375
gpu_max_FP_INT, = 55375
gpu_max_IC_H, = 0
gpu_max_IC_M, = 0
gpu_max_DC_RH, = 1111
gpu_max_DC_RM, = 3387
gpu_max_DC_WH, = 165
gpu_max_DC_WM, = 640
gpu_max_TC_H, = 0
gpu_max_TC_M, = 0
gpu_max_CC_H, = 0
gpu_max_CC_M, = 0
gpu_max_SHRD_ACC, = 4039
gpu_max_REG_RD, = 2.09446e+06
gpu_max_REG_WR, = 1.5967e+06
gpu_max_NON_REG_OPs, = 723104
gpu_max_INT_ACC, = 1.8946e+07
gpu_max_FPU_ACC, = 0
gpu_max_DPU_ACC, = 0
gpu_max_INT_MUL24_ACC, = 0
gpu_max_INT_MUL32_ACC, = 76255
gpu_max_INT_MUL_ACC, = 0
gpu_max_INT_DIV_ACC, = 0
gpu_max_FP_MUL_ACC, = 0
gpu_max_FP_DIV_ACC, = 0
gpu_max_FP_SQRT_ACC, = 0
gpu_max_FP_LG_ACC, = 0
gpu_max_FP_SIN_ACC, = 0
gpu_max_FP_EXP_ACC, = 0
gpu_max_DP_MUL_ACC, = 0
gpu_max_DP_DIV_ACC, = 0
gpu_max_TENSOR_ACC, = 0
gpu_max_TEX_ACC, = 0
gpu_max_MEM_RD, = 2825
gpu_max_MEM_WR, = 0
gpu_max_MEM_PRE, = 204
gpu_max_L2_RH, = 1435
gpu_max_L2_RM, = 2987
gpu_max_L2_WH, = 218
gpu_max_L2_WM, = 741
gpu_max_NOC_A, = 10600
gpu_max_PIPE_A, = 0.226021
gpu_max_IDLE_CORE_N, = 0
gpu_max_constant_power = 0

Kernel Minimum Power Data:
kernel_min_power = 41.3592
gpu_min_IBP, = 0
gpu_min_ICP, = 0
gpu_min_DCP, = 0
gpu_min_TCP, = 0
gpu_min_CCP, = 0
gpu_min_SHRDP, = 0
gpu_min_RFP, = 0
gpu_min_INTP, = 0
gpu_min_FPUP, = 0
gpu_min_DPUP, = 0
gpu_min_INT_MUL24P, = 0
gpu_min_INT_MUL32P, = 0
gpu_min_INT_MULP, = 0
gpu_min_INT_DIVP, = 0
gpu_min_FP_MULP, = 0
gpu_min_FP_DIVP, = 0
gpu_min_FP_SQRTP, = 0
gpu_min_FP_LGP, = 0
gpu_min_FP_SINP, = 0
gpu_min_FP_EXP, = 0
gpu_min_DP_MULP, = 0
gpu_min_DP_DIVP, = 0
gpu_min_TENSORP, = 0
gpu_min_TEXP, = 0
gpu_min_SCHEDP, = 0
gpu_min_L2CP, = 0
gpu_min_MCP, = 0.55022
gpu_min_NOCP, = 0
gpu_min_DRAMP, = 0
gpu_min_PIPEP, = 0
gpu_min_IDLE_COREP, = 8.48375
gpu_min_CONSTP = 32.3252
gpu_min_STATICP = 0
gpu_min_TOT_INST, = 0
gpu_min_FP_INT, = 0
gpu_min_IC_H, = 0
gpu_min_IC_M, = 0
gpu_min_DC_RH, = 0
gpu_min_DC_RM, = 0
gpu_min_DC_WH, = 0
gpu_min_DC_WM, = 0
gpu_min_TC_H, = 0
gpu_min_TC_M, = 0
gpu_min_CC_H, = 0
gpu_min_CC_M, = 0
gpu_min_SHRD_ACC, = 0
gpu_min_REG_RD, = 0
gpu_min_REG_WR, = 0
gpu_min_NON_REG_OPs, = 0
gpu_min_INT_ACC, = 0
gpu_min_FPU_ACC, = 0
gpu_min_DPU_ACC, = 0
gpu_min_INT_MUL24_ACC, = 0
gpu_min_INT_MUL32_ACC, = 0
gpu_min_INT_MUL_ACC, = 0
gpu_min_INT_DIV_ACC, = 0
gpu_min_FP_MUL_ACC, = 0
gpu_min_FP_DIV_ACC, = 0
gpu_min_FP_SQRT_ACC, = 0
gpu_min_FP_LG_ACC, = 0
gpu_min_FP_SIN_ACC, = 0
gpu_min_FP_EXP_ACC, = 0
gpu_min_DP_MUL_ACC, = 0
gpu_min_DP_DIV_ACC, = 0
gpu_min_TENSOR_ACC, = 0
gpu_min_TEX_ACC, = 0
gpu_min_MEM_RD, = 0
gpu_min_MEM_WR, = 0
gpu_min_MEM_PRE, = 0
gpu_min_L2_RH, = 0
gpu_min_L2_RM, = 0
gpu_min_L2_WH, = 0
gpu_min_L2_WM, = 0
gpu_min_NOC_A, = 0
gpu_min_PIPE_A, = 0
gpu_min_IDLE_CORE_N, = 30
gpu_min_constant_power = 0

Accumulative Power Statistics Over Previous Kernels:
gpu_tot_avg_power = 108.712
gpu_tot_max_power = 120.774
gpu_tot_min_power = 41.3592


kernel_name = _Z14dynproc_kerneliPiS_S_iiii 
kernel_launch_uid = 4 

Kernel Average Power Data:
kernel_avg_power = 108.431
gpu_avg_IBP, = 0.37174
gpu_avg_ICP, = 0
gpu_avg_DCP, = 2.02924
gpu_avg_TCP, = 0
gpu_avg_CCP, = 0
gpu_avg_SHRDP, = 1.12982
gpu_avg_RFP, = 15.5891
gpu_avg_INTP, = 7.8282
gpu_avg_FPUP, = 0
gpu_avg_DPUP, = 0
gpu_avg_INT_MUL24P, = 0
gpu_avg_INT_MUL32P, = 2.15791
gpu_avg_INT_MULP, = 0
gpu_avg_INT_DIVP, = 0
gpu_avg_FP_MULP, = 0
gpu_avg_FP_DIVP, = 0
gpu_avg_FP_SQRTP, = 0
gpu_avg_FP_LGP, = 0
gpu_avg_FP_SINP, = 0
gpu_avg_FP_EXP, = 0
gpu_avg_DP_MULP, = 0
gpu_avg_DP_DIVP, = 0
gpu_avg_TENSORP, = 0
gpu_avg_TEXP, = 0
gpu_avg_SCHEDP, = 1.0947
gpu_avg_L2CP, = 0.149341
gpu_avg_MCP, = 1.16421
gpu_avg_NOCP, = 1.08779
gpu_avg_DRAMP, = 9.61293
gpu_avg_PIPEP, = 0.951264
gpu_avg_IDLE_COREP, = 0.0783184
gpu_avg_CONSTP = 32.3252
gpu_avg_STATICP = 32.8608
gpu_avg_TOT_INST, = 46328.7
gpu_avg_FP_INT, = 46328.7
gpu_avg_IC_H, = 0
gpu_avg_IC_M, = 0
gpu_avg_DC_RH, = 1126.44
gpu_avg_DC_RM, = 3420.27
gpu_avg_DC_WH, = 16.9884
gpu_avg_DC_WM, = 67.5359
gpu_avg_TC_H, = 0
gpu_avg_TC_M, = 0
gpu_avg_CC_H, = 0
gpu_avg_CC_M, = 0
gpu_avg_SHRD_ACC, = 7350.51
gpu_avg_REG_RD, = 1.66706e+06
gpu_avg_REG_WR, = 1.22079e+06
gpu_avg_NON_REG_OPs, = 477195
gpu_avg_INT_ACC, = 1.24168e+07
gpu_avg_FPU_ACC, = 0
gpu_avg_DPU_ACC, = 0
gpu_avg_INT_MUL24_ACC, = 0
gpu_avg_INT_MUL32_ACC, = 40877.3
gpu_avg_INT_MUL_ACC, = 0
gpu_avg_INT_DIV_ACC, = 0
gpu_avg_FP_MUL_ACC, = 0
gpu_avg_FP_DIV_ACC, = 0
gpu_avg_FP_SQRT_ACC, = 0
gpu_avg_FP_LG_ACC, = 0
gpu_avg_FP_SIN_ACC, = 0
gpu_avg_FP_EXP_ACC, = 0
gpu_avg_DP_MUL_ACC, = 0
gpu_avg_DP_DIV_ACC, = 0
gpu_avg_TENSOR_ACC, = 0
gpu_avg_TEX_ACC, = 0
gpu_avg_MEM_RD, = 3369.65
gpu_avg_MEM_WR, = 66.6962
gpu_avg_MEM_PRE, = 589.635
gpu_avg_L2_RH, = 1173.65
gpu_avg_L2_RM, = 3369.63
gpu_avg_L2_WH, = 18.5781
gpu_avg_L2_WM, = 65.8671
gpu_avg_NOC_A, = 9255.54
gpu_avg_PIPE_A, = 0.185706
gpu_avg_IDLE_CORE_N, = 0.276947
gpu_avg_constant_power = 0
gpu_avg_threads_per_warp = 30.8629
gpu_tot_TOT_INST, = 4.39196e+07
gpu_tot_FP_INT, = 4.39196e+07
gpu_tot_IC_H, = 0
gpu_tot_IC_M, = 0
gpu_tot_DC_RH, = 1.06787e+06
gpu_tot_DC_RM, = 3.24242e+06
gpu_tot_DC_WH, = 16105
gpu_tot_DC_WM, = 64024
gpu_tot_TC_H, = 0
gpu_tot_TC_M, = 0
gpu_tot_CC_H, = 0
gpu_tot_CC_M, = 0
gpu_tot_SHRD_ACC, = 6.96828e+06
gpu_tot_REG_RD, = 1.58037e+09
gpu_tot_REG_WR, = 1.15731e+09
gpu_tot_NON_REG_OPs, = 4.52381e+08
gpu_tot_INT_ACC, = 1.17711e+10
gpu_tot_FPU_ACC, = 0
gpu_tot_DPU_ACC, = 0
gpu_tot_INT_MUL24_ACC, = 0
gpu_tot_INT_MUL32_ACC, = 3.87517e+07
gpu_tot_INT_MUL_ACC, = 0
gpu_tot_INT_DIV_ACC, = 0
gpu_tot_FP_MUL_ACC, = 0
gpu_tot_FP_DIV_ACC, = 0
gpu_tot_FP_SQRT_ACC, = 0
gpu_tot_FP_LG_ACC, = 0
gpu_tot_FP_SIN_ACC, = 0
gpu_tot_FP_EXP_ACC, = 0
gpu_tot_DP_MUL_ACC, = 0
gpu_tot_DP_DIV_ACC, = 0
gpu_tot_TENSOR_ACC, = 0
gpu_tot_TEX_ACC, = 0
gpu_tot_MEM_RD, = 3.19443e+06
gpu_tot_MEM_WR, = 63228
gpu_tot_MEM_PRE, = 558974
gpu_tot_L2_RH, = 1.11262e+06
gpu_tot_L2_RM, = 3.19441e+06
gpu_tot_L2_WH, = 17612
gpu_tot_L2_WM, = 62442
gpu_tot_NOC_A, = 8.77425e+06
gpu_tot_PIPE_A, = 176.049
gpu_tot_IDLE_CORE_N, = 262.546
gpu_tot_constant_power = 0

Kernel Maximum Power Data:
kernel_max_power = 123.018
gpu_max_IBP, = 0.472756
gpu_max_ICP, = 0
gpu_max_DCP, = 2.29397
gpu_max_TCP, = 0
gpu_max_CCP, = 0
gpu_max_SHRDP, = 0.705664
gpu_max_RFP, = 22.8361
gpu_max_INTP, = 13.0003
gpu_max_FPUP, = 0
gpu_max_DPUP, = 0
gpu_max_INT_MUL24P, = 0
gpu_max_INT_MUL32P, = 4.17162
gpu_max_INT_MULP, = 0
gpu_max_INT_DIVP, = 0
gpu_max_FP_MULP, = 0
gpu_max_FP_DIVP, = 0
gpu_max_FP_SQRTP, = 0
gpu_max_FP_LGP, = 0
gpu_max_FP_SINP, = 0
gpu_max_FP_EXP, = 0
gpu_max_DP_MULP, = 0
gpu_max_DP_DIVP, = 0
gpu_max_TENSORP, = 0
gpu_max_TEXP, = 0
gpu_max_SCHEDP, = 1.39217
gpu_max_L2CP, = 0.336828
gpu_max_MCP, = 1.22246
gpu_max_NOCP, = 1.27683
gpu_max_DRAMP, = 8.28546
gpu_max_PIPEP, = 1.23493
gpu_max_IDLE_COREP, = 0
gpu_max_CONSTP = 32.3252
gpu_max_STATICP = 33.4636
gpu_max_TOT_INST, = 58918
gpu_max_FP_INT, = 58918
gpu_max_IC_H, = 0
gpu_max_IC_M, = 0
gpu_max_DC_RH, = 1064
gpu_max_DC_RM, = 3964
gpu_max_DC_WH, = 80
gpu_max_DC_WM, = 320
gpu_max_TC_H, = 0
gpu_max_TC_M, = 0
gpu_max_CC_H, = 0
gpu_max_CC_M, = 0
gpu_max_SHRD_ACC, = 4591
gpu_max_REG_RD, = 2.28829e+06
gpu_max_REG_WR, = 1.73802e+06
gpu_max_NON_REG_OPs, = 749568
gpu_max_INT_ACC, = 2.06205e+07
gpu_max_FPU_ACC, = 0
gpu_max_DPU_ACC, = 0
gpu_max_INT_MUL24_ACC, = 0
gpu_max_INT_MUL32_ACC, = 79023
gpu_max_INT_MUL_ACC, = 0
gpu_max_INT_DIV_ACC, = 0
gpu_max_FP_MUL_ACC, = 0
gpu_max_FP_DIV_ACC, = 0
gpu_max_FP_SQRT_ACC, = 0
gpu_max_FP_LG_ACC, = 0
gpu_max_FP_SIN_ACC, = 0
gpu_max_FP_EXP_ACC, = 0
gpu_max_DP_MUL_ACC, = 0
gpu_max_DP_DIV_ACC, = 0
gpu_max_TENSOR_ACC, = 0
gpu_max_TEX_ACC, = 0
gpu_max_MEM_RD, = 2901
gpu_max_MEM_WR, = 179
gpu_max_MEM_PRE, = 121
gpu_max_L2_RH, = 1811
gpu_max_L2_RM, = 2838
gpu_max_L2_WH, = 161
gpu_max_L2_WM, = 508
gpu_max_NOC_A, = 10864
gpu_max_PIPE_A, = 0.241083
gpu_max_IDLE_CORE_N, = 0
gpu_max_constant_power = 0

Kernel Minimum Power Data:
kernel_min_power = 41.3592
gpu_min_IBP, = 0
gpu_min_ICP, = 0
gpu_min_DCP, = 0
gpu_min_TCP, = 0
gpu_min_CCP, = 0
gpu_min_SHRDP, = 0
gpu_min_RFP, = 0
gpu_min_INTP, = 0
gpu_min_FPUP, = 0
gpu_min_DPUP, = 0
gpu_min_INT_MUL24P, = 0
gpu_min_INT_MUL32P, = 0
gpu_min_INT_MULP, = 0
gpu_min_INT_DIVP, = 0
gpu_min_FP_MULP, = 0
gpu_min_FP_DIVP, = 0
gpu_min_FP_SQRTP, = 0
gpu_min_FP_LGP, = 0
gpu_min_FP_SINP, = 0
gpu_min_FP_EXP, = 0
gpu_min_DP_MULP, = 0
gpu_min_DP_DIVP, = 0
gpu_min_TENSORP, = 0
gpu_min_TEXP, = 0
gpu_min_SCHEDP, = 0
gpu_min_L2CP, = 0
gpu_min_MCP, = 0.55022
gpu_min_NOCP, = 0
gpu_min_DRAMP, = 0
gpu_min_PIPEP, = 0
gpu_min_IDLE_COREP, = 8.48375
gpu_min_CONSTP = 32.3252
gpu_min_STATICP = 0
gpu_min_TOT_INST, = 0
gpu_min_FP_INT, = 0
gpu_min_IC_H, = 0
gpu_min_IC_M, = 0
gpu_min_DC_RH, = 0
gpu_min_DC_RM, = 0
gpu_min_DC_WH, = 0
gpu_min_DC_WM, = 0
gpu_min_TC_H, = 0
gpu_min_TC_M, = 0
gpu_min_CC_H, = 0
gpu_min_CC_M, = 0
gpu_min_SHRD_ACC, = 0
gpu_min_REG_RD, = 0
gpu_min_REG_WR, = 0
gpu_min_NON_REG_OPs, = 0
gpu_min_INT_ACC, = 0
gpu_min_FPU_ACC, = 0
gpu_min_DPU_ACC, = 0
gpu_min_INT_MUL24_ACC, = 0
gpu_min_INT_MUL32_ACC, = 0
gpu_min_INT_MUL_ACC, = 0
gpu_min_INT_DIV_ACC, = 0
gpu_min_FP_MUL_ACC, = 0
gpu_min_FP_DIV_ACC, = 0
gpu_min_FP_SQRT_ACC, = 0
gpu_min_FP_LG_ACC, = 0
gpu_min_FP_SIN_ACC, = 0
gpu_min_FP_EXP_ACC, = 0
gpu_min_DP_MUL_ACC, = 0
gpu_min_DP_DIV_ACC, = 0
gpu_min_TENSOR_ACC, = 0
gpu_min_TEX_ACC, = 0
gpu_min_MEM_RD, = 0
gpu_min_MEM_WR, = 0
gpu_min_MEM_PRE, = 0
gpu_min_L2_RH, = 0
gpu_min_L2_RM, = 0
gpu_min_L2_WH, = 0
gpu_min_L2_WM, = 0
gpu_min_NOC_A, = 0
gpu_min_PIPE_A, = 0
gpu_min_IDLE_CORE_N, = 30
gpu_min_constant_power = 0

Accumulative Power Statistics Over Previous Kernels:
gpu_tot_avg_power = 108.641
gpu_tot_max_power = 123.018
gpu_tot_min_power = 41.3592


kernel_name = _Z14dynproc_kerneliPiS_S_iiii 
kernel_launch_uid = 5 

Kernel Average Power Data:
kernel_avg_power = 108.695
gpu_avg_IBP, = 0.374103
gpu_avg_ICP, = 0
gpu_avg_DCP, = 2.04158
gpu_avg_TCP, = 0
gpu_avg_CCP, = 0
gpu_avg_SHRDP, = 1.137
gpu_avg_RFP, = 15.6877
gpu_avg_INTP, = 7.87798
gpu_avg_FPUP, = 0
gpu_avg_DPUP, = 0
gpu_avg_INT_MUL24P, = 0
gpu_avg_INT_MUL32P, = 2.17159
gpu_avg_INT_MULP, = 0
gpu_avg_INT_DIVP, = 0
gpu_avg_FP_MULP, = 0
gpu_avg_FP_DIVP, = 0
gpu_avg_FP_SQRTP, = 0
gpu_avg_FP_LGP, = 0
gpu_avg_FP_SINP, = 0
gpu_avg_FP_EXP, = 0
gpu_avg_DP_MULP, = 0
gpu_avg_DP_DIVP, = 0
gpu_avg_TENSORP, = 0
gpu_avg_TEXP, = 0
gpu_avg_SCHEDP, = 1.10166
gpu_avg_L2CP, = 0.148536
gpu_avg_MCP, = 1.16681
gpu_avg_NOCP, = 1.09046
gpu_avg_DRAMP, = 9.66063
gpu_avg_PIPEP, = 0.957309
gpu_avg_IDLE_COREP, = 0.0795629
gpu_avg_CONSTP = 32.3252
gpu_avg_STATICP = 32.8752
gpu_avg_TOT_INST, = 46623.2
gpu_avg_FP_INT, = 46623.2
gpu_avg_IC_H, = 0
gpu_avg_IC_M, = 0
gpu_avg_DC_RH, = 1151.38
gpu_avg_DC_RM, = 3411.81
gpu_avg_DC_WH, = 17.0807
gpu_avg_DC_WM, = 67.8662
gpu_avg_TC_H, = 0
gpu_avg_TC_M, = 0
gpu_avg_CC_H, = 0
gpu_avg_CC_M, = 0
gpu_avg_SHRD_ACC, = 7397.26
gpu_avg_REG_RD, = 1.67766e+06
gpu_avg_REG_WR, = 1.22838e+06
gpu_avg_NON_REG_OPs, = 480227
gpu_avg_INT_ACC, = 1.24957e+07
gpu_avg_FPU_ACC, = 0
gpu_avg_DPU_ACC, = 0
gpu_avg_INT_MUL24_ACC, = 0
gpu_avg_INT_MUL32_ACC, = 41136.5
gpu_avg_INT_MUL_ACC, = 0
gpu_avg_INT_DIV_ACC, = 0
gpu_avg_FP_MUL_ACC, = 0
gpu_avg_FP_DIV_ACC, = 0
gpu_avg_FP_SQRT_ACC, = 0
gpu_avg_FP_LG_ACC, = 0
gpu_avg_FP_SIN_ACC, = 0
gpu_avg_FP_EXP_ACC, = 0
gpu_avg_DP_MUL_ACC, = 0
gpu_avg_DP_DIV_ACC, = 0
gpu_avg_TENSOR_ACC, = 0
gpu_avg_TEX_ACC, = 0
gpu_avg_MEM_RD, = 3390.99
gpu_avg_MEM_WR, = 65.5711
gpu_avg_MEM_PRE, = 569.567
gpu_avg_L2_RH, = 1163.38
gpu_avg_L2_RM, = 3391
gpu_avg_L2_WH, = 18.603
gpu_avg_L2_WM, = 65.9735
gpu_avg_NOC_A, = 9278.3
gpu_avg_PIPE_A, = 0.186886
gpu_avg_IDLE_CORE_N, = 0.281348
gpu_avg_constant_power = 0
gpu_avg_threads_per_warp = 30.8642
gpu_tot_TOT_INST, = 4.39191e+07
gpu_tot_FP_INT, = 4.39191e+07
gpu_tot_IC_H, = 0
gpu_tot_IC_M, = 0
gpu_tot_DC_RH, = 1.0846e+06
gpu_tot_DC_RM, = 3.21393e+06
gpu_tot_DC_WH, = 16090
gpu_tot_DC_WM, = 63930
gpu_tot_TC_H, = 0
gpu_tot_TC_M, = 0
gpu_tot_CC_H, = 0
gpu_tot_CC_M, = 0
gpu_tot_SHRD_ACC, = 6.96822e+06
gpu_tot_REG_RD, = 1.58036e+09
gpu_tot_REG_WR, = 1.15713e+09
gpu_tot_NON_REG_OPs, = 4.52374e+08
gpu_tot_INT_ACC, = 1.1771e+10
gpu_tot_FPU_ACC, = 0
gpu_tot_DPU_ACC, = 0
gpu_tot_INT_MUL24_ACC, = 0
gpu_tot_INT_MUL32_ACC, = 3.87506e+07
gpu_tot_INT_MUL_ACC, = 0
gpu_tot_INT_DIV_ACC, = 0
gpu_tot_FP_MUL_ACC, = 0
gpu_tot_FP_DIV_ACC, = 0
gpu_tot_FP_SQRT_ACC, = 0
gpu_tot_FP_LG_ACC, = 0
gpu_tot_FP_SIN_ACC, = 0
gpu_tot_FP_EXP_ACC, = 0
gpu_tot_DP_MUL_ACC, = 0
gpu_tot_DP_DIV_ACC, = 0
gpu_tot_TENSOR_ACC, = 0
gpu_tot_TEX_ACC, = 0
gpu_tot_MEM_RD, = 3.19431e+06
gpu_tot_MEM_WR, = 61768
gpu_tot_MEM_PRE, = 536532
gpu_tot_L2_RH, = 1.0959e+06
gpu_tot_L2_RM, = 3.19432e+06
gpu_tot_L2_WH, = 17524
gpu_tot_L2_WM, = 62147
gpu_tot_NOC_A, = 8.74016e+06
gpu_tot_PIPE_A, = 176.046
gpu_tot_IDLE_CORE_N, = 265.03
gpu_tot_constant_power = 0

Kernel Maximum Power Data:
kernel_max_power = 118.951
gpu_max_IBP, = 0.441294
gpu_max_ICP, = 0
gpu_max_DCP, = 2.40957
gpu_max_TCP, = 0
gpu_max_CCP, = 0
gpu_max_SHRDP, = 0.862597
gpu_max_RFP, = 20.8949
gpu_max_INTP, = 11.6154
gpu_max_FPUP, = 0
gpu_max_DPUP, = 0
gpu_max_INT_MUL24P, = 0
gpu_max_INT_MUL32P, = 3.71219
gpu_max_INT_MULP, = 0
gpu_max_INT_DIVP, = 0
gpu_max_FP_MULP, = 0
gpu_max_FP_DIVP, = 0
gpu_max_FP_SQRTP, = 0
gpu_max_FP_LGP, = 0
gpu_max_FP_SINP, = 0
gpu_max_FP_EXP, = 0
gpu_max_DP_MULP, = 0
gpu_max_DP_DIVP, = 0
gpu_max_TENSORP, = 0
gpu_max_TEXP, = 0
gpu_max_SCHEDP, = 1.29952
gpu_max_L2CP, = 0.30384
gpu_max_MCP, = 1.21448
gpu_max_NOCP, = 1.25861
gpu_max_DRAMP, = 7.99568
gpu_max_PIPEP, = 1.15361
gpu_max_IDLE_COREP, = 0
gpu_max_CONSTP = 32.3252
gpu_max_STATICP = 33.4636
gpu_max_TOT_INST, = 54997
gpu_max_FP_INT, = 54997
gpu_max_IC_H, = 0
gpu_max_IC_M, = 0
gpu_max_DC_RH, = 1233
gpu_max_DC_RM, = 4069
gpu_max_DC_WH, = 62
gpu_max_DC_WM, = 243
gpu_max_TC_H, = 0
gpu_max_TC_M, = 0
gpu_max_CC_H, = 0
gpu_max_CC_M, = 0
gpu_max_SHRD_ACC, = 5612
gpu_max_REG_RD, = 2.14688e+06
gpu_max_REG_WR, = 1.61002e+06
gpu_max_NON_REG_OPs, = 667872
gpu_max_INT_ACC, = 1.84239e+07
gpu_max_FPU_ACC, = 0
gpu_max_DPU_ACC, = 0
gpu_max_INT_MUL24_ACC, = 0
gpu_max_INT_MUL32_ACC, = 70320
gpu_max_INT_MUL_ACC, = 0
gpu_max_INT_DIV_ACC, = 0
gpu_max_FP_MUL_ACC, = 0
gpu_max_FP_DIV_ACC, = 0
gpu_max_FP_SQRT_ACC, = 0
gpu_max_FP_LG_ACC, = 0
gpu_max_FP_SIN_ACC, = 0
gpu_max_FP_EXP_ACC, = 0
gpu_max_DP_MUL_ACC, = 0
gpu_max_DP_DIV_ACC, = 0
gpu_max_TENSOR_ACC, = 0
gpu_max_TEX_ACC, = 0
gpu_max_MEM_RD, = 2883
gpu_max_MEM_WR, = 16
gpu_max_MEM_PRE, = 138
gpu_max_L2_RH, = 1857
gpu_max_L2_RM, = 3076
gpu_max_L2_WH, = 115
gpu_max_L2_WM, = 385
gpu_max_NOC_A, = 10709
gpu_max_PIPE_A, = 0.225208
gpu_max_IDLE_CORE_N, = 0
gpu_max_constant_power = 0

Kernel Minimum Power Data:
kernel_min_power = 41.3592
gpu_min_IBP, = 0
gpu_min_ICP, = 0
gpu_min_DCP, = 0
gpu_min_TCP, = 0
gpu_min_CCP, = 0
gpu_min_SHRDP, = 0
gpu_min_RFP, = 0
gpu_min_INTP, = 0
gpu_min_FPUP, = 0
gpu_min_DPUP, = 0
gpu_min_INT_MUL24P, = 0
gpu_min_INT_MUL32P, = 0
gpu_min_INT_MULP, = 0
gpu_min_INT_DIVP, = 0
gpu_min_FP_MULP, = 0
gpu_min_FP_DIVP, = 0
gpu_min_FP_SQRTP, = 0
gpu_min_FP_LGP, = 0
gpu_min_FP_SINP, = 0
gpu_min_FP_EXP, = 0
gpu_min_DP_MULP, = 0
gpu_min_DP_DIVP, = 0
gpu_min_TENSORP, = 0
gpu_min_TEXP, = 0
gpu_min_SCHEDP, = 0
gpu_min_L2CP, = 0
gpu_min_MCP, = 0.55022
gpu_min_NOCP, = 0
gpu_min_DRAMP, = 0
gpu_min_PIPEP, = 0
gpu_min_IDLE_COREP, = 8.48375
gpu_min_CONSTP = 32.3252
gpu_min_STATICP = 0
gpu_min_TOT_INST, = 0
gpu_min_FP_INT, = 0
gpu_min_IC_H, = 0
gpu_min_IC_M, = 0
gpu_min_DC_RH, = 0
gpu_min_DC_RM, = 0
gpu_min_DC_WH, = 0
gpu_min_DC_WM, = 0
gpu_min_TC_H, = 0
gpu_min_TC_M, = 0
gpu_min_CC_H, = 0
gpu_min_CC_M, = 0
gpu_min_SHRD_ACC, = 0
gpu_min_REG_RD, = 0
gpu_min_REG_WR, = 0
gpu_min_NON_REG_OPs, = 0
gpu_min_INT_ACC, = 0
gpu_min_FPU_ACC, = 0
gpu_min_DPU_ACC, = 0
gpu_min_INT_MUL24_ACC, = 0
gpu_min_INT_MUL32_ACC, = 0
gpu_min_INT_MUL_ACC, = 0
gpu_min_INT_DIV_ACC, = 0
gpu_min_FP_MUL_ACC, = 0
gpu_min_FP_DIV_ACC, = 0
gpu_min_FP_SQRT_ACC, = 0
gpu_min_FP_LG_ACC, = 0
gpu_min_FP_SIN_ACC, = 0
gpu_min_FP_EXP_ACC, = 0
gpu_min_DP_MUL_ACC, = 0
gpu_min_DP_DIV_ACC, = 0
gpu_min_TENSOR_ACC, = 0
gpu_min_TEX_ACC, = 0
gpu_min_MEM_RD, = 0
gpu_min_MEM_WR, = 0
gpu_min_MEM_PRE, = 0
gpu_min_L2_RH, = 0
gpu_min_L2_RM, = 0
gpu_min_L2_WH, = 0
gpu_min_L2_WM, = 0
gpu_min_NOC_A, = 0
gpu_min_PIPE_A, = 0
gpu_min_IDLE_CORE_N, = 30
gpu_min_constant_power = 0

Accumulative Power Statistics Over Previous Kernels:
gpu_tot_avg_power = 108.652
gpu_tot_max_power = 123.018
gpu_tot_min_power = 41.3592


kernel_name = _Z14dynproc_kerneliPiS_S_iiii 
kernel_launch_uid = 6 

Kernel Average Power Data:
kernel_avg_power = 108.509
gpu_avg_IBP, = 0.372924
gpu_avg_ICP, = 0
gpu_avg_DCP, = 2.03463
gpu_avg_TCP, = 0
gpu_avg_CCP, = 0
gpu_avg_SHRDP, = 1.13341
gpu_avg_RFP, = 15.6382
gpu_avg_INTP, = 7.85312
gpu_avg_FPUP, = 0
gpu_avg_DPUP, = 0
gpu_avg_INT_MUL24P, = 0
gpu_avg_INT_MUL32P, = 2.16481
gpu_avg_INT_MULP, = 0
gpu_avg_INT_DIVP, = 0
gpu_avg_FP_MULP, = 0
gpu_avg_FP_DIVP, = 0
gpu_avg_FP_SQRTP, = 0
gpu_avg_FP_LGP, = 0
gpu_avg_FP_SINP, = 0
gpu_avg_FP_EXP, = 0
gpu_avg_DP_MULP, = 0
gpu_avg_DP_DIVP, = 0
gpu_avg_TENSORP, = 0
gpu_avg_TEXP, = 0
gpu_avg_SCHEDP, = 1.09819
gpu_avg_L2CP, = 0.147726
gpu_avg_MCP, = 1.16455
gpu_avg_NOCP, = 1.08565
gpu_avg_DRAMP, = 9.63615
gpu_avg_PIPEP, = 0.954296
gpu_avg_IDLE_COREP, = 0.100635
gpu_avg_CONSTP = 32.3252
gpu_avg_STATICP = 32.7996
gpu_avg_TOT_INST, = 46476.3
gpu_avg_FP_INT, = 46476.3
gpu_avg_IC_H, = 0
gpu_avg_IC_M, = 0
gpu_avg_DC_RH, = 1154.26
gpu_avg_DC_RM, = 3388.95
gpu_avg_DC_WH, = 17.1026
gpu_avg_DC_WM, = 67.8582
gpu_avg_TC_H, = 0
gpu_avg_TC_M, = 0
gpu_avg_CC_H, = 0
gpu_avg_CC_M, = 0
gpu_avg_SHRD_ACC, = 7373.9
gpu_avg_REG_RD, = 1.67237e+06
gpu_avg_REG_WR, = 1.22448e+06
gpu_avg_NON_REG_OPs, = 478716
gpu_avg_INT_ACC, = 1.24563e+07
gpu_avg_FPU_ACC, = 0
gpu_avg_DPU_ACC, = 0
gpu_avg_INT_MUL24_ACC, = 0
gpu_avg_INT_MUL32_ACC, = 41008.1
gpu_avg_INT_MUL_ACC, = 0
gpu_avg_INT_DIV_ACC, = 0
gpu_avg_FP_MUL_ACC, = 0
gpu_avg_FP_DIV_ACC, = 0
gpu_avg_FP_SQRT_ACC, = 0
gpu_avg_FP_LG_ACC, = 0
gpu_avg_FP_SIN_ACC, = 0
gpu_avg_FP_EXP_ACC, = 0
gpu_avg_DP_MUL_ACC, = 0
gpu_avg_DP_DIV_ACC, = 0
gpu_avg_TENSOR_ACC, = 0
gpu_avg_TEX_ACC, = 0
gpu_avg_MEM_RD, = 3379.99
gpu_avg_MEM_WR, = 67.3439
gpu_avg_MEM_PRE, = 576.124
gpu_avg_L2_RH, = 1153.57
gpu_avg_L2_RM, = 3379.97
gpu_avg_L2_WH, = 18.7905
gpu_avg_L2_WM, = 66.5926
gpu_avg_NOC_A, = 9237.39
gpu_avg_PIPE_A, = 0.186297
gpu_avg_IDLE_CORE_N, = 0.355861
gpu_avg_constant_power = 0
gpu_avg_threads_per_warp = 30.8617
gpu_tot_TOT_INST, = 4.39201e+07
gpu_tot_FP_INT, = 4.39201e+07
gpu_tot_IC_H, = 0
gpu_tot_IC_M, = 0
gpu_tot_DC_RH, = 1.09078e+06
gpu_tot_DC_RM, = 3.20256e+06
gpu_tot_DC_WH, = 16162
gpu_tot_DC_WM, = 64126
gpu_tot_TC_H, = 0
gpu_tot_TC_M, = 0
gpu_tot_CC_H, = 0
gpu_tot_CC_M, = 0
gpu_tot_SHRD_ACC, = 6.96834e+06
gpu_tot_REG_RD, = 1.58039e+09
gpu_tot_REG_WR, = 1.15713e+09
gpu_tot_NON_REG_OPs, = 4.52387e+08
gpu_tot_INT_ACC, = 1.17712e+10
gpu_tot_FPU_ACC, = 0
gpu_tot_DPU_ACC, = 0
gpu_tot_INT_MUL24_ACC, = 0
gpu_tot_INT_MUL32_ACC, = 3.87526e+07
gpu_tot_INT_MUL_ACC, = 0
gpu_tot_INT_DIV_ACC, = 0
gpu_tot_FP_MUL_ACC, = 0
gpu_tot_FP_DIV_ACC, = 0
gpu_tot_FP_SQRT_ACC, = 0
gpu_tot_FP_LG_ACC, = 0
gpu_tot_FP_SIN_ACC, = 0
gpu_tot_FP_EXP_ACC, = 0
gpu_tot_DP_MUL_ACC, = 0
gpu_tot_DP_DIV_ACC, = 0
gpu_tot_TENSOR_ACC, = 0
gpu_tot_TEX_ACC, = 0
gpu_tot_MEM_RD, = 3.19409e+06
gpu_tot_MEM_WR, = 63640
gpu_tot_MEM_PRE, = 544437
gpu_tot_L2_RH, = 1.09012e+06
gpu_tot_L2_RM, = 3.19408e+06
gpu_tot_L2_WH, = 17757
gpu_tot_L2_WM, = 62930
gpu_tot_NOC_A, = 8.72934e+06
gpu_tot_PIPE_A, = 176.051
gpu_tot_IDLE_CORE_N, = 336.289
gpu_tot_constant_power = 0

Kernel Maximum Power Data:
kernel_max_power = 121.019
gpu_max_IBP, = 0.453964
gpu_max_ICP, = 0
gpu_max_DCP, = 2.44887
gpu_max_TCP, = 0
gpu_max_CCP, = 0
gpu_max_SHRDP, = 0.793584
gpu_max_RFP, = 21.7933
gpu_max_INTP, = 12.2268
gpu_max_FPUP, = 0
gpu_max_DPUP, = 0
gpu_max_INT_MUL24P, = 0
gpu_max_INT_MUL32P, = 3.98812
gpu_max_INT_MULP, = 0
gpu_max_INT_DIVP, = 0
gpu_max_FP_MULP, = 0
gpu_max_FP_DIVP, = 0
gpu_max_FP_SQRTP, = 0
gpu_max_FP_LGP, = 0
gpu_max_FP_SINP, = 0
gpu_max_FP_EXP, = 0
gpu_max_DP_MULP, = 0
gpu_max_DP_DIVP, = 0
gpu_max_TENSORP, = 0
gpu_max_TEXP, = 0
gpu_max_SCHEDP, = 1.33683
gpu_max_L2CP, = 0.317037
gpu_max_MCP, = 1.23866
gpu_max_NOCP, = 1.29786
gpu_max_DRAMP, = 8.1451
gpu_max_PIPEP, = 1.18977
gpu_max_IDLE_COREP, = 0
gpu_max_CONSTP = 32.3252
gpu_max_STATICP = 33.4636
gpu_max_TOT_INST, = 56576
gpu_max_FP_INT, = 56576
gpu_max_IC_H, = 0
gpu_max_IC_M, = 0
gpu_max_DC_RH, = 1171
gpu_max_DC_RM, = 4216
gpu_max_DC_WH, = 75
gpu_max_DC_WM, = 300
gpu_max_TC_H, = 0
gpu_max_TC_M, = 0
gpu_max_CC_H, = 0
gpu_max_CC_M, = 0
gpu_max_SHRD_ACC, = 5163
gpu_max_REG_RD, = 2.21267e+06
gpu_max_REG_WR, = 1.67155e+06
gpu_max_NON_REG_OPs, = 705088
gpu_max_INT_ACC, = 1.93936e+07
gpu_max_FPU_ACC, = 0
gpu_max_DPU_ACC, = 0
gpu_max_INT_MUL24_ACC, = 0
gpu_max_INT_MUL32_ACC, = 75547
gpu_max_INT_MUL_ACC, = 0
gpu_max_INT_DIV_ACC, = 0
gpu_max_FP_MUL_ACC, = 0
gpu_max_FP_DIV_ACC, = 0
gpu_max_FP_SQRT_ACC, = 0
gpu_max_FP_LG_ACC, = 0
gpu_max_FP_SIN_ACC, = 0
gpu_max_FP_EXP_ACC, = 0
gpu_max_DP_MUL_ACC, = 0
gpu_max_DP_DIV_ACC, = 0
gpu_max_TENSOR_ACC, = 0
gpu_max_TEX_ACC, = 0
gpu_max_MEM_RD, = 2915
gpu_max_MEM_WR, = 72
gpu_max_MEM_PRE, = 86
gpu_max_L2_RH, = 1774
gpu_max_L2_RM, = 2972
gpu_max_L2_WH, = 140
gpu_max_L2_WM, = 455
gpu_max_NOC_A, = 11043
gpu_max_PIPE_A, = 0.232267
gpu_max_IDLE_CORE_N, = 0
gpu_max_constant_power = 0

Kernel Minimum Power Data:
kernel_min_power = 41.3592
gpu_min_IBP, = 0
gpu_min_ICP, = 0
gpu_min_DCP, = 0
gpu_min_TCP, = 0
gpu_min_CCP, = 0
gpu_min_SHRDP, = 0
gpu_min_RFP, = 0
gpu_min_INTP, = 0
gpu_min_FPUP, = 0
gpu_min_DPUP, = 0
gpu_min_INT_MUL24P, = 0
gpu_min_INT_MUL32P, = 0
gpu_min_INT_MULP, = 0
gpu_min_INT_DIVP, = 0
gpu_min_FP_MULP, = 0
gpu_min_FP_DIVP, = 0
gpu_min_FP_SQRTP, = 0
gpu_min_FP_LGP, = 0
gpu_min_FP_SINP, = 0
gpu_min_FP_EXP, = 0
gpu_min_DP_MULP, = 0
gpu_min_DP_DIVP, = 0
gpu_min_TENSORP, = 0
gpu_min_TEXP, = 0
gpu_min_SCHEDP, = 0
gpu_min_L2CP, = 0
gpu_min_MCP, = 0.55022
gpu_min_NOCP, = 0
gpu_min_DRAMP, = 0
gpu_min_PIPEP, = 0
gpu_min_IDLE_COREP, = 8.48375
gpu_min_CONSTP = 32.3252
gpu_min_STATICP = 0
gpu_min_TOT_INST, = 0
gpu_min_FP_INT, = 0
gpu_min_IC_H, = 0
gpu_min_IC_M, = 0
gpu_min_DC_RH, = 0
gpu_min_DC_RM, = 0
gpu_min_DC_WH, = 0
gpu_min_DC_WM, = 0
gpu_min_TC_H, = 0
gpu_min_TC_M, = 0
gpu_min_CC_H, = 0
gpu_min_CC_M, = 0
gpu_min_SHRD_ACC, = 0
gpu_min_REG_RD, = 0
gpu_min_REG_WR, = 0
gpu_min_NON_REG_OPs, = 0
gpu_min_INT_ACC, = 0
gpu_min_FPU_ACC, = 0
gpu_min_DPU_ACC, = 0
gpu_min_INT_MUL24_ACC, = 0
gpu_min_INT_MUL32_ACC, = 0
gpu_min_INT_MUL_ACC, = 0
gpu_min_INT_DIV_ACC, = 0
gpu_min_FP_MUL_ACC, = 0
gpu_min_FP_DIV_ACC, = 0
gpu_min_FP_SQRT_ACC, = 0
gpu_min_FP_LG_ACC, = 0
gpu_min_FP_SIN_ACC, = 0
gpu_min_FP_EXP_ACC, = 0
gpu_min_DP_MUL_ACC, = 0
gpu_min_DP_DIV_ACC, = 0
gpu_min_TENSOR_ACC, = 0
gpu_min_TEX_ACC, = 0
gpu_min_MEM_RD, = 0
gpu_min_MEM_WR, = 0
gpu_min_MEM_PRE, = 0
gpu_min_L2_RH, = 0
gpu_min_L2_RM, = 0
gpu_min_L2_WH, = 0
gpu_min_L2_WM, = 0
gpu_min_NOC_A, = 0
gpu_min_PIPE_A, = 0
gpu_min_IDLE_CORE_N, = 30
gpu_min_constant_power = 0

Accumulative Power Statistics Over Previous Kernels:
gpu_tot_avg_power = 108.628
gpu_tot_max_power = 123.018
gpu_tot_min_power = 41.3592


kernel_name = _Z14dynproc_kerneliPiS_S_iiii 
kernel_launch_uid = 7 

Kernel Average Power Data:
kernel_avg_power = 108.602
gpu_avg_IBP, = 0.373709
gpu_avg_ICP, = 0
gpu_avg_DCP, = 2.03887
gpu_avg_TCP, = 0
gpu_avg_CCP, = 0
gpu_avg_SHRDP, = 1.1358
gpu_avg_RFP, = 15.6711
gpu_avg_INTP, = 7.86968
gpu_avg_FPUP, = 0
gpu_avg_DPUP, = 0
gpu_avg_INT_MUL24P, = 0
gpu_avg_INT_MUL32P, = 2.16933
gpu_avg_INT_MULP, = 0
gpu_avg_INT_DIVP, = 0
gpu_avg_FP_MULP, = 0
gpu_avg_FP_DIVP, = 0
gpu_avg_FP_SQRTP, = 0
gpu_avg_FP_LGP, = 0
gpu_avg_FP_SINP, = 0
gpu_avg_FP_EXP, = 0
gpu_avg_DP_MULP, = 0
gpu_avg_DP_DIVP, = 0
gpu_avg_TENSORP, = 0
gpu_avg_TEXP, = 0
gpu_avg_SCHEDP, = 1.1005
gpu_avg_L2CP, = 0.147943
gpu_avg_MCP, = 1.16566
gpu_avg_NOCP, = 1.08802
gpu_avg_DRAMP, = 9.66048
gpu_avg_PIPEP, = 0.956303
gpu_avg_IDLE_COREP, = 0.0982993
gpu_avg_CONSTP = 32.3252
gpu_avg_STATICP = 32.8015
gpu_avg_TOT_INST, = 46574.2
gpu_avg_FP_INT, = 46574.2
gpu_avg_IC_H, = 0
gpu_avg_IC_M, = 0
gpu_avg_DC_RH, = 1155.95
gpu_avg_DC_RM, = 3397.32
gpu_avg_DC_WH, = 17.088
gpu_avg_DC_WM, = 67.8579
gpu_avg_TC_H, = 0
gpu_avg_TC_M, = 0
gpu_avg_CC_H, = 0
gpu_avg_CC_M, = 0
gpu_avg_SHRD_ACC, = 7389.46
gpu_avg_REG_RD, = 1.67589e+06
gpu_avg_REG_WR, = 1.22707e+06
gpu_avg_NON_REG_OPs, = 479723
gpu_avg_INT_ACC, = 1.24825e+07
gpu_avg_FPU_ACC, = 0
gpu_avg_DPU_ACC, = 0
gpu_avg_INT_MUL24_ACC, = 0
gpu_avg_INT_MUL32_ACC, = 41093.7
gpu_avg_INT_MUL_ACC, = 0
gpu_avg_INT_DIV_ACC, = 0
gpu_avg_FP_MUL_ACC, = 0
gpu_avg_FP_DIV_ACC, = 0
gpu_avg_FP_SQRT_ACC, = 0
gpu_avg_FP_LG_ACC, = 0
gpu_avg_FP_SIN_ACC, = 0
gpu_avg_FP_EXP_ACC, = 0
gpu_avg_DP_MUL_ACC, = 0
gpu_avg_DP_DIV_ACC, = 0
gpu_avg_TENSOR_ACC, = 0
gpu_avg_TEX_ACC, = 0
gpu_avg_MEM_RD, = 3387.45
gpu_avg_MEM_WR, = 64.8017
gpu_avg_MEM_PRE, = 593.188
gpu_avg_L2_RH, = 1156.37
gpu_avg_L2_RM, = 3387.45
gpu_avg_L2_WH, = 18.6946
gpu_avg_L2_WM, = 66.2778
gpu_avg_NOC_A, = 9257.56
gpu_avg_PIPE_A, = 0.186689
gpu_avg_IDLE_CORE_N, = 0.347603
gpu_avg_constant_power = 0
gpu_avg_threads_per_warp = 30.8314
gpu_tot_TOT_INST, = 4.39194e+07
gpu_tot_FP_INT, = 4.39194e+07
gpu_tot_IC_H, = 0
gpu_tot_IC_M, = 0
gpu_tot_DC_RH, = 1.09006e+06
gpu_tot_DC_RM, = 3.20368e+06
gpu_tot_DC_WH, = 16114
gpu_tot_DC_WM, = 63990
gpu_tot_TC_H, = 0
gpu_tot_TC_M, = 0
gpu_tot_CC_H, = 0
gpu_tot_CC_M, = 0
gpu_tot_SHRD_ACC, = 6.96826e+06
gpu_tot_REG_RD, = 1.58037e+09
gpu_tot_REG_WR, = 1.15712e+09
gpu_tot_NON_REG_OPs, = 4.52379e+08
gpu_tot_INT_ACC, = 1.1771e+10
gpu_tot_FPU_ACC, = 0
gpu_tot_DPU_ACC, = 0
gpu_tot_INT_MUL24_ACC, = 0
gpu_tot_INT_MUL32_ACC, = 3.87514e+07
gpu_tot_INT_MUL_ACC, = 0
gpu_tot_INT_DIV_ACC, = 0
gpu_tot_FP_MUL_ACC, = 0
gpu_tot_FP_DIV_ACC, = 0
gpu_tot_FP_SQRT_ACC, = 0
gpu_tot_FP_LG_ACC, = 0
gpu_tot_FP_SIN_ACC, = 0
gpu_tot_FP_EXP_ACC, = 0
gpu_tot_DP_MUL_ACC, = 0
gpu_tot_DP_DIV_ACC, = 0
gpu_tot_TENSOR_ACC, = 0
gpu_tot_TEX_ACC, = 0
gpu_tot_MEM_RD, = 3.19436e+06
gpu_tot_MEM_WR, = 61108
gpu_tot_MEM_PRE, = 559376
gpu_tot_L2_RH, = 1.09045e+06
gpu_tot_L2_RM, = 3.19436e+06
gpu_tot_L2_WH, = 17629
gpu_tot_L2_WM, = 62500
gpu_tot_NOC_A, = 8.72988e+06
gpu_tot_PIPE_A, = 176.048
gpu_tot_IDLE_CORE_N, = 327.79
gpu_tot_constant_power = 0

Kernel Maximum Power Data:
kernel_max_power = 118.797
gpu_max_IBP, = 0.438461
gpu_max_ICP, = 0
gpu_max_DCP, = 2.22326
gpu_max_TCP, = 0
gpu_max_CCP, = 0
gpu_max_SHRDP, = 0.685528
gpu_max_RFP, = 21.082
gpu_max_INTP, = 11.8972
gpu_max_FPUP, = 0
gpu_max_DPUP, = 0
gpu_max_INT_MUL24P, = 0
gpu_max_INT_MUL32P, = 3.79797
gpu_max_INT_MULP, = 0
gpu_max_INT_DIVP, = 0
gpu_max_FP_MULP, = 0
gpu_max_FP_DIVP, = 0
gpu_max_FP_SQRTP, = 0
gpu_max_FP_LGP, = 0
gpu_max_FP_SINP, = 0
gpu_max_FP_EXP, = 0
gpu_max_DP_MULP, = 0
gpu_max_DP_DIVP, = 0
gpu_max_TENSORP, = 0
gpu_max_TEXP, = 0
gpu_max_SCHEDP, = 1.29118
gpu_max_L2CP, = 0.359212
gpu_max_MCP, = 1.19399
gpu_max_NOCP, = 1.23193
gpu_max_DRAMP, = 7.6631
gpu_max_PIPEP, = 1.14484
gpu_max_IDLE_COREP, = 0
gpu_max_CONSTP = 32.3252
gpu_max_STATICP = 33.4636
gpu_max_TOT_INST, = 54644
gpu_max_FP_INT, = 54644
gpu_max_IC_H, = 0
gpu_max_IC_M, = 0
gpu_max_DC_RH, = 1044
gpu_max_DC_RM, = 3692
gpu_max_DC_WH, = 110
gpu_max_DC_WM, = 440
gpu_max_TC_H, = 0
gpu_max_TC_M, = 0
gpu_max_CC_H, = 0
gpu_max_CC_M, = 0
gpu_max_SHRD_ACC, = 4460
gpu_max_REG_RD, = 2.11808e+06
gpu_max_REG_WR, = 1.60102e+06
gpu_max_NON_REG_OPs, = 691328
gpu_max_INT_ACC, = 1.88708e+07
gpu_max_FPU_ACC, = 0
gpu_max_DPU_ACC, = 0
gpu_max_INT_MUL24_ACC, = 0
gpu_max_INT_MUL32_ACC, = 71945
gpu_max_INT_MUL_ACC, = 0
gpu_max_INT_DIV_ACC, = 0
gpu_max_FP_MUL_ACC, = 0
gpu_max_FP_DIV_ACC, = 0
gpu_max_FP_SQRT_ACC, = 0
gpu_max_FP_LG_ACC, = 0
gpu_max_FP_SIN_ACC, = 0
gpu_max_FP_EXP_ACC, = 0
gpu_max_DP_MUL_ACC, = 0
gpu_max_DP_DIV_ACC, = 0
gpu_max_TENSOR_ACC, = 0
gpu_max_TEX_ACC, = 0
gpu_max_MEM_RD, = 2731
gpu_max_MEM_WR, = 24
gpu_max_MEM_PRE, = 297
gpu_max_L2_RH, = 1765
gpu_max_L2_RM, = 3005
gpu_max_L2_WH, = 184
gpu_max_L2_WM, = 605
gpu_max_NOC_A, = 10482
gpu_max_PIPE_A, = 0.223496
gpu_max_IDLE_CORE_N, = 0
gpu_max_constant_power = 0

Kernel Minimum Power Data:
kernel_min_power = 41.3592
gpu_min_IBP, = 0
gpu_min_ICP, = 0
gpu_min_DCP, = 0
gpu_min_TCP, = 0
gpu_min_CCP, = 0
gpu_min_SHRDP, = 0
gpu_min_RFP, = 0
gpu_min_INTP, = 0
gpu_min_FPUP, = 0
gpu_min_DPUP, = 0
gpu_min_INT_MUL24P, = 0
gpu_min_INT_MUL32P, = 0
gpu_min_INT_MULP, = 0
gpu_min_INT_DIVP, = 0
gpu_min_FP_MULP, = 0
gpu_min_FP_DIVP, = 0
gpu_min_FP_SQRTP, = 0
gpu_min_FP_LGP, = 0
gpu_min_FP_SINP, = 0
gpu_min_FP_EXP, = 0
gpu_min_DP_MULP, = 0
gpu_min_DP_DIVP, = 0
gpu_min_TENSORP, = 0
gpu_min_TEXP, = 0
gpu_min_SCHEDP, = 0
gpu_min_L2CP, = 0
gpu_min_MCP, = 0.55022
gpu_min_NOCP, = 0
gpu_min_DRAMP, = 0
gpu_min_PIPEP, = 0
gpu_min_IDLE_COREP, = 8.48375
gpu_min_CONSTP = 32.3252
gpu_min_STATICP = 0
gpu_min_TOT_INST, = 0
gpu_min_FP_INT, = 0
gpu_min_IC_H, = 0
gpu_min_IC_M, = 0
gpu_min_DC_RH, = 0
gpu_min_DC_RM, = 0
gpu_min_DC_WH, = 0
gpu_min_DC_WM, = 0
gpu_min_TC_H, = 0
gpu_min_TC_M, = 0
gpu_min_CC_H, = 0
gpu_min_CC_M, = 0
gpu_min_SHRD_ACC, = 0
gpu_min_REG_RD, = 0
gpu_min_REG_WR, = 0
gpu_min_NON_REG_OPs, = 0
gpu_min_INT_ACC, = 0
gpu_min_FPU_ACC, = 0
gpu_min_DPU_ACC, = 0
gpu_min_INT_MUL24_ACC, = 0
gpu_min_INT_MUL32_ACC, = 0
gpu_min_INT_MUL_ACC, = 0
gpu_min_INT_DIV_ACC, = 0
gpu_min_FP_MUL_ACC, = 0
gpu_min_FP_DIV_ACC, = 0
gpu_min_FP_SQRT_ACC, = 0
gpu_min_FP_LG_ACC, = 0
gpu_min_FP_SIN_ACC, = 0
gpu_min_FP_EXP_ACC, = 0
gpu_min_DP_MUL_ACC, = 0
gpu_min_DP_DIV_ACC, = 0
gpu_min_TENSOR_ACC, = 0
gpu_min_TEX_ACC, = 0
gpu_min_MEM_RD, = 0
gpu_min_MEM_WR, = 0
gpu_min_MEM_PRE, = 0
gpu_min_L2_RH, = 0
gpu_min_L2_RM, = 0
gpu_min_L2_WH, = 0
gpu_min_L2_WM, = 0
gpu_min_NOC_A, = 0
gpu_min_PIPE_A, = 0
gpu_min_IDLE_CORE_N, = 30
gpu_min_constant_power = 0

Accumulative Power Statistics Over Previous Kernels:
gpu_tot_avg_power = 108.625
gpu_tot_max_power = 123.018
gpu_tot_min_power = 41.3592


kernel_name = _Z14dynproc_kerneliPiS_S_iiii 
kernel_launch_uid = 8 

Kernel Average Power Data:
kernel_avg_power = 108.76
gpu_avg_IBP, = 0.374502
gpu_avg_ICP, = 0
gpu_avg_DCP, = 2.04499
gpu_avg_TCP, = 0
gpu_avg_CCP, = 0
gpu_avg_SHRDP, = 1.13821
gpu_avg_RFP, = 15.7042
gpu_avg_INTP, = 7.88639
gpu_avg_FPUP, = 0
gpu_avg_DPUP, = 0
gpu_avg_INT_MUL24P, = 0
gpu_avg_INT_MUL32P, = 2.17392
gpu_avg_INT_MULP, = 0
gpu_avg_INT_DIVP, = 0
gpu_avg_FP_MULP, = 0
gpu_avg_FP_DIVP, = 0
gpu_avg_FP_SQRTP, = 0
gpu_avg_FP_LGP, = 0
gpu_avg_FP_SINP, = 0
gpu_avg_FP_EXP, = 0
gpu_avg_DP_MULP, = 0
gpu_avg_DP_DIVP, = 0
gpu_avg_TENSORP, = 0
gpu_avg_TEXP, = 0
gpu_avg_SCHEDP, = 1.10283
gpu_avg_L2CP, = 0.148785
gpu_avg_MCP, = 1.16785
gpu_avg_NOCP, = 1.09166
gpu_avg_DRAMP, = 9.67576
gpu_avg_PIPEP, = 0.958332
gpu_avg_IDLE_COREP, = 0.0773425
gpu_avg_CONSTP = 32.3252
gpu_avg_STATICP = 32.8899
gpu_avg_TOT_INST, = 46673
gpu_avg_FP_INT, = 46673
gpu_avg_IC_H, = 0
gpu_avg_IC_M, = 0
gpu_avg_DC_RH, = 1152.6
gpu_avg_DC_RM, = 3418.67
gpu_avg_DC_WH, = 17.1084
gpu_avg_DC_WM, = 67.9649
gpu_avg_TC_H, = 0
gpu_avg_TC_M, = 0
gpu_avg_CC_H, = 0
gpu_avg_CC_M, = 0
gpu_avg_SHRD_ACC, = 7405.14
gpu_avg_REG_RD, = 1.67945e+06
gpu_avg_REG_WR, = 1.22959e+06
gpu_avg_NON_REG_OPs, = 480741
gpu_avg_INT_ACC, = 1.2509e+07
gpu_avg_FPU_ACC, = 0
gpu_avg_DPU_ACC, = 0
gpu_avg_INT_MUL24_ACC, = 0
gpu_avg_INT_MUL32_ACC, = 41180.6
gpu_avg_INT_MUL_ACC, = 0
gpu_avg_INT_DIV_ACC, = 0
gpu_avg_FP_MUL_ACC, = 0
gpu_avg_FP_DIV_ACC, = 0
gpu_avg_FP_SQRT_ACC, = 0
gpu_avg_FP_LG_ACC, = 0
gpu_avg_FP_SIN_ACC, = 0
gpu_avg_FP_EXP_ACC, = 0
gpu_avg_DP_MUL_ACC, = 0
gpu_avg_DP_DIV_ACC, = 0
gpu_avg_TENSOR_ACC, = 0
gpu_avg_TEX_ACC, = 0
gpu_avg_MEM_RD, = 3394.22
gpu_avg_MEM_WR, = 67.3921
gpu_avg_MEM_PRE, = 577.232
gpu_avg_L2_RH, = 1165.03
gpu_avg_L2_RM, = 3394.26
gpu_avg_L2_WH, = 18.678
gpu_avg_L2_WM, = 66.2359
gpu_avg_NOC_A, = 9288.5
gpu_avg_PIPE_A, = 0.187085
gpu_avg_IDLE_CORE_N, = 0.273496
gpu_avg_constant_power = 0
gpu_avg_threads_per_warp = 30.8638
gpu_tot_TOT_INST, = 4.39193e+07
gpu_tot_FP_INT, = 4.39193e+07
gpu_tot_IC_H, = 0
gpu_tot_IC_M, = 0
gpu_tot_DC_RH, = 1.0846e+06
gpu_tot_DC_RM, = 3.21696e+06
gpu_tot_DC_WH, = 16099
gpu_tot_DC_WM, = 63955
gpu_tot_TC_H, = 0
gpu_tot_TC_M, = 0
gpu_tot_CC_H, = 0
gpu_tot_CC_M, = 0
gpu_tot_SHRD_ACC, = 6.96824e+06
gpu_tot_REG_RD, = 1.58036e+09
gpu_tot_REG_WR, = 1.15704e+09
gpu_tot_NON_REG_OPs, = 4.52377e+08
gpu_tot_INT_ACC, = 1.1771e+10
gpu_tot_FPU_ACC, = 0
gpu_tot_DPU_ACC, = 0
gpu_tot_INT_MUL24_ACC, = 0
gpu_tot_INT_MUL32_ACC, = 3.8751e+07
gpu_tot_INT_MUL_ACC, = 0
gpu_tot_INT_DIV_ACC, = 0
gpu_tot_FP_MUL_ACC, = 0
gpu_tot_FP_DIV_ACC, = 0
gpu_tot_FP_SQRT_ACC, = 0
gpu_tot_FP_LG_ACC, = 0
gpu_tot_FP_SIN_ACC, = 0
gpu_tot_FP_EXP_ACC, = 0
gpu_tot_DP_MUL_ACC, = 0
gpu_tot_DP_DIV_ACC, = 0
gpu_tot_TENSOR_ACC, = 0
gpu_tot_TEX_ACC, = 0
gpu_tot_MEM_RD, = 3.19396e+06
gpu_tot_MEM_WR, = 63416
gpu_tot_MEM_PRE, = 543175
gpu_tot_L2_RH, = 1.09629e+06
gpu_tot_L2_RM, = 3.194e+06
gpu_tot_L2_WH, = 17576
gpu_tot_L2_WM, = 62328
gpu_tot_NOC_A, = 8.74048e+06
gpu_tot_PIPE_A, = 176.047
gpu_tot_IDLE_CORE_N, = 257.36
gpu_tot_constant_power = 0

Kernel Maximum Power Data:
kernel_max_power = 118.148
gpu_max_IBP, = 0.430116
gpu_max_ICP, = 0
gpu_max_DCP, = 2.4111
gpu_max_TCP, = 0
gpu_max_CCP, = 0
gpu_max_SHRDP, = 0.82494
gpu_max_RFP, = 20.3539
gpu_max_INTP, = 11.2366
gpu_max_FPUP, = 0
gpu_max_DPUP, = 0
gpu_max_INT_MUL24P, = 0
gpu_max_INT_MUL32P, = 3.63501
gpu_max_INT_MULP, = 0
gpu_max_INT_DIVP, = 0
gpu_max_FP_MULP, = 0
gpu_max_FP_DIVP, = 0
gpu_max_FP_SQRTP, = 0
gpu_max_FP_LGP, = 0
gpu_max_FP_SINP, = 0
gpu_max_FP_EXP, = 0
gpu_max_DP_MULP, = 0
gpu_max_DP_DIVP, = 0
gpu_max_TENSORP, = 0
gpu_max_TEXP, = 0
gpu_max_SCHEDP, = 1.26661
gpu_max_L2CP, = 0.329206
gpu_max_MCP, = 1.23877
gpu_max_NOCP, = 1.29269
gpu_max_DRAMP, = 8.21545
gpu_max_PIPEP, = 1.12499
gpu_max_IDLE_COREP, = 0
gpu_max_CONSTP = 32.3252
gpu_max_STATICP = 33.4636
gpu_max_TOT_INST, = 53604
gpu_max_FP_INT, = 53604
gpu_max_IC_H, = 0
gpu_max_IC_M, = 0
gpu_max_DC_RH, = 1157
gpu_max_DC_RM, = 4081
gpu_max_DC_WH, = 91
gpu_max_DC_WM, = 359
gpu_max_TC_H, = 0
gpu_max_TC_M, = 0
gpu_max_CC_H, = 0
gpu_max_CC_M, = 0
gpu_max_SHRD_ACC, = 5367
gpu_max_REG_RD, = 2.07382e+06
gpu_max_REG_WR, = 1.56848e+06
gpu_max_NON_REG_OPs, = 655040
gpu_max_INT_ACC, = 1.7823e+07
gpu_max_FPU_ACC, = 0
gpu_max_DPU_ACC, = 0
gpu_max_INT_MUL24_ACC, = 0
gpu_max_INT_MUL32_ACC, = 68858
gpu_max_INT_MUL_ACC, = 0
gpu_max_INT_DIV_ACC, = 0
gpu_max_FP_MUL_ACC, = 0
gpu_max_FP_DIV_ACC, = 0
gpu_max_FP_SQRT_ACC, = 0
gpu_max_FP_LG_ACC, = 0
gpu_max_FP_SIN_ACC, = 0
gpu_max_FP_EXP_ACC, = 0
gpu_max_DP_MUL_ACC, = 0
gpu_max_DP_DIV_ACC, = 0
gpu_max_TENSOR_ACC, = 0
gpu_max_TEX_ACC, = 0
gpu_max_MEM_RD, = 2922
gpu_max_MEM_WR, = 88
gpu_max_MEM_PRE, = 145
gpu_max_L2_RH, = 1994
gpu_max_L2_RM, = 3119
gpu_max_L2_WH, = 128
gpu_max_L2_WM, = 427
gpu_max_NOC_A, = 10999
gpu_max_PIPE_A, = 0.219621
gpu_max_IDLE_CORE_N, = 0
gpu_max_constant_power = 0

Kernel Minimum Power Data:
kernel_min_power = 41.3592
gpu_min_IBP, = 0
gpu_min_ICP, = 0
gpu_min_DCP, = 0
gpu_min_TCP, = 0
gpu_min_CCP, = 0
gpu_min_SHRDP, = 0
gpu_min_RFP, = 0
gpu_min_INTP, = 0
gpu_min_FPUP, = 0
gpu_min_DPUP, = 0
gpu_min_INT_MUL24P, = 0
gpu_min_INT_MUL32P, = 0
gpu_min_INT_MULP, = 0
gpu_min_INT_DIVP, = 0
gpu_min_FP_MULP, = 0
gpu_min_FP_DIVP, = 0
gpu_min_FP_SQRTP, = 0
gpu_min_FP_LGP, = 0
gpu_min_FP_SINP, = 0
gpu_min_FP_EXP, = 0
gpu_min_DP_MULP, = 0
gpu_min_DP_DIVP, = 0
gpu_min_TENSORP, = 0
gpu_min_TEXP, = 0
gpu_min_SCHEDP, = 0
gpu_min_L2CP, = 0
gpu_min_MCP, = 0.55022
gpu_min_NOCP, = 0
gpu_min_DRAMP, = 0
gpu_min_PIPEP, = 0
gpu_min_IDLE_COREP, = 8.48375
gpu_min_CONSTP = 32.3252
gpu_min_STATICP = 0
gpu_min_TOT_INST, = 0
gpu_min_FP_INT, = 0
gpu_min_IC_H, = 0
gpu_min_IC_M, = 0
gpu_min_DC_RH, = 0
gpu_min_DC_RM, = 0
gpu_min_DC_WH, = 0
gpu_min_DC_WM, = 0
gpu_min_TC_H, = 0
gpu_min_TC_M, = 0
gpu_min_CC_H, = 0
gpu_min_CC_M, = 0
gpu_min_SHRD_ACC, = 0
gpu_min_REG_RD, = 0
gpu_min_REG_WR, = 0
gpu_min_NON_REG_OPs, = 0
gpu_min_INT_ACC, = 0
gpu_min_FPU_ACC, = 0
gpu_min_DPU_ACC, = 0
gpu_min_INT_MUL24_ACC, = 0
gpu_min_INT_MUL32_ACC, = 0
gpu_min_INT_MUL_ACC, = 0
gpu_min_INT_DIV_ACC, = 0
gpu_min_FP_MUL_ACC, = 0
gpu_min_FP_DIV_ACC, = 0
gpu_min_FP_SQRT_ACC, = 0
gpu_min_FP_LG_ACC, = 0
gpu_min_FP_SIN_ACC, = 0
gpu_min_FP_EXP_ACC, = 0
gpu_min_DP_MUL_ACC, = 0
gpu_min_DP_DIV_ACC, = 0
gpu_min_TENSOR_ACC, = 0
gpu_min_TEX_ACC, = 0
gpu_min_MEM_RD, = 0
gpu_min_MEM_WR, = 0
gpu_min_MEM_PRE, = 0
gpu_min_L2_RH, = 0
gpu_min_L2_RM, = 0
gpu_min_L2_WH, = 0
gpu_min_L2_WM, = 0
gpu_min_NOC_A, = 0
gpu_min_PIPE_A, = 0
gpu_min_IDLE_CORE_N, = 30
gpu_min_constant_power = 0

Accumulative Power Statistics Over Previous Kernels:
gpu_tot_avg_power = 108.641
gpu_tot_max_power = 123.018
gpu_tot_min_power = 41.3592


kernel_name = _Z14dynproc_kerneliPiS_S_iiii 
kernel_launch_uid = 9 

Kernel Average Power Data:
kernel_avg_power = 108.519
gpu_avg_IBP, = 0.372521
gpu_avg_ICP, = 0
gpu_avg_DCP, = 2.03427
gpu_avg_TCP, = 0
gpu_avg_CCP, = 0
gpu_avg_SHRDP, = 1.13219
gpu_avg_RFP, = 15.6217
gpu_avg_INTP, = 7.84468
gpu_avg_FPUP, = 0
gpu_avg_DPUP, = 0
gpu_avg_INT_MUL24P, = 0
gpu_avg_INT_MUL32P, = 2.1624
gpu_avg_INT_MULP, = 0
gpu_avg_INT_DIVP, = 0
gpu_avg_FP_MULP, = 0
gpu_avg_FP_DIVP, = 0
gpu_avg_FP_SQRTP, = 0
gpu_avg_FP_LGP, = 0
gpu_avg_FP_SINP, = 0
gpu_avg_FP_EXP, = 0
gpu_avg_DP_MULP, = 0
gpu_avg_DP_DIVP, = 0
gpu_avg_TENSORP, = 0
gpu_avg_TEXP, = 0
gpu_avg_SCHEDP, = 1.097
gpu_avg_L2CP, = 0.149675
gpu_avg_MCP, = 1.16551
gpu_avg_NOCP, = 1.09015
gpu_avg_DRAMP, = 9.62314
gpu_avg_PIPEP, = 0.953262
gpu_avg_IDLE_COREP, = 0.0766279
gpu_avg_CONSTP = 32.3252
gpu_avg_STATICP = 32.8705
gpu_avg_TOT_INST, = 46426.1
gpu_avg_FP_INT, = 46426.1
gpu_avg_IC_H, = 0
gpu_avg_IC_M, = 0
gpu_avg_DC_RH, = 1128.43
gpu_avg_DC_RM, = 3430.15
gpu_avg_DC_WH, = 17.0021
gpu_avg_DC_WM, = 67.5951
gpu_avg_TC_H, = 0
gpu_avg_TC_M, = 0
gpu_avg_CC_H, = 0
gpu_avg_CC_M, = 0
gpu_avg_SHRD_ACC, = 7365.97
gpu_avg_REG_RD, = 1.67057e+06
gpu_avg_REG_WR, = 1.2233e+06
gpu_avg_NON_REG_OPs, = 478197
gpu_avg_INT_ACC, = 1.24429e+07
gpu_avg_FPU_ACC, = 0
gpu_avg_DPU_ACC, = 0
gpu_avg_INT_MUL24_ACC, = 0
gpu_avg_INT_MUL32_ACC, = 40962.4
gpu_avg_INT_MUL_ACC, = 0
gpu_avg_INT_DIV_ACC, = 0
gpu_avg_FP_MUL_ACC, = 0
gpu_avg_FP_DIV_ACC, = 0
gpu_avg_FP_SQRT_ACC, = 0
gpu_avg_FP_LG_ACC, = 0
gpu_avg_FP_SIN_ACC, = 0
gpu_avg_FP_EXP_ACC, = 0
gpu_avg_DP_MUL_ACC, = 0
gpu_avg_DP_DIV_ACC, = 0
gpu_avg_TENSOR_ACC, = 0
gpu_avg_TEX_ACC, = 0
gpu_avg_MEM_RD, = 3377.02
gpu_avg_MEM_WR, = 64.7822
gpu_avg_MEM_PRE, = 573.993
gpu_avg_L2_RH, = 1176.18
gpu_avg_L2_RM, = 3377
gpu_avg_L2_WH, = 18.63
gpu_avg_L2_WM, = 66.0465
gpu_avg_NOC_A, = 9275.68
gpu_avg_PIPE_A, = 0.186096
gpu_avg_IDLE_CORE_N, = 0.270969
gpu_avg_constant_power = 0
gpu_avg_threads_per_warp = 30.8624
gpu_tot_TOT_INST, = 4.39191e+07
gpu_tot_FP_INT, = 4.39191e+07
gpu_tot_IC_H, = 0
gpu_tot_IC_M, = 0
gpu_tot_DC_RH, = 1.06749e+06
gpu_tot_DC_RM, = 3.24492e+06
gpu_tot_DC_WH, = 16084
gpu_tot_DC_WM, = 63945
gpu_tot_TC_H, = 0
gpu_tot_TC_M, = 0
gpu_tot_CC_H, = 0
gpu_tot_CC_M, = 0
gpu_tot_SHRD_ACC, = 6.96821e+06
gpu_tot_REG_RD, = 1.58036e+09
gpu_tot_REG_WR, = 1.15724e+09
gpu_tot_NON_REG_OPs, = 4.52374e+08
gpu_tot_INT_ACC, = 1.1771e+10
gpu_tot_FPU_ACC, = 0
gpu_tot_DPU_ACC, = 0
gpu_tot_INT_MUL24_ACC, = 0
gpu_tot_INT_MUL32_ACC, = 3.87504e+07
gpu_tot_INT_MUL_ACC, = 0
gpu_tot_INT_DIV_ACC, = 0
gpu_tot_FP_MUL_ACC, = 0
gpu_tot_FP_DIV_ACC, = 0
gpu_tot_FP_SQRT_ACC, = 0
gpu_tot_FP_LG_ACC, = 0
gpu_tot_FP_SIN_ACC, = 0
gpu_tot_FP_EXP_ACC, = 0
gpu_tot_DP_MUL_ACC, = 0
gpu_tot_DP_DIV_ACC, = 0
gpu_tot_TENSOR_ACC, = 0
gpu_tot_TEX_ACC, = 0
gpu_tot_MEM_RD, = 3.19466e+06
gpu_tot_MEM_WR, = 61284
gpu_tot_MEM_PRE, = 542997
gpu_tot_L2_RH, = 1.11267e+06
gpu_tot_L2_RM, = 3.19464e+06
gpu_tot_L2_WH, = 17624
gpu_tot_L2_WM, = 62480
gpu_tot_NOC_A, = 8.7748e+06
gpu_tot_PIPE_A, = 176.046
gpu_tot_IDLE_CORE_N, = 256.337
gpu_tot_constant_power = 0

Kernel Maximum Power Data:
kernel_max_power = 121.168
gpu_max_IBP, = 0.458714
gpu_max_ICP, = 0
gpu_max_DCP, = 2.38857
gpu_max_TCP, = 0
gpu_max_CCP, = 0
gpu_max_SHRDP, = 0.887652
gpu_max_RFP, = 21.8287
gpu_max_INTP, = 12.281
gpu_max_FPUP, = 0
gpu_max_DPUP, = 0
gpu_max_INT_MUL24P, = 0
gpu_max_INT_MUL32P, = 3.70305
gpu_max_INT_MULP, = 0
gpu_max_INT_DIVP, = 0
gpu_max_FP_MULP, = 0
gpu_max_FP_DIVP, = 0
gpu_max_FP_SQRTP, = 0
gpu_max_FP_LGP, = 0
gpu_max_FP_SINP, = 0
gpu_max_FP_EXP, = 0
gpu_max_DP_MULP, = 0
gpu_max_DP_DIVP, = 0
gpu_max_TENSORP, = 0
gpu_max_TEXP, = 0
gpu_max_SCHEDP, = 1.35082
gpu_max_L2CP, = 0.295171
gpu_max_MCP, = 1.21677
gpu_max_NOCP, = 1.30386
gpu_max_DRAMP, = 8.46192
gpu_max_PIPEP, = 1.20307
gpu_max_IDLE_COREP, = 0
gpu_max_CONSTP = 32.3252
gpu_max_STATICP = 33.4636
gpu_max_TOT_INST, = 57168
gpu_max_FP_INT, = 57168
gpu_max_IC_H, = 0
gpu_max_IC_M, = 0
gpu_max_DC_RH, = 1155
gpu_max_DC_RM, = 4243
gpu_max_DC_WH, = 35
gpu_max_DC_WM, = 140
gpu_max_TC_H, = 0
gpu_max_TC_M, = 0
gpu_max_CC_H, = 0
gpu_max_CC_M, = 0
gpu_max_SHRD_ACC, = 5775
gpu_max_REG_RD, = 2.25626e+06
gpu_max_REG_WR, = 1.69814e+06
gpu_max_NON_REG_OPs, = 690720
gpu_max_INT_ACC, = 1.94796e+07
gpu_max_FPU_ACC, = 0
gpu_max_DPU_ACC, = 0
gpu_max_INT_MUL24_ACC, = 0
gpu_max_INT_MUL32_ACC, = 70147
gpu_max_INT_MUL_ACC, = 0
gpu_max_INT_DIV_ACC, = 0
gpu_max_FP_MUL_ACC, = 0
gpu_max_FP_DIV_ACC, = 0
gpu_max_FP_SQRT_ACC, = 0
gpu_max_FP_LG_ACC, = 0
gpu_max_FP_SIN_ACC, = 0
gpu_max_FP_EXP_ACC, = 0
gpu_max_DP_MUL_ACC, = 0
gpu_max_DP_DIV_ACC, = 0
gpu_max_TENSOR_ACC, = 0
gpu_max_TEX_ACC, = 0
gpu_max_MEM_RD, = 3063
gpu_max_MEM_WR, = 0
gpu_max_MEM_PRE, = 131
gpu_max_L2_RH, = 2019
gpu_max_L2_RM, = 3105
gpu_max_L2_WH, = 94
gpu_max_L2_WM, = 293
gpu_max_NOC_A, = 11094
gpu_max_PIPE_A, = 0.234863
gpu_max_IDLE_CORE_N, = 0
gpu_max_constant_power = 0

Kernel Minimum Power Data:
kernel_min_power = 41.3592
gpu_min_IBP, = 0
gpu_min_ICP, = 0
gpu_min_DCP, = 0
gpu_min_TCP, = 0
gpu_min_CCP, = 0
gpu_min_SHRDP, = 0
gpu_min_RFP, = 0
gpu_min_INTP, = 0
gpu_min_FPUP, = 0
gpu_min_DPUP, = 0
gpu_min_INT_MUL24P, = 0
gpu_min_INT_MUL32P, = 0
gpu_min_INT_MULP, = 0
gpu_min_INT_DIVP, = 0
gpu_min_FP_MULP, = 0
gpu_min_FP_DIVP, = 0
gpu_min_FP_SQRTP, = 0
gpu_min_FP_LGP, = 0
gpu_min_FP_SINP, = 0
gpu_min_FP_EXP, = 0
gpu_min_DP_MULP, = 0
gpu_min_DP_DIVP, = 0
gpu_min_TENSORP, = 0
gpu_min_TEXP, = 0
gpu_min_SCHEDP, = 0
gpu_min_L2CP, = 0
gpu_min_MCP, = 0.55022
gpu_min_NOCP, = 0
gpu_min_DRAMP, = 0
gpu_min_PIPEP, = 0
gpu_min_IDLE_COREP, = 8.48375
gpu_min_CONSTP = 32.3252
gpu_min_STATICP = 0
gpu_min_TOT_INST, = 0
gpu_min_FP_INT, = 0
gpu_min_IC_H, = 0
gpu_min_IC_M, = 0
gpu_min_DC_RH, = 0
gpu_min_DC_RM, = 0
gpu_min_DC_WH, = 0
gpu_min_DC_WM, = 0
gpu_min_TC_H, = 0
gpu_min_TC_M, = 0
gpu_min_CC_H, = 0
gpu_min_CC_M, = 0
gpu_min_SHRD_ACC, = 0
gpu_min_REG_RD, = 0
gpu_min_REG_WR, = 0
gpu_min_NON_REG_OPs, = 0
gpu_min_INT_ACC, = 0
gpu_min_FPU_ACC, = 0
gpu_min_DPU_ACC, = 0
gpu_min_INT_MUL24_ACC, = 0
gpu_min_INT_MUL32_ACC, = 0
gpu_min_INT_MUL_ACC, = 0
gpu_min_INT_DIV_ACC, = 0
gpu_min_FP_MUL_ACC, = 0
gpu_min_FP_DIV_ACC, = 0
gpu_min_FP_SQRT_ACC, = 0
gpu_min_FP_LG_ACC, = 0
gpu_min_FP_SIN_ACC, = 0
gpu_min_FP_EXP_ACC, = 0
gpu_min_DP_MUL_ACC, = 0
gpu_min_DP_DIV_ACC, = 0
gpu_min_TENSOR_ACC, = 0
gpu_min_TEX_ACC, = 0
gpu_min_MEM_RD, = 0
gpu_min_MEM_WR, = 0
gpu_min_MEM_PRE, = 0
gpu_min_L2_RH, = 0
gpu_min_L2_RM, = 0
gpu_min_L2_WH, = 0
gpu_min_L2_WM, = 0
gpu_min_NOC_A, = 0
gpu_min_PIPE_A, = 0
gpu_min_IDLE_CORE_N, = 30
gpu_min_constant_power = 0

Accumulative Power Statistics Over Previous Kernels:
gpu_tot_avg_power = 108.628
gpu_tot_max_power = 123.018
gpu_tot_min_power = 41.3592


kernel_name = _Z14dynproc_kerneliPiS_S_iiii 
kernel_launch_uid = 10 

Kernel Average Power Data:
kernel_avg_power = 108.351
gpu_avg_IBP, = 0.373105
gpu_avg_ICP, = 0
gpu_avg_DCP, = 1.95946
gpu_avg_TCP, = 0
gpu_avg_CCP, = 0
gpu_avg_SHRDP, = 1.12549
gpu_avg_RFP, = 15.5942
gpu_avg_INTP, = 7.86296
gpu_avg_FPUP, = 0
gpu_avg_DPUP, = 0
gpu_avg_INT_MUL24P, = 0
gpu_avg_INT_MUL32P, = 2.1542
gpu_avg_INT_MULP, = 0
gpu_avg_INT_DIVP, = 0
gpu_avg_FP_MULP, = 0
gpu_avg_FP_DIVP, = 0
gpu_avg_FP_SQRTP, = 0
gpu_avg_FP_LGP, = 0
gpu_avg_FP_SINP, = 0
gpu_avg_FP_EXP, = 0
gpu_avg_DP_MULP, = 0
gpu_avg_DP_DIVP, = 0
gpu_avg_TENSORP, = 0
gpu_avg_TEXP, = 0
gpu_avg_SCHEDP, = 1.09872
gpu_avg_L2CP, = 0.14436
gpu_avg_MCP, = 1.16611
gpu_avg_NOCP, = 1.0808
gpu_avg_DRAMP, = 9.6672
gpu_avg_PIPEP, = 0.967578
gpu_avg_IDLE_COREP, = 0.125169
gpu_avg_CONSTP = 32.3252
gpu_avg_STATICP = 32.7069
gpu_avg_TOT_INST, = 46498.9
gpu_avg_FP_INT, = 46498.9
gpu_avg_IC_H, = 0
gpu_avg_IC_M, = 0
gpu_avg_DC_RH, = 873.254
gpu_avg_DC_RM, = 3645.28
gpu_avg_DC_WH, = 13.066
gpu_avg_DC_WM, = 71.0032
gpu_avg_TC_H, = 0
gpu_avg_TC_M, = 0
gpu_avg_CC_H, = 0
gpu_avg_CC_M, = 0
gpu_avg_SHRD_ACC, = 7322.39
gpu_avg_REG_RD, = 1.67031e+06
gpu_avg_REG_WR, = 1.21455e+06
gpu_avg_NON_REG_OPs, = 478116
gpu_avg_INT_ACC, = 1.24719e+07
gpu_avg_FPU_ACC, = 0
gpu_avg_DPU_ACC, = 0
gpu_avg_INT_MUL24_ACC, = 0
gpu_avg_INT_MUL32_ACC, = 40807.1
gpu_avg_INT_MUL_ACC, = 0
gpu_avg_INT_DIV_ACC, = 0
gpu_avg_FP_MUL_ACC, = 0
gpu_avg_FP_DIV_ACC, = 0
gpu_avg_FP_SQRT_ACC, = 0
gpu_avg_FP_LG_ACC, = 0
gpu_avg_FP_SIN_ACC, = 0
gpu_avg_FP_EXP_ACC, = 0
gpu_avg_DP_MUL_ACC, = 0
gpu_avg_DP_DIV_ACC, = 0
gpu_avg_TENSOR_ACC, = 0
gpu_avg_TEX_ACC, = 0
gpu_avg_MEM_RD, = 3389.44
gpu_avg_MEM_WR, = 67.9297
gpu_avg_MEM_PRE, = 585.44
gpu_avg_L2_RH, = 1124.49
gpu_avg_L2_RM, = 3389.43
gpu_avg_L2_WH, = 16.2998
gpu_avg_L2_WM, = 67.8506
gpu_avg_NOC_A, = 9196.08
gpu_avg_PIPE_A, = 0.18889
gpu_avg_IDLE_CORE_N, = 0.442619
gpu_avg_constant_power = 0
gpu_avg_threads_per_warp = 30.841
gpu_tot_TOT_INST, = 4.2965e+07
gpu_tot_FP_INT, = 4.2965e+07
gpu_tot_IC_H, = 0
gpu_tot_IC_M, = 0
gpu_tot_DC_RH, = 806887
gpu_tot_DC_RM, = 3.36824e+06
gpu_tot_DC_WH, = 12073
gpu_tot_DC_WM, = 65607
gpu_tot_TC_H, = 0
gpu_tot_TC_M, = 0
gpu_tot_CC_H, = 0
gpu_tot_CC_M, = 0
gpu_tot_SHRD_ACC, = 6.76589e+06
gpu_tot_REG_RD, = 1.54336e+09
gpu_tot_REG_WR, = 1.12224e+09
gpu_tot_NON_REG_OPs, = 4.41779e+08
gpu_tot_INT_ACC, = 1.1524e+10
gpu_tot_FPU_ACC, = 0
gpu_tot_DPU_ACC, = 0
gpu_tot_INT_MUL24_ACC, = 0
gpu_tot_INT_MUL32_ACC, = 3.77058e+07
gpu_tot_INT_MUL_ACC, = 0
gpu_tot_INT_DIV_ACC, = 0
gpu_tot_FP_MUL_ACC, = 0
gpu_tot_FP_DIV_ACC, = 0
gpu_tot_FP_SQRT_ACC, = 0
gpu_tot_FP_LG_ACC, = 0
gpu_tot_FP_SIN_ACC, = 0
gpu_tot_FP_EXP_ACC, = 0
gpu_tot_DP_MUL_ACC, = 0
gpu_tot_DP_DIV_ACC, = 0
gpu_tot_TENSOR_ACC, = 0
gpu_tot_TEX_ACC, = 0
gpu_tot_MEM_RD, = 3.13184e+06
gpu_tot_MEM_WR, = 62767
gpu_tot_MEM_PRE, = 540947
gpu_tot_L2_RH, = 1.03903e+06
gpu_tot_L2_RM, = 3.13183e+06
gpu_tot_L2_WH, = 15061
gpu_tot_L2_WM, = 62694
gpu_tot_NOC_A, = 8.49718e+06
gpu_tot_PIPE_A, = 174.535
gpu_tot_IDLE_CORE_N, = 408.98
gpu_tot_constant_power = 0

Kernel Maximum Power Data:
kernel_max_power = 118.474
gpu_max_IBP, = 0.440644
gpu_max_ICP, = 0
gpu_max_DCP, = 2.34638
gpu_max_TCP, = 0
gpu_max_CCP, = 0
gpu_max_SHRDP, = 0.889803
gpu_max_RFP, = 20.4628
gpu_max_INTP, = 11.2026
gpu_max_FPUP, = 0
gpu_max_DPUP, = 0
gpu_max_INT_MUL24P, = 0
gpu_max_INT_MUL32P, = 3.56701
gpu_max_INT_MULP, = 0
gpu_max_INT_DIVP, = 0
gpu_max_FP_MULP, = 0
gpu_max_FP_DIVP, = 0
gpu_max_FP_SQRTP, = 0
gpu_max_FP_LGP, = 0
gpu_max_FP_SINP, = 0
gpu_max_FP_EXP, = 0
gpu_max_DP_MULP, = 0
gpu_max_DP_DIVP, = 0
gpu_max_TENSORP, = 0
gpu_max_TEXP, = 0
gpu_max_SCHEDP, = 1.29761
gpu_max_L2CP, = 0.315745
gpu_max_MCP, = 1.22093
gpu_max_NOCP, = 1.29716
gpu_max_DRAMP, = 8.50179
gpu_max_PIPEP, = 1.14301
gpu_max_IDLE_COREP, = 0
gpu_max_CONSTP = 32.3252
gpu_max_STATICP = 33.4636
gpu_max_TOT_INST, = 54916
gpu_max_FP_INT, = 54916
gpu_max_IC_H, = 0
gpu_max_IC_M, = 0
gpu_max_DC_RH, = 991
gpu_max_DC_RM, = 4338
gpu_max_DC_WH, = 41
gpu_max_DC_WM, = 202
gpu_max_TC_H, = 0
gpu_max_TC_M, = 0
gpu_max_CC_H, = 0
gpu_max_CC_M, = 0
gpu_max_SHRD_ACC, = 5789
gpu_max_REG_RD, = 2.09037e+06
gpu_max_REG_WR, = 1.56413e+06
gpu_max_NON_REG_OPs, = 659936
gpu_max_INT_ACC, = 1.7769e+07
gpu_max_FPU_ACC, = 0
gpu_max_DPU_ACC, = 0
gpu_max_INT_MUL24_ACC, = 0
gpu_max_INT_MUL32_ACC, = 67570
gpu_max_INT_MUL_ACC, = 0
gpu_max_INT_DIV_ACC, = 0
gpu_max_FP_MUL_ACC, = 0
gpu_max_FP_DIV_ACC, = 0
gpu_max_FP_SQRT_ACC, = 0
gpu_max_FP_LG_ACC, = 0
gpu_max_FP_SIN_ACC, = 0
gpu_max_FP_EXP_ACC, = 0
gpu_max_DP_MUL_ACC, = 0
gpu_max_DP_DIV_ACC, = 0
gpu_max_TENSOR_ACC, = 0
gpu_max_TEX_ACC, = 0
gpu_max_MEM_RD, = 3033
gpu_max_MEM_WR, = 0
gpu_max_MEM_PRE, = 400
gpu_max_L2_RH, = 1852
gpu_max_L2_RM, = 3109
gpu_max_L2_WH, = 123
gpu_max_L2_WM, = 437
gpu_max_NOC_A, = 11037
gpu_max_PIPE_A, = 0.223138
gpu_max_IDLE_CORE_N, = 0
gpu_max_constant_power = 0

Kernel Minimum Power Data:
kernel_min_power = 41.3592
gpu_min_IBP, = 0
gpu_min_ICP, = 0
gpu_min_DCP, = 0
gpu_min_TCP, = 0
gpu_min_CCP, = 0
gpu_min_SHRDP, = 0
gpu_min_RFP, = 0
gpu_min_INTP, = 0
gpu_min_FPUP, = 0
gpu_min_DPUP, = 0
gpu_min_INT_MUL24P, = 0
gpu_min_INT_MUL32P, = 0
gpu_min_INT_MULP, = 0
gpu_min_INT_DIVP, = 0
gpu_min_FP_MULP, = 0
gpu_min_FP_DIVP, = 0
gpu_min_FP_SQRTP, = 0
gpu_min_FP_LGP, = 0
gpu_min_FP_SINP, = 0
gpu_min_FP_EXP, = 0
gpu_min_DP_MULP, = 0
gpu_min_DP_DIVP, = 0
gpu_min_TENSORP, = 0
gpu_min_TEXP, = 0
gpu_min_SCHEDP, = 0
gpu_min_L2CP, = 0
gpu_min_MCP, = 0.55022
gpu_min_NOCP, = 0
gpu_min_DRAMP, = 0
gpu_min_PIPEP, = 0
gpu_min_IDLE_COREP, = 8.48375
gpu_min_CONSTP = 32.3252
gpu_min_STATICP = 0
gpu_min_TOT_INST, = 0
gpu_min_FP_INT, = 0
gpu_min_IC_H, = 0
gpu_min_IC_M, = 0
gpu_min_DC_RH, = 0
gpu_min_DC_RM, = 0
gpu_min_DC_WH, = 0
gpu_min_DC_WM, = 0
gpu_min_TC_H, = 0
gpu_min_TC_M, = 0
gpu_min_CC_H, = 0
gpu_min_CC_M, = 0
gpu_min_SHRD_ACC, = 0
gpu_min_REG_RD, = 0
gpu_min_REG_WR, = 0
gpu_min_NON_REG_OPs, = 0
gpu_min_INT_ACC, = 0
gpu_min_FPU_ACC, = 0
gpu_min_DPU_ACC, = 0
gpu_min_INT_MUL24_ACC, = 0
gpu_min_INT_MUL32_ACC, = 0
gpu_min_INT_MUL_ACC, = 0
gpu_min_INT_DIV_ACC, = 0
gpu_min_FP_MUL_ACC, = 0
gpu_min_FP_DIV_ACC, = 0
gpu_min_FP_SQRT_ACC, = 0
gpu_min_FP_LG_ACC, = 0
gpu_min_FP_SIN_ACC, = 0
gpu_min_FP_EXP_ACC, = 0
gpu_min_DP_MUL_ACC, = 0
gpu_min_DP_DIV_ACC, = 0
gpu_min_TENSOR_ACC, = 0
gpu_min_TEX_ACC, = 0
gpu_min_MEM_RD, = 0
gpu_min_MEM_WR, = 0
gpu_min_MEM_PRE, = 0
gpu_min_L2_RH, = 0
gpu_min_L2_RM, = 0
gpu_min_L2_WH, = 0
gpu_min_L2_WM, = 0
gpu_min_NOC_A, = 0
gpu_min_PIPE_A, = 0
gpu_min_IDLE_CORE_N, = 30
gpu_min_constant_power = 0

Accumulative Power Statistics Over Previous Kernels:
gpu_tot_avg_power = 108.601
gpu_tot_max_power = 123.018
gpu_tot_min_power = 41.3592


