kernel_name = _Z11ExecuteLSTMPdS_S_S_S_S_S_S_S_S_S_S_S_S_S_ 
kernel_launch_uid = 1 

Kernel Average Power Data:
kernel_avg_power = 67.1811
gpu_avg_IBP, = 0.0246374
gpu_avg_ICP, = 0
gpu_avg_DCP, = 2.50229
gpu_avg_TCP, = 0
gpu_avg_CCP, = 0
gpu_avg_SHRDP, = 0.0364543
gpu_avg_RFP, = 1.89996
gpu_avg_INTP, = 0.152991
gpu_avg_FPUP, = 0
gpu_avg_DPUP, = 0.108152
gpu_avg_INT_MUL24P, = 0
gpu_avg_INT_MUL32P, = 0.017195
gpu_avg_INT_MULP, = 0
gpu_avg_INT_DIVP, = 0
gpu_avg_FP_MULP, = 0
gpu_avg_FP_DIVP, = 0
gpu_avg_FP_SQRTP, = 0
gpu_avg_FP_LGP, = 0
gpu_avg_FP_SINP, = 0
gpu_avg_FP_EXP, = 0
gpu_avg_DP_MULP, = 0.21599
gpu_avg_DP_DIVP, = 0
gpu_avg_TENSORP, = 0
gpu_avg_TEXP, = 0
gpu_avg_SCHEDP, = 0.0717764
gpu_avg_L2CP, = 0.141013
gpu_avg_MCP, = 0.770923
gpu_avg_NOCP, = 0.358132
gpu_avg_DRAMP, = 0.0668173
gpu_avg_PIPEP, = 0.0626286
gpu_avg_IDLE_COREP, = 2.18435
gpu_avg_CONSTP = 32.3252
gpu_avg_STATICP = 26.2425
gpu_avg_TOT_INST, = 3070.47
gpu_avg_FP_INT, = 3037.65
gpu_avg_IC_H, = 0
gpu_avg_IC_M, = 0
gpu_avg_DC_RH, = 5277.26
gpu_avg_DC_RM, = -2006.18
gpu_avg_DC_WH, = 0.194831
gpu_avg_DC_WM, = 0.0596421
gpu_avg_TC_H, = 0
gpu_avg_TC_M, = 0
gpu_avg_CC_H, = 0
gpu_avg_CC_M, = 0
gpu_avg_SHRD_ACC, = 237.169
gpu_avg_REG_RD, = 147863
gpu_avg_REG_WR, = 222859
gpu_avg_NON_REG_OPs, = 56106.2
gpu_avg_INT_ACC, = 242668
gpu_avg_FPU_ACC, = 0
gpu_avg_DPU_ACC, = 4202.51
gpu_avg_INT_MUL24_ACC, = 0
gpu_avg_INT_MUL32_ACC, = 325.726
gpu_avg_INT_MUL_ACC, = 0
gpu_avg_INT_DIV_ACC, = 0
gpu_avg_FP_MUL_ACC, = 0
gpu_avg_FP_DIV_ACC, = 0
gpu_avg_FP_SQRT_ACC, = 0
gpu_avg_FP_LG_ACC, = 0
gpu_avg_FP_SIN_ACC, = 0
gpu_avg_FP_EXP_ACC, = 0
gpu_avg_DP_MUL_ACC, = 4091.51
gpu_avg_DP_DIV_ACC, = 0
gpu_avg_TENSOR_ACC, = 0
gpu_avg_TEX_ACC, = 0
gpu_avg_MEM_RD, = 24.0934
gpu_avg_MEM_WR, = 0
gpu_avg_MEM_PRE, = 1.59443
gpu_avg_L2_RH, = 1499.25
gpu_avg_L2_RM, = 24.0934
gpu_avg_L2_WH, = 0.252485
gpu_avg_L2_WM, = 0.00198807
gpu_avg_NOC_A, = 3047.2
gpu_avg_PIPE_A, = 0.0122263
gpu_avg_IDLE_CORE_N, = 7.72422
gpu_avg_constant_power = 0
gpu_avg_threads_per_warp = 28.3222
gpu_tot_TOT_INST, = 1.54445e+06
gpu_tot_FP_INT, = 1.52794e+06
gpu_tot_IC_H, = 0
gpu_tot_IC_M, = 0
gpu_tot_DC_RH, = 2.65446e+06
gpu_tot_DC_RM, = -1.00911e+06
gpu_tot_DC_WH, = 98
gpu_tot_DC_WM, = 30
gpu_tot_TC_H, = 0
gpu_tot_TC_M, = 0
gpu_tot_CC_H, = 0
gpu_tot_CC_M, = 0
gpu_tot_SHRD_ACC, = 119296
gpu_tot_REG_RD, = 7.43752e+07
gpu_tot_REG_WR, = 1.12098e+08
gpu_tot_NON_REG_OPs, = 2.82214e+07
gpu_tot_INT_ACC, = 1.22062e+08
gpu_tot_FPU_ACC, = 0
gpu_tot_DPU_ACC, = 2.11386e+06
gpu_tot_INT_MUL24_ACC, = 0
gpu_tot_INT_MUL32_ACC, = 163840
gpu_tot_INT_MUL_ACC, = 0
gpu_tot_INT_DIV_ACC, = 0
gpu_tot_FP_MUL_ACC, = 0
gpu_tot_FP_DIV_ACC, = 0
gpu_tot_FP_SQRT_ACC, = 0
gpu_tot_FP_LG_ACC, = 0
gpu_tot_FP_SIN_ACC, = 0
gpu_tot_FP_EXP_ACC, = 0
gpu_tot_DP_MUL_ACC, = 2.05803e+06
gpu_tot_DP_DIV_ACC, = 0
gpu_tot_TENSOR_ACC, = 0
gpu_tot_TEX_ACC, = 0
gpu_tot_MEM_RD, = 12119
gpu_tot_MEM_WR, = 0
gpu_tot_MEM_PRE, = 802
gpu_tot_L2_RH, = 754125
gpu_tot_L2_RM, = 12119
gpu_tot_L2_WH, = 127
gpu_tot_L2_WM, = 1
gpu_tot_NOC_A, = 1.53274e+06
gpu_tot_PIPE_A, = 6.14985
gpu_tot_IDLE_CORE_N, = 3885.28
gpu_tot_constant_power = 0

Kernel Maximum Power Data:
kernel_max_power = 85.7005
gpu_max_IBP, = 0.0901893
gpu_max_ICP, = 0
gpu_max_DCP, = 6.7083
gpu_max_TCP, = 0
gpu_max_CCP, = 0
gpu_max_SHRDP, = 0
gpu_max_RFP, = 4.52026
gpu_max_INTP, = 0.959419
gpu_max_FPUP, = 0
gpu_max_DPUP, = 1.47919
gpu_max_INT_MUL24P, = 0
gpu_max_INT_MUL32P, = 0
gpu_max_INT_MULP, = 0
gpu_max_INT_DIVP, = 0
gpu_max_FP_MULP, = 0
gpu_max_FP_DIVP, = 0
gpu_max_FP_SQRTP, = 0
gpu_max_FP_LGP, = 0
gpu_max_FP_SINP, = 0
gpu_max_FP_EXP, = 0
gpu_max_DP_MULP, = 0.415379
gpu_max_DP_DIVP, = 0
gpu_max_TENSORP, = 0
gpu_max_TEXP, = 0
gpu_max_SCHEDP, = 0.249522
gpu_max_L2CP, = 0.00056337
gpu_max_MCP, = 1.3301
gpu_max_NOCP, = 0.00199798
gpu_max_DRAMP, = 0
gpu_max_PIPEP, = 0.233306
gpu_max_IDLE_COREP, = 0
gpu_max_CONSTP = 32.3252
gpu_max_STATICP = 37.387
gpu_max_TOT_INST, = 11240
gpu_max_FP_INT, = 10560
gpu_max_IC_H, = 0
gpu_max_IC_M, = 0
gpu_max_DC_RH, = 10825
gpu_max_DC_RM, = 11
gpu_max_DC_WH, = 0
gpu_max_DC_WM, = 0
gpu_max_TC_H, = 0
gpu_max_TC_M, = 0
gpu_max_CC_H, = 0
gpu_max_CC_M, = 0
gpu_max_SHRD_ACC, = 0
gpu_max_REG_RD, = 335776
gpu_max_REG_WR, = 235200
gpu_max_NON_REG_OPs, = 202368
gpu_max_INT_ACC, = 1.52179e+06
gpu_max_FPU_ACC, = 0
gpu_max_DPU_ACC, = 57477.6
gpu_max_INT_MUL24_ACC, = 0
gpu_max_INT_MUL32_ACC, = 0
gpu_max_INT_MUL_ACC, = 0
gpu_max_INT_DIV_ACC, = 0
gpu_max_FP_MUL_ACC, = 0
gpu_max_FP_DIV_ACC, = 0
gpu_max_FP_SQRT_ACC, = 0
gpu_max_FP_LG_ACC, = 0
gpu_max_FP_SIN_ACC, = 0
gpu_max_FP_EXP_ACC, = 0
gpu_max_DP_MUL_ACC, = 7868.53
gpu_max_DP_DIV_ACC, = 0
gpu_max_TENSOR_ACC, = 0
gpu_max_TEX_ACC, = 0
gpu_max_MEM_RD, = 0
gpu_max_MEM_WR, = 0
gpu_max_MEM_PRE, = 0
gpu_max_L2_RH, = 6
gpu_max_L2_RM, = 0
gpu_max_L2_WH, = 0
gpu_max_L2_WM, = 0
gpu_max_NOC_A, = 17
gpu_max_PIPE_A, = 0.0455458
gpu_max_IDLE_CORE_N, = 0
gpu_max_constant_power = 0

Kernel Minimum Power Data:
kernel_min_power = 41.3592
gpu_min_IBP, = 0
gpu_min_ICP, = 0
gpu_min_DCP, = 0
gpu_min_TCP, = 0
gpu_min_CCP, = 0
gpu_min_SHRDP, = 0
gpu_min_RFP, = 0
gpu_min_INTP, = 0
gpu_min_FPUP, = 0
gpu_min_DPUP, = 0
gpu_min_INT_MUL24P, = 0
gpu_min_INT_MUL32P, = 0
gpu_min_INT_MULP, = 0
gpu_min_INT_DIVP, = 0
gpu_min_FP_MULP, = 0
gpu_min_FP_DIVP, = 0
gpu_min_FP_SQRTP, = 0
gpu_min_FP_LGP, = 0
gpu_min_FP_SINP, = 0
gpu_min_FP_EXP, = 0
gpu_min_DP_MULP, = 0
gpu_min_DP_DIVP, = 0
gpu_min_TENSORP, = 0
gpu_min_TEXP, = 0
gpu_min_SCHEDP, = 0
gpu_min_L2CP, = 0
gpu_min_MCP, = 0.55022
gpu_min_NOCP, = 0
gpu_min_DRAMP, = 0
gpu_min_PIPEP, = 0
gpu_min_IDLE_COREP, = 8.48375
gpu_min_CONSTP = 32.3252
gpu_min_STATICP = 0
gpu_min_TOT_INST, = 0
gpu_min_FP_INT, = 0
gpu_min_IC_H, = 0
gpu_min_IC_M, = 0
gpu_min_DC_RH, = 0
gpu_min_DC_RM, = 0
gpu_min_DC_WH, = 0
gpu_min_DC_WM, = 0
gpu_min_TC_H, = 0
gpu_min_TC_M, = 0
gpu_min_CC_H, = 0
gpu_min_CC_M, = 0
gpu_min_SHRD_ACC, = 0
gpu_min_REG_RD, = 0
gpu_min_REG_WR, = 0
gpu_min_NON_REG_OPs, = 0
gpu_min_INT_ACC, = 0
gpu_min_FPU_ACC, = 0
gpu_min_DPU_ACC, = 0
gpu_min_INT_MUL24_ACC, = 0
gpu_min_INT_MUL32_ACC, = 0
gpu_min_INT_MUL_ACC, = 0
gpu_min_INT_DIV_ACC, = 0
gpu_min_FP_MUL_ACC, = 0
gpu_min_FP_DIV_ACC, = 0
gpu_min_FP_SQRT_ACC, = 0
gpu_min_FP_LG_ACC, = 0
gpu_min_FP_SIN_ACC, = 0
gpu_min_FP_EXP_ACC, = 0
gpu_min_DP_MUL_ACC, = 0
gpu_min_DP_DIV_ACC, = 0
gpu_min_TENSOR_ACC, = 0
gpu_min_TEX_ACC, = 0
gpu_min_MEM_RD, = 0
gpu_min_MEM_WR, = 0
gpu_min_MEM_PRE, = 0
gpu_min_L2_RH, = 0
gpu_min_L2_RM, = 0
gpu_min_L2_WH, = 0
gpu_min_L2_WM, = 0
gpu_min_NOC_A, = 0
gpu_min_PIPE_A, = 0
gpu_min_IDLE_CORE_N, = 30
gpu_min_constant_power = 0

Accumulative Power Statistics Over Previous Kernels:
gpu_tot_avg_power = 67.1811
gpu_tot_max_power = 85.7005
gpu_tot_min_power = 41.3592


