kernel_name = _Z7contribiPfPiS_ 
kernel_launch_uid = 1 

Kernel Average Power Data:
kernel_avg_power = 98.8031
gpu_avg_IBP, = 0.10592
gpu_avg_ICP, = 0
gpu_avg_DCP, = 2.48587
gpu_avg_TCP, = 0
gpu_avg_CCP, = 0
gpu_avg_SHRDP, = 0
gpu_avg_RFP, = 4.7878
gpu_avg_INTP, = 1.66278
gpu_avg_FPUP, = 0.240232
gpu_avg_DPUP, = 0
gpu_avg_INT_MUL24P, = 0
gpu_avg_INT_MUL32P, = 1.86077
gpu_avg_INT_MULP, = 0
gpu_avg_INT_DIVP, = 0
gpu_avg_FP_MULP, = 0
gpu_avg_FP_DIVP, = 0.923352
gpu_avg_FP_SQRTP, = 0
gpu_avg_FP_LGP, = 0
gpu_avg_FP_SINP, = 0
gpu_avg_FP_EXP, = 0
gpu_avg_DP_MULP, = 0
gpu_avg_DP_DIVP, = 0
gpu_avg_TENSORP, = 0
gpu_avg_TEXP, = 0
gpu_avg_SCHEDP, = 0.298899
gpu_avg_L2CP, = 0.41351
gpu_avg_MCP, = 1.71879
gpu_avg_NOCP, = 1.54622
gpu_avg_DRAMP, = 14.4458
gpu_avg_PIPEP, = 0.269787
gpu_avg_IDLE_COREP, = 0.816904
gpu_avg_CONSTP = 32.3252
gpu_avg_STATICP = 34.9013
gpu_avg_TOT_INST, = 13200.5
gpu_avg_FP_INT, = 12649.7
gpu_avg_IC_H, = 0
gpu_avg_IC_M, = 0
gpu_avg_DC_RH, = 0
gpu_avg_DC_RM, = 4405.92
gpu_avg_DC_WH, = 0
gpu_avg_DC_WM, = 2181.62
gpu_avg_TC_H, = 0
gpu_avg_TC_M, = 0
gpu_avg_CC_H, = 0
gpu_avg_CC_M, = 0
gpu_avg_SHRD_ACC, = 0
gpu_avg_REG_RD, = 386759
gpu_avg_REG_WR, = 386262
gpu_avg_NON_REG_OPs, = 176244
gpu_avg_INT_ACC, = 2.63742e+06
gpu_avg_FPU_ACC, = 9334.81
gpu_avg_DPU_ACC, = 0
gpu_avg_INT_MUL24_ACC, = 0
gpu_avg_INT_MUL32_ACC, = 35248.5
gpu_avg_INT_MUL_ACC, = 0
gpu_avg_INT_DIV_ACC, = 0
gpu_avg_FP_MUL_ACC, = 0
gpu_avg_FP_DIV_ACC, = 17491.1
gpu_avg_FP_SQRT_ACC, = 0
gpu_avg_FP_LG_ACC, = 0
gpu_avg_FP_SIN_ACC, = 0
gpu_avg_FP_EXP_ACC, = 0
gpu_avg_DP_MUL_ACC, = 0
gpu_avg_DP_DIV_ACC, = 0
gpu_avg_TENSOR_ACC, = 0
gpu_avg_TEX_ACC, = 0
gpu_avg_MEM_RD, = 4390.37
gpu_avg_MEM_WR, = 1528.23
gpu_avg_MEM_PRE, = 166.808
gpu_avg_L2_RH, = 0
gpu_avg_L2_RM, = 4395.79
gpu_avg_L2_WH, = 0
gpu_avg_L2_WM, = 2178.77
gpu_avg_NOC_A, = 13156.2
gpu_avg_PIPE_A, = 0.0526677
gpu_avg_IDLE_CORE_N, = 2.88871
gpu_avg_constant_power = 0
gpu_avg_threads_per_warp = 28.9227
gpu_tot_TOT_INST, = 686424
gpu_tot_FP_INT, = 657785
gpu_tot_IC_H, = 0
gpu_tot_IC_M, = 0
gpu_tot_DC_RH, = 0
gpu_tot_DC_RM, = 229108
gpu_tot_DC_WH, = 0
gpu_tot_DC_WM, = 113444
gpu_tot_TC_H, = 0
gpu_tot_TC_M, = 0
gpu_tot_CC_H, = 0
gpu_tot_CC_M, = 0
gpu_tot_SHRD_ACC, = 0
gpu_tot_REG_RD, = 2.01115e+07
gpu_tot_REG_WR, = 2.00856e+07
gpu_tot_NON_REG_OPs, = 9.1647e+06
gpu_tot_INT_ACC, = 1.37146e+08
gpu_tot_FPU_ACC, = 485410
gpu_tot_DPU_ACC, = 0
gpu_tot_INT_MUL24_ACC, = 0
gpu_tot_INT_MUL32_ACC, = 1.83292e+06
gpu_tot_INT_MUL_ACC, = 0
gpu_tot_INT_DIV_ACC, = 0
gpu_tot_FP_MUL_ACC, = 0
gpu_tot_FP_DIV_ACC, = 909536
gpu_tot_FP_SQRT_ACC, = 0
gpu_tot_FP_LG_ACC, = 0
gpu_tot_FP_SIN_ACC, = 0
gpu_tot_FP_EXP_ACC, = 0
gpu_tot_DP_MUL_ACC, = 0
gpu_tot_DP_DIV_ACC, = 0
gpu_tot_TENSOR_ACC, = 0
gpu_tot_TEX_ACC, = 0
gpu_tot_MEM_RD, = 228299
gpu_tot_MEM_WR, = 79468
gpu_tot_MEM_PRE, = 8674
gpu_tot_L2_RH, = 0
gpu_tot_L2_RM, = 228581
gpu_tot_L2_WH, = 0
gpu_tot_L2_WM, = 113296
gpu_tot_NOC_A, = 684120
gpu_tot_PIPE_A, = 2.73872
gpu_tot_IDLE_CORE_N, = 150.213
gpu_tot_constant_power = 0

Kernel Maximum Power Data:
kernel_max_power = 109.755
gpu_max_IBP, = 0.156564
gpu_max_ICP, = 0
gpu_max_DCP, = 3.2363
gpu_max_TCP, = 0
gpu_max_CCP, = 0
gpu_max_SHRDP, = 0
gpu_max_RFP, = 7.03637
gpu_max_INTP, = 2.44919
gpu_max_FPUP, = 0.324094
gpu_max_DPUP, = 0
gpu_max_INT_MUL24P, = 0
gpu_max_INT_MUL32P, = 2.96975
gpu_max_INT_MULP, = 0
gpu_max_INT_DIVP, = 0
gpu_max_FP_MULP, = 0
gpu_max_FP_DIVP, = 0.925724
gpu_max_FP_SQRTP, = 0
gpu_max_FP_LGP, = 0
gpu_max_FP_SINP, = 0
gpu_max_FP_EXP, = 0
gpu_max_DP_MULP, = 0
gpu_max_DP_DIVP, = 0
gpu_max_TENSORP, = 0
gpu_max_TEXP, = 0
gpu_max_SCHEDP, = 0.443397
gpu_max_L2CP, = 0.492712
gpu_max_MCP, = 1.95884
gpu_max_NOCP, = 1.91042
gpu_max_DRAMP, = 16.5206
gpu_max_PIPEP, = 0.385335
gpu_max_IDLE_COREP, = 0
gpu_max_CONSTP = 32.3252
gpu_max_STATICP = 38.6201
gpu_max_TOT_INST, = 19512
gpu_max_FP_INT, = 18765
gpu_max_IC_H, = 0
gpu_max_IC_M, = 0
gpu_max_DC_RH, = 0
gpu_max_DC_RM, = 6122
gpu_max_DC_WH, = 0
gpu_max_DC_WM, = 2440
gpu_max_TC_H, = 0
gpu_max_TC_M, = 0
gpu_max_CC_H, = 0
gpu_max_CC_M, = 0
gpu_max_SHRD_ACC, = 0
gpu_max_REG_RD, = 536352
gpu_max_REG_WR, = 520960
gpu_max_NON_REG_OPs, = 277504
gpu_max_INT_ACC, = 3.88481e+06
gpu_max_FPU_ACC, = 12593.5
gpu_max_DPU_ACC, = 0
gpu_max_INT_MUL24_ACC, = 0
gpu_max_INT_MUL32_ACC, = 56256
gpu_max_INT_MUL_ACC, = 0
gpu_max_INT_DIV_ACC, = 0
gpu_max_FP_MUL_ACC, = 0
gpu_max_FP_DIV_ACC, = 17536
gpu_max_FP_SQRT_ACC, = 0
gpu_max_FP_LG_ACC, = 0
gpu_max_FP_SIN_ACC, = 0
gpu_max_FP_EXP_ACC, = 0
gpu_max_DP_MUL_ACC, = 0
gpu_max_DP_DIV_ACC, = 0
gpu_max_TENSOR_ACC, = 0
gpu_max_TEX_ACC, = 0
gpu_max_MEM_RD, = 5088
gpu_max_MEM_WR, = 1631
gpu_max_MEM_PRE, = 177
gpu_max_L2_RH, = 0
gpu_max_L2_RM, = 4863
gpu_max_L2_WH, = 0
gpu_max_L2_WM, = 2609
gpu_max_NOC_A, = 16255
gpu_max_PIPE_A, = 0.075225
gpu_max_IDLE_CORE_N, = 0
gpu_max_constant_power = 0

Kernel Minimum Power Data:
kernel_min_power = 41.3592
gpu_min_IBP, = 0
gpu_min_ICP, = 0
gpu_min_DCP, = 0
gpu_min_TCP, = 0
gpu_min_CCP, = 0
gpu_min_SHRDP, = 0
gpu_min_RFP, = 0
gpu_min_INTP, = 0
gpu_min_FPUP, = 0
gpu_min_DPUP, = 0
gpu_min_INT_MUL24P, = 0
gpu_min_INT_MUL32P, = 0
gpu_min_INT_MULP, = 0
gpu_min_INT_DIVP, = 0
gpu_min_FP_MULP, = 0
gpu_min_FP_DIVP, = 0
gpu_min_FP_SQRTP, = 0
gpu_min_FP_LGP, = 0
gpu_min_FP_SINP, = 0
gpu_min_FP_EXP, = 0
gpu_min_DP_MULP, = 0
gpu_min_DP_DIVP, = 0
gpu_min_TENSORP, = 0
gpu_min_TEXP, = 0
gpu_min_SCHEDP, = 0
gpu_min_L2CP, = 0
gpu_min_MCP, = 0.55022
gpu_min_NOCP, = 0
gpu_min_DRAMP, = 0
gpu_min_PIPEP, = 0
gpu_min_IDLE_COREP, = 8.48375
gpu_min_CONSTP = 32.3252
gpu_min_STATICP = 0
gpu_min_TOT_INST, = 0
gpu_min_FP_INT, = 0
gpu_min_IC_H, = 0
gpu_min_IC_M, = 0
gpu_min_DC_RH, = 0
gpu_min_DC_RM, = 0
gpu_min_DC_WH, = 0
gpu_min_DC_WM, = 0
gpu_min_TC_H, = 0
gpu_min_TC_M, = 0
gpu_min_CC_H, = 0
gpu_min_CC_M, = 0
gpu_min_SHRD_ACC, = 0
gpu_min_REG_RD, = 0
gpu_min_REG_WR, = 0
gpu_min_NON_REG_OPs, = 0
gpu_min_INT_ACC, = 0
gpu_min_FPU_ACC, = 0
gpu_min_DPU_ACC, = 0
gpu_min_INT_MUL24_ACC, = 0
gpu_min_INT_MUL32_ACC, = 0
gpu_min_INT_MUL_ACC, = 0
gpu_min_INT_DIV_ACC, = 0
gpu_min_FP_MUL_ACC, = 0
gpu_min_FP_DIV_ACC, = 0
gpu_min_FP_SQRT_ACC, = 0
gpu_min_FP_LG_ACC, = 0
gpu_min_FP_SIN_ACC, = 0
gpu_min_FP_EXP_ACC, = 0
gpu_min_DP_MUL_ACC, = 0
gpu_min_DP_DIV_ACC, = 0
gpu_min_TENSOR_ACC, = 0
gpu_min_TEX_ACC, = 0
gpu_min_MEM_RD, = 0
gpu_min_MEM_WR, = 0
gpu_min_MEM_PRE, = 0
gpu_min_L2_RH, = 0
gpu_min_L2_RM, = 0
gpu_min_L2_WH, = 0
gpu_min_L2_WM, = 0
gpu_min_NOC_A, = 0
gpu_min_PIPE_A, = 0
gpu_min_IDLE_CORE_N, = 30
gpu_min_constant_power = 0

Accumulative Power Statistics Over Previous Kernels:
gpu_tot_avg_power = 98.8031
gpu_tot_max_power = 109.755
gpu_tot_min_power = 41.3592


kernel_name = _Z9pull_stepiPKmPKiPfS3_ 
kernel_launch_uid = 2 

Kernel Average Power Data:
kernel_avg_power = 57.1754
gpu_avg_IBP, = 0.0244956
gpu_avg_ICP, = 0
gpu_avg_DCP, = 0.981066
gpu_avg_TCP, = 0
gpu_avg_CCP, = 0
gpu_avg_SHRDP, = 0
gpu_avg_RFP, = 1.48393
gpu_avg_INTP, = 0.1966
gpu_avg_FPUP, = 0.0870665
gpu_avg_DPUP, = 0
gpu_avg_INT_MUL24P, = 0
gpu_avg_INT_MUL32P, = 0.519205
gpu_avg_INT_MULP, = 0
gpu_avg_INT_DIVP, = 0
gpu_avg_FP_MULP, = 0
gpu_avg_FP_DIVP, = 7.40238e-05
gpu_avg_FP_SQRTP, = 0
gpu_avg_FP_LGP, = 0
gpu_avg_FP_SINP, = 0
gpu_avg_FP_EXP, = 0
gpu_avg_DP_MULP, = 0
gpu_avg_DP_DIVP, = 0
gpu_avg_TENSORP, = 0
gpu_avg_TEXP, = 0
gpu_avg_SCHEDP, = 0.0625543
gpu_avg_L2CP, = 0.059275
gpu_avg_MCP, = 0.760139
gpu_avg_NOCP, = 0.292507
gpu_avg_DRAMP, = 2.15324
gpu_avg_PIPEP, = 0.0627839
gpu_avg_IDLE_COREP, = 1.90501
gpu_avg_CONSTP = 32.3252
gpu_avg_STATICP = 16.2622
gpu_avg_TOT_INST, = 3052.81
gpu_avg_FP_INT, = 2647.36
gpu_avg_IC_H, = 0
gpu_avg_IC_M, = 0
gpu_avg_DC_RH, = 851.274
gpu_avg_DC_RM, = 1165.96
gpu_avg_DC_WH, = 0
gpu_avg_DC_WM, = 23.4843
gpu_avg_TC_H, = 0
gpu_avg_TC_M, = 0
gpu_avg_CC_H, = 0
gpu_avg_CC_M, = 0
gpu_avg_SHRD_ACC, = 0
gpu_avg_REG_RD, = 118040
gpu_avg_REG_WR, = 103676
gpu_avg_NON_REG_OPs, = 58617.9
gpu_avg_INT_ACC, = 311838
gpu_avg_FPU_ACC, = 3383.18
gpu_avg_DPU_ACC, = 0
gpu_avg_INT_MUL24_ACC, = 0
gpu_avg_INT_MUL32_ACC, = 9835.3
gpu_avg_INT_MUL_ACC, = 0
gpu_avg_INT_DIV_ACC, = 0
gpu_avg_FP_MUL_ACC, = 0
gpu_avg_FP_DIV_ACC, = 1.40223
gpu_avg_FP_SQRT_ACC, = 0
gpu_avg_FP_LG_ACC, = 0
gpu_avg_FP_SIN_ACC, = 0
gpu_avg_FP_EXP_ACC, = 0
gpu_avg_DP_MUL_ACC, = 0
gpu_avg_DP_DIV_ACC, = 0
gpu_avg_TENSOR_ACC, = 0
gpu_avg_TEX_ACC, = 0
gpu_avg_MEM_RD, = 678.329
gpu_avg_MEM_WR, = 30.2579
gpu_avg_MEM_PRE, = 542.534
gpu_avg_L2_RH, = 542.662
gpu_avg_L2_RM, = 678.272
gpu_avg_L2_WH, = 0
gpu_avg_L2_WM, = 23.5143
gpu_avg_NOC_A, = 2488.82
gpu_avg_PIPE_A, = 0.0122567
gpu_avg_IDLE_CORE_N, = 6.73643
gpu_avg_constant_power = 0
gpu_avg_threads_per_warp = 3.48915
gpu_tot_TOT_INST, = 1.50351e+07
gpu_tot_FP_INT, = 1.30382e+07
gpu_tot_IC_H, = 0
gpu_tot_IC_M, = 0
gpu_tot_DC_RH, = 4.19252e+06
gpu_tot_DC_RM, = 5.74236e+06
gpu_tot_DC_WH, = 0
gpu_tot_DC_WM, = 115660
gpu_tot_TC_H, = 0
gpu_tot_TC_M, = 0
gpu_tot_CC_H, = 0
gpu_tot_CC_M, = 0
gpu_tot_SHRD_ACC, = 0
gpu_tot_REG_RD, = 5.81346e+08
gpu_tot_REG_WR, = 5.10604e+08
gpu_tot_NON_REG_OPs, = 2.88693e+08
gpu_tot_INT_ACC, = 1.5358e+09
gpu_tot_FPU_ACC, = 1.66622e+07
gpu_tot_DPU_ACC, = 0
gpu_tot_INT_MUL24_ACC, = 0
gpu_tot_INT_MUL32_ACC, = 4.84389e+07
gpu_tot_INT_MUL_ACC, = 0
gpu_tot_INT_DIV_ACC, = 0
gpu_tot_FP_MUL_ACC, = 0
gpu_tot_FP_DIV_ACC, = 6906
gpu_tot_FP_SQRT_ACC, = 0
gpu_tot_FP_LG_ACC, = 0
gpu_tot_FP_SIN_ACC, = 0
gpu_tot_FP_EXP_ACC, = 0
gpu_tot_DP_MUL_ACC, = 0
gpu_tot_DP_DIV_ACC, = 0
gpu_tot_TENSOR_ACC, = 0
gpu_tot_TEX_ACC, = 0
gpu_tot_MEM_RD, = 3.34077e+06
gpu_tot_MEM_WR, = 149020
gpu_tot_MEM_PRE, = 2.67198e+06
gpu_tot_L2_RH, = 2.67261e+06
gpu_tot_L2_RM, = 3.34049e+06
gpu_tot_L2_WH, = 0
gpu_tot_L2_WM, = 115808
gpu_tot_NOC_A, = 1.22575e+07
gpu_tot_PIPE_A, = 60.3641
gpu_tot_IDLE_CORE_N, = 33176.9
gpu_tot_constant_power = 0

Kernel Maximum Power Data:
kernel_max_power = 99.0717
gpu_max_IBP, = 0.150433
gpu_max_ICP, = 0
gpu_max_DCP, = 5.43666
gpu_max_TCP, = 0
gpu_max_CCP, = 0
gpu_max_SHRDP, = 0
gpu_max_RFP, = 7.2961
gpu_max_INTP, = 1.96648
gpu_max_FPUP, = 0.0983278
gpu_max_DPUP, = 0
gpu_max_INT_MUL24P, = 0
gpu_max_INT_MUL32P, = 3.42522
gpu_max_INT_MULP, = 0
gpu_max_INT_DIVP, = 0
gpu_max_FP_MULP, = 0
gpu_max_FP_DIVP, = 0
gpu_max_FP_SQRTP, = 0
gpu_max_FP_LGP, = 0
gpu_max_FP_SINP, = 0
gpu_max_FP_EXP, = 0
gpu_max_DP_MULP, = 0
gpu_max_DP_DIVP, = 0
gpu_max_TENSORP, = 0
gpu_max_TEXP, = 0
gpu_max_SCHEDP, = 0.440113
gpu_max_L2CP, = 0.0372423
gpu_max_MCP, = 1.43741
gpu_max_NOCP, = 1.25532
gpu_max_DRAMP, = 6.9344
gpu_max_PIPEP, = 0.323417
gpu_max_IDLE_COREP, = 0.00848394
gpu_max_CONSTP = 32.3252
gpu_max_STATICP = 37.9369
gpu_max_TOT_INST, = 18748
gpu_max_FP_INT, = 18626
gpu_max_IC_H, = 0
gpu_max_IC_M, = 0
gpu_max_DC_RH, = 8567
gpu_max_DC_RM, = 343
gpu_max_DC_WH, = 0
gpu_max_DC_WM, = 0
gpu_max_TC_H, = 0
gpu_max_TC_M, = 0
gpu_max_CC_H, = 0
gpu_max_CC_M, = 0
gpu_max_SHRD_ACC, = 0
gpu_max_REG_RD, = 384800
gpu_max_REG_WR, = 405472
gpu_max_NON_REG_OPs, = 361344
gpu_max_INT_ACC, = 3.11914e+06
gpu_max_FPU_ACC, = 3820.77
gpu_max_DPU_ACC, = 0
gpu_max_INT_MUL24_ACC, = 0
gpu_max_INT_MUL32_ACC, = 64884
gpu_max_INT_MUL_ACC, = 0
gpu_max_INT_DIV_ACC, = 0
gpu_max_FP_MUL_ACC, = 0
gpu_max_FP_DIV_ACC, = 0
gpu_max_FP_SQRT_ACC, = 0
gpu_max_FP_LG_ACC, = 0
gpu_max_FP_SIN_ACC, = 0
gpu_max_FP_EXP_ACC, = 0
gpu_max_DP_MUL_ACC, = 0
gpu_max_DP_DIV_ACC, = 0
gpu_max_TENSOR_ACC, = 0
gpu_max_TEX_ACC, = 0
gpu_max_MEM_RD, = 1751
gpu_max_MEM_WR, = 1354
gpu_max_MEM_PRE, = 154
gpu_max_L2_RH, = 40
gpu_max_L2_RM, = 5474
gpu_max_L2_WH, = 0
gpu_max_L2_WM, = 0
gpu_max_NOC_A, = 10681
gpu_max_PIPE_A, = 0.0631375
gpu_max_IDLE_CORE_N, = 0.0300007
gpu_max_constant_power = 0

Kernel Minimum Power Data:
kernel_min_power = 41.3592
gpu_min_IBP, = 0
gpu_min_ICP, = 0
gpu_min_DCP, = 0
gpu_min_TCP, = 0
gpu_min_CCP, = 0
gpu_min_SHRDP, = 0
gpu_min_RFP, = 0
gpu_min_INTP, = 0
gpu_min_FPUP, = 0
gpu_min_DPUP, = 0
gpu_min_INT_MUL24P, = 0
gpu_min_INT_MUL32P, = 0
gpu_min_INT_MULP, = 0
gpu_min_INT_DIVP, = 0
gpu_min_FP_MULP, = 0
gpu_min_FP_DIVP, = 0
gpu_min_FP_SQRTP, = 0
gpu_min_FP_LGP, = 0
gpu_min_FP_SINP, = 0
gpu_min_FP_EXP, = 0
gpu_min_DP_MULP, = 0
gpu_min_DP_DIVP, = 0
gpu_min_TENSORP, = 0
gpu_min_TEXP, = 0
gpu_min_SCHEDP, = 0
gpu_min_L2CP, = 0
gpu_min_MCP, = 0.55022
gpu_min_NOCP, = 0
gpu_min_DRAMP, = 0
gpu_min_PIPEP, = 0
gpu_min_IDLE_COREP, = 8.48375
gpu_min_CONSTP = 32.3252
gpu_min_STATICP = 0
gpu_min_TOT_INST, = 0
gpu_min_FP_INT, = 0
gpu_min_IC_H, = 0
gpu_min_IC_M, = 0
gpu_min_DC_RH, = 0
gpu_min_DC_RM, = 0
gpu_min_DC_WH, = 0
gpu_min_DC_WM, = 0
gpu_min_TC_H, = 0
gpu_min_TC_M, = 0
gpu_min_CC_H, = 0
gpu_min_CC_M, = 0
gpu_min_SHRD_ACC, = 0
gpu_min_REG_RD, = 0
gpu_min_REG_WR, = 0
gpu_min_NON_REG_OPs, = 0
gpu_min_INT_ACC, = 0
gpu_min_FPU_ACC, = 0
gpu_min_DPU_ACC, = 0
gpu_min_INT_MUL24_ACC, = 0
gpu_min_INT_MUL32_ACC, = 0
gpu_min_INT_MUL_ACC, = 0
gpu_min_INT_DIV_ACC, = 0
gpu_min_FP_MUL_ACC, = 0
gpu_min_FP_DIV_ACC, = 0
gpu_min_FP_SQRT_ACC, = 0
gpu_min_FP_LG_ACC, = 0
gpu_min_FP_SIN_ACC, = 0
gpu_min_FP_EXP_ACC, = 0
gpu_min_DP_MUL_ACC, = 0
gpu_min_DP_DIV_ACC, = 0
gpu_min_TENSOR_ACC, = 0
gpu_min_TEX_ACC, = 0
gpu_min_MEM_RD, = 0
gpu_min_MEM_WR, = 0
gpu_min_MEM_PRE, = 0
gpu_min_L2_RH, = 0
gpu_min_L2_RM, = 0
gpu_min_L2_WH, = 0
gpu_min_L2_WM, = 0
gpu_min_NOC_A, = 0
gpu_min_PIPE_A, = 0
gpu_min_IDLE_CORE_N, = 30
gpu_min_constant_power = 0

Accumulative Power Statistics Over Previous Kernels:
gpu_tot_avg_power = 57.6103
gpu_tot_max_power = 109.755
gpu_tot_min_power = 41.3592


