kernel_name = _Z18spmv_vector_kernelILi8ELi32EEviPKmPKiPKfS5_Pf 
kernel_launch_uid = 1 

Kernel Average Power Data:
kernel_avg_power = 64.2685
gpu_avg_IBP, = 0.0484659
gpu_avg_ICP, = 0
gpu_avg_DCP, = 0.456448
gpu_avg_TCP, = 0.228105
gpu_avg_CCP, = 0
gpu_avg_SHRDP, = 0.19943
gpu_avg_RFP, = 2.48265
gpu_avg_INTP, = 0.342522
gpu_avg_FPUP, = 0.262748
gpu_avg_DPUP, = 0
gpu_avg_INT_MUL24P, = 0
gpu_avg_INT_MUL32P, = 0.307
gpu_avg_INT_MULP, = 0
gpu_avg_INT_DIVP, = 0
gpu_avg_FP_MULP, = 0.0158375
gpu_avg_FP_DIVP, = 0
gpu_avg_FP_SQRTP, = 0
gpu_avg_FP_LGP, = 0
gpu_avg_FP_SINP, = 0
gpu_avg_FP_EXP, = 0
gpu_avg_DP_MULP, = 0
gpu_avg_DP_DIVP, = 0
gpu_avg_TENSORP, = 0
gpu_avg_TEXP, = 0.0231131
gpu_avg_SCHEDP, = 0.125347
gpu_avg_L2CP, = 0.645641
gpu_avg_MCP, = 0.703313
gpu_avg_NOCP, = 1.17185
gpu_avg_DRAMP, = 2.65671
gpu_avg_PIPEP, = 0.121848
gpu_avg_IDLE_COREP, = 1.37956
gpu_avg_CONSTP = 32.3252
gpu_avg_STATICP = 20.7727
gpu_avg_TOT_INST, = 6040.14
gpu_avg_FP_INT, = 5304.79
gpu_avg_IC_H, = 0
gpu_avg_IC_M, = 0
gpu_avg_DC_RH, = 404.885
gpu_avg_DC_RM, = 528.632
gpu_avg_DC_WH, = 86.4986
gpu_avg_DC_WM, = 0
gpu_avg_TC_H, = 479.986
gpu_avg_TC_M, = 1653.15
gpu_avg_CC_H, = 0
gpu_avg_CC_M, = 0
gpu_avg_SHRD_ACC, = 1297.48
gpu_avg_REG_RD, = 222301
gpu_avg_REG_WR, = 272886
gpu_avg_NON_REG_OPs, = 69862.3
gpu_avg_INT_ACC, = 543294
gpu_avg_FPU_ACC, = 10209.7
gpu_avg_DPU_ACC, = 0
gpu_avg_INT_MUL24_ACC, = 0
gpu_avg_INT_MUL32_ACC, = 5815.51
gpu_avg_INT_MUL_ACC, = 0
gpu_avg_INT_DIV_ACC, = 0
gpu_avg_FP_MUL_ACC, = 300.01
gpu_avg_FP_DIV_ACC, = 0
gpu_avg_FP_SQRT_ACC, = 0
gpu_avg_FP_LG_ACC, = 0
gpu_avg_FP_SIN_ACC, = 0
gpu_avg_FP_EXP_ACC, = 0
gpu_avg_DP_MUL_ACC, = 0
gpu_avg_DP_DIV_ACC, = 0
gpu_avg_TENSOR_ACC, = 0
gpu_avg_TEX_ACC, = 437.833
gpu_avg_MEM_RD, = 900.253
gpu_avg_MEM_WR, = 10.359
gpu_avg_MEM_PRE, = 377.344
gpu_avg_L2_RH, = 6478.37
gpu_avg_L2_RM, = 900.253
gpu_avg_L2_WH, = 86.4971
gpu_avg_L2_WM, = 0
gpu_avg_NOC_A, = 9970.79
gpu_avg_PIPE_A, = 0.0237871
gpu_avg_IDLE_CORE_N, = 4.87835
gpu_avg_constant_power = 0
gpu_avg_threads_per_warp = 19.1906
gpu_tot_TOT_INST, = 3.18859e+07
gpu_tot_FP_INT, = 2.8004e+07
gpu_tot_IC_H, = 0
gpu_tot_IC_M, = 0
gpu_tot_DC_RH, = 2.13739e+06
gpu_tot_DC_RM, = 2.79065e+06
gpu_tot_DC_WH, = 456626
gpu_tot_DC_WM, = 0
gpu_tot_TC_H, = 2.53384e+06
gpu_tot_TC_M, = 8.72699e+06
gpu_tot_CC_H, = 0
gpu_tot_CC_M, = 0
gpu_tot_SHRD_ACC, = 6.84939e+06
gpu_tot_REG_RD, = 1.17353e+09
gpu_tot_REG_WR, = 1.44056e+09
gpu_tot_NON_REG_OPs, = 3.68803e+08
gpu_tot_INT_ACC, = 2.86805e+09
gpu_tot_FPU_ACC, = 5.3897e+07
gpu_tot_DPU_ACC, = 0
gpu_tot_INT_MUL24_ACC, = 0
gpu_tot_INT_MUL32_ACC, = 3.07001e+07
gpu_tot_INT_MUL_ACC, = 0
gpu_tot_INT_DIV_ACC, = 0
gpu_tot_FP_MUL_ACC, = 1.58375e+06
gpu_tot_FP_DIV_ACC, = 0
gpu_tot_FP_SQRT_ACC, = 0
gpu_tot_FP_LG_ACC, = 0
gpu_tot_FP_SIN_ACC, = 0
gpu_tot_FP_EXP_ACC, = 0
gpu_tot_DP_MUL_ACC, = 0
gpu_tot_DP_DIV_ACC, = 0
gpu_tot_TENSOR_ACC, = 0
gpu_tot_TEX_ACC, = 2.31132e+06
gpu_tot_MEM_RD, = 4.75244e+06
gpu_tot_MEM_WR, = 54685
gpu_tot_MEM_PRE, = 1.992e+06
gpu_tot_L2_RH, = 3.41993e+07
gpu_tot_L2_RM, = 4.75244e+06
gpu_tot_L2_WH, = 456618
gpu_tot_L2_WM, = 0
gpu_tot_NOC_A, = 5.26358e+07
gpu_tot_PIPE_A, = 125.572
gpu_tot_IDLE_CORE_N, = 25752.8
gpu_tot_constant_power = 0

Kernel Maximum Power Data:
kernel_max_power = 105.617
gpu_max_IBP, = 0.382791
gpu_max_ICP, = 0
gpu_max_DCP, = 0.336944
gpu_max_TCP, = 0
gpu_max_CCP, = 0
gpu_max_SHRDP, = 0.441443
gpu_max_RFP, = 20.0962
gpu_max_INTP, = 9.54313
gpu_max_FPUP, = 0.591918
gpu_max_DPUP, = 0
gpu_max_INT_MUL24P, = 0
gpu_max_INT_MUL32P, = 1.1656
gpu_max_INT_MULP, = 0
gpu_max_INT_DIVP, = 0
gpu_max_FP_MULP, = 0
gpu_max_FP_DIVP, = 0
gpu_max_FP_SQRTP, = 0
gpu_max_FP_LGP, = 0
gpu_max_FP_SINP, = 0
gpu_max_FP_EXP, = 0
gpu_max_DP_MULP, = 0
gpu_max_DP_DIVP, = 0
gpu_max_TENSORP, = 0
gpu_max_TEXP, = 0
gpu_max_SCHEDP, = 1.12724
gpu_max_L2CP, = 0.0126478
gpu_max_MCP, = 0.589466
gpu_max_NOCP, = 0.0846203
gpu_max_DRAMP, = 0.661112
gpu_max_PIPEP, = 0.957959
gpu_max_IDLE_COREP, = 0.00848394
gpu_max_CONSTP = 32.3252
gpu_max_STATICP = 37.2923
gpu_max_TOT_INST, = 47706
gpu_max_FP_INT, = 47706
gpu_max_IC_H, = 0
gpu_max_IC_M, = 0
gpu_max_DC_RH, = 840
gpu_max_DC_RM, = -480
gpu_max_DC_WH, = 0
gpu_max_DC_WM, = 0
gpu_max_TC_H, = 0
gpu_max_TC_M, = 0
gpu_max_CC_H, = 0
gpu_max_CC_M, = 0
gpu_max_SHRD_ACC, = 2872
gpu_max_REG_RD, = 1.396e+06
gpu_max_REG_WR, = 1.19392e+06
gpu_max_NON_REG_OPs, = 892000
gpu_max_INT_ACC, = 1.51369e+07
gpu_max_FPU_ACC, = 23000.4
gpu_max_DPU_ACC, = 0
gpu_max_INT_MUL24_ACC, = 0
gpu_max_INT_MUL32_ACC, = 22080
gpu_max_INT_MUL_ACC, = 0
gpu_max_INT_DIV_ACC, = 0
gpu_max_FP_MUL_ACC, = 0
gpu_max_FP_DIV_ACC, = 0
gpu_max_FP_SQRT_ACC, = 0
gpu_max_FP_LG_ACC, = 0
gpu_max_FP_SIN_ACC, = 0
gpu_max_FP_EXP_ACC, = 0
gpu_max_DP_MUL_ACC, = 0
gpu_max_DP_DIV_ACC, = 0
gpu_max_TENSOR_ACC, = 0
gpu_max_TEX_ACC, = 0
gpu_max_MEM_RD, = 241
gpu_max_MEM_WR, = 0
gpu_max_MEM_PRE, = 0
gpu_max_L2_RH, = 119
gpu_max_L2_RM, = 241
gpu_max_L2_WH, = 0
gpu_max_L2_WM, = 0
gpu_max_NOC_A, = 720
gpu_max_PIPE_A, = 0.187013
gpu_max_IDLE_CORE_N, = 0.0300007
gpu_max_constant_power = 0

Kernel Minimum Power Data:
kernel_min_power = 41.3592
gpu_min_IBP, = 0
gpu_min_ICP, = 0
gpu_min_DCP, = 0
gpu_min_TCP, = 0
gpu_min_CCP, = 0
gpu_min_SHRDP, = 0
gpu_min_RFP, = 0
gpu_min_INTP, = 0
gpu_min_FPUP, = 0
gpu_min_DPUP, = 0
gpu_min_INT_MUL24P, = 0
gpu_min_INT_MUL32P, = 0
gpu_min_INT_MULP, = 0
gpu_min_INT_DIVP, = 0
gpu_min_FP_MULP, = 0
gpu_min_FP_DIVP, = 0
gpu_min_FP_SQRTP, = 0
gpu_min_FP_LGP, = 0
gpu_min_FP_SINP, = 0
gpu_min_FP_EXP, = 0
gpu_min_DP_MULP, = 0
gpu_min_DP_DIVP, = 0
gpu_min_TENSORP, = 0
gpu_min_TEXP, = 0
gpu_min_SCHEDP, = 0
gpu_min_L2CP, = 0
gpu_min_MCP, = 0.55022
gpu_min_NOCP, = 0
gpu_min_DRAMP, = 0
gpu_min_PIPEP, = 0
gpu_min_IDLE_COREP, = 8.48375
gpu_min_CONSTP = 32.3252
gpu_min_STATICP = 0
gpu_min_TOT_INST, = 0
gpu_min_FP_INT, = 0
gpu_min_IC_H, = 0
gpu_min_IC_M, = 0
gpu_min_DC_RH, = 0
gpu_min_DC_RM, = 0
gpu_min_DC_WH, = 0
gpu_min_DC_WM, = 0
gpu_min_TC_H, = 0
gpu_min_TC_M, = 0
gpu_min_CC_H, = 0
gpu_min_CC_M, = 0
gpu_min_SHRD_ACC, = 0
gpu_min_REG_RD, = 0
gpu_min_REG_WR, = 0
gpu_min_NON_REG_OPs, = 0
gpu_min_INT_ACC, = 0
gpu_min_FPU_ACC, = 0
gpu_min_DPU_ACC, = 0
gpu_min_INT_MUL24_ACC, = 0
gpu_min_INT_MUL32_ACC, = 0
gpu_min_INT_MUL_ACC, = 0
gpu_min_INT_DIV_ACC, = 0
gpu_min_FP_MUL_ACC, = 0
gpu_min_FP_DIV_ACC, = 0
gpu_min_FP_SQRT_ACC, = 0
gpu_min_FP_LG_ACC, = 0
gpu_min_FP_SIN_ACC, = 0
gpu_min_FP_EXP_ACC, = 0
gpu_min_DP_MUL_ACC, = 0
gpu_min_DP_DIV_ACC, = 0
gpu_min_TENSOR_ACC, = 0
gpu_min_TEX_ACC, = 0
gpu_min_MEM_RD, = 0
gpu_min_MEM_WR, = 0
gpu_min_MEM_PRE, = 0
gpu_min_L2_RH, = 0
gpu_min_L2_RM, = 0
gpu_min_L2_WH, = 0
gpu_min_L2_WM, = 0
gpu_min_NOC_A, = 0
gpu_min_PIPE_A, = 0
gpu_min_IDLE_CORE_N, = 30
gpu_min_constant_power = 0

Accumulative Power Statistics Over Previous Kernels:
gpu_tot_avg_power = 64.2685
gpu_tot_max_power = 105.617
gpu_tot_min_power = 41.3592


