kernel_name = _Z11mean_kernelPfS_ 
kernel_launch_uid = 1 

Kernel Average Power Data:
kernel_avg_power = 64.1457
gpu_avg_IBP, = 0.00920127
gpu_avg_ICP, = 0
gpu_avg_DCP, = 0.670511
gpu_avg_TCP, = 0
gpu_avg_CCP, = 0
gpu_avg_SHRDP, = 0
gpu_avg_RFP, = 0.555927
gpu_avg_INTP, = 0.0194857
gpu_avg_FPUP, = 0.148028
gpu_avg_DPUP, = 0
gpu_avg_INT_MUL24P, = 0
gpu_avg_INT_MUL32P, = 0.000419778
gpu_avg_INT_MULP, = 0
gpu_avg_INT_DIVP, = 0
gpu_avg_FP_MULP, = 0
gpu_avg_FP_DIVP, = 0.000139926
gpu_avg_FP_SQRTP, = 0
gpu_avg_FP_LGP, = 0
gpu_avg_FP_SINP, = 0
gpu_avg_FP_EXP, = 0
gpu_avg_DP_MULP, = 0
gpu_avg_DP_DIVP, = 0
gpu_avg_TENSORP, = 0
gpu_avg_TEXP, = 0
gpu_avg_SCHEDP, = 0.0270939
gpu_avg_L2CP, = 0.636646
gpu_avg_MCP, = 0.768376
gpu_avg_NOCP, = 0.726657
gpu_avg_DRAMP, = 3.73334
gpu_avg_PIPEP, = 0.0235716
gpu_avg_IDLE_COREP, = 3.97404
gpu_avg_CONSTP = 32.3252
gpu_avg_STATICP = 20.5271
gpu_avg_TOT_INST, = 114.672
gpu_avg_FP_INT, = 114.664
gpu_avg_IC_H, = 0
gpu_avg_IC_M, = 0
gpu_avg_DC_RH, = 25.9761
gpu_avg_DC_RM, = 113.685
gpu_avg_DC_WH, = 169.688
gpu_avg_DC_WM, = 0.0341681
gpu_avg_TC_H, = 0
gpu_avg_TC_M, = 0
gpu_avg_CC_H, = 0
gpu_avg_CC_M, = 0
gpu_avg_SHRD_ACC, = 0
gpu_avg_REG_RD, = 5636.8
gpu_avg_REG_WR, = 6578.27
gpu_avg_NON_REG_OPs, = 1292.44
gpu_avg_INT_ACC, = 3090.73
gpu_avg_FPU_ACC, = 575.2
gpu_avg_DPU_ACC, = 0
gpu_avg_INT_MUL24_ACC, = 0
gpu_avg_INT_MUL32_ACC, = 0.795185
gpu_avg_INT_MUL_ACC, = 0
gpu_avg_INT_DIV_ACC, = 0
gpu_avg_FP_MUL_ACC, = 0
gpu_avg_FP_DIV_ACC, = 0.265062
gpu_avg_FP_SQRT_ACC, = 0
gpu_avg_FP_LG_ACC, = 0
gpu_avg_FP_SIN_ACC, = 0
gpu_avg_FP_EXP_ACC, = 0
gpu_avg_DP_MUL_ACC, = 0
gpu_avg_DP_DIV_ACC, = 0
gpu_avg_TENSOR_ACC, = 0
gpu_avg_TEX_ACC, = 0
gpu_avg_MEM_RD, = 135.745
gpu_avg_MEM_WR, = 0
gpu_avg_MEM_PRE, = 2.10917
gpu_avg_L2_RH, = 3.67767
gpu_avg_L2_RM, = 135.745
gpu_avg_L2_WH, = 169.716
gpu_avg_L2_WM, = 0
gpu_avg_NOC_A, = 618.284
gpu_avg_PIPE_A, = 0.00460165
gpu_avg_IDLE_CORE_N, = 14.0529
gpu_avg_constant_power = 0
gpu_avg_threads_per_warp = 31.8613
gpu_tot_TOT_INST, = 1.77203e+06
gpu_tot_FP_INT, = 1.7719e+06
gpu_tot_IC_H, = 0
gpu_tot_IC_M, = 0
gpu_tot_DC_RH, = 401408
gpu_tot_DC_RM, = 1.75677e+06
gpu_tot_DC_WH, = 2.62219e+06
gpu_tot_DC_WM, = 528
gpu_tot_TC_H, = 0
gpu_tot_TC_M, = 0
gpu_tot_CC_H, = 0
gpu_tot_CC_M, = 0
gpu_tot_SHRD_ACC, = 0
gpu_tot_REG_RD, = 8.71055e+07
gpu_tot_REG_WR, = 1.01654e+08
gpu_tot_NON_REG_OPs, = 1.99721e+07
gpu_tot_INT_ACC, = 4.77611e+07
gpu_tot_FPU_ACC, = 8.88857e+06
gpu_tot_DPU_ACC, = 0
gpu_tot_INT_MUL24_ACC, = 0
gpu_tot_INT_MUL32_ACC, = 12288
gpu_tot_INT_MUL_ACC, = 0
gpu_tot_INT_DIV_ACC, = 0
gpu_tot_FP_MUL_ACC, = 0
gpu_tot_FP_DIV_ACC, = 4096
gpu_tot_FP_SQRT_ACC, = 0
gpu_tot_FP_LG_ACC, = 0
gpu_tot_FP_SIN_ACC, = 0
gpu_tot_FP_EXP_ACC, = 0
gpu_tot_DP_MUL_ACC, = 0
gpu_tot_DP_DIV_ACC, = 0
gpu_tot_TENSOR_ACC, = 0
gpu_tot_TEX_ACC, = 0
gpu_tot_MEM_RD, = 2.09766e+06
gpu_tot_MEM_WR, = 0
gpu_tot_MEM_PRE, = 32593
gpu_tot_L2_RH, = 56831
gpu_tot_L2_RM, = 2.09766e+06
gpu_tot_L2_WH, = 2.62262e+06
gpu_tot_L2_WM, = 0
gpu_tot_NOC_A, = 9.55434e+06
gpu_tot_PIPE_A, = 71.1093
gpu_tot_IDLE_CORE_N, = 217159
gpu_tot_constant_power = 0

Kernel Maximum Power Data:
kernel_max_power = 81.4868
gpu_max_IBP, = 0.205413
gpu_max_ICP, = 0
gpu_max_DCP, = 1.01605
gpu_max_TCP, = 0
gpu_max_CCP, = 0
gpu_max_SHRDP, = 0
gpu_max_RFP, = 10.4387
gpu_max_INTP, = 3.87033
gpu_max_FPUP, = 0.558331
gpu_max_DPUP, = 0
gpu_max_INT_MUL24P, = 0
gpu_max_INT_MUL32P, = 6.48682
gpu_max_INT_MULP, = 0
gpu_max_INT_DIVP, = 0
gpu_max_FP_MULP, = 0
gpu_max_FP_DIVP, = 0
gpu_max_FP_SQRTP, = 0
gpu_max_FP_LGP, = 0
gpu_max_FP_SINP, = 0
gpu_max_FP_EXP, = 0
gpu_max_DP_MULP, = 0
gpu_max_DP_DIVP, = 0
gpu_max_TENSORP, = 0
gpu_max_TEXP, = 0
gpu_max_SCHEDP, = 0.574656
gpu_max_L2CP, = 0
gpu_max_MCP, = 1.01103
gpu_max_NOCP, = 0.112827
gpu_max_DRAMP, = 0
gpu_max_PIPEP, = 0.491753
gpu_max_IDLE_COREP, = 4.00433
gpu_max_CONSTP = 32.3252
gpu_max_STATICP = 20.3914
gpu_max_TOT_INST, = 2560
gpu_max_FP_INT, = 2432
gpu_max_IC_H, = 0
gpu_max_IC_M, = 0
gpu_max_DC_RH, = 0
gpu_max_DC_RM, = 0
gpu_max_DC_WH, = 32
gpu_max_DC_WM, = 272
gpu_max_TC_H, = 0
gpu_max_TC_M, = 0
gpu_max_CC_H, = 0
gpu_max_CC_M, = 0
gpu_max_SHRD_ACC, = 0
gpu_max_REG_RD, = 65536
gpu_max_REG_WR, = 57344
gpu_max_NON_REG_OPs, = 49152
gpu_max_INT_ACC, = 613895
gpu_max_FPU_ACC, = 2169.53
gpu_max_DPU_ACC, = 0
gpu_max_INT_MUL24_ACC, = 0
gpu_max_INT_MUL32_ACC, = 12288
gpu_max_INT_MUL_ACC, = 0
gpu_max_INT_DIV_ACC, = 0
gpu_max_FP_MUL_ACC, = 0
gpu_max_FP_DIV_ACC, = 0
gpu_max_FP_SQRT_ACC, = 0
gpu_max_FP_LG_ACC, = 0
gpu_max_FP_SIN_ACC, = 0
gpu_max_FP_EXP_ACC, = 0
gpu_max_DP_MUL_ACC, = 0
gpu_max_DP_DIV_ACC, = 0
gpu_max_TENSOR_ACC, = 0
gpu_max_TEX_ACC, = 0
gpu_max_MEM_RD, = 0
gpu_max_MEM_WR, = 0
gpu_max_MEM_PRE, = 0
gpu_max_L2_RH, = 0
gpu_max_L2_RM, = 0
gpu_max_L2_WH, = 0
gpu_max_L2_WM, = 0
gpu_max_NOC_A, = 96
gpu_max_PIPE_A, = 0.096
gpu_max_IDLE_CORE_N, = 14.16
gpu_max_constant_power = 0

Kernel Minimum Power Data:
kernel_min_power = 41.3592
gpu_min_IBP, = 0
gpu_min_ICP, = 0
gpu_min_DCP, = 0
gpu_min_TCP, = 0
gpu_min_CCP, = 0
gpu_min_SHRDP, = 0
gpu_min_RFP, = 0
gpu_min_INTP, = 0
gpu_min_FPUP, = 0
gpu_min_DPUP, = 0
gpu_min_INT_MUL24P, = 0
gpu_min_INT_MUL32P, = 0
gpu_min_INT_MULP, = 0
gpu_min_INT_DIVP, = 0
gpu_min_FP_MULP, = 0
gpu_min_FP_DIVP, = 0
gpu_min_FP_SQRTP, = 0
gpu_min_FP_LGP, = 0
gpu_min_FP_SINP, = 0
gpu_min_FP_EXP, = 0
gpu_min_DP_MULP, = 0
gpu_min_DP_DIVP, = 0
gpu_min_TENSORP, = 0
gpu_min_TEXP, = 0
gpu_min_SCHEDP, = 0
gpu_min_L2CP, = 0
gpu_min_MCP, = 0.55022
gpu_min_NOCP, = 0
gpu_min_DRAMP, = 0
gpu_min_PIPEP, = 0
gpu_min_IDLE_COREP, = 8.48375
gpu_min_CONSTP = 32.3252
gpu_min_STATICP = 0
gpu_min_TOT_INST, = 0
gpu_min_FP_INT, = 0
gpu_min_IC_H, = 0
gpu_min_IC_M, = 0
gpu_min_DC_RH, = 0
gpu_min_DC_RM, = 0
gpu_min_DC_WH, = 0
gpu_min_DC_WM, = 0
gpu_min_TC_H, = 0
gpu_min_TC_M, = 0
gpu_min_CC_H, = 0
gpu_min_CC_M, = 0
gpu_min_SHRD_ACC, = 0
gpu_min_REG_RD, = 0
gpu_min_REG_WR, = 0
gpu_min_NON_REG_OPs, = 0
gpu_min_INT_ACC, = 0
gpu_min_FPU_ACC, = 0
gpu_min_DPU_ACC, = 0
gpu_min_INT_MUL24_ACC, = 0
gpu_min_INT_MUL32_ACC, = 0
gpu_min_INT_MUL_ACC, = 0
gpu_min_INT_DIV_ACC, = 0
gpu_min_FP_MUL_ACC, = 0
gpu_min_FP_DIV_ACC, = 0
gpu_min_FP_SQRT_ACC, = 0
gpu_min_FP_LG_ACC, = 0
gpu_min_FP_SIN_ACC, = 0
gpu_min_FP_EXP_ACC, = 0
gpu_min_DP_MUL_ACC, = 0
gpu_min_DP_DIV_ACC, = 0
gpu_min_TENSOR_ACC, = 0
gpu_min_TEX_ACC, = 0
gpu_min_MEM_RD, = 0
gpu_min_MEM_WR, = 0
gpu_min_MEM_PRE, = 0
gpu_min_L2_RH, = 0
gpu_min_L2_RM, = 0
gpu_min_L2_WH, = 0
gpu_min_L2_WM, = 0
gpu_min_NOC_A, = 0
gpu_min_PIPE_A, = 0
gpu_min_IDLE_CORE_N, = 30
gpu_min_constant_power = 0

Accumulative Power Statistics Over Previous Kernels:
gpu_tot_avg_power = 64.1457
gpu_tot_max_power = 81.4868
gpu_tot_min_power = 41.3592


kernel_name = _Z10std_kernelPfS_S_ 
kernel_launch_uid = 2 

Kernel Average Power Data:
kernel_avg_power = 65.5382
gpu_avg_IBP, = 0.0152562
gpu_avg_ICP, = 0
gpu_avg_DCP, = 1.67537
gpu_avg_TCP, = 0
gpu_avg_CCP, = 0
gpu_avg_SHRDP, = 0
gpu_avg_RFP, = 0.859735
gpu_avg_INTP, = 0.0377451
gpu_avg_FPUP, = 0.144147
gpu_avg_DPUP, = 0
gpu_avg_INT_MUL24P, = 0
gpu_avg_INT_MUL32P, = 0.00040867
gpu_avg_INT_MULP, = 0
gpu_avg_INT_DIVP, = 0
gpu_avg_FP_MULP, = 0.0499479
gpu_avg_FP_DIVP, = 0.000136223
gpu_avg_FP_SQRTP, = 2.65757e-05
gpu_avg_FP_LGP, = 0
gpu_avg_FP_SINP, = 0
gpu_avg_FP_EXP, = 0
gpu_avg_DP_MULP, = 0
gpu_avg_DP_DIVP, = 0
gpu_avg_TENSORP, = 0
gpu_avg_TEXP, = 0
gpu_avg_SCHEDP, = 0.0449227
gpu_avg_L2CP, = 0.619795
gpu_avg_MCP, = 0.881455
gpu_avg_NOCP, = 0.707517
gpu_avg_DRAMP, = 3.63515
gpu_avg_PIPEP, = 0.0388203
gpu_avg_IDLE_COREP, = 3.97342
gpu_avg_CONSTP = 32.3252
gpu_avg_STATICP = 20.5292
gpu_avg_TOT_INST, = 190.133
gpu_avg_FP_INT, = 190.117
gpu_avg_IC_H, = 0
gpu_avg_IC_M, = 0
gpu_avg_DC_RH, = 190.406
gpu_avg_DC_RM, = 110.676
gpu_avg_DC_WH, = 165.198
gpu_avg_DC_WM, = 0.033264
gpu_avg_TC_H, = 0
gpu_avg_TC_M, = 0
gpu_avg_CC_H, = 0
gpu_avg_CC_M, = 0
gpu_avg_SHRD_ACC, = 0
gpu_avg_REG_RD, = 8858.02
gpu_avg_REG_WR, = 7662.1
gpu_avg_NON_REG_OPs, = 2513.91
gpu_avg_INT_ACC, = 5986.96
gpu_avg_FPU_ACC, = 560.117
gpu_avg_DPU_ACC, = 0
gpu_avg_INT_MUL24_ACC, = 0
gpu_avg_INT_MUL32_ACC, = 0.774145
gpu_avg_INT_MUL_ACC, = 0
gpu_avg_INT_DIV_ACC, = 0
gpu_avg_FP_MUL_ACC, = 94.6165
gpu_avg_FP_DIV_ACC, = 0.258048
gpu_avg_FP_SQRT_ACC, = 0.0503424
gpu_avg_FP_LG_ACC, = 0
gpu_avg_FP_SIN_ACC, = 0
gpu_avg_FP_EXP_ACC, = 0
gpu_avg_DP_MUL_ACC, = 0
gpu_avg_DP_DIV_ACC, = 0
gpu_avg_TENSOR_ACC, = 0
gpu_avg_TEX_ACC, = 0
gpu_avg_MEM_RD, = 132.153
gpu_avg_MEM_WR, = 0.032319
gpu_avg_MEM_PRE, = 2.07705
gpu_avg_L2_RH, = 3.61362
gpu_avg_L2_RM, = 132.153
gpu_avg_L2_WH, = 165.2
gpu_avg_L2_WM, = 0.032319
gpu_avg_NOC_A, = 601.997
gpu_avg_PIPE_A, = 0.00757848
gpu_avg_IDLE_CORE_N, = 14.0507
gpu_avg_constant_power = 0
gpu_avg_threads_per_warp = 31.8649
gpu_tot_TOT_INST, = 3.01798e+06
gpu_tot_FP_INT, = 3.01773e+06
gpu_tot_IC_H, = 0
gpu_tot_IC_M, = 0
gpu_tot_DC_RH, = 3.02232e+06
gpu_tot_DC_RM, = 1.75676e+06
gpu_tot_DC_WH, = 2.62219e+06
gpu_tot_DC_WM, = 528
gpu_tot_TC_H, = 0
gpu_tot_TC_M, = 0
gpu_tot_CC_H, = 0
gpu_tot_CC_M, = 0
gpu_tot_SHRD_ACC, = 0
gpu_tot_REG_RD, = 1.40603e+08
gpu_tot_REG_WR, = 1.21621e+08
gpu_tot_NON_REG_OPs, = 3.99032e+07
gpu_tot_INT_ACC, = 9.5031e+07
gpu_tot_FPU_ACC, = 8.89074e+06
gpu_tot_DPU_ACC, = 0
gpu_tot_INT_MUL24_ACC, = 0
gpu_tot_INT_MUL32_ACC, = 12288
gpu_tot_INT_MUL_ACC, = 0
gpu_tot_INT_DIV_ACC, = 0
gpu_tot_FP_MUL_ACC, = 1.50185e+06
gpu_tot_FP_DIV_ACC, = 4096
gpu_tot_FP_SQRT_ACC, = 799.086
gpu_tot_FP_LG_ACC, = 0
gpu_tot_FP_SIN_ACC, = 0
gpu_tot_FP_EXP_ACC, = 0
gpu_tot_DP_MUL_ACC, = 0
gpu_tot_DP_DIV_ACC, = 0
gpu_tot_TENSOR_ACC, = 0
gpu_tot_TEX_ACC, = 0
gpu_tot_MEM_RD, = 2.09766e+06
gpu_tot_MEM_WR, = 513
gpu_tot_MEM_PRE, = 32969
gpu_tot_L2_RH, = 57359
gpu_tot_L2_RM, = 2.09766e+06
gpu_tot_L2_WH, = 2.62222e+06
gpu_tot_L2_WM, = 513
gpu_tot_NOC_A, = 9.5555e+06
gpu_tot_PIPE_A, = 120.293
gpu_tot_IDLE_CORE_N, = 223027
gpu_tot_constant_power = 0

Kernel Maximum Power Data:
kernel_max_power = 81.7389
gpu_max_IBP, = 0.242003
gpu_max_ICP, = 0
gpu_max_DCP, = 0.033593
gpu_max_TCP, = 0
gpu_max_CCP, = 0
gpu_max_SHRDP, = 0
gpu_max_RFP, = 11.3472
gpu_max_INTP, = 4.55671
gpu_max_FPUP, = 0.558331
gpu_max_DPUP, = 0
gpu_max_INT_MUL24P, = 0
gpu_max_INT_MUL32P, = 6.48682
gpu_max_INT_MULP, = 0
gpu_max_INT_DIVP, = 0
gpu_max_FP_MULP, = 0
gpu_max_FP_DIVP, = 0
gpu_max_FP_SQRTP, = 0
gpu_max_FP_LGP, = 0
gpu_max_FP_SINP, = 0
gpu_max_FP_EXP, = 0
gpu_max_DP_MULP, = 0
gpu_max_DP_DIVP, = 0
gpu_max_TENSORP, = 0
gpu_max_TEXP, = 0
gpu_max_SCHEDP, = 0.682404
gpu_max_L2CP, = 0
gpu_max_MCP, = 0.565463
gpu_max_NOCP, = 0.00352585
gpu_max_DRAMP, = 0
gpu_max_PIPEP, = 0.541911
gpu_max_IDLE_COREP, = 4.00433
gpu_max_CONSTP = 32.3252
gpu_max_STATICP = 20.3914
gpu_max_TOT_INST, = 3016
gpu_max_FP_INT, = 2888
gpu_max_IC_H, = 0
gpu_max_IC_M, = 0
gpu_max_DC_RH, = 0
gpu_max_DC_RM, = 0
gpu_max_DC_WH, = 1
gpu_max_DC_WM, = 9
gpu_max_TC_H, = 0
gpu_max_TC_M, = 0
gpu_max_CC_H, = 0
gpu_max_CC_M, = 0
gpu_max_SHRD_ACC, = 0
gpu_max_REG_RD, = 75360
gpu_max_REG_WR, = 61696
gpu_max_NON_REG_OPs, = 52512
gpu_max_INT_ACC, = 722766
gpu_max_FPU_ACC, = 2169.53
gpu_max_DPU_ACC, = 0
gpu_max_INT_MUL24_ACC, = 0
gpu_max_INT_MUL32_ACC, = 12288
gpu_max_INT_MUL_ACC, = 0
gpu_max_INT_DIV_ACC, = 0
gpu_max_FP_MUL_ACC, = 0
gpu_max_FP_DIV_ACC, = 0
gpu_max_FP_SQRT_ACC, = 0
gpu_max_FP_LG_ACC, = 0
gpu_max_FP_SIN_ACC, = 0
gpu_max_FP_EXP_ACC, = 0
gpu_max_DP_MUL_ACC, = 0
gpu_max_DP_DIV_ACC, = 0
gpu_max_TENSOR_ACC, = 0
gpu_max_TEX_ACC, = 0
gpu_max_MEM_RD, = 0
gpu_max_MEM_WR, = 0
gpu_max_MEM_PRE, = 0
gpu_max_L2_RH, = 0
gpu_max_L2_RM, = 0
gpu_max_L2_WH, = 0
gpu_max_L2_WM, = 0
gpu_max_NOC_A, = 3
gpu_max_PIPE_A, = 0.105792
gpu_max_IDLE_CORE_N, = 14.16
gpu_max_constant_power = 0

Kernel Minimum Power Data:
kernel_min_power = 41.3592
gpu_min_IBP, = 0
gpu_min_ICP, = 0
gpu_min_DCP, = 0
gpu_min_TCP, = 0
gpu_min_CCP, = 0
gpu_min_SHRDP, = 0
gpu_min_RFP, = 0
gpu_min_INTP, = 0
gpu_min_FPUP, = 0
gpu_min_DPUP, = 0
gpu_min_INT_MUL24P, = 0
gpu_min_INT_MUL32P, = 0
gpu_min_INT_MULP, = 0
gpu_min_INT_DIVP, = 0
gpu_min_FP_MULP, = 0
gpu_min_FP_DIVP, = 0
gpu_min_FP_SQRTP, = 0
gpu_min_FP_LGP, = 0
gpu_min_FP_SINP, = 0
gpu_min_FP_EXP, = 0
gpu_min_DP_MULP, = 0
gpu_min_DP_DIVP, = 0
gpu_min_TENSORP, = 0
gpu_min_TEXP, = 0
gpu_min_SCHEDP, = 0
gpu_min_L2CP, = 0
gpu_min_MCP, = 0.55022
gpu_min_NOCP, = 0
gpu_min_DRAMP, = 0
gpu_min_PIPEP, = 0
gpu_min_IDLE_COREP, = 8.48375
gpu_min_CONSTP = 32.3252
gpu_min_STATICP = 0
gpu_min_TOT_INST, = 0
gpu_min_FP_INT, = 0
gpu_min_IC_H, = 0
gpu_min_IC_M, = 0
gpu_min_DC_RH, = 0
gpu_min_DC_RM, = 0
gpu_min_DC_WH, = 0
gpu_min_DC_WM, = 0
gpu_min_TC_H, = 0
gpu_min_TC_M, = 0
gpu_min_CC_H, = 0
gpu_min_CC_M, = 0
gpu_min_SHRD_ACC, = 0
gpu_min_REG_RD, = 0
gpu_min_REG_WR, = 0
gpu_min_NON_REG_OPs, = 0
gpu_min_INT_ACC, = 0
gpu_min_FPU_ACC, = 0
gpu_min_DPU_ACC, = 0
gpu_min_INT_MUL24_ACC, = 0
gpu_min_INT_MUL32_ACC, = 0
gpu_min_INT_MUL_ACC, = 0
gpu_min_INT_DIV_ACC, = 0
gpu_min_FP_MUL_ACC, = 0
gpu_min_FP_DIV_ACC, = 0
gpu_min_FP_SQRT_ACC, = 0
gpu_min_FP_LG_ACC, = 0
gpu_min_FP_SIN_ACC, = 0
gpu_min_FP_EXP_ACC, = 0
gpu_min_DP_MUL_ACC, = 0
gpu_min_DP_DIV_ACC, = 0
gpu_min_TENSOR_ACC, = 0
gpu_min_TEX_ACC, = 0
gpu_min_MEM_RD, = 0
gpu_min_MEM_WR, = 0
gpu_min_MEM_PRE, = 0
gpu_min_L2_RH, = 0
gpu_min_L2_RM, = 0
gpu_min_L2_WH, = 0
gpu_min_L2_WM, = 0
gpu_min_NOC_A, = 0
gpu_min_PIPE_A, = 0
gpu_min_IDLE_CORE_N, = 30
gpu_min_constant_power = 0

Accumulative Power Statistics Over Previous Kernels:
gpu_tot_avg_power = 64.8513
gpu_tot_max_power = 81.7389
gpu_tot_min_power = 41.3592


kernel_name = _Z13reduce_kernelPfS_S_ 
kernel_launch_uid = 3 

Kernel Average Power Data:
kernel_avg_power = 119.903
gpu_avg_IBP, = 0.20945
gpu_avg_ICP, = 0
gpu_avg_DCP, = 4.42855
gpu_avg_TCP, = 0
gpu_avg_CCP, = 0
gpu_avg_SHRDP, = 0
gpu_avg_RFP, = 11.3369
gpu_avg_INTP, = 3.48211
gpu_avg_FPUP, = 0.334884
gpu_avg_DPUP, = 0
gpu_avg_INT_MUL24P, = 0
gpu_avg_INT_MUL32P, = 6.48461
gpu_avg_INT_MULP, = 0
gpu_avg_INT_DIVP, = 0
gpu_avg_FP_MULP, = 0.116097
gpu_avg_FP_DIVP, = 1.29692
gpu_avg_FP_SQRTP, = 0
gpu_avg_FP_LGP, = 0
gpu_avg_FP_SINP, = 0
gpu_avg_FP_EXP, = 0
gpu_avg_DP_MULP, = 0
gpu_avg_DP_DIVP, = 0
gpu_avg_TENSORP, = 0
gpu_avg_TEXP, = 0
gpu_avg_SCHEDP, = 0.616788
gpu_avg_L2CP, = 2.90286
gpu_avg_MCP, = 1.52796
gpu_avg_NOCP, = 2.802
gpu_avg_DRAMP, = 13.1213
gpu_avg_PIPEP, = 0.540744
gpu_avg_IDLE_COREP, = 0.066074
gpu_avg_CONSTP = 32.3252
gpu_avg_STATICP = 38.3101
gpu_avg_TOT_INST, = 2610.31
gpu_avg_FP_INT, = 2610.31
gpu_avg_IC_H, = 0
gpu_avg_IC_M, = 0
gpu_avg_DC_RH, = 698.501
gpu_avg_DC_RM, = -60.2592
gpu_avg_DC_WH, = 748.544
gpu_avg_DC_WM, = 0
gpu_avg_TC_H, = 0
gpu_avg_TC_M, = 0
gpu_avg_CC_H, = 0
gpu_avg_CC_M, = 0
gpu_avg_SHRD_ACC, = 0
gpu_avg_REG_RD, = 85986.6
gpu_avg_REG_WR, = 86666.8
gpu_avg_NON_REG_OPs, = 44221.7
gpu_avg_INT_ACC, = 552317
gpu_avg_FPU_ACC, = 1301.27
gpu_avg_DPU_ACC, = 0
gpu_avg_INT_MUL24_ACC, = 0
gpu_avg_INT_MUL32_ACC, = 12283.8
gpu_avg_INT_MUL_ACC, = 0
gpu_avg_INT_DIV_ACC, = 0
gpu_avg_FP_MUL_ACC, = 219.922
gpu_avg_FP_DIV_ACC, = 2456.76
gpu_avg_FP_SQRT_ACC, = 0
gpu_avg_FP_LG_ACC, = 0
gpu_avg_FP_SIN_ACC, = 0
gpu_avg_FP_EXP_ACC, = 0
gpu_avg_DP_MUL_ACC, = 0
gpu_avg_DP_DIV_ACC, = 0
gpu_avg_TENSOR_ACC, = 0
gpu_avg_TEX_ACC, = 0
gpu_avg_MEM_RD, = 307.246
gpu_avg_MEM_WR, = 292.927
gpu_avg_MEM_PRE, = 51.4966
gpu_avg_L2_RH, = 136.263
gpu_avg_L2_RM, = 307.246
gpu_avg_L2_WH, = 748.549
gpu_avg_L2_WM, = 0
gpu_avg_NOC_A, = 2384.11
gpu_avg_PIPE_A, = 0.105564
gpu_avg_IDLE_CORE_N, = 0.233649
gpu_avg_constant_power = 0
gpu_avg_threads_per_warp = 31.747
gpu_tot_TOT_INST, = 1.78258e+07
gpu_tot_FP_INT, = 1.78258e+07
gpu_tot_IC_H, = 0
gpu_tot_IC_M, = 0
gpu_tot_DC_RH, = 4.77006e+06
gpu_tot_DC_RM, = -411510
gpu_tot_DC_WH, = 5.11181e+06
gpu_tot_DC_WM, = 0
gpu_tot_TC_H, = 0
gpu_tot_TC_M, = 0
gpu_tot_CC_H, = 0
gpu_tot_CC_M, = 0
gpu_tot_SHRD_ACC, = 0
gpu_tot_REG_RD, = 5.87203e+08
gpu_tot_REG_WR, = 5.91847e+08
gpu_tot_NON_REG_OPs, = 3.0199e+08
gpu_tot_INT_ACC, = 3.77177e+09
gpu_tot_FPU_ACC, = 8.8864e+06
gpu_tot_DPU_ACC, = 0
gpu_tot_INT_MUL24_ACC, = 0
gpu_tot_INT_MUL32_ACC, = 8.38861e+07
gpu_tot_INT_MUL_ACC, = 0
gpu_tot_INT_DIV_ACC, = 0
gpu_tot_FP_MUL_ACC, = 1.50185e+06
gpu_tot_FP_DIV_ACC, = 1.67772e+07
gpu_tot_FP_SQRT_ACC, = 0
gpu_tot_FP_LG_ACC, = 0
gpu_tot_FP_SIN_ACC, = 0
gpu_tot_FP_EXP_ACC, = 0
gpu_tot_DP_MUL_ACC, = 0
gpu_tot_DP_DIV_ACC, = 0
gpu_tot_TENSOR_ACC, = 0
gpu_tot_TEX_ACC, = 0
gpu_tot_MEM_RD, = 2.09818e+06
gpu_tot_MEM_WR, = 2.0004e+06
gpu_tot_MEM_PRE, = 351670
gpu_tot_L2_RH, = 930539
gpu_tot_L2_RM, = 2.09818e+06
gpu_tot_L2_WH, = 5.11184e+06
gpu_tot_L2_WM, = 0
gpu_tot_NOC_A, = 1.62811e+07
gpu_tot_PIPE_A, = 720.896
gpu_tot_IDLE_CORE_N, = 1595.59
gpu_tot_constant_power = 0

Kernel Maximum Power Data:
kernel_max_power = 166.5
gpu_max_IBP, = 0.743019
gpu_max_ICP, = 0
gpu_max_DCP, = 0
gpu_max_TCP, = 0
gpu_max_CCP, = 0
gpu_max_SHRDP, = 0
gpu_max_RFP, = 42.4274
gpu_max_INTP, = 20.6216
gpu_max_FPUP, = 0
gpu_max_DPUP, = 0
gpu_max_INT_MUL24P, = 0
gpu_max_INT_MUL32P, = 32.2314
gpu_max_INT_MULP, = 0
gpu_max_INT_DIVP, = 0
gpu_max_FP_MULP, = 0
gpu_max_FP_DIVP, = 0
gpu_max_FP_SQRTP, = 0
gpu_max_FP_LGP, = 0
gpu_max_FP_SINP, = 0
gpu_max_FP_EXP, = 0
gpu_max_DP_MULP, = 0
gpu_max_DP_DIVP, = 0
gpu_max_TENSORP, = 0
gpu_max_TEXP, = 0
gpu_max_SCHEDP, = 2.18804
gpu_max_L2CP, = 0
gpu_max_MCP, = 0.55022
gpu_max_NOCP, = 0
gpu_max_DRAMP, = 0
gpu_max_PIPEP, = 1.94951
gpu_max_IDLE_COREP, = 0
gpu_max_CONSTP = 32.3252
gpu_max_STATICP = 33.4636
gpu_max_TOT_INST, = 9260
gpu_max_FP_INT, = 9260
gpu_max_IC_H, = 0
gpu_max_IC_M, = 0
gpu_max_DC_RH, = 0
gpu_max_DC_RM, = 0
gpu_max_DC_WH, = 0
gpu_max_DC_WM, = 0
gpu_max_TC_H, = 0
gpu_max_TC_M, = 0
gpu_max_CC_H, = 0
gpu_max_CC_M, = 0
gpu_max_SHRD_ACC, = 0
gpu_max_REG_RD, = 275968
gpu_max_REG_WR, = 284800
gpu_max_NON_REG_OPs, = 185952
gpu_max_INT_ACC, = 3.27091e+06
gpu_max_FPU_ACC, = 0
gpu_max_DPU_ACC, = 0
gpu_max_INT_MUL24_ACC, = 0
gpu_max_INT_MUL32_ACC, = 61056
gpu_max_INT_MUL_ACC, = 0
gpu_max_INT_DIV_ACC, = 0
gpu_max_FP_MUL_ACC, = 0
gpu_max_FP_DIV_ACC, = 0
gpu_max_FP_SQRT_ACC, = 0
gpu_max_FP_LG_ACC, = 0
gpu_max_FP_SIN_ACC, = 0
gpu_max_FP_EXP_ACC, = 0
gpu_max_DP_MUL_ACC, = 0
gpu_max_DP_DIV_ACC, = 0
gpu_max_TENSOR_ACC, = 0
gpu_max_TEX_ACC, = 0
gpu_max_MEM_RD, = 0
gpu_max_MEM_WR, = 0
gpu_max_MEM_PRE, = 0
gpu_max_L2_RH, = 0
gpu_max_L2_RM, = 0
gpu_max_L2_WH, = 0
gpu_max_L2_WM, = 0
gpu_max_NOC_A, = 0
gpu_max_PIPE_A, = 0.380583
gpu_max_IDLE_CORE_N, = 0
gpu_max_constant_power = 0

Kernel Minimum Power Data:
kernel_min_power = 41.3592
gpu_min_IBP, = 0
gpu_min_ICP, = 0
gpu_min_DCP, = 0
gpu_min_TCP, = 0
gpu_min_CCP, = 0
gpu_min_SHRDP, = 0
gpu_min_RFP, = 0
gpu_min_INTP, = 0
gpu_min_FPUP, = 0
gpu_min_DPUP, = 0
gpu_min_INT_MUL24P, = 0
gpu_min_INT_MUL32P, = 0
gpu_min_INT_MULP, = 0
gpu_min_INT_DIVP, = 0
gpu_min_FP_MULP, = 0
gpu_min_FP_DIVP, = 0
gpu_min_FP_SQRTP, = 0
gpu_min_FP_LGP, = 0
gpu_min_FP_SINP, = 0
gpu_min_FP_EXP, = 0
gpu_min_DP_MULP, = 0
gpu_min_DP_DIVP, = 0
gpu_min_TENSORP, = 0
gpu_min_TEXP, = 0
gpu_min_SCHEDP, = 0
gpu_min_L2CP, = 0
gpu_min_MCP, = 0.55022
gpu_min_NOCP, = 0
gpu_min_DRAMP, = 0
gpu_min_PIPEP, = 0
gpu_min_IDLE_COREP, = 8.48375
gpu_min_CONSTP = 32.3252
gpu_min_STATICP = 0
gpu_min_TOT_INST, = 0
gpu_min_FP_INT, = 0
gpu_min_IC_H, = 0
gpu_min_IC_M, = 0
gpu_min_DC_RH, = 0
gpu_min_DC_RM, = 0
gpu_min_DC_WH, = 0
gpu_min_DC_WM, = 0
gpu_min_TC_H, = 0
gpu_min_TC_M, = 0
gpu_min_CC_H, = 0
gpu_min_CC_M, = 0
gpu_min_SHRD_ACC, = 0
gpu_min_REG_RD, = 0
gpu_min_REG_WR, = 0
gpu_min_NON_REG_OPs, = 0
gpu_min_INT_ACC, = 0
gpu_min_FPU_ACC, = 0
gpu_min_DPU_ACC, = 0
gpu_min_INT_MUL24_ACC, = 0
gpu_min_INT_MUL32_ACC, = 0
gpu_min_INT_MUL_ACC, = 0
gpu_min_INT_DIV_ACC, = 0
gpu_min_FP_MUL_ACC, = 0
gpu_min_FP_DIV_ACC, = 0
gpu_min_FP_SQRT_ACC, = 0
gpu_min_FP_LG_ACC, = 0
gpu_min_FP_SIN_ACC, = 0
gpu_min_FP_EXP_ACC, = 0
gpu_min_DP_MUL_ACC, = 0
gpu_min_DP_DIV_ACC, = 0
gpu_min_TENSOR_ACC, = 0
gpu_min_TEX_ACC, = 0
gpu_min_MEM_RD, = 0
gpu_min_MEM_WR, = 0
gpu_min_MEM_PRE, = 0
gpu_min_L2_RH, = 0
gpu_min_L2_RM, = 0
gpu_min_L2_WH, = 0
gpu_min_L2_WM, = 0
gpu_min_NOC_A, = 0
gpu_min_PIPE_A, = 0
gpu_min_IDLE_CORE_N, = 30
gpu_min_constant_power = 0

Accumulative Power Statistics Over Previous Kernels:
gpu_tot_avg_power = 74.7044
gpu_tot_max_power = 166.5
gpu_tot_min_power = 41.3592


