kernel_name = _Z20GPU_forward_pass_gruPfS_S_S_S_S_S_S_S_S_S_ 
kernel_launch_uid = 1 

Kernel Average Power Data:
kernel_avg_power = 59.4287
gpu_avg_IBP, = 0.000771148
gpu_avg_ICP, = 0
gpu_avg_DCP, = 0.24759
gpu_avg_TCP, = 0
gpu_avg_CCP, = 0
gpu_avg_SHRDP, = 0.0012939
gpu_avg_RFP, = 0.10209
gpu_avg_INTP, = 0.00547936
gpu_avg_FPUP, = 0.000699026
gpu_avg_DPUP, = 8.16376e-05
gpu_avg_INT_MUL24P, = 0
gpu_avg_INT_MUL32P, = 0.00032319
gpu_avg_INT_MULP, = 0
gpu_avg_INT_DIVP, = 0
gpu_avg_FP_MULP, = 0.00396389
gpu_avg_FP_DIVP, = 4.62902e-06
gpu_avg_FP_SQRTP, = 0
gpu_avg_FP_LGP, = 0
gpu_avg_FP_SINP, = 0
gpu_avg_FP_EXP, = 1.54905e-06
gpu_avg_DP_MULP, = 2.84685e-05
gpu_avg_DP_DIVP, = 0
gpu_avg_TENSORP, = 0
gpu_avg_TEXP, = 0
gpu_avg_SCHEDP, = 0.00222256
gpu_avg_L2CP, = 0.0591047
gpu_avg_MCP, = 0.60159
gpu_avg_NOCP, = 0.147005
gpu_avg_DRAMP, = 0.00567244
gpu_avg_PIPEP, = 0.00191639
gpu_avg_IDLE_COREP, = 3.5491
gpu_avg_CONSTP = 32.3252
gpu_avg_STATICP = 22.3746
gpu_avg_TOT_INST, = 96.1056
gpu_avg_FP_INT, = 94.0609
gpu_avg_IC_H, = 0
gpu_avg_IC_M, = 0
gpu_avg_DC_RH, = 16.0035
gpu_avg_DC_RM, = 620.536
gpu_avg_DC_WH, = 0.0482656
gpu_avg_DC_WM, = 1.99047
gpu_avg_TC_H, = 0
gpu_avg_TC_M, = 0
gpu_avg_CC_H, = 0
gpu_avg_CC_M, = 0
gpu_avg_SHRD_ACC, = 8.41801
gpu_avg_REG_RD, = 4203.9
gpu_avg_REG_WR, = 21723.5
gpu_avg_NON_REG_OPs, = 1835.51
gpu_avg_INT_ACC, = 8691.13
gpu_avg_FPU_ACC, = 27.1624
gpu_avg_DPU_ACC, = 3.17223
gpu_avg_INT_MUL24_ACC, = 0
gpu_avg_INT_MUL32_ACC, = 6.12219
gpu_avg_INT_MUL_ACC, = 0
gpu_avg_INT_DIV_ACC, = 0
gpu_avg_FP_MUL_ACC, = 75.0881
gpu_avg_FP_DIV_ACC, = 0.0876876
gpu_avg_FP_SQRT_ACC, = 0
gpu_avg_FP_LG_ACC, = 0
gpu_avg_FP_SIN_ACC, = 0
gpu_avg_FP_EXP_ACC, = 0.0293436
gpu_avg_DP_MUL_ACC, = 0.539278
gpu_avg_DP_DIV_ACC, = 0
gpu_avg_TENSOR_ACC, = 0
gpu_avg_TEX_ACC, = 0
gpu_avg_MEM_RD, = 2.01158
gpu_avg_MEM_WR, = 0
gpu_avg_MEM_PRE, = 0.339665
gpu_avg_L2_RH, = 621.352
gpu_avg_L2_RM, = 2.01158
gpu_avg_L2_WH, = 2.03874
gpu_avg_L2_WM, = 0
gpu_avg_NOC_A, = 1250.8
gpu_avg_PIPE_A, = 0.000374116
gpu_avg_IDLE_CORE_N, = 12.5502
gpu_avg_constant_power = 0
gpu_avg_threads_per_warp = 23.8679
gpu_tot_TOT_INST, = 1.54317e+06
gpu_tot_FP_INT, = 1.51034e+06
gpu_tot_IC_H, = 0
gpu_tot_IC_M, = 0
gpu_tot_DC_RH, = 256968
gpu_tot_DC_RM, = 9.96394e+06
gpu_tot_DC_WH, = 775
gpu_tot_DC_WM, = 31961
gpu_tot_TC_H, = 0
gpu_tot_TC_M, = 0
gpu_tot_CC_H, = 0
gpu_tot_CC_M, = 0
gpu_tot_SHRD_ACC, = 135168
gpu_tot_REG_RD, = 6.75021e+07
gpu_tot_REG_WR, = 3.48814e+08
gpu_tot_NON_REG_OPs, = 2.94728e+07
gpu_tot_INT_ACC, = 1.39554e+08
gpu_tot_FPU_ACC, = 436146
gpu_tot_DPU_ACC, = 50936.5
gpu_tot_INT_MUL24_ACC, = 0
gpu_tot_INT_MUL32_ACC, = 98304
gpu_tot_INT_MUL_ACC, = 0
gpu_tot_INT_DIV_ACC, = 0
gpu_tot_FP_MUL_ACC, = 1.20569e+06
gpu_tot_FP_DIV_ACC, = 1408
gpu_tot_FP_SQRT_ACC, = 0
gpu_tot_FP_LG_ACC, = 0
gpu_tot_FP_SIN_ACC, = 0
gpu_tot_FP_EXP_ACC, = 471.171
gpu_tot_DP_MUL_ACC, = 8659.19
gpu_tot_DP_DIV_ACC, = 0
gpu_tot_TENSOR_ACC, = 0
gpu_tot_TEX_ACC, = 0
gpu_tot_MEM_RD, = 32300
gpu_tot_MEM_WR, = 0
gpu_tot_MEM_PRE, = 5454
gpu_tot_L2_RH, = 9.97704e+06
gpu_tot_L2_RM, = 32300
gpu_tot_L2_WH, = 32736
gpu_tot_L2_WM, = 0
gpu_tot_NOC_A, = 2.00842e+07
gpu_tot_PIPE_A, = 6.00719
gpu_tot_IDLE_CORE_N, = 201519
gpu_tot_constant_power = 0

Kernel Maximum Power Data:
kernel_max_power = 91.2102
gpu_max_IBP, = 0.0173318
gpu_max_ICP, = 0
gpu_max_DCP, = 6.62943
gpu_max_TCP, = 0
gpu_max_CCP, = 0
gpu_max_SHRDP, = 0.00491859
gpu_max_RFP, = 2.60735
gpu_max_INTP, = 0.134555
gpu_max_FPUP, = 0.04013
gpu_max_DPUP, = 0.00832085
gpu_max_INT_MUL24P, = 0
gpu_max_INT_MUL32P, = 0.0152035
gpu_max_INT_MULP, = 0
gpu_max_INT_DIVP, = 0
gpu_max_FP_MULP, = 0.0813559
gpu_max_FP_DIVP, = 0
gpu_max_FP_SQRTP, = 0
gpu_max_FP_LGP, = 0
gpu_max_FP_SINP, = 0
gpu_max_FP_EXP, = 0
gpu_max_DP_MULP, = 0.00290163
gpu_max_DP_DIVP, = 0
gpu_max_TENSORP, = 0
gpu_max_TEXP, = 0
gpu_max_SCHEDP, = 0.0504951
gpu_max_L2CP, = 1.62034
gpu_max_MCP, = 1.92879
gpu_max_NOCP, = 4.06836
gpu_max_DRAMP, = 0
gpu_max_PIPEP, = 0.0425374
gpu_max_IDLE_COREP, = 0
gpu_max_CONSTP = 32.3252
gpu_max_STATICP = 41.6329
gpu_max_TOT_INST, = 2160
gpu_max_FP_INT, = 2137
gpu_max_IC_H, = 0
gpu_max_IC_M, = 0
gpu_max_DC_RH, = 225
gpu_max_DC_RM, = 16997
gpu_max_DC_WH, = 0
gpu_max_DC_WM, = 0
gpu_max_TC_H, = 0
gpu_max_TC_M, = 0
gpu_max_CC_H, = 0
gpu_max_CC_M, = 0
gpu_max_SHRD_ACC, = 32
gpu_max_REG_RD, = 96544
gpu_max_REG_WR, = 598656
gpu_max_NON_REG_OPs, = 40032
gpu_max_INT_ACC, = 213425
gpu_max_FPU_ACC, = 1559.35
gpu_max_DPU_ACC, = 323.327
gpu_max_INT_MUL24_ACC, = 0
gpu_max_INT_MUL32_ACC, = 288
gpu_max_INT_MUL_ACC, = 0
gpu_max_INT_DIV_ACC, = 0
gpu_max_FP_MUL_ACC, = 1541.13
gpu_max_FP_DIV_ACC, = 0
gpu_max_FP_SQRT_ACC, = 0
gpu_max_FP_LG_ACC, = 0
gpu_max_FP_SIN_ACC, = 0
gpu_max_FP_EXP_ACC, = 0
gpu_max_DP_MUL_ACC, = 54.9656
gpu_max_DP_DIV_ACC, = 0
gpu_max_TENSOR_ACC, = 0
gpu_max_TEX_ACC, = 0
gpu_max_MEM_RD, = 0
gpu_max_MEM_WR, = 0
gpu_max_MEM_PRE, = 0
gpu_max_L2_RH, = 17257
gpu_max_L2_RM, = 0
gpu_max_L2_WH, = 0
gpu_max_L2_WM, = 0
gpu_max_NOC_A, = 34616
gpu_max_PIPE_A, = 0.00830414
gpu_max_IDLE_CORE_N, = 0
gpu_max_constant_power = 0

Kernel Minimum Power Data:
kernel_min_power = 41.3592
gpu_min_IBP, = 0
gpu_min_ICP, = 0
gpu_min_DCP, = 0
gpu_min_TCP, = 0
gpu_min_CCP, = 0
gpu_min_SHRDP, = 0
gpu_min_RFP, = 0
gpu_min_INTP, = 0
gpu_min_FPUP, = 0
gpu_min_DPUP, = 0
gpu_min_INT_MUL24P, = 0
gpu_min_INT_MUL32P, = 0
gpu_min_INT_MULP, = 0
gpu_min_INT_DIVP, = 0
gpu_min_FP_MULP, = 0
gpu_min_FP_DIVP, = 0
gpu_min_FP_SQRTP, = 0
gpu_min_FP_LGP, = 0
gpu_min_FP_SINP, = 0
gpu_min_FP_EXP, = 0
gpu_min_DP_MULP, = 0
gpu_min_DP_DIVP, = 0
gpu_min_TENSORP, = 0
gpu_min_TEXP, = 0
gpu_min_SCHEDP, = 0
gpu_min_L2CP, = 0
gpu_min_MCP, = 0.55022
gpu_min_NOCP, = 0
gpu_min_DRAMP, = 0
gpu_min_PIPEP, = 0
gpu_min_IDLE_COREP, = 8.48375
gpu_min_CONSTP = 32.3252
gpu_min_STATICP = 0
gpu_min_TOT_INST, = 0
gpu_min_FP_INT, = 0
gpu_min_IC_H, = 0
gpu_min_IC_M, = 0
gpu_min_DC_RH, = 0
gpu_min_DC_RM, = 0
gpu_min_DC_WH, = 0
gpu_min_DC_WM, = 0
gpu_min_TC_H, = 0
gpu_min_TC_M, = 0
gpu_min_CC_H, = 0
gpu_min_CC_M, = 0
gpu_min_SHRD_ACC, = 0
gpu_min_REG_RD, = 0
gpu_min_REG_WR, = 0
gpu_min_NON_REG_OPs, = 0
gpu_min_INT_ACC, = 0
gpu_min_FPU_ACC, = 0
gpu_min_DPU_ACC, = 0
gpu_min_INT_MUL24_ACC, = 0
gpu_min_INT_MUL32_ACC, = 0
gpu_min_INT_MUL_ACC, = 0
gpu_min_INT_DIV_ACC, = 0
gpu_min_FP_MUL_ACC, = 0
gpu_min_FP_DIV_ACC, = 0
gpu_min_FP_SQRT_ACC, = 0
gpu_min_FP_LG_ACC, = 0
gpu_min_FP_SIN_ACC, = 0
gpu_min_FP_EXP_ACC, = 0
gpu_min_DP_MUL_ACC, = 0
gpu_min_DP_DIV_ACC, = 0
gpu_min_TENSOR_ACC, = 0
gpu_min_TEX_ACC, = 0
gpu_min_MEM_RD, = 0
gpu_min_MEM_WR, = 0
gpu_min_MEM_PRE, = 0
gpu_min_L2_RH, = 0
gpu_min_L2_RM, = 0
gpu_min_L2_WH, = 0
gpu_min_L2_WM, = 0
gpu_min_NOC_A, = 0
gpu_min_PIPE_A, = 0
gpu_min_IDLE_CORE_N, = 30
gpu_min_constant_power = 0

Accumulative Power Statistics Over Previous Kernels:
gpu_tot_avg_power = 59.4287
gpu_tot_max_power = 91.2102
gpu_tot_min_power = 41.3592


