kernel_name = _Z15spmv_csr_scalariPKmPKiPKfS4_Pf 
kernel_launch_uid = 1 

Kernel Average Power Data:
kernel_avg_power = 80.9846
gpu_avg_IBP, = 0.00876722
gpu_avg_ICP, = 0
gpu_avg_DCP, = 2.4286
gpu_avg_TCP, = 0
gpu_avg_CCP, = 0
gpu_avg_SHRDP, = 0
gpu_avg_RFP, = 0.948857
gpu_avg_INTP, = 0.0885782
gpu_avg_FPUP, = 0
gpu_avg_DPUP, = 0
gpu_avg_INT_MUL24P, = 0
gpu_avg_INT_MUL32P, = 0.208813
gpu_avg_INT_MULP, = 0
gpu_avg_INT_DIVP, = 0
gpu_avg_FP_MULP, = 0.0133382
gpu_avg_FP_DIVP, = 0
gpu_avg_FP_SQRTP, = 0
gpu_avg_FP_LGP, = 0
gpu_avg_FP_SINP, = 0
gpu_avg_FP_EXP, = 0
gpu_avg_DP_MULP, = 0
gpu_avg_DP_DIVP, = 0
gpu_avg_TENSORP, = 0
gpu_avg_TEXP, = 0
gpu_avg_SCHEDP, = 0.0257539
gpu_avg_L2CP, = 0.154172
gpu_avg_MCP, = 1.24461
gpu_avg_NOCP, = 1.12307
gpu_avg_DRAMP, = 10.2686
gpu_avg_PIPEP, = 0.0225873
gpu_avg_IDLE_COREP, = 0.262431
gpu_avg_CONSTP = 32.3252
gpu_avg_STATICP = 31.8612
gpu_avg_TOT_INST, = 1092.63
gpu_avg_FP_INT, = 1089.93
gpu_avg_IC_H, = 0
gpu_avg_IC_M, = 0
gpu_avg_DC_RH, = 1004.75
gpu_avg_DC_RM, = 4720.23
gpu_avg_DC_WH, = 0
gpu_avg_DC_WM, = 10.8031
gpu_avg_TC_H, = 0
gpu_avg_TC_M, = 0
gpu_avg_CC_H, = 0
gpu_avg_CC_M, = 0
gpu_avg_SHRD_ACC, = 0
gpu_avg_REG_RD, = 45413.4
gpu_avg_REG_WR, = 173519
gpu_avg_NON_REG_OPs, = 21662.9
gpu_avg_INT_ACC, = 140499
gpu_avg_FPU_ACC, = 0
gpu_avg_DPU_ACC, = 0
gpu_avg_INT_MUL24_ACC, = 0
gpu_avg_INT_MUL32_ACC, = 3955.55
gpu_avg_INT_MUL_ACC, = 0
gpu_avg_INT_DIV_ACC, = 0
gpu_avg_FP_MUL_ACC, = 252.666
gpu_avg_FP_DIV_ACC, = 0
gpu_avg_FP_SQRT_ACC, = 0
gpu_avg_FP_LG_ACC, = 0
gpu_avg_FP_SIN_ACC, = 0
gpu_avg_FP_EXP_ACC, = 0
gpu_avg_DP_MUL_ACC, = 0
gpu_avg_DP_DIV_ACC, = 0
gpu_avg_TENSOR_ACC, = 0
gpu_avg_TEX_ACC, = 0
gpu_avg_MEM_RD, = 3364.89
gpu_avg_MEM_WR, = 8.96063
gpu_avg_MEM_PRE, = 2255.64
gpu_avg_L2_RH, = 1402.19
gpu_avg_L2_RM, = 3364.89
gpu_avg_L2_WH, = 0.0669291
gpu_avg_L2_WM, = 10.7323
gpu_avg_NOC_A, = 9555.77
gpu_avg_PIPE_A, = 0.00440949
gpu_avg_IDLE_CORE_N, = 0.928001
gpu_avg_constant_power = 0
gpu_avg_threads_per_warp = 22.1922
gpu_tot_TOT_INST, = 1.11011e+06
gpu_tot_FP_INT, = 1.10737e+06
gpu_tot_IC_H, = 0
gpu_tot_IC_M, = 0
gpu_tot_DC_RH, = 1.02083e+06
gpu_tot_DC_RM, = 4.79575e+06
gpu_tot_DC_WH, = 0
gpu_tot_DC_WM, = 10976
gpu_tot_TC_H, = 0
gpu_tot_TC_M, = 0
gpu_tot_CC_H, = 0
gpu_tot_CC_M, = 0
gpu_tot_SHRD_ACC, = 0
gpu_tot_REG_RD, = 4.614e+07
gpu_tot_REG_WR, = 1.76295e+08
gpu_tot_NON_REG_OPs, = 2.20095e+07
gpu_tot_INT_ACC, = 1.42747e+08
gpu_tot_FPU_ACC, = 0
gpu_tot_DPU_ACC, = 0
gpu_tot_INT_MUL24_ACC, = 0
gpu_tot_INT_MUL32_ACC, = 4.01884e+06
gpu_tot_INT_MUL_ACC, = 0
gpu_tot_INT_DIV_ACC, = 0
gpu_tot_FP_MUL_ACC, = 256709
gpu_tot_FP_DIV_ACC, = 0
gpu_tot_FP_SQRT_ACC, = 0
gpu_tot_FP_LG_ACC, = 0
gpu_tot_FP_SIN_ACC, = 0
gpu_tot_FP_EXP_ACC, = 0
gpu_tot_DP_MUL_ACC, = 0
gpu_tot_DP_DIV_ACC, = 0
gpu_tot_TENSOR_ACC, = 0
gpu_tot_TEX_ACC, = 0
gpu_tot_MEM_RD, = 3.41873e+06
gpu_tot_MEM_WR, = 9104
gpu_tot_MEM_PRE, = 2.29173e+06
gpu_tot_L2_RH, = 1.42463e+06
gpu_tot_L2_RM, = 3.41873e+06
gpu_tot_L2_WH, = 68
gpu_tot_L2_WM, = 10904
gpu_tot_NOC_A, = 9.70866e+06
gpu_tot_PIPE_A, = 4.48004
gpu_tot_IDLE_CORE_N, = 942.849
gpu_tot_constant_power = 0

Kernel Maximum Power Data:
kernel_max_power = 98.5789
gpu_max_IBP, = 0.0655237
gpu_max_ICP, = 0
gpu_max_DCP, = 3.2452
gpu_max_TCP, = 0
gpu_max_CCP, = 0
gpu_max_SHRDP, = 0
gpu_max_RFP, = 4.14493
gpu_max_INTP, = 1.57187
gpu_max_FPUP, = 0
gpu_max_DPUP, = 0
gpu_max_INT_MUL24P, = 0
gpu_max_INT_MUL32P, = 1.02492
gpu_max_INT_MULP, = 0
gpu_max_INT_DIVP, = 0
gpu_max_FP_MULP, = 0
gpu_max_FP_DIVP, = 0
gpu_max_FP_SQRTP, = 0
gpu_max_FP_LGP, = 0
gpu_max_FP_SINP, = 0
gpu_max_FP_EXP, = 0
gpu_max_DP_MULP, = 0
gpu_max_DP_DIVP, = 0
gpu_max_TENSORP, = 0
gpu_max_TEXP, = 0
gpu_max_SCHEDP, = 0.19293
gpu_max_L2CP, = 0.145016
gpu_max_MCP, = 1.72345
gpu_max_NOCP, = 1.91242
gpu_max_DRAMP, = 20.3247
gpu_max_PIPEP, = 0.197833
gpu_max_IDLE_COREP, = 0
gpu_max_CONSTP = 32.3252
gpu_max_STATICP = 31.7049
gpu_max_TOT_INST, = 8166
gpu_max_FP_INT, = 8165
gpu_max_IC_H, = 0
gpu_max_IC_M, = 0
gpu_max_DC_RH, = 598
gpu_max_DC_RM, = 7529
gpu_max_DC_WH, = 0
gpu_max_DC_WM, = 0
gpu_max_TC_H, = 0
gpu_max_TC_M, = 0
gpu_max_CC_H, = 0
gpu_max_CC_M, = 0
gpu_max_SHRD_ACC, = 0
gpu_max_REG_RD, = 304096
gpu_max_REG_WR, = 689856
gpu_max_NON_REG_OPs, = 82432
gpu_max_INT_ACC, = 2.49323e+06
gpu_max_FPU_ACC, = 0
gpu_max_DPU_ACC, = 0
gpu_max_INT_MUL24_ACC, = 0
gpu_max_INT_MUL32_ACC, = 19415
gpu_max_INT_MUL_ACC, = 0
gpu_max_INT_DIV_ACC, = 0
gpu_max_FP_MUL_ACC, = 0
gpu_max_FP_DIV_ACC, = 0
gpu_max_FP_SQRT_ACC, = 0
gpu_max_FP_LG_ACC, = 0
gpu_max_FP_SIN_ACC, = 0
gpu_max_FP_EXP_ACC, = 0
gpu_max_DP_MUL_ACC, = 0
gpu_max_DP_DIV_ACC, = 0
gpu_max_TENSOR_ACC, = 0
gpu_max_TEX_ACC, = 0
gpu_max_MEM_RD, = 7350
gpu_max_MEM_WR, = 0
gpu_max_MEM_PRE, = 357
gpu_max_L2_RH, = 850
gpu_max_L2_RM, = 10659
gpu_max_L2_WH, = 0
gpu_max_L2_WM, = 0
gpu_max_NOC_A, = 16272
gpu_max_PIPE_A, = 0.0386208
gpu_max_IDLE_CORE_N, = 0
gpu_max_constant_power = 0

Kernel Minimum Power Data:
kernel_min_power = 41.3592
gpu_min_IBP, = 0
gpu_min_ICP, = 0
gpu_min_DCP, = 0
gpu_min_TCP, = 0
gpu_min_CCP, = 0
gpu_min_SHRDP, = 0
gpu_min_RFP, = 0
gpu_min_INTP, = 0
gpu_min_FPUP, = 0
gpu_min_DPUP, = 0
gpu_min_INT_MUL24P, = 0
gpu_min_INT_MUL32P, = 0
gpu_min_INT_MULP, = 0
gpu_min_INT_DIVP, = 0
gpu_min_FP_MULP, = 0
gpu_min_FP_DIVP, = 0
gpu_min_FP_SQRTP, = 0
gpu_min_FP_LGP, = 0
gpu_min_FP_SINP, = 0
gpu_min_FP_EXP, = 0
gpu_min_DP_MULP, = 0
gpu_min_DP_DIVP, = 0
gpu_min_TENSORP, = 0
gpu_min_TEXP, = 0
gpu_min_SCHEDP, = 0
gpu_min_L2CP, = 0
gpu_min_MCP, = 0.55022
gpu_min_NOCP, = 0
gpu_min_DRAMP, = 0
gpu_min_PIPEP, = 0
gpu_min_IDLE_COREP, = 8.48375
gpu_min_CONSTP = 32.3252
gpu_min_STATICP = 0
gpu_min_TOT_INST, = 0
gpu_min_FP_INT, = 0
gpu_min_IC_H, = 0
gpu_min_IC_M, = 0
gpu_min_DC_RH, = 0
gpu_min_DC_RM, = 0
gpu_min_DC_WH, = 0
gpu_min_DC_WM, = 0
gpu_min_TC_H, = 0
gpu_min_TC_M, = 0
gpu_min_CC_H, = 0
gpu_min_CC_M, = 0
gpu_min_SHRD_ACC, = 0
gpu_min_REG_RD, = 0
gpu_min_REG_WR, = 0
gpu_min_NON_REG_OPs, = 0
gpu_min_INT_ACC, = 0
gpu_min_FPU_ACC, = 0
gpu_min_DPU_ACC, = 0
gpu_min_INT_MUL24_ACC, = 0
gpu_min_INT_MUL32_ACC, = 0
gpu_min_INT_MUL_ACC, = 0
gpu_min_INT_DIV_ACC, = 0
gpu_min_FP_MUL_ACC, = 0
gpu_min_FP_DIV_ACC, = 0
gpu_min_FP_SQRT_ACC, = 0
gpu_min_FP_LG_ACC, = 0
gpu_min_FP_SIN_ACC, = 0
gpu_min_FP_EXP_ACC, = 0
gpu_min_DP_MUL_ACC, = 0
gpu_min_DP_DIV_ACC, = 0
gpu_min_TENSOR_ACC, = 0
gpu_min_TEX_ACC, = 0
gpu_min_MEM_RD, = 0
gpu_min_MEM_WR, = 0
gpu_min_MEM_PRE, = 0
gpu_min_L2_RH, = 0
gpu_min_L2_RM, = 0
gpu_min_L2_WH, = 0
gpu_min_L2_WM, = 0
gpu_min_NOC_A, = 0
gpu_min_PIPE_A, = 0
gpu_min_IDLE_CORE_N, = 30
gpu_min_constant_power = 0

Accumulative Power Statistics Over Previous Kernels:
gpu_tot_avg_power = 80.9846
gpu_tot_max_power = 98.5789
gpu_tot_min_power = 41.3592


