kernel_name = _Z15spmv_csr_scalariPKmPKiPKfS4_Pf 
kernel_launch_uid = 1 

Kernel Average Power Data:
kernel_avg_power = 79.5822
gpu_avg_IBP, = 0.00592632
gpu_avg_ICP, = 0
gpu_avg_DCP, = 1.70021
gpu_avg_TCP, = 0
gpu_avg_CCP, = 0
gpu_avg_SHRDP, = 0
gpu_avg_RFP, = 0.709655
gpu_avg_INTP, = 0.0664019
gpu_avg_FPUP, = 0
gpu_avg_DPUP, = 0
gpu_avg_INT_MUL24P, = 0
gpu_avg_INT_MUL32P, = 0.142687
gpu_avg_INT_MULP, = 0
gpu_avg_INT_DIVP, = 0
gpu_avg_FP_MULP, = 0.00954841
gpu_avg_FP_DIVP, = 0
gpu_avg_FP_SQRTP, = 0
gpu_avg_FP_LGP, = 0
gpu_avg_FP_SINP, = 0
gpu_avg_FP_EXP, = 0
gpu_avg_DP_MULP, = 0
gpu_avg_DP_DIVP, = 0
gpu_avg_TENSORP, = 0
gpu_avg_TEXP, = 0
gpu_avg_SCHEDP, = 0.0173932
gpu_avg_L2CP, = 0.0969916
gpu_avg_MCP, = 1.11739
gpu_avg_NOCP, = 0.936827
gpu_avg_DRAMP, = 9.68336
gpu_avg_PIPEP, = 0.0152788
gpu_avg_IDLE_COREP, = 1.16739
gpu_avg_CONSTP = 32.3252
gpu_avg_STATICP = 31.5879
gpu_avg_TOT_INST, = 738.577
gpu_avg_FP_INT, = 736.096
gpu_avg_IC_H, = 0
gpu_avg_IC_M, = 0
gpu_avg_DC_RH, = 313.829
gpu_avg_DC_RM, = 3934.12
gpu_avg_DC_WH, = 0
gpu_avg_DC_WM, = 9.92041
gpu_avg_TC_H, = 0
gpu_avg_TC_M, = 0
gpu_avg_CC_H, = 0
gpu_avg_CC_M, = 0
gpu_avg_SHRD_ACC, = 0
gpu_avg_REG_RD, = 30118.1
gpu_avg_REG_WR, = 141909
gpu_avg_NON_REG_OPs, = 14526
gpu_avg_INT_ACC, = 105324
gpu_avg_FPU_ACC, = 0
gpu_avg_DPU_ACC, = 0
gpu_avg_INT_MUL24_ACC, = 0
gpu_avg_INT_MUL32_ACC, = 2702.91
gpu_avg_INT_MUL_ACC, = 0
gpu_avg_INT_DIV_ACC, = 0
gpu_avg_FP_MUL_ACC, = 180.876
gpu_avg_FP_DIV_ACC, = 0
gpu_avg_FP_SQRT_ACC, = 0
gpu_avg_FP_LG_ACC, = 0
gpu_avg_FP_SIN_ACC, = 0
gpu_avg_FP_EXP_ACC, = 0
gpu_avg_DP_MUL_ACC, = 0
gpu_avg_DP_DIV_ACC, = 0
gpu_avg_TENSOR_ACC, = 0
gpu_avg_TEX_ACC, = 0
gpu_avg_MEM_RD, = 3167.77
gpu_avg_MEM_WR, = 6.52243
gpu_avg_MEM_PRE, = 2165.88
gpu_avg_L2_RH, = 807.848
gpu_avg_L2_RM, = 3167.77
gpu_avg_L2_WH, = 0
gpu_avg_L2_WM, = 9.92041
gpu_avg_NOC_A, = 7971.08
gpu_avg_PIPE_A, = 0.00298272
gpu_avg_IDLE_CORE_N, = 4.1281
gpu_avg_constant_power = 0
gpu_avg_threads_per_warp = 25.8285
gpu_tot_TOT_INST, = 510357
gpu_tot_FP_INT, = 508642
gpu_tot_IC_H, = 0
gpu_tot_IC_M, = 0
gpu_tot_DC_RH, = 216856
gpu_tot_DC_RM, = 2.71848e+06
gpu_tot_DC_WH, = 0
gpu_tot_DC_WM, = 6855
gpu_tot_TC_H, = 0
gpu_tot_TC_M, = 0
gpu_tot_CC_H, = 0
gpu_tot_CC_M, = 0
gpu_tot_SHRD_ACC, = 0
gpu_tot_REG_RD, = 2.08116e+07
gpu_tot_REG_WR, = 9.80594e+07
gpu_tot_NON_REG_OPs, = 1.00375e+07
gpu_tot_INT_ACC, = 7.27788e+07
gpu_tot_FPU_ACC, = 0
gpu_tot_DPU_ACC, = 0
gpu_tot_INT_MUL24_ACC, = 0
gpu_tot_INT_MUL32_ACC, = 1.86771e+06
gpu_tot_INT_MUL_ACC, = 0
gpu_tot_INT_DIV_ACC, = 0
gpu_tot_FP_MUL_ACC, = 124985
gpu_tot_FP_DIV_ACC, = 0
gpu_tot_FP_SQRT_ACC, = 0
gpu_tot_FP_LG_ACC, = 0
gpu_tot_FP_SIN_ACC, = 0
gpu_tot_FP_EXP_ACC, = 0
gpu_tot_DP_MUL_ACC, = 0
gpu_tot_DP_DIV_ACC, = 0
gpu_tot_TENSOR_ACC, = 0
gpu_tot_TEX_ACC, = 0
gpu_tot_MEM_RD, = 2.18893e+06
gpu_tot_MEM_WR, = 4507
gpu_tot_MEM_PRE, = 1.49662e+06
gpu_tot_L2_RH, = 558223
gpu_tot_L2_RM, = 2.18893e+06
gpu_tot_L2_WH, = 0
gpu_tot_L2_WM, = 6855
gpu_tot_NOC_A, = 5.50802e+06
gpu_tot_PIPE_A, = 2.06106
gpu_tot_IDLE_CORE_N, = 2852.52
gpu_tot_constant_power = 0

Kernel Maximum Power Data:
kernel_max_power = 109.251
gpu_max_IBP, = 0.092765
gpu_max_ICP, = 0
gpu_max_DCP, = 5.84078
gpu_max_TCP, = 0
gpu_max_CCP, = 0
gpu_max_SHRDP, = 0
gpu_max_RFP, = 5.28957
gpu_max_INTP, = 1.57008
gpu_max_FPUP, = 0
gpu_max_DPUP, = 0
gpu_max_INT_MUL24P, = 0
gpu_max_INT_MUL32P, = 2.054
gpu_max_INT_MULP, = 0
gpu_max_INT_DIVP, = 0
gpu_max_FP_MULP, = 0.0151691
gpu_max_FP_DIVP, = 0
gpu_max_FP_SQRTP, = 0
gpu_max_FP_LGP, = 0
gpu_max_FP_SINP, = 0
gpu_max_FP_EXP, = 0
gpu_max_DP_MULP, = 0
gpu_max_DP_DIVP, = 0
gpu_max_TENSORP, = 0
gpu_max_TEXP, = 0
gpu_max_SCHEDP, = 0.270811
gpu_max_L2CP, = 0.200191
gpu_max_MCP, = 2.09972
gpu_max_NOCP, = 2.28334
gpu_max_DRAMP, = 20.9369
gpu_max_PIPEP, = 0.233263
gpu_max_IDLE_COREP, = 0
gpu_max_CONSTP = 32.3252
gpu_max_STATICP = 36.0391
gpu_max_TOT_INST, = 11561
gpu_max_FP_INT, = 11461
gpu_max_IC_H, = 0
gpu_max_IC_M, = 0
gpu_max_DC_RH, = 4064
gpu_max_DC_RM, = 8377
gpu_max_DC_WH, = 0
gpu_max_DC_WM, = 340
gpu_max_TC_H, = 0
gpu_max_TC_M, = 0
gpu_max_CC_H, = 0
gpu_max_CC_M, = 0
gpu_max_SHRD_ACC, = 0
gpu_max_REG_RD, = 352064
gpu_max_REG_WR, = 559488
gpu_max_NON_REG_OPs, = 184896
gpu_max_INT_ACC, = 2.4904e+06
gpu_max_FPU_ACC, = 0
gpu_max_DPU_ACC, = 0
gpu_max_INT_MUL24_ACC, = 0
gpu_max_INT_MUL32_ACC, = 38909
gpu_max_INT_MUL_ACC, = 0
gpu_max_INT_DIV_ACC, = 0
gpu_max_FP_MUL_ACC, = 287.349
gpu_max_FP_DIV_ACC, = 0
gpu_max_FP_SQRT_ACC, = 0
gpu_max_FP_LG_ACC, = 0
gpu_max_FP_SIN_ACC, = 0
gpu_max_FP_EXP_ACC, = 0
gpu_max_DP_MUL_ACC, = 0
gpu_max_DP_DIV_ACC, = 0
gpu_max_TENSOR_ACC, = 0
gpu_max_TEX_ACC, = 0
gpu_max_MEM_RD, = 7318
gpu_max_MEM_WR, = 44
gpu_max_MEM_PRE, = 1751
gpu_max_L2_RH, = 881
gpu_max_L2_RM, = 8731
gpu_max_L2_WH, = 0
gpu_max_L2_WM, = 361
gpu_max_NOC_A, = 19428
gpu_max_PIPE_A, = 0.0455375
gpu_max_IDLE_CORE_N, = 0
gpu_max_constant_power = 0

Kernel Minimum Power Data:
kernel_min_power = 41.3592
gpu_min_IBP, = 0
gpu_min_ICP, = 0
gpu_min_DCP, = 0
gpu_min_TCP, = 0
gpu_min_CCP, = 0
gpu_min_SHRDP, = 0
gpu_min_RFP, = 0
gpu_min_INTP, = 0
gpu_min_FPUP, = 0
gpu_min_DPUP, = 0
gpu_min_INT_MUL24P, = 0
gpu_min_INT_MUL32P, = 0
gpu_min_INT_MULP, = 0
gpu_min_INT_DIVP, = 0
gpu_min_FP_MULP, = 0
gpu_min_FP_DIVP, = 0
gpu_min_FP_SQRTP, = 0
gpu_min_FP_LGP, = 0
gpu_min_FP_SINP, = 0
gpu_min_FP_EXP, = 0
gpu_min_DP_MULP, = 0
gpu_min_DP_DIVP, = 0
gpu_min_TENSORP, = 0
gpu_min_TEXP, = 0
gpu_min_SCHEDP, = 0
gpu_min_L2CP, = 0
gpu_min_MCP, = 0.55022
gpu_min_NOCP, = 0
gpu_min_DRAMP, = 0
gpu_min_PIPEP, = 0
gpu_min_IDLE_COREP, = 8.48375
gpu_min_CONSTP = 32.3252
gpu_min_STATICP = 0
gpu_min_TOT_INST, = 0
gpu_min_FP_INT, = 0
gpu_min_IC_H, = 0
gpu_min_IC_M, = 0
gpu_min_DC_RH, = 0
gpu_min_DC_RM, = 0
gpu_min_DC_WH, = 0
gpu_min_DC_WM, = 0
gpu_min_TC_H, = 0
gpu_min_TC_M, = 0
gpu_min_CC_H, = 0
gpu_min_CC_M, = 0
gpu_min_SHRD_ACC, = 0
gpu_min_REG_RD, = 0
gpu_min_REG_WR, = 0
gpu_min_NON_REG_OPs, = 0
gpu_min_INT_ACC, = 0
gpu_min_FPU_ACC, = 0
gpu_min_DPU_ACC, = 0
gpu_min_INT_MUL24_ACC, = 0
gpu_min_INT_MUL32_ACC, = 0
gpu_min_INT_MUL_ACC, = 0
gpu_min_INT_DIV_ACC, = 0
gpu_min_FP_MUL_ACC, = 0
gpu_min_FP_DIV_ACC, = 0
gpu_min_FP_SQRT_ACC, = 0
gpu_min_FP_LG_ACC, = 0
gpu_min_FP_SIN_ACC, = 0
gpu_min_FP_EXP_ACC, = 0
gpu_min_DP_MUL_ACC, = 0
gpu_min_DP_DIV_ACC, = 0
gpu_min_TENSOR_ACC, = 0
gpu_min_TEX_ACC, = 0
gpu_min_MEM_RD, = 0
gpu_min_MEM_WR, = 0
gpu_min_MEM_PRE, = 0
gpu_min_L2_RH, = 0
gpu_min_L2_RM, = 0
gpu_min_L2_WH, = 0
gpu_min_L2_WM, = 0
gpu_min_NOC_A, = 0
gpu_min_PIPE_A, = 0
gpu_min_IDLE_CORE_N, = 30
gpu_min_constant_power = 0

Accumulative Power Statistics Over Previous Kernels:
gpu_tot_avg_power = 79.5822
gpu_tot_max_power = 109.251
gpu_tot_min_power = 41.3592


