kernel_name = _Z7contribiPfPiS_ 
kernel_launch_uid = 1 

Kernel Average Power Data:
kernel_avg_power = 105.736
gpu_avg_IBP, = 0.116997
gpu_avg_ICP, = 0
gpu_avg_DCP, = 2.75065
gpu_avg_TCP, = 0
gpu_avg_CCP, = 0
gpu_avg_SHRDP, = 0
gpu_avg_RFP, = 5.28799
gpu_avg_INTP, = 1.837
gpu_avg_FPUP, = 0.265023
gpu_avg_DPUP, = 0
gpu_avg_INT_MUL24P, = 0
gpu_avg_INT_MUL32P, = 2.05274
gpu_avg_INT_MULP, = 0
gpu_avg_INT_DIVP, = 0
gpu_avg_FP_MULP, = 0
gpu_avg_FP_DIVP, = 1.02597
gpu_avg_FP_SQRTP, = 0
gpu_avg_FP_LGP, = 0
gpu_avg_FP_SINP, = 0
gpu_avg_FP_EXP, = 0
gpu_avg_DP_MULP, = 0
gpu_avg_DP_DIVP, = 0
gpu_avg_TENSORP, = 0
gpu_avg_TEXP, = 0
gpu_avg_SCHEDP, = 0.330176
gpu_avg_L2CP, = 0.460671
gpu_avg_MCP, = 1.90387
gpu_avg_NOCP, = 1.71333
gpu_avg_DRAMP, = 17.0031
gpu_avg_PIPEP, = 0.298229
gpu_avg_IDLE_COREP, = 0.0718643
gpu_avg_CONSTP = 32.3252
gpu_avg_STATICP = 38.2929
gpu_avg_TOT_INST, = 14581
gpu_avg_FP_INT, = 13973.4
gpu_avg_IC_H, = 0
gpu_avg_IC_M, = 0
gpu_avg_DC_RH, = 0
gpu_avg_DC_RM, = 4860.6
gpu_avg_DC_WH, = 0
gpu_avg_DC_WM, = 2429.14
gpu_avg_TC_H, = 0
gpu_avg_TC_M, = 0
gpu_avg_CC_H, = 0
gpu_avg_CC_M, = 0
gpu_avg_SHRD_ACC, = 0
gpu_avg_REG_RD, = 427682
gpu_avg_REG_WR, = 427058
gpu_avg_NON_REG_OPs, = 194426
gpu_avg_INT_ACC, = 2.91376e+06
gpu_avg_FPU_ACC, = 10298.1
gpu_avg_DPU_ACC, = 0
gpu_avg_INT_MUL24_ACC, = 0
gpu_avg_INT_MUL32_ACC, = 38885.2
gpu_avg_INT_MUL_ACC, = 0
gpu_avg_INT_DIV_ACC, = 0
gpu_avg_FP_MUL_ACC, = 0
gpu_avg_FP_DIV_ACC, = 19435
gpu_avg_FP_SQRT_ACC, = 0
gpu_avg_FP_LG_ACC, = 0
gpu_avg_FP_SIN_ACC, = 0
gpu_avg_FP_EXP_ACC, = 0
gpu_avg_DP_MUL_ACC, = 0
gpu_avg_DP_DIV_ACC, = 0
gpu_avg_TENSOR_ACC, = 0
gpu_avg_TEX_ACC, = 0
gpu_avg_MEM_RD, = 4859.8
gpu_avg_MEM_WR, = 2370.76
gpu_avg_MEM_PRE, = 138.306
gpu_avg_L2_RH, = 0
gpu_avg_L2_RM, = 4860.11
gpu_avg_L2_WH, = 0
gpu_avg_L2_WM, = 2428.53
gpu_avg_NOC_A, = 14578
gpu_avg_PIPE_A, = 0.0582202
gpu_avg_IDLE_CORE_N, = 0.254125
gpu_avg_constant_power = 0
gpu_avg_threads_per_warp = 31.7306
gpu_tot_TOT_INST, = 8.66109e+06
gpu_tot_FP_INT, = 8.30019e+06
gpu_tot_IC_H, = 0
gpu_tot_IC_M, = 0
gpu_tot_DC_RH, = 0
gpu_tot_DC_RM, = 2.8872e+06
gpu_tot_DC_WH, = 0
gpu_tot_DC_WM, = 1.44291e+06
gpu_tot_TC_H, = 0
gpu_tot_TC_M, = 0
gpu_tot_CC_H, = 0
gpu_tot_CC_M, = 0
gpu_tot_SHRD_ACC, = 0
gpu_tot_REG_RD, = 2.54043e+08
gpu_tot_REG_WR, = 2.53673e+08
gpu_tot_NON_REG_OPs, = 1.15489e+08
gpu_tot_INT_ACC, = 1.73078e+09
gpu_tot_FPU_ACC, = 6.11709e+06
gpu_tot_DPU_ACC, = 0
gpu_tot_INT_MUL24_ACC, = 0
gpu_tot_INT_MUL32_ACC, = 2.30978e+07
gpu_tot_INT_MUL_ACC, = 0
gpu_tot_INT_DIV_ACC, = 0
gpu_tot_FP_MUL_ACC, = 0
gpu_tot_FP_DIV_ACC, = 1.15444e+07
gpu_tot_FP_SQRT_ACC, = 0
gpu_tot_FP_LG_ACC, = 0
gpu_tot_FP_SIN_ACC, = 0
gpu_tot_FP_EXP_ACC, = 0
gpu_tot_DP_MUL_ACC, = 0
gpu_tot_DP_DIV_ACC, = 0
gpu_tot_TENSOR_ACC, = 0
gpu_tot_TEX_ACC, = 0
gpu_tot_MEM_RD, = 2.88672e+06
gpu_tot_MEM_WR, = 1.40823e+06
gpu_tot_MEM_PRE, = 82154
gpu_tot_L2_RH, = 0
gpu_tot_L2_RM, = 2.8869e+06
gpu_tot_L2_WH, = 0
gpu_tot_L2_WM, = 1.44255e+06
gpu_tot_NOC_A, = 8.65934e+06
gpu_tot_PIPE_A, = 34.5828
gpu_tot_IDLE_CORE_N, = 150.95
gpu_tot_constant_power = 0

Kernel Maximum Power Data:
kernel_max_power = 110.469
gpu_max_IBP, = 0.152856
gpu_max_ICP, = 0
gpu_max_DCP, = 3.17091
gpu_max_TCP, = 0
gpu_max_CCP, = 0
gpu_max_SHRDP, = 0
gpu_max_RFP, = 6.83476
gpu_max_INTP, = 2.42259
gpu_max_FPUP, = 0.286144
gpu_max_DPUP, = 0
gpu_max_INT_MUL24P, = 0
gpu_max_INT_MUL32P, = 2.80927
gpu_max_INT_MULP, = 0
gpu_max_INT_DIVP, = 0
gpu_max_FP_MULP, = 0
gpu_max_FP_DIVP, = 1.17743
gpu_max_FP_SQRTP, = 0
gpu_max_FP_LGP, = 0
gpu_max_FP_SINP, = 0
gpu_max_FP_EXP, = 0
gpu_max_DP_MULP, = 0
gpu_max_DP_DIVP, = 0
gpu_max_TENSORP, = 0
gpu_max_TEXP, = 0
gpu_max_SCHEDP, = 0.434631
gpu_max_L2CP, = 0.577177
gpu_max_MCP, = 1.99657
gpu_max_NOCP, = 1.98211
gpu_max_DRAMP, = 17.2968
gpu_max_PIPEP, = 0.382133
gpu_max_IDLE_COREP, = 0
gpu_max_CONSTP = 32.3252
gpu_max_STATICP = 38.6201
gpu_max_TOT_INST, = 19050
gpu_max_FP_INT, = 18394
gpu_max_IC_H, = 0
gpu_max_IC_M, = 0
gpu_max_DC_RH, = 0
gpu_max_DC_RM, = 5617
gpu_max_DC_WH, = 0
gpu_max_DC_WM, = 2786
gpu_max_TC_H, = 0
gpu_max_TC_M, = 0
gpu_max_CC_H, = 0
gpu_max_CC_M, = 0
gpu_max_SHRD_ACC, = 0
gpu_max_REG_RD, = 541248
gpu_max_REG_WR, = 523936
gpu_max_NON_REG_OPs, = 260416
gpu_max_INT_ACC, = 3.8426e+06
gpu_max_FPU_ACC, = 11118.8
gpu_max_DPU_ACC, = 0
gpu_max_INT_MUL24_ACC, = 0
gpu_max_INT_MUL32_ACC, = 53216
gpu_max_INT_MUL_ACC, = 0
gpu_max_INT_DIV_ACC, = 0
gpu_max_FP_MUL_ACC, = 0
gpu_max_FP_DIV_ACC, = 22304
gpu_max_FP_SQRT_ACC, = 0
gpu_max_FP_LG_ACC, = 0
gpu_max_FP_SIN_ACC, = 0
gpu_max_FP_EXP_ACC, = 0
gpu_max_DP_MUL_ACC, = 0
gpu_max_DP_DIV_ACC, = 0
gpu_max_TENSOR_ACC, = 0
gpu_max_TEX_ACC, = 0
gpu_max_MEM_RD, = 5405
gpu_max_MEM_WR, = 1598
gpu_max_MEM_PRE, = 82
gpu_max_L2_RH, = 0
gpu_max_L2_RM, = 5414
gpu_max_L2_WH, = 0
gpu_max_L2_WM, = 3066
gpu_max_NOC_A, = 16865
gpu_max_PIPE_A, = 0.0746
gpu_max_IDLE_CORE_N, = 0
gpu_max_constant_power = 0

Kernel Minimum Power Data:
kernel_min_power = 41.3592
gpu_min_IBP, = 0
gpu_min_ICP, = 0
gpu_min_DCP, = 0
gpu_min_TCP, = 0
gpu_min_CCP, = 0
gpu_min_SHRDP, = 0
gpu_min_RFP, = 0
gpu_min_INTP, = 0
gpu_min_FPUP, = 0
gpu_min_DPUP, = 0
gpu_min_INT_MUL24P, = 0
gpu_min_INT_MUL32P, = 0
gpu_min_INT_MULP, = 0
gpu_min_INT_DIVP, = 0
gpu_min_FP_MULP, = 0
gpu_min_FP_DIVP, = 0
gpu_min_FP_SQRTP, = 0
gpu_min_FP_LGP, = 0
gpu_min_FP_SINP, = 0
gpu_min_FP_EXP, = 0
gpu_min_DP_MULP, = 0
gpu_min_DP_DIVP, = 0
gpu_min_TENSORP, = 0
gpu_min_TEXP, = 0
gpu_min_SCHEDP, = 0
gpu_min_L2CP, = 0
gpu_min_MCP, = 0.55022
gpu_min_NOCP, = 0
gpu_min_DRAMP, = 0
gpu_min_PIPEP, = 0
gpu_min_IDLE_COREP, = 8.48375
gpu_min_CONSTP = 32.3252
gpu_min_STATICP = 0
gpu_min_TOT_INST, = 0
gpu_min_FP_INT, = 0
gpu_min_IC_H, = 0
gpu_min_IC_M, = 0
gpu_min_DC_RH, = 0
gpu_min_DC_RM, = 0
gpu_min_DC_WH, = 0
gpu_min_DC_WM, = 0
gpu_min_TC_H, = 0
gpu_min_TC_M, = 0
gpu_min_CC_H, = 0
gpu_min_CC_M, = 0
gpu_min_SHRD_ACC, = 0
gpu_min_REG_RD, = 0
gpu_min_REG_WR, = 0
gpu_min_NON_REG_OPs, = 0
gpu_min_INT_ACC, = 0
gpu_min_FPU_ACC, = 0
gpu_min_DPU_ACC, = 0
gpu_min_INT_MUL24_ACC, = 0
gpu_min_INT_MUL32_ACC, = 0
gpu_min_INT_MUL_ACC, = 0
gpu_min_INT_DIV_ACC, = 0
gpu_min_FP_MUL_ACC, = 0
gpu_min_FP_DIV_ACC, = 0
gpu_min_FP_SQRT_ACC, = 0
gpu_min_FP_LG_ACC, = 0
gpu_min_FP_SIN_ACC, = 0
gpu_min_FP_EXP_ACC, = 0
gpu_min_DP_MUL_ACC, = 0
gpu_min_DP_DIV_ACC, = 0
gpu_min_TENSOR_ACC, = 0
gpu_min_TEX_ACC, = 0
gpu_min_MEM_RD, = 0
gpu_min_MEM_WR, = 0
gpu_min_MEM_PRE, = 0
gpu_min_L2_RH, = 0
gpu_min_L2_RM, = 0
gpu_min_L2_WH, = 0
gpu_min_L2_WM, = 0
gpu_min_NOC_A, = 0
gpu_min_PIPE_A, = 0
gpu_min_IDLE_CORE_N, = 30
gpu_min_constant_power = 0

Accumulative Power Statistics Over Previous Kernels:
gpu_tot_avg_power = 105.736
gpu_tot_max_power = 110.469
gpu_tot_min_power = 41.3592


kernel_name = _Z9pull_stepiPKmPKiPfS3_ 
kernel_launch_uid = 2 

Kernel Average Power Data:
kernel_avg_power = 103.253
gpu_avg_IBP, = 0.144547
gpu_avg_ICP, = 0
gpu_avg_DCP, = 4.17571
gpu_avg_TCP, = 0
gpu_avg_CCP, = 0
gpu_avg_SHRDP, = 0
gpu_avg_RFP, = 7.58258
gpu_avg_INTP, = 2.08378
gpu_avg_FPUP, = 0.420338
gpu_avg_DPUP, = 0
gpu_avg_INT_MUL24P, = 0
gpu_avg_INT_MUL32P, = 2.72427
gpu_avg_INT_MULP, = 0
gpu_avg_INT_DIVP, = 0
gpu_avg_FP_MULP, = 0
gpu_avg_FP_DIVP, = 0.000170169
gpu_avg_FP_SQRTP, = 0
gpu_avg_FP_LGP, = 0
gpu_avg_FP_SINP, = 0
gpu_avg_FP_EXP, = 0
gpu_avg_DP_MULP, = 0
gpu_avg_DP_DIVP, = 0
gpu_avg_TENSORP, = 0
gpu_avg_TEXP, = 0
gpu_avg_SCHEDP, = 0.402398
gpu_avg_L2CP, = 0.253554
gpu_avg_MCP, = 1.73387
gpu_avg_NOCP, = 1.55984
gpu_avg_DRAMP, = 16.5264
gpu_avg_PIPEP, = 0.353032
gpu_avg_IDLE_COREP, = 0.0304377
gpu_avg_CONSTP = 32.3252
gpu_avg_STATICP = 32.9364
gpu_avg_TOT_INST, = 18014.4
gpu_avg_FP_INT, = 17029.9
gpu_avg_IC_H, = 0
gpu_avg_IC_M, = 0
gpu_avg_DC_RH, = 4372.39
gpu_avg_DC_RM, = 2833.07
gpu_avg_DC_WH, = 0
gpu_avg_DC_WM, = 1048.11
gpu_avg_TC_H, = 0
gpu_avg_TC_M, = 0
gpu_avg_CC_H, = 0
gpu_avg_CC_M, = 0
gpu_avg_SHRD_ACC, = 0
gpu_avg_REG_RD, = 512811
gpu_avg_REG_WR, = 619810
gpu_avg_NON_REG_OPs, = 302965
gpu_avg_INT_ACC, = 3.3052e+06
gpu_avg_FPU_ACC, = 16333.3
gpu_avg_DPU_ACC, = 0
gpu_avg_INT_MUL24_ACC, = 0
gpu_avg_INT_MUL32_ACC, = 51605.9
gpu_avg_INT_MUL_ACC, = 0
gpu_avg_INT_DIV_ACC, = 0
gpu_avg_FP_MUL_ACC, = 0
gpu_avg_FP_DIV_ACC, = 3.22351
gpu_avg_FP_SQRT_ACC, = 0
gpu_avg_FP_LG_ACC, = 0
gpu_avg_FP_SIN_ACC, = 0
gpu_avg_FP_EXP_ACC, = 0
gpu_avg_DP_MUL_ACC, = 0
gpu_avg_DP_DIV_ACC, = 0
gpu_avg_TENSOR_ACC, = 0
gpu_avg_TEX_ACC, = 0
gpu_avg_MEM_RD, = 5208.1
gpu_avg_MEM_WR, = 1057.41
gpu_avg_MEM_PRE, = 1387.12
gpu_avg_L2_RH, = 379.851
gpu_avg_L2_RM, = 5207.96
gpu_avg_L2_WH, = 0
gpu_avg_L2_WM, = 1048.36
gpu_avg_NOC_A, = 13272.1
gpu_avg_PIPE_A, = 0.0689188
gpu_avg_IDLE_CORE_N, = 0.107633
gpu_avg_constant_power = 0
gpu_avg_threads_per_warp = 22.8108
gpu_tot_TOT_INST, = 2.48238e+07
gpu_tot_FP_INT, = 2.34672e+07
gpu_tot_IC_H, = 0
gpu_tot_IC_M, = 0
gpu_tot_DC_RH, = 6.02516e+06
gpu_tot_DC_RM, = 3.90397e+06
gpu_tot_DC_WH, = 0
gpu_tot_DC_WM, = 1.4443e+06
gpu_tot_TC_H, = 0
gpu_tot_TC_M, = 0
gpu_tot_CC_H, = 0
gpu_tot_CC_M, = 0
gpu_tot_SHRD_ACC, = 0
gpu_tot_REG_RD, = 7.06654e+08
gpu_tot_REG_WR, = 8.54098e+08
gpu_tot_NON_REG_OPs, = 4.17486e+08
gpu_tot_INT_ACC, = 4.55457e+09
gpu_tot_FPU_ACC, = 2.25072e+07
gpu_tot_DPU_ACC, = 0
gpu_tot_INT_MUL24_ACC, = 0
gpu_tot_INT_MUL32_ACC, = 7.11129e+07
gpu_tot_INT_MUL_ACC, = 0
gpu_tot_INT_DIV_ACC, = 0
gpu_tot_FP_MUL_ACC, = 0
gpu_tot_FP_DIV_ACC, = 4442
gpu_tot_FP_SQRT_ACC, = 0
gpu_tot_FP_LG_ACC, = 0
gpu_tot_FP_SIN_ACC, = 0
gpu_tot_FP_EXP_ACC, = 0
gpu_tot_DP_MUL_ACC, = 0
gpu_tot_DP_DIV_ACC, = 0
gpu_tot_TENSOR_ACC, = 0
gpu_tot_TEX_ACC, = 0
gpu_tot_MEM_RD, = 7.17676e+06
gpu_tot_MEM_WR, = 1.45711e+06
gpu_tot_MEM_PRE, = 1.91146e+06
gpu_tot_L2_RH, = 523435
gpu_tot_L2_RM, = 7.17657e+06
gpu_tot_L2_WH, = 0
gpu_tot_L2_WM, = 1.44464e+06
gpu_tot_NOC_A, = 1.82889e+07
gpu_tot_PIPE_A, = 94.9701
gpu_tot_IDLE_CORE_N, = 148.318
gpu_tot_constant_power = 0

Kernel Maximum Power Data:
kernel_max_power = 111.058
gpu_max_IBP, = 0.155135
gpu_max_ICP, = 0
gpu_max_DCP, = 4.64757
gpu_max_TCP, = 0
gpu_max_CCP, = 0
gpu_max_SHRDP, = 0
gpu_max_RFP, = 8.61488
gpu_max_INTP, = 2.39615
gpu_max_FPUP, = 0.547457
gpu_max_DPUP, = 0
gpu_max_INT_MUL24P, = 0
gpu_max_INT_MUL32P, = 3.32349
gpu_max_INT_MULP, = 0
gpu_max_INT_DIVP, = 0
gpu_max_FP_MULP, = 0
gpu_max_FP_DIVP, = 0
gpu_max_FP_SQRTP, = 0
gpu_max_FP_LGP, = 0
gpu_max_FP_SINP, = 0
gpu_max_FP_EXP, = 0
gpu_max_DP_MULP, = 0
gpu_max_DP_DIVP, = 0
gpu_max_TENSORP, = 0
gpu_max_TEXP, = 0
gpu_max_SCHEDP, = 0.435387
gpu_max_L2CP, = 0.166775
gpu_max_MCP, = 1.71317
gpu_max_NOCP, = 1.82968
gpu_max_DRAMP, = 19.1163
gpu_max_PIPEP, = 0.392421
gpu_max_IDLE_COREP, = 0
gpu_max_CONSTP = 32.3252
gpu_max_STATICP = 35.3939
gpu_max_TOT_INST, = 19334
gpu_max_FP_INT, = 18426
gpu_max_IC_H, = 0
gpu_max_IC_M, = 0
gpu_max_DC_RH, = 6243
gpu_max_DC_RM, = 1796
gpu_max_DC_WH, = 0
gpu_max_DC_WM, = 259
gpu_max_TC_H, = 0
gpu_max_TC_M, = 0
gpu_max_CC_H, = 0
gpu_max_CC_M, = 0
gpu_max_SHRD_ACC, = 0
gpu_max_REG_RD, = 512000
gpu_max_REG_WR, = 805280
gpu_max_NON_REG_OPs, = 340160
gpu_max_INT_ACC, = 3.80066e+06
gpu_max_FPU_ACC, = 21272.8
gpu_max_DPU_ACC, = 0
gpu_max_INT_MUL24_ACC, = 0
gpu_max_INT_MUL32_ACC, = 62957
gpu_max_INT_MUL_ACC, = 0
gpu_max_INT_DIV_ACC, = 0
gpu_max_FP_MUL_ACC, = 0
gpu_max_FP_DIV_ACC, = 0
gpu_max_FP_SQRT_ACC, = 0
gpu_max_FP_LG_ACC, = 0
gpu_max_FP_SIN_ACC, = 0
gpu_max_FP_EXP_ACC, = 0
gpu_max_DP_MUL_ACC, = 0
gpu_max_DP_DIV_ACC, = 0
gpu_max_TENSOR_ACC, = 0
gpu_max_TEX_ACC, = 0
gpu_max_MEM_RD, = 6557
gpu_max_MEM_WR, = 646
gpu_max_MEM_PRE, = 321
gpu_max_L2_RH, = 202
gpu_max_L2_RM, = 8005
gpu_max_L2_WH, = 0
gpu_max_L2_WM, = 557
gpu_max_NOC_A, = 15568
gpu_max_PIPE_A, = 0.0766083
gpu_max_IDLE_CORE_N, = 0
gpu_max_constant_power = 0

Kernel Minimum Power Data:
kernel_min_power = 41.3592
gpu_min_IBP, = 0
gpu_min_ICP, = 0
gpu_min_DCP, = 0
gpu_min_TCP, = 0
gpu_min_CCP, = 0
gpu_min_SHRDP, = 0
gpu_min_RFP, = 0
gpu_min_INTP, = 0
gpu_min_FPUP, = 0
gpu_min_DPUP, = 0
gpu_min_INT_MUL24P, = 0
gpu_min_INT_MUL32P, = 0
gpu_min_INT_MULP, = 0
gpu_min_INT_DIVP, = 0
gpu_min_FP_MULP, = 0
gpu_min_FP_DIVP, = 0
gpu_min_FP_SQRTP, = 0
gpu_min_FP_LGP, = 0
gpu_min_FP_SINP, = 0
gpu_min_FP_EXP, = 0
gpu_min_DP_MULP, = 0
gpu_min_DP_DIVP, = 0
gpu_min_TENSORP, = 0
gpu_min_TEXP, = 0
gpu_min_SCHEDP, = 0
gpu_min_L2CP, = 0
gpu_min_MCP, = 0.55022
gpu_min_NOCP, = 0
gpu_min_DRAMP, = 0
gpu_min_PIPEP, = 0
gpu_min_IDLE_COREP, = 8.48375
gpu_min_CONSTP = 32.3252
gpu_min_STATICP = 0
gpu_min_TOT_INST, = 0
gpu_min_FP_INT, = 0
gpu_min_IC_H, = 0
gpu_min_IC_M, = 0
gpu_min_DC_RH, = 0
gpu_min_DC_RM, = 0
gpu_min_DC_WH, = 0
gpu_min_DC_WM, = 0
gpu_min_TC_H, = 0
gpu_min_TC_M, = 0
gpu_min_CC_H, = 0
gpu_min_CC_M, = 0
gpu_min_SHRD_ACC, = 0
gpu_min_REG_RD, = 0
gpu_min_REG_WR, = 0
gpu_min_NON_REG_OPs, = 0
gpu_min_INT_ACC, = 0
gpu_min_FPU_ACC, = 0
gpu_min_DPU_ACC, = 0
gpu_min_INT_MUL24_ACC, = 0
gpu_min_INT_MUL32_ACC, = 0
gpu_min_INT_MUL_ACC, = 0
gpu_min_INT_DIV_ACC, = 0
gpu_min_FP_MUL_ACC, = 0
gpu_min_FP_DIV_ACC, = 0
gpu_min_FP_SQRT_ACC, = 0
gpu_min_FP_LG_ACC, = 0
gpu_min_FP_SIN_ACC, = 0
gpu_min_FP_EXP_ACC, = 0
gpu_min_DP_MUL_ACC, = 0
gpu_min_DP_DIV_ACC, = 0
gpu_min_TENSOR_ACC, = 0
gpu_min_TEX_ACC, = 0
gpu_min_MEM_RD, = 0
gpu_min_MEM_WR, = 0
gpu_min_MEM_PRE, = 0
gpu_min_L2_RH, = 0
gpu_min_L2_RM, = 0
gpu_min_L2_WH, = 0
gpu_min_L2_WM, = 0
gpu_min_NOC_A, = 0
gpu_min_PIPE_A, = 0
gpu_min_IDLE_CORE_N, = 30
gpu_min_constant_power = 0

Accumulative Power Statistics Over Previous Kernels:
gpu_tot_avg_power = 104.001
gpu_tot_max_power = 111.058
gpu_tot_min_power = 41.3592


