kernel_name = _Z20Convolution2D_kernelPfS_ 
kernel_launch_uid = 1 

Kernel Average Power Data:
kernel_avg_power = 107.526
gpu_avg_IBP, = 0.14939
gpu_avg_ICP, = 0
gpu_avg_DCP, = 9.65454
gpu_avg_TCP, = 0
gpu_avg_CCP, = 0
gpu_avg_SHRDP, = 0
gpu_avg_RFP, = 9.90111
gpu_avg_INTP, = 2.32494
gpu_avg_FPUP, = 0
gpu_avg_DPUP, = 0
gpu_avg_INT_MUL24P, = 0
gpu_avg_INT_MUL32P, = 2.73432
gpu_avg_INT_MULP, = 0
gpu_avg_INT_DIVP, = 0
gpu_avg_FP_MULP, = 0.550454
gpu_avg_FP_DIVP, = 0
gpu_avg_FP_SQRTP, = 0
gpu_avg_FP_LGP, = 0
gpu_avg_FP_SINP, = 0
gpu_avg_FP_EXP, = 0
gpu_avg_DP_MULP, = 0
gpu_avg_DP_DIVP, = 0
gpu_avg_TENSORP, = 0
gpu_avg_TEXP, = 0
gpu_avg_SCHEDP, = 0.411238
gpu_avg_L2CP, = 0.424149
gpu_avg_MCP, = 2.16534
gpu_avg_NOCP, = 1.07914
gpu_avg_DRAMP, = 6.90652
gpu_avg_PIPEP, = 0.397362
gpu_avg_IDLE_COREP, = 0.0331476
gpu_avg_CONSTP = 32.3252
gpu_avg_STATICP = 38.4692
gpu_avg_TOT_INST, = 18617.9
gpu_avg_FP_INT, = 17404
gpu_avg_IC_H, = 0
gpu_avg_IC_M, = 0
gpu_avg_DC_RH, = 14004
gpu_avg_DC_RM, = 1009.51
gpu_avg_DC_WH, = 0
gpu_avg_DC_WM, = 1618.54
gpu_avg_TC_H, = 0
gpu_avg_TC_M, = 0
gpu_avg_CC_H, = 0
gpu_avg_CC_M, = 0
gpu_avg_SHRD_ACC, = 0
gpu_avg_REG_RD, = 699319
gpu_avg_REG_WR, = 570798
gpu_avg_NON_REG_OPs, = 440342
gpu_avg_INT_ACC, = 3.68773e+06
gpu_avg_FPU_ACC, = 0
gpu_avg_DPU_ACC, = 0
gpu_avg_INT_MUL24_ACC, = 0
gpu_avg_INT_MUL32_ACC, = 51796.2
gpu_avg_INT_MUL_ACC, = 0
gpu_avg_INT_DIV_ACC, = 0
gpu_avg_FP_MUL_ACC, = 10427.2
gpu_avg_FP_DIV_ACC, = 0
gpu_avg_FP_SQRT_ACC, = 0
gpu_avg_FP_LG_ACC, = 0
gpu_avg_FP_SIN_ACC, = 0
gpu_avg_FP_EXP_ACC, = 0
gpu_avg_DP_MUL_ACC, = 0
gpu_avg_DP_DIV_ACC, = 0
gpu_avg_TENSOR_ACC, = 0
gpu_avg_TEX_ACC, = 0
gpu_avg_MEM_RD, = 1619.4
gpu_avg_MEM_WR, = 1580.59
gpu_avg_MEM_PRE, = 127.989
gpu_avg_L2_RH, = 1353.09
gpu_avg_L2_RM, = 1619.41
gpu_avg_L2_WH, = 0
gpu_avg_L2_WM, = 1618.46
gpu_avg_NOC_A, = 9182.01
gpu_avg_PIPE_A, = 0.0775729
gpu_avg_IDLE_CORE_N, = 0.117215
gpu_avg_constant_power = 0
gpu_avg_threads_per_warp = 31.8672
gpu_tot_TOT_INST, = 2.41102e+07
gpu_tot_FP_INT, = 2.25382e+07
gpu_tot_IC_H, = 0
gpu_tot_IC_M, = 0
gpu_tot_DC_RH, = 1.81352e+07
gpu_tot_DC_RM, = 1.30731e+06
gpu_tot_DC_WH, = 0
gpu_tot_DC_WM, = 2.09601e+06
gpu_tot_TC_H, = 0
gpu_tot_TC_M, = 0
gpu_tot_CC_H, = 0
gpu_tot_CC_M, = 0
gpu_tot_SHRD_ACC, = 0
gpu_tot_REG_RD, = 9.05619e+08
gpu_tot_REG_WR, = 7.39183e+08
gpu_tot_NON_REG_OPs, = 5.70243e+08
gpu_tot_INT_ACC, = 4.7756e+09
gpu_tot_FPU_ACC, = 0
gpu_tot_DPU_ACC, = 0
gpu_tot_INT_MUL24_ACC, = 0
gpu_tot_INT_MUL32_ACC, = 6.70761e+07
gpu_tot_INT_MUL_ACC, = 0
gpu_tot_INT_DIV_ACC, = 0
gpu_tot_FP_MUL_ACC, = 1.35033e+07
gpu_tot_FP_DIV_ACC, = 0
gpu_tot_FP_SQRT_ACC, = 0
gpu_tot_FP_LG_ACC, = 0
gpu_tot_FP_SIN_ACC, = 0
gpu_tot_FP_EXP_ACC, = 0
gpu_tot_DP_MUL_ACC, = 0
gpu_tot_DP_DIV_ACC, = 0
gpu_tot_TENSOR_ACC, = 0
gpu_tot_TEX_ACC, = 0
gpu_tot_MEM_RD, = 2.09713e+06
gpu_tot_MEM_WR, = 2.04686e+06
gpu_tot_MEM_PRE, = 165746
gpu_tot_L2_RH, = 1.75225e+06
gpu_tot_L2_RM, = 2.09714e+06
gpu_tot_L2_WH, = 0
gpu_tot_L2_WM, = 2.09591e+06
gpu_tot_NOC_A, = 1.18907e+07
gpu_tot_PIPE_A, = 100.457
gpu_tot_IDLE_CORE_N, = 151.794
gpu_tot_constant_power = 0

Kernel Maximum Power Data:
kernel_max_power = 123.286
gpu_max_IBP, = 0.200615
gpu_max_ICP, = 0
gpu_max_DCP, = 16.8715
gpu_max_TCP, = 0
gpu_max_CCP, = 0
gpu_max_SHRDP, = 0
gpu_max_RFP, = 14.2144
gpu_max_INTP, = 2.4084
gpu_max_FPUP, = 0
gpu_max_DPUP, = 0
gpu_max_INT_MUL24P, = 0
gpu_max_INT_MUL32P, = 3.36251
gpu_max_INT_MULP, = 0
gpu_max_INT_DIVP, = 0
gpu_max_FP_MULP, = 1.03052
gpu_max_FP_DIVP, = 0
gpu_max_FP_SQRTP, = 0
gpu_max_FP_LGP, = 0
gpu_max_FP_SINP, = 0
gpu_max_FP_EXP, = 0
gpu_max_DP_MULP, = 0
gpu_max_DP_DIVP, = 0
gpu_max_TENSORP, = 0
gpu_max_TEXP, = 0
gpu_max_SCHEDP, = 0.542568
gpu_max_L2CP, = 0.439751
gpu_max_MCP, = 3.00653
gpu_max_NOCP, = 1.48791
gpu_max_DRAMP, = 8.22665
gpu_max_PIPEP, = 0.549317
gpu_max_IDLE_COREP, = 0
gpu_max_CONSTP = 32.3252
gpu_max_STATICP = 38.6201
gpu_max_TOT_INST, = 25002
gpu_max_FP_INT, = 22962
gpu_max_IC_H, = 0
gpu_max_IC_M, = 0
gpu_max_DC_RH, = 25301
gpu_max_DC_RM, = 1362
gpu_max_DC_WH, = 0
gpu_max_DC_WM, = 1852
gpu_max_TC_H, = 0
gpu_max_TC_M, = 0
gpu_max_CC_H, = 0
gpu_max_CC_M, = 0
gpu_max_SHRD_ACC, = 0
gpu_max_REG_RD, = 1.03222e+06
gpu_max_REG_WR, = 843136
gpu_max_NON_REG_OPs, = 619712
gpu_max_INT_ACC, = 3.82011e+06
gpu_max_FPU_ACC, = 0
gpu_max_DPU_ACC, = 0
gpu_max_INT_MUL24_ACC, = 0
gpu_max_INT_MUL32_ACC, = 63696
gpu_max_INT_MUL_ACC, = 0
gpu_max_INT_DIV_ACC, = 0
gpu_max_FP_MUL_ACC, = 19521.2
gpu_max_FP_DIV_ACC, = 0
gpu_max_FP_SQRT_ACC, = 0
gpu_max_FP_LG_ACC, = 0
gpu_max_FP_SIN_ACC, = 0
gpu_max_FP_EXP_ACC, = 0
gpu_max_DP_MUL_ACC, = 0
gpu_max_DP_DIV_ACC, = 0
gpu_max_TENSOR_ACC, = 0
gpu_max_TEX_ACC, = 0
gpu_max_MEM_RD, = 2987
gpu_max_MEM_WR, = 0
gpu_max_MEM_PRE, = 72
gpu_max_L2_RH, = 2583
gpu_max_L2_RM, = 2855
gpu_max_L2_WH, = 0
gpu_max_L2_WM, = 1013
gpu_max_NOC_A, = 12660
gpu_max_PIPE_A, = 0.107237
gpu_max_IDLE_CORE_N, = 0
gpu_max_constant_power = 0

Kernel Minimum Power Data:
kernel_min_power = 41.3592
gpu_min_IBP, = 0
gpu_min_ICP, = 0
gpu_min_DCP, = 0
gpu_min_TCP, = 0
gpu_min_CCP, = 0
gpu_min_SHRDP, = 0
gpu_min_RFP, = 0
gpu_min_INTP, = 0
gpu_min_FPUP, = 0
gpu_min_DPUP, = 0
gpu_min_INT_MUL24P, = 0
gpu_min_INT_MUL32P, = 0
gpu_min_INT_MULP, = 0
gpu_min_INT_DIVP, = 0
gpu_min_FP_MULP, = 0
gpu_min_FP_DIVP, = 0
gpu_min_FP_SQRTP, = 0
gpu_min_FP_LGP, = 0
gpu_min_FP_SINP, = 0
gpu_min_FP_EXP, = 0
gpu_min_DP_MULP, = 0
gpu_min_DP_DIVP, = 0
gpu_min_TENSORP, = 0
gpu_min_TEXP, = 0
gpu_min_SCHEDP, = 0
gpu_min_L2CP, = 0
gpu_min_MCP, = 0.55022
gpu_min_NOCP, = 0
gpu_min_DRAMP, = 0
gpu_min_PIPEP, = 0
gpu_min_IDLE_COREP, = 8.48375
gpu_min_CONSTP = 32.3252
gpu_min_STATICP = 0
gpu_min_TOT_INST, = 0
gpu_min_FP_INT, = 0
gpu_min_IC_H, = 0
gpu_min_IC_M, = 0
gpu_min_DC_RH, = 0
gpu_min_DC_RM, = 0
gpu_min_DC_WH, = 0
gpu_min_DC_WM, = 0
gpu_min_TC_H, = 0
gpu_min_TC_M, = 0
gpu_min_CC_H, = 0
gpu_min_CC_M, = 0
gpu_min_SHRD_ACC, = 0
gpu_min_REG_RD, = 0
gpu_min_REG_WR, = 0
gpu_min_NON_REG_OPs, = 0
gpu_min_INT_ACC, = 0
gpu_min_FPU_ACC, = 0
gpu_min_DPU_ACC, = 0
gpu_min_INT_MUL24_ACC, = 0
gpu_min_INT_MUL32_ACC, = 0
gpu_min_INT_MUL_ACC, = 0
gpu_min_INT_DIV_ACC, = 0
gpu_min_FP_MUL_ACC, = 0
gpu_min_FP_DIV_ACC, = 0
gpu_min_FP_SQRT_ACC, = 0
gpu_min_FP_LG_ACC, = 0
gpu_min_FP_SIN_ACC, = 0
gpu_min_FP_EXP_ACC, = 0
gpu_min_DP_MUL_ACC, = 0
gpu_min_DP_DIV_ACC, = 0
gpu_min_TENSOR_ACC, = 0
gpu_min_TEX_ACC, = 0
gpu_min_MEM_RD, = 0
gpu_min_MEM_WR, = 0
gpu_min_MEM_PRE, = 0
gpu_min_L2_RH, = 0
gpu_min_L2_RM, = 0
gpu_min_L2_WH, = 0
gpu_min_L2_WM, = 0
gpu_min_NOC_A, = 0
gpu_min_PIPE_A, = 0
gpu_min_IDLE_CORE_N, = 30
gpu_min_constant_power = 0

Accumulative Power Statistics Over Previous Kernels:
gpu_tot_avg_power = 107.526
gpu_tot_max_power = 123.286
gpu_tot_min_power = 41.3592


