kernel_name = _Z9spmv_warpiPKmPKiPKfS4_Pf 
kernel_launch_uid = 1 

Kernel Average Power Data:
kernel_avg_power = 72.6534
gpu_avg_IBP, = 0.0745266
gpu_avg_ICP, = 0
gpu_avg_DCP, = 2.05625
gpu_avg_TCP, = 0
gpu_avg_CCP, = 0
gpu_avg_SHRDP, = 0.292646
gpu_avg_RFP, = 3.58039
gpu_avg_INTP, = 0.553883
gpu_avg_FPUP, = 0.385504
gpu_avg_DPUP, = 0
gpu_avg_INT_MUL24P, = 0
gpu_avg_INT_MUL32P, = 0.765641
gpu_avg_INT_MULP, = 0
gpu_avg_INT_DIVP, = 0
gpu_avg_FP_MULP, = 0.0232369
gpu_avg_FP_DIVP, = 0
gpu_avg_FP_SQRTP, = 0
gpu_avg_FP_LGP, = 0
gpu_avg_FP_SINP, = 0
gpu_avg_FP_EXP, = 0
gpu_avg_DP_MULP, = 0
gpu_avg_DP_DIVP, = 0
gpu_avg_TENSORP, = 0
gpu_avg_TEXP, = 0
gpu_avg_SCHEDP, = 0.193534
gpu_avg_L2CP, = 0.351733
gpu_avg_MCP, = 1.02177
gpu_avg_NOCP, = 1.07203
gpu_avg_DRAMP, = 3.79095
gpu_avg_PIPEP, = 0.187865
gpu_avg_IDLE_COREP, = 1.84343
gpu_avg_CONSTP = 32.3252
gpu_avg_STATICP = 24.1348
gpu_avg_TOT_INST, = 9288
gpu_avg_FP_INT, = 8190.55
gpu_avg_IC_H, = 0
gpu_avg_IC_M, = 0
gpu_avg_DC_RH, = 894.83
gpu_avg_DC_RM, = 3918.92
gpu_avg_DC_WH, = 126.801
gpu_avg_DC_WM, = 0.10756
gpu_avg_TC_H, = 0
gpu_avg_TC_M, = 0
gpu_avg_CC_H, = 0
gpu_avg_CC_M, = 0
gpu_avg_SHRD_ACC, = 1903.93
gpu_avg_REG_RD, = 346569
gpu_avg_REG_WR, = 324150
gpu_avg_NON_REG_OPs, = 109317
gpu_avg_INT_ACC, = 878546
gpu_avg_FPU_ACC, = 14979.7
gpu_avg_DPU_ACC, = 0
gpu_avg_INT_MUL24_ACC, = 0
gpu_avg_INT_MUL32_ACC, = 14503.5
gpu_avg_INT_MUL_ACC, = 0
gpu_avg_INT_DIV_ACC, = 0
gpu_avg_FP_MUL_ACC, = 440.176
gpu_avg_FP_DIV_ACC, = 0
gpu_avg_FP_SQRT_ACC, = 0
gpu_avg_FP_LG_ACC, = 0
gpu_avg_FP_SIN_ACC, = 0
gpu_avg_FP_EXP_ACC, = 0
gpu_avg_DP_MUL_ACC, = 0
gpu_avg_DP_DIV_ACC, = 0
gpu_avg_TENSOR_ACC, = 0
gpu_avg_TEX_ACC, = 0
gpu_avg_MEM_RD, = 1268.08
gpu_avg_MEM_WR, = 15.1823
gpu_avg_MEM_PRE, = 636.911
gpu_avg_L2_RH, = 3165.76
gpu_avg_L2_RM, = 1268.08
gpu_avg_L2_WH, = 126.909
gpu_avg_L2_WM, = 0
gpu_avg_NOC_A, = 9121.48
gpu_avg_PIPE_A, = 0.036675
gpu_avg_IDLE_CORE_N, = 6.51868
gpu_avg_constant_power = 0
gpu_avg_threads_per_warp = 18.3863
gpu_tot_TOT_INST, = 3.34182e+07
gpu_tot_FP_INT, = 2.94696e+07
gpu_tot_IC_H, = 0
gpu_tot_IC_M, = 0
gpu_tot_DC_RH, = 3.2196e+06
gpu_tot_DC_RM, = 1.41003e+07
gpu_tot_DC_WH, = 456230
gpu_tot_DC_WM, = 387
gpu_tot_TC_H, = 0
gpu_tot_TC_M, = 0
gpu_tot_CC_H, = 0
gpu_tot_CC_M, = 0
gpu_tot_SHRD_ACC, = 6.85035e+06
gpu_tot_REG_RD, = 1.24696e+09
gpu_tot_REG_WR, = 1.16629e+09
gpu_tot_NON_REG_OPs, = 3.93321e+08
gpu_tot_INT_ACC, = 3.16101e+09
gpu_tot_FPU_ACC, = 5.3897e+07
gpu_tot_DPU_ACC, = 0
gpu_tot_INT_MUL24_ACC, = 0
gpu_tot_INT_MUL32_ACC, = 5.21837e+07
gpu_tot_INT_MUL_ACC, = 0
gpu_tot_INT_DIV_ACC, = 0
gpu_tot_FP_MUL_ACC, = 1.58375e+06
gpu_tot_FP_DIV_ACC, = 0
gpu_tot_FP_SQRT_ACC, = 0
gpu_tot_FP_LG_ACC, = 0
gpu_tot_FP_SIN_ACC, = 0
gpu_tot_FP_EXP_ACC, = 0
gpu_tot_DP_MUL_ACC, = 0
gpu_tot_DP_DIV_ACC, = 0
gpu_tot_TENSOR_ACC, = 0
gpu_tot_TEX_ACC, = 0
gpu_tot_MEM_RD, = 4.56254e+06
gpu_tot_MEM_WR, = 54626
gpu_tot_MEM_PRE, = 2.2916e+06
gpu_tot_L2_RH, = 1.13904e+07
gpu_tot_L2_RM, = 4.56254e+06
gpu_tot_L2_WH, = 456618
gpu_tot_L2_WM, = 0
gpu_tot_NOC_A, = 3.28191e+07
gpu_tot_PIPE_A, = 131.957
gpu_tot_IDLE_CORE_N, = 23454.2
gpu_tot_constant_power = 0

Kernel Maximum Power Data:
kernel_max_power = 105.661
gpu_max_IBP, = 0.033813
gpu_max_ICP, = 0
gpu_max_DCP, = 8.08455
gpu_max_TCP, = 0
gpu_max_CCP, = 0
gpu_max_SHRDP, = 0.00245929
gpu_max_RFP, = 3.37774
gpu_max_INTP, = 0.30859
gpu_max_FPUP, = 0
gpu_max_DPUP, = 0
gpu_max_INT_MUL24P, = 0
gpu_max_INT_MUL32P, = 0.906825
gpu_max_INT_MULP, = 0
gpu_max_INT_DIVP, = 0
gpu_max_FP_MULP, = 0.0839427
gpu_max_FP_DIVP, = 0
gpu_max_FP_SQRTP, = 0
gpu_max_FP_LGP, = 0
gpu_max_FP_SINP, = 0
gpu_max_FP_EXP, = 0
gpu_max_DP_MULP, = 0
gpu_max_DP_DIVP, = 0
gpu_max_TENSORP, = 0
gpu_max_TEXP, = 0
gpu_max_SCHEDP, = 0.0890102
gpu_max_L2CP, = 0.968726
gpu_max_MCP, = 2.40227
gpu_max_NOCP, = 3.61446
gpu_max_DRAMP, = 15.4037
gpu_max_PIPEP, = 0.0849679
gpu_max_IDLE_COREP, = 0
gpu_max_CONSTP = 32.3252
gpu_max_STATICP = 37.9748
gpu_max_TOT_INST, = 4214
gpu_max_FP_INT, = 3767
gpu_max_IC_H, = 0
gpu_max_IC_M, = 0
gpu_max_DC_RH, = 3754
gpu_max_DC_RM, = 15084
gpu_max_DC_WH, = 0
gpu_max_DC_WM, = 0
gpu_max_TC_H, = 0
gpu_max_TC_M, = 0
gpu_max_CC_H, = 0
gpu_max_CC_M, = 0
gpu_max_SHRD_ACC, = 16
gpu_max_REG_RD, = 181152
gpu_max_REG_WR, = 570528
gpu_max_NON_REG_OPs, = 82464
gpu_max_INT_ACC, = 489472
gpu_max_FPU_ACC, = 0
gpu_max_DPU_ACC, = 0
gpu_max_INT_MUL24_ACC, = 0
gpu_max_INT_MUL32_ACC, = 17178
gpu_max_INT_MUL_ACC, = 0
gpu_max_INT_DIV_ACC, = 0
gpu_max_FP_MUL_ACC, = 1590.13
gpu_max_FP_DIV_ACC, = 0
gpu_max_FP_SQRT_ACC, = 0
gpu_max_FP_LG_ACC, = 0
gpu_max_FP_SIN_ACC, = 0
gpu_max_FP_EXP_ACC, = 0
gpu_max_DP_MUL_ACC, = 0
gpu_max_DP_DIV_ACC, = 0
gpu_max_TENSOR_ACC, = 0
gpu_max_TEX_ACC, = 0
gpu_max_MEM_RD, = 5203
gpu_max_MEM_WR, = 0
gpu_max_MEM_PRE, = 2490
gpu_max_L2_RH, = 9993
gpu_max_L2_RM, = 4975
gpu_max_L2_WH, = 0
gpu_max_L2_WM, = 0
gpu_max_NOC_A, = 30754
gpu_max_PIPE_A, = 0.0165874
gpu_max_IDLE_CORE_N, = 0
gpu_max_constant_power = 0

Kernel Minimum Power Data:
kernel_min_power = 41.3592
gpu_min_IBP, = 0
gpu_min_ICP, = 0
gpu_min_DCP, = 0
gpu_min_TCP, = 0
gpu_min_CCP, = 0
gpu_min_SHRDP, = 0
gpu_min_RFP, = 0
gpu_min_INTP, = 0
gpu_min_FPUP, = 0
gpu_min_DPUP, = 0
gpu_min_INT_MUL24P, = 0
gpu_min_INT_MUL32P, = 0
gpu_min_INT_MULP, = 0
gpu_min_INT_DIVP, = 0
gpu_min_FP_MULP, = 0
gpu_min_FP_DIVP, = 0
gpu_min_FP_SQRTP, = 0
gpu_min_FP_LGP, = 0
gpu_min_FP_SINP, = 0
gpu_min_FP_EXP, = 0
gpu_min_DP_MULP, = 0
gpu_min_DP_DIVP, = 0
gpu_min_TENSORP, = 0
gpu_min_TEXP, = 0
gpu_min_SCHEDP, = 0
gpu_min_L2CP, = 0
gpu_min_MCP, = 0.55022
gpu_min_NOCP, = 0
gpu_min_DRAMP, = 0
gpu_min_PIPEP, = 0
gpu_min_IDLE_COREP, = 8.48375
gpu_min_CONSTP = 32.3252
gpu_min_STATICP = 0
gpu_min_TOT_INST, = 0
gpu_min_FP_INT, = 0
gpu_min_IC_H, = 0
gpu_min_IC_M, = 0
gpu_min_DC_RH, = 0
gpu_min_DC_RM, = 0
gpu_min_DC_WH, = 0
gpu_min_DC_WM, = 0
gpu_min_TC_H, = 0
gpu_min_TC_M, = 0
gpu_min_CC_H, = 0
gpu_min_CC_M, = 0
gpu_min_SHRD_ACC, = 0
gpu_min_REG_RD, = 0
gpu_min_REG_WR, = 0
gpu_min_NON_REG_OPs, = 0
gpu_min_INT_ACC, = 0
gpu_min_FPU_ACC, = 0
gpu_min_DPU_ACC, = 0
gpu_min_INT_MUL24_ACC, = 0
gpu_min_INT_MUL32_ACC, = 0
gpu_min_INT_MUL_ACC, = 0
gpu_min_INT_DIV_ACC, = 0
gpu_min_FP_MUL_ACC, = 0
gpu_min_FP_DIV_ACC, = 0
gpu_min_FP_SQRT_ACC, = 0
gpu_min_FP_LG_ACC, = 0
gpu_min_FP_SIN_ACC, = 0
gpu_min_FP_EXP_ACC, = 0
gpu_min_DP_MUL_ACC, = 0
gpu_min_DP_DIV_ACC, = 0
gpu_min_TENSOR_ACC, = 0
gpu_min_TEX_ACC, = 0
gpu_min_MEM_RD, = 0
gpu_min_MEM_WR, = 0
gpu_min_MEM_PRE, = 0
gpu_min_L2_RH, = 0
gpu_min_L2_RM, = 0
gpu_min_L2_WH, = 0
gpu_min_L2_WM, = 0
gpu_min_NOC_A, = 0
gpu_min_PIPE_A, = 0
gpu_min_IDLE_CORE_N, = 30
gpu_min_constant_power = 0

Accumulative Power Statistics Over Previous Kernels:
gpu_tot_avg_power = 72.6534
gpu_tot_max_power = 105.661
gpu_tot_min_power = 41.3592


